[2026-05-04T01:55:30.448+0300] {local_task_job_runner.py:123} INFO - ::group::Pre task execution logs
[2026-05-04T01:55:30.458+0300] {taskinstance.py:2631} INFO - Dependencies all met for dep_context=non-requeueable deps ti=<TaskInstance: dynamic_partition_creation.analyze_parent_table scheduled__2026-05-03T12:00:00+00:00 [queued]>
[2026-05-04T01:55:30.462+0300] {taskinstance.py:2631} INFO - Dependencies all met for dep_context=requeueable deps ti=<TaskInstance: dynamic_partition_creation.analyze_parent_table scheduled__2026-05-03T12:00:00+00:00 [queued]>
[2026-05-04T01:55:30.462+0300] {taskinstance.py:2884} INFO - Starting attempt 1 of 3
[2026-05-04T01:55:30.473+0300] {taskinstance.py:2907} INFO - Executing <Task(SQLExecuteQueryOperator): analyze_parent_table> on 2026-05-03 12:00:00+00:00
[2026-05-04T01:55:30.475+0300] {standard_task_runner.py:72} INFO - Started process 25110 to run task
[2026-05-04T01:55:30.478+0300] {standard_task_runner.py:104} INFO - Running: ['airflow', 'tasks', 'run', 'dynamic_partition_creation', 'analyze_parent_table', 'scheduled__2026-05-03T12:00:00+00:00', '--job-id', '7', '--raw', '--subdir', 'DAGS_FOLDER/partition_creation_dag.py', '--cfg-path', '/tmp/tmpkc4vgw8d']
[2026-05-04T01:55:30.479+0300] {standard_task_runner.py:105} INFO - Job 7: Subtask analyze_parent_table
[2026-05-04T01:55:30.509+0300] {task_command.py:467} INFO - Running <TaskInstance: dynamic_partition_creation.analyze_parent_table scheduled__2026-05-03T12:00:00+00:00 [running]> on host DESKTOP-6NU1733.localdomain
[2026-05-04T01:55:30.557+0300] {taskinstance.py:3157} INFO - Exporting env vars: AIRFLOW_CTX_DAG_OWNER='airflow' AIRFLOW_CTX_DAG_ID='dynamic_partition_creation' AIRFLOW_CTX_TASK_ID='analyze_parent_table' AIRFLOW_CTX_EXECUTION_DATE='2026-05-03T12:00:00+00:00' AIRFLOW_CTX_TRY_NUMBER='1' AIRFLOW_CTX_DAG_RUN_ID='scheduled__2026-05-03T12:00:00+00:00'
[2026-05-04T01:55:30.558+0300] {taskinstance.py:740} INFO - ::endgroup::
[2026-05-04T01:55:30.569+0300] {sql.py:306} INFO - Executing: ANALYZE public.trains_with_partition;
[2026-05-04T01:55:30.576+0300] {base.py:84} INFO - Retrieving connection 'postgres_default'
[2026-05-04T01:55:30.591+0300] {base.py:84} INFO - Retrieving connection 'postgres_default'
[2026-05-04T01:55:30.603+0300] {sql.py:814} INFO - Running statement: ANALYZE public.trains_with_partition;, parameters: None
[2026-05-04T01:55:31.242+0300] {taskinstance.py:349} INFO - ::group::Post task execution logs
[2026-05-04T01:55:31.242+0300] {taskinstance.py:361} INFO - Marking task as SUCCESS. dag_id=dynamic_partition_creation, task_id=analyze_parent_table, run_id=scheduled__2026-05-03T12:00:00+00:00, execution_date=20260503T120000, start_date=20260503T225530, end_date=20260503T225531
[2026-05-04T01:55:31.292+0300] {local_task_job_runner.py:266} INFO - Task exited with return code 0
[2026-05-04T01:55:31.304+0300] {taskinstance.py:3924} INFO - 1 downstream tasks scheduled from follow-on schedule check
[2026-05-04T01:55:31.309+0300] {local_task_job_runner.py:245} INFO - ::endgroup::
