[2026-05-04T01:55:42.868+0300] {local_task_job_runner.py:123} INFO - ::group::Pre task execution logs
[2026-05-04T01:55:42.877+0300] {taskinstance.py:2631} INFO - Dependencies all met for dep_context=non-requeueable deps ti=<TaskInstance: dynamic_partition_creation.analyze_parent_table manual__2026-05-03T22:55:23.229259+00:00 [queued]>
[2026-05-04T01:55:42.882+0300] {taskinstance.py:2631} INFO - Dependencies all met for dep_context=requeueable deps ti=<TaskInstance: dynamic_partition_creation.analyze_parent_table manual__2026-05-03T22:55:23.229259+00:00 [queued]>
[2026-05-04T01:55:42.882+0300] {taskinstance.py:2884} INFO - Starting attempt 1 of 3
[2026-05-04T01:55:42.893+0300] {taskinstance.py:2907} INFO - Executing <Task(SQLExecuteQueryOperator): analyze_parent_table> on 2026-05-03 22:55:23.229259+00:00
[2026-05-04T01:55:42.895+0300] {standard_task_runner.py:72} INFO - Started process 25172 to run task
[2026-05-04T01:55:42.899+0300] {standard_task_runner.py:104} INFO - Running: ['airflow', 'tasks', 'run', 'dynamic_partition_creation', 'analyze_parent_table', 'manual__2026-05-03T22:55:23.229259+00:00', '--job-id', '12', '--raw', '--subdir', 'DAGS_FOLDER/partition_creation_dag.py', '--cfg-path', '/tmp/tmprhfyuapn']
[2026-05-04T01:55:42.901+0300] {standard_task_runner.py:105} INFO - Job 12: Subtask analyze_parent_table
[2026-05-04T01:55:42.932+0300] {task_command.py:467} INFO - Running <TaskInstance: dynamic_partition_creation.analyze_parent_table manual__2026-05-03T22:55:23.229259+00:00 [running]> on host DESKTOP-6NU1733.localdomain
[2026-05-04T01:55:42.981+0300] {taskinstance.py:3157} INFO - Exporting env vars: AIRFLOW_CTX_DAG_OWNER='airflow' AIRFLOW_CTX_DAG_ID='dynamic_partition_creation' AIRFLOW_CTX_TASK_ID='analyze_parent_table' AIRFLOW_CTX_EXECUTION_DATE='2026-05-03T22:55:23.229259+00:00' AIRFLOW_CTX_TRY_NUMBER='1' AIRFLOW_CTX_DAG_RUN_ID='manual__2026-05-03T22:55:23.229259+00:00'
[2026-05-04T01:55:42.982+0300] {taskinstance.py:740} INFO - ::endgroup::
[2026-05-04T01:55:42.992+0300] {sql.py:306} INFO - Executing: ANALYZE public.trains_with_partition;
[2026-05-04T01:55:42.999+0300] {base.py:84} INFO - Retrieving connection 'postgres_default'
[2026-05-04T01:55:43.014+0300] {base.py:84} INFO - Retrieving connection 'postgres_default'
[2026-05-04T01:55:43.025+0300] {sql.py:814} INFO - Running statement: ANALYZE public.trains_with_partition;, parameters: None
[2026-05-04T01:55:43.655+0300] {taskinstance.py:349} INFO - ::group::Post task execution logs
[2026-05-04T01:55:43.656+0300] {taskinstance.py:361} INFO - Marking task as SUCCESS. dag_id=dynamic_partition_creation, task_id=analyze_parent_table, run_id=manual__2026-05-03T22:55:23.229259+00:00, execution_date=20260503T225523, start_date=20260503T225542, end_date=20260503T225543
[2026-05-04T01:55:43.674+0300] {local_task_job_runner.py:266} INFO - Task exited with return code 0
[2026-05-04T01:55:43.686+0300] {taskinstance.py:3924} INFO - 1 downstream tasks scheduled from follow-on schedule check
[2026-05-04T01:55:43.690+0300] {local_task_job_runner.py:245} INFO - ::endgroup::
