[2026-05-04T01:58:02.698+0300] {local_task_job_runner.py:123} INFO - ::group::Pre task execution logs
[2026-05-04T01:58:02.708+0300] {taskinstance.py:2631} INFO - Dependencies all met for dep_context=non-requeueable deps ti=<TaskInstance: partition_maintenance.archive_old_partitions scheduled__2026-04-26T03:00:00+00:00 [queued]>
[2026-05-04T01:58:02.713+0300] {taskinstance.py:2631} INFO - Dependencies all met for dep_context=requeueable deps ti=<TaskInstance: partition_maintenance.archive_old_partitions scheduled__2026-04-26T03:00:00+00:00 [queued]>
[2026-05-04T01:58:02.713+0300] {taskinstance.py:2884} INFO - Starting attempt 1 of 2
[2026-05-04T01:58:02.724+0300] {taskinstance.py:2907} INFO - Executing <Task(SQLExecuteQueryOperator): archive_old_partitions> on 2026-04-26 03:00:00+00:00
[2026-05-04T01:58:02.727+0300] {standard_task_runner.py:72} INFO - Started process 25631 to run task
[2026-05-04T01:58:02.729+0300] {standard_task_runner.py:104} INFO - Running: ['airflow', 'tasks', 'run', 'partition_maintenance', 'archive_old_partitions', 'scheduled__2026-04-26T03:00:00+00:00', '--job-id', '20', '--raw', '--subdir', 'DAGS_FOLDER/partition_maintenance_dag.py', '--cfg-path', '/tmp/tmpgnk2uchk']
[2026-05-04T01:58:02.731+0300] {standard_task_runner.py:105} INFO - Job 20: Subtask archive_old_partitions
[2026-05-04T01:58:02.758+0300] {task_command.py:467} INFO - Running <TaskInstance: partition_maintenance.archive_old_partitions scheduled__2026-04-26T03:00:00+00:00 [running]> on host DESKTOP-6NU1733.localdomain
[2026-05-04T01:58:02.803+0300] {taskinstance.py:3157} INFO - Exporting env vars: AIRFLOW_CTX_DAG_OWNER='airflow' AIRFLOW_CTX_DAG_ID='partition_maintenance' AIRFLOW_CTX_TASK_ID='archive_old_partitions' AIRFLOW_CTX_EXECUTION_DATE='2026-04-26T03:00:00+00:00' AIRFLOW_CTX_TRY_NUMBER='1' AIRFLOW_CTX_DAG_RUN_ID='scheduled__2026-04-26T03:00:00+00:00'
[2026-05-04T01:58:02.804+0300] {taskinstance.py:740} INFO - ::endgroup::
[2026-05-04T01:58:02.813+0300] {sql.py:306} INFO - Executing: CALL public.archive_old_partitions(365);
[2026-05-04T01:58:02.818+0300] {base.py:84} INFO - Retrieving connection 'postgres_default'
[2026-05-04T01:58:02.833+0300] {base.py:84} INFO - Retrieving connection 'postgres_default'
[2026-05-04T01:58:02.843+0300] {sql.py:814} INFO - Running statement: CALL public.archive_old_partitions(365);, parameters: None
[2026-05-04T01:58:02.853+0300] {taskinstance.py:349} INFO - ::group::Post task execution logs
[2026-05-04T01:58:02.854+0300] {taskinstance.py:361} INFO - Marking task as SUCCESS. dag_id=partition_maintenance, task_id=archive_old_partitions, run_id=scheduled__2026-04-26T03:00:00+00:00, execution_date=20260426T030000, start_date=20260503T225802, end_date=20260503T225802
[2026-05-04T01:58:02.902+0300] {local_task_job_runner.py:266} INFO - Task exited with return code 0
[2026-05-04T01:58:02.914+0300] {taskinstance.py:3924} INFO - 1 downstream tasks scheduled from follow-on schedule check
[2026-05-04T01:58:02.919+0300] {local_task_job_runner.py:245} INFO - ::endgroup::
