[2026-05-04T01:58:10.732+0300] {local_task_job_runner.py:123} INFO - ::group::Pre task execution logs
[2026-05-04T01:58:10.742+0300] {taskinstance.py:2631} INFO - Dependencies all met for dep_context=non-requeueable deps ti=<TaskInstance: partition_maintenance.partition_health_check manual__2026-05-03T22:58:00.783312+00:00 [queued]>
[2026-05-04T01:58:10.745+0300] {taskinstance.py:2631} INFO - Dependencies all met for dep_context=requeueable deps ti=<TaskInstance: partition_maintenance.partition_health_check manual__2026-05-03T22:58:00.783312+00:00 [queued]>
[2026-05-04T01:58:10.746+0300] {taskinstance.py:2884} INFO - Starting attempt 1 of 2
[2026-05-04T01:58:10.758+0300] {taskinstance.py:2907} INFO - Executing <Task(PythonOperator): partition_health_check> on 2026-05-03 22:58:00.783312+00:00
[2026-05-04T01:58:10.761+0300] {standard_task_runner.py:72} INFO - Started process 25674 to run task
[2026-05-04T01:58:10.763+0300] {standard_task_runner.py:104} INFO - Running: ['airflow', 'tasks', 'run', 'partition_maintenance', 'partition_health_check', 'manual__2026-05-03T22:58:00.783312+00:00', '--job-id', '24', '--raw', '--subdir', 'DAGS_FOLDER/partition_maintenance_dag.py', '--cfg-path', '/tmp/tmp9fcarta5']
[2026-05-04T01:58:10.765+0300] {standard_task_runner.py:105} INFO - Job 24: Subtask partition_health_check
[2026-05-04T01:58:10.795+0300] {task_command.py:467} INFO - Running <TaskInstance: partition_maintenance.partition_health_check manual__2026-05-03T22:58:00.783312+00:00 [running]> on host DESKTOP-6NU1733.localdomain
[2026-05-04T01:58:10.843+0300] {taskinstance.py:3157} INFO - Exporting env vars: AIRFLOW_CTX_DAG_OWNER='airflow' AIRFLOW_CTX_DAG_ID='partition_maintenance' AIRFLOW_CTX_TASK_ID='partition_health_check' AIRFLOW_CTX_EXECUTION_DATE='2026-05-03T22:58:00.783312+00:00' AIRFLOW_CTX_TRY_NUMBER='1' AIRFLOW_CTX_DAG_RUN_ID='manual__2026-05-03T22:58:00.783312+00:00'
[2026-05-04T01:58:10.844+0300] {taskinstance.py:740} INFO - ::endgroup::
[2026-05-04T01:58:10.860+0300] {base.py:84} INFO - Retrieving connection 'postgres_default'
[2026-05-04T01:58:10.869+0300] {sql.py:814} INFO - Running statement: 
        SELECT c.relname
        FROM pg_inherits i
        JOIN pg_class c ON c.oid = i.inhrelid
        WHERE i.inhparent = 'public.trains_with_partition'::regclass
        ORDER BY c.relname
        , parameters: None
[2026-05-04T01:58:10.872+0300] {sql.py:823} INFO - Rows affected: 6
[2026-05-04T01:58:10.881+0300] {sql.py:814} INFO - Running statement: SELECT COUNT(*) FROM public.trains_default, parameters: None
[2026-05-04T01:58:10.883+0300] {sql.py:823} INFO - Rows affected: 1
[2026-05-04T01:58:10.891+0300] {sql.py:814} INFO - Running statement: SELECT COUNT(*) FROM public.trains_demo_20260310, parameters: None
[2026-05-04T01:58:10.893+0300] {sql.py:823} INFO - Rows affected: 1
[2026-05-04T01:58:10.901+0300] {sql.py:814} INFO - Running statement: SELECT COUNT(*) FROM public.trains_highspeed, parameters: None
[2026-05-04T01:58:10.910+0300] {sql.py:823} INFO - Rows affected: 1
[2026-05-04T01:58:10.918+0300] {sql.py:814} INFO - Running statement: SELECT COUNT(*) FROM public.trains_long_distance, parameters: None
[2026-05-04T01:58:10.929+0300] {sql.py:823} INFO - Rows affected: 1
[2026-05-04T01:58:10.937+0300] {sql.py:814} INFO - Running statement: SELECT COUNT(*) FROM public.trains_other, parameters: None
[2026-05-04T01:58:10.947+0300] {sql.py:823} INFO - Rows affected: 1
[2026-05-04T01:58:10.955+0300] {sql.py:814} INFO - Running statement: SELECT COUNT(*) FROM public.trains_suburban, parameters: None
[2026-05-04T01:58:10.964+0300] {sql.py:823} INFO - Rows affected: 1
[2026-05-04T01:58:10.965+0300] {partition_maintenance_dag.py:61} INFO - Health report: [{'partition': 'trains_default', 'rows': 0, 'status': 'OK'}, {'partition': 'trains_demo_20260310', 'rows': 2, 'status': 'OK'}, {'partition': 'trains_highspeed', 'rows': 250057, 'status': 'OK'}, {'partition': 'trains_long_distance', 'rows': 299907, 'status': 'OK'}, {'partition': 'trains_other', 'rows': 250232, 'status': 'OK'}, {'partition': 'trains_suburban', 'rows': 199804, 'status': 'OK'}]
[2026-05-04T01:58:10.980+0300] {python.py:240} INFO - Done. Returned value was: None
[2026-05-04T01:58:10.984+0300] {taskinstance.py:349} INFO - ::group::Post task execution logs
[2026-05-04T01:58:10.984+0300] {taskinstance.py:361} INFO - Marking task as SUCCESS. dag_id=partition_maintenance, task_id=partition_health_check, run_id=manual__2026-05-03T22:58:00.783312+00:00, execution_date=20260503T225800, start_date=20260503T225810, end_date=20260503T225810
[2026-05-04T01:58:11.017+0300] {local_task_job_runner.py:266} INFO - Task exited with return code 0
[2026-05-04T01:58:11.029+0300] {taskinstance.py:3924} INFO - 1 downstream tasks scheduled from follow-on schedule check
[2026-05-04T01:58:11.033+0300] {local_task_job_runner.py:245} INFO - ::endgroup::
