[2026-05-04T01:00:34.676+0300] {processor.py:186} INFO - Started process (PID=8383) to work on /home/nikita/airflow/dags/first_dag.py
[2026-05-04T01:00:34.677+0300] {processor.py:914} INFO - Processing file /home/nikita/airflow/dags/first_dag.py for tasks to queue
[2026-05-04T01:00:34.678+0300] {logging_mixin.py:190} INFO - [2026-05-04T01:00:34.678+0300] {dagbag.py:588} INFO - Filling up the DagBag from /home/nikita/airflow/dags/first_dag.py
[2026-05-04T01:00:34.688+0300] {processor.py:925} INFO - DAG(s) 'first_example' retrieved from /home/nikita/airflow/dags/first_dag.py
[2026-05-04T01:00:34.774+0300] {logging_mixin.py:190} INFO - [2026-05-04T01:00:34.773+0300] {override.py:1930} INFO - Created Permission View: can read on DAG:first_example
[2026-05-04T01:00:34.783+0300] {logging_mixin.py:190} INFO - [2026-05-04T01:00:34.783+0300] {override.py:1930} INFO - Created Permission View: can delete on DAG:first_example
[2026-05-04T01:00:34.790+0300] {logging_mixin.py:190} INFO - [2026-05-04T01:00:34.790+0300] {override.py:1930} INFO - Created Permission View: can edit on DAG:first_example
[2026-05-04T01:00:34.802+0300] {logging_mixin.py:190} INFO - [2026-05-04T01:00:34.801+0300] {override.py:1930} INFO - Created Permission View: can read on DAG Run:first_example
[2026-05-04T01:00:34.808+0300] {logging_mixin.py:190} INFO - [2026-05-04T01:00:34.808+0300] {override.py:1930} INFO - Created Permission View: can delete on DAG Run:first_example
[2026-05-04T01:00:34.815+0300] {logging_mixin.py:190} INFO - [2026-05-04T01:00:34.815+0300] {override.py:1930} INFO - Created Permission View: menu access on DAG Run:first_example
[2026-05-04T01:00:34.823+0300] {logging_mixin.py:190} INFO - [2026-05-04T01:00:34.823+0300] {override.py:1930} INFO - Created Permission View: can create on DAG Run:first_example
[2026-05-04T01:00:34.824+0300] {logging_mixin.py:190} INFO - [2026-05-04T01:00:34.824+0300] {dag.py:3239} INFO - Sync 1 DAGs
[2026-05-04T01:00:34.833+0300] {logging_mixin.py:190} INFO - [2026-05-04T01:00:34.832+0300] {dag.py:3262} INFO - Creating ORM DAG for first_example
[2026-05-04T01:00:34.840+0300] {logging_mixin.py:190} INFO - [2026-05-04T01:00:34.840+0300] {dag.py:4180} INFO - Setting next_dagrun for first_example to 2026-05-02 00:00:00+00:00, run_after=2026-05-03 00:00:00+00:00
[2026-05-04T01:00:34.856+0300] {processor.py:208} INFO - Processing /home/nikita/airflow/dags/first_dag.py took 0.186 seconds
[2026-05-04T01:01:39.104+0300] {processor.py:186} INFO - Started process (PID=8905) to work on /home/nikita/airflow/dags/first_dag.py
[2026-05-04T01:01:39.113+0300] {processor.py:914} INFO - Processing file /home/nikita/airflow/dags/first_dag.py for tasks to queue
[2026-05-04T01:01:39.114+0300] {logging_mixin.py:190} INFO - [2026-05-04T01:01:39.113+0300] {dagbag.py:588} INFO - Filling up the DagBag from /home/nikita/airflow/dags/first_dag.py
[2026-05-04T01:01:39.121+0300] {processor.py:925} INFO - DAG(s) 'first_example' retrieved from /home/nikita/airflow/dags/first_dag.py
[2026-05-04T01:01:39.132+0300] {logging_mixin.py:190} INFO - [2026-05-04T01:01:39.131+0300] {dag.py:3239} INFO - Sync 1 DAGs
[2026-05-04T01:01:39.145+0300] {logging_mixin.py:190} INFO - [2026-05-04T01:01:39.145+0300] {dag.py:4180} INFO - Setting next_dagrun for first_example to 2026-05-02 00:00:00+00:00, run_after=2026-05-03 00:00:00+00:00
[2026-05-04T01:01:39.161+0300] {processor.py:208} INFO - Processing /home/nikita/airflow/dags/first_dag.py took 0.060 seconds
[2026-05-04T01:02:12.897+0300] {processor.py:186} INFO - Started process (PID=9192) to work on /home/nikita/airflow/dags/first_dag.py
[2026-05-04T01:02:12.899+0300] {processor.py:914} INFO - Processing file /home/nikita/airflow/dags/first_dag.py for tasks to queue
[2026-05-04T01:02:12.900+0300] {logging_mixin.py:190} INFO - [2026-05-04T01:02:12.900+0300] {dagbag.py:588} INFO - Filling up the DagBag from /home/nikita/airflow/dags/first_dag.py
[2026-05-04T01:02:12.908+0300] {processor.py:925} INFO - DAG(s) 'first_example' retrieved from /home/nikita/airflow/dags/first_dag.py
[2026-05-04T01:02:12.923+0300] {logging_mixin.py:190} INFO - [2026-05-04T01:02:12.923+0300] {dag.py:3239} INFO - Sync 1 DAGs
[2026-05-04T01:02:12.941+0300] {logging_mixin.py:190} INFO - [2026-05-04T01:02:12.941+0300] {dag.py:4180} INFO - Setting next_dagrun for first_example to 2026-05-02 00:00:00+00:00, run_after=2026-05-03 00:00:00+00:00
[2026-05-04T01:02:12.957+0300] {processor.py:208} INFO - Processing /home/nikita/airflow/dags/first_dag.py took 0.065 seconds
[2026-05-04T01:02:47.434+0300] {processor.py:186} INFO - Started process (PID=9496) to work on /home/nikita/airflow/dags/first_dag.py
[2026-05-04T01:02:47.436+0300] {processor.py:914} INFO - Processing file /home/nikita/airflow/dags/first_dag.py for tasks to queue
[2026-05-04T01:02:47.436+0300] {logging_mixin.py:190} INFO - [2026-05-04T01:02:47.436+0300] {dagbag.py:588} INFO - Filling up the DagBag from /home/nikita/airflow/dags/first_dag.py
[2026-05-04T01:02:47.444+0300] {processor.py:925} INFO - DAG(s) 'first_example' retrieved from /home/nikita/airflow/dags/first_dag.py
[2026-05-04T01:02:47.455+0300] {logging_mixin.py:190} INFO - [2026-05-04T01:02:47.455+0300] {dag.py:3239} INFO - Sync 1 DAGs
[2026-05-04T01:02:47.468+0300] {logging_mixin.py:190} INFO - [2026-05-04T01:02:47.468+0300] {dag.py:4180} INFO - Setting next_dagrun for first_example to 2026-05-02 00:00:00+00:00, run_after=2026-05-03 00:00:00+00:00
[2026-05-04T01:02:47.485+0300] {processor.py:208} INFO - Processing /home/nikita/airflow/dags/first_dag.py took 0.055 seconds
[2026-05-04T01:03:20.054+0300] {processor.py:186} INFO - Started process (PID=9674) to work on /home/nikita/airflow/dags/first_dag.py
[2026-05-04T01:03:20.055+0300] {processor.py:914} INFO - Processing file /home/nikita/airflow/dags/first_dag.py for tasks to queue
[2026-05-04T01:03:20.056+0300] {logging_mixin.py:190} INFO - [2026-05-04T01:03:20.055+0300] {dagbag.py:588} INFO - Filling up the DagBag from /home/nikita/airflow/dags/first_dag.py
[2026-05-04T01:03:20.063+0300] {processor.py:925} INFO - DAG(s) 'first_example' retrieved from /home/nikita/airflow/dags/first_dag.py
[2026-05-04T01:03:20.074+0300] {logging_mixin.py:190} INFO - [2026-05-04T01:03:20.074+0300] {dag.py:3239} INFO - Sync 1 DAGs
[2026-05-04T01:03:20.087+0300] {logging_mixin.py:190} INFO - [2026-05-04T01:03:20.087+0300] {dag.py:4180} INFO - Setting next_dagrun for first_example to 2026-05-02 00:00:00+00:00, run_after=2026-05-03 00:00:00+00:00
[2026-05-04T01:03:20.102+0300] {processor.py:208} INFO - Processing /home/nikita/airflow/dags/first_dag.py took 0.053 seconds
[2026-05-04T01:04:22.074+0300] {processor.py:186} INFO - Started process (PID=9940) to work on /home/nikita/airflow/dags/first_dag.py
[2026-05-04T01:04:22.083+0300] {processor.py:914} INFO - Processing file /home/nikita/airflow/dags/first_dag.py for tasks to queue
[2026-05-04T01:04:22.084+0300] {logging_mixin.py:190} INFO - [2026-05-04T01:04:22.084+0300] {dagbag.py:588} INFO - Filling up the DagBag from /home/nikita/airflow/dags/first_dag.py
[2026-05-04T01:04:22.093+0300] {processor.py:925} INFO - DAG(s) 'first_example' retrieved from /home/nikita/airflow/dags/first_dag.py
[2026-05-04T01:04:22.104+0300] {logging_mixin.py:190} INFO - [2026-05-04T01:04:22.104+0300] {dag.py:3239} INFO - Sync 1 DAGs
[2026-05-04T01:04:22.120+0300] {logging_mixin.py:190} INFO - [2026-05-04T01:04:22.120+0300] {dag.py:4180} INFO - Setting next_dagrun for first_example to 2026-05-02 00:00:00+00:00, run_after=2026-05-03 00:00:00+00:00
[2026-05-04T01:04:22.136+0300] {processor.py:208} INFO - Processing /home/nikita/airflow/dags/first_dag.py took 0.066 seconds
[2026-05-04T01:04:53.675+0300] {processor.py:186} INFO - Started process (PID=10068) to work on /home/nikita/airflow/dags/first_dag.py
[2026-05-04T01:04:53.676+0300] {processor.py:914} INFO - Processing file /home/nikita/airflow/dags/first_dag.py for tasks to queue
[2026-05-04T01:04:53.677+0300] {logging_mixin.py:190} INFO - [2026-05-04T01:04:53.677+0300] {dagbag.py:588} INFO - Filling up the DagBag from /home/nikita/airflow/dags/first_dag.py
[2026-05-04T01:04:53.687+0300] {processor.py:925} INFO - DAG(s) 'first_example' retrieved from /home/nikita/airflow/dags/first_dag.py
[2026-05-04T01:04:53.701+0300] {logging_mixin.py:190} INFO - [2026-05-04T01:04:53.701+0300] {dag.py:3239} INFO - Sync 1 DAGs
[2026-05-04T01:04:53.722+0300] {logging_mixin.py:190} INFO - [2026-05-04T01:04:53.721+0300] {dag.py:4180} INFO - Setting next_dagrun for first_example to 2026-05-02 00:00:00+00:00, run_after=2026-05-03 00:00:00+00:00
[2026-05-04T01:04:53.745+0300] {processor.py:208} INFO - Processing /home/nikita/airflow/dags/first_dag.py took 0.074 seconds
[2026-05-04T01:05:27.592+0300] {processor.py:186} INFO - Started process (PID=10197) to work on /home/nikita/airflow/dags/first_dag.py
[2026-05-04T01:05:27.594+0300] {processor.py:914} INFO - Processing file /home/nikita/airflow/dags/first_dag.py for tasks to queue
[2026-05-04T01:05:27.595+0300] {logging_mixin.py:190} INFO - [2026-05-04T01:05:27.595+0300] {dagbag.py:588} INFO - Filling up the DagBag from /home/nikita/airflow/dags/first_dag.py
[2026-05-04T01:05:27.604+0300] {processor.py:925} INFO - DAG(s) 'first_example' retrieved from /home/nikita/airflow/dags/first_dag.py
[2026-05-04T01:05:27.617+0300] {logging_mixin.py:190} INFO - [2026-05-04T01:05:27.617+0300] {dag.py:3239} INFO - Sync 1 DAGs
[2026-05-04T01:05:27.635+0300] {logging_mixin.py:190} INFO - [2026-05-04T01:05:27.634+0300] {dag.py:4180} INFO - Setting next_dagrun for first_example to 2026-05-02 00:00:00+00:00, run_after=2026-05-03 00:00:00+00:00
[2026-05-04T01:05:27.655+0300] {processor.py:208} INFO - Processing /home/nikita/airflow/dags/first_dag.py took 0.067 seconds
[2026-05-04T01:06:00.362+0300] {processor.py:186} INFO - Started process (PID=10343) to work on /home/nikita/airflow/dags/first_dag.py
[2026-05-04T01:06:00.363+0300] {processor.py:914} INFO - Processing file /home/nikita/airflow/dags/first_dag.py for tasks to queue
[2026-05-04T01:06:00.364+0300] {logging_mixin.py:190} INFO - [2026-05-04T01:06:00.363+0300] {dagbag.py:588} INFO - Filling up the DagBag from /home/nikita/airflow/dags/first_dag.py
[2026-05-04T01:06:00.373+0300] {processor.py:925} INFO - DAG(s) 'first_example' retrieved from /home/nikita/airflow/dags/first_dag.py
[2026-05-04T01:06:00.386+0300] {logging_mixin.py:190} INFO - [2026-05-04T01:06:00.385+0300] {dag.py:3239} INFO - Sync 1 DAGs
[2026-05-04T01:06:00.404+0300] {logging_mixin.py:190} INFO - [2026-05-04T01:06:00.404+0300] {dag.py:4180} INFO - Setting next_dagrun for first_example to 2026-05-02 00:00:00+00:00, run_after=2026-05-03 00:00:00+00:00
[2026-05-04T01:06:00.426+0300] {processor.py:208} INFO - Processing /home/nikita/airflow/dags/first_dag.py took 0.069 seconds
[2026-05-04T01:06:32.650+0300] {processor.py:186} INFO - Started process (PID=10468) to work on /home/nikita/airflow/dags/first_dag.py
[2026-05-04T01:06:32.653+0300] {processor.py:914} INFO - Processing file /home/nikita/airflow/dags/first_dag.py for tasks to queue
[2026-05-04T01:06:32.654+0300] {logging_mixin.py:190} INFO - [2026-05-04T01:06:32.654+0300] {dagbag.py:588} INFO - Filling up the DagBag from /home/nikita/airflow/dags/first_dag.py
[2026-05-04T01:06:32.664+0300] {processor.py:925} INFO - DAG(s) 'first_example' retrieved from /home/nikita/airflow/dags/first_dag.py
[2026-05-04T01:06:32.678+0300] {logging_mixin.py:190} INFO - [2026-05-04T01:06:32.678+0300] {dag.py:3239} INFO - Sync 1 DAGs
[2026-05-04T01:06:32.696+0300] {logging_mixin.py:190} INFO - [2026-05-04T01:06:32.696+0300] {dag.py:4180} INFO - Setting next_dagrun for first_example to 2026-05-02 00:00:00+00:00, run_after=2026-05-03 00:00:00+00:00
[2026-05-04T01:06:32.720+0300] {processor.py:208} INFO - Processing /home/nikita/airflow/dags/first_dag.py took 0.077 seconds
[2026-05-04T01:07:38.826+0300] {processor.py:186} INFO - Started process (PID=10717) to work on /home/nikita/airflow/dags/first_dag.py
[2026-05-04T01:07:38.836+0300] {processor.py:914} INFO - Processing file /home/nikita/airflow/dags/first_dag.py for tasks to queue
[2026-05-04T01:07:38.837+0300] {logging_mixin.py:190} INFO - [2026-05-04T01:07:38.837+0300] {dagbag.py:588} INFO - Filling up the DagBag from /home/nikita/airflow/dags/first_dag.py
[2026-05-04T01:07:38.846+0300] {processor.py:925} INFO - DAG(s) 'first_example' retrieved from /home/nikita/airflow/dags/first_dag.py
[2026-05-04T01:07:38.858+0300] {logging_mixin.py:190} INFO - [2026-05-04T01:07:38.858+0300] {dag.py:3239} INFO - Sync 1 DAGs
[2026-05-04T01:07:38.874+0300] {logging_mixin.py:190} INFO - [2026-05-04T01:07:38.874+0300] {dag.py:4180} INFO - Setting next_dagrun for first_example to 2026-05-02 00:00:00+00:00, run_after=2026-05-03 00:00:00+00:00
[2026-05-04T01:07:38.892+0300] {processor.py:208} INFO - Processing /home/nikita/airflow/dags/first_dag.py took 0.070 seconds
[2026-05-04T01:08:13.906+0300] {processor.py:186} INFO - Started process (PID=11158) to work on /home/nikita/airflow/dags/first_dag.py
[2026-05-04T01:08:13.908+0300] {processor.py:914} INFO - Processing file /home/nikita/airflow/dags/first_dag.py for tasks to queue
[2026-05-04T01:08:13.909+0300] {logging_mixin.py:190} INFO - [2026-05-04T01:08:13.909+0300] {dagbag.py:588} INFO - Filling up the DagBag from /home/nikita/airflow/dags/first_dag.py
[2026-05-04T01:08:13.920+0300] {processor.py:925} INFO - DAG(s) 'first_example' retrieved from /home/nikita/airflow/dags/first_dag.py
[2026-05-04T01:08:13.934+0300] {logging_mixin.py:190} INFO - [2026-05-04T01:08:13.934+0300] {dag.py:3239} INFO - Sync 1 DAGs
[2026-05-04T01:08:13.952+0300] {logging_mixin.py:190} INFO - [2026-05-04T01:08:13.952+0300] {dag.py:4180} INFO - Setting next_dagrun for first_example to 2026-05-02 00:00:00+00:00, run_after=2026-05-03 00:00:00+00:00
[2026-05-04T01:08:13.970+0300] {processor.py:208} INFO - Processing /home/nikita/airflow/dags/first_dag.py took 0.070 seconds
[2026-05-04T01:08:46.929+0300] {processor.py:186} INFO - Started process (PID=11281) to work on /home/nikita/airflow/dags/first_dag.py
[2026-05-04T01:08:46.937+0300] {processor.py:914} INFO - Processing file /home/nikita/airflow/dags/first_dag.py for tasks to queue
[2026-05-04T01:08:46.938+0300] {logging_mixin.py:190} INFO - [2026-05-04T01:08:46.938+0300] {dagbag.py:588} INFO - Filling up the DagBag from /home/nikita/airflow/dags/first_dag.py
[2026-05-04T01:08:46.947+0300] {processor.py:925} INFO - DAG(s) 'first_example' retrieved from /home/nikita/airflow/dags/first_dag.py
[2026-05-04T01:08:46.959+0300] {logging_mixin.py:190} INFO - [2026-05-04T01:08:46.959+0300] {dag.py:3239} INFO - Sync 1 DAGs
[2026-05-04T01:08:46.975+0300] {logging_mixin.py:190} INFO - [2026-05-04T01:08:46.974+0300] {dag.py:4180} INFO - Setting next_dagrun for first_example to 2026-05-02 00:00:00+00:00, run_after=2026-05-03 00:00:00+00:00
[2026-05-04T01:08:46.990+0300] {processor.py:208} INFO - Processing /home/nikita/airflow/dags/first_dag.py took 0.066 seconds
[2026-05-04T01:09:19.622+0300] {processor.py:186} INFO - Started process (PID=12002) to work on /home/nikita/airflow/dags/first_dag.py
[2026-05-04T01:09:19.622+0300] {processor.py:914} INFO - Processing file /home/nikita/airflow/dags/first_dag.py for tasks to queue
[2026-05-04T01:09:19.623+0300] {logging_mixin.py:190} INFO - [2026-05-04T01:09:19.623+0300] {dagbag.py:588} INFO - Filling up the DagBag from /home/nikita/airflow/dags/first_dag.py
[2026-05-04T01:09:19.631+0300] {processor.py:925} INFO - DAG(s) 'first_example' retrieved from /home/nikita/airflow/dags/first_dag.py
[2026-05-04T01:09:19.642+0300] {logging_mixin.py:190} INFO - [2026-05-04T01:09:19.642+0300] {dag.py:3239} INFO - Sync 1 DAGs
[2026-05-04T01:09:19.656+0300] {logging_mixin.py:190} INFO - [2026-05-04T01:09:19.656+0300] {dag.py:4180} INFO - Setting next_dagrun for first_example to 2026-05-02 00:00:00+00:00, run_after=2026-05-03 00:00:00+00:00
[2026-05-04T01:09:19.672+0300] {processor.py:208} INFO - Processing /home/nikita/airflow/dags/first_dag.py took 0.055 seconds
[2026-05-04T01:09:56.236+0300] {processor.py:186} INFO - Started process (PID=12179) to work on /home/nikita/airflow/dags/first_dag.py
[2026-05-04T01:09:56.245+0300] {processor.py:914} INFO - Processing file /home/nikita/airflow/dags/first_dag.py for tasks to queue
[2026-05-04T01:09:56.246+0300] {logging_mixin.py:190} INFO - [2026-05-04T01:09:56.245+0300] {dagbag.py:588} INFO - Filling up the DagBag from /home/nikita/airflow/dags/first_dag.py
[2026-05-04T01:09:56.254+0300] {processor.py:925} INFO - DAG(s) 'first_example' retrieved from /home/nikita/airflow/dags/first_dag.py
[2026-05-04T01:09:56.266+0300] {logging_mixin.py:190} INFO - [2026-05-04T01:09:56.266+0300] {dag.py:3239} INFO - Sync 1 DAGs
[2026-05-04T01:09:56.281+0300] {logging_mixin.py:190} INFO - [2026-05-04T01:09:56.281+0300] {dag.py:4180} INFO - Setting next_dagrun for first_example to 2026-05-02 00:00:00+00:00, run_after=2026-05-03 00:00:00+00:00
[2026-05-04T01:09:56.296+0300] {processor.py:208} INFO - Processing /home/nikita/airflow/dags/first_dag.py took 0.065 seconds
[2026-05-04T01:10:30.229+0300] {processor.py:186} INFO - Started process (PID=12308) to work on /home/nikita/airflow/dags/first_dag.py
[2026-05-04T01:10:30.239+0300] {processor.py:914} INFO - Processing file /home/nikita/airflow/dags/first_dag.py for tasks to queue
[2026-05-04T01:10:30.240+0300] {logging_mixin.py:190} INFO - [2026-05-04T01:10:30.240+0300] {dagbag.py:588} INFO - Filling up the DagBag from /home/nikita/airflow/dags/first_dag.py
[2026-05-04T01:10:30.249+0300] {processor.py:925} INFO - DAG(s) 'first_example' retrieved from /home/nikita/airflow/dags/first_dag.py
[2026-05-04T01:10:30.260+0300] {logging_mixin.py:190} INFO - [2026-05-04T01:10:30.260+0300] {dag.py:3239} INFO - Sync 1 DAGs
[2026-05-04T01:10:30.278+0300] {logging_mixin.py:190} INFO - [2026-05-04T01:10:30.278+0300] {dag.py:4180} INFO - Setting next_dagrun for first_example to 2026-05-02 00:00:00+00:00, run_after=2026-05-03 00:00:00+00:00
[2026-05-04T01:10:30.295+0300] {processor.py:208} INFO - Processing /home/nikita/airflow/dags/first_dag.py took 0.071 seconds
[2026-05-04T01:11:05.067+0300] {processor.py:186} INFO - Started process (PID=12437) to work on /home/nikita/airflow/dags/first_dag.py
[2026-05-04T01:11:05.068+0300] {processor.py:914} INFO - Processing file /home/nikita/airflow/dags/first_dag.py for tasks to queue
[2026-05-04T01:11:05.069+0300] {logging_mixin.py:190} INFO - [2026-05-04T01:11:05.068+0300] {dagbag.py:588} INFO - Filling up the DagBag from /home/nikita/airflow/dags/first_dag.py
[2026-05-04T01:11:05.076+0300] {processor.py:925} INFO - DAG(s) 'first_example' retrieved from /home/nikita/airflow/dags/first_dag.py
[2026-05-04T01:11:05.088+0300] {logging_mixin.py:190} INFO - [2026-05-04T01:11:05.087+0300] {dag.py:3239} INFO - Sync 1 DAGs
[2026-05-04T01:11:05.102+0300] {logging_mixin.py:190} INFO - [2026-05-04T01:11:05.101+0300] {dag.py:4180} INFO - Setting next_dagrun for first_example to 2026-05-02 00:00:00+00:00, run_after=2026-05-03 00:00:00+00:00
[2026-05-04T01:11:05.118+0300] {processor.py:208} INFO - Processing /home/nikita/airflow/dags/first_dag.py took 0.055 seconds
[2026-05-04T01:11:38.898+0300] {processor.py:186} INFO - Started process (PID=12568) to work on /home/nikita/airflow/dags/first_dag.py
[2026-05-04T01:11:38.900+0300] {processor.py:914} INFO - Processing file /home/nikita/airflow/dags/first_dag.py for tasks to queue
[2026-05-04T01:11:38.901+0300] {logging_mixin.py:190} INFO - [2026-05-04T01:11:38.900+0300] {dagbag.py:588} INFO - Filling up the DagBag from /home/nikita/airflow/dags/first_dag.py
[2026-05-04T01:11:38.909+0300] {processor.py:925} INFO - DAG(s) 'first_example' retrieved from /home/nikita/airflow/dags/first_dag.py
[2026-05-04T01:11:38.920+0300] {logging_mixin.py:190} INFO - [2026-05-04T01:11:38.920+0300] {dag.py:3239} INFO - Sync 1 DAGs
[2026-05-04T01:11:38.935+0300] {logging_mixin.py:190} INFO - [2026-05-04T01:11:38.935+0300] {dag.py:4180} INFO - Setting next_dagrun for first_example to 2026-05-02 00:00:00+00:00, run_after=2026-05-03 00:00:00+00:00
[2026-05-04T01:11:38.952+0300] {processor.py:208} INFO - Processing /home/nikita/airflow/dags/first_dag.py took 0.058 seconds
[2026-05-04T01:12:38.300+0300] {processor.py:186} INFO - Started process (PID=12797) to work on /home/nikita/airflow/dags/first_dag.py
[2026-05-04T01:12:38.310+0300] {processor.py:914} INFO - Processing file /home/nikita/airflow/dags/first_dag.py for tasks to queue
[2026-05-04T01:12:38.311+0300] {logging_mixin.py:190} INFO - [2026-05-04T01:12:38.310+0300] {dagbag.py:588} INFO - Filling up the DagBag from /home/nikita/airflow/dags/first_dag.py
[2026-05-04T01:12:38.319+0300] {processor.py:925} INFO - DAG(s) 'first_example' retrieved from /home/nikita/airflow/dags/first_dag.py
[2026-05-04T01:12:38.330+0300] {logging_mixin.py:190} INFO - [2026-05-04T01:12:38.330+0300] {dag.py:3239} INFO - Sync 1 DAGs
[2026-05-04T01:12:38.347+0300] {logging_mixin.py:190} INFO - [2026-05-04T01:12:38.346+0300] {dag.py:4180} INFO - Setting next_dagrun for first_example to 2026-05-02 00:00:00+00:00, run_after=2026-05-03 00:00:00+00:00
[2026-05-04T01:12:38.367+0300] {processor.py:208} INFO - Processing /home/nikita/airflow/dags/first_dag.py took 0.072 seconds
[2026-05-04T01:13:40.027+0300] {processor.py:186} INFO - Started process (PID=13336) to work on /home/nikita/airflow/dags/first_dag.py
[2026-05-04T01:13:40.037+0300] {processor.py:914} INFO - Processing file /home/nikita/airflow/dags/first_dag.py for tasks to queue
[2026-05-04T01:13:40.038+0300] {logging_mixin.py:190} INFO - [2026-05-04T01:13:40.038+0300] {dagbag.py:588} INFO - Filling up the DagBag from /home/nikita/airflow/dags/first_dag.py
[2026-05-04T01:13:40.046+0300] {processor.py:925} INFO - DAG(s) 'first_example' retrieved from /home/nikita/airflow/dags/first_dag.py
[2026-05-04T01:13:40.057+0300] {logging_mixin.py:190} INFO - [2026-05-04T01:13:40.057+0300] {dag.py:3239} INFO - Sync 1 DAGs
[2026-05-04T01:13:40.071+0300] {logging_mixin.py:190} INFO - [2026-05-04T01:13:40.070+0300] {dag.py:4180} INFO - Setting next_dagrun for first_example to 2026-05-02 00:00:00+00:00, run_after=2026-05-03 00:00:00+00:00
[2026-05-04T01:13:40.087+0300] {processor.py:208} INFO - Processing /home/nikita/airflow/dags/first_dag.py took 0.065 seconds
[2026-05-04T01:14:12.534+0300] {processor.py:186} INFO - Started process (PID=14197) to work on /home/nikita/airflow/dags/first_dag.py
[2026-05-04T01:14:12.535+0300] {processor.py:914} INFO - Processing file /home/nikita/airflow/dags/first_dag.py for tasks to queue
[2026-05-04T01:14:12.536+0300] {logging_mixin.py:190} INFO - [2026-05-04T01:14:12.536+0300] {dagbag.py:588} INFO - Filling up the DagBag from /home/nikita/airflow/dags/first_dag.py
[2026-05-04T01:14:12.546+0300] {processor.py:925} INFO - DAG(s) 'first_example' retrieved from /home/nikita/airflow/dags/first_dag.py
[2026-05-04T01:14:12.558+0300] {logging_mixin.py:190} INFO - [2026-05-04T01:14:12.558+0300] {dag.py:3239} INFO - Sync 1 DAGs
[2026-05-04T01:14:12.576+0300] {logging_mixin.py:190} INFO - [2026-05-04T01:14:12.576+0300] {dag.py:4180} INFO - Setting next_dagrun for first_example to 2026-05-02 00:00:00+00:00, run_after=2026-05-03 00:00:00+00:00
[2026-05-04T01:14:12.593+0300] {processor.py:208} INFO - Processing /home/nikita/airflow/dags/first_dag.py took 0.064 seconds
[2026-05-04T01:14:47.215+0300] {processor.py:186} INFO - Started process (PID=14352) to work on /home/nikita/airflow/dags/first_dag.py
[2026-05-04T01:14:47.224+0300] {processor.py:914} INFO - Processing file /home/nikita/airflow/dags/first_dag.py for tasks to queue
[2026-05-04T01:14:47.225+0300] {logging_mixin.py:190} INFO - [2026-05-04T01:14:47.225+0300] {dagbag.py:588} INFO - Filling up the DagBag from /home/nikita/airflow/dags/first_dag.py
[2026-05-04T01:14:47.234+0300] {processor.py:925} INFO - DAG(s) 'first_example' retrieved from /home/nikita/airflow/dags/first_dag.py
[2026-05-04T01:14:47.245+0300] {logging_mixin.py:190} INFO - [2026-05-04T01:14:47.245+0300] {dag.py:3239} INFO - Sync 1 DAGs
[2026-05-04T01:14:47.260+0300] {logging_mixin.py:190} INFO - [2026-05-04T01:14:47.259+0300] {dag.py:4180} INFO - Setting next_dagrun for first_example to 2026-05-02 00:00:00+00:00, run_after=2026-05-03 00:00:00+00:00
[2026-05-04T01:14:47.275+0300] {processor.py:208} INFO - Processing /home/nikita/airflow/dags/first_dag.py took 0.064 seconds
[2026-05-04T01:15:22.693+0300] {processor.py:186} INFO - Started process (PID=14488) to work on /home/nikita/airflow/dags/first_dag.py
[2026-05-04T01:15:22.702+0300] {processor.py:914} INFO - Processing file /home/nikita/airflow/dags/first_dag.py for tasks to queue
[2026-05-04T01:15:22.704+0300] {logging_mixin.py:190} INFO - [2026-05-04T01:15:22.703+0300] {dagbag.py:588} INFO - Filling up the DagBag from /home/nikita/airflow/dags/first_dag.py
[2026-05-04T01:15:22.712+0300] {processor.py:925} INFO - DAG(s) 'first_example' retrieved from /home/nikita/airflow/dags/first_dag.py
[2026-05-04T01:15:22.724+0300] {logging_mixin.py:190} INFO - [2026-05-04T01:15:22.723+0300] {dag.py:3239} INFO - Sync 1 DAGs
[2026-05-04T01:15:22.739+0300] {logging_mixin.py:190} INFO - [2026-05-04T01:15:22.739+0300] {dag.py:4180} INFO - Setting next_dagrun for first_example to 2026-05-02 00:00:00+00:00, run_after=2026-05-03 00:00:00+00:00
[2026-05-04T01:15:22.756+0300] {processor.py:208} INFO - Processing /home/nikita/airflow/dags/first_dag.py took 0.068 seconds
[2026-05-04T01:15:55.723+0300] {processor.py:186} INFO - Started process (PID=15336) to work on /home/nikita/airflow/dags/first_dag.py
[2026-05-04T01:15:55.725+0300] {processor.py:914} INFO - Processing file /home/nikita/airflow/dags/first_dag.py for tasks to queue
[2026-05-04T01:15:55.726+0300] {logging_mixin.py:190} INFO - [2026-05-04T01:15:55.725+0300] {dagbag.py:588} INFO - Filling up the DagBag from /home/nikita/airflow/dags/first_dag.py
[2026-05-04T01:15:55.738+0300] {processor.py:925} INFO - DAG(s) 'first_example' retrieved from /home/nikita/airflow/dags/first_dag.py
[2026-05-04T01:15:55.755+0300] {logging_mixin.py:190} INFO - [2026-05-04T01:15:55.755+0300] {dag.py:3239} INFO - Sync 1 DAGs
[2026-05-04T01:15:55.775+0300] {logging_mixin.py:190} INFO - [2026-05-04T01:15:55.775+0300] {dag.py:4180} INFO - Setting next_dagrun for first_example to 2026-05-02 00:00:00+00:00, run_after=2026-05-03 00:00:00+00:00
[2026-05-04T01:15:55.799+0300] {processor.py:208} INFO - Processing /home/nikita/airflow/dags/first_dag.py took 0.083 seconds
[2026-05-04T01:16:29.631+0300] {processor.py:186} INFO - Started process (PID=15701) to work on /home/nikita/airflow/dags/first_dag.py
[2026-05-04T01:16:29.631+0300] {processor.py:914} INFO - Processing file /home/nikita/airflow/dags/first_dag.py for tasks to queue
[2026-05-04T01:16:29.632+0300] {logging_mixin.py:190} INFO - [2026-05-04T01:16:29.632+0300] {dagbag.py:588} INFO - Filling up the DagBag from /home/nikita/airflow/dags/first_dag.py
[2026-05-04T01:16:29.640+0300] {processor.py:925} INFO - DAG(s) 'first_example' retrieved from /home/nikita/airflow/dags/first_dag.py
[2026-05-04T01:16:29.651+0300] {logging_mixin.py:190} INFO - [2026-05-04T01:16:29.651+0300] {dag.py:3239} INFO - Sync 1 DAGs
[2026-05-04T01:16:29.666+0300] {logging_mixin.py:190} INFO - [2026-05-04T01:16:29.665+0300] {dag.py:4180} INFO - Setting next_dagrun for first_example to 2026-05-02 00:00:00+00:00, run_after=2026-05-03 00:00:00+00:00
[2026-05-04T01:16:29.682+0300] {processor.py:208} INFO - Processing /home/nikita/airflow/dags/first_dag.py took 0.056 seconds
[2026-05-04T01:17:03.731+0300] {processor.py:186} INFO - Started process (PID=15833) to work on /home/nikita/airflow/dags/first_dag.py
[2026-05-04T01:17:03.734+0300] {processor.py:914} INFO - Processing file /home/nikita/airflow/dags/first_dag.py for tasks to queue
[2026-05-04T01:17:03.739+0300] {logging_mixin.py:190} INFO - [2026-05-04T01:17:03.737+0300] {dagbag.py:588} INFO - Filling up the DagBag from /home/nikita/airflow/dags/first_dag.py
[2026-05-04T01:17:03.760+0300] {processor.py:925} INFO - DAG(s) 'first_example' retrieved from /home/nikita/airflow/dags/first_dag.py
[2026-05-04T01:17:03.802+0300] {logging_mixin.py:190} INFO - [2026-05-04T01:17:03.801+0300] {dag.py:3239} INFO - Sync 1 DAGs
[2026-05-04T01:17:03.860+0300] {logging_mixin.py:190} INFO - [2026-05-04T01:17:03.860+0300] {dag.py:4180} INFO - Setting next_dagrun for first_example to 2026-05-02 00:00:00+00:00, run_after=2026-05-03 00:00:00+00:00
[2026-05-04T01:17:03.884+0300] {processor.py:208} INFO - Processing /home/nikita/airflow/dags/first_dag.py took 0.166 seconds
[2026-05-04T01:17:38.045+0300] {processor.py:186} INFO - Started process (PID=15963) to work on /home/nikita/airflow/dags/first_dag.py
[2026-05-04T01:17:38.055+0300] {processor.py:914} INFO - Processing file /home/nikita/airflow/dags/first_dag.py for tasks to queue
[2026-05-04T01:17:38.056+0300] {logging_mixin.py:190} INFO - [2026-05-04T01:17:38.056+0300] {dagbag.py:588} INFO - Filling up the DagBag from /home/nikita/airflow/dags/first_dag.py
[2026-05-04T01:17:38.065+0300] {processor.py:925} INFO - DAG(s) 'first_example' retrieved from /home/nikita/airflow/dags/first_dag.py
[2026-05-04T01:17:38.076+0300] {logging_mixin.py:190} INFO - [2026-05-04T01:17:38.076+0300] {dag.py:3239} INFO - Sync 1 DAGs
[2026-05-04T01:17:38.091+0300] {logging_mixin.py:190} INFO - [2026-05-04T01:17:38.091+0300] {dag.py:4180} INFO - Setting next_dagrun for first_example to 2026-05-02 00:00:00+00:00, run_after=2026-05-03 00:00:00+00:00
[2026-05-04T01:17:38.108+0300] {processor.py:208} INFO - Processing /home/nikita/airflow/dags/first_dag.py took 0.067 seconds
[2026-05-04T01:18:13.787+0300] {processor.py:186} INFO - Started process (PID=16093) to work on /home/nikita/airflow/dags/first_dag.py
[2026-05-04T01:18:13.796+0300] {processor.py:914} INFO - Processing file /home/nikita/airflow/dags/first_dag.py for tasks to queue
[2026-05-04T01:18:13.797+0300] {logging_mixin.py:190} INFO - [2026-05-04T01:18:13.797+0300] {dagbag.py:588} INFO - Filling up the DagBag from /home/nikita/airflow/dags/first_dag.py
[2026-05-04T01:18:13.806+0300] {processor.py:925} INFO - DAG(s) 'first_example' retrieved from /home/nikita/airflow/dags/first_dag.py
[2026-05-04T01:18:13.817+0300] {logging_mixin.py:190} INFO - [2026-05-04T01:18:13.817+0300] {dag.py:3239} INFO - Sync 1 DAGs
[2026-05-04T01:18:13.836+0300] {logging_mixin.py:190} INFO - [2026-05-04T01:18:13.836+0300] {dag.py:4180} INFO - Setting next_dagrun for first_example to 2026-05-02 00:00:00+00:00, run_after=2026-05-03 00:00:00+00:00
[2026-05-04T01:18:13.854+0300] {processor.py:208} INFO - Processing /home/nikita/airflow/dags/first_dag.py took 0.071 seconds
[2026-05-04T01:18:48.200+0300] {processor.py:186} INFO - Started process (PID=16220) to work on /home/nikita/airflow/dags/first_dag.py
[2026-05-04T01:18:48.202+0300] {processor.py:914} INFO - Processing file /home/nikita/airflow/dags/first_dag.py for tasks to queue
[2026-05-04T01:18:48.203+0300] {logging_mixin.py:190} INFO - [2026-05-04T01:18:48.203+0300] {dagbag.py:588} INFO - Filling up the DagBag from /home/nikita/airflow/dags/first_dag.py
[2026-05-04T01:18:48.211+0300] {processor.py:925} INFO - DAG(s) 'first_example' retrieved from /home/nikita/airflow/dags/first_dag.py
[2026-05-04T01:18:48.222+0300] {logging_mixin.py:190} INFO - [2026-05-04T01:18:48.222+0300] {dag.py:3239} INFO - Sync 1 DAGs
[2026-05-04T01:18:48.239+0300] {logging_mixin.py:190} INFO - [2026-05-04T01:18:48.238+0300] {dag.py:4180} INFO - Setting next_dagrun for first_example to 2026-05-02 00:00:00+00:00, run_after=2026-05-03 00:00:00+00:00
[2026-05-04T01:18:48.256+0300] {processor.py:208} INFO - Processing /home/nikita/airflow/dags/first_dag.py took 0.059 seconds
[2026-05-04T01:19:21.463+0300] {processor.py:186} INFO - Started process (PID=16355) to work on /home/nikita/airflow/dags/first_dag.py
[2026-05-04T01:19:21.465+0300] {processor.py:914} INFO - Processing file /home/nikita/airflow/dags/first_dag.py for tasks to queue
[2026-05-04T01:19:21.466+0300] {logging_mixin.py:190} INFO - [2026-05-04T01:19:21.466+0300] {dagbag.py:588} INFO - Filling up the DagBag from /home/nikita/airflow/dags/first_dag.py
[2026-05-04T01:19:21.479+0300] {processor.py:925} INFO - DAG(s) 'first_example' retrieved from /home/nikita/airflow/dags/first_dag.py
[2026-05-04T01:19:21.495+0300] {logging_mixin.py:190} INFO - [2026-05-04T01:19:21.495+0300] {dag.py:3239} INFO - Sync 1 DAGs
[2026-05-04T01:19:21.516+0300] {logging_mixin.py:190} INFO - [2026-05-04T01:19:21.516+0300] {dag.py:4180} INFO - Setting next_dagrun for first_example to 2026-05-02 00:00:00+00:00, run_after=2026-05-03 00:00:00+00:00
[2026-05-04T01:19:21.537+0300] {processor.py:208} INFO - Processing /home/nikita/airflow/dags/first_dag.py took 0.080 seconds
[2026-05-04T01:20:24.290+0300] {processor.py:186} INFO - Started process (PID=16603) to work on /home/nikita/airflow/dags/first_dag.py
[2026-05-04T01:20:24.299+0300] {processor.py:914} INFO - Processing file /home/nikita/airflow/dags/first_dag.py for tasks to queue
[2026-05-04T01:20:24.300+0300] {logging_mixin.py:190} INFO - [2026-05-04T01:20:24.300+0300] {dagbag.py:588} INFO - Filling up the DagBag from /home/nikita/airflow/dags/first_dag.py
[2026-05-04T01:20:24.308+0300] {processor.py:925} INFO - DAG(s) 'first_example' retrieved from /home/nikita/airflow/dags/first_dag.py
[2026-05-04T01:20:24.318+0300] {logging_mixin.py:190} INFO - [2026-05-04T01:20:24.318+0300] {dag.py:3239} INFO - Sync 1 DAGs
[2026-05-04T01:20:24.331+0300] {logging_mixin.py:190} INFO - [2026-05-04T01:20:24.331+0300] {dag.py:4180} INFO - Setting next_dagrun for first_example to 2026-05-02 00:00:00+00:00, run_after=2026-05-03 00:00:00+00:00
[2026-05-04T01:20:24.347+0300] {processor.py:208} INFO - Processing /home/nikita/airflow/dags/first_dag.py took 0.061 seconds
[2026-05-04T01:20:57.868+0300] {processor.py:186} INFO - Started process (PID=16732) to work on /home/nikita/airflow/dags/first_dag.py
[2026-05-04T01:20:57.878+0300] {processor.py:914} INFO - Processing file /home/nikita/airflow/dags/first_dag.py for tasks to queue
[2026-05-04T01:20:57.879+0300] {logging_mixin.py:190} INFO - [2026-05-04T01:20:57.879+0300] {dagbag.py:588} INFO - Filling up the DagBag from /home/nikita/airflow/dags/first_dag.py
[2026-05-04T01:20:57.887+0300] {processor.py:925} INFO - DAG(s) 'first_example' retrieved from /home/nikita/airflow/dags/first_dag.py
[2026-05-04T01:20:57.899+0300] {logging_mixin.py:190} INFO - [2026-05-04T01:20:57.899+0300] {dag.py:3239} INFO - Sync 1 DAGs
[2026-05-04T01:20:57.914+0300] {logging_mixin.py:190} INFO - [2026-05-04T01:20:57.914+0300] {dag.py:4180} INFO - Setting next_dagrun for first_example to 2026-05-02 00:00:00+00:00, run_after=2026-05-03 00:00:00+00:00
[2026-05-04T01:20:57.930+0300] {processor.py:208} INFO - Processing /home/nikita/airflow/dags/first_dag.py took 0.066 seconds
[2026-05-04T01:21:30.676+0300] {processor.py:186} INFO - Started process (PID=16861) to work on /home/nikita/airflow/dags/first_dag.py
[2026-05-04T01:21:30.678+0300] {processor.py:914} INFO - Processing file /home/nikita/airflow/dags/first_dag.py for tasks to queue
[2026-05-04T01:21:30.679+0300] {logging_mixin.py:190} INFO - [2026-05-04T01:21:30.679+0300] {dagbag.py:588} INFO - Filling up the DagBag from /home/nikita/airflow/dags/first_dag.py
[2026-05-04T01:21:30.688+0300] {processor.py:925} INFO - DAG(s) 'first_example' retrieved from /home/nikita/airflow/dags/first_dag.py
[2026-05-04T01:21:30.701+0300] {logging_mixin.py:190} INFO - [2026-05-04T01:21:30.701+0300] {dag.py:3239} INFO - Sync 1 DAGs
[2026-05-04T01:21:30.719+0300] {logging_mixin.py:190} INFO - [2026-05-04T01:21:30.719+0300] {dag.py:4180} INFO - Setting next_dagrun for first_example to 2026-05-02 00:00:00+00:00, run_after=2026-05-03 00:00:00+00:00
[2026-05-04T01:21:30.737+0300] {processor.py:208} INFO - Processing /home/nikita/airflow/dags/first_dag.py took 0.065 seconds
[2026-05-04T01:22:05.957+0300] {processor.py:186} INFO - Started process (PID=16990) to work on /home/nikita/airflow/dags/first_dag.py
[2026-05-04T01:22:05.966+0300] {processor.py:914} INFO - Processing file /home/nikita/airflow/dags/first_dag.py for tasks to queue
[2026-05-04T01:22:05.967+0300] {logging_mixin.py:190} INFO - [2026-05-04T01:22:05.966+0300] {dagbag.py:588} INFO - Filling up the DagBag from /home/nikita/airflow/dags/first_dag.py
[2026-05-04T01:22:05.975+0300] {processor.py:925} INFO - DAG(s) 'first_example' retrieved from /home/nikita/airflow/dags/first_dag.py
[2026-05-04T01:22:05.985+0300] {logging_mixin.py:190} INFO - [2026-05-04T01:22:05.985+0300] {dag.py:3239} INFO - Sync 1 DAGs
[2026-05-04T01:22:05.999+0300] {logging_mixin.py:190} INFO - [2026-05-04T01:22:05.998+0300] {dag.py:4180} INFO - Setting next_dagrun for first_example to 2026-05-02 00:00:00+00:00, run_after=2026-05-03 00:00:00+00:00
[2026-05-04T01:22:06.014+0300] {processor.py:208} INFO - Processing /home/nikita/airflow/dags/first_dag.py took 0.061 seconds
[2026-05-04T01:22:43.140+0300] {processor.py:186} INFO - Started process (PID=17133) to work on /home/nikita/airflow/dags/first_dag.py
[2026-05-04T01:22:43.149+0300] {processor.py:914} INFO - Processing file /home/nikita/airflow/dags/first_dag.py for tasks to queue
[2026-05-04T01:22:43.150+0300] {logging_mixin.py:190} INFO - [2026-05-04T01:22:43.149+0300] {dagbag.py:588} INFO - Filling up the DagBag from /home/nikita/airflow/dags/first_dag.py
[2026-05-04T01:22:43.157+0300] {processor.py:925} INFO - DAG(s) 'first_example' retrieved from /home/nikita/airflow/dags/first_dag.py
[2026-05-04T01:22:43.167+0300] {logging_mixin.py:190} INFO - [2026-05-04T01:22:43.167+0300] {dag.py:3239} INFO - Sync 1 DAGs
[2026-05-04T01:22:43.180+0300] {logging_mixin.py:190} INFO - [2026-05-04T01:22:43.180+0300] {dag.py:4180} INFO - Setting next_dagrun for first_example to 2026-05-02 00:00:00+00:00, run_after=2026-05-03 00:00:00+00:00
[2026-05-04T01:22:43.309+0300] {processor.py:208} INFO - Processing /home/nikita/airflow/dags/first_dag.py took 0.173 seconds
[2026-05-04T01:23:17.917+0300] {processor.py:186} INFO - Started process (PID=17263) to work on /home/nikita/airflow/dags/first_dag.py
[2026-05-04T01:23:17.926+0300] {processor.py:914} INFO - Processing file /home/nikita/airflow/dags/first_dag.py for tasks to queue
[2026-05-04T01:23:17.927+0300] {logging_mixin.py:190} INFO - [2026-05-04T01:23:17.926+0300] {dagbag.py:588} INFO - Filling up the DagBag from /home/nikita/airflow/dags/first_dag.py
[2026-05-04T01:23:17.937+0300] {processor.py:925} INFO - DAG(s) 'first_example' retrieved from /home/nikita/airflow/dags/first_dag.py
[2026-05-04T01:23:17.950+0300] {logging_mixin.py:190} INFO - [2026-05-04T01:23:17.950+0300] {dag.py:3239} INFO - Sync 1 DAGs
[2026-05-04T01:23:17.967+0300] {logging_mixin.py:190} INFO - [2026-05-04T01:23:17.967+0300] {dag.py:4180} INFO - Setting next_dagrun for first_example to 2026-05-02 00:00:00+00:00, run_after=2026-05-03 00:00:00+00:00
[2026-05-04T01:23:17.985+0300] {processor.py:208} INFO - Processing /home/nikita/airflow/dags/first_dag.py took 0.073 seconds
[2026-05-04T01:23:50.810+0300] {processor.py:186} INFO - Started process (PID=17391) to work on /home/nikita/airflow/dags/first_dag.py
[2026-05-04T01:23:50.819+0300] {processor.py:914} INFO - Processing file /home/nikita/airflow/dags/first_dag.py for tasks to queue
[2026-05-04T01:23:50.821+0300] {logging_mixin.py:190} INFO - [2026-05-04T01:23:50.820+0300] {dagbag.py:588} INFO - Filling up the DagBag from /home/nikita/airflow/dags/first_dag.py
[2026-05-04T01:23:50.831+0300] {processor.py:925} INFO - DAG(s) 'first_example' retrieved from /home/nikita/airflow/dags/first_dag.py
[2026-05-04T01:23:50.844+0300] {logging_mixin.py:190} INFO - [2026-05-04T01:23:50.843+0300] {dag.py:3239} INFO - Sync 1 DAGs
[2026-05-04T01:23:50.861+0300] {logging_mixin.py:190} INFO - [2026-05-04T01:23:50.861+0300] {dag.py:4180} INFO - Setting next_dagrun for first_example to 2026-05-02 00:00:00+00:00, run_after=2026-05-03 00:00:00+00:00
[2026-05-04T01:23:50.879+0300] {processor.py:208} INFO - Processing /home/nikita/airflow/dags/first_dag.py took 0.074 seconds
[2026-05-04T01:24:23.950+0300] {processor.py:186} INFO - Started process (PID=17828) to work on /home/nikita/airflow/dags/first_dag.py
[2026-05-04T01:24:23.953+0300] {processor.py:914} INFO - Processing file /home/nikita/airflow/dags/first_dag.py for tasks to queue
[2026-05-04T01:24:23.954+0300] {logging_mixin.py:190} INFO - [2026-05-04T01:24:23.954+0300] {dagbag.py:588} INFO - Filling up the DagBag from /home/nikita/airflow/dags/first_dag.py
[2026-05-04T01:24:23.962+0300] {processor.py:925} INFO - DAG(s) 'first_example' retrieved from /home/nikita/airflow/dags/first_dag.py
[2026-05-04T01:24:23.973+0300] {logging_mixin.py:190} INFO - [2026-05-04T01:24:23.972+0300] {dag.py:3239} INFO - Sync 1 DAGs
[2026-05-04T01:24:23.986+0300] {logging_mixin.py:190} INFO - [2026-05-04T01:24:23.986+0300] {dag.py:4180} INFO - Setting next_dagrun for first_example to 2026-05-02 00:00:00+00:00, run_after=2026-05-03 00:00:00+00:00
[2026-05-04T01:24:24.003+0300] {processor.py:208} INFO - Processing /home/nikita/airflow/dags/first_dag.py took 0.057 seconds
[2026-05-04T01:24:58.039+0300] {processor.py:186} INFO - Started process (PID=17956) to work on /home/nikita/airflow/dags/first_dag.py
[2026-05-04T01:24:58.041+0300] {processor.py:914} INFO - Processing file /home/nikita/airflow/dags/first_dag.py for tasks to queue
[2026-05-04T01:24:58.042+0300] {logging_mixin.py:190} INFO - [2026-05-04T01:24:58.042+0300] {dagbag.py:588} INFO - Filling up the DagBag from /home/nikita/airflow/dags/first_dag.py
[2026-05-04T01:24:58.058+0300] {processor.py:925} INFO - DAG(s) 'first_example' retrieved from /home/nikita/airflow/dags/first_dag.py
[2026-05-04T01:24:58.071+0300] {logging_mixin.py:190} INFO - [2026-05-04T01:24:58.071+0300] {dag.py:3239} INFO - Sync 1 DAGs
[2026-05-04T01:24:58.094+0300] {logging_mixin.py:190} INFO - [2026-05-04T01:24:58.094+0300] {dag.py:4180} INFO - Setting next_dagrun for first_example to 2026-05-02 00:00:00+00:00, run_after=2026-05-03 00:00:00+00:00
[2026-05-04T01:24:58.118+0300] {processor.py:208} INFO - Processing /home/nikita/airflow/dags/first_dag.py took 0.085 seconds
[2026-05-04T01:25:35.275+0300] {processor.py:186} INFO - Started process (PID=18443) to work on /home/nikita/airflow/dags/first_dag.py
[2026-05-04T01:25:35.283+0300] {processor.py:914} INFO - Processing file /home/nikita/airflow/dags/first_dag.py for tasks to queue
[2026-05-04T01:25:35.284+0300] {logging_mixin.py:190} INFO - [2026-05-04T01:25:35.284+0300] {dagbag.py:588} INFO - Filling up the DagBag from /home/nikita/airflow/dags/first_dag.py
[2026-05-04T01:25:35.292+0300] {processor.py:925} INFO - DAG(s) 'first_example' retrieved from /home/nikita/airflow/dags/first_dag.py
[2026-05-04T01:25:35.303+0300] {logging_mixin.py:190} INFO - [2026-05-04T01:25:35.302+0300] {dag.py:3239} INFO - Sync 1 DAGs
[2026-05-04T01:25:35.316+0300] {logging_mixin.py:190} INFO - [2026-05-04T01:25:35.316+0300] {dag.py:4180} INFO - Setting next_dagrun for first_example to 2026-05-02 00:00:00+00:00, run_after=2026-05-03 00:00:00+00:00
[2026-05-04T01:25:35.332+0300] {processor.py:208} INFO - Processing /home/nikita/airflow/dags/first_dag.py took 0.061 seconds
[2026-05-04T01:26:08.559+0300] {processor.py:186} INFO - Started process (PID=18584) to work on /home/nikita/airflow/dags/first_dag.py
[2026-05-04T01:26:08.561+0300] {processor.py:914} INFO - Processing file /home/nikita/airflow/dags/first_dag.py for tasks to queue
[2026-05-04T01:26:08.562+0300] {logging_mixin.py:190} INFO - [2026-05-04T01:26:08.561+0300] {dagbag.py:588} INFO - Filling up the DagBag from /home/nikita/airflow/dags/first_dag.py
[2026-05-04T01:26:08.571+0300] {processor.py:925} INFO - DAG(s) 'first_example' retrieved from /home/nikita/airflow/dags/first_dag.py
[2026-05-04T01:26:08.583+0300] {logging_mixin.py:190} INFO - [2026-05-04T01:26:08.583+0300] {dag.py:3239} INFO - Sync 1 DAGs
[2026-05-04T01:26:08.707+0300] {logging_mixin.py:190} INFO - [2026-05-04T01:26:08.707+0300] {dag.py:4180} INFO - Setting next_dagrun for first_example to 2026-05-02 00:00:00+00:00, run_after=2026-05-03 00:00:00+00:00
[2026-05-04T01:26:08.722+0300] {processor.py:208} INFO - Processing /home/nikita/airflow/dags/first_dag.py took 0.168 seconds
[2026-05-04T01:26:45.670+0300] {processor.py:186} INFO - Started process (PID=19383) to work on /home/nikita/airflow/dags/first_dag.py
[2026-05-04T01:26:45.671+0300] {processor.py:914} INFO - Processing file /home/nikita/airflow/dags/first_dag.py for tasks to queue
[2026-05-04T01:26:45.672+0300] {logging_mixin.py:190} INFO - [2026-05-04T01:26:45.672+0300] {dagbag.py:588} INFO - Filling up the DagBag from /home/nikita/airflow/dags/first_dag.py
[2026-05-04T01:26:45.681+0300] {processor.py:925} INFO - DAG(s) 'first_example' retrieved from /home/nikita/airflow/dags/first_dag.py
[2026-05-04T01:26:45.695+0300] {logging_mixin.py:190} INFO - [2026-05-04T01:26:45.694+0300] {dag.py:3239} INFO - Sync 1 DAGs
[2026-05-04T01:26:45.713+0300] {logging_mixin.py:190} INFO - [2026-05-04T01:26:45.713+0300] {dag.py:4180} INFO - Setting next_dagrun for first_example to 2026-05-02 00:00:00+00:00, run_after=2026-05-03 00:00:00+00:00
[2026-05-04T01:26:45.730+0300] {processor.py:208} INFO - Processing /home/nikita/airflow/dags/first_dag.py took 0.065 seconds
[2026-05-04T01:27:18.953+0300] {processor.py:186} INFO - Started process (PID=19515) to work on /home/nikita/airflow/dags/first_dag.py
[2026-05-04T01:27:18.954+0300] {processor.py:914} INFO - Processing file /home/nikita/airflow/dags/first_dag.py for tasks to queue
[2026-05-04T01:27:18.956+0300] {logging_mixin.py:190} INFO - [2026-05-04T01:27:18.955+0300] {dagbag.py:588} INFO - Filling up the DagBag from /home/nikita/airflow/dags/first_dag.py
[2026-05-04T01:27:18.965+0300] {processor.py:925} INFO - DAG(s) 'first_example' retrieved from /home/nikita/airflow/dags/first_dag.py
[2026-05-04T01:27:18.978+0300] {logging_mixin.py:190} INFO - [2026-05-04T01:27:18.978+0300] {dag.py:3239} INFO - Sync 1 DAGs
[2026-05-04T01:27:18.995+0300] {logging_mixin.py:190} INFO - [2026-05-04T01:27:18.995+0300] {dag.py:4180} INFO - Setting next_dagrun for first_example to 2026-05-02 00:00:00+00:00, run_after=2026-05-03 00:00:00+00:00
[2026-05-04T01:27:19.015+0300] {processor.py:208} INFO - Processing /home/nikita/airflow/dags/first_dag.py took 0.067 seconds
[2026-05-04T01:27:54.775+0300] {processor.py:186} INFO - Started process (PID=19649) to work on /home/nikita/airflow/dags/first_dag.py
[2026-05-04T01:27:54.783+0300] {processor.py:914} INFO - Processing file /home/nikita/airflow/dags/first_dag.py for tasks to queue
[2026-05-04T01:27:54.784+0300] {logging_mixin.py:190} INFO - [2026-05-04T01:27:54.784+0300] {dagbag.py:588} INFO - Filling up the DagBag from /home/nikita/airflow/dags/first_dag.py
[2026-05-04T01:27:54.792+0300] {processor.py:925} INFO - DAG(s) 'first_example' retrieved from /home/nikita/airflow/dags/first_dag.py
[2026-05-04T01:27:54.805+0300] {logging_mixin.py:190} INFO - [2026-05-04T01:27:54.805+0300] {dag.py:3239} INFO - Sync 1 DAGs
[2026-05-04T01:27:54.956+0300] {logging_mixin.py:190} INFO - [2026-05-04T01:27:54.956+0300] {dag.py:4180} INFO - Setting next_dagrun for first_example to 2026-05-02 00:00:00+00:00, run_after=2026-05-03 00:00:00+00:00
[2026-05-04T01:27:54.975+0300] {processor.py:208} INFO - Processing /home/nikita/airflow/dags/first_dag.py took 0.205 seconds
[2026-05-04T01:28:32.067+0300] {processor.py:186} INFO - Started process (PID=19786) to work on /home/nikita/airflow/dags/first_dag.py
[2026-05-04T01:28:32.068+0300] {processor.py:914} INFO - Processing file /home/nikita/airflow/dags/first_dag.py for tasks to queue
[2026-05-04T01:28:32.069+0300] {logging_mixin.py:190} INFO - [2026-05-04T01:28:32.069+0300] {dagbag.py:588} INFO - Filling up the DagBag from /home/nikita/airflow/dags/first_dag.py
[2026-05-04T01:28:32.077+0300] {processor.py:925} INFO - DAG(s) 'first_example' retrieved from /home/nikita/airflow/dags/first_dag.py
[2026-05-04T01:28:32.089+0300] {logging_mixin.py:190} INFO - [2026-05-04T01:28:32.089+0300] {dag.py:3239} INFO - Sync 1 DAGs
[2026-05-04T01:28:32.108+0300] {logging_mixin.py:190} INFO - [2026-05-04T01:28:32.108+0300] {dag.py:4180} INFO - Setting next_dagrun for first_example to 2026-05-02 00:00:00+00:00, run_after=2026-05-03 00:00:00+00:00
[2026-05-04T01:28:32.127+0300] {processor.py:208} INFO - Processing /home/nikita/airflow/dags/first_dag.py took 0.064 seconds
[2026-05-04T01:29:05.865+0300] {processor.py:186} INFO - Started process (PID=19919) to work on /home/nikita/airflow/dags/first_dag.py
[2026-05-04T01:29:05.874+0300] {processor.py:914} INFO - Processing file /home/nikita/airflow/dags/first_dag.py for tasks to queue
[2026-05-04T01:29:05.875+0300] {logging_mixin.py:190} INFO - [2026-05-04T01:29:05.875+0300] {dagbag.py:588} INFO - Filling up the DagBag from /home/nikita/airflow/dags/first_dag.py
[2026-05-04T01:29:05.883+0300] {processor.py:925} INFO - DAG(s) 'first_example' retrieved from /home/nikita/airflow/dags/first_dag.py
[2026-05-04T01:29:05.895+0300] {logging_mixin.py:190} INFO - [2026-05-04T01:29:05.895+0300] {dag.py:3239} INFO - Sync 1 DAGs
[2026-05-04T01:29:05.911+0300] {logging_mixin.py:190} INFO - [2026-05-04T01:29:05.911+0300] {dag.py:4180} INFO - Setting next_dagrun for first_example to 2026-05-02 00:00:00+00:00, run_after=2026-05-03 00:00:00+00:00
[2026-05-04T01:29:05.929+0300] {processor.py:208} INFO - Processing /home/nikita/airflow/dags/first_dag.py took 0.069 seconds
[2026-05-04T01:29:41.953+0300] {processor.py:186} INFO - Started process (PID=20054) to work on /home/nikita/airflow/dags/first_dag.py
[2026-05-04T01:29:41.962+0300] {processor.py:914} INFO - Processing file /home/nikita/airflow/dags/first_dag.py for tasks to queue
[2026-05-04T01:29:41.963+0300] {logging_mixin.py:190} INFO - [2026-05-04T01:29:41.963+0300] {dagbag.py:588} INFO - Filling up the DagBag from /home/nikita/airflow/dags/first_dag.py
[2026-05-04T01:29:41.974+0300] {processor.py:925} INFO - DAG(s) 'first_example' retrieved from /home/nikita/airflow/dags/first_dag.py
[2026-05-04T01:29:41.986+0300] {logging_mixin.py:190} INFO - [2026-05-04T01:29:41.986+0300] {dag.py:3239} INFO - Sync 1 DAGs
[2026-05-04T01:29:42.121+0300] {logging_mixin.py:190} INFO - [2026-05-04T01:29:42.120+0300] {dag.py:4180} INFO - Setting next_dagrun for first_example to 2026-05-02 00:00:00+00:00, run_after=2026-05-03 00:00:00+00:00
[2026-05-04T01:29:42.138+0300] {processor.py:208} INFO - Processing /home/nikita/airflow/dags/first_dag.py took 0.191 seconds
[2026-05-04T01:30:18.117+0300] {processor.py:186} INFO - Started process (PID=20188) to work on /home/nikita/airflow/dags/first_dag.py
[2026-05-04T01:30:18.126+0300] {processor.py:914} INFO - Processing file /home/nikita/airflow/dags/first_dag.py for tasks to queue
[2026-05-04T01:30:18.128+0300] {logging_mixin.py:190} INFO - [2026-05-04T01:30:18.127+0300] {dagbag.py:588} INFO - Filling up the DagBag from /home/nikita/airflow/dags/first_dag.py
[2026-05-04T01:30:18.137+0300] {processor.py:925} INFO - DAG(s) 'first_example' retrieved from /home/nikita/airflow/dags/first_dag.py
[2026-05-04T01:30:18.149+0300] {logging_mixin.py:190} INFO - [2026-05-04T01:30:18.149+0300] {dag.py:3239} INFO - Sync 1 DAGs
[2026-05-04T01:30:18.167+0300] {logging_mixin.py:190} INFO - [2026-05-04T01:30:18.166+0300] {dag.py:4180} INFO - Setting next_dagrun for first_example to 2026-05-02 00:00:00+00:00, run_after=2026-05-03 00:00:00+00:00
[2026-05-04T01:30:18.184+0300] {processor.py:208} INFO - Processing /home/nikita/airflow/dags/first_dag.py took 0.072 seconds
[2026-05-04T01:30:54.133+0300] {processor.py:186} INFO - Started process (PID=20325) to work on /home/nikita/airflow/dags/first_dag.py
[2026-05-04T01:30:54.135+0300] {processor.py:914} INFO - Processing file /home/nikita/airflow/dags/first_dag.py for tasks to queue
[2026-05-04T01:30:54.136+0300] {logging_mixin.py:190} INFO - [2026-05-04T01:30:54.135+0300] {dagbag.py:588} INFO - Filling up the DagBag from /home/nikita/airflow/dags/first_dag.py
[2026-05-04T01:30:54.145+0300] {processor.py:925} INFO - DAG(s) 'first_example' retrieved from /home/nikita/airflow/dags/first_dag.py
[2026-05-04T01:30:54.159+0300] {logging_mixin.py:190} INFO - [2026-05-04T01:30:54.158+0300] {dag.py:3239} INFO - Sync 1 DAGs
[2026-05-04T01:30:54.295+0300] {logging_mixin.py:190} INFO - [2026-05-04T01:30:54.294+0300] {dag.py:4180} INFO - Setting next_dagrun for first_example to 2026-05-02 00:00:00+00:00, run_after=2026-05-03 00:00:00+00:00
[2026-05-04T01:30:54.311+0300] {processor.py:208} INFO - Processing /home/nikita/airflow/dags/first_dag.py took 0.182 seconds
[2026-05-04T01:31:32.571+0300] {processor.py:186} INFO - Started process (PID=20465) to work on /home/nikita/airflow/dags/first_dag.py
[2026-05-04T01:31:32.579+0300] {processor.py:914} INFO - Processing file /home/nikita/airflow/dags/first_dag.py for tasks to queue
[2026-05-04T01:31:32.580+0300] {logging_mixin.py:190} INFO - [2026-05-04T01:31:32.580+0300] {dagbag.py:588} INFO - Filling up the DagBag from /home/nikita/airflow/dags/first_dag.py
[2026-05-04T01:31:32.590+0300] {processor.py:925} INFO - DAG(s) 'first_example' retrieved from /home/nikita/airflow/dags/first_dag.py
[2026-05-04T01:31:32.603+0300] {logging_mixin.py:190} INFO - [2026-05-04T01:31:32.602+0300] {dag.py:3239} INFO - Sync 1 DAGs
[2026-05-04T01:31:32.755+0300] {logging_mixin.py:190} INFO - [2026-05-04T01:31:32.755+0300] {dag.py:4180} INFO - Setting next_dagrun for first_example to 2026-05-02 00:00:00+00:00, run_after=2026-05-03 00:00:00+00:00
[2026-05-04T01:31:32.773+0300] {processor.py:208} INFO - Processing /home/nikita/airflow/dags/first_dag.py took 0.207 seconds
[2026-05-04T01:32:14.678+0300] {processor.py:186} INFO - Started process (PID=20623) to work on /home/nikita/airflow/dags/first_dag.py
[2026-05-04T01:32:14.679+0300] {processor.py:914} INFO - Processing file /home/nikita/airflow/dags/first_dag.py for tasks to queue
[2026-05-04T01:32:14.680+0300] {logging_mixin.py:190} INFO - [2026-05-04T01:32:14.679+0300] {dagbag.py:588} INFO - Filling up the DagBag from /home/nikita/airflow/dags/first_dag.py
[2026-05-04T01:32:14.688+0300] {processor.py:925} INFO - DAG(s) 'first_example' retrieved from /home/nikita/airflow/dags/first_dag.py
[2026-05-04T01:32:14.698+0300] {logging_mixin.py:190} INFO - [2026-05-04T01:32:14.698+0300] {dag.py:3239} INFO - Sync 1 DAGs
[2026-05-04T01:32:14.712+0300] {logging_mixin.py:190} INFO - [2026-05-04T01:32:14.712+0300] {dag.py:4180} INFO - Setting next_dagrun for first_example to 2026-05-02 00:00:00+00:00, run_after=2026-05-03 00:00:00+00:00
[2026-05-04T01:32:14.729+0300] {processor.py:208} INFO - Processing /home/nikita/airflow/dags/first_dag.py took 0.055 seconds
[2026-05-04T01:32:52.396+0300] {processor.py:186} INFO - Started process (PID=20904) to work on /home/nikita/airflow/dags/first_dag.py
[2026-05-04T01:32:52.397+0300] {processor.py:914} INFO - Processing file /home/nikita/airflow/dags/first_dag.py for tasks to queue
[2026-05-04T01:32:52.398+0300] {logging_mixin.py:190} INFO - [2026-05-04T01:32:52.398+0300] {dagbag.py:588} INFO - Filling up the DagBag from /home/nikita/airflow/dags/first_dag.py
[2026-05-04T01:32:52.408+0300] {processor.py:925} INFO - DAG(s) 'first_example' retrieved from /home/nikita/airflow/dags/first_dag.py
[2026-05-04T01:32:52.421+0300] {logging_mixin.py:190} INFO - [2026-05-04T01:32:52.421+0300] {dag.py:3239} INFO - Sync 1 DAGs
[2026-05-04T01:32:52.437+0300] {logging_mixin.py:190} INFO - [2026-05-04T01:32:52.437+0300] {dag.py:4180} INFO - Setting next_dagrun for first_example to 2026-05-02 00:00:00+00:00, run_after=2026-05-03 00:00:00+00:00
[2026-05-04T01:32:52.453+0300] {processor.py:208} INFO - Processing /home/nikita/airflow/dags/first_dag.py took 0.062 seconds
[2026-05-04T01:33:25.119+0300] {processor.py:186} INFO - Started process (PID=21035) to work on /home/nikita/airflow/dags/first_dag.py
[2026-05-04T01:33:25.128+0300] {processor.py:914} INFO - Processing file /home/nikita/airflow/dags/first_dag.py for tasks to queue
[2026-05-04T01:33:25.129+0300] {logging_mixin.py:190} INFO - [2026-05-04T01:33:25.129+0300] {dagbag.py:588} INFO - Filling up the DagBag from /home/nikita/airflow/dags/first_dag.py
[2026-05-04T01:33:25.138+0300] {processor.py:925} INFO - DAG(s) 'first_example' retrieved from /home/nikita/airflow/dags/first_dag.py
[2026-05-04T01:33:25.151+0300] {logging_mixin.py:190} INFO - [2026-05-04T01:33:25.151+0300] {dag.py:3239} INFO - Sync 1 DAGs
[2026-05-04T01:33:25.168+0300] {logging_mixin.py:190} INFO - [2026-05-04T01:33:25.168+0300] {dag.py:4180} INFO - Setting next_dagrun for first_example to 2026-05-02 00:00:00+00:00, run_after=2026-05-03 00:00:00+00:00
[2026-05-04T01:33:25.184+0300] {processor.py:208} INFO - Processing /home/nikita/airflow/dags/first_dag.py took 0.069 seconds
[2026-05-04T01:34:28.083+0300] {processor.py:186} INFO - Started process (PID=21401) to work on /home/nikita/airflow/dags/first_dag.py
[2026-05-04T01:34:28.093+0300] {processor.py:914} INFO - Processing file /home/nikita/airflow/dags/first_dag.py for tasks to queue
[2026-05-04T01:34:28.094+0300] {logging_mixin.py:190} INFO - [2026-05-04T01:34:28.094+0300] {dagbag.py:588} INFO - Filling up the DagBag from /home/nikita/airflow/dags/first_dag.py
[2026-05-04T01:34:28.101+0300] {processor.py:925} INFO - DAG(s) 'first_example' retrieved from /home/nikita/airflow/dags/first_dag.py
[2026-05-04T01:34:28.114+0300] {logging_mixin.py:190} INFO - [2026-05-04T01:34:28.114+0300] {dag.py:3239} INFO - Sync 1 DAGs
[2026-05-04T01:34:28.130+0300] {logging_mixin.py:190} INFO - [2026-05-04T01:34:28.130+0300] {dag.py:4180} INFO - Setting next_dagrun for first_example to 2026-05-02 00:00:00+00:00, run_after=2026-05-03 00:00:00+00:00
[2026-05-04T01:34:28.146+0300] {processor.py:208} INFO - Processing /home/nikita/airflow/dags/first_dag.py took 0.067 seconds
[2026-05-04T01:35:00.733+0300] {processor.py:186} INFO - Started process (PID=21529) to work on /home/nikita/airflow/dags/first_dag.py
[2026-05-04T01:35:00.742+0300] {processor.py:914} INFO - Processing file /home/nikita/airflow/dags/first_dag.py for tasks to queue
[2026-05-04T01:35:00.744+0300] {logging_mixin.py:190} INFO - [2026-05-04T01:35:00.744+0300] {dagbag.py:588} INFO - Filling up the DagBag from /home/nikita/airflow/dags/first_dag.py
[2026-05-04T01:35:00.753+0300] {processor.py:925} INFO - DAG(s) 'first_example' retrieved from /home/nikita/airflow/dags/first_dag.py
[2026-05-04T01:35:00.765+0300] {logging_mixin.py:190} INFO - [2026-05-04T01:35:00.765+0300] {dag.py:3239} INFO - Sync 1 DAGs
[2026-05-04T01:35:00.779+0300] {logging_mixin.py:190} INFO - [2026-05-04T01:35:00.779+0300] {dag.py:4180} INFO - Setting next_dagrun for first_example to 2026-05-02 00:00:00+00:00, run_after=2026-05-03 00:00:00+00:00
[2026-05-04T01:35:00.796+0300] {processor.py:208} INFO - Processing /home/nikita/airflow/dags/first_dag.py took 0.067 seconds
[2026-05-04T01:36:01.396+0300] {processor.py:186} INFO - Started process (PID=21765) to work on /home/nikita/airflow/dags/first_dag.py
[2026-05-04T01:36:01.397+0300] {processor.py:914} INFO - Processing file /home/nikita/airflow/dags/first_dag.py for tasks to queue
[2026-05-04T01:36:01.398+0300] {logging_mixin.py:190} INFO - [2026-05-04T01:36:01.398+0300] {dagbag.py:588} INFO - Filling up the DagBag from /home/nikita/airflow/dags/first_dag.py
[2026-05-04T01:36:01.408+0300] {processor.py:925} INFO - DAG(s) 'first_example' retrieved from /home/nikita/airflow/dags/first_dag.py
[2026-05-04T01:36:01.420+0300] {logging_mixin.py:190} INFO - [2026-05-04T01:36:01.420+0300] {dag.py:3239} INFO - Sync 1 DAGs
[2026-05-04T01:36:01.439+0300] {logging_mixin.py:190} INFO - [2026-05-04T01:36:01.438+0300] {dag.py:4180} INFO - Setting next_dagrun for first_example to 2026-05-02 00:00:00+00:00, run_after=2026-05-03 00:00:00+00:00
[2026-05-04T01:36:01.455+0300] {processor.py:208} INFO - Processing /home/nikita/airflow/dags/first_dag.py took 0.065 seconds
[2026-05-04T01:38:08.425+0300] {processor.py:186} INFO - Started process (PID=22224) to work on /home/nikita/airflow/dags/first_dag.py
[2026-05-04T01:38:08.433+0300] {processor.py:914} INFO - Processing file /home/nikita/airflow/dags/first_dag.py for tasks to queue
[2026-05-04T01:38:08.435+0300] {logging_mixin.py:190} INFO - [2026-05-04T01:38:08.434+0300] {dagbag.py:588} INFO - Filling up the DagBag from /home/nikita/airflow/dags/first_dag.py
[2026-05-04T01:38:08.447+0300] {processor.py:925} INFO - DAG(s) 'first_example' retrieved from /home/nikita/airflow/dags/first_dag.py
[2026-05-04T01:38:08.467+0300] {logging_mixin.py:190} INFO - [2026-05-04T01:38:08.467+0300] {dag.py:3239} INFO - Sync 1 DAGs
[2026-05-04T01:38:08.483+0300] {logging_mixin.py:190} INFO - [2026-05-04T01:38:08.483+0300] {dag.py:4180} INFO - Setting next_dagrun for first_example to 2026-05-02 00:00:00+00:00, run_after=2026-05-03 00:00:00+00:00
[2026-05-04T01:38:08.500+0300] {processor.py:208} INFO - Processing /home/nikita/airflow/dags/first_dag.py took 0.081 seconds
[2026-05-04T01:38:38.603+0300] {processor.py:186} INFO - Started process (PID=22251) to work on /home/nikita/airflow/dags/first_dag.py
[2026-05-04T01:38:38.612+0300] {processor.py:914} INFO - Processing file /home/nikita/airflow/dags/first_dag.py for tasks to queue
[2026-05-04T01:38:38.614+0300] {logging_mixin.py:190} INFO - [2026-05-04T01:38:38.613+0300] {dagbag.py:588} INFO - Filling up the DagBag from /home/nikita/airflow/dags/first_dag.py
[2026-05-04T01:38:38.623+0300] {processor.py:925} INFO - DAG(s) 'first_example' retrieved from /home/nikita/airflow/dags/first_dag.py
[2026-05-04T01:38:38.642+0300] {logging_mixin.py:190} INFO - [2026-05-04T01:38:38.642+0300] {dag.py:3239} INFO - Sync 1 DAGs
[2026-05-04T01:38:38.656+0300] {logging_mixin.py:190} INFO - [2026-05-04T01:38:38.656+0300] {dag.py:4180} INFO - Setting next_dagrun for first_example to 2026-05-02 00:00:00+00:00, run_after=2026-05-03 00:00:00+00:00
[2026-05-04T01:38:38.670+0300] {processor.py:208} INFO - Processing /home/nikita/airflow/dags/first_dag.py took 0.072 seconds
[2026-05-04T01:39:08.817+0300] {processor.py:186} INFO - Started process (PID=22267) to work on /home/nikita/airflow/dags/first_dag.py
[2026-05-04T01:39:08.826+0300] {processor.py:914} INFO - Processing file /home/nikita/airflow/dags/first_dag.py for tasks to queue
[2026-05-04T01:39:08.828+0300] {logging_mixin.py:190} INFO - [2026-05-04T01:39:08.828+0300] {dagbag.py:588} INFO - Filling up the DagBag from /home/nikita/airflow/dags/first_dag.py
[2026-05-04T01:39:08.838+0300] {processor.py:925} INFO - DAG(s) 'first_example' retrieved from /home/nikita/airflow/dags/first_dag.py
[2026-05-04T01:39:08.854+0300] {logging_mixin.py:190} INFO - [2026-05-04T01:39:08.854+0300] {dag.py:3239} INFO - Sync 1 DAGs
[2026-05-04T01:39:08.867+0300] {logging_mixin.py:190} INFO - [2026-05-04T01:39:08.867+0300] {dag.py:4180} INFO - Setting next_dagrun for first_example to 2026-05-02 00:00:00+00:00, run_after=2026-05-03 00:00:00+00:00
[2026-05-04T01:39:08.881+0300] {processor.py:208} INFO - Processing /home/nikita/airflow/dags/first_dag.py took 0.069 seconds
[2026-05-04T01:39:39.916+0300] {processor.py:186} INFO - Started process (PID=22271) to work on /home/nikita/airflow/dags/first_dag.py
[2026-05-04T01:39:39.925+0300] {processor.py:914} INFO - Processing file /home/nikita/airflow/dags/first_dag.py for tasks to queue
[2026-05-04T01:39:39.927+0300] {logging_mixin.py:190} INFO - [2026-05-04T01:39:39.927+0300] {dagbag.py:588} INFO - Filling up the DagBag from /home/nikita/airflow/dags/first_dag.py
[2026-05-04T01:39:39.938+0300] {processor.py:925} INFO - DAG(s) 'first_example' retrieved from /home/nikita/airflow/dags/first_dag.py
[2026-05-04T01:39:39.956+0300] {logging_mixin.py:190} INFO - [2026-05-04T01:39:39.955+0300] {dag.py:3239} INFO - Sync 1 DAGs
[2026-05-04T01:39:39.970+0300] {logging_mixin.py:190} INFO - [2026-05-04T01:39:39.970+0300] {dag.py:4180} INFO - Setting next_dagrun for first_example to 2026-05-02 00:00:00+00:00, run_after=2026-05-03 00:00:00+00:00
[2026-05-04T01:39:39.986+0300] {processor.py:208} INFO - Processing /home/nikita/airflow/dags/first_dag.py took 0.074 seconds
[2026-05-04T01:40:10.312+0300] {processor.py:186} INFO - Started process (PID=22322) to work on /home/nikita/airflow/dags/first_dag.py
[2026-05-04T01:40:10.322+0300] {processor.py:914} INFO - Processing file /home/nikita/airflow/dags/first_dag.py for tasks to queue
[2026-05-04T01:40:10.325+0300] {logging_mixin.py:190} INFO - [2026-05-04T01:40:10.324+0300] {dagbag.py:588} INFO - Filling up the DagBag from /home/nikita/airflow/dags/first_dag.py
[2026-05-04T01:40:10.338+0300] {processor.py:925} INFO - DAG(s) 'first_example' retrieved from /home/nikita/airflow/dags/first_dag.py
[2026-05-04T01:40:10.358+0300] {logging_mixin.py:190} INFO - [2026-05-04T01:40:10.358+0300] {dag.py:3239} INFO - Sync 1 DAGs
[2026-05-04T01:40:10.375+0300] {logging_mixin.py:190} INFO - [2026-05-04T01:40:10.375+0300] {dag.py:4180} INFO - Setting next_dagrun for first_example to 2026-05-02 00:00:00+00:00, run_after=2026-05-03 00:00:00+00:00
[2026-05-04T01:40:10.398+0300] {processor.py:208} INFO - Processing /home/nikita/airflow/dags/first_dag.py took 0.091 seconds
[2026-05-04T01:40:40.778+0300] {processor.py:186} INFO - Started process (PID=22420) to work on /home/nikita/airflow/dags/first_dag.py
[2026-05-04T01:40:40.788+0300] {processor.py:914} INFO - Processing file /home/nikita/airflow/dags/first_dag.py for tasks to queue
[2026-05-04T01:40:40.789+0300] {logging_mixin.py:190} INFO - [2026-05-04T01:40:40.789+0300] {dagbag.py:588} INFO - Filling up the DagBag from /home/nikita/airflow/dags/first_dag.py
[2026-05-04T01:40:40.800+0300] {processor.py:925} INFO - DAG(s) 'first_example' retrieved from /home/nikita/airflow/dags/first_dag.py
[2026-05-04T01:40:40.818+0300] {logging_mixin.py:190} INFO - [2026-05-04T01:40:40.818+0300] {dag.py:3239} INFO - Sync 1 DAGs
[2026-05-04T01:40:40.832+0300] {logging_mixin.py:190} INFO - [2026-05-04T01:40:40.832+0300] {dag.py:4180} INFO - Setting next_dagrun for first_example to 2026-05-02 00:00:00+00:00, run_after=2026-05-03 00:00:00+00:00
[2026-05-04T01:40:40.847+0300] {processor.py:208} INFO - Processing /home/nikita/airflow/dags/first_dag.py took 0.073 seconds
[2026-05-04T01:41:11.228+0300] {processor.py:186} INFO - Started process (PID=22514) to work on /home/nikita/airflow/dags/first_dag.py
[2026-05-04T01:41:11.228+0300] {processor.py:914} INFO - Processing file /home/nikita/airflow/dags/first_dag.py for tasks to queue
[2026-05-04T01:41:11.230+0300] {logging_mixin.py:190} INFO - [2026-05-04T01:41:11.229+0300] {dagbag.py:588} INFO - Filling up the DagBag from /home/nikita/airflow/dags/first_dag.py
[2026-05-04T01:41:11.238+0300] {processor.py:925} INFO - DAG(s) 'first_example' retrieved from /home/nikita/airflow/dags/first_dag.py
[2026-05-04T01:41:11.253+0300] {logging_mixin.py:190} INFO - [2026-05-04T01:41:11.253+0300] {dag.py:3239} INFO - Sync 1 DAGs
[2026-05-04T01:41:11.266+0300] {logging_mixin.py:190} INFO - [2026-05-04T01:41:11.266+0300] {dag.py:4180} INFO - Setting next_dagrun for first_example to 2026-05-02 00:00:00+00:00, run_after=2026-05-03 00:00:00+00:00
[2026-05-04T01:41:11.280+0300] {processor.py:208} INFO - Processing /home/nikita/airflow/dags/first_dag.py took 0.056 seconds
[2026-05-04T01:41:42.814+0300] {processor.py:186} INFO - Started process (PID=22608) to work on /home/nikita/airflow/dags/first_dag.py
[2026-05-04T01:41:42.817+0300] {processor.py:914} INFO - Processing file /home/nikita/airflow/dags/first_dag.py for tasks to queue
[2026-05-04T01:41:42.818+0300] {logging_mixin.py:190} INFO - [2026-05-04T01:41:42.818+0300] {dagbag.py:588} INFO - Filling up the DagBag from /home/nikita/airflow/dags/first_dag.py
[2026-05-04T01:41:42.827+0300] {processor.py:925} INFO - DAG(s) 'first_example' retrieved from /home/nikita/airflow/dags/first_dag.py
[2026-05-04T01:41:42.843+0300] {logging_mixin.py:190} INFO - [2026-05-04T01:41:42.842+0300] {dag.py:3239} INFO - Sync 1 DAGs
[2026-05-04T01:41:42.858+0300] {logging_mixin.py:190} INFO - [2026-05-04T01:41:42.858+0300] {dag.py:4180} INFO - Setting next_dagrun for first_example to 2026-05-02 00:00:00+00:00, run_after=2026-05-03 00:00:00+00:00
[2026-05-04T01:41:42.875+0300] {processor.py:208} INFO - Processing /home/nikita/airflow/dags/first_dag.py took 0.064 seconds
[2026-05-04T01:42:13.270+0300] {processor.py:186} INFO - Started process (PID=22696) to work on /home/nikita/airflow/dags/first_dag.py
[2026-05-04T01:42:13.271+0300] {processor.py:914} INFO - Processing file /home/nikita/airflow/dags/first_dag.py for tasks to queue
[2026-05-04T01:42:13.273+0300] {logging_mixin.py:190} INFO - [2026-05-04T01:42:13.272+0300] {dagbag.py:588} INFO - Filling up the DagBag from /home/nikita/airflow/dags/first_dag.py
[2026-05-04T01:42:13.282+0300] {processor.py:925} INFO - DAG(s) 'first_example' retrieved from /home/nikita/airflow/dags/first_dag.py
[2026-05-04T01:42:13.297+0300] {logging_mixin.py:190} INFO - [2026-05-04T01:42:13.297+0300] {dag.py:3239} INFO - Sync 1 DAGs
[2026-05-04T01:42:13.310+0300] {logging_mixin.py:190} INFO - [2026-05-04T01:42:13.310+0300] {dag.py:4180} INFO - Setting next_dagrun for first_example to 2026-05-02 00:00:00+00:00, run_after=2026-05-03 00:00:00+00:00
[2026-05-04T01:42:13.325+0300] {processor.py:208} INFO - Processing /home/nikita/airflow/dags/first_dag.py took 0.059 seconds
[2026-05-04T01:42:44.858+0300] {processor.py:186} INFO - Started process (PID=22792) to work on /home/nikita/airflow/dags/first_dag.py
[2026-05-04T01:42:44.859+0300] {processor.py:914} INFO - Processing file /home/nikita/airflow/dags/first_dag.py for tasks to queue
[2026-05-04T01:42:44.861+0300] {logging_mixin.py:190} INFO - [2026-05-04T01:42:44.861+0300] {dagbag.py:588} INFO - Filling up the DagBag from /home/nikita/airflow/dags/first_dag.py
[2026-05-04T01:42:44.871+0300] {processor.py:925} INFO - DAG(s) 'first_example' retrieved from /home/nikita/airflow/dags/first_dag.py
[2026-05-04T01:42:44.890+0300] {logging_mixin.py:190} INFO - [2026-05-04T01:42:44.890+0300] {dag.py:3239} INFO - Sync 1 DAGs
[2026-05-04T01:42:44.904+0300] {logging_mixin.py:190} INFO - [2026-05-04T01:42:44.904+0300] {dag.py:4180} INFO - Setting next_dagrun for first_example to 2026-05-02 00:00:00+00:00, run_after=2026-05-03 00:00:00+00:00
[2026-05-04T01:42:44.920+0300] {processor.py:208} INFO - Processing /home/nikita/airflow/dags/first_dag.py took 0.067 seconds
[2026-05-04T01:43:16.441+0300] {processor.py:186} INFO - Started process (PID=22886) to work on /home/nikita/airflow/dags/first_dag.py
[2026-05-04T01:43:16.442+0300] {processor.py:914} INFO - Processing file /home/nikita/airflow/dags/first_dag.py for tasks to queue
[2026-05-04T01:43:16.444+0300] {logging_mixin.py:190} INFO - [2026-05-04T01:43:16.443+0300] {dagbag.py:588} INFO - Filling up the DagBag from /home/nikita/airflow/dags/first_dag.py
[2026-05-04T01:43:16.453+0300] {processor.py:925} INFO - DAG(s) 'first_example' retrieved from /home/nikita/airflow/dags/first_dag.py
[2026-05-04T01:43:16.469+0300] {logging_mixin.py:190} INFO - [2026-05-04T01:43:16.469+0300] {dag.py:3239} INFO - Sync 1 DAGs
[2026-05-04T01:43:16.482+0300] {logging_mixin.py:190} INFO - [2026-05-04T01:43:16.482+0300] {dag.py:4180} INFO - Setting next_dagrun for first_example to 2026-05-02 00:00:00+00:00, run_after=2026-05-03 00:00:00+00:00
[2026-05-04T01:43:16.499+0300] {processor.py:208} INFO - Processing /home/nikita/airflow/dags/first_dag.py took 0.061 seconds
[2026-05-04T01:43:48.032+0300] {processor.py:186} INFO - Started process (PID=22980) to work on /home/nikita/airflow/dags/first_dag.py
[2026-05-04T01:43:48.042+0300] {processor.py:914} INFO - Processing file /home/nikita/airflow/dags/first_dag.py for tasks to queue
[2026-05-04T01:43:48.044+0300] {logging_mixin.py:190} INFO - [2026-05-04T01:43:48.044+0300] {dagbag.py:588} INFO - Filling up the DagBag from /home/nikita/airflow/dags/first_dag.py
[2026-05-04T01:43:48.056+0300] {processor.py:925} INFO - DAG(s) 'first_example' retrieved from /home/nikita/airflow/dags/first_dag.py
[2026-05-04T01:43:48.077+0300] {logging_mixin.py:190} INFO - [2026-05-04T01:43:48.076+0300] {dag.py:3239} INFO - Sync 1 DAGs
[2026-05-04T01:43:48.094+0300] {logging_mixin.py:190} INFO - [2026-05-04T01:43:48.093+0300] {dag.py:4180} INFO - Setting next_dagrun for first_example to 2026-05-02 00:00:00+00:00, run_after=2026-05-03 00:00:00+00:00
[2026-05-04T01:43:48.109+0300] {processor.py:208} INFO - Processing /home/nikita/airflow/dags/first_dag.py took 0.082 seconds
[2026-05-04T01:44:18.920+0300] {processor.py:186} INFO - Started process (PID=23068) to work on /home/nikita/airflow/dags/first_dag.py
[2026-05-04T01:44:18.921+0300] {processor.py:914} INFO - Processing file /home/nikita/airflow/dags/first_dag.py for tasks to queue
[2026-05-04T01:44:18.923+0300] {logging_mixin.py:190} INFO - [2026-05-04T01:44:18.922+0300] {dagbag.py:588} INFO - Filling up the DagBag from /home/nikita/airflow/dags/first_dag.py
[2026-05-04T01:44:18.934+0300] {processor.py:925} INFO - DAG(s) 'first_example' retrieved from /home/nikita/airflow/dags/first_dag.py
[2026-05-04T01:44:18.952+0300] {logging_mixin.py:190} INFO - [2026-05-04T01:44:18.952+0300] {dag.py:3239} INFO - Sync 1 DAGs
[2026-05-04T01:44:18.968+0300] {logging_mixin.py:190} INFO - [2026-05-04T01:44:18.967+0300] {dag.py:4180} INFO - Setting next_dagrun for first_example to 2026-05-02 00:00:00+00:00, run_after=2026-05-03 00:00:00+00:00
[2026-05-04T01:44:18.984+0300] {processor.py:208} INFO - Processing /home/nikita/airflow/dags/first_dag.py took 0.069 seconds
[2026-05-04T01:44:50.497+0300] {processor.py:186} INFO - Started process (PID=23162) to work on /home/nikita/airflow/dags/first_dag.py
[2026-05-04T01:44:50.499+0300] {processor.py:914} INFO - Processing file /home/nikita/airflow/dags/first_dag.py for tasks to queue
[2026-05-04T01:44:50.500+0300] {logging_mixin.py:190} INFO - [2026-05-04T01:44:50.500+0300] {dagbag.py:588} INFO - Filling up the DagBag from /home/nikita/airflow/dags/first_dag.py
[2026-05-04T01:44:50.512+0300] {processor.py:925} INFO - DAG(s) 'first_example' retrieved from /home/nikita/airflow/dags/first_dag.py
[2026-05-04T01:44:50.534+0300] {logging_mixin.py:190} INFO - [2026-05-04T01:44:50.533+0300] {dag.py:3239} INFO - Sync 1 DAGs
[2026-05-04T01:44:50.550+0300] {logging_mixin.py:190} INFO - [2026-05-04T01:44:50.550+0300] {dag.py:4180} INFO - Setting next_dagrun for first_example to 2026-05-02 00:00:00+00:00, run_after=2026-05-03 00:00:00+00:00
[2026-05-04T01:44:50.567+0300] {processor.py:208} INFO - Processing /home/nikita/airflow/dags/first_dag.py took 0.076 seconds
[2026-05-04T01:45:22.046+0300] {processor.py:186} INFO - Started process (PID=23256) to work on /home/nikita/airflow/dags/first_dag.py
[2026-05-04T01:45:22.047+0300] {processor.py:914} INFO - Processing file /home/nikita/airflow/dags/first_dag.py for tasks to queue
[2026-05-04T01:45:22.048+0300] {logging_mixin.py:190} INFO - [2026-05-04T01:45:22.048+0300] {dagbag.py:588} INFO - Filling up the DagBag from /home/nikita/airflow/dags/first_dag.py
[2026-05-04T01:45:22.060+0300] {processor.py:925} INFO - DAG(s) 'first_example' retrieved from /home/nikita/airflow/dags/first_dag.py
[2026-05-04T01:45:22.080+0300] {logging_mixin.py:190} INFO - [2026-05-04T01:45:22.080+0300] {dag.py:3239} INFO - Sync 1 DAGs
[2026-05-04T01:45:22.095+0300] {logging_mixin.py:190} INFO - [2026-05-04T01:45:22.095+0300] {dag.py:4180} INFO - Setting next_dagrun for first_example to 2026-05-02 00:00:00+00:00, run_after=2026-05-03 00:00:00+00:00
[2026-05-04T01:45:22.112+0300] {processor.py:208} INFO - Processing /home/nikita/airflow/dags/first_dag.py took 0.070 seconds
[2026-05-04T01:45:52.607+0300] {processor.py:186} INFO - Started process (PID=23344) to work on /home/nikita/airflow/dags/first_dag.py
[2026-05-04T01:45:52.617+0300] {processor.py:914} INFO - Processing file /home/nikita/airflow/dags/first_dag.py for tasks to queue
[2026-05-04T01:45:52.619+0300] {logging_mixin.py:190} INFO - [2026-05-04T01:45:52.619+0300] {dagbag.py:588} INFO - Filling up the DagBag from /home/nikita/airflow/dags/first_dag.py
[2026-05-04T01:45:52.631+0300] {processor.py:925} INFO - DAG(s) 'first_example' retrieved from /home/nikita/airflow/dags/first_dag.py
[2026-05-04T01:45:52.649+0300] {logging_mixin.py:190} INFO - [2026-05-04T01:45:52.649+0300] {dag.py:3239} INFO - Sync 1 DAGs
[2026-05-04T01:45:52.665+0300] {logging_mixin.py:190} INFO - [2026-05-04T01:45:52.664+0300] {dag.py:4180} INFO - Setting next_dagrun for first_example to 2026-05-02 00:00:00+00:00, run_after=2026-05-03 00:00:00+00:00
[2026-05-04T01:45:52.681+0300] {processor.py:208} INFO - Processing /home/nikita/airflow/dags/first_dag.py took 0.079 seconds
[2026-05-04T01:46:24.108+0300] {processor.py:186} INFO - Started process (PID=23438) to work on /home/nikita/airflow/dags/first_dag.py
[2026-05-04T01:46:24.109+0300] {processor.py:914} INFO - Processing file /home/nikita/airflow/dags/first_dag.py for tasks to queue
[2026-05-04T01:46:24.111+0300] {logging_mixin.py:190} INFO - [2026-05-04T01:46:24.110+0300] {dagbag.py:588} INFO - Filling up the DagBag from /home/nikita/airflow/dags/first_dag.py
[2026-05-04T01:46:24.122+0300] {processor.py:925} INFO - DAG(s) 'first_example' retrieved from /home/nikita/airflow/dags/first_dag.py
[2026-05-04T01:46:24.141+0300] {logging_mixin.py:190} INFO - [2026-05-04T01:46:24.141+0300] {dag.py:3239} INFO - Sync 1 DAGs
[2026-05-04T01:46:24.156+0300] {logging_mixin.py:190} INFO - [2026-05-04T01:46:24.156+0300] {dag.py:4180} INFO - Setting next_dagrun for first_example to 2026-05-02 00:00:00+00:00, run_after=2026-05-03 00:00:00+00:00
[2026-05-04T01:46:24.172+0300] {processor.py:208} INFO - Processing /home/nikita/airflow/dags/first_dag.py took 0.069 seconds
[2026-05-04T01:46:55.813+0300] {processor.py:186} INFO - Started process (PID=23532) to work on /home/nikita/airflow/dags/first_dag.py
[2026-05-04T01:46:55.821+0300] {processor.py:914} INFO - Processing file /home/nikita/airflow/dags/first_dag.py for tasks to queue
[2026-05-04T01:46:55.823+0300] {logging_mixin.py:190} INFO - [2026-05-04T01:46:55.823+0300] {dagbag.py:588} INFO - Filling up the DagBag from /home/nikita/airflow/dags/first_dag.py
[2026-05-04T01:46:55.838+0300] {processor.py:925} INFO - DAG(s) 'first_example' retrieved from /home/nikita/airflow/dags/first_dag.py
[2026-05-04T01:46:55.858+0300] {logging_mixin.py:190} INFO - [2026-05-04T01:46:55.858+0300] {dag.py:3239} INFO - Sync 1 DAGs
[2026-05-04T01:46:55.875+0300] {logging_mixin.py:190} INFO - [2026-05-04T01:46:55.875+0300] {dag.py:4180} INFO - Setting next_dagrun for first_example to 2026-05-02 00:00:00+00:00, run_after=2026-05-03 00:00:00+00:00
[2026-05-04T01:46:55.996+0300] {processor.py:208} INFO - Processing /home/nikita/airflow/dags/first_dag.py took 0.187 seconds
[2026-05-04T01:47:27.464+0300] {processor.py:186} INFO - Started process (PID=23626) to work on /home/nikita/airflow/dags/first_dag.py
[2026-05-04T01:47:27.465+0300] {processor.py:914} INFO - Processing file /home/nikita/airflow/dags/first_dag.py for tasks to queue
[2026-05-04T01:47:27.467+0300] {logging_mixin.py:190} INFO - [2026-05-04T01:47:27.467+0300] {dagbag.py:588} INFO - Filling up the DagBag from /home/nikita/airflow/dags/first_dag.py
[2026-05-04T01:47:27.477+0300] {processor.py:925} INFO - DAG(s) 'first_example' retrieved from /home/nikita/airflow/dags/first_dag.py
[2026-05-04T01:47:27.497+0300] {logging_mixin.py:190} INFO - [2026-05-04T01:47:27.497+0300] {dag.py:3239} INFO - Sync 1 DAGs
[2026-05-04T01:47:27.621+0300] {logging_mixin.py:190} INFO - [2026-05-04T01:47:27.621+0300] {dag.py:4180} INFO - Setting next_dagrun for first_example to 2026-05-02 00:00:00+00:00, run_after=2026-05-03 00:00:00+00:00
[2026-05-04T01:47:27.637+0300] {processor.py:208} INFO - Processing /home/nikita/airflow/dags/first_dag.py took 0.177 seconds
[2026-05-04T01:47:58.841+0300] {processor.py:186} INFO - Started process (PID=23717) to work on /home/nikita/airflow/dags/first_dag.py
[2026-05-04T01:47:58.843+0300] {processor.py:914} INFO - Processing file /home/nikita/airflow/dags/first_dag.py for tasks to queue
[2026-05-04T01:47:58.845+0300] {logging_mixin.py:190} INFO - [2026-05-04T01:47:58.845+0300] {dagbag.py:588} INFO - Filling up the DagBag from /home/nikita/airflow/dags/first_dag.py
[2026-05-04T01:47:58.857+0300] {processor.py:925} INFO - DAG(s) 'first_example' retrieved from /home/nikita/airflow/dags/first_dag.py
[2026-05-04T01:47:58.877+0300] {logging_mixin.py:190} INFO - [2026-05-04T01:47:58.877+0300] {dag.py:3239} INFO - Sync 1 DAGs
[2026-05-04T01:47:58.994+0300] {logging_mixin.py:190} INFO - [2026-05-04T01:47:58.994+0300] {dag.py:4180} INFO - Setting next_dagrun for first_example to 2026-05-02 00:00:00+00:00, run_after=2026-05-03 00:00:00+00:00
[2026-05-04T01:47:59.009+0300] {processor.py:208} INFO - Processing /home/nikita/airflow/dags/first_dag.py took 0.173 seconds
[2026-05-04T01:48:29.448+0300] {processor.py:186} INFO - Started process (PID=23815) to work on /home/nikita/airflow/dags/first_dag.py
[2026-05-04T01:48:29.449+0300] {processor.py:914} INFO - Processing file /home/nikita/airflow/dags/first_dag.py for tasks to queue
[2026-05-04T01:48:29.451+0300] {logging_mixin.py:190} INFO - [2026-05-04T01:48:29.451+0300] {dagbag.py:588} INFO - Filling up the DagBag from /home/nikita/airflow/dags/first_dag.py
[2026-05-04T01:48:29.463+0300] {processor.py:925} INFO - DAG(s) 'first_example' retrieved from /home/nikita/airflow/dags/first_dag.py
[2026-05-04T01:48:29.582+0300] {logging_mixin.py:190} INFO - [2026-05-04T01:48:29.582+0300] {dag.py:3239} INFO - Sync 1 DAGs
[2026-05-04T01:48:29.601+0300] {logging_mixin.py:190} INFO - [2026-05-04T01:48:29.600+0300] {dag.py:4180} INFO - Setting next_dagrun for first_example to 2026-05-02 00:00:00+00:00, run_after=2026-05-03 00:00:00+00:00
[2026-05-04T01:48:29.622+0300] {processor.py:208} INFO - Processing /home/nikita/airflow/dags/first_dag.py took 0.179 seconds
[2026-05-04T01:49:00.861+0300] {processor.py:186} INFO - Started process (PID=23907) to work on /home/nikita/airflow/dags/first_dag.py
[2026-05-04T01:49:00.871+0300] {processor.py:914} INFO - Processing file /home/nikita/airflow/dags/first_dag.py for tasks to queue
[2026-05-04T01:49:00.873+0300] {logging_mixin.py:190} INFO - [2026-05-04T01:49:00.873+0300] {dagbag.py:588} INFO - Filling up the DagBag from /home/nikita/airflow/dags/first_dag.py
[2026-05-04T01:49:00.885+0300] {processor.py:925} INFO - DAG(s) 'first_example' retrieved from /home/nikita/airflow/dags/first_dag.py
[2026-05-04T01:49:00.905+0300] {logging_mixin.py:190} INFO - [2026-05-04T01:49:00.905+0300] {dag.py:3239} INFO - Sync 1 DAGs
[2026-05-04T01:49:00.921+0300] {logging_mixin.py:190} INFO - [2026-05-04T01:49:00.921+0300] {dag.py:4180} INFO - Setting next_dagrun for first_example to 2026-05-02 00:00:00+00:00, run_after=2026-05-03 00:00:00+00:00
[2026-05-04T01:49:00.939+0300] {processor.py:208} INFO - Processing /home/nikita/airflow/dags/first_dag.py took 0.084 seconds
[2026-05-04T01:49:32.475+0300] {processor.py:186} INFO - Started process (PID=24001) to work on /home/nikita/airflow/dags/first_dag.py
[2026-05-04T01:49:32.477+0300] {processor.py:914} INFO - Processing file /home/nikita/airflow/dags/first_dag.py for tasks to queue
[2026-05-04T01:49:32.479+0300] {logging_mixin.py:190} INFO - [2026-05-04T01:49:32.478+0300] {dagbag.py:588} INFO - Filling up the DagBag from /home/nikita/airflow/dags/first_dag.py
[2026-05-04T01:49:32.488+0300] {processor.py:925} INFO - DAG(s) 'first_example' retrieved from /home/nikita/airflow/dags/first_dag.py
[2026-05-04T01:49:32.504+0300] {logging_mixin.py:190} INFO - [2026-05-04T01:49:32.504+0300] {dag.py:3239} INFO - Sync 1 DAGs
[2026-05-04T01:49:32.519+0300] {logging_mixin.py:190} INFO - [2026-05-04T01:49:32.519+0300] {dag.py:4180} INFO - Setting next_dagrun for first_example to 2026-05-02 00:00:00+00:00, run_after=2026-05-03 00:00:00+00:00
[2026-05-04T01:49:32.534+0300] {processor.py:208} INFO - Processing /home/nikita/airflow/dags/first_dag.py took 0.063 seconds
[2026-05-04T01:50:02.987+0300] {processor.py:186} INFO - Started process (PID=24095) to work on /home/nikita/airflow/dags/first_dag.py
[2026-05-04T01:50:02.996+0300] {processor.py:914} INFO - Processing file /home/nikita/airflow/dags/first_dag.py for tasks to queue
[2026-05-04T01:50:02.997+0300] {logging_mixin.py:190} INFO - [2026-05-04T01:50:02.997+0300] {dagbag.py:588} INFO - Filling up the DagBag from /home/nikita/airflow/dags/first_dag.py
[2026-05-04T01:50:03.006+0300] {processor.py:925} INFO - DAG(s) 'first_example' retrieved from /home/nikita/airflow/dags/first_dag.py
[2026-05-04T01:50:03.022+0300] {logging_mixin.py:190} INFO - [2026-05-04T01:50:03.021+0300] {dag.py:3239} INFO - Sync 1 DAGs
[2026-05-04T01:50:03.035+0300] {logging_mixin.py:190} INFO - [2026-05-04T01:50:03.035+0300] {dag.py:4180} INFO - Setting next_dagrun for first_example to 2026-05-02 00:00:00+00:00, run_after=2026-05-03 00:00:00+00:00
[2026-05-04T01:50:03.051+0300] {processor.py:208} INFO - Processing /home/nikita/airflow/dags/first_dag.py took 0.069 seconds
[2026-05-04T01:50:34.567+0300] {processor.py:186} INFO - Started process (PID=24184) to work on /home/nikita/airflow/dags/first_dag.py
[2026-05-04T01:50:34.576+0300] {processor.py:914} INFO - Processing file /home/nikita/airflow/dags/first_dag.py for tasks to queue
[2026-05-04T01:50:34.577+0300] {logging_mixin.py:190} INFO - [2026-05-04T01:50:34.577+0300] {dagbag.py:588} INFO - Filling up the DagBag from /home/nikita/airflow/dags/first_dag.py
[2026-05-04T01:50:34.586+0300] {processor.py:925} INFO - DAG(s) 'first_example' retrieved from /home/nikita/airflow/dags/first_dag.py
[2026-05-04T01:50:34.602+0300] {logging_mixin.py:190} INFO - [2026-05-04T01:50:34.602+0300] {dag.py:3239} INFO - Sync 1 DAGs
[2026-05-04T01:50:34.615+0300] {logging_mixin.py:190} INFO - [2026-05-04T01:50:34.614+0300] {dag.py:4180} INFO - Setting next_dagrun for first_example to 2026-05-02 00:00:00+00:00, run_after=2026-05-03 00:00:00+00:00
[2026-05-04T01:50:34.629+0300] {processor.py:208} INFO - Processing /home/nikita/airflow/dags/first_dag.py took 0.067 seconds
[2026-05-04T01:51:05.050+0300] {processor.py:186} INFO - Started process (PID=24278) to work on /home/nikita/airflow/dags/first_dag.py
[2026-05-04T01:51:05.051+0300] {processor.py:914} INFO - Processing file /home/nikita/airflow/dags/first_dag.py for tasks to queue
[2026-05-04T01:51:05.053+0300] {logging_mixin.py:190} INFO - [2026-05-04T01:51:05.052+0300] {dagbag.py:588} INFO - Filling up the DagBag from /home/nikita/airflow/dags/first_dag.py
[2026-05-04T01:51:05.063+0300] {processor.py:925} INFO - DAG(s) 'first_example' retrieved from /home/nikita/airflow/dags/first_dag.py
[2026-05-04T01:51:05.079+0300] {logging_mixin.py:190} INFO - [2026-05-04T01:51:05.078+0300] {dag.py:3239} INFO - Sync 1 DAGs
[2026-05-04T01:51:05.092+0300] {logging_mixin.py:190} INFO - [2026-05-04T01:51:05.092+0300] {dag.py:4180} INFO - Setting next_dagrun for first_example to 2026-05-02 00:00:00+00:00, run_after=2026-05-03 00:00:00+00:00
[2026-05-04T01:51:05.106+0300] {processor.py:208} INFO - Processing /home/nikita/airflow/dags/first_dag.py took 0.061 seconds
[2026-05-04T01:51:36.659+0300] {processor.py:186} INFO - Started process (PID=24378) to work on /home/nikita/airflow/dags/first_dag.py
[2026-05-04T01:51:36.660+0300] {processor.py:914} INFO - Processing file /home/nikita/airflow/dags/first_dag.py for tasks to queue
[2026-05-04T01:51:36.662+0300] {logging_mixin.py:190} INFO - [2026-05-04T01:51:36.661+0300] {dagbag.py:588} INFO - Filling up the DagBag from /home/nikita/airflow/dags/first_dag.py
[2026-05-04T01:51:36.671+0300] {processor.py:925} INFO - DAG(s) 'first_example' retrieved from /home/nikita/airflow/dags/first_dag.py
[2026-05-04T01:51:36.687+0300] {logging_mixin.py:190} INFO - [2026-05-04T01:51:36.686+0300] {dag.py:3239} INFO - Sync 1 DAGs
[2026-05-04T01:51:36.699+0300] {logging_mixin.py:190} INFO - [2026-05-04T01:51:36.699+0300] {dag.py:4180} INFO - Setting next_dagrun for first_example to 2026-05-02 00:00:00+00:00, run_after=2026-05-03 00:00:00+00:00
[2026-05-04T01:51:36.716+0300] {processor.py:208} INFO - Processing /home/nikita/airflow/dags/first_dag.py took 0.061 seconds
[2026-05-04T01:52:08.318+0300] {processor.py:186} INFO - Started process (PID=24468) to work on /home/nikita/airflow/dags/first_dag.py
[2026-05-04T01:52:08.327+0300] {processor.py:914} INFO - Processing file /home/nikita/airflow/dags/first_dag.py for tasks to queue
[2026-05-04T01:52:08.329+0300] {logging_mixin.py:190} INFO - [2026-05-04T01:52:08.328+0300] {dagbag.py:588} INFO - Filling up the DagBag from /home/nikita/airflow/dags/first_dag.py
[2026-05-04T01:52:08.339+0300] {processor.py:925} INFO - DAG(s) 'first_example' retrieved from /home/nikita/airflow/dags/first_dag.py
[2026-05-04T01:52:08.355+0300] {logging_mixin.py:190} INFO - [2026-05-04T01:52:08.355+0300] {dag.py:3239} INFO - Sync 1 DAGs
[2026-05-04T01:52:08.369+0300] {logging_mixin.py:190} INFO - [2026-05-04T01:52:08.369+0300] {dag.py:4180} INFO - Setting next_dagrun for first_example to 2026-05-02 00:00:00+00:00, run_after=2026-05-03 00:00:00+00:00
[2026-05-04T01:52:08.384+0300] {processor.py:208} INFO - Processing /home/nikita/airflow/dags/first_dag.py took 0.070 seconds
