[2026-05-04T01:53:02.397+0300] {processor.py:186} INFO - Started process (PID=24636) to work on /home/nikita/airflow/diplom/dags/partition_creation_dag.py
[2026-05-04T01:53:02.398+0300] {processor.py:914} INFO - Processing file /home/nikita/airflow/diplom/dags/partition_creation_dag.py for tasks to queue
[2026-05-04T01:53:02.400+0300] {logging_mixin.py:190} INFO - [2026-05-04T01:53:02.399+0300] {dagbag.py:588} INFO - Filling up the DagBag from /home/nikita/airflow/diplom/dags/partition_creation_dag.py
[2026-05-04T01:53:02.413+0300] {processor.py:925} INFO - DAG(s) 'dynamic_partition_creation' retrieved from /home/nikita/airflow/diplom/dags/partition_creation_dag.py
[2026-05-04T01:53:02.504+0300] {logging_mixin.py:190} INFO - [2026-05-04T01:53:02.503+0300] {override.py:1930} INFO - Created Permission View: can edit on DAG:dynamic_partition_creation
[2026-05-04T01:53:02.512+0300] {logging_mixin.py:190} INFO - [2026-05-04T01:53:02.512+0300] {override.py:1930} INFO - Created Permission View: can delete on DAG:dynamic_partition_creation
[2026-05-04T01:53:02.519+0300] {logging_mixin.py:190} INFO - [2026-05-04T01:53:02.519+0300] {override.py:1930} INFO - Created Permission View: can read on DAG:dynamic_partition_creation
[2026-05-04T01:53:02.528+0300] {logging_mixin.py:190} INFO - [2026-05-04T01:53:02.528+0300] {override.py:1930} INFO - Created Permission View: menu access on DAG Run:dynamic_partition_creation
[2026-05-04T01:53:02.534+0300] {logging_mixin.py:190} INFO - [2026-05-04T01:53:02.534+0300] {override.py:1930} INFO - Created Permission View: can create on DAG Run:dynamic_partition_creation
[2026-05-04T01:53:02.540+0300] {logging_mixin.py:190} INFO - [2026-05-04T01:53:02.540+0300] {override.py:1930} INFO - Created Permission View: can delete on DAG Run:dynamic_partition_creation
[2026-05-04T01:53:02.547+0300] {logging_mixin.py:190} INFO - [2026-05-04T01:53:02.547+0300] {override.py:1930} INFO - Created Permission View: can read on DAG Run:dynamic_partition_creation
[2026-05-04T01:53:02.548+0300] {logging_mixin.py:190} INFO - [2026-05-04T01:53:02.548+0300] {dag.py:3239} INFO - Sync 1 DAGs
[2026-05-04T01:53:02.557+0300] {logging_mixin.py:190} INFO - [2026-05-04T01:53:02.557+0300] {dag.py:3262} INFO - Creating ORM DAG for dynamic_partition_creation
[2026-05-04T01:53:02.564+0300] {logging_mixin.py:190} INFO - [2026-05-04T01:53:02.563+0300] {dag.py:4180} INFO - Setting next_dagrun for dynamic_partition_creation to 2026-05-03 12:00:00+00:00, run_after=2026-05-03 18:00:00+00:00
[2026-05-04T01:53:02.579+0300] {processor.py:208} INFO - Processing /home/nikita/airflow/diplom/dags/partition_creation_dag.py took 0.188 seconds
[2026-05-04T01:53:32.904+0300] {processor.py:186} INFO - Started process (PID=24749) to work on /home/nikita/airflow/diplom/dags/partition_creation_dag.py
[2026-05-04T01:53:32.912+0300] {processor.py:914} INFO - Processing file /home/nikita/airflow/diplom/dags/partition_creation_dag.py for tasks to queue
[2026-05-04T01:53:32.915+0300] {logging_mixin.py:190} INFO - [2026-05-04T01:53:32.914+0300] {dagbag.py:588} INFO - Filling up the DagBag from /home/nikita/airflow/diplom/dags/partition_creation_dag.py
[2026-05-04T01:53:32.927+0300] {processor.py:925} INFO - DAG(s) 'dynamic_partition_creation' retrieved from /home/nikita/airflow/diplom/dags/partition_creation_dag.py
[2026-05-04T01:53:32.950+0300] {logging_mixin.py:190} INFO - [2026-05-04T01:53:32.949+0300] {dag.py:3239} INFO - Sync 1 DAGs
[2026-05-04T01:53:32.969+0300] {logging_mixin.py:190} INFO - [2026-05-04T01:53:32.968+0300] {dag.py:4180} INFO - Setting next_dagrun for dynamic_partition_creation to 2026-05-03 12:00:00+00:00, run_after=2026-05-03 18:00:00+00:00
[2026-05-04T01:53:32.986+0300] {processor.py:208} INFO - Processing /home/nikita/airflow/diplom/dags/partition_creation_dag.py took 0.088 seconds
[2026-05-04T01:54:03.426+0300] {processor.py:186} INFO - Started process (PID=24838) to work on /home/nikita/airflow/diplom/dags/partition_creation_dag.py
[2026-05-04T01:54:03.434+0300] {processor.py:914} INFO - Processing file /home/nikita/airflow/diplom/dags/partition_creation_dag.py for tasks to queue
[2026-05-04T01:54:03.436+0300] {logging_mixin.py:190} INFO - [2026-05-04T01:54:03.436+0300] {dagbag.py:588} INFO - Filling up the DagBag from /home/nikita/airflow/diplom/dags/partition_creation_dag.py
[2026-05-04T01:54:03.447+0300] {processor.py:925} INFO - DAG(s) 'dynamic_partition_creation' retrieved from /home/nikita/airflow/diplom/dags/partition_creation_dag.py
[2026-05-04T01:54:03.470+0300] {logging_mixin.py:190} INFO - [2026-05-04T01:54:03.469+0300] {dag.py:3239} INFO - Sync 1 DAGs
[2026-05-04T01:54:03.488+0300] {logging_mixin.py:190} INFO - [2026-05-04T01:54:03.488+0300] {dag.py:4180} INFO - Setting next_dagrun for dynamic_partition_creation to 2026-05-03 12:00:00+00:00, run_after=2026-05-03 18:00:00+00:00
[2026-05-04T01:54:03.508+0300] {processor.py:208} INFO - Processing /home/nikita/airflow/diplom/dags/partition_creation_dag.py took 0.087 seconds
[2026-05-04T01:54:33.954+0300] {processor.py:186} INFO - Started process (PID=24924) to work on /home/nikita/airflow/diplom/dags/partition_creation_dag.py
[2026-05-04T01:54:33.963+0300] {processor.py:914} INFO - Processing file /home/nikita/airflow/diplom/dags/partition_creation_dag.py for tasks to queue
[2026-05-04T01:54:33.965+0300] {logging_mixin.py:190} INFO - [2026-05-04T01:54:33.964+0300] {dagbag.py:588} INFO - Filling up the DagBag from /home/nikita/airflow/diplom/dags/partition_creation_dag.py
[2026-05-04T01:54:33.976+0300] {processor.py:925} INFO - DAG(s) 'dynamic_partition_creation' retrieved from /home/nikita/airflow/diplom/dags/partition_creation_dag.py
[2026-05-04T01:54:33.996+0300] {logging_mixin.py:190} INFO - [2026-05-04T01:54:33.996+0300] {dag.py:3239} INFO - Sync 1 DAGs
[2026-05-04T01:54:34.014+0300] {logging_mixin.py:190} INFO - [2026-05-04T01:54:34.014+0300] {dag.py:4180} INFO - Setting next_dagrun for dynamic_partition_creation to 2026-05-03 12:00:00+00:00, run_after=2026-05-03 18:00:00+00:00
[2026-05-04T01:54:34.032+0300] {processor.py:208} INFO - Processing /home/nikita/airflow/diplom/dags/partition_creation_dag.py took 0.083 seconds
[2026-05-04T01:55:04.458+0300] {processor.py:186} INFO - Started process (PID=25010) to work on /home/nikita/airflow/diplom/dags/partition_creation_dag.py
[2026-05-04T01:55:04.467+0300] {processor.py:914} INFO - Processing file /home/nikita/airflow/diplom/dags/partition_creation_dag.py for tasks to queue
[2026-05-04T01:55:04.469+0300] {logging_mixin.py:190} INFO - [2026-05-04T01:55:04.469+0300] {dagbag.py:588} INFO - Filling up the DagBag from /home/nikita/airflow/diplom/dags/partition_creation_dag.py
[2026-05-04T01:55:04.480+0300] {processor.py:925} INFO - DAG(s) 'dynamic_partition_creation' retrieved from /home/nikita/airflow/diplom/dags/partition_creation_dag.py
[2026-05-04T01:55:04.501+0300] {logging_mixin.py:190} INFO - [2026-05-04T01:55:04.501+0300] {dag.py:3239} INFO - Sync 1 DAGs
[2026-05-04T01:55:04.517+0300] {logging_mixin.py:190} INFO - [2026-05-04T01:55:04.517+0300] {dag.py:4180} INFO - Setting next_dagrun for dynamic_partition_creation to 2026-05-03 12:00:00+00:00, run_after=2026-05-03 18:00:00+00:00
[2026-05-04T01:55:04.535+0300] {processor.py:208} INFO - Processing /home/nikita/airflow/diplom/dags/partition_creation_dag.py took 0.081 seconds
[2026-05-04T01:55:35.248+0300] {processor.py:186} INFO - Started process (PID=25132) to work on /home/nikita/airflow/diplom/dags/partition_creation_dag.py
[2026-05-04T01:55:35.249+0300] {processor.py:914} INFO - Processing file /home/nikita/airflow/diplom/dags/partition_creation_dag.py for tasks to queue
[2026-05-04T01:55:35.250+0300] {logging_mixin.py:190} INFO - [2026-05-04T01:55:35.250+0300] {dagbag.py:588} INFO - Filling up the DagBag from /home/nikita/airflow/diplom/dags/partition_creation_dag.py
[2026-05-04T01:55:35.261+0300] {processor.py:925} INFO - DAG(s) 'dynamic_partition_creation' retrieved from /home/nikita/airflow/diplom/dags/partition_creation_dag.py
[2026-05-04T01:55:35.281+0300] {logging_mixin.py:190} INFO - [2026-05-04T01:55:35.281+0300] {dag.py:3239} INFO - Sync 1 DAGs
[2026-05-04T01:55:35.312+0300] {processor.py:208} INFO - Processing /home/nikita/airflow/diplom/dags/partition_creation_dag.py took 0.068 seconds
[2026-05-04T01:56:05.390+0300] {processor.py:186} INFO - Started process (PID=25246) to work on /home/nikita/airflow/diplom/dags/partition_creation_dag.py
[2026-05-04T01:56:05.400+0300] {processor.py:914} INFO - Processing file /home/nikita/airflow/diplom/dags/partition_creation_dag.py for tasks to queue
[2026-05-04T01:56:05.402+0300] {logging_mixin.py:190} INFO - [2026-05-04T01:56:05.402+0300] {dagbag.py:588} INFO - Filling up the DagBag from /home/nikita/airflow/diplom/dags/partition_creation_dag.py
[2026-05-04T01:56:05.412+0300] {processor.py:925} INFO - DAG(s) 'dynamic_partition_creation' retrieved from /home/nikita/airflow/diplom/dags/partition_creation_dag.py
[2026-05-04T01:56:05.431+0300] {logging_mixin.py:190} INFO - [2026-05-04T01:56:05.431+0300] {dag.py:3239} INFO - Sync 1 DAGs
[2026-05-04T01:56:05.447+0300] {logging_mixin.py:190} INFO - [2026-05-04T01:56:05.447+0300] {dag.py:4180} INFO - Setting next_dagrun for dynamic_partition_creation to 2026-05-03 18:00:00+00:00, run_after=2026-05-04 00:00:00+00:00
[2026-05-04T01:56:05.464+0300] {processor.py:208} INFO - Processing /home/nikita/airflow/diplom/dags/partition_creation_dag.py took 0.078 seconds
[2026-05-04T01:56:36.113+0300] {processor.py:186} INFO - Started process (PID=25332) to work on /home/nikita/airflow/diplom/dags/partition_creation_dag.py
[2026-05-04T01:56:36.122+0300] {processor.py:914} INFO - Processing file /home/nikita/airflow/diplom/dags/partition_creation_dag.py for tasks to queue
[2026-05-04T01:56:36.124+0300] {logging_mixin.py:190} INFO - [2026-05-04T01:56:36.124+0300] {dagbag.py:588} INFO - Filling up the DagBag from /home/nikita/airflow/diplom/dags/partition_creation_dag.py
[2026-05-04T01:56:36.134+0300] {processor.py:925} INFO - DAG(s) 'dynamic_partition_creation' retrieved from /home/nikita/airflow/diplom/dags/partition_creation_dag.py
[2026-05-04T01:56:36.155+0300] {logging_mixin.py:190} INFO - [2026-05-04T01:56:36.155+0300] {dag.py:3239} INFO - Sync 1 DAGs
[2026-05-04T01:56:36.170+0300] {logging_mixin.py:190} INFO - [2026-05-04T01:56:36.170+0300] {dag.py:4180} INFO - Setting next_dagrun for dynamic_partition_creation to 2026-05-03 18:00:00+00:00, run_after=2026-05-04 00:00:00+00:00
[2026-05-04T01:56:36.188+0300] {processor.py:208} INFO - Processing /home/nikita/airflow/diplom/dags/partition_creation_dag.py took 0.079 seconds
[2026-05-04T01:57:06.608+0300] {processor.py:186} INFO - Started process (PID=25424) to work on /home/nikita/airflow/diplom/dags/partition_creation_dag.py
[2026-05-04T01:57:06.609+0300] {processor.py:914} INFO - Processing file /home/nikita/airflow/diplom/dags/partition_creation_dag.py for tasks to queue
[2026-05-04T01:57:06.610+0300] {logging_mixin.py:190} INFO - [2026-05-04T01:57:06.610+0300] {dagbag.py:588} INFO - Filling up the DagBag from /home/nikita/airflow/diplom/dags/partition_creation_dag.py
[2026-05-04T01:57:06.621+0300] {processor.py:925} INFO - DAG(s) 'dynamic_partition_creation' retrieved from /home/nikita/airflow/diplom/dags/partition_creation_dag.py
[2026-05-04T01:57:06.642+0300] {logging_mixin.py:190} INFO - [2026-05-04T01:57:06.641+0300] {dag.py:3239} INFO - Sync 1 DAGs
[2026-05-04T01:57:06.657+0300] {logging_mixin.py:190} INFO - [2026-05-04T01:57:06.657+0300] {dag.py:4180} INFO - Setting next_dagrun for dynamic_partition_creation to 2026-05-03 18:00:00+00:00, run_after=2026-05-04 00:00:00+00:00
[2026-05-04T01:57:06.674+0300] {processor.py:208} INFO - Processing /home/nikita/airflow/diplom/dags/partition_creation_dag.py took 0.070 seconds
[2026-05-04T01:57:37.112+0300] {processor.py:186} INFO - Started process (PID=25510) to work on /home/nikita/airflow/diplom/dags/partition_creation_dag.py
[2026-05-04T01:57:37.122+0300] {processor.py:914} INFO - Processing file /home/nikita/airflow/diplom/dags/partition_creation_dag.py for tasks to queue
[2026-05-04T01:57:37.124+0300] {logging_mixin.py:190} INFO - [2026-05-04T01:57:37.124+0300] {dagbag.py:588} INFO - Filling up the DagBag from /home/nikita/airflow/diplom/dags/partition_creation_dag.py
[2026-05-04T01:57:37.137+0300] {processor.py:925} INFO - DAG(s) 'dynamic_partition_creation' retrieved from /home/nikita/airflow/diplom/dags/partition_creation_dag.py
[2026-05-04T01:57:37.162+0300] {logging_mixin.py:190} INFO - [2026-05-04T01:57:37.162+0300] {dag.py:3239} INFO - Sync 1 DAGs
[2026-05-04T01:57:37.181+0300] {logging_mixin.py:190} INFO - [2026-05-04T01:57:37.181+0300] {dag.py:4180} INFO - Setting next_dagrun for dynamic_partition_creation to 2026-05-03 18:00:00+00:00, run_after=2026-05-04 00:00:00+00:00
[2026-05-04T01:57:37.199+0300] {processor.py:208} INFO - Processing /home/nikita/airflow/diplom/dags/partition_creation_dag.py took 0.092 seconds
[2026-05-04T01:58:07.782+0300] {processor.py:186} INFO - Started process (PID=25655) to work on /home/nikita/airflow/diplom/dags/partition_creation_dag.py
[2026-05-04T01:58:07.783+0300] {processor.py:914} INFO - Processing file /home/nikita/airflow/diplom/dags/partition_creation_dag.py for tasks to queue
[2026-05-04T01:58:07.786+0300] {logging_mixin.py:190} INFO - [2026-05-04T01:58:07.785+0300] {dagbag.py:588} INFO - Filling up the DagBag from /home/nikita/airflow/diplom/dags/partition_creation_dag.py
[2026-05-04T01:58:07.800+0300] {processor.py:925} INFO - DAG(s) 'dynamic_partition_creation' retrieved from /home/nikita/airflow/diplom/dags/partition_creation_dag.py
[2026-05-04T01:58:07.826+0300] {logging_mixin.py:190} INFO - [2026-05-04T01:58:07.826+0300] {dag.py:3239} INFO - Sync 1 DAGs
[2026-05-04T01:58:07.843+0300] {logging_mixin.py:190} INFO - [2026-05-04T01:58:07.843+0300] {dag.py:4180} INFO - Setting next_dagrun for dynamic_partition_creation to 2026-05-03 18:00:00+00:00, run_after=2026-05-04 00:00:00+00:00
[2026-05-04T01:58:07.861+0300] {processor.py:208} INFO - Processing /home/nikita/airflow/diplom/dags/partition_creation_dag.py took 0.084 seconds
[2026-05-04T01:58:38.388+0300] {processor.py:186} INFO - Started process (PID=25772) to work on /home/nikita/airflow/diplom/dags/partition_creation_dag.py
[2026-05-04T01:58:38.396+0300] {processor.py:914} INFO - Processing file /home/nikita/airflow/diplom/dags/partition_creation_dag.py for tasks to queue
[2026-05-04T01:58:38.398+0300] {logging_mixin.py:190} INFO - [2026-05-04T01:58:38.398+0300] {dagbag.py:588} INFO - Filling up the DagBag from /home/nikita/airflow/diplom/dags/partition_creation_dag.py
[2026-05-04T01:58:38.409+0300] {processor.py:925} INFO - DAG(s) 'dynamic_partition_creation' retrieved from /home/nikita/airflow/diplom/dags/partition_creation_dag.py
[2026-05-04T01:58:38.430+0300] {logging_mixin.py:190} INFO - [2026-05-04T01:58:38.430+0300] {dag.py:3239} INFO - Sync 1 DAGs
[2026-05-04T01:58:38.445+0300] {logging_mixin.py:190} INFO - [2026-05-04T01:58:38.445+0300] {dag.py:4180} INFO - Setting next_dagrun for dynamic_partition_creation to 2026-05-03 18:00:00+00:00, run_after=2026-05-04 00:00:00+00:00
[2026-05-04T01:58:38.464+0300] {processor.py:208} INFO - Processing /home/nikita/airflow/diplom/dags/partition_creation_dag.py took 0.081 seconds
[2026-05-04T01:59:08.814+0300] {processor.py:186} INFO - Started process (PID=25858) to work on /home/nikita/airflow/diplom/dags/partition_creation_dag.py
[2026-05-04T01:59:08.823+0300] {processor.py:914} INFO - Processing file /home/nikita/airflow/diplom/dags/partition_creation_dag.py for tasks to queue
[2026-05-04T01:59:08.825+0300] {logging_mixin.py:190} INFO - [2026-05-04T01:59:08.824+0300] {dagbag.py:588} INFO - Filling up the DagBag from /home/nikita/airflow/diplom/dags/partition_creation_dag.py
[2026-05-04T01:59:08.834+0300] {processor.py:925} INFO - DAG(s) 'dynamic_partition_creation' retrieved from /home/nikita/airflow/diplom/dags/partition_creation_dag.py
[2026-05-04T01:59:08.853+0300] {logging_mixin.py:190} INFO - [2026-05-04T01:59:08.853+0300] {dag.py:3239} INFO - Sync 1 DAGs
[2026-05-04T01:59:08.869+0300] {logging_mixin.py:190} INFO - [2026-05-04T01:59:08.869+0300] {dag.py:4180} INFO - Setting next_dagrun for dynamic_partition_creation to 2026-05-03 18:00:00+00:00, run_after=2026-05-04 00:00:00+00:00
[2026-05-04T01:59:08.987+0300] {processor.py:208} INFO - Processing /home/nikita/airflow/diplom/dags/partition_creation_dag.py took 0.176 seconds
[2026-05-04T01:59:39.398+0300] {processor.py:186} INFO - Started process (PID=25948) to work on /home/nikita/airflow/diplom/dags/partition_creation_dag.py
[2026-05-04T01:59:39.400+0300] {processor.py:914} INFO - Processing file /home/nikita/airflow/diplom/dags/partition_creation_dag.py for tasks to queue
[2026-05-04T01:59:39.401+0300] {logging_mixin.py:190} INFO - [2026-05-04T01:59:39.401+0300] {dagbag.py:588} INFO - Filling up the DagBag from /home/nikita/airflow/diplom/dags/partition_creation_dag.py
[2026-05-04T01:59:39.412+0300] {processor.py:925} INFO - DAG(s) 'dynamic_partition_creation' retrieved from /home/nikita/airflow/diplom/dags/partition_creation_dag.py
[2026-05-04T01:59:39.437+0300] {logging_mixin.py:190} INFO - [2026-05-04T01:59:39.437+0300] {dag.py:3239} INFO - Sync 1 DAGs
[2026-05-04T01:59:39.607+0300] {logging_mixin.py:190} INFO - [2026-05-04T01:59:39.606+0300] {dag.py:4180} INFO - Setting next_dagrun for dynamic_partition_creation to 2026-05-03 18:00:00+00:00, run_after=2026-05-04 00:00:00+00:00
[2026-05-04T01:59:39.624+0300] {processor.py:208} INFO - Processing /home/nikita/airflow/diplom/dags/partition_creation_dag.py took 0.231 seconds
[2026-05-04T02:00:09.739+0300] {processor.py:186} INFO - Started process (PID=26034) to work on /home/nikita/airflow/diplom/dags/partition_creation_dag.py
[2026-05-04T02:00:09.749+0300] {processor.py:914} INFO - Processing file /home/nikita/airflow/diplom/dags/partition_creation_dag.py for tasks to queue
[2026-05-04T02:00:09.751+0300] {logging_mixin.py:190} INFO - [2026-05-04T02:00:09.751+0300] {dagbag.py:588} INFO - Filling up the DagBag from /home/nikita/airflow/diplom/dags/partition_creation_dag.py
[2026-05-04T02:00:09.762+0300] {processor.py:925} INFO - DAG(s) 'dynamic_partition_creation' retrieved from /home/nikita/airflow/diplom/dags/partition_creation_dag.py
[2026-05-04T02:00:09.890+0300] {logging_mixin.py:190} INFO - [2026-05-04T02:00:09.890+0300] {dag.py:3239} INFO - Sync 1 DAGs
[2026-05-04T02:00:09.903+0300] {logging_mixin.py:190} INFO - [2026-05-04T02:00:09.903+0300] {dag.py:4180} INFO - Setting next_dagrun for dynamic_partition_creation to 2026-05-03 18:00:00+00:00, run_after=2026-05-04 00:00:00+00:00
[2026-05-04T02:00:09.919+0300] {processor.py:208} INFO - Processing /home/nikita/airflow/diplom/dags/partition_creation_dag.py took 0.184 seconds
[2026-05-04T02:00:40.192+0300] {processor.py:186} INFO - Started process (PID=26130) to work on /home/nikita/airflow/diplom/dags/partition_creation_dag.py
[2026-05-04T02:00:40.202+0300] {processor.py:914} INFO - Processing file /home/nikita/airflow/diplom/dags/partition_creation_dag.py for tasks to queue
[2026-05-04T02:00:40.204+0300] {logging_mixin.py:190} INFO - [2026-05-04T02:00:40.204+0300] {dagbag.py:588} INFO - Filling up the DagBag from /home/nikita/airflow/diplom/dags/partition_creation_dag.py
[2026-05-04T02:00:40.217+0300] {processor.py:925} INFO - DAG(s) 'dynamic_partition_creation' retrieved from /home/nikita/airflow/diplom/dags/partition_creation_dag.py
[2026-05-04T02:00:40.239+0300] {logging_mixin.py:190} INFO - [2026-05-04T02:00:40.239+0300] {dag.py:3239} INFO - Sync 1 DAGs
[2026-05-04T02:00:40.256+0300] {logging_mixin.py:190} INFO - [2026-05-04T02:00:40.256+0300] {dag.py:4180} INFO - Setting next_dagrun for dynamic_partition_creation to 2026-05-03 18:00:00+00:00, run_after=2026-05-04 00:00:00+00:00
[2026-05-04T02:00:40.273+0300] {processor.py:208} INFO - Processing /home/nikita/airflow/diplom/dags/partition_creation_dag.py took 0.086 seconds
