[2026-05-04T01:00:35.905+0300] {processor.py:186} INFO - Started process (PID=8384) to work on /home/nikita/airflow/dags/python_operator.py
[2026-05-04T01:00:35.906+0300] {processor.py:914} INFO - Processing file /home/nikita/airflow/dags/python_operator.py for tasks to queue
[2026-05-04T01:00:35.906+0300] {logging_mixin.py:190} INFO - [2026-05-04T01:00:35.906+0300] {dagbag.py:588} INFO - Filling up the DagBag from /home/nikita/airflow/dags/python_operator.py
[2026-05-04T01:00:35.914+0300] {processor.py:925} INFO - DAG(s) 'python_operator_dag_v2' retrieved from /home/nikita/airflow/dags/python_operator.py
[2026-05-04T01:00:35.988+0300] {logging_mixin.py:190} INFO - [2026-05-04T01:00:35.987+0300] {override.py:1930} INFO - Created Permission View: can read on DAG:python_operator_dag_v2
[2026-05-04T01:00:35.997+0300] {logging_mixin.py:190} INFO - [2026-05-04T01:00:35.996+0300] {override.py:1930} INFO - Created Permission View: can delete on DAG:python_operator_dag_v2
[2026-05-04T01:00:36.003+0300] {logging_mixin.py:190} INFO - [2026-05-04T01:00:36.003+0300] {override.py:1930} INFO - Created Permission View: can edit on DAG:python_operator_dag_v2
[2026-05-04T01:00:36.013+0300] {logging_mixin.py:190} INFO - [2026-05-04T01:00:36.013+0300] {override.py:1930} INFO - Created Permission View: can read on DAG Run:python_operator_dag_v2
[2026-05-04T01:00:36.019+0300] {logging_mixin.py:190} INFO - [2026-05-04T01:00:36.018+0300] {override.py:1930} INFO - Created Permission View: can delete on DAG Run:python_operator_dag_v2
[2026-05-04T01:00:36.024+0300] {logging_mixin.py:190} INFO - [2026-05-04T01:00:36.024+0300] {override.py:1930} INFO - Created Permission View: menu access on DAG Run:python_operator_dag_v2
[2026-05-04T01:00:36.031+0300] {logging_mixin.py:190} INFO - [2026-05-04T01:00:36.030+0300] {override.py:1930} INFO - Created Permission View: can create on DAG Run:python_operator_dag_v2
[2026-05-04T01:00:36.031+0300] {logging_mixin.py:190} INFO - [2026-05-04T01:00:36.031+0300] {dag.py:3239} INFO - Sync 1 DAGs
[2026-05-04T01:00:36.039+0300] {logging_mixin.py:190} INFO - [2026-05-04T01:00:36.039+0300] {dag.py:3262} INFO - Creating ORM DAG for python_operator_dag_v2
[2026-05-04T01:00:36.045+0300] {logging_mixin.py:190} INFO - [2026-05-04T01:00:36.045+0300] {dag.py:4180} INFO - Setting next_dagrun for python_operator_dag_v2 to 2026-05-02 00:00:00+00:00, run_after=2026-05-03 00:00:00+00:00
[2026-05-04T01:00:36.057+0300] {processor.py:208} INFO - Processing /home/nikita/airflow/dags/python_operator.py took 0.157 seconds
[2026-05-04T01:01:37.966+0300] {processor.py:186} INFO - Started process (PID=8898) to work on /home/nikita/airflow/dags/python_operator.py
[2026-05-04T01:01:37.975+0300] {processor.py:914} INFO - Processing file /home/nikita/airflow/dags/python_operator.py for tasks to queue
[2026-05-04T01:01:37.976+0300] {logging_mixin.py:190} INFO - [2026-05-04T01:01:37.975+0300] {dagbag.py:588} INFO - Filling up the DagBag from /home/nikita/airflow/dags/python_operator.py
[2026-05-04T01:01:37.983+0300] {processor.py:925} INFO - DAG(s) 'python_operator_dag_v2' retrieved from /home/nikita/airflow/dags/python_operator.py
[2026-05-04T01:01:37.993+0300] {logging_mixin.py:190} INFO - [2026-05-04T01:01:37.993+0300] {dag.py:3239} INFO - Sync 1 DAGs
[2026-05-04T01:01:38.006+0300] {logging_mixin.py:190} INFO - [2026-05-04T01:01:38.006+0300] {dag.py:4180} INFO - Setting next_dagrun for python_operator_dag_v2 to 2026-05-02 00:00:00+00:00, run_after=2026-05-03 00:00:00+00:00
[2026-05-04T01:01:38.021+0300] {processor.py:208} INFO - Processing /home/nikita/airflow/dags/python_operator.py took 0.059 seconds
[2026-05-04T01:02:11.765+0300] {processor.py:186} INFO - Started process (PID=9171) to work on /home/nikita/airflow/dags/python_operator.py
[2026-05-04T01:02:11.774+0300] {processor.py:914} INFO - Processing file /home/nikita/airflow/dags/python_operator.py for tasks to queue
[2026-05-04T01:02:11.775+0300] {logging_mixin.py:190} INFO - [2026-05-04T01:02:11.774+0300] {dagbag.py:588} INFO - Filling up the DagBag from /home/nikita/airflow/dags/python_operator.py
[2026-05-04T01:02:11.781+0300] {processor.py:925} INFO - DAG(s) 'python_operator_dag_v2' retrieved from /home/nikita/airflow/dags/python_operator.py
[2026-05-04T01:02:11.794+0300] {logging_mixin.py:190} INFO - [2026-05-04T01:02:11.794+0300] {dag.py:3239} INFO - Sync 1 DAGs
[2026-05-04T01:02:11.808+0300] {logging_mixin.py:190} INFO - [2026-05-04T01:02:11.808+0300] {dag.py:4180} INFO - Setting next_dagrun for python_operator_dag_v2 to 2026-05-02 00:00:00+00:00, run_after=2026-05-03 00:00:00+00:00
[2026-05-04T01:02:11.825+0300] {processor.py:208} INFO - Processing /home/nikita/airflow/dags/python_operator.py took 0.065 seconds
[2026-05-04T01:02:46.684+0300] {processor.py:186} INFO - Started process (PID=9495) to work on /home/nikita/airflow/dags/python_operator.py
[2026-05-04T01:02:46.693+0300] {processor.py:914} INFO - Processing file /home/nikita/airflow/dags/python_operator.py for tasks to queue
[2026-05-04T01:02:46.694+0300] {logging_mixin.py:190} INFO - [2026-05-04T01:02:46.694+0300] {dagbag.py:588} INFO - Filling up the DagBag from /home/nikita/airflow/dags/python_operator.py
[2026-05-04T01:02:46.701+0300] {processor.py:925} INFO - DAG(s) 'python_operator_dag_v2' retrieved from /home/nikita/airflow/dags/python_operator.py
[2026-05-04T01:02:46.711+0300] {logging_mixin.py:190} INFO - [2026-05-04T01:02:46.711+0300] {dag.py:3239} INFO - Sync 1 DAGs
[2026-05-04T01:02:46.725+0300] {logging_mixin.py:190} INFO - [2026-05-04T01:02:46.725+0300] {dag.py:4180} INFO - Setting next_dagrun for python_operator_dag_v2 to 2026-05-02 00:00:00+00:00, run_after=2026-05-03 00:00:00+00:00
[2026-05-04T01:02:46.741+0300] {processor.py:208} INFO - Processing /home/nikita/airflow/dags/python_operator.py took 0.061 seconds
[2026-05-04T01:03:19.718+0300] {processor.py:186} INFO - Started process (PID=9667) to work on /home/nikita/airflow/dags/python_operator.py
[2026-05-04T01:03:19.726+0300] {processor.py:914} INFO - Processing file /home/nikita/airflow/dags/python_operator.py for tasks to queue
[2026-05-04T01:03:19.727+0300] {logging_mixin.py:190} INFO - [2026-05-04T01:03:19.727+0300] {dagbag.py:588} INFO - Filling up the DagBag from /home/nikita/airflow/dags/python_operator.py
[2026-05-04T01:03:19.735+0300] {processor.py:925} INFO - DAG(s) 'python_operator_dag_v2' retrieved from /home/nikita/airflow/dags/python_operator.py
[2026-05-04T01:03:19.745+0300] {logging_mixin.py:190} INFO - [2026-05-04T01:03:19.745+0300] {dag.py:3239} INFO - Sync 1 DAGs
[2026-05-04T01:03:19.761+0300] {logging_mixin.py:190} INFO - [2026-05-04T01:03:19.761+0300] {dag.py:4180} INFO - Setting next_dagrun for python_operator_dag_v2 to 2026-05-02 00:00:00+00:00, run_after=2026-05-03 00:00:00+00:00
[2026-05-04T01:03:19.778+0300] {processor.py:208} INFO - Processing /home/nikita/airflow/dags/python_operator.py took 0.065 seconds
[2026-05-04T01:04:20.943+0300] {processor.py:186} INFO - Started process (PID=9933) to work on /home/nikita/airflow/dags/python_operator.py
[2026-05-04T01:04:20.944+0300] {processor.py:914} INFO - Processing file /home/nikita/airflow/dags/python_operator.py for tasks to queue
[2026-05-04T01:04:20.945+0300] {logging_mixin.py:190} INFO - [2026-05-04T01:04:20.944+0300] {dagbag.py:588} INFO - Filling up the DagBag from /home/nikita/airflow/dags/python_operator.py
[2026-05-04T01:04:20.952+0300] {processor.py:925} INFO - DAG(s) 'python_operator_dag_v2' retrieved from /home/nikita/airflow/dags/python_operator.py
[2026-05-04T01:04:20.962+0300] {logging_mixin.py:190} INFO - [2026-05-04T01:04:20.962+0300] {dag.py:3239} INFO - Sync 1 DAGs
[2026-05-04T01:04:20.976+0300] {logging_mixin.py:190} INFO - [2026-05-04T01:04:20.976+0300] {dag.py:4180} INFO - Setting next_dagrun for python_operator_dag_v2 to 2026-05-02 00:00:00+00:00, run_after=2026-05-03 00:00:00+00:00
[2026-05-04T01:04:20.992+0300] {processor.py:208} INFO - Processing /home/nikita/airflow/dags/python_operator.py took 0.053 seconds
[2026-05-04T01:04:52.545+0300] {processor.py:186} INFO - Started process (PID=10061) to work on /home/nikita/airflow/dags/python_operator.py
[2026-05-04T01:04:52.546+0300] {processor.py:914} INFO - Processing file /home/nikita/airflow/dags/python_operator.py for tasks to queue
[2026-05-04T01:04:52.548+0300] {logging_mixin.py:190} INFO - [2026-05-04T01:04:52.547+0300] {dagbag.py:588} INFO - Filling up the DagBag from /home/nikita/airflow/dags/python_operator.py
[2026-05-04T01:04:52.556+0300] {processor.py:925} INFO - DAG(s) 'python_operator_dag_v2' retrieved from /home/nikita/airflow/dags/python_operator.py
[2026-05-04T01:04:52.568+0300] {logging_mixin.py:190} INFO - [2026-05-04T01:04:52.568+0300] {dag.py:3239} INFO - Sync 1 DAGs
[2026-05-04T01:04:52.588+0300] {logging_mixin.py:190} INFO - [2026-05-04T01:04:52.587+0300] {dag.py:4180} INFO - Setting next_dagrun for python_operator_dag_v2 to 2026-05-02 00:00:00+00:00, run_after=2026-05-03 00:00:00+00:00
[2026-05-04T01:04:52.609+0300] {processor.py:208} INFO - Processing /home/nikita/airflow/dags/python_operator.py took 0.070 seconds
[2026-05-04T01:05:26.458+0300] {processor.py:186} INFO - Started process (PID=10190) to work on /home/nikita/airflow/dags/python_operator.py
[2026-05-04T01:05:26.468+0300] {processor.py:914} INFO - Processing file /home/nikita/airflow/dags/python_operator.py for tasks to queue
[2026-05-04T01:05:26.469+0300] {logging_mixin.py:190} INFO - [2026-05-04T01:05:26.469+0300] {dagbag.py:588} INFO - Filling up the DagBag from /home/nikita/airflow/dags/python_operator.py
[2026-05-04T01:05:26.477+0300] {processor.py:925} INFO - DAG(s) 'python_operator_dag_v2' retrieved from /home/nikita/airflow/dags/python_operator.py
[2026-05-04T01:05:26.489+0300] {logging_mixin.py:190} INFO - [2026-05-04T01:05:26.488+0300] {dag.py:3239} INFO - Sync 1 DAGs
[2026-05-04T01:05:26.508+0300] {logging_mixin.py:190} INFO - [2026-05-04T01:05:26.508+0300] {dag.py:4180} INFO - Setting next_dagrun for python_operator_dag_v2 to 2026-05-02 00:00:00+00:00, run_after=2026-05-03 00:00:00+00:00
[2026-05-04T01:05:26.525+0300] {processor.py:208} INFO - Processing /home/nikita/airflow/dags/python_operator.py took 0.071 seconds
[2026-05-04T01:05:59.799+0300] {processor.py:186} INFO - Started process (PID=10342) to work on /home/nikita/airflow/dags/python_operator.py
[2026-05-04T01:05:59.807+0300] {processor.py:914} INFO - Processing file /home/nikita/airflow/dags/python_operator.py for tasks to queue
[2026-05-04T01:05:59.809+0300] {logging_mixin.py:190} INFO - [2026-05-04T01:05:59.808+0300] {dagbag.py:588} INFO - Filling up the DagBag from /home/nikita/airflow/dags/python_operator.py
[2026-05-04T01:05:59.816+0300] {processor.py:925} INFO - DAG(s) 'python_operator_dag_v2' retrieved from /home/nikita/airflow/dags/python_operator.py
[2026-05-04T01:05:59.828+0300] {logging_mixin.py:190} INFO - [2026-05-04T01:05:59.828+0300] {dag.py:3239} INFO - Sync 1 DAGs
[2026-05-04T01:05:59.846+0300] {logging_mixin.py:190} INFO - [2026-05-04T01:05:59.846+0300] {dag.py:4180} INFO - Setting next_dagrun for python_operator_dag_v2 to 2026-05-02 00:00:00+00:00, run_after=2026-05-03 00:00:00+00:00
[2026-05-04T01:05:59.863+0300] {processor.py:208} INFO - Processing /home/nikita/airflow/dags/python_operator.py took 0.069 seconds
[2026-05-04T01:06:32.388+0300] {processor.py:186} INFO - Started process (PID=10467) to work on /home/nikita/airflow/dags/python_operator.py
[2026-05-04T01:06:32.391+0300] {processor.py:914} INFO - Processing file /home/nikita/airflow/dags/python_operator.py for tasks to queue
[2026-05-04T01:06:32.393+0300] {logging_mixin.py:190} INFO - [2026-05-04T01:06:32.393+0300] {dagbag.py:588} INFO - Filling up the DagBag from /home/nikita/airflow/dags/python_operator.py
[2026-05-04T01:06:32.408+0300] {processor.py:925} INFO - DAG(s) 'python_operator_dag_v2' retrieved from /home/nikita/airflow/dags/python_operator.py
[2026-05-04T01:06:32.427+0300] {logging_mixin.py:190} INFO - [2026-05-04T01:06:32.427+0300] {dag.py:3239} INFO - Sync 1 DAGs
[2026-05-04T01:06:32.455+0300] {logging_mixin.py:190} INFO - [2026-05-04T01:06:32.455+0300] {dag.py:4180} INFO - Setting next_dagrun for python_operator_dag_v2 to 2026-05-02 00:00:00+00:00, run_after=2026-05-03 00:00:00+00:00
[2026-05-04T01:06:32.482+0300] {processor.py:208} INFO - Processing /home/nikita/airflow/dags/python_operator.py took 0.103 seconds
[2026-05-04T01:07:03.850+0300] {processor.py:186} INFO - Started process (PID=10588) to work on /home/nikita/airflow/dags/python_operator.py
[2026-05-04T01:07:03.859+0300] {processor.py:914} INFO - Processing file /home/nikita/airflow/dags/python_operator.py for tasks to queue
[2026-05-04T01:07:03.861+0300] {logging_mixin.py:190} INFO - [2026-05-04T01:07:03.860+0300] {dagbag.py:588} INFO - Filling up the DagBag from /home/nikita/airflow/dags/python_operator.py
[2026-05-04T01:07:03.871+0300] {processor.py:925} INFO - DAG(s) 'python_operator_dag_v2' retrieved from /home/nikita/airflow/dags/python_operator.py
[2026-05-04T01:07:03.885+0300] {logging_mixin.py:190} INFO - [2026-05-04T01:07:03.885+0300] {dag.py:3239} INFO - Sync 1 DAGs
[2026-05-04T01:07:03.905+0300] {logging_mixin.py:190} INFO - [2026-05-04T01:07:03.905+0300] {dag.py:4180} INFO - Setting next_dagrun for python_operator_dag_v2 to 2026-05-02 00:00:00+00:00, run_after=2026-05-03 00:00:00+00:00
[2026-05-04T01:07:03.924+0300] {processor.py:208} INFO - Processing /home/nikita/airflow/dags/python_operator.py took 0.080 seconds
[2026-05-04T01:07:37.689+0300] {processor.py:186} INFO - Started process (PID=10716) to work on /home/nikita/airflow/dags/python_operator.py
[2026-05-04T01:07:37.691+0300] {processor.py:914} INFO - Processing file /home/nikita/airflow/dags/python_operator.py for tasks to queue
[2026-05-04T01:07:37.692+0300] {logging_mixin.py:190} INFO - [2026-05-04T01:07:37.691+0300] {dagbag.py:588} INFO - Filling up the DagBag from /home/nikita/airflow/dags/python_operator.py
[2026-05-04T01:07:37.700+0300] {processor.py:925} INFO - DAG(s) 'python_operator_dag_v2' retrieved from /home/nikita/airflow/dags/python_operator.py
[2026-05-04T01:07:37.711+0300] {logging_mixin.py:190} INFO - [2026-05-04T01:07:37.711+0300] {dag.py:3239} INFO - Sync 1 DAGs
[2026-05-04T01:07:37.726+0300] {logging_mixin.py:190} INFO - [2026-05-04T01:07:37.726+0300] {dag.py:4180} INFO - Setting next_dagrun for python_operator_dag_v2 to 2026-05-02 00:00:00+00:00, run_after=2026-05-03 00:00:00+00:00
[2026-05-04T01:07:37.742+0300] {processor.py:208} INFO - Processing /home/nikita/airflow/dags/python_operator.py took 0.058 seconds
[2026-05-04T01:08:13.218+0300] {processor.py:186} INFO - Started process (PID=11151) to work on /home/nikita/airflow/dags/python_operator.py
[2026-05-04T01:08:13.227+0300] {processor.py:914} INFO - Processing file /home/nikita/airflow/dags/python_operator.py for tasks to queue
[2026-05-04T01:08:13.228+0300] {logging_mixin.py:190} INFO - [2026-05-04T01:08:13.227+0300] {dagbag.py:588} INFO - Filling up the DagBag from /home/nikita/airflow/dags/python_operator.py
[2026-05-04T01:08:13.235+0300] {processor.py:925} INFO - DAG(s) 'python_operator_dag_v2' retrieved from /home/nikita/airflow/dags/python_operator.py
[2026-05-04T01:08:13.246+0300] {logging_mixin.py:190} INFO - [2026-05-04T01:08:13.246+0300] {dag.py:3239} INFO - Sync 1 DAGs
[2026-05-04T01:08:13.262+0300] {logging_mixin.py:190} INFO - [2026-05-04T01:08:13.262+0300] {dag.py:4180} INFO - Setting next_dagrun for python_operator_dag_v2 to 2026-05-02 00:00:00+00:00, run_after=2026-05-03 00:00:00+00:00
[2026-05-04T01:08:13.279+0300] {processor.py:208} INFO - Processing /home/nikita/airflow/dags/python_operator.py took 0.065 seconds
[2026-05-04T01:08:45.799+0300] {processor.py:186} INFO - Started process (PID=11280) to work on /home/nikita/airflow/dags/python_operator.py
[2026-05-04T01:08:45.807+0300] {processor.py:914} INFO - Processing file /home/nikita/airflow/dags/python_operator.py for tasks to queue
[2026-05-04T01:08:45.809+0300] {logging_mixin.py:190} INFO - [2026-05-04T01:08:45.808+0300] {dagbag.py:588} INFO - Filling up the DagBag from /home/nikita/airflow/dags/python_operator.py
[2026-05-04T01:08:45.819+0300] {processor.py:925} INFO - DAG(s) 'python_operator_dag_v2' retrieved from /home/nikita/airflow/dags/python_operator.py
[2026-05-04T01:08:45.834+0300] {logging_mixin.py:190} INFO - [2026-05-04T01:08:45.834+0300] {dag.py:3239} INFO - Sync 1 DAGs
[2026-05-04T01:08:45.852+0300] {logging_mixin.py:190} INFO - [2026-05-04T01:08:45.851+0300] {dag.py:4180} INFO - Setting next_dagrun for python_operator_dag_v2 to 2026-05-02 00:00:00+00:00, run_after=2026-05-03 00:00:00+00:00
[2026-05-04T01:08:45.873+0300] {processor.py:208} INFO - Processing /home/nikita/airflow/dags/python_operator.py took 0.079 seconds
[2026-05-04T01:09:18.542+0300] {processor.py:186} INFO - Started process (PID=12001) to work on /home/nikita/airflow/dags/python_operator.py
[2026-05-04T01:09:18.543+0300] {processor.py:914} INFO - Processing file /home/nikita/airflow/dags/python_operator.py for tasks to queue
[2026-05-04T01:09:18.544+0300] {logging_mixin.py:190} INFO - [2026-05-04T01:09:18.543+0300] {dagbag.py:588} INFO - Filling up the DagBag from /home/nikita/airflow/dags/python_operator.py
[2026-05-04T01:09:18.551+0300] {processor.py:925} INFO - DAG(s) 'python_operator_dag_v2' retrieved from /home/nikita/airflow/dags/python_operator.py
[2026-05-04T01:09:18.562+0300] {logging_mixin.py:190} INFO - [2026-05-04T01:09:18.562+0300] {dag.py:3239} INFO - Sync 1 DAGs
[2026-05-04T01:09:18.576+0300] {logging_mixin.py:190} INFO - [2026-05-04T01:09:18.576+0300] {dag.py:4180} INFO - Setting next_dagrun for python_operator_dag_v2 to 2026-05-02 00:00:00+00:00, run_after=2026-05-03 00:00:00+00:00
[2026-05-04T01:09:18.593+0300] {processor.py:208} INFO - Processing /home/nikita/airflow/dags/python_operator.py took 0.056 seconds
[2026-05-04T01:09:55.323+0300] {processor.py:186} INFO - Started process (PID=12175) to work on /home/nikita/airflow/dags/python_operator.py
[2026-05-04T01:09:55.328+0300] {processor.py:914} INFO - Processing file /home/nikita/airflow/dags/python_operator.py for tasks to queue
[2026-05-04T01:09:55.329+0300] {logging_mixin.py:190} INFO - [2026-05-04T01:09:55.328+0300] {dagbag.py:588} INFO - Filling up the DagBag from /home/nikita/airflow/dags/python_operator.py
[2026-05-04T01:09:55.337+0300] {processor.py:925} INFO - DAG(s) 'python_operator_dag_v2' retrieved from /home/nikita/airflow/dags/python_operator.py
[2026-05-04T01:09:55.348+0300] {logging_mixin.py:190} INFO - [2026-05-04T01:09:55.348+0300] {dag.py:3239} INFO - Sync 1 DAGs
[2026-05-04T01:09:55.363+0300] {logging_mixin.py:190} INFO - [2026-05-04T01:09:55.363+0300] {dag.py:4180} INFO - Setting next_dagrun for python_operator_dag_v2 to 2026-05-02 00:00:00+00:00, run_after=2026-05-03 00:00:00+00:00
[2026-05-04T01:09:55.379+0300] {processor.py:208} INFO - Processing /home/nikita/airflow/dags/python_operator.py took 0.061 seconds
[2026-05-04T01:10:29.380+0300] {processor.py:186} INFO - Started process (PID=12307) to work on /home/nikita/airflow/dags/python_operator.py
[2026-05-04T01:10:29.389+0300] {processor.py:914} INFO - Processing file /home/nikita/airflow/dags/python_operator.py for tasks to queue
[2026-05-04T01:10:29.390+0300] {logging_mixin.py:190} INFO - [2026-05-04T01:10:29.390+0300] {dagbag.py:588} INFO - Filling up the DagBag from /home/nikita/airflow/dags/python_operator.py
[2026-05-04T01:10:29.398+0300] {processor.py:925} INFO - DAG(s) 'python_operator_dag_v2' retrieved from /home/nikita/airflow/dags/python_operator.py
[2026-05-04T01:10:29.410+0300] {logging_mixin.py:190} INFO - [2026-05-04T01:10:29.410+0300] {dag.py:3239} INFO - Sync 1 DAGs
[2026-05-04T01:10:29.425+0300] {logging_mixin.py:190} INFO - [2026-05-04T01:10:29.425+0300] {dag.py:4180} INFO - Setting next_dagrun for python_operator_dag_v2 to 2026-05-02 00:00:00+00:00, run_after=2026-05-03 00:00:00+00:00
[2026-05-04T01:10:29.444+0300] {processor.py:208} INFO - Processing /home/nikita/airflow/dags/python_operator.py took 0.069 seconds
[2026-05-04T01:11:03.933+0300] {processor.py:186} INFO - Started process (PID=12436) to work on /home/nikita/airflow/dags/python_operator.py
[2026-05-04T01:11:03.934+0300] {processor.py:914} INFO - Processing file /home/nikita/airflow/dags/python_operator.py for tasks to queue
[2026-05-04T01:11:03.935+0300] {logging_mixin.py:190} INFO - [2026-05-04T01:11:03.935+0300] {dagbag.py:588} INFO - Filling up the DagBag from /home/nikita/airflow/dags/python_operator.py
[2026-05-04T01:11:03.942+0300] {processor.py:925} INFO - DAG(s) 'python_operator_dag_v2' retrieved from /home/nikita/airflow/dags/python_operator.py
[2026-05-04T01:11:03.952+0300] {logging_mixin.py:190} INFO - [2026-05-04T01:11:03.952+0300] {dag.py:3239} INFO - Sync 1 DAGs
[2026-05-04T01:11:03.965+0300] {logging_mixin.py:190} INFO - [2026-05-04T01:11:03.965+0300] {dag.py:4180} INFO - Setting next_dagrun for python_operator_dag_v2 to 2026-05-02 00:00:00+00:00, run_after=2026-05-03 00:00:00+00:00
[2026-05-04T01:11:03.981+0300] {processor.py:208} INFO - Processing /home/nikita/airflow/dags/python_operator.py took 0.052 seconds
[2026-05-04T01:11:37.770+0300] {processor.py:186} INFO - Started process (PID=12567) to work on /home/nikita/airflow/dags/python_operator.py
[2026-05-04T01:11:37.772+0300] {processor.py:914} INFO - Processing file /home/nikita/airflow/dags/python_operator.py for tasks to queue
[2026-05-04T01:11:37.773+0300] {logging_mixin.py:190} INFO - [2026-05-04T01:11:37.773+0300] {dagbag.py:588} INFO - Filling up the DagBag from /home/nikita/airflow/dags/python_operator.py
[2026-05-04T01:11:37.781+0300] {processor.py:925} INFO - DAG(s) 'python_operator_dag_v2' retrieved from /home/nikita/airflow/dags/python_operator.py
[2026-05-04T01:11:37.792+0300] {logging_mixin.py:190} INFO - [2026-05-04T01:11:37.792+0300] {dag.py:3239} INFO - Sync 1 DAGs
[2026-05-04T01:11:37.808+0300] {logging_mixin.py:190} INFO - [2026-05-04T01:11:37.808+0300] {dag.py:4180} INFO - Setting next_dagrun for python_operator_dag_v2 to 2026-05-02 00:00:00+00:00, run_after=2026-05-03 00:00:00+00:00
[2026-05-04T01:11:37.824+0300] {processor.py:208} INFO - Processing /home/nikita/airflow/dags/python_operator.py took 0.058 seconds
[2026-05-04T01:12:37.171+0300] {processor.py:186} INFO - Started process (PID=12796) to work on /home/nikita/airflow/dags/python_operator.py
[2026-05-04T01:12:37.172+0300] {processor.py:914} INFO - Processing file /home/nikita/airflow/dags/python_operator.py for tasks to queue
[2026-05-04T01:12:37.173+0300] {logging_mixin.py:190} INFO - [2026-05-04T01:12:37.173+0300] {dagbag.py:588} INFO - Filling up the DagBag from /home/nikita/airflow/dags/python_operator.py
[2026-05-04T01:12:37.180+0300] {processor.py:925} INFO - DAG(s) 'python_operator_dag_v2' retrieved from /home/nikita/airflow/dags/python_operator.py
[2026-05-04T01:12:37.191+0300] {logging_mixin.py:190} INFO - [2026-05-04T01:12:37.191+0300] {dag.py:3239} INFO - Sync 1 DAGs
[2026-05-04T01:12:37.211+0300] {logging_mixin.py:190} INFO - [2026-05-04T01:12:37.210+0300] {dag.py:4180} INFO - Setting next_dagrun for python_operator_dag_v2 to 2026-05-02 00:00:00+00:00, run_after=2026-05-03 00:00:00+00:00
[2026-05-04T01:12:37.229+0300] {processor.py:208} INFO - Processing /home/nikita/airflow/dags/python_operator.py took 0.062 seconds
[2026-05-04T01:13:38.894+0300] {processor.py:186} INFO - Started process (PID=13335) to work on /home/nikita/airflow/dags/python_operator.py
[2026-05-04T01:13:38.896+0300] {processor.py:914} INFO - Processing file /home/nikita/airflow/dags/python_operator.py for tasks to queue
[2026-05-04T01:13:38.897+0300] {logging_mixin.py:190} INFO - [2026-05-04T01:13:38.897+0300] {dagbag.py:588} INFO - Filling up the DagBag from /home/nikita/airflow/dags/python_operator.py
[2026-05-04T01:13:38.904+0300] {processor.py:925} INFO - DAG(s) 'python_operator_dag_v2' retrieved from /home/nikita/airflow/dags/python_operator.py
[2026-05-04T01:13:38.916+0300] {logging_mixin.py:190} INFO - [2026-05-04T01:13:38.916+0300] {dag.py:3239} INFO - Sync 1 DAGs
[2026-05-04T01:13:38.933+0300] {logging_mixin.py:190} INFO - [2026-05-04T01:13:38.933+0300] {dag.py:4180} INFO - Setting next_dagrun for python_operator_dag_v2 to 2026-05-02 00:00:00+00:00, run_after=2026-05-03 00:00:00+00:00
[2026-05-04T01:13:38.951+0300] {processor.py:208} INFO - Processing /home/nikita/airflow/dags/python_operator.py took 0.061 seconds
[2026-05-04T01:14:11.393+0300] {processor.py:186} INFO - Started process (PID=14185) to work on /home/nikita/airflow/dags/python_operator.py
[2026-05-04T01:14:11.394+0300] {processor.py:914} INFO - Processing file /home/nikita/airflow/dags/python_operator.py for tasks to queue
[2026-05-04T01:14:11.395+0300] {logging_mixin.py:190} INFO - [2026-05-04T01:14:11.395+0300] {dagbag.py:588} INFO - Filling up the DagBag from /home/nikita/airflow/dags/python_operator.py
[2026-05-04T01:14:11.408+0300] {processor.py:925} INFO - DAG(s) 'python_operator_dag_v2' retrieved from /home/nikita/airflow/dags/python_operator.py
[2026-05-04T01:14:11.426+0300] {logging_mixin.py:190} INFO - [2026-05-04T01:14:11.426+0300] {dag.py:3239} INFO - Sync 1 DAGs
[2026-05-04T01:14:11.452+0300] {logging_mixin.py:190} INFO - [2026-05-04T01:14:11.452+0300] {dag.py:4180} INFO - Setting next_dagrun for python_operator_dag_v2 to 2026-05-02 00:00:00+00:00, run_after=2026-05-03 00:00:00+00:00
[2026-05-04T01:14:11.482+0300] {processor.py:208} INFO - Processing /home/nikita/airflow/dags/python_operator.py took 0.095 seconds
[2026-05-04T01:14:46.086+0300] {processor.py:186} INFO - Started process (PID=14351) to work on /home/nikita/airflow/dags/python_operator.py
[2026-05-04T01:14:46.088+0300] {processor.py:914} INFO - Processing file /home/nikita/airflow/dags/python_operator.py for tasks to queue
[2026-05-04T01:14:46.089+0300] {logging_mixin.py:190} INFO - [2026-05-04T01:14:46.088+0300] {dagbag.py:588} INFO - Filling up the DagBag from /home/nikita/airflow/dags/python_operator.py
[2026-05-04T01:14:46.096+0300] {processor.py:925} INFO - DAG(s) 'python_operator_dag_v2' retrieved from /home/nikita/airflow/dags/python_operator.py
[2026-05-04T01:14:46.106+0300] {logging_mixin.py:190} INFO - [2026-05-04T01:14:46.106+0300] {dag.py:3239} INFO - Sync 1 DAGs
[2026-05-04T01:14:46.120+0300] {logging_mixin.py:190} INFO - [2026-05-04T01:14:46.120+0300] {dag.py:4180} INFO - Setting next_dagrun for python_operator_dag_v2 to 2026-05-02 00:00:00+00:00, run_after=2026-05-03 00:00:00+00:00
[2026-05-04T01:14:46.135+0300] {processor.py:208} INFO - Processing /home/nikita/airflow/dags/python_operator.py took 0.053 seconds
[2026-05-04T01:15:21.565+0300] {processor.py:186} INFO - Started process (PID=14487) to work on /home/nikita/airflow/dags/python_operator.py
[2026-05-04T01:15:21.574+0300] {processor.py:914} INFO - Processing file /home/nikita/airflow/dags/python_operator.py for tasks to queue
[2026-05-04T01:15:21.575+0300] {logging_mixin.py:190} INFO - [2026-05-04T01:15:21.575+0300] {dagbag.py:588} INFO - Filling up the DagBag from /home/nikita/airflow/dags/python_operator.py
[2026-05-04T01:15:21.582+0300] {processor.py:925} INFO - DAG(s) 'python_operator_dag_v2' retrieved from /home/nikita/airflow/dags/python_operator.py
[2026-05-04T01:15:21.592+0300] {logging_mixin.py:190} INFO - [2026-05-04T01:15:21.592+0300] {dag.py:3239} INFO - Sync 1 DAGs
[2026-05-04T01:15:21.606+0300] {logging_mixin.py:190} INFO - [2026-05-04T01:15:21.605+0300] {dag.py:4180} INFO - Setting next_dagrun for python_operator_dag_v2 to 2026-05-02 00:00:00+00:00, run_after=2026-05-03 00:00:00+00:00
[2026-05-04T01:15:21.620+0300] {processor.py:208} INFO - Processing /home/nikita/airflow/dags/python_operator.py took 0.059 seconds
[2026-05-04T01:15:54.590+0300] {processor.py:186} INFO - Started process (PID=15308) to work on /home/nikita/airflow/dags/python_operator.py
[2026-05-04T01:15:54.592+0300] {processor.py:914} INFO - Processing file /home/nikita/airflow/dags/python_operator.py for tasks to queue
[2026-05-04T01:15:54.593+0300] {logging_mixin.py:190} INFO - [2026-05-04T01:15:54.592+0300] {dagbag.py:588} INFO - Filling up the DagBag from /home/nikita/airflow/dags/python_operator.py
[2026-05-04T01:15:54.604+0300] {processor.py:925} INFO - DAG(s) 'python_operator_dag_v2' retrieved from /home/nikita/airflow/dags/python_operator.py
[2026-05-04T01:15:54.622+0300] {logging_mixin.py:190} INFO - [2026-05-04T01:15:54.622+0300] {dag.py:3239} INFO - Sync 1 DAGs
[2026-05-04T01:15:54.643+0300] {logging_mixin.py:190} INFO - [2026-05-04T01:15:54.643+0300] {dag.py:4180} INFO - Setting next_dagrun for python_operator_dag_v2 to 2026-05-02 00:00:00+00:00, run_after=2026-05-03 00:00:00+00:00
[2026-05-04T01:15:54.663+0300] {processor.py:208} INFO - Processing /home/nikita/airflow/dags/python_operator.py took 0.080 seconds
[2026-05-04T01:16:29.226+0300] {processor.py:186} INFO - Started process (PID=15700) to work on /home/nikita/airflow/dags/python_operator.py
[2026-05-04T01:16:29.227+0300] {processor.py:914} INFO - Processing file /home/nikita/airflow/dags/python_operator.py for tasks to queue
[2026-05-04T01:16:29.228+0300] {logging_mixin.py:190} INFO - [2026-05-04T01:16:29.228+0300] {dagbag.py:588} INFO - Filling up the DagBag from /home/nikita/airflow/dags/python_operator.py
[2026-05-04T01:16:29.235+0300] {processor.py:925} INFO - DAG(s) 'python_operator_dag_v2' retrieved from /home/nikita/airflow/dags/python_operator.py
[2026-05-04T01:16:29.246+0300] {logging_mixin.py:190} INFO - [2026-05-04T01:16:29.245+0300] {dag.py:3239} INFO - Sync 1 DAGs
[2026-05-04T01:16:29.259+0300] {logging_mixin.py:190} INFO - [2026-05-04T01:16:29.259+0300] {dag.py:4180} INFO - Setting next_dagrun for python_operator_dag_v2 to 2026-05-02 00:00:00+00:00, run_after=2026-05-03 00:00:00+00:00
[2026-05-04T01:16:29.275+0300] {processor.py:208} INFO - Processing /home/nikita/airflow/dags/python_operator.py took 0.053 seconds
[2026-05-04T01:17:02.898+0300] {processor.py:186} INFO - Started process (PID=15826) to work on /home/nikita/airflow/dags/python_operator.py
[2026-05-04T01:17:02.907+0300] {processor.py:914} INFO - Processing file /home/nikita/airflow/dags/python_operator.py for tasks to queue
[2026-05-04T01:17:02.908+0300] {logging_mixin.py:190} INFO - [2026-05-04T01:17:02.908+0300] {dagbag.py:588} INFO - Filling up the DagBag from /home/nikita/airflow/dags/python_operator.py
[2026-05-04T01:17:02.917+0300] {processor.py:925} INFO - DAG(s) 'python_operator_dag_v2' retrieved from /home/nikita/airflow/dags/python_operator.py
[2026-05-04T01:17:02.933+0300] {logging_mixin.py:190} INFO - [2026-05-04T01:17:02.933+0300] {dag.py:3239} INFO - Sync 1 DAGs
[2026-05-04T01:17:02.964+0300] {logging_mixin.py:190} INFO - [2026-05-04T01:17:02.964+0300] {dag.py:4180} INFO - Setting next_dagrun for python_operator_dag_v2 to 2026-05-02 00:00:00+00:00, run_after=2026-05-03 00:00:00+00:00
[2026-05-04T01:17:03.002+0300] {processor.py:208} INFO - Processing /home/nikita/airflow/dags/python_operator.py took 0.109 seconds
[2026-05-04T01:17:36.913+0300] {processor.py:186} INFO - Started process (PID=15956) to work on /home/nikita/airflow/dags/python_operator.py
[2026-05-04T01:17:36.923+0300] {processor.py:914} INFO - Processing file /home/nikita/airflow/dags/python_operator.py for tasks to queue
[2026-05-04T01:17:36.924+0300] {logging_mixin.py:190} INFO - [2026-05-04T01:17:36.924+0300] {dagbag.py:588} INFO - Filling up the DagBag from /home/nikita/airflow/dags/python_operator.py
[2026-05-04T01:17:36.932+0300] {processor.py:925} INFO - DAG(s) 'python_operator_dag_v2' retrieved from /home/nikita/airflow/dags/python_operator.py
[2026-05-04T01:17:36.944+0300] {logging_mixin.py:190} INFO - [2026-05-04T01:17:36.944+0300] {dag.py:3239} INFO - Sync 1 DAGs
[2026-05-04T01:17:36.960+0300] {logging_mixin.py:190} INFO - [2026-05-04T01:17:36.960+0300] {dag.py:4180} INFO - Setting next_dagrun for python_operator_dag_v2 to 2026-05-02 00:00:00+00:00, run_after=2026-05-03 00:00:00+00:00
[2026-05-04T01:17:36.976+0300] {processor.py:208} INFO - Processing /home/nikita/airflow/dags/python_operator.py took 0.067 seconds
[2026-05-04T01:18:11.442+0300] {processor.py:186} INFO - Started process (PID=16086) to work on /home/nikita/airflow/dags/python_operator.py
[2026-05-04T01:18:11.452+0300] {processor.py:914} INFO - Processing file /home/nikita/airflow/dags/python_operator.py for tasks to queue
[2026-05-04T01:18:11.454+0300] {logging_mixin.py:190} INFO - [2026-05-04T01:18:11.453+0300] {dagbag.py:588} INFO - Filling up the DagBag from /home/nikita/airflow/dags/python_operator.py
[2026-05-04T01:18:11.464+0300] {processor.py:925} INFO - DAG(s) 'python_operator_dag_v2' retrieved from /home/nikita/airflow/dags/python_operator.py
[2026-05-04T01:18:11.476+0300] {logging_mixin.py:190} INFO - [2026-05-04T01:18:11.475+0300] {dag.py:3239} INFO - Sync 1 DAGs
[2026-05-04T01:18:11.491+0300] {logging_mixin.py:190} INFO - [2026-05-04T01:18:11.491+0300] {dag.py:4180} INFO - Setting next_dagrun for python_operator_dag_v2 to 2026-05-02 00:00:00+00:00, run_after=2026-05-03 00:00:00+00:00
[2026-05-04T01:18:11.508+0300] {processor.py:208} INFO - Processing /home/nikita/airflow/dags/python_operator.py took 0.071 seconds
[2026-05-04T01:18:47.068+0300] {processor.py:186} INFO - Started process (PID=16219) to work on /home/nikita/airflow/dags/python_operator.py
[2026-05-04T01:18:47.078+0300] {processor.py:914} INFO - Processing file /home/nikita/airflow/dags/python_operator.py for tasks to queue
[2026-05-04T01:18:47.079+0300] {logging_mixin.py:190} INFO - [2026-05-04T01:18:47.079+0300] {dagbag.py:588} INFO - Filling up the DagBag from /home/nikita/airflow/dags/python_operator.py
[2026-05-04T01:18:47.086+0300] {processor.py:925} INFO - DAG(s) 'python_operator_dag_v2' retrieved from /home/nikita/airflow/dags/python_operator.py
[2026-05-04T01:18:47.096+0300] {logging_mixin.py:190} INFO - [2026-05-04T01:18:47.096+0300] {dag.py:3239} INFO - Sync 1 DAGs
[2026-05-04T01:18:47.115+0300] {logging_mixin.py:190} INFO - [2026-05-04T01:18:47.114+0300] {dag.py:4180} INFO - Setting next_dagrun for python_operator_dag_v2 to 2026-05-02 00:00:00+00:00, run_after=2026-05-03 00:00:00+00:00
[2026-05-04T01:18:47.133+0300] {processor.py:208} INFO - Processing /home/nikita/airflow/dags/python_operator.py took 0.070 seconds
[2026-05-04T01:19:20.327+0300] {processor.py:186} INFO - Started process (PID=16346) to work on /home/nikita/airflow/dags/python_operator.py
[2026-05-04T01:19:20.328+0300] {processor.py:914} INFO - Processing file /home/nikita/airflow/dags/python_operator.py for tasks to queue
[2026-05-04T01:19:20.329+0300] {logging_mixin.py:190} INFO - [2026-05-04T01:19:20.329+0300] {dagbag.py:588} INFO - Filling up the DagBag from /home/nikita/airflow/dags/python_operator.py
[2026-05-04T01:19:20.336+0300] {processor.py:925} INFO - DAG(s) 'python_operator_dag_v2' retrieved from /home/nikita/airflow/dags/python_operator.py
[2026-05-04T01:19:20.346+0300] {logging_mixin.py:190} INFO - [2026-05-04T01:19:20.346+0300] {dag.py:3239} INFO - Sync 1 DAGs
[2026-05-04T01:19:20.360+0300] {logging_mixin.py:190} INFO - [2026-05-04T01:19:20.359+0300] {dag.py:4180} INFO - Setting next_dagrun for python_operator_dag_v2 to 2026-05-02 00:00:00+00:00, run_after=2026-05-03 00:00:00+00:00
[2026-05-04T01:19:20.376+0300] {processor.py:208} INFO - Processing /home/nikita/airflow/dags/python_operator.py took 0.054 seconds
[2026-05-04T01:20:23.152+0300] {processor.py:186} INFO - Started process (PID=16602) to work on /home/nikita/airflow/dags/python_operator.py
[2026-05-04T01:20:23.162+0300] {processor.py:914} INFO - Processing file /home/nikita/airflow/dags/python_operator.py for tasks to queue
[2026-05-04T01:20:23.163+0300] {logging_mixin.py:190} INFO - [2026-05-04T01:20:23.162+0300] {dagbag.py:588} INFO - Filling up the DagBag from /home/nikita/airflow/dags/python_operator.py
[2026-05-04T01:20:23.170+0300] {processor.py:925} INFO - DAG(s) 'python_operator_dag_v2' retrieved from /home/nikita/airflow/dags/python_operator.py
[2026-05-04T01:20:23.181+0300] {logging_mixin.py:190} INFO - [2026-05-04T01:20:23.181+0300] {dag.py:3239} INFO - Sync 1 DAGs
[2026-05-04T01:20:23.195+0300] {logging_mixin.py:190} INFO - [2026-05-04T01:20:23.195+0300] {dag.py:4180} INFO - Setting next_dagrun for python_operator_dag_v2 to 2026-05-02 00:00:00+00:00, run_after=2026-05-03 00:00:00+00:00
[2026-05-04T01:20:23.212+0300] {processor.py:208} INFO - Processing /home/nikita/airflow/dags/python_operator.py took 0.065 seconds
[2026-05-04T01:20:56.855+0300] {processor.py:186} INFO - Started process (PID=16731) to work on /home/nikita/airflow/dags/python_operator.py
[2026-05-04T01:20:56.864+0300] {processor.py:914} INFO - Processing file /home/nikita/airflow/dags/python_operator.py for tasks to queue
[2026-05-04T01:20:56.865+0300] {logging_mixin.py:190} INFO - [2026-05-04T01:20:56.865+0300] {dagbag.py:588} INFO - Filling up the DagBag from /home/nikita/airflow/dags/python_operator.py
[2026-05-04T01:20:56.874+0300] {processor.py:925} INFO - DAG(s) 'python_operator_dag_v2' retrieved from /home/nikita/airflow/dags/python_operator.py
[2026-05-04T01:20:56.887+0300] {logging_mixin.py:190} INFO - [2026-05-04T01:20:56.887+0300] {dag.py:3239} INFO - Sync 1 DAGs
[2026-05-04T01:20:56.903+0300] {logging_mixin.py:190} INFO - [2026-05-04T01:20:56.903+0300] {dag.py:4180} INFO - Setting next_dagrun for python_operator_dag_v2 to 2026-05-02 00:00:00+00:00, run_after=2026-05-03 00:00:00+00:00
[2026-05-04T01:20:56.921+0300] {processor.py:208} INFO - Processing /home/nikita/airflow/dags/python_operator.py took 0.070 seconds
[2026-05-04T01:21:29.544+0300] {processor.py:186} INFO - Started process (PID=16854) to work on /home/nikita/airflow/dags/python_operator.py
[2026-05-04T01:21:29.545+0300] {processor.py:914} INFO - Processing file /home/nikita/airflow/dags/python_operator.py for tasks to queue
[2026-05-04T01:21:29.546+0300] {logging_mixin.py:190} INFO - [2026-05-04T01:21:29.546+0300] {dagbag.py:588} INFO - Filling up the DagBag from /home/nikita/airflow/dags/python_operator.py
[2026-05-04T01:21:29.555+0300] {processor.py:925} INFO - DAG(s) 'python_operator_dag_v2' retrieved from /home/nikita/airflow/dags/python_operator.py
[2026-05-04T01:21:29.567+0300] {logging_mixin.py:190} INFO - [2026-05-04T01:21:29.567+0300] {dag.py:3239} INFO - Sync 1 DAGs
[2026-05-04T01:21:29.582+0300] {logging_mixin.py:190} INFO - [2026-05-04T01:21:29.582+0300] {dag.py:4180} INFO - Setting next_dagrun for python_operator_dag_v2 to 2026-05-02 00:00:00+00:00, run_after=2026-05-03 00:00:00+00:00
[2026-05-04T01:21:29.599+0300] {processor.py:208} INFO - Processing /home/nikita/airflow/dags/python_operator.py took 0.059 seconds
[2026-05-04T01:22:05.355+0300] {processor.py:186} INFO - Started process (PID=16989) to work on /home/nikita/airflow/dags/python_operator.py
[2026-05-04T01:22:05.364+0300] {processor.py:914} INFO - Processing file /home/nikita/airflow/dags/python_operator.py for tasks to queue
[2026-05-04T01:22:05.365+0300] {logging_mixin.py:190} INFO - [2026-05-04T01:22:05.365+0300] {dagbag.py:588} INFO - Filling up the DagBag from /home/nikita/airflow/dags/python_operator.py
[2026-05-04T01:22:05.373+0300] {processor.py:925} INFO - DAG(s) 'python_operator_dag_v2' retrieved from /home/nikita/airflow/dags/python_operator.py
[2026-05-04T01:22:05.384+0300] {logging_mixin.py:190} INFO - [2026-05-04T01:22:05.384+0300] {dag.py:3239} INFO - Sync 1 DAGs
[2026-05-04T01:22:05.398+0300] {logging_mixin.py:190} INFO - [2026-05-04T01:22:05.398+0300] {dag.py:4180} INFO - Setting next_dagrun for python_operator_dag_v2 to 2026-05-02 00:00:00+00:00, run_after=2026-05-03 00:00:00+00:00
[2026-05-04T01:22:05.413+0300] {processor.py:208} INFO - Processing /home/nikita/airflow/dags/python_operator.py took 0.062 seconds
[2026-05-04T01:22:42.530+0300] {processor.py:186} INFO - Started process (PID=17126) to work on /home/nikita/airflow/dags/python_operator.py
[2026-05-04T01:22:42.539+0300] {processor.py:914} INFO - Processing file /home/nikita/airflow/dags/python_operator.py for tasks to queue
[2026-05-04T01:22:42.540+0300] {logging_mixin.py:190} INFO - [2026-05-04T01:22:42.540+0300] {dagbag.py:588} INFO - Filling up the DagBag from /home/nikita/airflow/dags/python_operator.py
[2026-05-04T01:22:42.547+0300] {processor.py:925} INFO - DAG(s) 'python_operator_dag_v2' retrieved from /home/nikita/airflow/dags/python_operator.py
[2026-05-04T01:22:42.557+0300] {logging_mixin.py:190} INFO - [2026-05-04T01:22:42.557+0300] {dag.py:3239} INFO - Sync 1 DAGs
[2026-05-04T01:22:42.571+0300] {logging_mixin.py:190} INFO - [2026-05-04T01:22:42.571+0300] {dag.py:4180} INFO - Setting next_dagrun for python_operator_dag_v2 to 2026-05-02 00:00:00+00:00, run_after=2026-05-03 00:00:00+00:00
[2026-05-04T01:22:42.590+0300] {processor.py:208} INFO - Processing /home/nikita/airflow/dags/python_operator.py took 0.064 seconds
[2026-05-04T01:23:16.786+0300] {processor.py:186} INFO - Started process (PID=17262) to work on /home/nikita/airflow/dags/python_operator.py
[2026-05-04T01:23:16.788+0300] {processor.py:914} INFO - Processing file /home/nikita/airflow/dags/python_operator.py for tasks to queue
[2026-05-04T01:23:16.789+0300] {logging_mixin.py:190} INFO - [2026-05-04T01:23:16.789+0300] {dagbag.py:588} INFO - Filling up the DagBag from /home/nikita/airflow/dags/python_operator.py
[2026-05-04T01:23:16.796+0300] {processor.py:925} INFO - DAG(s) 'python_operator_dag_v2' retrieved from /home/nikita/airflow/dags/python_operator.py
[2026-05-04T01:23:16.807+0300] {logging_mixin.py:190} INFO - [2026-05-04T01:23:16.806+0300] {dag.py:3239} INFO - Sync 1 DAGs
[2026-05-04T01:23:16.820+0300] {logging_mixin.py:190} INFO - [2026-05-04T01:23:16.820+0300] {dag.py:4180} INFO - Setting next_dagrun for python_operator_dag_v2 to 2026-05-02 00:00:00+00:00, run_after=2026-05-03 00:00:00+00:00
[2026-05-04T01:23:16.837+0300] {processor.py:208} INFO - Processing /home/nikita/airflow/dags/python_operator.py took 0.054 seconds
[2026-05-04T01:23:49.679+0300] {processor.py:186} INFO - Started process (PID=17384) to work on /home/nikita/airflow/dags/python_operator.py
[2026-05-04T01:23:49.680+0300] {processor.py:914} INFO - Processing file /home/nikita/airflow/dags/python_operator.py for tasks to queue
[2026-05-04T01:23:49.681+0300] {logging_mixin.py:190} INFO - [2026-05-04T01:23:49.681+0300] {dagbag.py:588} INFO - Filling up the DagBag from /home/nikita/airflow/dags/python_operator.py
[2026-05-04T01:23:49.690+0300] {processor.py:925} INFO - DAG(s) 'python_operator_dag_v2' retrieved from /home/nikita/airflow/dags/python_operator.py
[2026-05-04T01:23:49.701+0300] {logging_mixin.py:190} INFO - [2026-05-04T01:23:49.701+0300] {dag.py:3239} INFO - Sync 1 DAGs
[2026-05-04T01:23:49.718+0300] {logging_mixin.py:190} INFO - [2026-05-04T01:23:49.718+0300] {dag.py:4180} INFO - Setting next_dagrun for python_operator_dag_v2 to 2026-05-02 00:00:00+00:00, run_after=2026-05-03 00:00:00+00:00
[2026-05-04T01:23:49.736+0300] {processor.py:208} INFO - Processing /home/nikita/airflow/dags/python_operator.py took 0.062 seconds
[2026-05-04T01:24:22.819+0300] {processor.py:186} INFO - Started process (PID=17827) to work on /home/nikita/airflow/dags/python_operator.py
[2026-05-04T01:24:22.821+0300] {processor.py:914} INFO - Processing file /home/nikita/airflow/dags/python_operator.py for tasks to queue
[2026-05-04T01:24:22.822+0300] {logging_mixin.py:190} INFO - [2026-05-04T01:24:22.822+0300] {dagbag.py:588} INFO - Filling up the DagBag from /home/nikita/airflow/dags/python_operator.py
[2026-05-04T01:24:22.830+0300] {processor.py:925} INFO - DAG(s) 'python_operator_dag_v2' retrieved from /home/nikita/airflow/dags/python_operator.py
[2026-05-04T01:24:22.840+0300] {logging_mixin.py:190} INFO - [2026-05-04T01:24:22.840+0300] {dag.py:3239} INFO - Sync 1 DAGs
[2026-05-04T01:24:22.854+0300] {logging_mixin.py:190} INFO - [2026-05-04T01:24:22.854+0300] {dag.py:4180} INFO - Setting next_dagrun for python_operator_dag_v2 to 2026-05-02 00:00:00+00:00, run_after=2026-05-03 00:00:00+00:00
[2026-05-04T01:24:22.869+0300] {processor.py:208} INFO - Processing /home/nikita/airflow/dags/python_operator.py took 0.054 seconds
[2026-05-04T01:24:56.867+0300] {processor.py:186} INFO - Started process (PID=17955) to work on /home/nikita/airflow/dags/python_operator.py
[2026-05-04T01:24:56.869+0300] {processor.py:914} INFO - Processing file /home/nikita/airflow/dags/python_operator.py for tasks to queue
[2026-05-04T01:24:56.870+0300] {logging_mixin.py:190} INFO - [2026-05-04T01:24:56.870+0300] {dagbag.py:588} INFO - Filling up the DagBag from /home/nikita/airflow/dags/python_operator.py
[2026-05-04T01:24:56.878+0300] {processor.py:925} INFO - DAG(s) 'python_operator_dag_v2' retrieved from /home/nikita/airflow/dags/python_operator.py
[2026-05-04T01:24:56.894+0300] {logging_mixin.py:190} INFO - [2026-05-04T01:24:56.894+0300] {dag.py:3239} INFO - Sync 1 DAGs
[2026-05-04T01:24:56.917+0300] {logging_mixin.py:190} INFO - [2026-05-04T01:24:56.917+0300] {dag.py:4180} INFO - Setting next_dagrun for python_operator_dag_v2 to 2026-05-02 00:00:00+00:00, run_after=2026-05-03 00:00:00+00:00
[2026-05-04T01:24:56.939+0300] {processor.py:208} INFO - Processing /home/nikita/airflow/dags/python_operator.py took 0.077 seconds
[2026-05-04T01:25:34.125+0300] {processor.py:186} INFO - Started process (PID=18442) to work on /home/nikita/airflow/dags/python_operator.py
[2026-05-04T01:25:34.127+0300] {processor.py:914} INFO - Processing file /home/nikita/airflow/dags/python_operator.py for tasks to queue
[2026-05-04T01:25:34.129+0300] {logging_mixin.py:190} INFO - [2026-05-04T01:25:34.128+0300] {dagbag.py:588} INFO - Filling up the DagBag from /home/nikita/airflow/dags/python_operator.py
[2026-05-04T01:25:34.136+0300] {processor.py:925} INFO - DAG(s) 'python_operator_dag_v2' retrieved from /home/nikita/airflow/dags/python_operator.py
[2026-05-04T01:25:34.146+0300] {logging_mixin.py:190} INFO - [2026-05-04T01:25:34.146+0300] {dag.py:3239} INFO - Sync 1 DAGs
[2026-05-04T01:25:34.160+0300] {logging_mixin.py:190} INFO - [2026-05-04T01:25:34.160+0300] {dag.py:4180} INFO - Setting next_dagrun for python_operator_dag_v2 to 2026-05-02 00:00:00+00:00, run_after=2026-05-03 00:00:00+00:00
[2026-05-04T01:25:34.176+0300] {processor.py:208} INFO - Processing /home/nikita/airflow/dags/python_operator.py took 0.054 seconds
[2026-05-04T01:26:08.223+0300] {processor.py:186} INFO - Started process (PID=18583) to work on /home/nikita/airflow/dags/python_operator.py
[2026-05-04T01:26:08.232+0300] {processor.py:914} INFO - Processing file /home/nikita/airflow/dags/python_operator.py for tasks to queue
[2026-05-04T01:26:08.234+0300] {logging_mixin.py:190} INFO - [2026-05-04T01:26:08.233+0300] {dagbag.py:588} INFO - Filling up the DagBag from /home/nikita/airflow/dags/python_operator.py
[2026-05-04T01:26:08.242+0300] {processor.py:925} INFO - DAG(s) 'python_operator_dag_v2' retrieved from /home/nikita/airflow/dags/python_operator.py
[2026-05-04T01:26:08.253+0300] {logging_mixin.py:190} INFO - [2026-05-04T01:26:08.253+0300] {dag.py:3239} INFO - Sync 1 DAGs
[2026-05-04T01:26:08.270+0300] {logging_mixin.py:190} INFO - [2026-05-04T01:26:08.269+0300] {dag.py:4180} INFO - Setting next_dagrun for python_operator_dag_v2 to 2026-05-02 00:00:00+00:00, run_after=2026-05-03 00:00:00+00:00
[2026-05-04T01:26:08.406+0300] {processor.py:208} INFO - Processing /home/nikita/airflow/dags/python_operator.py took 0.189 seconds
[2026-05-04T01:26:44.542+0300] {processor.py:186} INFO - Started process (PID=19382) to work on /home/nikita/airflow/dags/python_operator.py
[2026-05-04T01:26:44.543+0300] {processor.py:914} INFO - Processing file /home/nikita/airflow/dags/python_operator.py for tasks to queue
[2026-05-04T01:26:44.544+0300] {logging_mixin.py:190} INFO - [2026-05-04T01:26:44.544+0300] {dagbag.py:588} INFO - Filling up the DagBag from /home/nikita/airflow/dags/python_operator.py
[2026-05-04T01:26:44.552+0300] {processor.py:925} INFO - DAG(s) 'python_operator_dag_v2' retrieved from /home/nikita/airflow/dags/python_operator.py
[2026-05-04T01:26:44.566+0300] {logging_mixin.py:190} INFO - [2026-05-04T01:26:44.565+0300] {dag.py:3239} INFO - Sync 1 DAGs
[2026-05-04T01:26:44.586+0300] {logging_mixin.py:190} INFO - [2026-05-04T01:26:44.586+0300] {dag.py:4180} INFO - Setting next_dagrun for python_operator_dag_v2 to 2026-05-02 00:00:00+00:00, run_after=2026-05-03 00:00:00+00:00
[2026-05-04T01:26:44.603+0300] {processor.py:208} INFO - Processing /home/nikita/airflow/dags/python_operator.py took 0.066 seconds
[2026-05-04T01:27:18.481+0300] {processor.py:186} INFO - Started process (PID=19514) to work on /home/nikita/airflow/dags/python_operator.py
[2026-05-04T01:27:18.491+0300] {processor.py:914} INFO - Processing file /home/nikita/airflow/dags/python_operator.py for tasks to queue
[2026-05-04T01:27:18.492+0300] {logging_mixin.py:190} INFO - [2026-05-04T01:27:18.492+0300] {dagbag.py:588} INFO - Filling up the DagBag from /home/nikita/airflow/dags/python_operator.py
[2026-05-04T01:27:18.503+0300] {processor.py:925} INFO - DAG(s) 'python_operator_dag_v2' retrieved from /home/nikita/airflow/dags/python_operator.py
[2026-05-04T01:27:18.517+0300] {logging_mixin.py:190} INFO - [2026-05-04T01:27:18.517+0300] {dag.py:3239} INFO - Sync 1 DAGs
[2026-05-04T01:27:18.537+0300] {logging_mixin.py:190} INFO - [2026-05-04T01:27:18.537+0300] {dag.py:4180} INFO - Setting next_dagrun for python_operator_dag_v2 to 2026-05-02 00:00:00+00:00, run_after=2026-05-03 00:00:00+00:00
[2026-05-04T01:27:18.558+0300] {processor.py:208} INFO - Processing /home/nikita/airflow/dags/python_operator.py took 0.082 seconds
[2026-05-04T01:27:53.546+0300] {processor.py:186} INFO - Started process (PID=19642) to work on /home/nikita/airflow/dags/python_operator.py
[2026-05-04T01:27:53.555+0300] {processor.py:914} INFO - Processing file /home/nikita/airflow/dags/python_operator.py for tasks to queue
[2026-05-04T01:27:53.556+0300] {logging_mixin.py:190} INFO - [2026-05-04T01:27:53.556+0300] {dagbag.py:588} INFO - Filling up the DagBag from /home/nikita/airflow/dags/python_operator.py
[2026-05-04T01:27:53.564+0300] {processor.py:925} INFO - DAG(s) 'python_operator_dag_v2' retrieved from /home/nikita/airflow/dags/python_operator.py
[2026-05-04T01:27:53.575+0300] {logging_mixin.py:190} INFO - [2026-05-04T01:27:53.575+0300] {dag.py:3239} INFO - Sync 1 DAGs
[2026-05-04T01:27:53.704+0300] {logging_mixin.py:190} INFO - [2026-05-04T01:27:53.704+0300] {dag.py:4180} INFO - Setting next_dagrun for python_operator_dag_v2 to 2026-05-02 00:00:00+00:00, run_after=2026-05-03 00:00:00+00:00
[2026-05-04T01:27:53.724+0300] {processor.py:208} INFO - Processing /home/nikita/airflow/dags/python_operator.py took 0.182 seconds
[2026-05-04T01:28:30.939+0300] {processor.py:186} INFO - Started process (PID=19785) to work on /home/nikita/airflow/dags/python_operator.py
[2026-05-04T01:28:30.939+0300] {processor.py:914} INFO - Processing file /home/nikita/airflow/dags/python_operator.py for tasks to queue
[2026-05-04T01:28:30.940+0300] {logging_mixin.py:190} INFO - [2026-05-04T01:28:30.940+0300] {dagbag.py:588} INFO - Filling up the DagBag from /home/nikita/airflow/dags/python_operator.py
[2026-05-04T01:28:30.948+0300] {processor.py:925} INFO - DAG(s) 'python_operator_dag_v2' retrieved from /home/nikita/airflow/dags/python_operator.py
[2026-05-04T01:28:30.959+0300] {logging_mixin.py:190} INFO - [2026-05-04T01:28:30.959+0300] {dag.py:3239} INFO - Sync 1 DAGs
[2026-05-04T01:28:30.974+0300] {logging_mixin.py:190} INFO - [2026-05-04T01:28:30.974+0300] {dag.py:4180} INFO - Setting next_dagrun for python_operator_dag_v2 to 2026-05-02 00:00:00+00:00, run_after=2026-05-03 00:00:00+00:00
[2026-05-04T01:28:30.990+0300] {processor.py:208} INFO - Processing /home/nikita/airflow/dags/python_operator.py took 0.056 seconds
[2026-05-04T01:29:04.831+0300] {processor.py:186} INFO - Started process (PID=19918) to work on /home/nikita/airflow/dags/python_operator.py
[2026-05-04T01:29:04.832+0300] {processor.py:914} INFO - Processing file /home/nikita/airflow/dags/python_operator.py for tasks to queue
[2026-05-04T01:29:04.833+0300] {logging_mixin.py:190} INFO - [2026-05-04T01:29:04.832+0300] {dagbag.py:588} INFO - Filling up the DagBag from /home/nikita/airflow/dags/python_operator.py
[2026-05-04T01:29:04.840+0300] {processor.py:925} INFO - DAG(s) 'python_operator_dag_v2' retrieved from /home/nikita/airflow/dags/python_operator.py
[2026-05-04T01:29:04.852+0300] {logging_mixin.py:190} INFO - [2026-05-04T01:29:04.852+0300] {dag.py:3239} INFO - Sync 1 DAGs
[2026-05-04T01:29:04.868+0300] {logging_mixin.py:190} INFO - [2026-05-04T01:29:04.868+0300] {dag.py:4180} INFO - Setting next_dagrun for python_operator_dag_v2 to 2026-05-02 00:00:00+00:00, run_after=2026-05-03 00:00:00+00:00
[2026-05-04T01:29:04.886+0300] {processor.py:208} INFO - Processing /home/nikita/airflow/dags/python_operator.py took 0.060 seconds
[2026-05-04T01:29:39.442+0300] {processor.py:186} INFO - Started process (PID=20047) to work on /home/nikita/airflow/dags/python_operator.py
[2026-05-04T01:29:39.451+0300] {processor.py:914} INFO - Processing file /home/nikita/airflow/dags/python_operator.py for tasks to queue
[2026-05-04T01:29:39.452+0300] {logging_mixin.py:190} INFO - [2026-05-04T01:29:39.452+0300] {dagbag.py:588} INFO - Filling up the DagBag from /home/nikita/airflow/dags/python_operator.py
[2026-05-04T01:29:39.459+0300] {processor.py:925} INFO - DAG(s) 'python_operator_dag_v2' retrieved from /home/nikita/airflow/dags/python_operator.py
[2026-05-04T01:29:39.470+0300] {logging_mixin.py:190} INFO - [2026-05-04T01:29:39.469+0300] {dag.py:3239} INFO - Sync 1 DAGs
[2026-05-04T01:29:39.583+0300] {logging_mixin.py:190} INFO - [2026-05-04T01:29:39.583+0300] {dag.py:4180} INFO - Setting next_dagrun for python_operator_dag_v2 to 2026-05-02 00:00:00+00:00, run_after=2026-05-03 00:00:00+00:00
[2026-05-04T01:29:39.599+0300] {processor.py:208} INFO - Processing /home/nikita/airflow/dags/python_operator.py took 0.161 seconds
[2026-05-04T01:30:16.983+0300] {processor.py:186} INFO - Started process (PID=20181) to work on /home/nikita/airflow/dags/python_operator.py
[2026-05-04T01:30:16.992+0300] {processor.py:914} INFO - Processing file /home/nikita/airflow/dags/python_operator.py for tasks to queue
[2026-05-04T01:30:16.993+0300] {logging_mixin.py:190} INFO - [2026-05-04T01:30:16.993+0300] {dagbag.py:588} INFO - Filling up the DagBag from /home/nikita/airflow/dags/python_operator.py
[2026-05-04T01:30:17.003+0300] {processor.py:925} INFO - DAG(s) 'python_operator_dag_v2' retrieved from /home/nikita/airflow/dags/python_operator.py
[2026-05-04T01:30:17.015+0300] {logging_mixin.py:190} INFO - [2026-05-04T01:30:17.015+0300] {dag.py:3239} INFO - Sync 1 DAGs
[2026-05-04T01:30:17.030+0300] {logging_mixin.py:190} INFO - [2026-05-04T01:30:17.030+0300] {dag.py:4180} INFO - Setting next_dagrun for python_operator_dag_v2 to 2026-05-02 00:00:00+00:00, run_after=2026-05-03 00:00:00+00:00
[2026-05-04T01:30:17.050+0300] {processor.py:208} INFO - Processing /home/nikita/airflow/dags/python_operator.py took 0.072 seconds
[2026-05-04T01:30:52.804+0300] {processor.py:186} INFO - Started process (PID=20318) to work on /home/nikita/airflow/dags/python_operator.py
[2026-05-04T01:30:52.814+0300] {processor.py:914} INFO - Processing file /home/nikita/airflow/dags/python_operator.py for tasks to queue
[2026-05-04T01:30:52.815+0300] {logging_mixin.py:190} INFO - [2026-05-04T01:30:52.815+0300] {dagbag.py:588} INFO - Filling up the DagBag from /home/nikita/airflow/dags/python_operator.py
[2026-05-04T01:30:52.823+0300] {processor.py:925} INFO - DAG(s) 'python_operator_dag_v2' retrieved from /home/nikita/airflow/dags/python_operator.py
[2026-05-04T01:30:52.834+0300] {logging_mixin.py:190} INFO - [2026-05-04T01:30:52.834+0300] {dag.py:3239} INFO - Sync 1 DAGs
[2026-05-04T01:30:52.999+0300] {logging_mixin.py:190} INFO - [2026-05-04T01:30:52.999+0300] {dag.py:4180} INFO - Setting next_dagrun for python_operator_dag_v2 to 2026-05-02 00:00:00+00:00, run_after=2026-05-03 00:00:00+00:00
[2026-05-04T01:30:53.016+0300] {processor.py:208} INFO - Processing /home/nikita/airflow/dags/python_operator.py took 0.218 seconds
[2026-05-04T01:31:31.260+0300] {processor.py:186} INFO - Started process (PID=20458) to work on /home/nikita/airflow/dags/python_operator.py
[2026-05-04T01:31:31.269+0300] {processor.py:914} INFO - Processing file /home/nikita/airflow/dags/python_operator.py for tasks to queue
[2026-05-04T01:31:31.271+0300] {logging_mixin.py:190} INFO - [2026-05-04T01:31:31.270+0300] {dagbag.py:588} INFO - Filling up the DagBag from /home/nikita/airflow/dags/python_operator.py
[2026-05-04T01:31:31.280+0300] {processor.py:925} INFO - DAG(s) 'python_operator_dag_v2' retrieved from /home/nikita/airflow/dags/python_operator.py
[2026-05-04T01:31:31.294+0300] {logging_mixin.py:190} INFO - [2026-05-04T01:31:31.293+0300] {dag.py:3239} INFO - Sync 1 DAGs
[2026-05-04T01:31:31.475+0300] {logging_mixin.py:190} INFO - [2026-05-04T01:31:31.475+0300] {dag.py:4180} INFO - Setting next_dagrun for python_operator_dag_v2 to 2026-05-02 00:00:00+00:00, run_after=2026-05-03 00:00:00+00:00
[2026-05-04T01:31:31.504+0300] {processor.py:208} INFO - Processing /home/nikita/airflow/dags/python_operator.py took 0.251 seconds
[2026-05-04T01:32:13.551+0300] {processor.py:186} INFO - Started process (PID=20616) to work on /home/nikita/airflow/dags/python_operator.py
[2026-05-04T01:32:13.560+0300] {processor.py:914} INFO - Processing file /home/nikita/airflow/dags/python_operator.py for tasks to queue
[2026-05-04T01:32:13.561+0300] {logging_mixin.py:190} INFO - [2026-05-04T01:32:13.561+0300] {dagbag.py:588} INFO - Filling up the DagBag from /home/nikita/airflow/dags/python_operator.py
[2026-05-04T01:32:13.569+0300] {processor.py:925} INFO - DAG(s) 'python_operator_dag_v2' retrieved from /home/nikita/airflow/dags/python_operator.py
[2026-05-04T01:32:13.583+0300] {logging_mixin.py:190} INFO - [2026-05-04T01:32:13.583+0300] {dag.py:3239} INFO - Sync 1 DAGs
[2026-05-04T01:32:13.601+0300] {logging_mixin.py:190} INFO - [2026-05-04T01:32:13.601+0300] {dag.py:4180} INFO - Setting next_dagrun for python_operator_dag_v2 to 2026-05-02 00:00:00+00:00, run_after=2026-05-03 00:00:00+00:00
[2026-05-04T01:32:13.618+0300] {processor.py:208} INFO - Processing /home/nikita/airflow/dags/python_operator.py took 0.071 seconds
[2026-05-04T01:32:51.264+0300] {processor.py:186} INFO - Started process (PID=20903) to work on /home/nikita/airflow/dags/python_operator.py
[2026-05-04T01:32:51.265+0300] {processor.py:914} INFO - Processing file /home/nikita/airflow/dags/python_operator.py for tasks to queue
[2026-05-04T01:32:51.266+0300] {logging_mixin.py:190} INFO - [2026-05-04T01:32:51.266+0300] {dagbag.py:588} INFO - Filling up the DagBag from /home/nikita/airflow/dags/python_operator.py
[2026-05-04T01:32:51.273+0300] {processor.py:925} INFO - DAG(s) 'python_operator_dag_v2' retrieved from /home/nikita/airflow/dags/python_operator.py
[2026-05-04T01:32:51.283+0300] {logging_mixin.py:190} INFO - [2026-05-04T01:32:51.282+0300] {dag.py:3239} INFO - Sync 1 DAGs
[2026-05-04T01:32:51.297+0300] {logging_mixin.py:190} INFO - [2026-05-04T01:32:51.297+0300] {dag.py:4180} INFO - Setting next_dagrun for python_operator_dag_v2 to 2026-05-02 00:00:00+00:00, run_after=2026-05-03 00:00:00+00:00
[2026-05-04T01:32:51.313+0300] {processor.py:208} INFO - Processing /home/nikita/airflow/dags/python_operator.py took 0.054 seconds
[2026-05-04T01:33:23.980+0300] {processor.py:186} INFO - Started process (PID=21028) to work on /home/nikita/airflow/dags/python_operator.py
[2026-05-04T01:33:23.989+0300] {processor.py:914} INFO - Processing file /home/nikita/airflow/dags/python_operator.py for tasks to queue
[2026-05-04T01:33:23.990+0300] {logging_mixin.py:190} INFO - [2026-05-04T01:33:23.990+0300] {dagbag.py:588} INFO - Filling up the DagBag from /home/nikita/airflow/dags/python_operator.py
[2026-05-04T01:33:23.997+0300] {processor.py:925} INFO - DAG(s) 'python_operator_dag_v2' retrieved from /home/nikita/airflow/dags/python_operator.py
[2026-05-04T01:33:24.008+0300] {logging_mixin.py:190} INFO - [2026-05-04T01:33:24.007+0300] {dag.py:3239} INFO - Sync 1 DAGs
[2026-05-04T01:33:24.021+0300] {logging_mixin.py:190} INFO - [2026-05-04T01:33:24.021+0300] {dag.py:4180} INFO - Setting next_dagrun for python_operator_dag_v2 to 2026-05-02 00:00:00+00:00, run_after=2026-05-03 00:00:00+00:00
[2026-05-04T01:33:24.037+0300] {processor.py:208} INFO - Processing /home/nikita/airflow/dags/python_operator.py took 0.061 seconds
[2026-05-04T01:33:55.448+0300] {processor.py:186} INFO - Started process (PID=21278) to work on /home/nikita/airflow/dags/python_operator.py
[2026-05-04T01:33:55.448+0300] {processor.py:914} INFO - Processing file /home/nikita/airflow/dags/python_operator.py for tasks to queue
[2026-05-04T01:33:55.450+0300] {logging_mixin.py:190} INFO - [2026-05-04T01:33:55.449+0300] {dagbag.py:588} INFO - Filling up the DagBag from /home/nikita/airflow/dags/python_operator.py
[2026-05-04T01:33:55.457+0300] {processor.py:925} INFO - DAG(s) 'python_operator_dag_v2' retrieved from /home/nikita/airflow/dags/python_operator.py
[2026-05-04T01:33:55.468+0300] {logging_mixin.py:190} INFO - [2026-05-04T01:33:55.467+0300] {dag.py:3239} INFO - Sync 1 DAGs
[2026-05-04T01:33:55.482+0300] {logging_mixin.py:190} INFO - [2026-05-04T01:33:55.482+0300] {dag.py:4180} INFO - Setting next_dagrun for python_operator_dag_v2 to 2026-05-02 00:00:00+00:00, run_after=2026-05-03 00:00:00+00:00
[2026-05-04T01:33:55.498+0300] {processor.py:208} INFO - Processing /home/nikita/airflow/dags/python_operator.py took 0.055 seconds
[2026-05-04T01:34:26.948+0300] {processor.py:186} INFO - Started process (PID=21400) to work on /home/nikita/airflow/dags/python_operator.py
[2026-05-04T01:34:26.949+0300] {processor.py:914} INFO - Processing file /home/nikita/airflow/dags/python_operator.py for tasks to queue
[2026-05-04T01:34:26.950+0300] {logging_mixin.py:190} INFO - [2026-05-04T01:34:26.949+0300] {dagbag.py:588} INFO - Filling up the DagBag from /home/nikita/airflow/dags/python_operator.py
[2026-05-04T01:34:26.957+0300] {processor.py:925} INFO - DAG(s) 'python_operator_dag_v2' retrieved from /home/nikita/airflow/dags/python_operator.py
[2026-05-04T01:34:26.967+0300] {logging_mixin.py:190} INFO - [2026-05-04T01:34:26.967+0300] {dag.py:3239} INFO - Sync 1 DAGs
[2026-05-04T01:34:26.980+0300] {logging_mixin.py:190} INFO - [2026-05-04T01:34:26.980+0300] {dag.py:4180} INFO - Setting next_dagrun for python_operator_dag_v2 to 2026-05-02 00:00:00+00:00, run_after=2026-05-03 00:00:00+00:00
[2026-05-04T01:34:26.996+0300] {processor.py:208} INFO - Processing /home/nikita/airflow/dags/python_operator.py took 0.053 seconds
[2026-05-04T01:34:59.604+0300] {processor.py:186} INFO - Started process (PID=21522) to work on /home/nikita/airflow/dags/python_operator.py
[2026-05-04T01:34:59.604+0300] {processor.py:914} INFO - Processing file /home/nikita/airflow/dags/python_operator.py for tasks to queue
[2026-05-04T01:34:59.606+0300] {logging_mixin.py:190} INFO - [2026-05-04T01:34:59.605+0300] {dagbag.py:588} INFO - Filling up the DagBag from /home/nikita/airflow/dags/python_operator.py
[2026-05-04T01:34:59.612+0300] {processor.py:925} INFO - DAG(s) 'python_operator_dag_v2' retrieved from /home/nikita/airflow/dags/python_operator.py
[2026-05-04T01:34:59.622+0300] {logging_mixin.py:190} INFO - [2026-05-04T01:34:59.622+0300] {dag.py:3239} INFO - Sync 1 DAGs
[2026-05-04T01:34:59.636+0300] {logging_mixin.py:190} INFO - [2026-05-04T01:34:59.636+0300] {dag.py:4180} INFO - Setting next_dagrun for python_operator_dag_v2 to 2026-05-02 00:00:00+00:00, run_after=2026-05-03 00:00:00+00:00
[2026-05-04T01:34:59.652+0300] {processor.py:208} INFO - Processing /home/nikita/airflow/dags/python_operator.py took 0.052 seconds
[2026-05-04T01:35:30.996+0300] {processor.py:186} INFO - Started process (PID=21648) to work on /home/nikita/airflow/dags/python_operator.py
[2026-05-04T01:35:30.998+0300] {processor.py:914} INFO - Processing file /home/nikita/airflow/dags/python_operator.py for tasks to queue
[2026-05-04T01:35:30.999+0300] {logging_mixin.py:190} INFO - [2026-05-04T01:35:30.999+0300] {dagbag.py:588} INFO - Filling up the DagBag from /home/nikita/airflow/dags/python_operator.py
[2026-05-04T01:35:31.007+0300] {processor.py:925} INFO - DAG(s) 'python_operator_dag_v2' retrieved from /home/nikita/airflow/dags/python_operator.py
[2026-05-04T01:35:31.018+0300] {logging_mixin.py:190} INFO - [2026-05-04T01:35:31.018+0300] {dag.py:3239} INFO - Sync 1 DAGs
[2026-05-04T01:35:31.034+0300] {logging_mixin.py:190} INFO - [2026-05-04T01:35:31.033+0300] {dag.py:4180} INFO - Setting next_dagrun for python_operator_dag_v2 to 2026-05-02 00:00:00+00:00, run_after=2026-05-03 00:00:00+00:00
[2026-05-04T01:35:31.050+0300] {processor.py:208} INFO - Processing /home/nikita/airflow/dags/python_operator.py took 0.058 seconds
[2026-05-04T01:38:07.289+0300] {processor.py:186} INFO - Started process (PID=22217) to work on /home/nikita/airflow/dags/python_operator.py
[2026-05-04T01:38:07.291+0300] {processor.py:914} INFO - Processing file /home/nikita/airflow/dags/python_operator.py for tasks to queue
[2026-05-04T01:38:07.293+0300] {logging_mixin.py:190} INFO - [2026-05-04T01:38:07.293+0300] {dagbag.py:588} INFO - Filling up the DagBag from /home/nikita/airflow/dags/python_operator.py
[2026-05-04T01:38:07.302+0300] {processor.py:925} INFO - DAG(s) 'python_operator_dag_v2' retrieved from /home/nikita/airflow/dags/python_operator.py
[2026-05-04T01:38:07.318+0300] {logging_mixin.py:190} INFO - [2026-05-04T01:38:07.318+0300] {dag.py:3239} INFO - Sync 1 DAGs
[2026-05-04T01:38:07.335+0300] {logging_mixin.py:190} INFO - [2026-05-04T01:38:07.334+0300] {dag.py:4180} INFO - Setting next_dagrun for python_operator_dag_v2 to 2026-05-02 00:00:00+00:00, run_after=2026-05-03 00:00:00+00:00
[2026-05-04T01:38:07.351+0300] {processor.py:208} INFO - Processing /home/nikita/airflow/dags/python_operator.py took 0.066 seconds
[2026-05-04T01:38:37.407+0300] {processor.py:186} INFO - Started process (PID=22250) to work on /home/nikita/airflow/dags/python_operator.py
[2026-05-04T01:38:37.409+0300] {processor.py:914} INFO - Processing file /home/nikita/airflow/dags/python_operator.py for tasks to queue
[2026-05-04T01:38:37.410+0300] {logging_mixin.py:190} INFO - [2026-05-04T01:38:37.410+0300] {dagbag.py:588} INFO - Filling up the DagBag from /home/nikita/airflow/dags/python_operator.py
[2026-05-04T01:38:37.418+0300] {processor.py:925} INFO - DAG(s) 'python_operator_dag_v2' retrieved from /home/nikita/airflow/dags/python_operator.py
[2026-05-04T01:38:37.433+0300] {logging_mixin.py:190} INFO - [2026-05-04T01:38:37.433+0300] {dag.py:3239} INFO - Sync 1 DAGs
[2026-05-04T01:38:37.446+0300] {logging_mixin.py:190} INFO - [2026-05-04T01:38:37.446+0300] {dag.py:4180} INFO - Setting next_dagrun for python_operator_dag_v2 to 2026-05-02 00:00:00+00:00, run_after=2026-05-03 00:00:00+00:00
[2026-05-04T01:38:37.461+0300] {processor.py:208} INFO - Processing /home/nikita/airflow/dags/python_operator.py took 0.057 seconds
[2026-05-04T01:39:08.227+0300] {processor.py:186} INFO - Started process (PID=22266) to work on /home/nikita/airflow/dags/python_operator.py
[2026-05-04T01:39:08.229+0300] {processor.py:914} INFO - Processing file /home/nikita/airflow/dags/python_operator.py for tasks to queue
[2026-05-04T01:39:08.230+0300] {logging_mixin.py:190} INFO - [2026-05-04T01:39:08.230+0300] {dagbag.py:588} INFO - Filling up the DagBag from /home/nikita/airflow/dags/python_operator.py
[2026-05-04T01:39:08.240+0300] {processor.py:925} INFO - DAG(s) 'python_operator_dag_v2' retrieved from /home/nikita/airflow/dags/python_operator.py
[2026-05-04T01:39:08.255+0300] {logging_mixin.py:190} INFO - [2026-05-04T01:39:08.255+0300] {dag.py:3239} INFO - Sync 1 DAGs
[2026-05-04T01:39:08.268+0300] {logging_mixin.py:190} INFO - [2026-05-04T01:39:08.268+0300] {dag.py:4180} INFO - Setting next_dagrun for python_operator_dag_v2 to 2026-05-02 00:00:00+00:00, run_after=2026-05-03 00:00:00+00:00
[2026-05-04T01:39:08.283+0300] {processor.py:208} INFO - Processing /home/nikita/airflow/dags/python_operator.py took 0.060 seconds
[2026-05-04T01:39:38.677+0300] {processor.py:186} INFO - Started process (PID=22270) to work on /home/nikita/airflow/dags/python_operator.py
[2026-05-04T01:39:38.778+0300] {processor.py:914} INFO - Processing file /home/nikita/airflow/dags/python_operator.py for tasks to queue
[2026-05-04T01:39:38.780+0300] {logging_mixin.py:190} INFO - [2026-05-04T01:39:38.779+0300] {dagbag.py:588} INFO - Filling up the DagBag from /home/nikita/airflow/dags/python_operator.py
[2026-05-04T01:39:38.788+0300] {processor.py:925} INFO - DAG(s) 'python_operator_dag_v2' retrieved from /home/nikita/airflow/dags/python_operator.py
[2026-05-04T01:39:38.801+0300] {logging_mixin.py:190} INFO - [2026-05-04T01:39:38.801+0300] {dag.py:3239} INFO - Sync 1 DAGs
[2026-05-04T01:39:38.814+0300] {logging_mixin.py:190} INFO - [2026-05-04T01:39:38.814+0300] {dag.py:4180} INFO - Setting next_dagrun for python_operator_dag_v2 to 2026-05-02 00:00:00+00:00, run_after=2026-05-03 00:00:00+00:00
[2026-05-04T01:39:38.828+0300] {processor.py:208} INFO - Processing /home/nikita/airflow/dags/python_operator.py took 0.155 seconds
[2026-05-04T01:40:09.182+0300] {processor.py:186} INFO - Started process (PID=22320) to work on /home/nikita/airflow/dags/python_operator.py
[2026-05-04T01:40:09.191+0300] {processor.py:914} INFO - Processing file /home/nikita/airflow/dags/python_operator.py for tasks to queue
[2026-05-04T01:40:09.193+0300] {logging_mixin.py:190} INFO - [2026-05-04T01:40:09.192+0300] {dagbag.py:588} INFO - Filling up the DagBag from /home/nikita/airflow/dags/python_operator.py
[2026-05-04T01:40:09.201+0300] {processor.py:925} INFO - DAG(s) 'python_operator_dag_v2' retrieved from /home/nikita/airflow/dags/python_operator.py
[2026-05-04T01:40:09.216+0300] {logging_mixin.py:190} INFO - [2026-05-04T01:40:09.216+0300] {dag.py:3239} INFO - Sync 1 DAGs
[2026-05-04T01:40:09.231+0300] {logging_mixin.py:190} INFO - [2026-05-04T01:40:09.230+0300] {dag.py:4180} INFO - Setting next_dagrun for python_operator_dag_v2 to 2026-05-02 00:00:00+00:00, run_after=2026-05-03 00:00:00+00:00
[2026-05-04T01:40:09.246+0300] {processor.py:208} INFO - Processing /home/nikita/airflow/dags/python_operator.py took 0.069 seconds
[2026-05-04T01:40:39.649+0300] {processor.py:186} INFO - Started process (PID=22413) to work on /home/nikita/airflow/dags/python_operator.py
[2026-05-04T01:40:39.651+0300] {processor.py:914} INFO - Processing file /home/nikita/airflow/dags/python_operator.py for tasks to queue
[2026-05-04T01:40:39.654+0300] {logging_mixin.py:190} INFO - [2026-05-04T01:40:39.653+0300] {dagbag.py:588} INFO - Filling up the DagBag from /home/nikita/airflow/dags/python_operator.py
[2026-05-04T01:40:39.662+0300] {processor.py:925} INFO - DAG(s) 'python_operator_dag_v2' retrieved from /home/nikita/airflow/dags/python_operator.py
[2026-05-04T01:40:39.677+0300] {logging_mixin.py:190} INFO - [2026-05-04T01:40:39.677+0300] {dag.py:3239} INFO - Sync 1 DAGs
[2026-05-04T01:40:39.692+0300] {logging_mixin.py:190} INFO - [2026-05-04T01:40:39.692+0300] {dag.py:4180} INFO - Setting next_dagrun for python_operator_dag_v2 to 2026-05-02 00:00:00+00:00, run_after=2026-05-03 00:00:00+00:00
[2026-05-04T01:40:39.708+0300] {processor.py:208} INFO - Processing /home/nikita/airflow/dags/python_operator.py took 0.062 seconds
[2026-05-04T01:41:10.093+0300] {processor.py:186} INFO - Started process (PID=22505) to work on /home/nikita/airflow/dags/python_operator.py
[2026-05-04T01:41:10.094+0300] {processor.py:914} INFO - Processing file /home/nikita/airflow/dags/python_operator.py for tasks to queue
[2026-05-04T01:41:10.095+0300] {logging_mixin.py:190} INFO - [2026-05-04T01:41:10.095+0300] {dagbag.py:588} INFO - Filling up the DagBag from /home/nikita/airflow/dags/python_operator.py
[2026-05-04T01:41:10.104+0300] {processor.py:925} INFO - DAG(s) 'python_operator_dag_v2' retrieved from /home/nikita/airflow/dags/python_operator.py
[2026-05-04T01:41:10.118+0300] {logging_mixin.py:190} INFO - [2026-05-04T01:41:10.118+0300] {dag.py:3239} INFO - Sync 1 DAGs
[2026-05-04T01:41:10.133+0300] {logging_mixin.py:190} INFO - [2026-05-04T01:41:10.132+0300] {dag.py:4180} INFO - Setting next_dagrun for python_operator_dag_v2 to 2026-05-02 00:00:00+00:00, run_after=2026-05-03 00:00:00+00:00
[2026-05-04T01:41:10.149+0300] {processor.py:208} INFO - Processing /home/nikita/airflow/dags/python_operator.py took 0.060 seconds
[2026-05-04T01:41:41.682+0300] {processor.py:186} INFO - Started process (PID=22601) to work on /home/nikita/airflow/dags/python_operator.py
[2026-05-04T01:41:41.691+0300] {processor.py:914} INFO - Processing file /home/nikita/airflow/dags/python_operator.py for tasks to queue
[2026-05-04T01:41:41.693+0300] {logging_mixin.py:190} INFO - [2026-05-04T01:41:41.692+0300] {dagbag.py:588} INFO - Filling up the DagBag from /home/nikita/airflow/dags/python_operator.py
[2026-05-04T01:41:41.701+0300] {processor.py:925} INFO - DAG(s) 'python_operator_dag_v2' retrieved from /home/nikita/airflow/dags/python_operator.py
[2026-05-04T01:41:41.715+0300] {logging_mixin.py:190} INFO - [2026-05-04T01:41:41.715+0300] {dag.py:3239} INFO - Sync 1 DAGs
[2026-05-04T01:41:41.728+0300] {logging_mixin.py:190} INFO - [2026-05-04T01:41:41.727+0300] {dag.py:4180} INFO - Setting next_dagrun for python_operator_dag_v2 to 2026-05-02 00:00:00+00:00, run_after=2026-05-03 00:00:00+00:00
[2026-05-04T01:41:41.743+0300] {processor.py:208} INFO - Processing /home/nikita/airflow/dags/python_operator.py took 0.065 seconds
[2026-05-04T01:42:12.461+0300] {processor.py:186} INFO - Started process (PID=22695) to work on /home/nikita/airflow/dags/python_operator.py
[2026-05-04T01:42:12.461+0300] {processor.py:914} INFO - Processing file /home/nikita/airflow/dags/python_operator.py for tasks to queue
[2026-05-04T01:42:12.463+0300] {logging_mixin.py:190} INFO - [2026-05-04T01:42:12.463+0300] {dagbag.py:588} INFO - Filling up the DagBag from /home/nikita/airflow/dags/python_operator.py
[2026-05-04T01:42:12.472+0300] {processor.py:925} INFO - DAG(s) 'python_operator_dag_v2' retrieved from /home/nikita/airflow/dags/python_operator.py
[2026-05-04T01:42:12.488+0300] {logging_mixin.py:190} INFO - [2026-05-04T01:42:12.488+0300] {dag.py:3239} INFO - Sync 1 DAGs
[2026-05-04T01:42:12.503+0300] {logging_mixin.py:190} INFO - [2026-05-04T01:42:12.503+0300] {dag.py:4180} INFO - Setting next_dagrun for python_operator_dag_v2 to 2026-05-02 00:00:00+00:00, run_after=2026-05-03 00:00:00+00:00
[2026-05-04T01:42:12.519+0300] {processor.py:208} INFO - Processing /home/nikita/airflow/dags/python_operator.py took 0.063 seconds
[2026-05-04T01:42:44.040+0300] {processor.py:186} INFO - Started process (PID=22791) to work on /home/nikita/airflow/dags/python_operator.py
[2026-05-04T01:42:44.042+0300] {processor.py:914} INFO - Processing file /home/nikita/airflow/dags/python_operator.py for tasks to queue
[2026-05-04T01:42:44.043+0300] {logging_mixin.py:190} INFO - [2026-05-04T01:42:44.043+0300] {dagbag.py:588} INFO - Filling up the DagBag from /home/nikita/airflow/dags/python_operator.py
[2026-05-04T01:42:44.052+0300] {processor.py:925} INFO - DAG(s) 'python_operator_dag_v2' retrieved from /home/nikita/airflow/dags/python_operator.py
[2026-05-04T01:42:44.066+0300] {logging_mixin.py:190} INFO - [2026-05-04T01:42:44.066+0300] {dag.py:3239} INFO - Sync 1 DAGs
[2026-05-04T01:42:44.079+0300] {logging_mixin.py:190} INFO - [2026-05-04T01:42:44.079+0300] {dag.py:4180} INFO - Setting next_dagrun for python_operator_dag_v2 to 2026-05-02 00:00:00+00:00, run_after=2026-05-03 00:00:00+00:00
[2026-05-04T01:42:44.094+0300] {processor.py:208} INFO - Processing /home/nikita/airflow/dags/python_operator.py took 0.058 seconds
[2026-05-04T01:43:15.637+0300] {processor.py:186} INFO - Started process (PID=22879) to work on /home/nikita/airflow/dags/python_operator.py
[2026-05-04T01:43:15.637+0300] {processor.py:914} INFO - Processing file /home/nikita/airflow/dags/python_operator.py for tasks to queue
[2026-05-04T01:43:15.639+0300] {logging_mixin.py:190} INFO - [2026-05-04T01:43:15.639+0300] {dagbag.py:588} INFO - Filling up the DagBag from /home/nikita/airflow/dags/python_operator.py
[2026-05-04T01:43:15.648+0300] {processor.py:925} INFO - DAG(s) 'python_operator_dag_v2' retrieved from /home/nikita/airflow/dags/python_operator.py
[2026-05-04T01:43:15.663+0300] {logging_mixin.py:190} INFO - [2026-05-04T01:43:15.663+0300] {dag.py:3239} INFO - Sync 1 DAGs
[2026-05-04T01:43:15.677+0300] {logging_mixin.py:190} INFO - [2026-05-04T01:43:15.677+0300] {dag.py:4180} INFO - Setting next_dagrun for python_operator_dag_v2 to 2026-05-02 00:00:00+00:00, run_after=2026-05-03 00:00:00+00:00
[2026-05-04T01:43:15.695+0300] {processor.py:208} INFO - Processing /home/nikita/airflow/dags/python_operator.py took 0.063 seconds
[2026-05-04T01:43:47.214+0300] {processor.py:186} INFO - Started process (PID=22973) to work on /home/nikita/airflow/dags/python_operator.py
[2026-05-04T01:43:47.223+0300] {processor.py:914} INFO - Processing file /home/nikita/airflow/dags/python_operator.py for tasks to queue
[2026-05-04T01:43:47.225+0300] {logging_mixin.py:190} INFO - [2026-05-04T01:43:47.225+0300] {dagbag.py:588} INFO - Filling up the DagBag from /home/nikita/airflow/dags/python_operator.py
[2026-05-04T01:43:47.234+0300] {processor.py:925} INFO - DAG(s) 'python_operator_dag_v2' retrieved from /home/nikita/airflow/dags/python_operator.py
[2026-05-04T01:43:47.248+0300] {logging_mixin.py:190} INFO - [2026-05-04T01:43:47.248+0300] {dag.py:3239} INFO - Sync 1 DAGs
[2026-05-04T01:43:47.262+0300] {logging_mixin.py:190} INFO - [2026-05-04T01:43:47.262+0300] {dag.py:4180} INFO - Setting next_dagrun for python_operator_dag_v2 to 2026-05-02 00:00:00+00:00, run_after=2026-05-03 00:00:00+00:00
[2026-05-04T01:43:47.277+0300] {processor.py:208} INFO - Processing /home/nikita/airflow/dags/python_operator.py took 0.067 seconds
[2026-05-04T01:44:17.787+0300] {processor.py:186} INFO - Started process (PID=23067) to work on /home/nikita/airflow/dags/python_operator.py
[2026-05-04T01:44:17.788+0300] {processor.py:914} INFO - Processing file /home/nikita/airflow/dags/python_operator.py for tasks to queue
[2026-05-04T01:44:17.790+0300] {logging_mixin.py:190} INFO - [2026-05-04T01:44:17.790+0300] {dagbag.py:588} INFO - Filling up the DagBag from /home/nikita/airflow/dags/python_operator.py
[2026-05-04T01:44:17.800+0300] {processor.py:925} INFO - DAG(s) 'python_operator_dag_v2' retrieved from /home/nikita/airflow/dags/python_operator.py
[2026-05-04T01:44:17.816+0300] {logging_mixin.py:190} INFO - [2026-05-04T01:44:17.816+0300] {dag.py:3239} INFO - Sync 1 DAGs
[2026-05-04T01:44:17.832+0300] {logging_mixin.py:190} INFO - [2026-05-04T01:44:17.832+0300] {dag.py:4180} INFO - Setting next_dagrun for python_operator_dag_v2 to 2026-05-02 00:00:00+00:00, run_after=2026-05-03 00:00:00+00:00
[2026-05-04T01:44:17.847+0300] {processor.py:208} INFO - Processing /home/nikita/airflow/dags/python_operator.py took 0.064 seconds
[2026-05-04T01:44:49.365+0300] {processor.py:186} INFO - Started process (PID=23155) to work on /home/nikita/airflow/dags/python_operator.py
[2026-05-04T01:44:49.367+0300] {processor.py:914} INFO - Processing file /home/nikita/airflow/dags/python_operator.py for tasks to queue
[2026-05-04T01:44:49.369+0300] {logging_mixin.py:190} INFO - [2026-05-04T01:44:49.369+0300] {dagbag.py:588} INFO - Filling up the DagBag from /home/nikita/airflow/dags/python_operator.py
[2026-05-04T01:44:49.379+0300] {processor.py:925} INFO - DAG(s) 'python_operator_dag_v2' retrieved from /home/nikita/airflow/dags/python_operator.py
[2026-05-04T01:44:49.396+0300] {logging_mixin.py:190} INFO - [2026-05-04T01:44:49.396+0300] {dag.py:3239} INFO - Sync 1 DAGs
[2026-05-04T01:44:49.411+0300] {logging_mixin.py:190} INFO - [2026-05-04T01:44:49.411+0300] {dag.py:4180} INFO - Setting next_dagrun for python_operator_dag_v2 to 2026-05-02 00:00:00+00:00, run_after=2026-05-03 00:00:00+00:00
[2026-05-04T01:44:49.426+0300] {processor.py:208} INFO - Processing /home/nikita/airflow/dags/python_operator.py took 0.065 seconds
[2026-05-04T01:45:20.919+0300] {processor.py:186} INFO - Started process (PID=23249) to work on /home/nikita/airflow/dags/python_operator.py
[2026-05-04T01:45:20.920+0300] {processor.py:914} INFO - Processing file /home/nikita/airflow/dags/python_operator.py for tasks to queue
[2026-05-04T01:45:20.922+0300] {logging_mixin.py:190} INFO - [2026-05-04T01:45:20.921+0300] {dagbag.py:588} INFO - Filling up the DagBag from /home/nikita/airflow/dags/python_operator.py
[2026-05-04T01:45:20.930+0300] {processor.py:925} INFO - DAG(s) 'python_operator_dag_v2' retrieved from /home/nikita/airflow/dags/python_operator.py
[2026-05-04T01:45:20.946+0300] {logging_mixin.py:190} INFO - [2026-05-04T01:45:20.945+0300] {dag.py:3239} INFO - Sync 1 DAGs
[2026-05-04T01:45:20.960+0300] {logging_mixin.py:190} INFO - [2026-05-04T01:45:20.959+0300] {dag.py:4180} INFO - Setting next_dagrun for python_operator_dag_v2 to 2026-05-02 00:00:00+00:00, run_after=2026-05-03 00:00:00+00:00
[2026-05-04T01:45:20.975+0300] {processor.py:208} INFO - Processing /home/nikita/airflow/dags/python_operator.py took 0.060 seconds
[2026-05-04T01:45:51.478+0300] {processor.py:186} INFO - Started process (PID=23343) to work on /home/nikita/airflow/dags/python_operator.py
[2026-05-04T01:45:51.488+0300] {processor.py:914} INFO - Processing file /home/nikita/airflow/dags/python_operator.py for tasks to queue
[2026-05-04T01:45:51.490+0300] {logging_mixin.py:190} INFO - [2026-05-04T01:45:51.490+0300] {dagbag.py:588} INFO - Filling up the DagBag from /home/nikita/airflow/dags/python_operator.py
[2026-05-04T01:45:51.499+0300] {processor.py:925} INFO - DAG(s) 'python_operator_dag_v2' retrieved from /home/nikita/airflow/dags/python_operator.py
[2026-05-04T01:45:51.515+0300] {logging_mixin.py:190} INFO - [2026-05-04T01:45:51.515+0300] {dag.py:3239} INFO - Sync 1 DAGs
[2026-05-04T01:45:51.529+0300] {logging_mixin.py:190} INFO - [2026-05-04T01:45:51.529+0300] {dag.py:4180} INFO - Setting next_dagrun for python_operator_dag_v2 to 2026-05-02 00:00:00+00:00, run_after=2026-05-03 00:00:00+00:00
[2026-05-04T01:45:51.545+0300] {processor.py:208} INFO - Processing /home/nikita/airflow/dags/python_operator.py took 0.071 seconds
[2026-05-04T01:46:22.980+0300] {processor.py:186} INFO - Started process (PID=23431) to work on /home/nikita/airflow/dags/python_operator.py
[2026-05-04T01:46:22.981+0300] {processor.py:914} INFO - Processing file /home/nikita/airflow/dags/python_operator.py for tasks to queue
[2026-05-04T01:46:22.982+0300] {logging_mixin.py:190} INFO - [2026-05-04T01:46:22.982+0300] {dagbag.py:588} INFO - Filling up the DagBag from /home/nikita/airflow/dags/python_operator.py
[2026-05-04T01:46:22.991+0300] {processor.py:925} INFO - DAG(s) 'python_operator_dag_v2' retrieved from /home/nikita/airflow/dags/python_operator.py
[2026-05-04T01:46:23.006+0300] {logging_mixin.py:190} INFO - [2026-05-04T01:46:23.005+0300] {dag.py:3239} INFO - Sync 1 DAGs
[2026-05-04T01:46:23.018+0300] {logging_mixin.py:190} INFO - [2026-05-04T01:46:23.018+0300] {dag.py:4180} INFO - Setting next_dagrun for python_operator_dag_v2 to 2026-05-02 00:00:00+00:00, run_after=2026-05-03 00:00:00+00:00
[2026-05-04T01:46:23.033+0300] {processor.py:208} INFO - Processing /home/nikita/airflow/dags/python_operator.py took 0.057 seconds
[2026-05-04T01:46:54.585+0300] {processor.py:186} INFO - Started process (PID=23525) to work on /home/nikita/airflow/dags/python_operator.py
[2026-05-04T01:46:54.586+0300] {processor.py:914} INFO - Processing file /home/nikita/airflow/dags/python_operator.py for tasks to queue
[2026-05-04T01:46:54.588+0300] {logging_mixin.py:190} INFO - [2026-05-04T01:46:54.587+0300] {dagbag.py:588} INFO - Filling up the DagBag from /home/nikita/airflow/dags/python_operator.py
[2026-05-04T01:46:54.596+0300] {processor.py:925} INFO - DAG(s) 'python_operator_dag_v2' retrieved from /home/nikita/airflow/dags/python_operator.py
[2026-05-04T01:46:54.611+0300] {logging_mixin.py:190} INFO - [2026-05-04T01:46:54.611+0300] {dag.py:3239} INFO - Sync 1 DAGs
[2026-05-04T01:46:54.625+0300] {logging_mixin.py:190} INFO - [2026-05-04T01:46:54.625+0300] {dag.py:4180} INFO - Setting next_dagrun for python_operator_dag_v2 to 2026-05-02 00:00:00+00:00, run_after=2026-05-03 00:00:00+00:00
[2026-05-04T01:46:54.727+0300] {processor.py:208} INFO - Processing /home/nikita/airflow/dags/python_operator.py took 0.146 seconds
[2026-05-04T01:47:26.236+0300] {processor.py:186} INFO - Started process (PID=23619) to work on /home/nikita/airflow/dags/python_operator.py
[2026-05-04T01:47:26.237+0300] {processor.py:914} INFO - Processing file /home/nikita/airflow/dags/python_operator.py for tasks to queue
[2026-05-04T01:47:26.238+0300] {logging_mixin.py:190} INFO - [2026-05-04T01:47:26.238+0300] {dagbag.py:588} INFO - Filling up the DagBag from /home/nikita/airflow/dags/python_operator.py
[2026-05-04T01:47:26.248+0300] {processor.py:925} INFO - DAG(s) 'python_operator_dag_v2' retrieved from /home/nikita/airflow/dags/python_operator.py
[2026-05-04T01:47:26.264+0300] {logging_mixin.py:190} INFO - [2026-05-04T01:47:26.264+0300] {dag.py:3239} INFO - Sync 1 DAGs
[2026-05-04T01:47:26.370+0300] {logging_mixin.py:190} INFO - [2026-05-04T01:47:26.370+0300] {dag.py:4180} INFO - Setting next_dagrun for python_operator_dag_v2 to 2026-05-02 00:00:00+00:00, run_after=2026-05-03 00:00:00+00:00
[2026-05-04T01:47:26.385+0300] {processor.py:208} INFO - Processing /home/nikita/airflow/dags/python_operator.py took 0.154 seconds
[2026-05-04T01:47:57.610+0300] {processor.py:186} INFO - Started process (PID=23716) to work on /home/nikita/airflow/dags/python_operator.py
[2026-05-04T01:47:57.620+0300] {processor.py:914} INFO - Processing file /home/nikita/airflow/dags/python_operator.py for tasks to queue
[2026-05-04T01:47:57.622+0300] {logging_mixin.py:190} INFO - [2026-05-04T01:47:57.621+0300] {dagbag.py:588} INFO - Filling up the DagBag from /home/nikita/airflow/dags/python_operator.py
[2026-05-04T01:47:57.631+0300] {processor.py:925} INFO - DAG(s) 'python_operator_dag_v2' retrieved from /home/nikita/airflow/dags/python_operator.py
[2026-05-04T01:47:57.646+0300] {logging_mixin.py:190} INFO - [2026-05-04T01:47:57.646+0300] {dag.py:3239} INFO - Sync 1 DAGs
[2026-05-04T01:47:57.750+0300] {logging_mixin.py:190} INFO - [2026-05-04T01:47:57.749+0300] {dag.py:4180} INFO - Setting next_dagrun for python_operator_dag_v2 to 2026-05-02 00:00:00+00:00, run_after=2026-05-03 00:00:00+00:00
[2026-05-04T01:47:57.768+0300] {processor.py:208} INFO - Processing /home/nikita/airflow/dags/python_operator.py took 0.162 seconds
[2026-05-04T01:48:28.219+0300] {processor.py:186} INFO - Started process (PID=23806) to work on /home/nikita/airflow/dags/python_operator.py
[2026-05-04T01:48:28.220+0300] {processor.py:914} INFO - Processing file /home/nikita/airflow/dags/python_operator.py for tasks to queue
[2026-05-04T01:48:28.222+0300] {logging_mixin.py:190} INFO - [2026-05-04T01:48:28.222+0300] {dagbag.py:588} INFO - Filling up the DagBag from /home/nikita/airflow/dags/python_operator.py
[2026-05-04T01:48:28.234+0300] {processor.py:925} INFO - DAG(s) 'python_operator_dag_v2' retrieved from /home/nikita/airflow/dags/python_operator.py
[2026-05-04T01:48:28.369+0300] {logging_mixin.py:190} INFO - [2026-05-04T01:48:28.368+0300] {dag.py:3239} INFO - Sync 1 DAGs
[2026-05-04T01:48:28.386+0300] {logging_mixin.py:190} INFO - [2026-05-04T01:48:28.386+0300] {dag.py:4180} INFO - Setting next_dagrun for python_operator_dag_v2 to 2026-05-02 00:00:00+00:00, run_after=2026-05-03 00:00:00+00:00
[2026-05-04T01:48:28.404+0300] {processor.py:208} INFO - Processing /home/nikita/airflow/dags/python_operator.py took 0.191 seconds
[2026-05-04T01:48:59.732+0300] {processor.py:186} INFO - Started process (PID=23906) to work on /home/nikita/airflow/dags/python_operator.py
[2026-05-04T01:48:59.741+0300] {processor.py:914} INFO - Processing file /home/nikita/airflow/dags/python_operator.py for tasks to queue
[2026-05-04T01:48:59.743+0300] {logging_mixin.py:190} INFO - [2026-05-04T01:48:59.743+0300] {dagbag.py:588} INFO - Filling up the DagBag from /home/nikita/airflow/dags/python_operator.py
[2026-05-04T01:48:59.752+0300] {processor.py:925} INFO - DAG(s) 'python_operator_dag_v2' retrieved from /home/nikita/airflow/dags/python_operator.py
[2026-05-04T01:48:59.767+0300] {logging_mixin.py:190} INFO - [2026-05-04T01:48:59.767+0300] {dag.py:3239} INFO - Sync 1 DAGs
[2026-05-04T01:48:59.781+0300] {logging_mixin.py:190} INFO - [2026-05-04T01:48:59.781+0300] {dag.py:4180} INFO - Setting next_dagrun for python_operator_dag_v2 to 2026-05-02 00:00:00+00:00, run_after=2026-05-03 00:00:00+00:00
[2026-05-04T01:48:59.797+0300] {processor.py:208} INFO - Processing /home/nikita/airflow/dags/python_operator.py took 0.070 seconds
[2026-05-04T01:49:31.347+0300] {processor.py:186} INFO - Started process (PID=24000) to work on /home/nikita/airflow/dags/python_operator.py
[2026-05-04T01:49:31.356+0300] {processor.py:914} INFO - Processing file /home/nikita/airflow/dags/python_operator.py for tasks to queue
[2026-05-04T01:49:31.358+0300] {logging_mixin.py:190} INFO - [2026-05-04T01:49:31.358+0300] {dagbag.py:588} INFO - Filling up the DagBag from /home/nikita/airflow/dags/python_operator.py
[2026-05-04T01:49:31.370+0300] {processor.py:925} INFO - DAG(s) 'python_operator_dag_v2' retrieved from /home/nikita/airflow/dags/python_operator.py
[2026-05-04T01:49:31.389+0300] {logging_mixin.py:190} INFO - [2026-05-04T01:49:31.389+0300] {dag.py:3239} INFO - Sync 1 DAGs
[2026-05-04T01:49:31.405+0300] {logging_mixin.py:190} INFO - [2026-05-04T01:49:31.404+0300] {dag.py:4180} INFO - Setting next_dagrun for python_operator_dag_v2 to 2026-05-02 00:00:00+00:00, run_after=2026-05-03 00:00:00+00:00
[2026-05-04T01:49:31.421+0300] {processor.py:208} INFO - Processing /home/nikita/airflow/dags/python_operator.py took 0.080 seconds
[2026-05-04T01:50:01.854+0300] {processor.py:186} INFO - Started process (PID=24088) to work on /home/nikita/airflow/dags/python_operator.py
[2026-05-04T01:50:01.856+0300] {processor.py:914} INFO - Processing file /home/nikita/airflow/dags/python_operator.py for tasks to queue
[2026-05-04T01:50:01.858+0300] {logging_mixin.py:190} INFO - [2026-05-04T01:50:01.857+0300] {dagbag.py:588} INFO - Filling up the DagBag from /home/nikita/airflow/dags/python_operator.py
[2026-05-04T01:50:01.866+0300] {processor.py:925} INFO - DAG(s) 'python_operator_dag_v2' retrieved from /home/nikita/airflow/dags/python_operator.py
[2026-05-04T01:50:01.881+0300] {logging_mixin.py:190} INFO - [2026-05-04T01:50:01.881+0300] {dag.py:3239} INFO - Sync 1 DAGs
[2026-05-04T01:50:01.895+0300] {logging_mixin.py:190} INFO - [2026-05-04T01:50:01.895+0300] {dag.py:4180} INFO - Setting next_dagrun for python_operator_dag_v2 to 2026-05-02 00:00:00+00:00, run_after=2026-05-03 00:00:00+00:00
[2026-05-04T01:50:01.911+0300] {processor.py:208} INFO - Processing /home/nikita/airflow/dags/python_operator.py took 0.061 seconds
[2026-05-04T01:50:33.438+0300] {processor.py:186} INFO - Started process (PID=24183) to work on /home/nikita/airflow/dags/python_operator.py
[2026-05-04T01:50:33.440+0300] {processor.py:914} INFO - Processing file /home/nikita/airflow/dags/python_operator.py for tasks to queue
[2026-05-04T01:50:33.441+0300] {logging_mixin.py:190} INFO - [2026-05-04T01:50:33.441+0300] {dagbag.py:588} INFO - Filling up the DagBag from /home/nikita/airflow/dags/python_operator.py
[2026-05-04T01:50:33.450+0300] {processor.py:925} INFO - DAG(s) 'python_operator_dag_v2' retrieved from /home/nikita/airflow/dags/python_operator.py
[2026-05-04T01:50:33.466+0300] {logging_mixin.py:190} INFO - [2026-05-04T01:50:33.466+0300] {dag.py:3239} INFO - Sync 1 DAGs
[2026-05-04T01:50:33.481+0300] {logging_mixin.py:190} INFO - [2026-05-04T01:50:33.481+0300] {dag.py:4180} INFO - Setting next_dagrun for python_operator_dag_v2 to 2026-05-02 00:00:00+00:00, run_after=2026-05-03 00:00:00+00:00
[2026-05-04T01:50:33.495+0300] {processor.py:208} INFO - Processing /home/nikita/airflow/dags/python_operator.py took 0.061 seconds
[2026-05-04T01:51:04.423+0300] {processor.py:186} INFO - Started process (PID=24271) to work on /home/nikita/airflow/dags/python_operator.py
[2026-05-04T01:51:04.433+0300] {processor.py:914} INFO - Processing file /home/nikita/airflow/dags/python_operator.py for tasks to queue
[2026-05-04T01:51:04.435+0300] {logging_mixin.py:190} INFO - [2026-05-04T01:51:04.435+0300] {dagbag.py:588} INFO - Filling up the DagBag from /home/nikita/airflow/dags/python_operator.py
[2026-05-04T01:51:04.445+0300] {processor.py:925} INFO - DAG(s) 'python_operator_dag_v2' retrieved from /home/nikita/airflow/dags/python_operator.py
[2026-05-04T01:51:04.462+0300] {logging_mixin.py:190} INFO - [2026-05-04T01:51:04.462+0300] {dag.py:3239} INFO - Sync 1 DAGs
[2026-05-04T01:51:04.480+0300] {logging_mixin.py:190} INFO - [2026-05-04T01:51:04.479+0300] {dag.py:4180} INFO - Setting next_dagrun for python_operator_dag_v2 to 2026-05-02 00:00:00+00:00, run_after=2026-05-03 00:00:00+00:00
[2026-05-04T01:51:04.495+0300] {processor.py:208} INFO - Processing /home/nikita/airflow/dags/python_operator.py took 0.077 seconds
[2026-05-04T01:51:35.849+0300] {processor.py:186} INFO - Started process (PID=24371) to work on /home/nikita/airflow/dags/python_operator.py
[2026-05-04T01:51:35.850+0300] {processor.py:914} INFO - Processing file /home/nikita/airflow/dags/python_operator.py for tasks to queue
[2026-05-04T01:51:35.851+0300] {logging_mixin.py:190} INFO - [2026-05-04T01:51:35.851+0300] {dagbag.py:588} INFO - Filling up the DagBag from /home/nikita/airflow/dags/python_operator.py
[2026-05-04T01:51:35.862+0300] {processor.py:925} INFO - DAG(s) 'python_operator_dag_v2' retrieved from /home/nikita/airflow/dags/python_operator.py
[2026-05-04T01:51:35.880+0300] {logging_mixin.py:190} INFO - [2026-05-04T01:51:35.879+0300] {dag.py:3239} INFO - Sync 1 DAGs
[2026-05-04T01:51:35.899+0300] {logging_mixin.py:190} INFO - [2026-05-04T01:51:35.899+0300] {dag.py:4180} INFO - Setting next_dagrun for python_operator_dag_v2 to 2026-05-02 00:00:00+00:00, run_after=2026-05-03 00:00:00+00:00
[2026-05-04T01:51:35.917+0300] {processor.py:208} INFO - Processing /home/nikita/airflow/dags/python_operator.py took 0.072 seconds
[2026-05-04T01:52:07.497+0300] {processor.py:186} INFO - Started process (PID=24467) to work on /home/nikita/airflow/dags/python_operator.py
[2026-05-04T01:52:07.505+0300] {processor.py:914} INFO - Processing file /home/nikita/airflow/dags/python_operator.py for tasks to queue
[2026-05-04T01:52:07.507+0300] {logging_mixin.py:190} INFO - [2026-05-04T01:52:07.507+0300] {dagbag.py:588} INFO - Filling up the DagBag from /home/nikita/airflow/dags/python_operator.py
[2026-05-04T01:52:07.516+0300] {processor.py:925} INFO - DAG(s) 'python_operator_dag_v2' retrieved from /home/nikita/airflow/dags/python_operator.py
[2026-05-04T01:52:07.531+0300] {logging_mixin.py:190} INFO - [2026-05-04T01:52:07.531+0300] {dag.py:3239} INFO - Sync 1 DAGs
[2026-05-04T01:52:07.544+0300] {logging_mixin.py:190} INFO - [2026-05-04T01:52:07.544+0300] {dag.py:4180} INFO - Setting next_dagrun for python_operator_dag_v2 to 2026-05-02 00:00:00+00:00, run_after=2026-05-03 00:00:00+00:00
[2026-05-04T01:52:07.559+0300] {processor.py:208} INFO - Processing /home/nikita/airflow/dags/python_operator.py took 0.066 seconds
