[2026-05-04T01:00:37.132+0300] {processor.py:186} INFO - Started process (PID=8391) to work on /home/nikita/airflow/dags/xcom_dag.py
[2026-05-04T01:00:37.133+0300] {processor.py:914} INFO - Processing file /home/nikita/airflow/dags/xcom_dag.py for tasks to queue
[2026-05-04T01:00:37.134+0300] {logging_mixin.py:190} INFO - [2026-05-04T01:00:37.133+0300] {dagbag.py:588} INFO - Filling up the DagBag from /home/nikita/airflow/dags/xcom_dag.py
[2026-05-04T01:00:37.141+0300] {processor.py:925} INFO - DAG(s) 'xcom_dag_dag_v01' retrieved from /home/nikita/airflow/dags/xcom_dag.py
[2026-05-04T01:00:37.216+0300] {logging_mixin.py:190} INFO - [2026-05-04T01:00:37.215+0300] {override.py:1930} INFO - Created Permission View: can read on DAG:xcom_dag_dag_v01
[2026-05-04T01:00:37.226+0300] {logging_mixin.py:190} INFO - [2026-05-04T01:00:37.226+0300] {override.py:1930} INFO - Created Permission View: can delete on DAG:xcom_dag_dag_v01
[2026-05-04T01:00:37.233+0300] {logging_mixin.py:190} INFO - [2026-05-04T01:00:37.232+0300] {override.py:1930} INFO - Created Permission View: can edit on DAG:xcom_dag_dag_v01
[2026-05-04T01:00:37.243+0300] {logging_mixin.py:190} INFO - [2026-05-04T01:00:37.243+0300] {override.py:1930} INFO - Created Permission View: can read on DAG Run:xcom_dag_dag_v01
[2026-05-04T01:00:37.249+0300] {logging_mixin.py:190} INFO - [2026-05-04T01:00:37.249+0300] {override.py:1930} INFO - Created Permission View: can delete on DAG Run:xcom_dag_dag_v01
[2026-05-04T01:00:37.255+0300] {logging_mixin.py:190} INFO - [2026-05-04T01:00:37.255+0300] {override.py:1930} INFO - Created Permission View: menu access on DAG Run:xcom_dag_dag_v01
[2026-05-04T01:00:37.261+0300] {logging_mixin.py:190} INFO - [2026-05-04T01:00:37.261+0300] {override.py:1930} INFO - Created Permission View: can create on DAG Run:xcom_dag_dag_v01
[2026-05-04T01:00:37.261+0300] {logging_mixin.py:190} INFO - [2026-05-04T01:00:37.261+0300] {dag.py:3239} INFO - Sync 1 DAGs
[2026-05-04T01:00:37.270+0300] {logging_mixin.py:190} INFO - [2026-05-04T01:00:37.270+0300] {dag.py:3262} INFO - Creating ORM DAG for xcom_dag_dag_v01
[2026-05-04T01:00:37.277+0300] {logging_mixin.py:190} INFO - [2026-05-04T01:00:37.277+0300] {dag.py:4180} INFO - Setting next_dagrun for xcom_dag_dag_v01 to 2026-05-02 00:00:00+00:00, run_after=2026-05-03 00:00:00+00:00
[2026-05-04T01:00:37.290+0300] {processor.py:208} INFO - Processing /home/nikita/airflow/dags/xcom_dag.py took 0.162 seconds
[2026-05-04T01:01:37.355+0300] {processor.py:186} INFO - Started process (PID=8897) to work on /home/nikita/airflow/dags/xcom_dag.py
[2026-05-04T01:01:37.364+0300] {processor.py:914} INFO - Processing file /home/nikita/airflow/dags/xcom_dag.py for tasks to queue
[2026-05-04T01:01:37.365+0300] {logging_mixin.py:190} INFO - [2026-05-04T01:01:37.364+0300] {dagbag.py:588} INFO - Filling up the DagBag from /home/nikita/airflow/dags/xcom_dag.py
[2026-05-04T01:01:37.374+0300] {processor.py:925} INFO - DAG(s) 'xcom_dag_dag_v01' retrieved from /home/nikita/airflow/dags/xcom_dag.py
[2026-05-04T01:01:37.387+0300] {logging_mixin.py:190} INFO - [2026-05-04T01:01:37.387+0300] {dag.py:3239} INFO - Sync 1 DAGs
[2026-05-04T01:01:37.407+0300] {logging_mixin.py:190} INFO - [2026-05-04T01:01:37.407+0300] {dag.py:4180} INFO - Setting next_dagrun for xcom_dag_dag_v01 to 2026-05-02 00:00:00+00:00, run_after=2026-05-03 00:00:00+00:00
[2026-05-04T01:01:37.423+0300] {processor.py:208} INFO - Processing /home/nikita/airflow/dags/xcom_dag.py took 0.072 seconds
[2026-05-04T01:02:10.629+0300] {processor.py:186} INFO - Started process (PID=9170) to work on /home/nikita/airflow/dags/xcom_dag.py
[2026-05-04T01:02:10.638+0300] {processor.py:914} INFO - Processing file /home/nikita/airflow/dags/xcom_dag.py for tasks to queue
[2026-05-04T01:02:10.639+0300] {logging_mixin.py:190} INFO - [2026-05-04T01:02:10.639+0300] {dagbag.py:588} INFO - Filling up the DagBag from /home/nikita/airflow/dags/xcom_dag.py
[2026-05-04T01:02:10.647+0300] {processor.py:925} INFO - DAG(s) 'xcom_dag_dag_v01' retrieved from /home/nikita/airflow/dags/xcom_dag.py
[2026-05-04T01:02:10.660+0300] {logging_mixin.py:190} INFO - [2026-05-04T01:02:10.660+0300] {dag.py:3239} INFO - Sync 1 DAGs
[2026-05-04T01:02:10.676+0300] {logging_mixin.py:190} INFO - [2026-05-04T01:02:10.675+0300] {dag.py:4180} INFO - Setting next_dagrun for xcom_dag_dag_v01 to 2026-05-02 00:00:00+00:00, run_after=2026-05-03 00:00:00+00:00
[2026-05-04T01:02:10.693+0300] {processor.py:208} INFO - Processing /home/nikita/airflow/dags/xcom_dag.py took 0.068 seconds
[2026-05-04T01:02:45.555+0300] {processor.py:186} INFO - Started process (PID=9488) to work on /home/nikita/airflow/dags/xcom_dag.py
[2026-05-04T01:02:45.557+0300] {processor.py:914} INFO - Processing file /home/nikita/airflow/dags/xcom_dag.py for tasks to queue
[2026-05-04T01:02:45.557+0300] {logging_mixin.py:190} INFO - [2026-05-04T01:02:45.557+0300] {dagbag.py:588} INFO - Filling up the DagBag from /home/nikita/airflow/dags/xcom_dag.py
[2026-05-04T01:02:45.565+0300] {processor.py:925} INFO - DAG(s) 'xcom_dag_dag_v01' retrieved from /home/nikita/airflow/dags/xcom_dag.py
[2026-05-04T01:02:45.577+0300] {logging_mixin.py:190} INFO - [2026-05-04T01:02:45.577+0300] {dag.py:3239} INFO - Sync 1 DAGs
[2026-05-04T01:02:45.593+0300] {logging_mixin.py:190} INFO - [2026-05-04T01:02:45.593+0300] {dag.py:4180} INFO - Setting next_dagrun for xcom_dag_dag_v01 to 2026-05-02 00:00:00+00:00, run_after=2026-05-03 00:00:00+00:00
[2026-05-04T01:02:45.610+0300] {processor.py:208} INFO - Processing /home/nikita/airflow/dags/xcom_dag.py took 0.059 seconds
[2026-05-04T01:03:18.586+0300] {processor.py:186} INFO - Started process (PID=9666) to work on /home/nikita/airflow/dags/xcom_dag.py
[2026-05-04T01:03:18.594+0300] {processor.py:914} INFO - Processing file /home/nikita/airflow/dags/xcom_dag.py for tasks to queue
[2026-05-04T01:03:18.595+0300] {logging_mixin.py:190} INFO - [2026-05-04T01:03:18.595+0300] {dagbag.py:588} INFO - Filling up the DagBag from /home/nikita/airflow/dags/xcom_dag.py
[2026-05-04T01:03:18.603+0300] {processor.py:925} INFO - DAG(s) 'xcom_dag_dag_v01' retrieved from /home/nikita/airflow/dags/xcom_dag.py
[2026-05-04T01:03:18.614+0300] {logging_mixin.py:190} INFO - [2026-05-04T01:03:18.613+0300] {dag.py:3239} INFO - Sync 1 DAGs
[2026-05-04T01:03:18.628+0300] {logging_mixin.py:190} INFO - [2026-05-04T01:03:18.628+0300] {dag.py:4180} INFO - Setting next_dagrun for xcom_dag_dag_v01 to 2026-05-02 00:00:00+00:00, run_after=2026-05-03 00:00:00+00:00
[2026-05-04T01:03:18.643+0300] {processor.py:208} INFO - Processing /home/nikita/airflow/dags/xcom_dag.py took 0.062 seconds
[2026-05-04T01:03:49.066+0300] {processor.py:186} INFO - Started process (PID=9784) to work on /home/nikita/airflow/dags/xcom_dag.py
[2026-05-04T01:03:49.076+0300] {processor.py:914} INFO - Processing file /home/nikita/airflow/dags/xcom_dag.py for tasks to queue
[2026-05-04T01:03:49.077+0300] {logging_mixin.py:190} INFO - [2026-05-04T01:03:49.077+0300] {dagbag.py:588} INFO - Filling up the DagBag from /home/nikita/airflow/dags/xcom_dag.py
[2026-05-04T01:03:49.087+0300] {processor.py:925} INFO - DAG(s) 'xcom_dag_dag_v01' retrieved from /home/nikita/airflow/dags/xcom_dag.py
[2026-05-04T01:03:49.101+0300] {logging_mixin.py:190} INFO - [2026-05-04T01:03:49.101+0300] {dag.py:3239} INFO - Sync 1 DAGs
[2026-05-04T01:03:49.119+0300] {logging_mixin.py:190} INFO - [2026-05-04T01:03:49.118+0300] {dag.py:4180} INFO - Setting next_dagrun for xcom_dag_dag_v01 to 2026-05-02 00:00:00+00:00, run_after=2026-05-03 00:00:00+00:00
[2026-05-04T01:03:49.138+0300] {processor.py:208} INFO - Processing /home/nikita/airflow/dags/xcom_dag.py took 0.075 seconds
[2026-05-04T01:04:20.086+0300] {processor.py:186} INFO - Started process (PID=9932) to work on /home/nikita/airflow/dags/xcom_dag.py
[2026-05-04T01:04:20.095+0300] {processor.py:914} INFO - Processing file /home/nikita/airflow/dags/xcom_dag.py for tasks to queue
[2026-05-04T01:04:20.096+0300] {logging_mixin.py:190} INFO - [2026-05-04T01:04:20.096+0300] {dagbag.py:588} INFO - Filling up the DagBag from /home/nikita/airflow/dags/xcom_dag.py
[2026-05-04T01:04:20.103+0300] {processor.py:925} INFO - DAG(s) 'xcom_dag_dag_v01' retrieved from /home/nikita/airflow/dags/xcom_dag.py
[2026-05-04T01:04:20.114+0300] {logging_mixin.py:190} INFO - [2026-05-04T01:04:20.114+0300] {dag.py:3239} INFO - Sync 1 DAGs
[2026-05-04T01:04:20.131+0300] {logging_mixin.py:190} INFO - [2026-05-04T01:04:20.131+0300] {dag.py:4180} INFO - Setting next_dagrun for xcom_dag_dag_v01 to 2026-05-02 00:00:00+00:00, run_after=2026-05-03 00:00:00+00:00
[2026-05-04T01:04:20.148+0300] {processor.py:208} INFO - Processing /home/nikita/airflow/dags/xcom_dag.py took 0.066 seconds
[2026-05-04T01:04:52.190+0300] {processor.py:186} INFO - Started process (PID=10060) to work on /home/nikita/airflow/dags/xcom_dag.py
[2026-05-04T01:04:52.191+0300] {processor.py:914} INFO - Processing file /home/nikita/airflow/dags/xcom_dag.py for tasks to queue
[2026-05-04T01:04:52.192+0300] {logging_mixin.py:190} INFO - [2026-05-04T01:04:52.192+0300] {dagbag.py:588} INFO - Filling up the DagBag from /home/nikita/airflow/dags/xcom_dag.py
[2026-05-04T01:04:52.201+0300] {processor.py:925} INFO - DAG(s) 'xcom_dag_dag_v01' retrieved from /home/nikita/airflow/dags/xcom_dag.py
[2026-05-04T01:04:52.214+0300] {logging_mixin.py:190} INFO - [2026-05-04T01:04:52.213+0300] {dag.py:3239} INFO - Sync 1 DAGs
[2026-05-04T01:04:52.233+0300] {logging_mixin.py:190} INFO - [2026-05-04T01:04:52.233+0300] {dag.py:4180} INFO - Setting next_dagrun for xcom_dag_dag_v01 to 2026-05-02 00:00:00+00:00, run_after=2026-05-03 00:00:00+00:00
[2026-05-04T01:04:52.250+0300] {processor.py:208} INFO - Processing /home/nikita/airflow/dags/xcom_dag.py took 0.065 seconds
[2026-05-04T01:05:25.330+0300] {processor.py:186} INFO - Started process (PID=10186) to work on /home/nikita/airflow/dags/xcom_dag.py
[2026-05-04T01:05:25.338+0300] {processor.py:914} INFO - Processing file /home/nikita/airflow/dags/xcom_dag.py for tasks to queue
[2026-05-04T01:05:25.340+0300] {logging_mixin.py:190} INFO - [2026-05-04T01:05:25.339+0300] {dagbag.py:588} INFO - Filling up the DagBag from /home/nikita/airflow/dags/xcom_dag.py
[2026-05-04T01:05:25.352+0300] {processor.py:925} INFO - DAG(s) 'xcom_dag_dag_v01' retrieved from /home/nikita/airflow/dags/xcom_dag.py
[2026-05-04T01:05:25.365+0300] {logging_mixin.py:190} INFO - [2026-05-04T01:05:25.365+0300] {dag.py:3239} INFO - Sync 1 DAGs
[2026-05-04T01:05:25.384+0300] {logging_mixin.py:190} INFO - [2026-05-04T01:05:25.383+0300] {dag.py:4180} INFO - Setting next_dagrun for xcom_dag_dag_v01 to 2026-05-02 00:00:00+00:00, run_after=2026-05-03 00:00:00+00:00
[2026-05-04T01:05:25.403+0300] {processor.py:208} INFO - Processing /home/nikita/airflow/dags/xcom_dag.py took 0.078 seconds
[2026-05-04T01:05:59.215+0300] {processor.py:186} INFO - Started process (PID=10335) to work on /home/nikita/airflow/dags/xcom_dag.py
[2026-05-04T01:05:59.225+0300] {processor.py:914} INFO - Processing file /home/nikita/airflow/dags/xcom_dag.py for tasks to queue
[2026-05-04T01:05:59.226+0300] {logging_mixin.py:190} INFO - [2026-05-04T01:05:59.226+0300] {dagbag.py:588} INFO - Filling up the DagBag from /home/nikita/airflow/dags/xcom_dag.py
[2026-05-04T01:05:59.235+0300] {processor.py:925} INFO - DAG(s) 'xcom_dag_dag_v01' retrieved from /home/nikita/airflow/dags/xcom_dag.py
[2026-05-04T01:05:59.248+0300] {logging_mixin.py:190} INFO - [2026-05-04T01:05:59.248+0300] {dag.py:3239} INFO - Sync 1 DAGs
[2026-05-04T01:05:59.270+0300] {logging_mixin.py:190} INFO - [2026-05-04T01:05:59.269+0300] {dag.py:4180} INFO - Setting next_dagrun for xcom_dag_dag_v01 to 2026-05-02 00:00:00+00:00, run_after=2026-05-03 00:00:00+00:00
[2026-05-04T01:05:59.298+0300] {processor.py:208} INFO - Processing /home/nikita/airflow/dags/xcom_dag.py took 0.088 seconds
[2026-05-04T01:06:31.246+0300] {processor.py:186} INFO - Started process (PID=10466) to work on /home/nikita/airflow/dags/xcom_dag.py
[2026-05-04T01:06:31.254+0300] {processor.py:914} INFO - Processing file /home/nikita/airflow/dags/xcom_dag.py for tasks to queue
[2026-05-04T01:06:31.255+0300] {logging_mixin.py:190} INFO - [2026-05-04T01:06:31.255+0300] {dagbag.py:588} INFO - Filling up the DagBag from /home/nikita/airflow/dags/xcom_dag.py
[2026-05-04T01:06:31.264+0300] {processor.py:925} INFO - DAG(s) 'xcom_dag_dag_v01' retrieved from /home/nikita/airflow/dags/xcom_dag.py
[2026-05-04T01:06:31.275+0300] {logging_mixin.py:190} INFO - [2026-05-04T01:06:31.275+0300] {dag.py:3239} INFO - Sync 1 DAGs
[2026-05-04T01:06:31.289+0300] {logging_mixin.py:190} INFO - [2026-05-04T01:06:31.289+0300] {dag.py:4180} INFO - Setting next_dagrun for xcom_dag_dag_v01 to 2026-05-02 00:00:00+00:00, run_after=2026-05-03 00:00:00+00:00
[2026-05-04T01:06:31.309+0300] {processor.py:208} INFO - Processing /home/nikita/airflow/dags/xcom_dag.py took 0.068 seconds
[2026-05-04T01:07:02.713+0300] {processor.py:186} INFO - Started process (PID=10581) to work on /home/nikita/airflow/dags/xcom_dag.py
[2026-05-04T01:07:02.722+0300] {processor.py:914} INFO - Processing file /home/nikita/airflow/dags/xcom_dag.py for tasks to queue
[2026-05-04T01:07:02.723+0300] {logging_mixin.py:190} INFO - [2026-05-04T01:07:02.723+0300] {dagbag.py:588} INFO - Filling up the DagBag from /home/nikita/airflow/dags/xcom_dag.py
[2026-05-04T01:07:02.735+0300] {processor.py:925} INFO - DAG(s) 'xcom_dag_dag_v01' retrieved from /home/nikita/airflow/dags/xcom_dag.py
[2026-05-04T01:07:02.749+0300] {logging_mixin.py:190} INFO - [2026-05-04T01:07:02.748+0300] {dag.py:3239} INFO - Sync 1 DAGs
[2026-05-04T01:07:02.765+0300] {logging_mixin.py:190} INFO - [2026-05-04T01:07:02.764+0300] {dag.py:4180} INFO - Setting next_dagrun for xcom_dag_dag_v01 to 2026-05-02 00:00:00+00:00, run_after=2026-05-03 00:00:00+00:00
[2026-05-04T01:07:02.786+0300] {processor.py:208} INFO - Processing /home/nikita/airflow/dags/xcom_dag.py took 0.079 seconds
[2026-05-04T01:07:37.529+0300] {processor.py:186} INFO - Started process (PID=10715) to work on /home/nikita/airflow/dags/xcom_dag.py
[2026-05-04T01:07:37.537+0300] {processor.py:914} INFO - Processing file /home/nikita/airflow/dags/xcom_dag.py for tasks to queue
[2026-05-04T01:07:37.538+0300] {logging_mixin.py:190} INFO - [2026-05-04T01:07:37.538+0300] {dagbag.py:588} INFO - Filling up the DagBag from /home/nikita/airflow/dags/xcom_dag.py
[2026-05-04T01:07:37.546+0300] {processor.py:925} INFO - DAG(s) 'xcom_dag_dag_v01' retrieved from /home/nikita/airflow/dags/xcom_dag.py
[2026-05-04T01:07:37.557+0300] {logging_mixin.py:190} INFO - [2026-05-04T01:07:37.557+0300] {dag.py:3239} INFO - Sync 1 DAGs
[2026-05-04T01:07:37.572+0300] {logging_mixin.py:190} INFO - [2026-05-04T01:07:37.572+0300] {dag.py:4180} INFO - Setting next_dagrun for xcom_dag_dag_v01 to 2026-05-02 00:00:00+00:00, run_after=2026-05-03 00:00:00+00:00
[2026-05-04T01:07:37.588+0300] {processor.py:208} INFO - Processing /home/nikita/airflow/dags/xcom_dag.py took 0.064 seconds
[2026-05-04T01:08:11.995+0300] {processor.py:186} INFO - Started process (PID=11050) to work on /home/nikita/airflow/dags/xcom_dag.py
[2026-05-04T01:08:12.004+0300] {processor.py:914} INFO - Processing file /home/nikita/airflow/dags/xcom_dag.py for tasks to queue
[2026-05-04T01:08:12.006+0300] {logging_mixin.py:190} INFO - [2026-05-04T01:08:12.006+0300] {dagbag.py:588} INFO - Filling up the DagBag from /home/nikita/airflow/dags/xcom_dag.py
[2026-05-04T01:08:12.018+0300] {processor.py:925} INFO - DAG(s) 'xcom_dag_dag_v01' retrieved from /home/nikita/airflow/dags/xcom_dag.py
[2026-05-04T01:08:12.035+0300] {logging_mixin.py:190} INFO - [2026-05-04T01:08:12.035+0300] {dag.py:3239} INFO - Sync 1 DAGs
[2026-05-04T01:08:12.062+0300] {logging_mixin.py:190} INFO - [2026-05-04T01:08:12.062+0300] {dag.py:4180} INFO - Setting next_dagrun for xcom_dag_dag_v01 to 2026-05-02 00:00:00+00:00, run_after=2026-05-03 00:00:00+00:00
[2026-05-04T01:08:12.090+0300] {processor.py:208} INFO - Processing /home/nikita/airflow/dags/xcom_dag.py took 0.105 seconds
[2026-05-04T01:08:45.448+0300] {processor.py:186} INFO - Started process (PID=11279) to work on /home/nikita/airflow/dags/xcom_dag.py
[2026-05-04T01:08:45.458+0300] {processor.py:914} INFO - Processing file /home/nikita/airflow/dags/xcom_dag.py for tasks to queue
[2026-05-04T01:08:45.459+0300] {logging_mixin.py:190} INFO - [2026-05-04T01:08:45.459+0300] {dagbag.py:588} INFO - Filling up the DagBag from /home/nikita/airflow/dags/xcom_dag.py
[2026-05-04T01:08:45.467+0300] {processor.py:925} INFO - DAG(s) 'xcom_dag_dag_v01' retrieved from /home/nikita/airflow/dags/xcom_dag.py
[2026-05-04T01:08:45.478+0300] {logging_mixin.py:190} INFO - [2026-05-04T01:08:45.478+0300] {dag.py:3239} INFO - Sync 1 DAGs
[2026-05-04T01:08:45.493+0300] {logging_mixin.py:190} INFO - [2026-05-04T01:08:45.493+0300] {dag.py:4180} INFO - Setting next_dagrun for xcom_dag_dag_v01 to 2026-05-02 00:00:00+00:00, run_after=2026-05-03 00:00:00+00:00
[2026-05-04T01:08:45.510+0300] {processor.py:208} INFO - Processing /home/nikita/airflow/dags/xcom_dag.py took 0.066 seconds
[2026-05-04T01:09:17.412+0300] {processor.py:186} INFO - Started process (PID=11994) to work on /home/nikita/airflow/dags/xcom_dag.py
[2026-05-04T01:09:17.412+0300] {processor.py:914} INFO - Processing file /home/nikita/airflow/dags/xcom_dag.py for tasks to queue
[2026-05-04T01:09:17.413+0300] {logging_mixin.py:190} INFO - [2026-05-04T01:09:17.413+0300] {dagbag.py:588} INFO - Filling up the DagBag from /home/nikita/airflow/dags/xcom_dag.py
[2026-05-04T01:09:17.421+0300] {processor.py:925} INFO - DAG(s) 'xcom_dag_dag_v01' retrieved from /home/nikita/airflow/dags/xcom_dag.py
[2026-05-04T01:09:17.433+0300] {logging_mixin.py:190} INFO - [2026-05-04T01:09:17.433+0300] {dag.py:3239} INFO - Sync 1 DAGs
[2026-05-04T01:09:17.449+0300] {logging_mixin.py:190} INFO - [2026-05-04T01:09:17.449+0300] {dag.py:4180} INFO - Setting next_dagrun for xcom_dag_dag_v01 to 2026-05-02 00:00:00+00:00, run_after=2026-05-03 00:00:00+00:00
[2026-05-04T01:09:17.465+0300] {processor.py:208} INFO - Processing /home/nikita/airflow/dags/xcom_dag.py took 0.058 seconds
[2026-05-04T01:09:54.195+0300] {processor.py:186} INFO - Started process (PID=12171) to work on /home/nikita/airflow/dags/xcom_dag.py
[2026-05-04T01:09:54.201+0300] {processor.py:914} INFO - Processing file /home/nikita/airflow/dags/xcom_dag.py for tasks to queue
[2026-05-04T01:09:54.202+0300] {logging_mixin.py:190} INFO - [2026-05-04T01:09:54.201+0300] {dagbag.py:588} INFO - Filling up the DagBag from /home/nikita/airflow/dags/xcom_dag.py
[2026-05-04T01:09:54.210+0300] {processor.py:925} INFO - DAG(s) 'xcom_dag_dag_v01' retrieved from /home/nikita/airflow/dags/xcom_dag.py
[2026-05-04T01:09:54.222+0300] {logging_mixin.py:190} INFO - [2026-05-04T01:09:54.222+0300] {dag.py:3239} INFO - Sync 1 DAGs
[2026-05-04T01:09:54.237+0300] {logging_mixin.py:190} INFO - [2026-05-04T01:09:54.237+0300] {dag.py:4180} INFO - Setting next_dagrun for xcom_dag_dag_v01 to 2026-05-02 00:00:00+00:00, run_after=2026-05-03 00:00:00+00:00
[2026-05-04T01:09:54.253+0300] {processor.py:208} INFO - Processing /home/nikita/airflow/dags/xcom_dag.py took 0.063 seconds
[2026-05-04T01:10:28.830+0300] {processor.py:186} INFO - Started process (PID=12300) to work on /home/nikita/airflow/dags/xcom_dag.py
[2026-05-04T01:10:28.843+0300] {processor.py:914} INFO - Processing file /home/nikita/airflow/dags/xcom_dag.py for tasks to queue
[2026-05-04T01:10:28.844+0300] {logging_mixin.py:190} INFO - [2026-05-04T01:10:28.844+0300] {dagbag.py:588} INFO - Filling up the DagBag from /home/nikita/airflow/dags/xcom_dag.py
[2026-05-04T01:10:28.853+0300] {processor.py:925} INFO - DAG(s) 'xcom_dag_dag_v01' retrieved from /home/nikita/airflow/dags/xcom_dag.py
[2026-05-04T01:10:28.866+0300] {logging_mixin.py:190} INFO - [2026-05-04T01:10:28.866+0300] {dag.py:3239} INFO - Sync 1 DAGs
[2026-05-04T01:10:28.885+0300] {logging_mixin.py:190} INFO - [2026-05-04T01:10:28.885+0300] {dag.py:4180} INFO - Setting next_dagrun for xcom_dag_dag_v01 to 2026-05-02 00:00:00+00:00, run_after=2026-05-03 00:00:00+00:00
[2026-05-04T01:10:28.910+0300] {processor.py:208} INFO - Processing /home/nikita/airflow/dags/xcom_dag.py took 0.084 seconds
[2026-05-04T01:11:03.298+0300] {processor.py:186} INFO - Started process (PID=12429) to work on /home/nikita/airflow/dags/xcom_dag.py
[2026-05-04T01:11:03.298+0300] {processor.py:914} INFO - Processing file /home/nikita/airflow/dags/xcom_dag.py for tasks to queue
[2026-05-04T01:11:03.299+0300] {logging_mixin.py:190} INFO - [2026-05-04T01:11:03.299+0300] {dagbag.py:588} INFO - Filling up the DagBag from /home/nikita/airflow/dags/xcom_dag.py
[2026-05-04T01:11:03.307+0300] {processor.py:925} INFO - DAG(s) 'xcom_dag_dag_v01' retrieved from /home/nikita/airflow/dags/xcom_dag.py
[2026-05-04T01:11:03.317+0300] {logging_mixin.py:190} INFO - [2026-05-04T01:11:03.317+0300] {dag.py:3239} INFO - Sync 1 DAGs
[2026-05-04T01:11:03.330+0300] {logging_mixin.py:190} INFO - [2026-05-04T01:11:03.330+0300] {dag.py:4180} INFO - Setting next_dagrun for xcom_dag_dag_v01 to 2026-05-02 00:00:00+00:00, run_after=2026-05-03 00:00:00+00:00
[2026-05-04T01:11:03.347+0300] {processor.py:208} INFO - Processing /home/nikita/airflow/dags/xcom_dag.py took 0.053 seconds
[2026-05-04T01:11:36.642+0300] {processor.py:186} INFO - Started process (PID=12560) to work on /home/nikita/airflow/dags/xcom_dag.py
[2026-05-04T01:11:36.652+0300] {processor.py:914} INFO - Processing file /home/nikita/airflow/dags/xcom_dag.py for tasks to queue
[2026-05-04T01:11:36.653+0300] {logging_mixin.py:190} INFO - [2026-05-04T01:11:36.653+0300] {dagbag.py:588} INFO - Filling up the DagBag from /home/nikita/airflow/dags/xcom_dag.py
[2026-05-04T01:11:36.661+0300] {processor.py:925} INFO - DAG(s) 'xcom_dag_dag_v01' retrieved from /home/nikita/airflow/dags/xcom_dag.py
[2026-05-04T01:11:36.672+0300] {logging_mixin.py:190} INFO - [2026-05-04T01:11:36.672+0300] {dag.py:3239} INFO - Sync 1 DAGs
[2026-05-04T01:11:36.688+0300] {logging_mixin.py:190} INFO - [2026-05-04T01:11:36.688+0300] {dag.py:4180} INFO - Setting next_dagrun for xcom_dag_dag_v01 to 2026-05-02 00:00:00+00:00, run_after=2026-05-03 00:00:00+00:00
[2026-05-04T01:11:36.705+0300] {processor.py:208} INFO - Processing /home/nikita/airflow/dags/xcom_dag.py took 0.067 seconds
[2026-05-04T01:12:07.524+0300] {processor.py:186} INFO - Started process (PID=12681) to work on /home/nikita/airflow/dags/xcom_dag.py
[2026-05-04T01:12:07.525+0300] {processor.py:914} INFO - Processing file /home/nikita/airflow/dags/xcom_dag.py for tasks to queue
[2026-05-04T01:12:07.526+0300] {logging_mixin.py:190} INFO - [2026-05-04T01:12:07.526+0300] {dagbag.py:588} INFO - Filling up the DagBag from /home/nikita/airflow/dags/xcom_dag.py
[2026-05-04T01:12:07.534+0300] {processor.py:925} INFO - DAG(s) 'xcom_dag_dag_v01' retrieved from /home/nikita/airflow/dags/xcom_dag.py
[2026-05-04T01:12:07.545+0300] {logging_mixin.py:190} INFO - [2026-05-04T01:12:07.545+0300] {dag.py:3239} INFO - Sync 1 DAGs
[2026-05-04T01:12:07.562+0300] {logging_mixin.py:190} INFO - [2026-05-04T01:12:07.561+0300] {dag.py:4180} INFO - Setting next_dagrun for xcom_dag_dag_v01 to 2026-05-02 00:00:00+00:00, run_after=2026-05-03 00:00:00+00:00
[2026-05-04T01:12:07.578+0300] {processor.py:208} INFO - Processing /home/nikita/airflow/dags/xcom_dag.py took 0.058 seconds
[2026-05-04T01:13:06.961+0300] {processor.py:186} INFO - Started process (PID=12977) to work on /home/nikita/airflow/dags/xcom_dag.py
[2026-05-04T01:13:06.970+0300] {processor.py:914} INFO - Processing file /home/nikita/airflow/dags/xcom_dag.py for tasks to queue
[2026-05-04T01:13:06.972+0300] {logging_mixin.py:190} INFO - [2026-05-04T01:13:06.971+0300] {dagbag.py:588} INFO - Filling up the DagBag from /home/nikita/airflow/dags/xcom_dag.py
[2026-05-04T01:13:06.979+0300] {processor.py:925} INFO - DAG(s) 'xcom_dag_dag_v01' retrieved from /home/nikita/airflow/dags/xcom_dag.py
[2026-05-04T01:13:06.990+0300] {logging_mixin.py:190} INFO - [2026-05-04T01:13:06.990+0300] {dag.py:3239} INFO - Sync 1 DAGs
[2026-05-04T01:13:07.005+0300] {logging_mixin.py:190} INFO - [2026-05-04T01:13:07.005+0300] {dag.py:4180} INFO - Setting next_dagrun for xcom_dag_dag_v01 to 2026-05-02 00:00:00+00:00, run_after=2026-05-03 00:00:00+00:00
[2026-05-04T01:13:07.022+0300] {processor.py:208} INFO - Processing /home/nikita/airflow/dags/xcom_dag.py took 0.064 seconds
[2026-05-04T01:13:38.605+0300] {processor.py:186} INFO - Started process (PID=13328) to work on /home/nikita/airflow/dags/xcom_dag.py
[2026-05-04T01:13:38.605+0300] {processor.py:914} INFO - Processing file /home/nikita/airflow/dags/xcom_dag.py for tasks to queue
[2026-05-04T01:13:38.606+0300] {logging_mixin.py:190} INFO - [2026-05-04T01:13:38.606+0300] {dagbag.py:588} INFO - Filling up the DagBag from /home/nikita/airflow/dags/xcom_dag.py
[2026-05-04T01:13:38.613+0300] {processor.py:925} INFO - DAG(s) 'xcom_dag_dag_v01' retrieved from /home/nikita/airflow/dags/xcom_dag.py
[2026-05-04T01:13:38.625+0300] {logging_mixin.py:190} INFO - [2026-05-04T01:13:38.624+0300] {dag.py:3239} INFO - Sync 1 DAGs
[2026-05-04T01:13:38.640+0300] {logging_mixin.py:190} INFO - [2026-05-04T01:13:38.640+0300] {dag.py:4180} INFO - Setting next_dagrun for xcom_dag_dag_v01 to 2026-05-02 00:00:00+00:00, run_after=2026-05-03 00:00:00+00:00
[2026-05-04T01:13:38.655+0300] {processor.py:208} INFO - Processing /home/nikita/airflow/dags/xcom_dag.py took 0.054 seconds
[2026-05-04T01:14:10.830+0300] {processor.py:186} INFO - Started process (PID=14180) to work on /home/nikita/airflow/dags/xcom_dag.py
[2026-05-04T01:14:10.833+0300] {processor.py:914} INFO - Processing file /home/nikita/airflow/dags/xcom_dag.py for tasks to queue
[2026-05-04T01:14:10.834+0300] {logging_mixin.py:190} INFO - [2026-05-04T01:14:10.833+0300] {dagbag.py:588} INFO - Filling up the DagBag from /home/nikita/airflow/dags/xcom_dag.py
[2026-05-04T01:14:10.852+0300] {processor.py:925} INFO - DAG(s) 'xcom_dag_dag_v01' retrieved from /home/nikita/airflow/dags/xcom_dag.py
[2026-05-04T01:14:10.875+0300] {logging_mixin.py:190} INFO - [2026-05-04T01:14:10.874+0300] {dag.py:3239} INFO - Sync 1 DAGs
[2026-05-04T01:14:10.903+0300] {logging_mixin.py:190} INFO - [2026-05-04T01:14:10.903+0300] {dag.py:4180} INFO - Setting next_dagrun for xcom_dag_dag_v01 to 2026-05-02 00:00:00+00:00, run_after=2026-05-03 00:00:00+00:00
[2026-05-04T01:14:10.925+0300] {processor.py:208} INFO - Processing /home/nikita/airflow/dags/xcom_dag.py took 0.105 seconds
[2026-05-04T01:14:45.624+0300] {processor.py:186} INFO - Started process (PID=14350) to work on /home/nikita/airflow/dags/xcom_dag.py
[2026-05-04T01:14:45.633+0300] {processor.py:914} INFO - Processing file /home/nikita/airflow/dags/xcom_dag.py for tasks to queue
[2026-05-04T01:14:45.634+0300] {logging_mixin.py:190} INFO - [2026-05-04T01:14:45.634+0300] {dagbag.py:588} INFO - Filling up the DagBag from /home/nikita/airflow/dags/xcom_dag.py
[2026-05-04T01:14:45.643+0300] {processor.py:925} INFO - DAG(s) 'xcom_dag_dag_v01' retrieved from /home/nikita/airflow/dags/xcom_dag.py
[2026-05-04T01:14:45.654+0300] {logging_mixin.py:190} INFO - [2026-05-04T01:14:45.654+0300] {dag.py:3239} INFO - Sync 1 DAGs
[2026-05-04T01:14:45.669+0300] {logging_mixin.py:190} INFO - [2026-05-04T01:14:45.669+0300] {dag.py:4180} INFO - Setting next_dagrun for xcom_dag_dag_v01 to 2026-05-02 00:00:00+00:00, run_after=2026-05-03 00:00:00+00:00
[2026-05-04T01:14:45.685+0300] {processor.py:208} INFO - Processing /home/nikita/airflow/dags/xcom_dag.py took 0.066 seconds
[2026-05-04T01:15:20.435+0300] {processor.py:186} INFO - Started process (PID=14480) to work on /home/nikita/airflow/dags/xcom_dag.py
[2026-05-04T01:15:20.436+0300] {processor.py:914} INFO - Processing file /home/nikita/airflow/dags/xcom_dag.py for tasks to queue
[2026-05-04T01:15:20.437+0300] {logging_mixin.py:190} INFO - [2026-05-04T01:15:20.437+0300] {dagbag.py:588} INFO - Filling up the DagBag from /home/nikita/airflow/dags/xcom_dag.py
[2026-05-04T01:15:20.445+0300] {processor.py:925} INFO - DAG(s) 'xcom_dag_dag_v01' retrieved from /home/nikita/airflow/dags/xcom_dag.py
[2026-05-04T01:15:20.455+0300] {logging_mixin.py:190} INFO - [2026-05-04T01:15:20.455+0300] {dag.py:3239} INFO - Sync 1 DAGs
[2026-05-04T01:15:20.470+0300] {logging_mixin.py:190} INFO - [2026-05-04T01:15:20.469+0300] {dag.py:4180} INFO - Setting next_dagrun for xcom_dag_dag_v01 to 2026-05-02 00:00:00+00:00, run_after=2026-05-03 00:00:00+00:00
[2026-05-04T01:15:20.486+0300] {processor.py:208} INFO - Processing /home/nikita/airflow/dags/xcom_dag.py took 0.054 seconds
[2026-05-04T01:15:53.349+0300] {processor.py:186} INFO - Started process (PID=14891) to work on /home/nikita/airflow/dags/xcom_dag.py
[2026-05-04T01:15:53.351+0300] {processor.py:914} INFO - Processing file /home/nikita/airflow/dags/xcom_dag.py for tasks to queue
[2026-05-04T01:15:53.352+0300] {logging_mixin.py:190} INFO - [2026-05-04T01:15:53.352+0300] {dagbag.py:588} INFO - Filling up the DagBag from /home/nikita/airflow/dags/xcom_dag.py
[2026-05-04T01:15:53.366+0300] {processor.py:925} INFO - DAG(s) 'xcom_dag_dag_v01' retrieved from /home/nikita/airflow/dags/xcom_dag.py
[2026-05-04T01:15:53.388+0300] {logging_mixin.py:190} INFO - [2026-05-04T01:15:53.388+0300] {dag.py:3239} INFO - Sync 1 DAGs
[2026-05-04T01:15:53.416+0300] {logging_mixin.py:190} INFO - [2026-05-04T01:15:53.416+0300] {dag.py:4180} INFO - Setting next_dagrun for xcom_dag_dag_v01 to 2026-05-02 00:00:00+00:00, run_after=2026-05-03 00:00:00+00:00
[2026-05-04T01:15:53.455+0300] {processor.py:208} INFO - Processing /home/nikita/airflow/dags/xcom_dag.py took 0.114 seconds
[2026-05-04T01:16:28.098+0300] {processor.py:186} INFO - Started process (PID=15693) to work on /home/nikita/airflow/dags/xcom_dag.py
[2026-05-04T01:16:28.098+0300] {processor.py:914} INFO - Processing file /home/nikita/airflow/dags/xcom_dag.py for tasks to queue
[2026-05-04T01:16:28.099+0300] {logging_mixin.py:190} INFO - [2026-05-04T01:16:28.099+0300] {dagbag.py:588} INFO - Filling up the DagBag from /home/nikita/airflow/dags/xcom_dag.py
[2026-05-04T01:16:28.107+0300] {processor.py:925} INFO - DAG(s) 'xcom_dag_dag_v01' retrieved from /home/nikita/airflow/dags/xcom_dag.py
[2026-05-04T01:16:28.118+0300] {logging_mixin.py:190} INFO - [2026-05-04T01:16:28.118+0300] {dag.py:3239} INFO - Sync 1 DAGs
[2026-05-04T01:16:28.132+0300] {logging_mixin.py:190} INFO - [2026-05-04T01:16:28.131+0300] {dag.py:4180} INFO - Setting next_dagrun for xcom_dag_dag_v01 to 2026-05-02 00:00:00+00:00, run_after=2026-05-03 00:00:00+00:00
[2026-05-04T01:16:28.146+0300] {processor.py:208} INFO - Processing /home/nikita/airflow/dags/xcom_dag.py took 0.053 seconds
[2026-05-04T01:17:01.738+0300] {processor.py:186} INFO - Started process (PID=15825) to work on /home/nikita/airflow/dags/xcom_dag.py
[2026-05-04T01:17:01.747+0300] {processor.py:914} INFO - Processing file /home/nikita/airflow/dags/xcom_dag.py for tasks to queue
[2026-05-04T01:17:01.748+0300] {logging_mixin.py:190} INFO - [2026-05-04T01:17:01.748+0300] {dagbag.py:588} INFO - Filling up the DagBag from /home/nikita/airflow/dags/xcom_dag.py
[2026-05-04T01:17:01.758+0300] {processor.py:925} INFO - DAG(s) 'xcom_dag_dag_v01' retrieved from /home/nikita/airflow/dags/xcom_dag.py
[2026-05-04T01:17:01.772+0300] {logging_mixin.py:190} INFO - [2026-05-04T01:17:01.771+0300] {dag.py:3239} INFO - Sync 1 DAGs
[2026-05-04T01:17:01.795+0300] {logging_mixin.py:190} INFO - [2026-05-04T01:17:01.795+0300] {dag.py:4180} INFO - Setting next_dagrun for xcom_dag_dag_v01 to 2026-05-02 00:00:00+00:00, run_after=2026-05-03 00:00:00+00:00
[2026-05-04T01:17:01.819+0300] {processor.py:208} INFO - Processing /home/nikita/airflow/dags/xcom_dag.py took 0.086 seconds
[2026-05-04T01:17:35.783+0300] {processor.py:186} INFO - Started process (PID=15955) to work on /home/nikita/airflow/dags/xcom_dag.py
[2026-05-04T01:17:35.785+0300] {processor.py:914} INFO - Processing file /home/nikita/airflow/dags/xcom_dag.py for tasks to queue
[2026-05-04T01:17:35.786+0300] {logging_mixin.py:190} INFO - [2026-05-04T01:17:35.786+0300] {dagbag.py:588} INFO - Filling up the DagBag from /home/nikita/airflow/dags/xcom_dag.py
[2026-05-04T01:17:35.794+0300] {processor.py:925} INFO - DAG(s) 'xcom_dag_dag_v01' retrieved from /home/nikita/airflow/dags/xcom_dag.py
[2026-05-04T01:17:35.808+0300] {logging_mixin.py:190} INFO - [2026-05-04T01:17:35.808+0300] {dag.py:3239} INFO - Sync 1 DAGs
[2026-05-04T01:17:35.823+0300] {logging_mixin.py:190} INFO - [2026-05-04T01:17:35.823+0300] {dag.py:4180} INFO - Setting next_dagrun for xcom_dag_dag_v01 to 2026-05-02 00:00:00+00:00, run_after=2026-05-03 00:00:00+00:00
[2026-05-04T01:17:35.838+0300] {processor.py:208} INFO - Processing /home/nikita/airflow/dags/xcom_dag.py took 0.060 seconds
[2026-05-04T01:18:10.298+0300] {processor.py:186} INFO - Started process (PID=16085) to work on /home/nikita/airflow/dags/xcom_dag.py
[2026-05-04T01:18:10.301+0300] {processor.py:914} INFO - Processing file /home/nikita/airflow/dags/xcom_dag.py for tasks to queue
[2026-05-04T01:18:10.303+0300] {logging_mixin.py:190} INFO - [2026-05-04T01:18:10.302+0300] {dagbag.py:588} INFO - Filling up the DagBag from /home/nikita/airflow/dags/xcom_dag.py
[2026-05-04T01:18:10.316+0300] {processor.py:925} INFO - DAG(s) 'xcom_dag_dag_v01' retrieved from /home/nikita/airflow/dags/xcom_dag.py
[2026-05-04T01:18:10.333+0300] {logging_mixin.py:190} INFO - [2026-05-04T01:18:10.333+0300] {dag.py:3239} INFO - Sync 1 DAGs
[2026-05-04T01:18:10.354+0300] {logging_mixin.py:190} INFO - [2026-05-04T01:18:10.353+0300] {dag.py:4180} INFO - Setting next_dagrun for xcom_dag_dag_v01 to 2026-05-02 00:00:00+00:00, run_after=2026-05-03 00:00:00+00:00
[2026-05-04T01:18:10.384+0300] {processor.py:208} INFO - Processing /home/nikita/airflow/dags/xcom_dag.py took 0.094 seconds
[2026-05-04T01:18:46.662+0300] {processor.py:186} INFO - Started process (PID=16212) to work on /home/nikita/airflow/dags/xcom_dag.py
[2026-05-04T01:18:46.664+0300] {processor.py:914} INFO - Processing file /home/nikita/airflow/dags/xcom_dag.py for tasks to queue
[2026-05-04T01:18:46.665+0300] {logging_mixin.py:190} INFO - [2026-05-04T01:18:46.664+0300] {dagbag.py:588} INFO - Filling up the DagBag from /home/nikita/airflow/dags/xcom_dag.py
[2026-05-04T01:18:46.672+0300] {processor.py:925} INFO - DAG(s) 'xcom_dag_dag_v01' retrieved from /home/nikita/airflow/dags/xcom_dag.py
[2026-05-04T01:18:46.683+0300] {logging_mixin.py:190} INFO - [2026-05-04T01:18:46.682+0300] {dag.py:3239} INFO - Sync 1 DAGs
[2026-05-04T01:18:46.698+0300] {logging_mixin.py:190} INFO - [2026-05-04T01:18:46.698+0300] {dag.py:4180} INFO - Setting next_dagrun for xcom_dag_dag_v01 to 2026-05-02 00:00:00+00:00, run_after=2026-05-03 00:00:00+00:00
[2026-05-04T01:18:46.715+0300] {processor.py:208} INFO - Processing /home/nikita/airflow/dags/xcom_dag.py took 0.057 seconds
[2026-05-04T01:19:19.183+0300] {processor.py:186} INFO - Started process (PID=16345) to work on /home/nikita/airflow/dags/xcom_dag.py
[2026-05-04T01:19:19.192+0300] {processor.py:914} INFO - Processing file /home/nikita/airflow/dags/xcom_dag.py for tasks to queue
[2026-05-04T01:19:19.193+0300] {logging_mixin.py:190} INFO - [2026-05-04T01:19:19.193+0300] {dagbag.py:588} INFO - Filling up the DagBag from /home/nikita/airflow/dags/xcom_dag.py
[2026-05-04T01:19:19.201+0300] {processor.py:925} INFO - DAG(s) 'xcom_dag_dag_v01' retrieved from /home/nikita/airflow/dags/xcom_dag.py
[2026-05-04T01:19:19.212+0300] {logging_mixin.py:190} INFO - [2026-05-04T01:19:19.212+0300] {dag.py:3239} INFO - Sync 1 DAGs
[2026-05-04T01:19:19.228+0300] {logging_mixin.py:190} INFO - [2026-05-04T01:19:19.228+0300] {dag.py:4180} INFO - Setting next_dagrun for xcom_dag_dag_v01 to 2026-05-02 00:00:00+00:00, run_after=2026-05-03 00:00:00+00:00
[2026-05-04T01:19:19.248+0300] {processor.py:208} INFO - Processing /home/nikita/airflow/dags/xcom_dag.py took 0.069 seconds
[2026-05-04T01:19:49.770+0300] {processor.py:186} INFO - Started process (PID=16463) to work on /home/nikita/airflow/dags/xcom_dag.py
[2026-05-04T01:19:49.771+0300] {processor.py:914} INFO - Processing file /home/nikita/airflow/dags/xcom_dag.py for tasks to queue
[2026-05-04T01:19:49.772+0300] {logging_mixin.py:190} INFO - [2026-05-04T01:19:49.771+0300] {dagbag.py:588} INFO - Filling up the DagBag from /home/nikita/airflow/dags/xcom_dag.py
[2026-05-04T01:19:49.779+0300] {processor.py:925} INFO - DAG(s) 'xcom_dag_dag_v01' retrieved from /home/nikita/airflow/dags/xcom_dag.py
[2026-05-04T01:19:49.790+0300] {logging_mixin.py:190} INFO - [2026-05-04T01:19:49.789+0300] {dag.py:3239} INFO - Sync 1 DAGs
[2026-05-04T01:19:49.803+0300] {logging_mixin.py:190} INFO - [2026-05-04T01:19:49.803+0300] {dag.py:4180} INFO - Setting next_dagrun for xcom_dag_dag_v01 to 2026-05-02 00:00:00+00:00, run_after=2026-05-03 00:00:00+00:00
[2026-05-04T01:19:49.818+0300] {processor.py:208} INFO - Processing /home/nikita/airflow/dags/xcom_dag.py took 0.052 seconds
[2026-05-04T01:20:22.543+0300] {processor.py:186} INFO - Started process (PID=16595) to work on /home/nikita/airflow/dags/xcom_dag.py
[2026-05-04T01:20:22.547+0300] {processor.py:914} INFO - Processing file /home/nikita/airflow/dags/xcom_dag.py for tasks to queue
[2026-05-04T01:20:22.548+0300] {logging_mixin.py:190} INFO - [2026-05-04T01:20:22.547+0300] {dagbag.py:588} INFO - Filling up the DagBag from /home/nikita/airflow/dags/xcom_dag.py
[2026-05-04T01:20:22.558+0300] {processor.py:925} INFO - DAG(s) 'xcom_dag_dag_v01' retrieved from /home/nikita/airflow/dags/xcom_dag.py
[2026-05-04T01:20:22.572+0300] {logging_mixin.py:190} INFO - [2026-05-04T01:20:22.571+0300] {dag.py:3239} INFO - Sync 1 DAGs
[2026-05-04T01:20:22.588+0300] {logging_mixin.py:190} INFO - [2026-05-04T01:20:22.588+0300] {dag.py:4180} INFO - Setting next_dagrun for xcom_dag_dag_v01 to 2026-05-02 00:00:00+00:00, run_after=2026-05-03 00:00:00+00:00
[2026-05-04T01:20:22.605+0300] {processor.py:208} INFO - Processing /home/nikita/airflow/dags/xcom_dag.py took 0.068 seconds
[2026-05-04T01:20:56.024+0300] {processor.py:186} INFO - Started process (PID=16724) to work on /home/nikita/airflow/dags/xcom_dag.py
[2026-05-04T01:20:56.025+0300] {processor.py:914} INFO - Processing file /home/nikita/airflow/dags/xcom_dag.py for tasks to queue
[2026-05-04T01:20:56.026+0300] {logging_mixin.py:190} INFO - [2026-05-04T01:20:56.026+0300] {dagbag.py:588} INFO - Filling up the DagBag from /home/nikita/airflow/dags/xcom_dag.py
[2026-05-04T01:20:56.034+0300] {processor.py:925} INFO - DAG(s) 'xcom_dag_dag_v01' retrieved from /home/nikita/airflow/dags/xcom_dag.py
[2026-05-04T01:20:56.044+0300] {logging_mixin.py:190} INFO - [2026-05-04T01:20:56.044+0300] {dag.py:3239} INFO - Sync 1 DAGs
[2026-05-04T01:20:56.059+0300] {logging_mixin.py:190} INFO - [2026-05-04T01:20:56.058+0300] {dag.py:4180} INFO - Setting next_dagrun for xcom_dag_dag_v01 to 2026-05-02 00:00:00+00:00, run_after=2026-05-03 00:00:00+00:00
[2026-05-04T01:20:56.074+0300] {processor.py:208} INFO - Processing /home/nikita/airflow/dags/xcom_dag.py took 0.054 seconds
[2026-05-04T01:21:29.264+0300] {processor.py:186} INFO - Started process (PID=16853) to work on /home/nikita/airflow/dags/xcom_dag.py
[2026-05-04T01:21:29.273+0300] {processor.py:914} INFO - Processing file /home/nikita/airflow/dags/xcom_dag.py for tasks to queue
[2026-05-04T01:21:29.275+0300] {logging_mixin.py:190} INFO - [2026-05-04T01:21:29.274+0300] {dagbag.py:588} INFO - Filling up the DagBag from /home/nikita/airflow/dags/xcom_dag.py
[2026-05-04T01:21:29.285+0300] {processor.py:925} INFO - DAG(s) 'xcom_dag_dag_v01' retrieved from /home/nikita/airflow/dags/xcom_dag.py
[2026-05-04T01:21:29.299+0300] {logging_mixin.py:190} INFO - [2026-05-04T01:21:29.299+0300] {dag.py:3239} INFO - Sync 1 DAGs
[2026-05-04T01:21:29.315+0300] {logging_mixin.py:190} INFO - [2026-05-04T01:21:29.315+0300] {dag.py:4180} INFO - Setting next_dagrun for xcom_dag_dag_v01 to 2026-05-02 00:00:00+00:00, run_after=2026-05-03 00:00:00+00:00
[2026-05-04T01:21:29.331+0300] {processor.py:208} INFO - Processing /home/nikita/airflow/dags/xcom_dag.py took 0.072 seconds
[2026-05-04T01:22:04.227+0300] {processor.py:186} INFO - Started process (PID=16982) to work on /home/nikita/airflow/dags/xcom_dag.py
[2026-05-04T01:22:04.228+0300] {processor.py:914} INFO - Processing file /home/nikita/airflow/dags/xcom_dag.py for tasks to queue
[2026-05-04T01:22:04.229+0300] {logging_mixin.py:190} INFO - [2026-05-04T01:22:04.229+0300] {dagbag.py:588} INFO - Filling up the DagBag from /home/nikita/airflow/dags/xcom_dag.py
[2026-05-04T01:22:04.240+0300] {processor.py:925} INFO - DAG(s) 'xcom_dag_dag_v01' retrieved from /home/nikita/airflow/dags/xcom_dag.py
[2026-05-04T01:22:04.253+0300] {logging_mixin.py:190} INFO - [2026-05-04T01:22:04.253+0300] {dag.py:3239} INFO - Sync 1 DAGs
[2026-05-04T01:22:04.270+0300] {logging_mixin.py:190} INFO - [2026-05-04T01:22:04.270+0300] {dag.py:4180} INFO - Setting next_dagrun for xcom_dag_dag_v01 to 2026-05-02 00:00:00+00:00, run_after=2026-05-03 00:00:00+00:00
[2026-05-04T01:22:04.287+0300] {processor.py:208} INFO - Processing /home/nikita/airflow/dags/xcom_dag.py took 0.065 seconds
[2026-05-04T01:22:41.399+0300] {processor.py:186} INFO - Started process (PID=17125) to work on /home/nikita/airflow/dags/xcom_dag.py
[2026-05-04T01:22:41.401+0300] {processor.py:914} INFO - Processing file /home/nikita/airflow/dags/xcom_dag.py for tasks to queue
[2026-05-04T01:22:41.402+0300] {logging_mixin.py:190} INFO - [2026-05-04T01:22:41.402+0300] {dagbag.py:588} INFO - Filling up the DagBag from /home/nikita/airflow/dags/xcom_dag.py
[2026-05-04T01:22:41.412+0300] {processor.py:925} INFO - DAG(s) 'xcom_dag_dag_v01' retrieved from /home/nikita/airflow/dags/xcom_dag.py
[2026-05-04T01:22:41.429+0300] {logging_mixin.py:190} INFO - [2026-05-04T01:22:41.428+0300] {dag.py:3239} INFO - Sync 1 DAGs
[2026-05-04T01:22:41.446+0300] {logging_mixin.py:190} INFO - [2026-05-04T01:22:41.446+0300] {dag.py:4180} INFO - Setting next_dagrun for xcom_dag_dag_v01 to 2026-05-02 00:00:00+00:00, run_after=2026-05-03 00:00:00+00:00
[2026-05-04T01:22:41.464+0300] {processor.py:208} INFO - Processing /home/nikita/airflow/dags/xcom_dag.py took 0.070 seconds
[2026-05-04T01:23:15.658+0300] {processor.py:186} INFO - Started process (PID=17255) to work on /home/nikita/airflow/dags/xcom_dag.py
[2026-05-04T01:23:15.660+0300] {processor.py:914} INFO - Processing file /home/nikita/airflow/dags/xcom_dag.py for tasks to queue
[2026-05-04T01:23:15.661+0300] {logging_mixin.py:190} INFO - [2026-05-04T01:23:15.661+0300] {dagbag.py:588} INFO - Filling up the DagBag from /home/nikita/airflow/dags/xcom_dag.py
[2026-05-04T01:23:15.669+0300] {processor.py:925} INFO - DAG(s) 'xcom_dag_dag_v01' retrieved from /home/nikita/airflow/dags/xcom_dag.py
[2026-05-04T01:23:15.680+0300] {logging_mixin.py:190} INFO - [2026-05-04T01:23:15.679+0300] {dag.py:3239} INFO - Sync 1 DAGs
[2026-05-04T01:23:15.693+0300] {logging_mixin.py:190} INFO - [2026-05-04T01:23:15.693+0300] {dag.py:4180} INFO - Setting next_dagrun for xcom_dag_dag_v01 to 2026-05-02 00:00:00+00:00, run_after=2026-05-03 00:00:00+00:00
[2026-05-04T01:23:15.709+0300] {processor.py:208} INFO - Processing /home/nikita/airflow/dags/xcom_dag.py took 0.056 seconds
[2026-05-04T01:23:48.544+0300] {processor.py:186} INFO - Started process (PID=17383) to work on /home/nikita/airflow/dags/xcom_dag.py
[2026-05-04T01:23:48.553+0300] {processor.py:914} INFO - Processing file /home/nikita/airflow/dags/xcom_dag.py for tasks to queue
[2026-05-04T01:23:48.554+0300] {logging_mixin.py:190} INFO - [2026-05-04T01:23:48.554+0300] {dagbag.py:588} INFO - Filling up the DagBag from /home/nikita/airflow/dags/xcom_dag.py
[2026-05-04T01:23:48.562+0300] {processor.py:925} INFO - DAG(s) 'xcom_dag_dag_v01' retrieved from /home/nikita/airflow/dags/xcom_dag.py
[2026-05-04T01:23:48.576+0300] {logging_mixin.py:190} INFO - [2026-05-04T01:23:48.576+0300] {dag.py:3239} INFO - Sync 1 DAGs
[2026-05-04T01:23:48.593+0300] {logging_mixin.py:190} INFO - [2026-05-04T01:23:48.593+0300] {dag.py:4180} INFO - Setting next_dagrun for xcom_dag_dag_v01 to 2026-05-02 00:00:00+00:00, run_after=2026-05-03 00:00:00+00:00
[2026-05-04T01:23:48.614+0300] {processor.py:208} INFO - Processing /home/nikita/airflow/dags/xcom_dag.py took 0.075 seconds
[2026-05-04T01:24:21.688+0300] {processor.py:186} INFO - Started process (PID=17820) to work on /home/nikita/airflow/dags/xcom_dag.py
[2026-05-04T01:24:21.698+0300] {processor.py:914} INFO - Processing file /home/nikita/airflow/dags/xcom_dag.py for tasks to queue
[2026-05-04T01:24:21.699+0300] {logging_mixin.py:190} INFO - [2026-05-04T01:24:21.698+0300] {dagbag.py:588} INFO - Filling up the DagBag from /home/nikita/airflow/dags/xcom_dag.py
[2026-05-04T01:24:21.706+0300] {processor.py:925} INFO - DAG(s) 'xcom_dag_dag_v01' retrieved from /home/nikita/airflow/dags/xcom_dag.py
[2026-05-04T01:24:21.717+0300] {logging_mixin.py:190} INFO - [2026-05-04T01:24:21.716+0300] {dag.py:3239} INFO - Sync 1 DAGs
[2026-05-04T01:24:21.732+0300] {logging_mixin.py:190} INFO - [2026-05-04T01:24:21.732+0300] {dag.py:4180} INFO - Setting next_dagrun for xcom_dag_dag_v01 to 2026-05-02 00:00:00+00:00, run_after=2026-05-03 00:00:00+00:00
[2026-05-04T01:24:21.747+0300] {processor.py:208} INFO - Processing /home/nikita/airflow/dags/xcom_dag.py took 0.063 seconds
[2026-05-04T01:24:56.092+0300] {processor.py:186} INFO - Started process (PID=17948) to work on /home/nikita/airflow/dags/xcom_dag.py
[2026-05-04T01:24:56.094+0300] {processor.py:914} INFO - Processing file /home/nikita/airflow/dags/xcom_dag.py for tasks to queue
[2026-05-04T01:24:56.095+0300] {logging_mixin.py:190} INFO - [2026-05-04T01:24:56.095+0300] {dagbag.py:588} INFO - Filling up the DagBag from /home/nikita/airflow/dags/xcom_dag.py
[2026-05-04T01:24:56.104+0300] {processor.py:925} INFO - DAG(s) 'xcom_dag_dag_v01' retrieved from /home/nikita/airflow/dags/xcom_dag.py
[2026-05-04T01:24:56.115+0300] {logging_mixin.py:190} INFO - [2026-05-04T01:24:56.115+0300] {dag.py:3239} INFO - Sync 1 DAGs
[2026-05-04T01:24:56.130+0300] {logging_mixin.py:190} INFO - [2026-05-04T01:24:56.130+0300] {dag.py:4180} INFO - Setting next_dagrun for xcom_dag_dag_v01 to 2026-05-02 00:00:00+00:00, run_after=2026-05-03 00:00:00+00:00
[2026-05-04T01:24:56.146+0300] {processor.py:208} INFO - Processing /home/nikita/airflow/dags/xcom_dag.py took 0.058 seconds
[2026-05-04T01:25:33.128+0300] {processor.py:186} INFO - Started process (PID=18435) to work on /home/nikita/airflow/dags/xcom_dag.py
[2026-05-04T01:25:33.129+0300] {processor.py:914} INFO - Processing file /home/nikita/airflow/dags/xcom_dag.py for tasks to queue
[2026-05-04T01:25:33.130+0300] {logging_mixin.py:190} INFO - [2026-05-04T01:25:33.130+0300] {dagbag.py:588} INFO - Filling up the DagBag from /home/nikita/airflow/dags/xcom_dag.py
[2026-05-04T01:25:33.138+0300] {processor.py:925} INFO - DAG(s) 'xcom_dag_dag_v01' retrieved from /home/nikita/airflow/dags/xcom_dag.py
[2026-05-04T01:25:33.150+0300] {logging_mixin.py:190} INFO - [2026-05-04T01:25:33.150+0300] {dag.py:3239} INFO - Sync 1 DAGs
[2026-05-04T01:25:33.164+0300] {logging_mixin.py:190} INFO - [2026-05-04T01:25:33.164+0300] {dag.py:4180} INFO - Setting next_dagrun for xcom_dag_dag_v01 to 2026-05-02 00:00:00+00:00, run_after=2026-05-03 00:00:00+00:00
[2026-05-04T01:25:33.179+0300] {processor.py:208} INFO - Processing /home/nikita/airflow/dags/xcom_dag.py took 0.056 seconds
[2026-05-04T01:26:06.993+0300] {processor.py:186} INFO - Started process (PID=18576) to work on /home/nikita/airflow/dags/xcom_dag.py
[2026-05-04T01:26:06.994+0300] {processor.py:914} INFO - Processing file /home/nikita/airflow/dags/xcom_dag.py for tasks to queue
[2026-05-04T01:26:06.995+0300] {logging_mixin.py:190} INFO - [2026-05-04T01:26:06.994+0300] {dagbag.py:588} INFO - Filling up the DagBag from /home/nikita/airflow/dags/xcom_dag.py
[2026-05-04T01:26:07.002+0300] {processor.py:925} INFO - DAG(s) 'xcom_dag_dag_v01' retrieved from /home/nikita/airflow/dags/xcom_dag.py
[2026-05-04T01:26:07.013+0300] {logging_mixin.py:190} INFO - [2026-05-04T01:26:07.013+0300] {dag.py:3239} INFO - Sync 1 DAGs
[2026-05-04T01:26:07.027+0300] {logging_mixin.py:190} INFO - [2026-05-04T01:26:07.027+0300] {dag.py:4180} INFO - Setting next_dagrun for xcom_dag_dag_v01 to 2026-05-02 00:00:00+00:00, run_after=2026-05-03 00:00:00+00:00
[2026-05-04T01:26:07.158+0300] {processor.py:208} INFO - Processing /home/nikita/airflow/dags/xcom_dag.py took 0.170 seconds
[2026-05-04T01:26:43.412+0300] {processor.py:186} INFO - Started process (PID=19375) to work on /home/nikita/airflow/dags/xcom_dag.py
[2026-05-04T01:26:43.413+0300] {processor.py:914} INFO - Processing file /home/nikita/airflow/dags/xcom_dag.py for tasks to queue
[2026-05-04T01:26:43.414+0300] {logging_mixin.py:190} INFO - [2026-05-04T01:26:43.414+0300] {dagbag.py:588} INFO - Filling up the DagBag from /home/nikita/airflow/dags/xcom_dag.py
[2026-05-04T01:26:43.423+0300] {processor.py:925} INFO - DAG(s) 'xcom_dag_dag_v01' retrieved from /home/nikita/airflow/dags/xcom_dag.py
[2026-05-04T01:26:43.435+0300] {logging_mixin.py:190} INFO - [2026-05-04T01:26:43.435+0300] {dag.py:3239} INFO - Sync 1 DAGs
[2026-05-04T01:26:43.451+0300] {logging_mixin.py:190} INFO - [2026-05-04T01:26:43.451+0300] {dag.py:4180} INFO - Setting next_dagrun for xcom_dag_dag_v01 to 2026-05-02 00:00:00+00:00, run_after=2026-05-03 00:00:00+00:00
[2026-05-04T01:26:43.467+0300] {processor.py:208} INFO - Processing /home/nikita/airflow/dags/xcom_dag.py took 0.060 seconds
[2026-05-04T01:27:18.108+0300] {processor.py:186} INFO - Started process (PID=19513) to work on /home/nikita/airflow/dags/xcom_dag.py
[2026-05-04T01:27:18.117+0300] {processor.py:914} INFO - Processing file /home/nikita/airflow/dags/xcom_dag.py for tasks to queue
[2026-05-04T01:27:18.118+0300] {logging_mixin.py:190} INFO - [2026-05-04T01:27:18.118+0300] {dagbag.py:588} INFO - Filling up the DagBag from /home/nikita/airflow/dags/xcom_dag.py
[2026-05-04T01:27:18.126+0300] {processor.py:925} INFO - DAG(s) 'xcom_dag_dag_v01' retrieved from /home/nikita/airflow/dags/xcom_dag.py
[2026-05-04T01:27:18.138+0300] {logging_mixin.py:190} INFO - [2026-05-04T01:27:18.138+0300] {dag.py:3239} INFO - Sync 1 DAGs
[2026-05-04T01:27:18.154+0300] {logging_mixin.py:190} INFO - [2026-05-04T01:27:18.153+0300] {dag.py:4180} INFO - Setting next_dagrun for xcom_dag_dag_v01 to 2026-05-02 00:00:00+00:00, run_after=2026-05-03 00:00:00+00:00
[2026-05-04T01:27:18.169+0300] {processor.py:208} INFO - Processing /home/nikita/airflow/dags/xcom_dag.py took 0.065 seconds
[2026-05-04T01:27:52.318+0300] {processor.py:186} INFO - Started process (PID=19641) to work on /home/nikita/airflow/dags/xcom_dag.py
[2026-05-04T01:27:52.327+0300] {processor.py:914} INFO - Processing file /home/nikita/airflow/dags/xcom_dag.py for tasks to queue
[2026-05-04T01:27:52.328+0300] {logging_mixin.py:190} INFO - [2026-05-04T01:27:52.328+0300] {dagbag.py:588} INFO - Filling up the DagBag from /home/nikita/airflow/dags/xcom_dag.py
[2026-05-04T01:27:52.336+0300] {processor.py:925} INFO - DAG(s) 'xcom_dag_dag_v01' retrieved from /home/nikita/airflow/dags/xcom_dag.py
[2026-05-04T01:27:52.348+0300] {logging_mixin.py:190} INFO - [2026-05-04T01:27:52.347+0300] {dag.py:3239} INFO - Sync 1 DAGs
[2026-05-04T01:27:52.484+0300] {logging_mixin.py:190} INFO - [2026-05-04T01:27:52.484+0300] {dag.py:4180} INFO - Setting next_dagrun for xcom_dag_dag_v01 to 2026-05-02 00:00:00+00:00, run_after=2026-05-03 00:00:00+00:00
[2026-05-04T01:27:52.499+0300] {processor.py:208} INFO - Processing /home/nikita/airflow/dags/xcom_dag.py took 0.186 seconds
[2026-05-04T01:28:29.805+0300] {processor.py:186} INFO - Started process (PID=19778) to work on /home/nikita/airflow/dags/xcom_dag.py
[2026-05-04T01:28:29.805+0300] {processor.py:914} INFO - Processing file /home/nikita/airflow/dags/xcom_dag.py for tasks to queue
[2026-05-04T01:28:29.806+0300] {logging_mixin.py:190} INFO - [2026-05-04T01:28:29.806+0300] {dagbag.py:588} INFO - Filling up the DagBag from /home/nikita/airflow/dags/xcom_dag.py
[2026-05-04T01:28:29.816+0300] {processor.py:925} INFO - DAG(s) 'xcom_dag_dag_v01' retrieved from /home/nikita/airflow/dags/xcom_dag.py
[2026-05-04T01:28:29.828+0300] {logging_mixin.py:190} INFO - [2026-05-04T01:28:29.828+0300] {dag.py:3239} INFO - Sync 1 DAGs
[2026-05-04T01:28:29.846+0300] {logging_mixin.py:190} INFO - [2026-05-04T01:28:29.845+0300] {dag.py:4180} INFO - Setting next_dagrun for xcom_dag_dag_v01 to 2026-05-02 00:00:00+00:00, run_after=2026-05-03 00:00:00+00:00
[2026-05-04T01:28:29.864+0300] {processor.py:208} INFO - Processing /home/nikita/airflow/dags/xcom_dag.py took 0.064 seconds
[2026-05-04T01:29:04.324+0300] {processor.py:186} INFO - Started process (PID=19917) to work on /home/nikita/airflow/dags/xcom_dag.py
[2026-05-04T01:29:04.333+0300] {processor.py:914} INFO - Processing file /home/nikita/airflow/dags/xcom_dag.py for tasks to queue
[2026-05-04T01:29:04.334+0300] {logging_mixin.py:190} INFO - [2026-05-04T01:29:04.334+0300] {dagbag.py:588} INFO - Filling up the DagBag from /home/nikita/airflow/dags/xcom_dag.py
[2026-05-04T01:29:04.342+0300] {processor.py:925} INFO - DAG(s) 'xcom_dag_dag_v01' retrieved from /home/nikita/airflow/dags/xcom_dag.py
[2026-05-04T01:29:04.352+0300] {logging_mixin.py:190} INFO - [2026-05-04T01:29:04.352+0300] {dag.py:3239} INFO - Sync 1 DAGs
[2026-05-04T01:29:04.367+0300] {logging_mixin.py:190} INFO - [2026-05-04T01:29:04.366+0300] {dag.py:4180} INFO - Setting next_dagrun for xcom_dag_dag_v01 to 2026-05-02 00:00:00+00:00, run_after=2026-05-03 00:00:00+00:00
[2026-05-04T01:29:04.382+0300] {processor.py:208} INFO - Processing /home/nikita/airflow/dags/xcom_dag.py took 0.062 seconds
[2026-05-04T01:29:38.205+0300] {processor.py:186} INFO - Started process (PID=20046) to work on /home/nikita/airflow/dags/xcom_dag.py
[2026-05-04T01:29:38.215+0300] {processor.py:914} INFO - Processing file /home/nikita/airflow/dags/xcom_dag.py for tasks to queue
[2026-05-04T01:29:38.217+0300] {logging_mixin.py:190} INFO - [2026-05-04T01:29:38.216+0300] {dagbag.py:588} INFO - Filling up the DagBag from /home/nikita/airflow/dags/xcom_dag.py
[2026-05-04T01:29:38.225+0300] {processor.py:925} INFO - DAG(s) 'xcom_dag_dag_v01' retrieved from /home/nikita/airflow/dags/xcom_dag.py
[2026-05-04T01:29:38.236+0300] {logging_mixin.py:190} INFO - [2026-05-04T01:29:38.236+0300] {dag.py:3239} INFO - Sync 1 DAGs
[2026-05-04T01:29:38.353+0300] {logging_mixin.py:190} INFO - [2026-05-04T01:29:38.352+0300] {dag.py:4180} INFO - Setting next_dagrun for xcom_dag_dag_v01 to 2026-05-02 00:00:00+00:00, run_after=2026-05-03 00:00:00+00:00
[2026-05-04T01:29:38.370+0300] {processor.py:208} INFO - Processing /home/nikita/airflow/dags/xcom_dag.py took 0.169 seconds
[2026-05-04T01:30:15.846+0300] {processor.py:186} INFO - Started process (PID=20180) to work on /home/nikita/airflow/dags/xcom_dag.py
[2026-05-04T01:30:15.855+0300] {processor.py:914} INFO - Processing file /home/nikita/airflow/dags/xcom_dag.py for tasks to queue
[2026-05-04T01:30:15.856+0300] {logging_mixin.py:190} INFO - [2026-05-04T01:30:15.856+0300] {dagbag.py:588} INFO - Filling up the DagBag from /home/nikita/airflow/dags/xcom_dag.py
[2026-05-04T01:30:15.866+0300] {processor.py:925} INFO - DAG(s) 'xcom_dag_dag_v01' retrieved from /home/nikita/airflow/dags/xcom_dag.py
[2026-05-04T01:30:15.879+0300] {logging_mixin.py:190} INFO - [2026-05-04T01:30:15.879+0300] {dag.py:3239} INFO - Sync 1 DAGs
[2026-05-04T01:30:15.895+0300] {logging_mixin.py:190} INFO - [2026-05-04T01:30:15.895+0300] {dag.py:4180} INFO - Setting next_dagrun for xcom_dag_dag_v01 to 2026-05-02 00:00:00+00:00, run_after=2026-05-03 00:00:00+00:00
[2026-05-04T01:30:16.395+0300] {processor.py:208} INFO - Processing /home/nikita/airflow/dags/xcom_dag.py took 0.070 seconds
[2026-05-04T01:30:51.567+0300] {processor.py:186} INFO - Started process (PID=20317) to work on /home/nikita/airflow/dags/xcom_dag.py
[2026-05-04T01:30:51.576+0300] {processor.py:914} INFO - Processing file /home/nikita/airflow/dags/xcom_dag.py for tasks to queue
[2026-05-04T01:30:51.578+0300] {logging_mixin.py:190} INFO - [2026-05-04T01:30:51.577+0300] {dagbag.py:588} INFO - Filling up the DagBag from /home/nikita/airflow/dags/xcom_dag.py
[2026-05-04T01:30:51.586+0300] {processor.py:925} INFO - DAG(s) 'xcom_dag_dag_v01' retrieved from /home/nikita/airflow/dags/xcom_dag.py
[2026-05-04T01:30:51.598+0300] {logging_mixin.py:190} INFO - [2026-05-04T01:30:51.598+0300] {dag.py:3239} INFO - Sync 1 DAGs
[2026-05-04T01:30:51.615+0300] {logging_mixin.py:190} INFO - [2026-05-04T01:30:51.615+0300] {dag.py:4180} INFO - Setting next_dagrun for xcom_dag_dag_v01 to 2026-05-02 00:00:00+00:00, run_after=2026-05-03 00:00:00+00:00
[2026-05-04T01:30:51.756+0300] {processor.py:208} INFO - Processing /home/nikita/airflow/dags/xcom_dag.py took 0.194 seconds
[2026-05-04T01:31:29.911+0300] {processor.py:186} INFO - Started process (PID=20457) to work on /home/nikita/airflow/dags/xcom_dag.py
[2026-05-04T01:31:29.917+0300] {processor.py:914} INFO - Processing file /home/nikita/airflow/dags/xcom_dag.py for tasks to queue
[2026-05-04T01:31:29.919+0300] {logging_mixin.py:190} INFO - [2026-05-04T01:31:29.918+0300] {dagbag.py:588} INFO - Filling up the DagBag from /home/nikita/airflow/dags/xcom_dag.py
[2026-05-04T01:31:29.928+0300] {processor.py:925} INFO - DAG(s) 'xcom_dag_dag_v01' retrieved from /home/nikita/airflow/dags/xcom_dag.py
[2026-05-04T01:31:29.943+0300] {logging_mixin.py:190} INFO - [2026-05-04T01:31:29.942+0300] {dag.py:3239} INFO - Sync 1 DAGs
[2026-05-04T01:31:30.093+0300] {logging_mixin.py:190} INFO - [2026-05-04T01:31:30.092+0300] {dag.py:4180} INFO - Setting next_dagrun for xcom_dag_dag_v01 to 2026-05-02 00:00:00+00:00, run_after=2026-05-03 00:00:00+00:00
[2026-05-04T01:31:30.109+0300] {processor.py:208} INFO - Processing /home/nikita/airflow/dags/xcom_dag.py took 0.203 seconds
[2026-05-04T01:32:12.421+0300] {processor.py:186} INFO - Started process (PID=20615) to work on /home/nikita/airflow/dags/xcom_dag.py
[2026-05-04T01:32:12.423+0300] {processor.py:914} INFO - Processing file /home/nikita/airflow/dags/xcom_dag.py for tasks to queue
[2026-05-04T01:32:12.424+0300] {logging_mixin.py:190} INFO - [2026-05-04T01:32:12.423+0300] {dagbag.py:588} INFO - Filling up the DagBag from /home/nikita/airflow/dags/xcom_dag.py
[2026-05-04T01:32:12.431+0300] {processor.py:925} INFO - DAG(s) 'xcom_dag_dag_v01' retrieved from /home/nikita/airflow/dags/xcom_dag.py
[2026-05-04T01:32:12.444+0300] {logging_mixin.py:190} INFO - [2026-05-04T01:32:12.444+0300] {dag.py:3239} INFO - Sync 1 DAGs
[2026-05-04T01:32:12.460+0300] {logging_mixin.py:190} INFO - [2026-05-04T01:32:12.460+0300] {dag.py:4180} INFO - Setting next_dagrun for xcom_dag_dag_v01 to 2026-05-02 00:00:00+00:00, run_after=2026-05-03 00:00:00+00:00
[2026-05-04T01:32:12.478+0300] {processor.py:208} INFO - Processing /home/nikita/airflow/dags/xcom_dag.py took 0.061 seconds
[2026-05-04T01:32:50.132+0300] {processor.py:186} INFO - Started process (PID=20896) to work on /home/nikita/airflow/dags/xcom_dag.py
[2026-05-04T01:32:50.133+0300] {processor.py:914} INFO - Processing file /home/nikita/airflow/dags/xcom_dag.py for tasks to queue
[2026-05-04T01:32:50.134+0300] {logging_mixin.py:190} INFO - [2026-05-04T01:32:50.134+0300] {dagbag.py:588} INFO - Filling up the DagBag from /home/nikita/airflow/dags/xcom_dag.py
[2026-05-04T01:32:50.143+0300] {processor.py:925} INFO - DAG(s) 'xcom_dag_dag_v01' retrieved from /home/nikita/airflow/dags/xcom_dag.py
[2026-05-04T01:32:50.156+0300] {logging_mixin.py:190} INFO - [2026-05-04T01:32:50.156+0300] {dag.py:3239} INFO - Sync 1 DAGs
[2026-05-04T01:32:50.172+0300] {logging_mixin.py:190} INFO - [2026-05-04T01:32:50.172+0300] {dag.py:4180} INFO - Setting next_dagrun for xcom_dag_dag_v01 to 2026-05-02 00:00:00+00:00, run_after=2026-05-03 00:00:00+00:00
[2026-05-04T01:32:50.190+0300] {processor.py:208} INFO - Processing /home/nikita/airflow/dags/xcom_dag.py took 0.062 seconds
[2026-05-04T01:33:22.851+0300] {processor.py:186} INFO - Started process (PID=21027) to work on /home/nikita/airflow/dags/xcom_dag.py
[2026-05-04T01:33:22.861+0300] {processor.py:914} INFO - Processing file /home/nikita/airflow/dags/xcom_dag.py for tasks to queue
[2026-05-04T01:33:22.862+0300] {logging_mixin.py:190} INFO - [2026-05-04T01:33:22.861+0300] {dagbag.py:588} INFO - Filling up the DagBag from /home/nikita/airflow/dags/xcom_dag.py
[2026-05-04T01:33:22.870+0300] {processor.py:925} INFO - DAG(s) 'xcom_dag_dag_v01' retrieved from /home/nikita/airflow/dags/xcom_dag.py
[2026-05-04T01:33:22.883+0300] {logging_mixin.py:190} INFO - [2026-05-04T01:33:22.883+0300] {dag.py:3239} INFO - Sync 1 DAGs
[2026-05-04T01:33:22.898+0300] {logging_mixin.py:190} INFO - [2026-05-04T01:33:22.898+0300] {dag.py:4180} INFO - Setting next_dagrun for xcom_dag_dag_v01 to 2026-05-02 00:00:00+00:00, run_after=2026-05-03 00:00:00+00:00
[2026-05-04T01:33:22.914+0300] {processor.py:208} INFO - Processing /home/nikita/airflow/dags/xcom_dag.py took 0.067 seconds
[2026-05-04T01:33:54.934+0300] {processor.py:186} INFO - Started process (PID=21277) to work on /home/nikita/airflow/dags/xcom_dag.py
[2026-05-04T01:33:54.935+0300] {processor.py:914} INFO - Processing file /home/nikita/airflow/dags/xcom_dag.py for tasks to queue
[2026-05-04T01:33:54.936+0300] {logging_mixin.py:190} INFO - [2026-05-04T01:33:54.935+0300] {dagbag.py:588} INFO - Filling up the DagBag from /home/nikita/airflow/dags/xcom_dag.py
[2026-05-04T01:33:54.943+0300] {processor.py:925} INFO - DAG(s) 'xcom_dag_dag_v01' retrieved from /home/nikita/airflow/dags/xcom_dag.py
[2026-05-04T01:33:54.955+0300] {logging_mixin.py:190} INFO - [2026-05-04T01:33:54.955+0300] {dag.py:3239} INFO - Sync 1 DAGs
[2026-05-04T01:33:54.971+0300] {logging_mixin.py:190} INFO - [2026-05-04T01:33:54.971+0300] {dag.py:4180} INFO - Setting next_dagrun for xcom_dag_dag_v01 to 2026-05-02 00:00:00+00:00, run_after=2026-05-03 00:00:00+00:00
[2026-05-04T01:33:54.990+0300] {processor.py:208} INFO - Processing /home/nikita/airflow/dags/xcom_dag.py took 0.060 seconds
[2026-05-04T01:34:25.817+0300] {processor.py:186} INFO - Started process (PID=21393) to work on /home/nikita/airflow/dags/xcom_dag.py
[2026-05-04T01:34:25.827+0300] {processor.py:914} INFO - Processing file /home/nikita/airflow/dags/xcom_dag.py for tasks to queue
[2026-05-04T01:34:25.829+0300] {logging_mixin.py:190} INFO - [2026-05-04T01:34:25.828+0300] {dagbag.py:588} INFO - Filling up the DagBag from /home/nikita/airflow/dags/xcom_dag.py
[2026-05-04T01:34:25.837+0300] {processor.py:925} INFO - DAG(s) 'xcom_dag_dag_v01' retrieved from /home/nikita/airflow/dags/xcom_dag.py
[2026-05-04T01:34:25.849+0300] {logging_mixin.py:190} INFO - [2026-05-04T01:34:25.849+0300] {dag.py:3239} INFO - Sync 1 DAGs
[2026-05-04T01:34:25.865+0300] {logging_mixin.py:190} INFO - [2026-05-04T01:34:25.865+0300] {dag.py:4180} INFO - Setting next_dagrun for xcom_dag_dag_v01 to 2026-05-02 00:00:00+00:00, run_after=2026-05-03 00:00:00+00:00
[2026-05-04T01:34:25.882+0300] {processor.py:208} INFO - Processing /home/nikita/airflow/dags/xcom_dag.py took 0.069 seconds
[2026-05-04T01:34:58.464+0300] {processor.py:186} INFO - Started process (PID=21515) to work on /home/nikita/airflow/dags/xcom_dag.py
[2026-05-04T01:34:58.464+0300] {processor.py:914} INFO - Processing file /home/nikita/airflow/dags/xcom_dag.py for tasks to queue
[2026-05-04T01:34:58.465+0300] {logging_mixin.py:190} INFO - [2026-05-04T01:34:58.465+0300] {dagbag.py:588} INFO - Filling up the DagBag from /home/nikita/airflow/dags/xcom_dag.py
[2026-05-04T01:34:58.473+0300] {processor.py:925} INFO - DAG(s) 'xcom_dag_dag_v01' retrieved from /home/nikita/airflow/dags/xcom_dag.py
[2026-05-04T01:34:58.483+0300] {logging_mixin.py:190} INFO - [2026-05-04T01:34:58.483+0300] {dag.py:3239} INFO - Sync 1 DAGs
[2026-05-04T01:34:58.498+0300] {logging_mixin.py:190} INFO - [2026-05-04T01:34:58.498+0300] {dag.py:4180} INFO - Setting next_dagrun for xcom_dag_dag_v01 to 2026-05-02 00:00:00+00:00, run_after=2026-05-03 00:00:00+00:00
[2026-05-04T01:34:58.513+0300] {processor.py:208} INFO - Processing /home/nikita/airflow/dags/xcom_dag.py took 0.053 seconds
[2026-05-04T01:35:29.864+0300] {processor.py:186} INFO - Started process (PID=21641) to work on /home/nikita/airflow/dags/xcom_dag.py
[2026-05-04T01:35:29.865+0300] {processor.py:914} INFO - Processing file /home/nikita/airflow/dags/xcom_dag.py for tasks to queue
[2026-05-04T01:35:29.867+0300] {logging_mixin.py:190} INFO - [2026-05-04T01:35:29.866+0300] {dagbag.py:588} INFO - Filling up the DagBag from /home/nikita/airflow/dags/xcom_dag.py
[2026-05-04T01:35:29.875+0300] {processor.py:925} INFO - DAG(s) 'xcom_dag_dag_v01' retrieved from /home/nikita/airflow/dags/xcom_dag.py
[2026-05-04T01:35:29.889+0300] {logging_mixin.py:190} INFO - [2026-05-04T01:35:29.889+0300] {dag.py:3239} INFO - Sync 1 DAGs
[2026-05-04T01:35:29.907+0300] {logging_mixin.py:190} INFO - [2026-05-04T01:35:29.906+0300] {dag.py:4180} INFO - Setting next_dagrun for xcom_dag_dag_v01 to 2026-05-02 00:00:00+00:00, run_after=2026-05-03 00:00:00+00:00
[2026-05-04T01:35:29.923+0300] {processor.py:208} INFO - Processing /home/nikita/airflow/dags/xcom_dag.py took 0.064 seconds
[2026-05-04T01:36:01.086+0300] {processor.py:186} INFO - Started process (PID=21764) to work on /home/nikita/airflow/dags/xcom_dag.py
[2026-05-04T01:36:01.088+0300] {processor.py:914} INFO - Processing file /home/nikita/airflow/dags/xcom_dag.py for tasks to queue
[2026-05-04T01:36:01.089+0300] {logging_mixin.py:190} INFO - [2026-05-04T01:36:01.088+0300] {dagbag.py:588} INFO - Filling up the DagBag from /home/nikita/airflow/dags/xcom_dag.py
[2026-05-04T01:36:01.097+0300] {processor.py:925} INFO - DAG(s) 'xcom_dag_dag_v01' retrieved from /home/nikita/airflow/dags/xcom_dag.py
[2026-05-04T01:36:01.109+0300] {logging_mixin.py:190} INFO - [2026-05-04T01:36:01.109+0300] {dag.py:3239} INFO - Sync 1 DAGs
[2026-05-04T01:36:01.124+0300] {logging_mixin.py:190} INFO - [2026-05-04T01:36:01.123+0300] {dag.py:4180} INFO - Setting next_dagrun for xcom_dag_dag_v01 to 2026-05-02 00:00:00+00:00, run_after=2026-05-03 00:00:00+00:00
[2026-05-04T01:36:01.139+0300] {processor.py:208} INFO - Processing /home/nikita/airflow/dags/xcom_dag.py took 0.057 seconds
[2026-05-04T01:38:06.139+0300] {processor.py:186} INFO - Started process (PID=22216) to work on /home/nikita/airflow/dags/xcom_dag.py
[2026-05-04T01:38:06.140+0300] {processor.py:914} INFO - Processing file /home/nikita/airflow/dags/xcom_dag.py for tasks to queue
[2026-05-04T01:38:06.142+0300] {logging_mixin.py:190} INFO - [2026-05-04T01:38:06.142+0300] {dagbag.py:588} INFO - Filling up the DagBag from /home/nikita/airflow/dags/xcom_dag.py
[2026-05-04T01:38:06.153+0300] {processor.py:925} INFO - DAG(s) 'xcom_dag_dag_v01' retrieved from /home/nikita/airflow/dags/xcom_dag.py
[2026-05-04T01:38:06.173+0300] {logging_mixin.py:190} INFO - [2026-05-04T01:38:06.173+0300] {dag.py:3239} INFO - Sync 1 DAGs
[2026-05-04T01:38:06.188+0300] {logging_mixin.py:190} INFO - [2026-05-04T01:38:06.188+0300] {dag.py:4180} INFO - Setting next_dagrun for xcom_dag_dag_v01 to 2026-05-02 00:00:00+00:00, run_after=2026-05-03 00:00:00+00:00
[2026-05-04T01:38:06.204+0300] {processor.py:208} INFO - Processing /home/nikita/airflow/dags/xcom_dag.py took 0.071 seconds
[2026-05-04T01:38:36.655+0300] {processor.py:186} INFO - Started process (PID=22249) to work on /home/nikita/airflow/dags/xcom_dag.py
[2026-05-04T01:38:36.664+0300] {processor.py:914} INFO - Processing file /home/nikita/airflow/dags/xcom_dag.py for tasks to queue
[2026-05-04T01:38:36.666+0300] {logging_mixin.py:190} INFO - [2026-05-04T01:38:36.666+0300] {dagbag.py:588} INFO - Filling up the DagBag from /home/nikita/airflow/dags/xcom_dag.py
[2026-05-04T01:38:36.677+0300] {processor.py:925} INFO - DAG(s) 'xcom_dag_dag_v01' retrieved from /home/nikita/airflow/dags/xcom_dag.py
[2026-05-04T01:38:36.696+0300] {logging_mixin.py:190} INFO - [2026-05-04T01:38:36.696+0300] {dag.py:3239} INFO - Sync 1 DAGs
[2026-05-04T01:38:36.713+0300] {logging_mixin.py:190} INFO - [2026-05-04T01:38:36.713+0300] {dag.py:4180} INFO - Setting next_dagrun for xcom_dag_dag_v01 to 2026-05-02 00:00:00+00:00, run_after=2026-05-03 00:00:00+00:00
[2026-05-04T01:38:36.729+0300] {processor.py:208} INFO - Processing /home/nikita/airflow/dags/xcom_dag.py took 0.079 seconds
[2026-05-04T01:39:07.097+0300] {processor.py:186} INFO - Started process (PID=22265) to work on /home/nikita/airflow/dags/xcom_dag.py
[2026-05-04T01:39:07.106+0300] {processor.py:914} INFO - Processing file /home/nikita/airflow/dags/xcom_dag.py for tasks to queue
[2026-05-04T01:39:07.108+0300] {logging_mixin.py:190} INFO - [2026-05-04T01:39:07.108+0300] {dagbag.py:588} INFO - Filling up the DagBag from /home/nikita/airflow/dags/xcom_dag.py
[2026-05-04T01:39:07.119+0300] {processor.py:925} INFO - DAG(s) 'xcom_dag_dag_v01' retrieved from /home/nikita/airflow/dags/xcom_dag.py
[2026-05-04T01:39:07.137+0300] {logging_mixin.py:190} INFO - [2026-05-04T01:39:07.136+0300] {dag.py:3239} INFO - Sync 1 DAGs
[2026-05-04T01:39:07.156+0300] {logging_mixin.py:190} INFO - [2026-05-04T01:39:07.156+0300] {dag.py:4180} INFO - Setting next_dagrun for xcom_dag_dag_v01 to 2026-05-02 00:00:00+00:00, run_after=2026-05-03 00:00:00+00:00
[2026-05-04T01:39:07.173+0300] {processor.py:208} INFO - Processing /home/nikita/airflow/dags/xcom_dag.py took 0.081 seconds
[2026-05-04T01:39:37.550+0300] {processor.py:186} INFO - Started process (PID=22269) to work on /home/nikita/airflow/dags/xcom_dag.py
[2026-05-04T01:39:37.560+0300] {processor.py:914} INFO - Processing file /home/nikita/airflow/dags/xcom_dag.py for tasks to queue
[2026-05-04T01:39:37.562+0300] {logging_mixin.py:190} INFO - [2026-05-04T01:39:37.562+0300] {dagbag.py:588} INFO - Filling up the DagBag from /home/nikita/airflow/dags/xcom_dag.py
[2026-05-04T01:39:37.573+0300] {processor.py:925} INFO - DAG(s) 'xcom_dag_dag_v01' retrieved from /home/nikita/airflow/dags/xcom_dag.py
[2026-05-04T01:39:37.591+0300] {logging_mixin.py:190} INFO - [2026-05-04T01:39:37.590+0300] {dag.py:3239} INFO - Sync 1 DAGs
[2026-05-04T01:39:37.606+0300] {logging_mixin.py:190} INFO - [2026-05-04T01:39:37.606+0300] {dag.py:4180} INFO - Setting next_dagrun for xcom_dag_dag_v01 to 2026-05-02 00:00:00+00:00, run_after=2026-05-03 00:00:00+00:00
[2026-05-04T01:39:37.622+0300] {processor.py:208} INFO - Processing /home/nikita/airflow/dags/xcom_dag.py took 0.076 seconds
[2026-05-04T01:40:08.057+0300] {processor.py:186} INFO - Started process (PID=22313) to work on /home/nikita/airflow/dags/xcom_dag.py
[2026-05-04T01:40:08.059+0300] {processor.py:914} INFO - Processing file /home/nikita/airflow/dags/xcom_dag.py for tasks to queue
[2026-05-04T01:40:08.061+0300] {logging_mixin.py:190} INFO - [2026-05-04T01:40:08.060+0300] {dagbag.py:588} INFO - Filling up the DagBag from /home/nikita/airflow/dags/xcom_dag.py
[2026-05-04T01:40:08.072+0300] {processor.py:925} INFO - DAG(s) 'xcom_dag_dag_v01' retrieved from /home/nikita/airflow/dags/xcom_dag.py
[2026-05-04T01:40:08.093+0300] {logging_mixin.py:190} INFO - [2026-05-04T01:40:08.093+0300] {dag.py:3239} INFO - Sync 1 DAGs
[2026-05-04T01:40:08.111+0300] {logging_mixin.py:190} INFO - [2026-05-04T01:40:08.111+0300] {dag.py:4180} INFO - Setting next_dagrun for xcom_dag_dag_v01 to 2026-05-02 00:00:00+00:00, run_after=2026-05-03 00:00:00+00:00
[2026-05-04T01:40:08.130+0300] {processor.py:208} INFO - Processing /home/nikita/airflow/dags/xcom_dag.py took 0.080 seconds
[2026-05-04T01:40:38.520+0300] {processor.py:186} INFO - Started process (PID=22412) to work on /home/nikita/airflow/dags/xcom_dag.py
[2026-05-04T01:40:38.521+0300] {processor.py:914} INFO - Processing file /home/nikita/airflow/dags/xcom_dag.py for tasks to queue
[2026-05-04T01:40:38.523+0300] {logging_mixin.py:190} INFO - [2026-05-04T01:40:38.523+0300] {dagbag.py:588} INFO - Filling up the DagBag from /home/nikita/airflow/dags/xcom_dag.py
[2026-05-04T01:40:38.535+0300] {processor.py:925} INFO - DAG(s) 'xcom_dag_dag_v01' retrieved from /home/nikita/airflow/dags/xcom_dag.py
[2026-05-04T01:40:38.557+0300] {logging_mixin.py:190} INFO - [2026-05-04T01:40:38.557+0300] {dag.py:3239} INFO - Sync 1 DAGs
[2026-05-04T01:40:38.577+0300] {logging_mixin.py:190} INFO - [2026-05-04T01:40:38.577+0300] {dag.py:4180} INFO - Setting next_dagrun for xcom_dag_dag_v01 to 2026-05-02 00:00:00+00:00, run_after=2026-05-03 00:00:00+00:00
[2026-05-04T01:40:38.597+0300] {processor.py:208} INFO - Processing /home/nikita/airflow/dags/xcom_dag.py took 0.083 seconds
[2026-05-04T01:41:09.192+0300] {processor.py:186} INFO - Started process (PID=22504) to work on /home/nikita/airflow/dags/xcom_dag.py
[2026-05-04T01:41:09.193+0300] {processor.py:914} INFO - Processing file /home/nikita/airflow/dags/xcom_dag.py for tasks to queue
[2026-05-04T01:41:09.196+0300] {logging_mixin.py:190} INFO - [2026-05-04T01:41:09.196+0300] {dagbag.py:588} INFO - Filling up the DagBag from /home/nikita/airflow/dags/xcom_dag.py
[2026-05-04T01:41:09.212+0300] {processor.py:925} INFO - DAG(s) 'xcom_dag_dag_v01' retrieved from /home/nikita/airflow/dags/xcom_dag.py
[2026-05-04T01:41:09.242+0300] {logging_mixin.py:190} INFO - [2026-05-04T01:41:09.241+0300] {dag.py:3239} INFO - Sync 1 DAGs
[2026-05-04T01:41:09.263+0300] {logging_mixin.py:190} INFO - [2026-05-04T01:41:09.263+0300] {dag.py:4180} INFO - Setting next_dagrun for xcom_dag_dag_v01 to 2026-05-02 00:00:00+00:00, run_after=2026-05-03 00:00:00+00:00
[2026-05-04T01:41:09.286+0300] {processor.py:208} INFO - Processing /home/nikita/airflow/dags/xcom_dag.py took 0.101 seconds
[2026-05-04T01:41:40.759+0300] {processor.py:186} INFO - Started process (PID=22600) to work on /home/nikita/airflow/dags/xcom_dag.py
[2026-05-04T01:41:40.759+0300] {processor.py:914} INFO - Processing file /home/nikita/airflow/dags/xcom_dag.py for tasks to queue
[2026-05-04T01:41:40.761+0300] {logging_mixin.py:190} INFO - [2026-05-04T01:41:40.761+0300] {dagbag.py:588} INFO - Filling up the DagBag from /home/nikita/airflow/dags/xcom_dag.py
[2026-05-04T01:41:40.771+0300] {processor.py:925} INFO - DAG(s) 'xcom_dag_dag_v01' retrieved from /home/nikita/airflow/dags/xcom_dag.py
[2026-05-04T01:41:40.791+0300] {logging_mixin.py:190} INFO - [2026-05-04T01:41:40.791+0300] {dag.py:3239} INFO - Sync 1 DAGs
[2026-05-04T01:41:40.806+0300] {logging_mixin.py:190} INFO - [2026-05-04T01:41:40.806+0300] {dag.py:4180} INFO - Setting next_dagrun for xcom_dag_dag_v01 to 2026-05-02 00:00:00+00:00, run_after=2026-05-03 00:00:00+00:00
[2026-05-04T01:41:40.822+0300] {processor.py:208} INFO - Processing /home/nikita/airflow/dags/xcom_dag.py took 0.067 seconds
[2026-05-04T01:42:11.331+0300] {processor.py:186} INFO - Started process (PID=22688) to work on /home/nikita/airflow/dags/xcom_dag.py
[2026-05-04T01:42:11.332+0300] {processor.py:914} INFO - Processing file /home/nikita/airflow/dags/xcom_dag.py for tasks to queue
[2026-05-04T01:42:11.334+0300] {logging_mixin.py:190} INFO - [2026-05-04T01:42:11.333+0300] {dagbag.py:588} INFO - Filling up the DagBag from /home/nikita/airflow/dags/xcom_dag.py
[2026-05-04T01:42:11.344+0300] {processor.py:925} INFO - DAG(s) 'xcom_dag_dag_v01' retrieved from /home/nikita/airflow/dags/xcom_dag.py
[2026-05-04T01:42:11.365+0300] {logging_mixin.py:190} INFO - [2026-05-04T01:42:11.365+0300] {dag.py:3239} INFO - Sync 1 DAGs
[2026-05-04T01:42:11.384+0300] {logging_mixin.py:190} INFO - [2026-05-04T01:42:11.384+0300] {dag.py:4180} INFO - Setting next_dagrun for xcom_dag_dag_v01 to 2026-05-02 00:00:00+00:00, run_after=2026-05-03 00:00:00+00:00
[2026-05-04T01:42:11.403+0300] {processor.py:208} INFO - Processing /home/nikita/airflow/dags/xcom_dag.py took 0.076 seconds
[2026-05-04T01:42:42.913+0300] {processor.py:186} INFO - Started process (PID=22784) to work on /home/nikita/airflow/dags/xcom_dag.py
[2026-05-04T01:42:42.914+0300] {processor.py:914} INFO - Processing file /home/nikita/airflow/dags/xcom_dag.py for tasks to queue
[2026-05-04T01:42:42.915+0300] {logging_mixin.py:190} INFO - [2026-05-04T01:42:42.915+0300] {dagbag.py:588} INFO - Filling up the DagBag from /home/nikita/airflow/dags/xcom_dag.py
[2026-05-04T01:42:42.925+0300] {processor.py:925} INFO - DAG(s) 'xcom_dag_dag_v01' retrieved from /home/nikita/airflow/dags/xcom_dag.py
[2026-05-04T01:42:42.943+0300] {logging_mixin.py:190} INFO - [2026-05-04T01:42:42.943+0300] {dag.py:3239} INFO - Sync 1 DAGs
[2026-05-04T01:42:42.958+0300] {logging_mixin.py:190} INFO - [2026-05-04T01:42:42.957+0300] {dag.py:4180} INFO - Setting next_dagrun for xcom_dag_dag_v01 to 2026-05-02 00:00:00+00:00, run_after=2026-05-03 00:00:00+00:00
[2026-05-04T01:42:42.975+0300] {processor.py:208} INFO - Processing /home/nikita/airflow/dags/xcom_dag.py took 0.066 seconds
[2026-05-04T01:43:14.509+0300] {processor.py:186} INFO - Started process (PID=22878) to work on /home/nikita/airflow/dags/xcom_dag.py
[2026-05-04T01:43:14.518+0300] {processor.py:914} INFO - Processing file /home/nikita/airflow/dags/xcom_dag.py for tasks to queue
[2026-05-04T01:43:14.521+0300] {logging_mixin.py:190} INFO - [2026-05-04T01:43:14.520+0300] {dagbag.py:588} INFO - Filling up the DagBag from /home/nikita/airflow/dags/xcom_dag.py
[2026-05-04T01:43:14.533+0300] {processor.py:925} INFO - DAG(s) 'xcom_dag_dag_v01' retrieved from /home/nikita/airflow/dags/xcom_dag.py
[2026-05-04T01:43:14.558+0300] {logging_mixin.py:190} INFO - [2026-05-04T01:43:14.557+0300] {dag.py:3239} INFO - Sync 1 DAGs
[2026-05-04T01:43:14.577+0300] {logging_mixin.py:190} INFO - [2026-05-04T01:43:14.577+0300] {dag.py:4180} INFO - Setting next_dagrun for xcom_dag_dag_v01 to 2026-05-02 00:00:00+00:00, run_after=2026-05-03 00:00:00+00:00
[2026-05-04T01:43:14.596+0300] {processor.py:208} INFO - Processing /home/nikita/airflow/dags/xcom_dag.py took 0.092 seconds
[2026-05-04T01:43:46.089+0300] {processor.py:186} INFO - Started process (PID=22972) to work on /home/nikita/airflow/dags/xcom_dag.py
[2026-05-04T01:43:46.090+0300] {processor.py:914} INFO - Processing file /home/nikita/airflow/dags/xcom_dag.py for tasks to queue
[2026-05-04T01:43:46.092+0300] {logging_mixin.py:190} INFO - [2026-05-04T01:43:46.092+0300] {dagbag.py:588} INFO - Filling up the DagBag from /home/nikita/airflow/dags/xcom_dag.py
[2026-05-04T01:43:46.103+0300] {processor.py:925} INFO - DAG(s) 'xcom_dag_dag_v01' retrieved from /home/nikita/airflow/dags/xcom_dag.py
[2026-05-04T01:43:46.121+0300] {logging_mixin.py:190} INFO - [2026-05-04T01:43:46.121+0300] {dag.py:3239} INFO - Sync 1 DAGs
[2026-05-04T01:43:46.136+0300] {logging_mixin.py:190} INFO - [2026-05-04T01:43:46.136+0300] {dag.py:4180} INFO - Setting next_dagrun for xcom_dag_dag_v01 to 2026-05-02 00:00:00+00:00, run_after=2026-05-03 00:00:00+00:00
[2026-05-04T01:43:46.153+0300] {processor.py:208} INFO - Processing /home/nikita/airflow/dags/xcom_dag.py took 0.069 seconds
[2026-05-04T01:44:16.654+0300] {processor.py:186} INFO - Started process (PID=23060) to work on /home/nikita/airflow/dags/xcom_dag.py
[2026-05-04T01:44:16.655+0300] {processor.py:914} INFO - Processing file /home/nikita/airflow/dags/xcom_dag.py for tasks to queue
[2026-05-04T01:44:16.657+0300] {logging_mixin.py:190} INFO - [2026-05-04T01:44:16.657+0300] {dagbag.py:588} INFO - Filling up the DagBag from /home/nikita/airflow/dags/xcom_dag.py
[2026-05-04T01:44:16.668+0300] {processor.py:925} INFO - DAG(s) 'xcom_dag_dag_v01' retrieved from /home/nikita/airflow/dags/xcom_dag.py
[2026-05-04T01:44:16.687+0300] {logging_mixin.py:190} INFO - [2026-05-04T01:44:16.686+0300] {dag.py:3239} INFO - Sync 1 DAGs
[2026-05-04T01:44:16.702+0300] {logging_mixin.py:190} INFO - [2026-05-04T01:44:16.702+0300] {dag.py:4180} INFO - Setting next_dagrun for xcom_dag_dag_v01 to 2026-05-02 00:00:00+00:00, run_after=2026-05-03 00:00:00+00:00
[2026-05-04T01:44:16.719+0300] {processor.py:208} INFO - Processing /home/nikita/airflow/dags/xcom_dag.py took 0.070 seconds
[2026-05-04T01:44:48.236+0300] {processor.py:186} INFO - Started process (PID=23154) to work on /home/nikita/airflow/dags/xcom_dag.py
[2026-05-04T01:44:48.236+0300] {processor.py:914} INFO - Processing file /home/nikita/airflow/dags/xcom_dag.py for tasks to queue
[2026-05-04T01:44:48.238+0300] {logging_mixin.py:190} INFO - [2026-05-04T01:44:48.238+0300] {dagbag.py:588} INFO - Filling up the DagBag from /home/nikita/airflow/dags/xcom_dag.py
[2026-05-04T01:44:48.249+0300] {processor.py:925} INFO - DAG(s) 'xcom_dag_dag_v01' retrieved from /home/nikita/airflow/dags/xcom_dag.py
[2026-05-04T01:44:48.268+0300] {logging_mixin.py:190} INFO - [2026-05-04T01:44:48.268+0300] {dag.py:3239} INFO - Sync 1 DAGs
[2026-05-04T01:44:48.283+0300] {logging_mixin.py:190} INFO - [2026-05-04T01:44:48.283+0300] {dag.py:4180} INFO - Setting next_dagrun for xcom_dag_dag_v01 to 2026-05-02 00:00:00+00:00, run_after=2026-05-03 00:00:00+00:00
[2026-05-04T01:44:48.300+0300] {processor.py:208} INFO - Processing /home/nikita/airflow/dags/xcom_dag.py took 0.069 seconds
[2026-05-04T01:45:19.788+0300] {processor.py:186} INFO - Started process (PID=23248) to work on /home/nikita/airflow/dags/xcom_dag.py
[2026-05-04T01:45:19.789+0300] {processor.py:914} INFO - Processing file /home/nikita/airflow/dags/xcom_dag.py for tasks to queue
[2026-05-04T01:45:19.791+0300] {logging_mixin.py:190} INFO - [2026-05-04T01:45:19.790+0300] {dagbag.py:588} INFO - Filling up the DagBag from /home/nikita/airflow/dags/xcom_dag.py
[2026-05-04T01:45:19.802+0300] {processor.py:925} INFO - DAG(s) 'xcom_dag_dag_v01' retrieved from /home/nikita/airflow/dags/xcom_dag.py
[2026-05-04T01:45:19.821+0300] {logging_mixin.py:190} INFO - [2026-05-04T01:45:19.821+0300] {dag.py:3239} INFO - Sync 1 DAGs
[2026-05-04T01:45:19.837+0300] {logging_mixin.py:190} INFO - [2026-05-04T01:45:19.837+0300] {dag.py:4180} INFO - Setting next_dagrun for xcom_dag_dag_v01 to 2026-05-02 00:00:00+00:00, run_after=2026-05-03 00:00:00+00:00
[2026-05-04T01:45:19.854+0300] {processor.py:208} INFO - Processing /home/nikita/airflow/dags/xcom_dag.py took 0.070 seconds
[2026-05-04T01:45:50.350+0300] {processor.py:186} INFO - Started process (PID=23336) to work on /home/nikita/airflow/dags/xcom_dag.py
[2026-05-04T01:45:50.350+0300] {processor.py:914} INFO - Processing file /home/nikita/airflow/dags/xcom_dag.py for tasks to queue
[2026-05-04T01:45:50.352+0300] {logging_mixin.py:190} INFO - [2026-05-04T01:45:50.352+0300] {dagbag.py:588} INFO - Filling up the DagBag from /home/nikita/airflow/dags/xcom_dag.py
[2026-05-04T01:45:50.364+0300] {processor.py:925} INFO - DAG(s) 'xcom_dag_dag_v01' retrieved from /home/nikita/airflow/dags/xcom_dag.py
[2026-05-04T01:45:50.384+0300] {logging_mixin.py:190} INFO - [2026-05-04T01:45:50.383+0300] {dag.py:3239} INFO - Sync 1 DAGs
[2026-05-04T01:45:50.400+0300] {logging_mixin.py:190} INFO - [2026-05-04T01:45:50.400+0300] {dag.py:4180} INFO - Setting next_dagrun for xcom_dag_dag_v01 to 2026-05-02 00:00:00+00:00, run_after=2026-05-03 00:00:00+00:00
[2026-05-04T01:45:50.417+0300] {processor.py:208} INFO - Processing /home/nikita/airflow/dags/xcom_dag.py took 0.071 seconds
[2026-05-04T01:46:21.851+0300] {processor.py:186} INFO - Started process (PID=23430) to work on /home/nikita/airflow/dags/xcom_dag.py
[2026-05-04T01:46:21.862+0300] {processor.py:914} INFO - Processing file /home/nikita/airflow/dags/xcom_dag.py for tasks to queue
[2026-05-04T01:46:21.864+0300] {logging_mixin.py:190} INFO - [2026-05-04T01:46:21.863+0300] {dagbag.py:588} INFO - Filling up the DagBag from /home/nikita/airflow/dags/xcom_dag.py
[2026-05-04T01:46:21.877+0300] {processor.py:925} INFO - DAG(s) 'xcom_dag_dag_v01' retrieved from /home/nikita/airflow/dags/xcom_dag.py
[2026-05-04T01:46:21.897+0300] {logging_mixin.py:190} INFO - [2026-05-04T01:46:21.897+0300] {dag.py:3239} INFO - Sync 1 DAGs
[2026-05-04T01:46:21.915+0300] {logging_mixin.py:190} INFO - [2026-05-04T01:46:21.915+0300] {dag.py:4180} INFO - Setting next_dagrun for xcom_dag_dag_v01 to 2026-05-02 00:00:00+00:00, run_after=2026-05-03 00:00:00+00:00
[2026-05-04T01:46:21.932+0300] {processor.py:208} INFO - Processing /home/nikita/airflow/dags/xcom_dag.py took 0.086 seconds
[2026-05-04T01:46:53.354+0300] {processor.py:186} INFO - Started process (PID=23524) to work on /home/nikita/airflow/dags/xcom_dag.py
[2026-05-04T01:46:53.355+0300] {processor.py:914} INFO - Processing file /home/nikita/airflow/dags/xcom_dag.py for tasks to queue
[2026-05-04T01:46:53.357+0300] {logging_mixin.py:190} INFO - [2026-05-04T01:46:53.356+0300] {dagbag.py:588} INFO - Filling up the DagBag from /home/nikita/airflow/dags/xcom_dag.py
[2026-05-04T01:46:53.368+0300] {processor.py:925} INFO - DAG(s) 'xcom_dag_dag_v01' retrieved from /home/nikita/airflow/dags/xcom_dag.py
[2026-05-04T01:46:53.386+0300] {logging_mixin.py:190} INFO - [2026-05-04T01:46:53.385+0300] {dag.py:3239} INFO - Sync 1 DAGs
[2026-05-04T01:46:53.401+0300] {logging_mixin.py:190} INFO - [2026-05-04T01:46:53.401+0300] {dag.py:4180} INFO - Setting next_dagrun for xcom_dag_dag_v01 to 2026-05-02 00:00:00+00:00, run_after=2026-05-03 00:00:00+00:00
[2026-05-04T01:46:53.532+0300] {processor.py:208} INFO - Processing /home/nikita/airflow/dags/xcom_dag.py took 0.182 seconds
[2026-05-04T01:47:24.905+0300] {processor.py:186} INFO - Started process (PID=23612) to work on /home/nikita/airflow/dags/xcom_dag.py
[2026-05-04T01:47:24.915+0300] {processor.py:914} INFO - Processing file /home/nikita/airflow/dags/xcom_dag.py for tasks to queue
[2026-05-04T01:47:24.917+0300] {logging_mixin.py:190} INFO - [2026-05-04T01:47:24.916+0300] {dagbag.py:588} INFO - Filling up the DagBag from /home/nikita/airflow/dags/xcom_dag.py
[2026-05-04T01:47:24.927+0300] {processor.py:925} INFO - DAG(s) 'xcom_dag_dag_v01' retrieved from /home/nikita/airflow/dags/xcom_dag.py
[2026-05-04T01:47:24.947+0300] {logging_mixin.py:190} INFO - [2026-05-04T01:47:24.947+0300] {dag.py:3239} INFO - Sync 1 DAGs
[2026-05-04T01:47:25.085+0300] {logging_mixin.py:190} INFO - [2026-05-04T01:47:25.085+0300] {dag.py:4180} INFO - Setting next_dagrun for xcom_dag_dag_v01 to 2026-05-02 00:00:00+00:00, run_after=2026-05-03 00:00:00+00:00
[2026-05-04T01:47:25.101+0300] {processor.py:208} INFO - Processing /home/nikita/airflow/dags/xcom_dag.py took 0.200 seconds
[2026-05-04T01:47:56.383+0300] {processor.py:186} INFO - Started process (PID=23709) to work on /home/nikita/airflow/dags/xcom_dag.py
[2026-05-04T01:47:56.384+0300] {processor.py:914} INFO - Processing file /home/nikita/airflow/dags/xcom_dag.py for tasks to queue
[2026-05-04T01:47:56.387+0300] {logging_mixin.py:190} INFO - [2026-05-04T01:47:56.387+0300] {dagbag.py:588} INFO - Filling up the DagBag from /home/nikita/airflow/dags/xcom_dag.py
[2026-05-04T01:47:56.398+0300] {processor.py:925} INFO - DAG(s) 'xcom_dag_dag_v01' retrieved from /home/nikita/airflow/dags/xcom_dag.py
[2026-05-04T01:47:56.417+0300] {logging_mixin.py:190} INFO - [2026-05-04T01:47:56.417+0300] {dag.py:3239} INFO - Sync 1 DAGs
[2026-05-04T01:47:56.536+0300] {logging_mixin.py:190} INFO - [2026-05-04T01:47:56.536+0300] {dag.py:4180} INFO - Setting next_dagrun for xcom_dag_dag_v01 to 2026-05-02 00:00:00+00:00, run_after=2026-05-03 00:00:00+00:00
[2026-05-04T01:47:56.553+0300] {processor.py:208} INFO - Processing /home/nikita/airflow/dags/xcom_dag.py took 0.175 seconds
[2026-05-04T01:48:26.801+0300] {processor.py:186} INFO - Started process (PID=23799) to work on /home/nikita/airflow/dags/xcom_dag.py
[2026-05-04T01:48:26.803+0300] {processor.py:914} INFO - Processing file /home/nikita/airflow/dags/xcom_dag.py for tasks to queue
[2026-05-04T01:48:26.805+0300] {logging_mixin.py:190} INFO - [2026-05-04T01:48:26.805+0300] {dagbag.py:588} INFO - Filling up the DagBag from /home/nikita/airflow/dags/xcom_dag.py
[2026-05-04T01:48:26.816+0300] {processor.py:925} INFO - DAG(s) 'xcom_dag_dag_v01' retrieved from /home/nikita/airflow/dags/xcom_dag.py
[2026-05-04T01:48:26.937+0300] {logging_mixin.py:190} INFO - [2026-05-04T01:48:26.937+0300] {dag.py:3239} INFO - Sync 1 DAGs
[2026-05-04T01:48:26.950+0300] {logging_mixin.py:190} INFO - [2026-05-04T01:48:26.950+0300] {dag.py:4180} INFO - Setting next_dagrun for xcom_dag_dag_v01 to 2026-05-02 00:00:00+00:00, run_after=2026-05-03 00:00:00+00:00
[2026-05-04T01:48:26.964+0300] {processor.py:208} INFO - Processing /home/nikita/airflow/dags/xcom_dag.py took 0.168 seconds
[2026-05-04T01:48:58.597+0300] {processor.py:186} INFO - Started process (PID=23899) to work on /home/nikita/airflow/dags/xcom_dag.py
[2026-05-04T01:48:58.598+0300] {processor.py:914} INFO - Processing file /home/nikita/airflow/dags/xcom_dag.py for tasks to queue
[2026-05-04T01:48:58.600+0300] {logging_mixin.py:190} INFO - [2026-05-04T01:48:58.600+0300] {dagbag.py:588} INFO - Filling up the DagBag from /home/nikita/airflow/dags/xcom_dag.py
[2026-05-04T01:48:58.612+0300] {processor.py:925} INFO - DAG(s) 'xcom_dag_dag_v01' retrieved from /home/nikita/airflow/dags/xcom_dag.py
[2026-05-04T01:48:58.632+0300] {logging_mixin.py:190} INFO - [2026-05-04T01:48:58.632+0300] {dag.py:3239} INFO - Sync 1 DAGs
[2026-05-04T01:48:58.648+0300] {logging_mixin.py:190} INFO - [2026-05-04T01:48:58.648+0300] {dag.py:4180} INFO - Setting next_dagrun for xcom_dag_dag_v01 to 2026-05-02 00:00:00+00:00, run_after=2026-05-03 00:00:00+00:00
[2026-05-04T01:48:58.665+0300] {processor.py:208} INFO - Processing /home/nikita/airflow/dags/xcom_dag.py took 0.073 seconds
[2026-05-04T01:49:30.210+0300] {processor.py:186} INFO - Started process (PID=23993) to work on /home/nikita/airflow/dags/xcom_dag.py
[2026-05-04T01:49:30.212+0300] {processor.py:914} INFO - Processing file /home/nikita/airflow/dags/xcom_dag.py for tasks to queue
[2026-05-04T01:49:30.214+0300] {logging_mixin.py:190} INFO - [2026-05-04T01:49:30.214+0300] {dagbag.py:588} INFO - Filling up the DagBag from /home/nikita/airflow/dags/xcom_dag.py
[2026-05-04T01:49:30.225+0300] {processor.py:925} INFO - DAG(s) 'xcom_dag_dag_v01' retrieved from /home/nikita/airflow/dags/xcom_dag.py
[2026-05-04T01:49:30.244+0300] {logging_mixin.py:190} INFO - [2026-05-04T01:49:30.244+0300] {dag.py:3239} INFO - Sync 1 DAGs
[2026-05-04T01:49:30.261+0300] {logging_mixin.py:190} INFO - [2026-05-04T01:49:30.261+0300] {dag.py:4180} INFO - Setting next_dagrun for xcom_dag_dag_v01 to 2026-05-02 00:00:00+00:00, run_after=2026-05-03 00:00:00+00:00
[2026-05-04T01:49:30.279+0300] {processor.py:208} INFO - Processing /home/nikita/airflow/dags/xcom_dag.py took 0.075 seconds
[2026-05-04T01:50:01.594+0300] {processor.py:186} INFO - Started process (PID=24087) to work on /home/nikita/airflow/dags/xcom_dag.py
[2026-05-04T01:50:01.596+0300] {processor.py:914} INFO - Processing file /home/nikita/airflow/dags/xcom_dag.py for tasks to queue
[2026-05-04T01:50:01.598+0300] {logging_mixin.py:190} INFO - [2026-05-04T01:50:01.598+0300] {dagbag.py:588} INFO - Filling up the DagBag from /home/nikita/airflow/dags/xcom_dag.py
[2026-05-04T01:50:01.609+0300] {processor.py:925} INFO - DAG(s) 'xcom_dag_dag_v01' retrieved from /home/nikita/airflow/dags/xcom_dag.py
[2026-05-04T01:50:01.629+0300] {logging_mixin.py:190} INFO - [2026-05-04T01:50:01.629+0300] {dag.py:3239} INFO - Sync 1 DAGs
[2026-05-04T01:50:01.646+0300] {logging_mixin.py:190} INFO - [2026-05-04T01:50:01.645+0300] {dag.py:4180} INFO - Setting next_dagrun for xcom_dag_dag_v01 to 2026-05-02 00:00:00+00:00, run_after=2026-05-03 00:00:00+00:00
[2026-05-04T01:50:01.662+0300] {processor.py:208} INFO - Processing /home/nikita/airflow/dags/xcom_dag.py took 0.073 seconds
[2026-05-04T01:50:32.959+0300] {processor.py:186} INFO - Started process (PID=24182) to work on /home/nikita/airflow/dags/xcom_dag.py
[2026-05-04T01:50:32.969+0300] {processor.py:914} INFO - Processing file /home/nikita/airflow/dags/xcom_dag.py for tasks to queue
[2026-05-04T01:50:32.971+0300] {logging_mixin.py:190} INFO - [2026-05-04T01:50:32.970+0300] {dagbag.py:588} INFO - Filling up the DagBag from /home/nikita/airflow/dags/xcom_dag.py
[2026-05-04T01:50:32.982+0300] {processor.py:925} INFO - DAG(s) 'xcom_dag_dag_v01' retrieved from /home/nikita/airflow/dags/xcom_dag.py
[2026-05-04T01:50:33.003+0300] {logging_mixin.py:190} INFO - [2026-05-04T01:50:33.003+0300] {dag.py:3239} INFO - Sync 1 DAGs
[2026-05-04T01:50:33.020+0300] {logging_mixin.py:190} INFO - [2026-05-04T01:50:33.020+0300] {dag.py:4180} INFO - Setting next_dagrun for xcom_dag_dag_v01 to 2026-05-02 00:00:00+00:00, run_after=2026-05-03 00:00:00+00:00
[2026-05-04T01:50:33.035+0300] {processor.py:208} INFO - Processing /home/nikita/airflow/dags/xcom_dag.py took 0.081 seconds
[2026-05-04T01:51:03.292+0300] {processor.py:186} INFO - Started process (PID=24270) to work on /home/nikita/airflow/dags/xcom_dag.py
[2026-05-04T01:51:03.293+0300] {processor.py:914} INFO - Processing file /home/nikita/airflow/dags/xcom_dag.py for tasks to queue
[2026-05-04T01:51:03.295+0300] {logging_mixin.py:190} INFO - [2026-05-04T01:51:03.295+0300] {dagbag.py:588} INFO - Filling up the DagBag from /home/nikita/airflow/dags/xcom_dag.py
[2026-05-04T01:51:03.304+0300] {processor.py:925} INFO - DAG(s) 'xcom_dag_dag_v01' retrieved from /home/nikita/airflow/dags/xcom_dag.py
[2026-05-04T01:51:03.322+0300] {logging_mixin.py:190} INFO - [2026-05-04T01:51:03.322+0300] {dag.py:3239} INFO - Sync 1 DAGs
[2026-05-04T01:51:03.337+0300] {logging_mixin.py:190} INFO - [2026-05-04T01:51:03.337+0300] {dag.py:4180} INFO - Setting next_dagrun for xcom_dag_dag_v01 to 2026-05-02 00:00:00+00:00, run_after=2026-05-03 00:00:00+00:00
[2026-05-04T01:51:03.355+0300] {processor.py:208} INFO - Processing /home/nikita/airflow/dags/xcom_dag.py took 0.068 seconds
[2026-05-04T01:51:34.720+0300] {processor.py:186} INFO - Started process (PID=24369) to work on /home/nikita/airflow/dags/xcom_dag.py
[2026-05-04T01:51:34.721+0300] {processor.py:914} INFO - Processing file /home/nikita/airflow/dags/xcom_dag.py for tasks to queue
[2026-05-04T01:51:34.723+0300] {logging_mixin.py:190} INFO - [2026-05-04T01:51:34.722+0300] {dagbag.py:588} INFO - Filling up the DagBag from /home/nikita/airflow/dags/xcom_dag.py
[2026-05-04T01:51:34.733+0300] {processor.py:925} INFO - DAG(s) 'xcom_dag_dag_v01' retrieved from /home/nikita/airflow/dags/xcom_dag.py
[2026-05-04T01:51:34.754+0300] {logging_mixin.py:190} INFO - [2026-05-04T01:51:34.753+0300] {dag.py:3239} INFO - Sync 1 DAGs
[2026-05-04T01:51:34.772+0300] {logging_mixin.py:190} INFO - [2026-05-04T01:51:34.771+0300] {dag.py:4180} INFO - Setting next_dagrun for xcom_dag_dag_v01 to 2026-05-02 00:00:00+00:00, run_after=2026-05-03 00:00:00+00:00
[2026-05-04T01:51:34.790+0300] {processor.py:208} INFO - Processing /home/nikita/airflow/dags/xcom_dag.py took 0.074 seconds
[2026-05-04T01:52:06.371+0300] {processor.py:186} INFO - Started process (PID=24460) to work on /home/nikita/airflow/dags/xcom_dag.py
[2026-05-04T01:52:06.380+0300] {processor.py:914} INFO - Processing file /home/nikita/airflow/dags/xcom_dag.py for tasks to queue
[2026-05-04T01:52:06.383+0300] {logging_mixin.py:190} INFO - [2026-05-04T01:52:06.382+0300] {dagbag.py:588} INFO - Filling up the DagBag from /home/nikita/airflow/dags/xcom_dag.py
[2026-05-04T01:52:06.394+0300] {processor.py:925} INFO - DAG(s) 'xcom_dag_dag_v01' retrieved from /home/nikita/airflow/dags/xcom_dag.py
[2026-05-04T01:52:06.413+0300] {logging_mixin.py:190} INFO - [2026-05-04T01:52:06.413+0300] {dag.py:3239} INFO - Sync 1 DAGs
[2026-05-04T01:52:06.429+0300] {logging_mixin.py:190} INFO - [2026-05-04T01:52:06.429+0300] {dag.py:4180} INFO - Setting next_dagrun for xcom_dag_dag_v01 to 2026-05-02 00:00:00+00:00, run_after=2026-05-03 00:00:00+00:00
[2026-05-04T01:52:06.447+0300] {processor.py:208} INFO - Processing /home/nikita/airflow/dags/xcom_dag.py took 0.081 seconds
