[2026-05-04T00:45:31.875+0300] {processor.py:186} INFO - Started process (PID=5931) to work on /home/nikita/airflow-setup/ENV/lib/python3.12/site-packages/airflow/example_dags/plugins/event_listener.py
[2026-05-04T00:45:31.876+0300] {processor.py:914} INFO - Processing file /home/nikita/airflow-setup/ENV/lib/python3.12/site-packages/airflow/example_dags/plugins/event_listener.py for tasks to queue
[2026-05-04T00:45:31.877+0300] {logging_mixin.py:190} INFO - [2026-05-04T00:45:31.877+0300] {dagbag.py:588} INFO - Filling up the DagBag from /home/nikita/airflow-setup/ENV/lib/python3.12/site-packages/airflow/example_dags/plugins/event_listener.py
[2026-05-04T00:45:31.879+0300] {processor.py:927} WARNING - No viable dags retrieved from /home/nikita/airflow-setup/ENV/lib/python3.12/site-packages/airflow/example_dags/plugins/event_listener.py
[2026-05-04T00:45:31.887+0300] {processor.py:208} INFO - Processing /home/nikita/airflow-setup/ENV/lib/python3.12/site-packages/airflow/example_dags/plugins/event_listener.py took 0.016 seconds
[2026-05-04T00:46:35.917+0300] {processor.py:186} INFO - Started process (PID=5992) to work on /home/nikita/airflow-setup/ENV/lib/python3.12/site-packages/airflow/example_dags/plugins/event_listener.py
[2026-05-04T00:46:35.928+0300] {processor.py:914} INFO - Processing file /home/nikita/airflow-setup/ENV/lib/python3.12/site-packages/airflow/example_dags/plugins/event_listener.py for tasks to queue
[2026-05-04T00:46:35.931+0300] {logging_mixin.py:190} INFO - [2026-05-04T00:46:35.930+0300] {dagbag.py:588} INFO - Filling up the DagBag from /home/nikita/airflow-setup/ENV/lib/python3.12/site-packages/airflow/example_dags/plugins/event_listener.py
[2026-05-04T00:46:35.933+0300] {processor.py:927} WARNING - No viable dags retrieved from /home/nikita/airflow-setup/ENV/lib/python3.12/site-packages/airflow/example_dags/plugins/event_listener.py
[2026-05-04T00:46:35.942+0300] {processor.py:208} INFO - Processing /home/nikita/airflow-setup/ENV/lib/python3.12/site-packages/airflow/example_dags/plugins/event_listener.py took 0.034 seconds
[2026-05-04T00:47:10.743+0300] {processor.py:186} INFO - Started process (PID=6023) to work on /home/nikita/airflow-setup/ENV/lib/python3.12/site-packages/airflow/example_dags/plugins/event_listener.py
[2026-05-04T00:47:10.745+0300] {processor.py:914} INFO - Processing file /home/nikita/airflow-setup/ENV/lib/python3.12/site-packages/airflow/example_dags/plugins/event_listener.py for tasks to queue
[2026-05-04T00:47:10.747+0300] {logging_mixin.py:190} INFO - [2026-05-04T00:47:10.746+0300] {dagbag.py:588} INFO - Filling up the DagBag from /home/nikita/airflow-setup/ENV/lib/python3.12/site-packages/airflow/example_dags/plugins/event_listener.py
[2026-05-04T00:47:10.748+0300] {processor.py:927} WARNING - No viable dags retrieved from /home/nikita/airflow-setup/ENV/lib/python3.12/site-packages/airflow/example_dags/plugins/event_listener.py
[2026-05-04T00:47:10.755+0300] {processor.py:208} INFO - Processing /home/nikita/airflow-setup/ENV/lib/python3.12/site-packages/airflow/example_dags/plugins/event_listener.py took 0.016 seconds
[2026-05-04T00:48:09.869+0300] {processor.py:186} INFO - Started process (PID=6097) to work on /home/nikita/airflow-setup/ENV/lib/python3.12/site-packages/airflow/example_dags/plugins/event_listener.py
[2026-05-04T00:48:09.879+0300] {processor.py:914} INFO - Processing file /home/nikita/airflow-setup/ENV/lib/python3.12/site-packages/airflow/example_dags/plugins/event_listener.py for tasks to queue
[2026-05-04T00:48:09.881+0300] {logging_mixin.py:190} INFO - [2026-05-04T00:48:09.880+0300] {dagbag.py:588} INFO - Filling up the DagBag from /home/nikita/airflow-setup/ENV/lib/python3.12/site-packages/airflow/example_dags/plugins/event_listener.py
[2026-05-04T00:48:09.882+0300] {processor.py:927} WARNING - No viable dags retrieved from /home/nikita/airflow-setup/ENV/lib/python3.12/site-packages/airflow/example_dags/plugins/event_listener.py
[2026-05-04T00:48:09.889+0300] {processor.py:208} INFO - Processing /home/nikita/airflow-setup/ENV/lib/python3.12/site-packages/airflow/example_dags/plugins/event_listener.py took 0.024 seconds
[2026-05-04T00:48:41.477+0300] {processor.py:186} INFO - Started process (PID=6127) to work on /home/nikita/airflow-setup/ENV/lib/python3.12/site-packages/airflow/example_dags/plugins/event_listener.py
[2026-05-04T00:48:41.486+0300] {processor.py:914} INFO - Processing file /home/nikita/airflow-setup/ENV/lib/python3.12/site-packages/airflow/example_dags/plugins/event_listener.py for tasks to queue
[2026-05-04T00:48:41.491+0300] {logging_mixin.py:190} INFO - [2026-05-04T00:48:41.490+0300] {dagbag.py:588} INFO - Filling up the DagBag from /home/nikita/airflow-setup/ENV/lib/python3.12/site-packages/airflow/example_dags/plugins/event_listener.py
[2026-05-04T00:48:41.496+0300] {processor.py:927} WARNING - No viable dags retrieved from /home/nikita/airflow-setup/ENV/lib/python3.12/site-packages/airflow/example_dags/plugins/event_listener.py
[2026-05-04T00:48:41.507+0300] {processor.py:208} INFO - Processing /home/nikita/airflow-setup/ENV/lib/python3.12/site-packages/airflow/example_dags/plugins/event_listener.py took 0.040 seconds
[2026-05-04T00:49:39.626+0300] {processor.py:186} INFO - Started process (PID=6184) to work on /home/nikita/airflow-setup/ENV/lib/python3.12/site-packages/airflow/example_dags/plugins/event_listener.py
[2026-05-04T00:49:39.628+0300] {processor.py:914} INFO - Processing file /home/nikita/airflow-setup/ENV/lib/python3.12/site-packages/airflow/example_dags/plugins/event_listener.py for tasks to queue
[2026-05-04T00:49:39.629+0300] {logging_mixin.py:190} INFO - [2026-05-04T00:49:39.629+0300] {dagbag.py:588} INFO - Filling up the DagBag from /home/nikita/airflow-setup/ENV/lib/python3.12/site-packages/airflow/example_dags/plugins/event_listener.py
[2026-05-04T00:49:39.631+0300] {processor.py:927} WARNING - No viable dags retrieved from /home/nikita/airflow-setup/ENV/lib/python3.12/site-packages/airflow/example_dags/plugins/event_listener.py
[2026-05-04T00:49:39.638+0300] {processor.py:208} INFO - Processing /home/nikita/airflow-setup/ENV/lib/python3.12/site-packages/airflow/example_dags/plugins/event_listener.py took 0.016 seconds
[2026-05-04T00:50:32.689+0300] {processor.py:186} INFO - Started process (PID=6257) to work on /home/nikita/airflow-setup/ENV/lib/python3.12/site-packages/airflow/example_dags/plugins/event_listener.py
[2026-05-04T00:50:32.699+0300] {processor.py:914} INFO - Processing file /home/nikita/airflow-setup/ENV/lib/python3.12/site-packages/airflow/example_dags/plugins/event_listener.py for tasks to queue
[2026-05-04T00:50:32.700+0300] {logging_mixin.py:190} INFO - [2026-05-04T00:50:32.700+0300] {dagbag.py:588} INFO - Filling up the DagBag from /home/nikita/airflow-setup/ENV/lib/python3.12/site-packages/airflow/example_dags/plugins/event_listener.py
[2026-05-04T00:50:32.702+0300] {processor.py:927} WARNING - No viable dags retrieved from /home/nikita/airflow-setup/ENV/lib/python3.12/site-packages/airflow/example_dags/plugins/event_listener.py
[2026-05-04T00:50:32.709+0300] {processor.py:208} INFO - Processing /home/nikita/airflow-setup/ENV/lib/python3.12/site-packages/airflow/example_dags/plugins/event_listener.py took 0.024 seconds
[2026-05-04T00:51:27.891+0300] {processor.py:186} INFO - Started process (PID=6316) to work on /home/nikita/airflow-setup/ENV/lib/python3.12/site-packages/airflow/example_dags/plugins/event_listener.py
[2026-05-04T00:51:27.900+0300] {processor.py:914} INFO - Processing file /home/nikita/airflow-setup/ENV/lib/python3.12/site-packages/airflow/example_dags/plugins/event_listener.py for tasks to queue
[2026-05-04T00:51:27.902+0300] {logging_mixin.py:190} INFO - [2026-05-04T00:51:27.902+0300] {dagbag.py:588} INFO - Filling up the DagBag from /home/nikita/airflow-setup/ENV/lib/python3.12/site-packages/airflow/example_dags/plugins/event_listener.py
[2026-05-04T00:51:27.904+0300] {processor.py:927} WARNING - No viable dags retrieved from /home/nikita/airflow-setup/ENV/lib/python3.12/site-packages/airflow/example_dags/plugins/event_listener.py
[2026-05-04T00:51:27.914+0300] {processor.py:208} INFO - Processing /home/nikita/airflow-setup/ENV/lib/python3.12/site-packages/airflow/example_dags/plugins/event_listener.py took 0.030 seconds
[2026-05-04T00:52:26.984+0300] {processor.py:186} INFO - Started process (PID=6373) to work on /home/nikita/airflow-setup/ENV/lib/python3.12/site-packages/airflow/example_dags/plugins/event_listener.py
[2026-05-04T00:52:26.992+0300] {processor.py:914} INFO - Processing file /home/nikita/airflow-setup/ENV/lib/python3.12/site-packages/airflow/example_dags/plugins/event_listener.py for tasks to queue
[2026-05-04T00:52:26.994+0300] {logging_mixin.py:190} INFO - [2026-05-04T00:52:26.993+0300] {dagbag.py:588} INFO - Filling up the DagBag from /home/nikita/airflow-setup/ENV/lib/python3.12/site-packages/airflow/example_dags/plugins/event_listener.py
[2026-05-04T00:52:26.995+0300] {processor.py:927} WARNING - No viable dags retrieved from /home/nikita/airflow-setup/ENV/lib/python3.12/site-packages/airflow/example_dags/plugins/event_listener.py
[2026-05-04T00:52:27.003+0300] {processor.py:208} INFO - Processing /home/nikita/airflow-setup/ENV/lib/python3.12/site-packages/airflow/example_dags/plugins/event_listener.py took 0.024 seconds
[2026-05-04T00:52:59.098+0300] {processor.py:186} INFO - Started process (PID=6421) to work on /home/nikita/airflow-setup/ENV/lib/python3.12/site-packages/airflow/example_dags/plugins/event_listener.py
[2026-05-04T00:52:59.099+0300] {processor.py:914} INFO - Processing file /home/nikita/airflow-setup/ENV/lib/python3.12/site-packages/airflow/example_dags/plugins/event_listener.py for tasks to queue
[2026-05-04T00:52:59.102+0300] {logging_mixin.py:190} INFO - [2026-05-04T00:52:59.102+0300] {dagbag.py:588} INFO - Filling up the DagBag from /home/nikita/airflow-setup/ENV/lib/python3.12/site-packages/airflow/example_dags/plugins/event_listener.py
[2026-05-04T00:52:59.104+0300] {processor.py:927} WARNING - No viable dags retrieved from /home/nikita/airflow-setup/ENV/lib/python3.12/site-packages/airflow/example_dags/plugins/event_listener.py
[2026-05-04T00:52:59.115+0300] {processor.py:208} INFO - Processing /home/nikita/airflow-setup/ENV/lib/python3.12/site-packages/airflow/example_dags/plugins/event_listener.py took 0.020 seconds
[2026-05-04T00:53:31.321+0300] {processor.py:186} INFO - Started process (PID=6453) to work on /home/nikita/airflow-setup/ENV/lib/python3.12/site-packages/airflow/example_dags/plugins/event_listener.py
[2026-05-04T00:53:31.322+0300] {processor.py:914} INFO - Processing file /home/nikita/airflow-setup/ENV/lib/python3.12/site-packages/airflow/example_dags/plugins/event_listener.py for tasks to queue
[2026-05-04T00:53:31.323+0300] {logging_mixin.py:190} INFO - [2026-05-04T00:53:31.323+0300] {dagbag.py:588} INFO - Filling up the DagBag from /home/nikita/airflow-setup/ENV/lib/python3.12/site-packages/airflow/example_dags/plugins/event_listener.py
[2026-05-04T00:53:31.325+0300] {processor.py:927} WARNING - No viable dags retrieved from /home/nikita/airflow-setup/ENV/lib/python3.12/site-packages/airflow/example_dags/plugins/event_listener.py
[2026-05-04T00:53:31.333+0300] {processor.py:208} INFO - Processing /home/nikita/airflow-setup/ENV/lib/python3.12/site-packages/airflow/example_dags/plugins/event_listener.py took 0.016 seconds
[2026-05-04T00:54:30.690+0300] {processor.py:186} INFO - Started process (PID=6510) to work on /home/nikita/airflow-setup/ENV/lib/python3.12/site-packages/airflow/example_dags/plugins/event_listener.py
[2026-05-04T00:54:30.692+0300] {processor.py:914} INFO - Processing file /home/nikita/airflow-setup/ENV/lib/python3.12/site-packages/airflow/example_dags/plugins/event_listener.py for tasks to queue
[2026-05-04T00:54:30.694+0300] {logging_mixin.py:190} INFO - [2026-05-04T00:54:30.693+0300] {dagbag.py:588} INFO - Filling up the DagBag from /home/nikita/airflow-setup/ENV/lib/python3.12/site-packages/airflow/example_dags/plugins/event_listener.py
[2026-05-04T00:54:30.696+0300] {processor.py:927} WARNING - No viable dags retrieved from /home/nikita/airflow-setup/ENV/lib/python3.12/site-packages/airflow/example_dags/plugins/event_listener.py
[2026-05-04T00:54:30.705+0300] {processor.py:208} INFO - Processing /home/nikita/airflow-setup/ENV/lib/python3.12/site-packages/airflow/example_dags/plugins/event_listener.py took 0.021 seconds
[2026-05-04T00:55:03.306+0300] {processor.py:186} INFO - Started process (PID=6549) to work on /home/nikita/airflow-setup/ENV/lib/python3.12/site-packages/airflow/example_dags/plugins/event_listener.py
[2026-05-04T00:55:03.307+0300] {processor.py:914} INFO - Processing file /home/nikita/airflow-setup/ENV/lib/python3.12/site-packages/airflow/example_dags/plugins/event_listener.py for tasks to queue
[2026-05-04T00:55:03.309+0300] {logging_mixin.py:190} INFO - [2026-05-04T00:55:03.309+0300] {dagbag.py:588} INFO - Filling up the DagBag from /home/nikita/airflow-setup/ENV/lib/python3.12/site-packages/airflow/example_dags/plugins/event_listener.py
[2026-05-04T00:55:03.311+0300] {processor.py:927} WARNING - No viable dags retrieved from /home/nikita/airflow-setup/ENV/lib/python3.12/site-packages/airflow/example_dags/plugins/event_listener.py
[2026-05-04T00:55:03.319+0300] {processor.py:208} INFO - Processing /home/nikita/airflow-setup/ENV/lib/python3.12/site-packages/airflow/example_dags/plugins/event_listener.py took 0.018 seconds
[2026-05-04T00:55:34.831+0300] {processor.py:186} INFO - Started process (PID=6579) to work on /home/nikita/airflow-setup/ENV/lib/python3.12/site-packages/airflow/example_dags/plugins/event_listener.py
[2026-05-04T00:55:34.840+0300] {processor.py:914} INFO - Processing file /home/nikita/airflow-setup/ENV/lib/python3.12/site-packages/airflow/example_dags/plugins/event_listener.py for tasks to queue
[2026-05-04T00:55:34.842+0300] {logging_mixin.py:190} INFO - [2026-05-04T00:55:34.842+0300] {dagbag.py:588} INFO - Filling up the DagBag from /home/nikita/airflow-setup/ENV/lib/python3.12/site-packages/airflow/example_dags/plugins/event_listener.py
[2026-05-04T00:55:34.844+0300] {processor.py:927} WARNING - No viable dags retrieved from /home/nikita/airflow-setup/ENV/lib/python3.12/site-packages/airflow/example_dags/plugins/event_listener.py
[2026-05-04T00:55:34.853+0300] {processor.py:208} INFO - Processing /home/nikita/airflow-setup/ENV/lib/python3.12/site-packages/airflow/example_dags/plugins/event_listener.py took 0.026 seconds
[2026-05-04T00:56:33.014+0300] {processor.py:186} INFO - Started process (PID=6637) to work on /home/nikita/airflow-setup/ENV/lib/python3.12/site-packages/airflow/example_dags/plugins/event_listener.py
[2026-05-04T00:56:33.016+0300] {processor.py:914} INFO - Processing file /home/nikita/airflow-setup/ENV/lib/python3.12/site-packages/airflow/example_dags/plugins/event_listener.py for tasks to queue
[2026-05-04T00:56:33.018+0300] {logging_mixin.py:190} INFO - [2026-05-04T00:56:33.018+0300] {dagbag.py:588} INFO - Filling up the DagBag from /home/nikita/airflow-setup/ENV/lib/python3.12/site-packages/airflow/example_dags/plugins/event_listener.py
[2026-05-04T00:56:33.021+0300] {processor.py:927} WARNING - No viable dags retrieved from /home/nikita/airflow-setup/ENV/lib/python3.12/site-packages/airflow/example_dags/plugins/event_listener.py
[2026-05-04T00:56:33.030+0300] {processor.py:208} INFO - Processing /home/nikita/airflow-setup/ENV/lib/python3.12/site-packages/airflow/example_dags/plugins/event_listener.py took 0.020 seconds
[2026-05-04T00:57:34.472+0300] {processor.py:186} INFO - Started process (PID=7085) to work on /home/nikita/airflow-setup/ENV/lib/python3.12/site-packages/airflow/example_dags/plugins/event_listener.py
[2026-05-04T00:57:34.482+0300] {processor.py:914} INFO - Processing file /home/nikita/airflow-setup/ENV/lib/python3.12/site-packages/airflow/example_dags/plugins/event_listener.py for tasks to queue
[2026-05-04T00:57:34.484+0300] {logging_mixin.py:190} INFO - [2026-05-04T00:57:34.484+0300] {dagbag.py:588} INFO - Filling up the DagBag from /home/nikita/airflow-setup/ENV/lib/python3.12/site-packages/airflow/example_dags/plugins/event_listener.py
[2026-05-04T00:57:34.486+0300] {processor.py:927} WARNING - No viable dags retrieved from /home/nikita/airflow-setup/ENV/lib/python3.12/site-packages/airflow/example_dags/plugins/event_listener.py
[2026-05-04T00:57:34.495+0300] {processor.py:208} INFO - Processing /home/nikita/airflow-setup/ENV/lib/python3.12/site-packages/airflow/example_dags/plugins/event_listener.py took 0.028 seconds
[2026-05-04T00:58:31.469+0300] {processor.py:186} INFO - Started process (PID=7305) to work on /home/nikita/airflow-setup/ENV/lib/python3.12/site-packages/airflow/example_dags/plugins/event_listener.py
[2026-05-04T00:58:31.471+0300] {processor.py:914} INFO - Processing file /home/nikita/airflow-setup/ENV/lib/python3.12/site-packages/airflow/example_dags/plugins/event_listener.py for tasks to queue
[2026-05-04T00:58:31.473+0300] {logging_mixin.py:190} INFO - [2026-05-04T00:58:31.472+0300] {dagbag.py:588} INFO - Filling up the DagBag from /home/nikita/airflow-setup/ENV/lib/python3.12/site-packages/airflow/example_dags/plugins/event_listener.py
[2026-05-04T00:58:31.475+0300] {processor.py:927} WARNING - No viable dags retrieved from /home/nikita/airflow-setup/ENV/lib/python3.12/site-packages/airflow/example_dags/plugins/event_listener.py
[2026-05-04T00:58:31.484+0300] {processor.py:208} INFO - Processing /home/nikita/airflow-setup/ENV/lib/python3.12/site-packages/airflow/example_dags/plugins/event_listener.py took 0.020 seconds
[2026-05-04T00:59:32.149+0300] {processor.py:186} INFO - Started process (PID=7594) to work on /home/nikita/airflow-setup/ENV/lib/python3.12/site-packages/airflow/example_dags/plugins/event_listener.py
[2026-05-04T00:59:32.150+0300] {processor.py:914} INFO - Processing file /home/nikita/airflow-setup/ENV/lib/python3.12/site-packages/airflow/example_dags/plugins/event_listener.py for tasks to queue
[2026-05-04T00:59:32.152+0300] {logging_mixin.py:190} INFO - [2026-05-04T00:59:32.152+0300] {dagbag.py:588} INFO - Filling up the DagBag from /home/nikita/airflow-setup/ENV/lib/python3.12/site-packages/airflow/example_dags/plugins/event_listener.py
[2026-05-04T00:59:32.155+0300] {processor.py:927} WARNING - No viable dags retrieved from /home/nikita/airflow-setup/ENV/lib/python3.12/site-packages/airflow/example_dags/plugins/event_listener.py
[2026-05-04T00:59:32.165+0300] {processor.py:208} INFO - Processing /home/nikita/airflow-setup/ENV/lib/python3.12/site-packages/airflow/example_dags/plugins/event_listener.py took 0.022 seconds
[2026-05-04T01:00:29.868+0300] {processor.py:186} INFO - Started process (PID=8368) to work on /home/nikita/airflow-setup/ENV/lib/python3.12/site-packages/airflow/example_dags/plugins/event_listener.py
[2026-05-04T01:00:29.870+0300] {processor.py:914} INFO - Processing file /home/nikita/airflow-setup/ENV/lib/python3.12/site-packages/airflow/example_dags/plugins/event_listener.py for tasks to queue
[2026-05-04T01:00:29.872+0300] {logging_mixin.py:190} INFO - [2026-05-04T01:00:29.872+0300] {dagbag.py:588} INFO - Filling up the DagBag from /home/nikita/airflow-setup/ENV/lib/python3.12/site-packages/airflow/example_dags/plugins/event_listener.py
[2026-05-04T01:00:29.874+0300] {processor.py:927} WARNING - No viable dags retrieved from /home/nikita/airflow-setup/ENV/lib/python3.12/site-packages/airflow/example_dags/plugins/event_listener.py
[2026-05-04T01:00:29.881+0300] {processor.py:208} INFO - Processing /home/nikita/airflow-setup/ENV/lib/python3.12/site-packages/airflow/example_dags/plugins/event_listener.py took 0.017 seconds
[2026-05-04T01:01:06.030+0300] {processor.py:186} INFO - Started process (PID=8550) to work on /home/nikita/airflow-setup/ENV/lib/python3.12/site-packages/airflow/example_dags/plugins/event_listener.py
[2026-05-04T01:01:06.030+0300] {processor.py:914} INFO - Processing file /home/nikita/airflow-setup/ENV/lib/python3.12/site-packages/airflow/example_dags/plugins/event_listener.py for tasks to queue
[2026-05-04T01:01:06.031+0300] {logging_mixin.py:190} INFO - [2026-05-04T01:01:06.031+0300] {dagbag.py:588} INFO - Filling up the DagBag from /home/nikita/airflow-setup/ENV/lib/python3.12/site-packages/airflow/example_dags/plugins/event_listener.py
[2026-05-04T01:01:06.033+0300] {processor.py:927} WARNING - No viable dags retrieved from /home/nikita/airflow-setup/ENV/lib/python3.12/site-packages/airflow/example_dags/plugins/event_listener.py
[2026-05-04T01:01:06.040+0300] {processor.py:208} INFO - Processing /home/nikita/airflow-setup/ENV/lib/python3.12/site-packages/airflow/example_dags/plugins/event_listener.py took 0.014 seconds
[2026-05-04T01:01:42.430+0300] {processor.py:186} INFO - Started process (PID=8944) to work on /home/nikita/airflow-setup/ENV/lib/python3.12/site-packages/airflow/example_dags/plugins/event_listener.py
[2026-05-04T01:01:42.438+0300] {processor.py:914} INFO - Processing file /home/nikita/airflow-setup/ENV/lib/python3.12/site-packages/airflow/example_dags/plugins/event_listener.py for tasks to queue
[2026-05-04T01:01:42.439+0300] {logging_mixin.py:190} INFO - [2026-05-04T01:01:42.439+0300] {dagbag.py:588} INFO - Filling up the DagBag from /home/nikita/airflow-setup/ENV/lib/python3.12/site-packages/airflow/example_dags/plugins/event_listener.py
[2026-05-04T01:01:42.441+0300] {processor.py:927} WARNING - No viable dags retrieved from /home/nikita/airflow-setup/ENV/lib/python3.12/site-packages/airflow/example_dags/plugins/event_listener.py
[2026-05-04T01:01:42.450+0300] {processor.py:208} INFO - Processing /home/nikita/airflow-setup/ENV/lib/python3.12/site-packages/airflow/example_dags/plugins/event_listener.py took 0.024 seconds
[2026-05-04T01:02:50.835+0300] {processor.py:186} INFO - Started process (PID=9548) to work on /home/nikita/airflow-setup/ENV/lib/python3.12/site-packages/airflow/example_dags/plugins/event_listener.py
[2026-05-04T01:02:50.837+0300] {processor.py:914} INFO - Processing file /home/nikita/airflow-setup/ENV/lib/python3.12/site-packages/airflow/example_dags/plugins/event_listener.py for tasks to queue
[2026-05-04T01:02:50.837+0300] {logging_mixin.py:190} INFO - [2026-05-04T01:02:50.837+0300] {dagbag.py:588} INFO - Filling up the DagBag from /home/nikita/airflow-setup/ENV/lib/python3.12/site-packages/airflow/example_dags/plugins/event_listener.py
[2026-05-04T01:02:50.839+0300] {processor.py:927} WARNING - No viable dags retrieved from /home/nikita/airflow-setup/ENV/lib/python3.12/site-packages/airflow/example_dags/plugins/event_listener.py
[2026-05-04T01:02:50.846+0300] {processor.py:208} INFO - Processing /home/nikita/airflow-setup/ENV/lib/python3.12/site-packages/airflow/example_dags/plugins/event_listener.py took 0.016 seconds
[2026-05-04T01:03:52.083+0300] {processor.py:186} INFO - Started process (PID=9825) to work on /home/nikita/airflow-setup/ENV/lib/python3.12/site-packages/airflow/example_dags/plugins/event_listener.py
[2026-05-04T01:03:52.092+0300] {processor.py:914} INFO - Processing file /home/nikita/airflow-setup/ENV/lib/python3.12/site-packages/airflow/example_dags/plugins/event_listener.py for tasks to queue
[2026-05-04T01:03:52.093+0300] {logging_mixin.py:190} INFO - [2026-05-04T01:03:52.093+0300] {dagbag.py:588} INFO - Filling up the DagBag from /home/nikita/airflow-setup/ENV/lib/python3.12/site-packages/airflow/example_dags/plugins/event_listener.py
[2026-05-04T01:03:52.095+0300] {processor.py:927} WARNING - No viable dags retrieved from /home/nikita/airflow-setup/ENV/lib/python3.12/site-packages/airflow/example_dags/plugins/event_listener.py
[2026-05-04T01:03:52.102+0300] {processor.py:208} INFO - Processing /home/nikita/airflow-setup/ENV/lib/python3.12/site-packages/airflow/example_dags/plugins/event_listener.py took 0.024 seconds
[2026-05-04T01:04:56.188+0300] {processor.py:186} INFO - Started process (PID=10077) to work on /home/nikita/airflow-setup/ENV/lib/python3.12/site-packages/airflow/example_dags/plugins/event_listener.py
[2026-05-04T01:04:56.190+0300] {processor.py:914} INFO - Processing file /home/nikita/airflow-setup/ENV/lib/python3.12/site-packages/airflow/example_dags/plugins/event_listener.py for tasks to queue
[2026-05-04T01:04:56.191+0300] {logging_mixin.py:190} INFO - [2026-05-04T01:04:56.191+0300] {dagbag.py:588} INFO - Filling up the DagBag from /home/nikita/airflow-setup/ENV/lib/python3.12/site-packages/airflow/example_dags/plugins/event_listener.py
[2026-05-04T01:04:56.193+0300] {processor.py:927} WARNING - No viable dags retrieved from /home/nikita/airflow-setup/ENV/lib/python3.12/site-packages/airflow/example_dags/plugins/event_listener.py
[2026-05-04T01:04:56.201+0300] {processor.py:208} INFO - Processing /home/nikita/airflow-setup/ENV/lib/python3.12/site-packages/airflow/example_dags/plugins/event_listener.py took 0.018 seconds
[2026-05-04T01:06:03.874+0300] {processor.py:186} INFO - Started process (PID=10358) to work on /home/nikita/airflow-setup/ENV/lib/python3.12/site-packages/airflow/example_dags/plugins/event_listener.py
[2026-05-04T01:06:03.876+0300] {processor.py:914} INFO - Processing file /home/nikita/airflow-setup/ENV/lib/python3.12/site-packages/airflow/example_dags/plugins/event_listener.py for tasks to queue
[2026-05-04T01:06:03.877+0300] {logging_mixin.py:190} INFO - [2026-05-04T01:06:03.877+0300] {dagbag.py:588} INFO - Filling up the DagBag from /home/nikita/airflow-setup/ENV/lib/python3.12/site-packages/airflow/example_dags/plugins/event_listener.py
[2026-05-04T01:06:03.879+0300] {processor.py:927} WARNING - No viable dags retrieved from /home/nikita/airflow-setup/ENV/lib/python3.12/site-packages/airflow/example_dags/plugins/event_listener.py
[2026-05-04T01:06:03.887+0300] {processor.py:208} INFO - Processing /home/nikita/airflow-setup/ENV/lib/python3.12/site-packages/airflow/example_dags/plugins/event_listener.py took 0.018 seconds
[2026-05-04T01:07:06.902+0300] {processor.py:186} INFO - Started process (PID=10597) to work on /home/nikita/airflow-setup/ENV/lib/python3.12/site-packages/airflow/example_dags/plugins/event_listener.py
[2026-05-04T01:07:06.904+0300] {processor.py:914} INFO - Processing file /home/nikita/airflow-setup/ENV/lib/python3.12/site-packages/airflow/example_dags/plugins/event_listener.py for tasks to queue
[2026-05-04T01:07:06.905+0300] {logging_mixin.py:190} INFO - [2026-05-04T01:07:06.905+0300] {dagbag.py:588} INFO - Filling up the DagBag from /home/nikita/airflow-setup/ENV/lib/python3.12/site-packages/airflow/example_dags/plugins/event_listener.py
[2026-05-04T01:07:06.907+0300] {processor.py:927} WARNING - No viable dags retrieved from /home/nikita/airflow-setup/ENV/lib/python3.12/site-packages/airflow/example_dags/plugins/event_listener.py
[2026-05-04T01:07:06.914+0300] {processor.py:208} INFO - Processing /home/nikita/airflow-setup/ENV/lib/python3.12/site-packages/airflow/example_dags/plugins/event_listener.py took 0.016 seconds
[2026-05-04T01:07:41.783+0300] {processor.py:186} INFO - Started process (PID=10732) to work on /home/nikita/airflow-setup/ENV/lib/python3.12/site-packages/airflow/example_dags/plugins/event_listener.py
[2026-05-04T01:07:41.793+0300] {processor.py:914} INFO - Processing file /home/nikita/airflow-setup/ENV/lib/python3.12/site-packages/airflow/example_dags/plugins/event_listener.py for tasks to queue
[2026-05-04T01:07:41.796+0300] {logging_mixin.py:190} INFO - [2026-05-04T01:07:41.795+0300] {dagbag.py:588} INFO - Filling up the DagBag from /home/nikita/airflow-setup/ENV/lib/python3.12/site-packages/airflow/example_dags/plugins/event_listener.py
[2026-05-04T01:07:41.798+0300] {processor.py:927} WARNING - No viable dags retrieved from /home/nikita/airflow-setup/ENV/lib/python3.12/site-packages/airflow/example_dags/plugins/event_listener.py
[2026-05-04T01:07:41.806+0300] {processor.py:208} INFO - Processing /home/nikita/airflow-setup/ENV/lib/python3.12/site-packages/airflow/example_dags/plugins/event_listener.py took 0.027 seconds
[2026-05-04T01:08:17.125+0300] {processor.py:186} INFO - Started process (PID=11167) to work on /home/nikita/airflow-setup/ENV/lib/python3.12/site-packages/airflow/example_dags/plugins/event_listener.py
[2026-05-04T01:08:17.135+0300] {processor.py:914} INFO - Processing file /home/nikita/airflow-setup/ENV/lib/python3.12/site-packages/airflow/example_dags/plugins/event_listener.py for tasks to queue
[2026-05-04T01:08:17.136+0300] {logging_mixin.py:190} INFO - [2026-05-04T01:08:17.136+0300] {dagbag.py:588} INFO - Filling up the DagBag from /home/nikita/airflow-setup/ENV/lib/python3.12/site-packages/airflow/example_dags/plugins/event_listener.py
[2026-05-04T01:08:17.138+0300] {processor.py:927} WARNING - No viable dags retrieved from /home/nikita/airflow-setup/ENV/lib/python3.12/site-packages/airflow/example_dags/plugins/event_listener.py
[2026-05-04T01:08:17.148+0300] {processor.py:208} INFO - Processing /home/nikita/airflow-setup/ENV/lib/python3.12/site-packages/airflow/example_dags/plugins/event_listener.py took 0.028 seconds
[2026-05-04T01:09:24.237+0300] {processor.py:186} INFO - Started process (PID=12017) to work on /home/nikita/airflow-setup/ENV/lib/python3.12/site-packages/airflow/example_dags/plugins/event_listener.py
[2026-05-04T01:09:24.247+0300] {processor.py:914} INFO - Processing file /home/nikita/airflow-setup/ENV/lib/python3.12/site-packages/airflow/example_dags/plugins/event_listener.py for tasks to queue
[2026-05-04T01:09:24.249+0300] {logging_mixin.py:190} INFO - [2026-05-04T01:09:24.248+0300] {dagbag.py:588} INFO - Filling up the DagBag from /home/nikita/airflow-setup/ENV/lib/python3.12/site-packages/airflow/example_dags/plugins/event_listener.py
[2026-05-04T01:09:24.250+0300] {processor.py:927} WARNING - No viable dags retrieved from /home/nikita/airflow-setup/ENV/lib/python3.12/site-packages/airflow/example_dags/plugins/event_listener.py
[2026-05-04T01:09:24.258+0300] {processor.py:208} INFO - Processing /home/nikita/airflow-setup/ENV/lib/python3.12/site-packages/airflow/example_dags/plugins/event_listener.py took 0.025 seconds
[2026-05-04T01:10:32.329+0300] {processor.py:186} INFO - Started process (PID=12317) to work on /home/nikita/airflow-setup/ENV/lib/python3.12/site-packages/airflow/example_dags/plugins/event_listener.py
[2026-05-04T01:10:32.338+0300] {processor.py:914} INFO - Processing file /home/nikita/airflow-setup/ENV/lib/python3.12/site-packages/airflow/example_dags/plugins/event_listener.py for tasks to queue
[2026-05-04T01:10:32.340+0300] {logging_mixin.py:190} INFO - [2026-05-04T01:10:32.339+0300] {dagbag.py:588} INFO - Filling up the DagBag from /home/nikita/airflow-setup/ENV/lib/python3.12/site-packages/airflow/example_dags/plugins/event_listener.py
[2026-05-04T01:10:32.342+0300] {processor.py:927} WARNING - No viable dags retrieved from /home/nikita/airflow-setup/ENV/lib/python3.12/site-packages/airflow/example_dags/plugins/event_listener.py
[2026-05-04T01:10:32.350+0300] {processor.py:208} INFO - Processing /home/nikita/airflow-setup/ENV/lib/python3.12/site-packages/airflow/example_dags/plugins/event_listener.py took 0.028 seconds
[2026-05-04T01:11:08.429+0300] {processor.py:186} INFO - Started process (PID=12452) to work on /home/nikita/airflow-setup/ENV/lib/python3.12/site-packages/airflow/example_dags/plugins/event_listener.py
[2026-05-04T01:11:08.430+0300] {processor.py:914} INFO - Processing file /home/nikita/airflow-setup/ENV/lib/python3.12/site-packages/airflow/example_dags/plugins/event_listener.py for tasks to queue
[2026-05-04T01:11:08.431+0300] {logging_mixin.py:190} INFO - [2026-05-04T01:11:08.431+0300] {dagbag.py:588} INFO - Filling up the DagBag from /home/nikita/airflow-setup/ENV/lib/python3.12/site-packages/airflow/example_dags/plugins/event_listener.py
[2026-05-04T01:11:08.433+0300] {processor.py:927} WARNING - No viable dags retrieved from /home/nikita/airflow-setup/ENV/lib/python3.12/site-packages/airflow/example_dags/plugins/event_listener.py
[2026-05-04T01:11:08.440+0300] {processor.py:208} INFO - Processing /home/nikita/airflow-setup/ENV/lib/python3.12/site-packages/airflow/example_dags/plugins/event_listener.py took 0.015 seconds
[2026-05-04T01:12:08.926+0300] {processor.py:186} INFO - Started process (PID=12683) to work on /home/nikita/airflow-setup/ENV/lib/python3.12/site-packages/airflow/example_dags/plugins/event_listener.py
[2026-05-04T01:12:08.927+0300] {processor.py:914} INFO - Processing file /home/nikita/airflow-setup/ENV/lib/python3.12/site-packages/airflow/example_dags/plugins/event_listener.py for tasks to queue
[2026-05-04T01:12:08.928+0300] {logging_mixin.py:190} INFO - [2026-05-04T01:12:08.928+0300] {dagbag.py:588} INFO - Filling up the DagBag from /home/nikita/airflow-setup/ENV/lib/python3.12/site-packages/airflow/example_dags/plugins/event_listener.py
[2026-05-04T01:12:08.930+0300] {processor.py:927} WARNING - No viable dags retrieved from /home/nikita/airflow-setup/ENV/lib/python3.12/site-packages/airflow/example_dags/plugins/event_listener.py
[2026-05-04T01:12:08.938+0300] {processor.py:208} INFO - Processing /home/nikita/airflow-setup/ENV/lib/python3.12/site-packages/airflow/example_dags/plugins/event_listener.py took 0.016 seconds
[2026-05-04T01:13:09.234+0300] {processor.py:186} INFO - Started process (PID=13011) to work on /home/nikita/airflow-setup/ENV/lib/python3.12/site-packages/airflow/example_dags/plugins/event_listener.py
[2026-05-04T01:13:09.236+0300] {processor.py:914} INFO - Processing file /home/nikita/airflow-setup/ENV/lib/python3.12/site-packages/airflow/example_dags/plugins/event_listener.py for tasks to queue
[2026-05-04T01:13:09.237+0300] {logging_mixin.py:190} INFO - [2026-05-04T01:13:09.236+0300] {dagbag.py:588} INFO - Filling up the DagBag from /home/nikita/airflow-setup/ENV/lib/python3.12/site-packages/airflow/example_dags/plugins/event_listener.py
[2026-05-04T01:13:09.238+0300] {processor.py:927} WARNING - No viable dags retrieved from /home/nikita/airflow-setup/ENV/lib/python3.12/site-packages/airflow/example_dags/plugins/event_listener.py
[2026-05-04T01:13:09.245+0300] {processor.py:208} INFO - Processing /home/nikita/airflow-setup/ENV/lib/python3.12/site-packages/airflow/example_dags/plugins/event_listener.py took 0.016 seconds
[2026-05-04T01:14:13.664+0300] {processor.py:186} INFO - Started process (PID=14204) to work on /home/nikita/airflow-setup/ENV/lib/python3.12/site-packages/airflow/example_dags/plugins/event_listener.py
[2026-05-04T01:14:13.673+0300] {processor.py:914} INFO - Processing file /home/nikita/airflow-setup/ENV/lib/python3.12/site-packages/airflow/example_dags/plugins/event_listener.py for tasks to queue
[2026-05-04T01:14:13.675+0300] {logging_mixin.py:190} INFO - [2026-05-04T01:14:13.674+0300] {dagbag.py:588} INFO - Filling up the DagBag from /home/nikita/airflow-setup/ENV/lib/python3.12/site-packages/airflow/example_dags/plugins/event_listener.py
[2026-05-04T01:14:13.677+0300] {processor.py:927} WARNING - No viable dags retrieved from /home/nikita/airflow-setup/ENV/lib/python3.12/site-packages/airflow/example_dags/plugins/event_listener.py
[2026-05-04T01:14:13.685+0300] {processor.py:208} INFO - Processing /home/nikita/airflow-setup/ENV/lib/python3.12/site-packages/airflow/example_dags/plugins/event_listener.py took 0.025 seconds
[2026-05-04T01:14:49.622+0300] {processor.py:186} INFO - Started process (PID=14367) to work on /home/nikita/airflow-setup/ENV/lib/python3.12/site-packages/airflow/example_dags/plugins/event_listener.py
[2026-05-04T01:14:49.631+0300] {processor.py:914} INFO - Processing file /home/nikita/airflow-setup/ENV/lib/python3.12/site-packages/airflow/example_dags/plugins/event_listener.py for tasks to queue
[2026-05-04T01:14:49.632+0300] {logging_mixin.py:190} INFO - [2026-05-04T01:14:49.632+0300] {dagbag.py:588} INFO - Filling up the DagBag from /home/nikita/airflow-setup/ENV/lib/python3.12/site-packages/airflow/example_dags/plugins/event_listener.py
[2026-05-04T01:14:49.634+0300] {processor.py:927} WARNING - No viable dags retrieved from /home/nikita/airflow-setup/ENV/lib/python3.12/site-packages/airflow/example_dags/plugins/event_listener.py
[2026-05-04T01:14:49.641+0300] {processor.py:208} INFO - Processing /home/nikita/airflow-setup/ENV/lib/python3.12/site-packages/airflow/example_dags/plugins/event_listener.py took 0.023 seconds
[2026-05-04T01:15:25.566+0300] {processor.py:186} INFO - Started process (PID=14503) to work on /home/nikita/airflow-setup/ENV/lib/python3.12/site-packages/airflow/example_dags/plugins/event_listener.py
[2026-05-04T01:15:25.568+0300] {processor.py:914} INFO - Processing file /home/nikita/airflow-setup/ENV/lib/python3.12/site-packages/airflow/example_dags/plugins/event_listener.py for tasks to queue
[2026-05-04T01:15:25.569+0300] {logging_mixin.py:190} INFO - [2026-05-04T01:15:25.569+0300] {dagbag.py:588} INFO - Filling up the DagBag from /home/nikita/airflow-setup/ENV/lib/python3.12/site-packages/airflow/example_dags/plugins/event_listener.py
[2026-05-04T01:15:25.571+0300] {processor.py:927} WARNING - No viable dags retrieved from /home/nikita/airflow-setup/ENV/lib/python3.12/site-packages/airflow/example_dags/plugins/event_listener.py
[2026-05-04T01:15:25.579+0300] {processor.py:208} INFO - Processing /home/nikita/airflow-setup/ENV/lib/python3.12/site-packages/airflow/example_dags/plugins/event_listener.py took 0.018 seconds
[2026-05-04T01:16:31.757+0300] {processor.py:186} INFO - Started process (PID=15710) to work on /home/nikita/airflow-setup/ENV/lib/python3.12/site-packages/airflow/example_dags/plugins/event_listener.py
[2026-05-04T01:16:31.759+0300] {processor.py:914} INFO - Processing file /home/nikita/airflow-setup/ENV/lib/python3.12/site-packages/airflow/example_dags/plugins/event_listener.py for tasks to queue
[2026-05-04T01:16:31.760+0300] {logging_mixin.py:190} INFO - [2026-05-04T01:16:31.759+0300] {dagbag.py:588} INFO - Filling up the DagBag from /home/nikita/airflow-setup/ENV/lib/python3.12/site-packages/airflow/example_dags/plugins/event_listener.py
[2026-05-04T01:16:31.761+0300] {processor.py:927} WARNING - No viable dags retrieved from /home/nikita/airflow-setup/ENV/lib/python3.12/site-packages/airflow/example_dags/plugins/event_listener.py
[2026-05-04T01:16:31.769+0300] {processor.py:208} INFO - Processing /home/nikita/airflow-setup/ENV/lib/python3.12/site-packages/airflow/example_dags/plugins/event_listener.py took 0.017 seconds
[2026-05-04T01:17:40.309+0300] {processor.py:186} INFO - Started process (PID=15971) to work on /home/nikita/airflow-setup/ENV/lib/python3.12/site-packages/airflow/example_dags/plugins/event_listener.py
[2026-05-04T01:17:40.310+0300] {processor.py:914} INFO - Processing file /home/nikita/airflow-setup/ENV/lib/python3.12/site-packages/airflow/example_dags/plugins/event_listener.py for tasks to queue
[2026-05-04T01:17:40.311+0300] {logging_mixin.py:190} INFO - [2026-05-04T01:17:40.310+0300] {dagbag.py:588} INFO - Filling up the DagBag from /home/nikita/airflow-setup/ENV/lib/python3.12/site-packages/airflow/example_dags/plugins/event_listener.py
[2026-05-04T01:17:40.313+0300] {processor.py:927} WARNING - No viable dags retrieved from /home/nikita/airflow-setup/ENV/lib/python3.12/site-packages/airflow/example_dags/plugins/event_listener.py
[2026-05-04T01:17:40.321+0300] {processor.py:208} INFO - Processing /home/nikita/airflow-setup/ENV/lib/python3.12/site-packages/airflow/example_dags/plugins/event_listener.py took 0.017 seconds
[2026-05-04T01:18:50.596+0300] {processor.py:186} INFO - Started process (PID=16229) to work on /home/nikita/airflow-setup/ENV/lib/python3.12/site-packages/airflow/example_dags/plugins/event_listener.py
[2026-05-04T01:18:50.598+0300] {processor.py:914} INFO - Processing file /home/nikita/airflow-setup/ENV/lib/python3.12/site-packages/airflow/example_dags/plugins/event_listener.py for tasks to queue
[2026-05-04T01:18:50.599+0300] {logging_mixin.py:190} INFO - [2026-05-04T01:18:50.599+0300] {dagbag.py:588} INFO - Filling up the DagBag from /home/nikita/airflow-setup/ENV/lib/python3.12/site-packages/airflow/example_dags/plugins/event_listener.py
[2026-05-04T01:18:50.601+0300] {processor.py:927} WARNING - No viable dags retrieved from /home/nikita/airflow-setup/ENV/lib/python3.12/site-packages/airflow/example_dags/plugins/event_listener.py
[2026-05-04T01:18:50.610+0300] {processor.py:208} INFO - Processing /home/nikita/airflow-setup/ENV/lib/python3.12/site-packages/airflow/example_dags/plugins/event_listener.py took 0.018 seconds
[2026-05-04T01:19:52.334+0300] {processor.py:186} INFO - Started process (PID=16477) to work on /home/nikita/airflow-setup/ENV/lib/python3.12/site-packages/airflow/example_dags/plugins/event_listener.py
[2026-05-04T01:19:52.344+0300] {processor.py:914} INFO - Processing file /home/nikita/airflow-setup/ENV/lib/python3.12/site-packages/airflow/example_dags/plugins/event_listener.py for tasks to queue
[2026-05-04T01:19:52.346+0300] {logging_mixin.py:190} INFO - [2026-05-04T01:19:52.345+0300] {dagbag.py:588} INFO - Filling up the DagBag from /home/nikita/airflow-setup/ENV/lib/python3.12/site-packages/airflow/example_dags/plugins/event_listener.py
[2026-05-04T01:19:52.348+0300] {processor.py:927} WARNING - No viable dags retrieved from /home/nikita/airflow-setup/ENV/lib/python3.12/site-packages/airflow/example_dags/plugins/event_listener.py
[2026-05-04T01:19:52.355+0300] {processor.py:208} INFO - Processing /home/nikita/airflow-setup/ENV/lib/python3.12/site-packages/airflow/example_dags/plugins/event_listener.py took 0.027 seconds
[2026-05-04T01:20:27.363+0300] {processor.py:186} INFO - Started process (PID=16618) to work on /home/nikita/airflow-setup/ENV/lib/python3.12/site-packages/airflow/example_dags/plugins/event_listener.py
[2026-05-04T01:20:27.365+0300] {processor.py:914} INFO - Processing file /home/nikita/airflow-setup/ENV/lib/python3.12/site-packages/airflow/example_dags/plugins/event_listener.py for tasks to queue
[2026-05-04T01:20:27.366+0300] {logging_mixin.py:190} INFO - [2026-05-04T01:20:27.366+0300] {dagbag.py:588} INFO - Filling up the DagBag from /home/nikita/airflow-setup/ENV/lib/python3.12/site-packages/airflow/example_dags/plugins/event_listener.py
[2026-05-04T01:20:27.368+0300] {processor.py:927} WARNING - No viable dags retrieved from /home/nikita/airflow-setup/ENV/lib/python3.12/site-packages/airflow/example_dags/plugins/event_listener.py
[2026-05-04T01:20:27.376+0300] {processor.py:208} INFO - Processing /home/nikita/airflow-setup/ENV/lib/python3.12/site-packages/airflow/example_dags/plugins/event_listener.py took 0.018 seconds
[2026-05-04T01:21:33.258+0300] {processor.py:186} INFO - Started process (PID=16870) to work on /home/nikita/airflow-setup/ENV/lib/python3.12/site-packages/airflow/example_dags/plugins/event_listener.py
[2026-05-04T01:21:33.259+0300] {processor.py:914} INFO - Processing file /home/nikita/airflow-setup/ENV/lib/python3.12/site-packages/airflow/example_dags/plugins/event_listener.py for tasks to queue
[2026-05-04T01:21:33.260+0300] {logging_mixin.py:190} INFO - [2026-05-04T01:21:33.260+0300] {dagbag.py:588} INFO - Filling up the DagBag from /home/nikita/airflow-setup/ENV/lib/python3.12/site-packages/airflow/example_dags/plugins/event_listener.py
[2026-05-04T01:21:33.262+0300] {processor.py:927} WARNING - No viable dags retrieved from /home/nikita/airflow-setup/ENV/lib/python3.12/site-packages/airflow/example_dags/plugins/event_listener.py
[2026-05-04T01:21:33.269+0300] {processor.py:208} INFO - Processing /home/nikita/airflow-setup/ENV/lib/python3.12/site-packages/airflow/example_dags/plugins/event_listener.py took 0.016 seconds
[2026-05-04T01:22:09.358+0300] {processor.py:186} INFO - Started process (PID=17005) to work on /home/nikita/airflow-setup/ENV/lib/python3.12/site-packages/airflow/example_dags/plugins/event_listener.py
[2026-05-04T01:22:09.359+0300] {processor.py:914} INFO - Processing file /home/nikita/airflow-setup/ENV/lib/python3.12/site-packages/airflow/example_dags/plugins/event_listener.py for tasks to queue
[2026-05-04T01:22:09.360+0300] {logging_mixin.py:190} INFO - [2026-05-04T01:22:09.360+0300] {dagbag.py:588} INFO - Filling up the DagBag from /home/nikita/airflow-setup/ENV/lib/python3.12/site-packages/airflow/example_dags/plugins/event_listener.py
[2026-05-04T01:22:09.362+0300] {processor.py:927} WARNING - No viable dags retrieved from /home/nikita/airflow-setup/ENV/lib/python3.12/site-packages/airflow/example_dags/plugins/event_listener.py
[2026-05-04T01:22:09.369+0300] {processor.py:208} INFO - Processing /home/nikita/airflow-setup/ENV/lib/python3.12/site-packages/airflow/example_dags/plugins/event_listener.py took 0.015 seconds
[2026-05-04T01:22:46.131+0300] {processor.py:186} INFO - Started process (PID=17142) to work on /home/nikita/airflow-setup/ENV/lib/python3.12/site-packages/airflow/example_dags/plugins/event_listener.py
[2026-05-04T01:22:46.133+0300] {processor.py:914} INFO - Processing file /home/nikita/airflow-setup/ENV/lib/python3.12/site-packages/airflow/example_dags/plugins/event_listener.py for tasks to queue
[2026-05-04T01:22:46.135+0300] {logging_mixin.py:190} INFO - [2026-05-04T01:22:46.134+0300] {dagbag.py:588} INFO - Filling up the DagBag from /home/nikita/airflow-setup/ENV/lib/python3.12/site-packages/airflow/example_dags/plugins/event_listener.py
[2026-05-04T01:22:46.137+0300] {processor.py:927} WARNING - No viable dags retrieved from /home/nikita/airflow-setup/ENV/lib/python3.12/site-packages/airflow/example_dags/plugins/event_listener.py
[2026-05-04T01:22:46.144+0300] {processor.py:208} INFO - Processing /home/nikita/airflow-setup/ENV/lib/python3.12/site-packages/airflow/example_dags/plugins/event_listener.py took 0.018 seconds
[2026-05-04T01:23:51.940+0300] {processor.py:186} INFO - Started process (PID=17392) to work on /home/nikita/airflow-setup/ENV/lib/python3.12/site-packages/airflow/example_dags/plugins/event_listener.py
[2026-05-04T01:23:51.949+0300] {processor.py:914} INFO - Processing file /home/nikita/airflow-setup/ENV/lib/python3.12/site-packages/airflow/example_dags/plugins/event_listener.py for tasks to queue
[2026-05-04T01:23:51.950+0300] {logging_mixin.py:190} INFO - [2026-05-04T01:23:51.950+0300] {dagbag.py:588} INFO - Filling up the DagBag from /home/nikita/airflow-setup/ENV/lib/python3.12/site-packages/airflow/example_dags/plugins/event_listener.py
[2026-05-04T01:23:51.953+0300] {processor.py:927} WARNING - No viable dags retrieved from /home/nikita/airflow-setup/ENV/lib/python3.12/site-packages/airflow/example_dags/plugins/event_listener.py
[2026-05-04T01:23:51.960+0300] {processor.py:208} INFO - Processing /home/nikita/airflow-setup/ENV/lib/python3.12/site-packages/airflow/example_dags/plugins/event_listener.py took 0.025 seconds
[2026-05-04T01:25:02.474+0300] {processor.py:186} INFO - Started process (PID=17971) to work on /home/nikita/airflow-setup/ENV/lib/python3.12/site-packages/airflow/example_dags/plugins/event_listener.py
[2026-05-04T01:25:02.485+0300] {processor.py:914} INFO - Processing file /home/nikita/airflow-setup/ENV/lib/python3.12/site-packages/airflow/example_dags/plugins/event_listener.py for tasks to queue
[2026-05-04T01:25:02.486+0300] {logging_mixin.py:190} INFO - [2026-05-04T01:25:02.485+0300] {dagbag.py:588} INFO - Filling up the DagBag from /home/nikita/airflow-setup/ENV/lib/python3.12/site-packages/airflow/example_dags/plugins/event_listener.py
[2026-05-04T01:25:02.488+0300] {processor.py:927} WARNING - No viable dags retrieved from /home/nikita/airflow-setup/ENV/lib/python3.12/site-packages/airflow/example_dags/plugins/event_listener.py
[2026-05-04T01:25:02.502+0300] {processor.py:208} INFO - Processing /home/nikita/airflow-setup/ENV/lib/python3.12/site-packages/airflow/example_dags/plugins/event_listener.py took 0.033 seconds
[2026-05-04T01:25:38.275+0300] {processor.py:186} INFO - Started process (PID=18458) to work on /home/nikita/airflow-setup/ENV/lib/python3.12/site-packages/airflow/example_dags/plugins/event_listener.py
[2026-05-04T01:25:38.276+0300] {processor.py:914} INFO - Processing file /home/nikita/airflow-setup/ENV/lib/python3.12/site-packages/airflow/example_dags/plugins/event_listener.py for tasks to queue
[2026-05-04T01:25:38.277+0300] {logging_mixin.py:190} INFO - [2026-05-04T01:25:38.277+0300] {dagbag.py:588} INFO - Filling up the DagBag from /home/nikita/airflow-setup/ENV/lib/python3.12/site-packages/airflow/example_dags/plugins/event_listener.py
[2026-05-04T01:25:38.279+0300] {processor.py:927} WARNING - No viable dags retrieved from /home/nikita/airflow-setup/ENV/lib/python3.12/site-packages/airflow/example_dags/plugins/event_listener.py
[2026-05-04T01:25:38.287+0300] {processor.py:208} INFO - Processing /home/nikita/airflow-setup/ENV/lib/python3.12/site-packages/airflow/example_dags/plugins/event_listener.py took 0.017 seconds
[2026-05-04T01:26:47.675+0300] {processor.py:186} INFO - Started process (PID=19392) to work on /home/nikita/airflow-setup/ENV/lib/python3.12/site-packages/airflow/example_dags/plugins/event_listener.py
[2026-05-04T01:26:47.677+0300] {processor.py:914} INFO - Processing file /home/nikita/airflow-setup/ENV/lib/python3.12/site-packages/airflow/example_dags/plugins/event_listener.py for tasks to queue
[2026-05-04T01:26:47.678+0300] {logging_mixin.py:190} INFO - [2026-05-04T01:26:47.678+0300] {dagbag.py:588} INFO - Filling up the DagBag from /home/nikita/airflow-setup/ENV/lib/python3.12/site-packages/airflow/example_dags/plugins/event_listener.py
[2026-05-04T01:26:47.680+0300] {processor.py:927} WARNING - No viable dags retrieved from /home/nikita/airflow-setup/ENV/lib/python3.12/site-packages/airflow/example_dags/plugins/event_listener.py
[2026-05-04T01:26:47.687+0300] {processor.py:208} INFO - Processing /home/nikita/airflow-setup/ENV/lib/python3.12/site-packages/airflow/example_dags/plugins/event_listener.py took 0.017 seconds
[2026-05-04T01:27:21.494+0300] {processor.py:186} INFO - Started process (PID=19524) to work on /home/nikita/airflow-setup/ENV/lib/python3.12/site-packages/airflow/example_dags/plugins/event_listener.py
[2026-05-04T01:27:21.496+0300] {processor.py:914} INFO - Processing file /home/nikita/airflow-setup/ENV/lib/python3.12/site-packages/airflow/example_dags/plugins/event_listener.py for tasks to queue
[2026-05-04T01:27:21.497+0300] {logging_mixin.py:190} INFO - [2026-05-04T01:27:21.497+0300] {dagbag.py:588} INFO - Filling up the DagBag from /home/nikita/airflow-setup/ENV/lib/python3.12/site-packages/airflow/example_dags/plugins/event_listener.py
[2026-05-04T01:27:21.500+0300] {processor.py:927} WARNING - No viable dags retrieved from /home/nikita/airflow-setup/ENV/lib/python3.12/site-packages/airflow/example_dags/plugins/event_listener.py
[2026-05-04T01:27:21.510+0300] {processor.py:208} INFO - Processing /home/nikita/airflow-setup/ENV/lib/python3.12/site-packages/airflow/example_dags/plugins/event_listener.py took 0.022 seconds
[2026-05-04T01:27:58.480+0300] {processor.py:186} INFO - Started process (PID=19664) to work on /home/nikita/airflow-setup/ENV/lib/python3.12/site-packages/airflow/example_dags/plugins/event_listener.py
[2026-05-04T01:27:58.481+0300] {processor.py:914} INFO - Processing file /home/nikita/airflow-setup/ENV/lib/python3.12/site-packages/airflow/example_dags/plugins/event_listener.py for tasks to queue
[2026-05-04T01:27:58.482+0300] {logging_mixin.py:190} INFO - [2026-05-04T01:27:58.482+0300] {dagbag.py:588} INFO - Filling up the DagBag from /home/nikita/airflow-setup/ENV/lib/python3.12/site-packages/airflow/example_dags/plugins/event_listener.py
[2026-05-04T01:27:58.484+0300] {processor.py:927} WARNING - No viable dags retrieved from /home/nikita/airflow-setup/ENV/lib/python3.12/site-packages/airflow/example_dags/plugins/event_listener.py
[2026-05-04T01:27:58.493+0300] {processor.py:208} INFO - Processing /home/nikita/airflow-setup/ENV/lib/python3.12/site-packages/airflow/example_dags/plugins/event_listener.py took 0.017 seconds
[2026-05-04T01:28:34.951+0300] {processor.py:186} INFO - Started process (PID=19803) to work on /home/nikita/airflow-setup/ENV/lib/python3.12/site-packages/airflow/example_dags/plugins/event_listener.py
[2026-05-04T01:28:34.961+0300] {processor.py:914} INFO - Processing file /home/nikita/airflow-setup/ENV/lib/python3.12/site-packages/airflow/example_dags/plugins/event_listener.py for tasks to queue
[2026-05-04T01:28:34.962+0300] {logging_mixin.py:190} INFO - [2026-05-04T01:28:34.962+0300] {dagbag.py:588} INFO - Filling up the DagBag from /home/nikita/airflow-setup/ENV/lib/python3.12/site-packages/airflow/example_dags/plugins/event_listener.py
[2026-05-04T01:28:34.964+0300] {processor.py:927} WARNING - No viable dags retrieved from /home/nikita/airflow-setup/ENV/lib/python3.12/site-packages/airflow/example_dags/plugins/event_listener.py
[2026-05-04T01:28:34.972+0300] {processor.py:208} INFO - Processing /home/nikita/airflow-setup/ENV/lib/python3.12/site-packages/airflow/example_dags/plugins/event_listener.py took 0.026 seconds
[2026-05-04T01:29:44.415+0300] {processor.py:186} INFO - Started process (PID=20062) to work on /home/nikita/airflow-setup/ENV/lib/python3.12/site-packages/airflow/example_dags/plugins/event_listener.py
[2026-05-04T01:29:44.417+0300] {processor.py:914} INFO - Processing file /home/nikita/airflow-setup/ENV/lib/python3.12/site-packages/airflow/example_dags/plugins/event_listener.py for tasks to queue
[2026-05-04T01:29:44.418+0300] {logging_mixin.py:190} INFO - [2026-05-04T01:29:44.418+0300] {dagbag.py:588} INFO - Filling up the DagBag from /home/nikita/airflow-setup/ENV/lib/python3.12/site-packages/airflow/example_dags/plugins/event_listener.py
[2026-05-04T01:29:44.420+0300] {processor.py:927} WARNING - No viable dags retrieved from /home/nikita/airflow-setup/ENV/lib/python3.12/site-packages/airflow/example_dags/plugins/event_listener.py
[2026-05-04T01:29:44.428+0300] {processor.py:208} INFO - Processing /home/nikita/airflow-setup/ENV/lib/python3.12/site-packages/airflow/example_dags/plugins/event_listener.py took 0.017 seconds
[2026-05-04T01:30:20.410+0300] {processor.py:186} INFO - Started process (PID=20197) to work on /home/nikita/airflow-setup/ENV/lib/python3.12/site-packages/airflow/example_dags/plugins/event_listener.py
[2026-05-04T01:30:20.412+0300] {processor.py:914} INFO - Processing file /home/nikita/airflow-setup/ENV/lib/python3.12/site-packages/airflow/example_dags/plugins/event_listener.py for tasks to queue
[2026-05-04T01:30:20.413+0300] {logging_mixin.py:190} INFO - [2026-05-04T01:30:20.413+0300] {dagbag.py:588} INFO - Filling up the DagBag from /home/nikita/airflow-setup/ENV/lib/python3.12/site-packages/airflow/example_dags/plugins/event_listener.py
[2026-05-04T01:30:20.415+0300] {processor.py:927} WARNING - No viable dags retrieved from /home/nikita/airflow-setup/ENV/lib/python3.12/site-packages/airflow/example_dags/plugins/event_listener.py
[2026-05-04T01:30:20.424+0300] {processor.py:208} INFO - Processing /home/nikita/airflow-setup/ENV/lib/python3.12/site-packages/airflow/example_dags/plugins/event_listener.py took 0.018 seconds
[2026-05-04T01:30:57.011+0300] {processor.py:186} INFO - Started process (PID=20334) to work on /home/nikita/airflow-setup/ENV/lib/python3.12/site-packages/airflow/example_dags/plugins/event_listener.py
[2026-05-04T01:30:57.021+0300] {processor.py:914} INFO - Processing file /home/nikita/airflow-setup/ENV/lib/python3.12/site-packages/airflow/example_dags/plugins/event_listener.py for tasks to queue
[2026-05-04T01:30:57.023+0300] {logging_mixin.py:190} INFO - [2026-05-04T01:30:57.023+0300] {dagbag.py:588} INFO - Filling up the DagBag from /home/nikita/airflow-setup/ENV/lib/python3.12/site-packages/airflow/example_dags/plugins/event_listener.py
[2026-05-04T01:30:57.025+0300] {processor.py:927} WARNING - No viable dags retrieved from /home/nikita/airflow-setup/ENV/lib/python3.12/site-packages/airflow/example_dags/plugins/event_listener.py
[2026-05-04T01:30:57.035+0300] {processor.py:208} INFO - Processing /home/nikita/airflow-setup/ENV/lib/python3.12/site-packages/airflow/example_dags/plugins/event_listener.py took 0.031 seconds
[2026-05-04T01:31:36.273+0300] {processor.py:186} INFO - Started process (PID=20480) to work on /home/nikita/airflow-setup/ENV/lib/python3.12/site-packages/airflow/example_dags/plugins/event_listener.py
[2026-05-04T01:31:36.282+0300] {processor.py:914} INFO - Processing file /home/nikita/airflow-setup/ENV/lib/python3.12/site-packages/airflow/example_dags/plugins/event_listener.py for tasks to queue
[2026-05-04T01:31:36.283+0300] {logging_mixin.py:190} INFO - [2026-05-04T01:31:36.283+0300] {dagbag.py:588} INFO - Filling up the DagBag from /home/nikita/airflow-setup/ENV/lib/python3.12/site-packages/airflow/example_dags/plugins/event_listener.py
[2026-05-04T01:31:36.285+0300] {processor.py:927} WARNING - No viable dags retrieved from /home/nikita/airflow-setup/ENV/lib/python3.12/site-packages/airflow/example_dags/plugins/event_listener.py
[2026-05-04T01:31:36.293+0300] {processor.py:208} INFO - Processing /home/nikita/airflow-setup/ENV/lib/python3.12/site-packages/airflow/example_dags/plugins/event_listener.py took 0.024 seconds
[2026-05-04T01:32:18.491+0300] {processor.py:186} INFO - Started process (PID=20633) to work on /home/nikita/airflow-setup/ENV/lib/python3.12/site-packages/airflow/example_dags/plugins/event_listener.py
[2026-05-04T01:32:18.491+0300] {processor.py:914} INFO - Processing file /home/nikita/airflow-setup/ENV/lib/python3.12/site-packages/airflow/example_dags/plugins/event_listener.py for tasks to queue
[2026-05-04T01:32:18.492+0300] {logging_mixin.py:190} INFO - [2026-05-04T01:32:18.492+0300] {dagbag.py:588} INFO - Filling up the DagBag from /home/nikita/airflow-setup/ENV/lib/python3.12/site-packages/airflow/example_dags/plugins/event_listener.py
[2026-05-04T01:32:18.494+0300] {processor.py:927} WARNING - No viable dags retrieved from /home/nikita/airflow-setup/ENV/lib/python3.12/site-packages/airflow/example_dags/plugins/event_listener.py
[2026-05-04T01:32:18.502+0300] {processor.py:208} INFO - Processing /home/nikita/airflow-setup/ENV/lib/python3.12/site-packages/airflow/example_dags/plugins/event_listener.py took 0.016 seconds
[2026-05-04T01:32:55.804+0300] {processor.py:186} INFO - Started process (PID=20919) to work on /home/nikita/airflow-setup/ENV/lib/python3.12/site-packages/airflow/example_dags/plugins/event_listener.py
[2026-05-04T01:32:55.807+0300] {processor.py:914} INFO - Processing file /home/nikita/airflow-setup/ENV/lib/python3.12/site-packages/airflow/example_dags/plugins/event_listener.py for tasks to queue
[2026-05-04T01:32:55.809+0300] {logging_mixin.py:190} INFO - [2026-05-04T01:32:55.808+0300] {dagbag.py:588} INFO - Filling up the DagBag from /home/nikita/airflow-setup/ENV/lib/python3.12/site-packages/airflow/example_dags/plugins/event_listener.py
[2026-05-04T01:32:55.813+0300] {processor.py:927} WARNING - No viable dags retrieved from /home/nikita/airflow-setup/ENV/lib/python3.12/site-packages/airflow/example_dags/plugins/event_listener.py
[2026-05-04T01:32:55.825+0300] {processor.py:208} INFO - Processing /home/nikita/airflow-setup/ENV/lib/python3.12/site-packages/airflow/example_dags/plugins/event_listener.py took 0.028 seconds
[2026-05-04T01:33:58.849+0300] {processor.py:186} INFO - Started process (PID=21293) to work on /home/nikita/airflow-setup/ENV/lib/python3.12/site-packages/airflow/example_dags/plugins/event_listener.py
[2026-05-04T01:33:58.857+0300] {processor.py:914} INFO - Processing file /home/nikita/airflow-setup/ENV/lib/python3.12/site-packages/airflow/example_dags/plugins/event_listener.py for tasks to queue
[2026-05-04T01:33:58.858+0300] {logging_mixin.py:190} INFO - [2026-05-04T01:33:58.858+0300] {dagbag.py:588} INFO - Filling up the DagBag from /home/nikita/airflow-setup/ENV/lib/python3.12/site-packages/airflow/example_dags/plugins/event_listener.py
[2026-05-04T01:33:58.860+0300] {processor.py:927} WARNING - No viable dags retrieved from /home/nikita/airflow-setup/ENV/lib/python3.12/site-packages/airflow/example_dags/plugins/event_listener.py
[2026-05-04T01:33:58.868+0300] {processor.py:208} INFO - Processing /home/nikita/airflow-setup/ENV/lib/python3.12/site-packages/airflow/example_dags/plugins/event_listener.py took 0.023 seconds
[2026-05-04T01:35:03.332+0300] {processor.py:186} INFO - Started process (PID=21538) to work on /home/nikita/airflow-setup/ENV/lib/python3.12/site-packages/airflow/example_dags/plugins/event_listener.py
[2026-05-04T01:35:03.334+0300] {processor.py:914} INFO - Processing file /home/nikita/airflow-setup/ENV/lib/python3.12/site-packages/airflow/example_dags/plugins/event_listener.py for tasks to queue
[2026-05-04T01:35:03.335+0300] {logging_mixin.py:190} INFO - [2026-05-04T01:35:03.335+0300] {dagbag.py:588} INFO - Filling up the DagBag from /home/nikita/airflow-setup/ENV/lib/python3.12/site-packages/airflow/example_dags/plugins/event_listener.py
[2026-05-04T01:35:03.337+0300] {processor.py:927} WARNING - No viable dags retrieved from /home/nikita/airflow-setup/ENV/lib/python3.12/site-packages/airflow/example_dags/plugins/event_listener.py
[2026-05-04T01:35:03.344+0300] {processor.py:208} INFO - Processing /home/nikita/airflow-setup/ENV/lib/python3.12/site-packages/airflow/example_dags/plugins/event_listener.py took 0.016 seconds
[2026-05-04T01:36:04.806+0300] {processor.py:186} INFO - Started process (PID=21782) to work on /home/nikita/airflow-setup/ENV/lib/python3.12/site-packages/airflow/example_dags/plugins/event_listener.py
[2026-05-04T01:36:04.809+0300] {processor.py:914} INFO - Processing file /home/nikita/airflow-setup/ENV/lib/python3.12/site-packages/airflow/example_dags/plugins/event_listener.py for tasks to queue
[2026-05-04T01:36:04.810+0300] {logging_mixin.py:190} INFO - [2026-05-04T01:36:04.809+0300] {dagbag.py:588} INFO - Filling up the DagBag from /home/nikita/airflow-setup/ENV/lib/python3.12/site-packages/airflow/example_dags/plugins/event_listener.py
[2026-05-04T01:36:04.812+0300] {processor.py:927} WARNING - No viable dags retrieved from /home/nikita/airflow-setup/ENV/lib/python3.12/site-packages/airflow/example_dags/plugins/event_listener.py
[2026-05-04T01:36:04.820+0300] {processor.py:208} INFO - Processing /home/nikita/airflow-setup/ENV/lib/python3.12/site-packages/airflow/example_dags/plugins/event_listener.py took 0.019 seconds
