[2026-05-04T00:45:34.131+0300] {processor.py:186} INFO - Started process (PID=5933) to work on /home/nikita/airflow-setup/ENV/lib/python3.12/site-packages/airflow/example_dags/plugins/listener_plugin.py
[2026-05-04T00:45:34.132+0300] {processor.py:914} INFO - Processing file /home/nikita/airflow-setup/ENV/lib/python3.12/site-packages/airflow/example_dags/plugins/listener_plugin.py for tasks to queue
[2026-05-04T00:45:34.133+0300] {logging_mixin.py:190} INFO - [2026-05-04T00:45:34.133+0300] {dagbag.py:588} INFO - Filling up the DagBag from /home/nikita/airflow-setup/ENV/lib/python3.12/site-packages/airflow/example_dags/plugins/listener_plugin.py
[2026-05-04T00:45:34.135+0300] {processor.py:927} WARNING - No viable dags retrieved from /home/nikita/airflow-setup/ENV/lib/python3.12/site-packages/airflow/example_dags/plugins/listener_plugin.py
[2026-05-04T00:45:34.142+0300] {processor.py:208} INFO - Processing /home/nikita/airflow-setup/ENV/lib/python3.12/site-packages/airflow/example_dags/plugins/listener_plugin.py took 0.014 seconds
[2026-05-04T00:46:38.207+0300] {processor.py:186} INFO - Started process (PID=5994) to work on /home/nikita/airflow-setup/ENV/lib/python3.12/site-packages/airflow/example_dags/plugins/listener_plugin.py
[2026-05-04T00:46:38.208+0300] {processor.py:914} INFO - Processing file /home/nikita/airflow-setup/ENV/lib/python3.12/site-packages/airflow/example_dags/plugins/listener_plugin.py for tasks to queue
[2026-05-04T00:46:38.211+0300] {logging_mixin.py:190} INFO - [2026-05-04T00:46:38.210+0300] {dagbag.py:588} INFO - Filling up the DagBag from /home/nikita/airflow-setup/ENV/lib/python3.12/site-packages/airflow/example_dags/plugins/listener_plugin.py
[2026-05-04T00:46:38.214+0300] {processor.py:927} WARNING - No viable dags retrieved from /home/nikita/airflow-setup/ENV/lib/python3.12/site-packages/airflow/example_dags/plugins/listener_plugin.py
[2026-05-04T00:46:38.224+0300] {processor.py:208} INFO - Processing /home/nikita/airflow-setup/ENV/lib/python3.12/site-packages/airflow/example_dags/plugins/listener_plugin.py took 0.023 seconds
[2026-05-04T00:47:13.005+0300] {processor.py:186} INFO - Started process (PID=6025) to work on /home/nikita/airflow-setup/ENV/lib/python3.12/site-packages/airflow/example_dags/plugins/listener_plugin.py
[2026-05-04T00:47:13.014+0300] {processor.py:914} INFO - Processing file /home/nikita/airflow-setup/ENV/lib/python3.12/site-packages/airflow/example_dags/plugins/listener_plugin.py for tasks to queue
[2026-05-04T00:47:13.016+0300] {logging_mixin.py:190} INFO - [2026-05-04T00:47:13.016+0300] {dagbag.py:588} INFO - Filling up the DagBag from /home/nikita/airflow-setup/ENV/lib/python3.12/site-packages/airflow/example_dags/plugins/listener_plugin.py
[2026-05-04T00:47:13.018+0300] {processor.py:927} WARNING - No viable dags retrieved from /home/nikita/airflow-setup/ENV/lib/python3.12/site-packages/airflow/example_dags/plugins/listener_plugin.py
[2026-05-04T00:47:13.025+0300] {processor.py:208} INFO - Processing /home/nikita/airflow-setup/ENV/lib/python3.12/site-packages/airflow/example_dags/plugins/listener_plugin.py took 0.024 seconds
[2026-05-04T00:48:12.130+0300] {processor.py:186} INFO - Started process (PID=6099) to work on /home/nikita/airflow-setup/ENV/lib/python3.12/site-packages/airflow/example_dags/plugins/listener_plugin.py
[2026-05-04T00:48:12.138+0300] {processor.py:914} INFO - Processing file /home/nikita/airflow-setup/ENV/lib/python3.12/site-packages/airflow/example_dags/plugins/listener_plugin.py for tasks to queue
[2026-05-04T00:48:12.140+0300] {logging_mixin.py:190} INFO - [2026-05-04T00:48:12.140+0300] {dagbag.py:588} INFO - Filling up the DagBag from /home/nikita/airflow-setup/ENV/lib/python3.12/site-packages/airflow/example_dags/plugins/listener_plugin.py
[2026-05-04T00:48:12.143+0300] {processor.py:927} WARNING - No viable dags retrieved from /home/nikita/airflow-setup/ENV/lib/python3.12/site-packages/airflow/example_dags/plugins/listener_plugin.py
[2026-05-04T00:48:12.150+0300] {processor.py:208} INFO - Processing /home/nikita/airflow-setup/ENV/lib/python3.12/site-packages/airflow/example_dags/plugins/listener_plugin.py took 0.025 seconds
[2026-05-04T00:49:12.837+0300] {processor.py:186} INFO - Started process (PID=6157) to work on /home/nikita/airflow-setup/ENV/lib/python3.12/site-packages/airflow/example_dags/plugins/listener_plugin.py
[2026-05-04T00:49:12.847+0300] {processor.py:914} INFO - Processing file /home/nikita/airflow-setup/ENV/lib/python3.12/site-packages/airflow/example_dags/plugins/listener_plugin.py for tasks to queue
[2026-05-04T00:49:12.849+0300] {logging_mixin.py:190} INFO - [2026-05-04T00:49:12.849+0300] {dagbag.py:588} INFO - Filling up the DagBag from /home/nikita/airflow-setup/ENV/lib/python3.12/site-packages/airflow/example_dags/plugins/listener_plugin.py
[2026-05-04T00:49:12.851+0300] {processor.py:927} WARNING - No viable dags retrieved from /home/nikita/airflow-setup/ENV/lib/python3.12/site-packages/airflow/example_dags/plugins/listener_plugin.py
[2026-05-04T00:49:12.861+0300] {processor.py:208} INFO - Processing /home/nikita/airflow-setup/ENV/lib/python3.12/site-packages/airflow/example_dags/plugins/listener_plugin.py took 0.028 seconds
[2026-05-04T00:50:07.006+0300] {processor.py:186} INFO - Started process (PID=6217) to work on /home/nikita/airflow-setup/ENV/lib/python3.12/site-packages/airflow/example_dags/plugins/listener_plugin.py
[2026-05-04T00:50:07.016+0300] {processor.py:914} INFO - Processing file /home/nikita/airflow-setup/ENV/lib/python3.12/site-packages/airflow/example_dags/plugins/listener_plugin.py for tasks to queue
[2026-05-04T00:50:07.018+0300] {logging_mixin.py:190} INFO - [2026-05-04T00:50:07.017+0300] {dagbag.py:588} INFO - Filling up the DagBag from /home/nikita/airflow-setup/ENV/lib/python3.12/site-packages/airflow/example_dags/plugins/listener_plugin.py
[2026-05-04T00:50:07.020+0300] {processor.py:927} WARNING - No viable dags retrieved from /home/nikita/airflow-setup/ENV/lib/python3.12/site-packages/airflow/example_dags/plugins/listener_plugin.py
[2026-05-04T00:50:07.028+0300] {processor.py:208} INFO - Processing /home/nikita/airflow-setup/ENV/lib/python3.12/site-packages/airflow/example_dags/plugins/listener_plugin.py took 0.028 seconds
[2026-05-04T00:51:01.532+0300] {processor.py:186} INFO - Started process (PID=6292) to work on /home/nikita/airflow-setup/ENV/lib/python3.12/site-packages/airflow/example_dags/plugins/listener_plugin.py
[2026-05-04T00:51:01.541+0300] {processor.py:914} INFO - Processing file /home/nikita/airflow-setup/ENV/lib/python3.12/site-packages/airflow/example_dags/plugins/listener_plugin.py for tasks to queue
[2026-05-04T00:51:01.543+0300] {logging_mixin.py:190} INFO - [2026-05-04T00:51:01.543+0300] {dagbag.py:588} INFO - Filling up the DagBag from /home/nikita/airflow-setup/ENV/lib/python3.12/site-packages/airflow/example_dags/plugins/listener_plugin.py
[2026-05-04T00:51:01.545+0300] {processor.py:927} WARNING - No viable dags retrieved from /home/nikita/airflow-setup/ENV/lib/python3.12/site-packages/airflow/example_dags/plugins/listener_plugin.py
[2026-05-04T00:51:01.553+0300] {processor.py:208} INFO - Processing /home/nikita/airflow-setup/ENV/lib/python3.12/site-packages/airflow/example_dags/plugins/listener_plugin.py took 0.026 seconds
[2026-05-04T00:51:58.881+0300] {processor.py:186} INFO - Started process (PID=6346) to work on /home/nikita/airflow-setup/ENV/lib/python3.12/site-packages/airflow/example_dags/plugins/listener_plugin.py
[2026-05-04T00:51:58.890+0300] {processor.py:914} INFO - Processing file /home/nikita/airflow-setup/ENV/lib/python3.12/site-packages/airflow/example_dags/plugins/listener_plugin.py for tasks to queue
[2026-05-04T00:51:58.892+0300] {logging_mixin.py:190} INFO - [2026-05-04T00:51:58.891+0300] {dagbag.py:588} INFO - Filling up the DagBag from /home/nikita/airflow-setup/ENV/lib/python3.12/site-packages/airflow/example_dags/plugins/listener_plugin.py
[2026-05-04T00:51:58.894+0300] {processor.py:927} WARNING - No viable dags retrieved from /home/nikita/airflow-setup/ENV/lib/python3.12/site-packages/airflow/example_dags/plugins/listener_plugin.py
[2026-05-04T00:51:58.902+0300] {processor.py:208} INFO - Processing /home/nikita/airflow-setup/ENV/lib/python3.12/site-packages/airflow/example_dags/plugins/listener_plugin.py took 0.027 seconds
[2026-05-04T00:53:01.361+0300] {processor.py:186} INFO - Started process (PID=6423) to work on /home/nikita/airflow-setup/ENV/lib/python3.12/site-packages/airflow/example_dags/plugins/listener_plugin.py
[2026-05-04T00:53:01.363+0300] {processor.py:914} INFO - Processing file /home/nikita/airflow-setup/ENV/lib/python3.12/site-packages/airflow/example_dags/plugins/listener_plugin.py for tasks to queue
[2026-05-04T00:53:01.365+0300] {logging_mixin.py:190} INFO - [2026-05-04T00:53:01.364+0300] {dagbag.py:588} INFO - Filling up the DagBag from /home/nikita/airflow-setup/ENV/lib/python3.12/site-packages/airflow/example_dags/plugins/listener_plugin.py
[2026-05-04T00:53:01.367+0300] {processor.py:927} WARNING - No viable dags retrieved from /home/nikita/airflow-setup/ENV/lib/python3.12/site-packages/airflow/example_dags/plugins/listener_plugin.py
[2026-05-04T00:53:01.375+0300] {processor.py:208} INFO - Processing /home/nikita/airflow-setup/ENV/lib/python3.12/site-packages/airflow/example_dags/plugins/listener_plugin.py took 0.019 seconds
[2026-05-04T00:54:01.159+0300] {processor.py:186} INFO - Started process (PID=6482) to work on /home/nikita/airflow-setup/ENV/lib/python3.12/site-packages/airflow/example_dags/plugins/listener_plugin.py
[2026-05-04T00:54:01.168+0300] {processor.py:914} INFO - Processing file /home/nikita/airflow-setup/ENV/lib/python3.12/site-packages/airflow/example_dags/plugins/listener_plugin.py for tasks to queue
[2026-05-04T00:54:01.169+0300] {logging_mixin.py:190} INFO - [2026-05-04T00:54:01.169+0300] {dagbag.py:588} INFO - Filling up the DagBag from /home/nikita/airflow-setup/ENV/lib/python3.12/site-packages/airflow/example_dags/plugins/listener_plugin.py
[2026-05-04T00:54:01.172+0300] {processor.py:927} WARNING - No viable dags retrieved from /home/nikita/airflow-setup/ENV/lib/python3.12/site-packages/airflow/example_dags/plugins/listener_plugin.py
[2026-05-04T00:54:01.179+0300] {processor.py:208} INFO - Processing /home/nikita/airflow-setup/ENV/lib/python3.12/site-packages/airflow/example_dags/plugins/listener_plugin.py took 0.025 seconds
[2026-05-04T00:55:05.179+0300] {processor.py:186} INFO - Started process (PID=6551) to work on /home/nikita/airflow-setup/ENV/lib/python3.12/site-packages/airflow/example_dags/plugins/listener_plugin.py
[2026-05-04T00:55:05.189+0300] {processor.py:914} INFO - Processing file /home/nikita/airflow-setup/ENV/lib/python3.12/site-packages/airflow/example_dags/plugins/listener_plugin.py for tasks to queue
[2026-05-04T00:55:05.191+0300] {logging_mixin.py:190} INFO - [2026-05-04T00:55:05.190+0300] {dagbag.py:588} INFO - Filling up the DagBag from /home/nikita/airflow-setup/ENV/lib/python3.12/site-packages/airflow/example_dags/plugins/listener_plugin.py
[2026-05-04T00:55:05.193+0300] {processor.py:927} WARNING - No viable dags retrieved from /home/nikita/airflow-setup/ENV/lib/python3.12/site-packages/airflow/example_dags/plugins/listener_plugin.py
[2026-05-04T00:55:05.203+0300] {processor.py:208} INFO - Processing /home/nikita/airflow-setup/ENV/lib/python3.12/site-packages/airflow/example_dags/plugins/listener_plugin.py took 0.029 seconds
[2026-05-04T00:56:06.274+0300] {processor.py:186} INFO - Started process (PID=6610) to work on /home/nikita/airflow-setup/ENV/lib/python3.12/site-packages/airflow/example_dags/plugins/listener_plugin.py
[2026-05-04T00:56:06.284+0300] {processor.py:914} INFO - Processing file /home/nikita/airflow-setup/ENV/lib/python3.12/site-packages/airflow/example_dags/plugins/listener_plugin.py for tasks to queue
[2026-05-04T00:56:06.286+0300] {logging_mixin.py:190} INFO - [2026-05-04T00:56:06.285+0300] {dagbag.py:588} INFO - Filling up the DagBag from /home/nikita/airflow-setup/ENV/lib/python3.12/site-packages/airflow/example_dags/plugins/listener_plugin.py
[2026-05-04T00:56:06.288+0300] {processor.py:927} WARNING - No viable dags retrieved from /home/nikita/airflow-setup/ENV/lib/python3.12/site-packages/airflow/example_dags/plugins/listener_plugin.py
[2026-05-04T00:56:06.297+0300] {processor.py:208} INFO - Processing /home/nikita/airflow-setup/ENV/lib/python3.12/site-packages/airflow/example_dags/plugins/listener_plugin.py took 0.027 seconds
[2026-05-04T00:57:04.146+0300] {processor.py:186} INFO - Started process (PID=6909) to work on /home/nikita/airflow-setup/ENV/lib/python3.12/site-packages/airflow/example_dags/plugins/listener_plugin.py
[2026-05-04T00:57:04.147+0300] {processor.py:914} INFO - Processing file /home/nikita/airflow-setup/ENV/lib/python3.12/site-packages/airflow/example_dags/plugins/listener_plugin.py for tasks to queue
[2026-05-04T00:57:04.152+0300] {logging_mixin.py:190} INFO - [2026-05-04T00:57:04.151+0300] {dagbag.py:588} INFO - Filling up the DagBag from /home/nikita/airflow-setup/ENV/lib/python3.12/site-packages/airflow/example_dags/plugins/listener_plugin.py
[2026-05-04T00:57:04.159+0300] {processor.py:927} WARNING - No viable dags retrieved from /home/nikita/airflow-setup/ENV/lib/python3.12/site-packages/airflow/example_dags/plugins/listener_plugin.py
[2026-05-04T00:57:04.182+0300] {processor.py:208} INFO - Processing /home/nikita/airflow-setup/ENV/lib/python3.12/site-packages/airflow/example_dags/plugins/listener_plugin.py took 0.047 seconds
[2026-05-04T00:58:04.582+0300] {processor.py:186} INFO - Started process (PID=7198) to work on /home/nikita/airflow-setup/ENV/lib/python3.12/site-packages/airflow/example_dags/plugins/listener_plugin.py
[2026-05-04T00:58:04.590+0300] {processor.py:914} INFO - Processing file /home/nikita/airflow-setup/ENV/lib/python3.12/site-packages/airflow/example_dags/plugins/listener_plugin.py for tasks to queue
[2026-05-04T00:58:04.593+0300] {logging_mixin.py:190} INFO - [2026-05-04T00:58:04.592+0300] {dagbag.py:588} INFO - Filling up the DagBag from /home/nikita/airflow-setup/ENV/lib/python3.12/site-packages/airflow/example_dags/plugins/listener_plugin.py
[2026-05-04T00:58:04.595+0300] {processor.py:927} WARNING - No viable dags retrieved from /home/nikita/airflow-setup/ENV/lib/python3.12/site-packages/airflow/example_dags/plugins/listener_plugin.py
[2026-05-04T00:58:04.604+0300] {processor.py:208} INFO - Processing /home/nikita/airflow-setup/ENV/lib/python3.12/site-packages/airflow/example_dags/plugins/listener_plugin.py took 0.027 seconds
[2026-05-04T00:59:01.458+0300] {processor.py:186} INFO - Started process (PID=7417) to work on /home/nikita/airflow-setup/ENV/lib/python3.12/site-packages/airflow/example_dags/plugins/listener_plugin.py
[2026-05-04T00:59:01.466+0300] {processor.py:914} INFO - Processing file /home/nikita/airflow-setup/ENV/lib/python3.12/site-packages/airflow/example_dags/plugins/listener_plugin.py for tasks to queue
[2026-05-04T00:59:01.468+0300] {logging_mixin.py:190} INFO - [2026-05-04T00:59:01.468+0300] {dagbag.py:588} INFO - Filling up the DagBag from /home/nikita/airflow-setup/ENV/lib/python3.12/site-packages/airflow/example_dags/plugins/listener_plugin.py
[2026-05-04T00:59:01.470+0300] {processor.py:927} WARNING - No viable dags retrieved from /home/nikita/airflow-setup/ENV/lib/python3.12/site-packages/airflow/example_dags/plugins/listener_plugin.py
[2026-05-04T00:59:01.479+0300] {processor.py:208} INFO - Processing /home/nikita/airflow-setup/ENV/lib/python3.12/site-packages/airflow/example_dags/plugins/listener_plugin.py took 0.025 seconds
[2026-05-04T00:59:59.653+0300] {processor.py:186} INFO - Started process (PID=8254) to work on /home/nikita/airflow-setup/ENV/lib/python3.12/site-packages/airflow/example_dags/plugins/listener_plugin.py
[2026-05-04T00:59:59.661+0300] {processor.py:914} INFO - Processing file /home/nikita/airflow-setup/ENV/lib/python3.12/site-packages/airflow/example_dags/plugins/listener_plugin.py for tasks to queue
[2026-05-04T00:59:59.663+0300] {logging_mixin.py:190} INFO - [2026-05-04T00:59:59.662+0300] {dagbag.py:588} INFO - Filling up the DagBag from /home/nikita/airflow-setup/ENV/lib/python3.12/site-packages/airflow/example_dags/plugins/listener_plugin.py
[2026-05-04T00:59:59.664+0300] {processor.py:927} WARNING - No viable dags retrieved from /home/nikita/airflow-setup/ENV/lib/python3.12/site-packages/airflow/example_dags/plugins/listener_plugin.py
[2026-05-04T00:59:59.672+0300] {processor.py:208} INFO - Processing /home/nikita/airflow-setup/ENV/lib/python3.12/site-packages/airflow/example_dags/plugins/listener_plugin.py took 0.024 seconds
[2026-05-04T01:01:08.134+0300] {processor.py:186} INFO - Started process (PID=8558) to work on /home/nikita/airflow-setup/ENV/lib/python3.12/site-packages/airflow/example_dags/plugins/listener_plugin.py
[2026-05-04T01:01:08.136+0300] {processor.py:914} INFO - Processing file /home/nikita/airflow-setup/ENV/lib/python3.12/site-packages/airflow/example_dags/plugins/listener_plugin.py for tasks to queue
[2026-05-04T01:01:08.137+0300] {logging_mixin.py:190} INFO - [2026-05-04T01:01:08.136+0300] {dagbag.py:588} INFO - Filling up the DagBag from /home/nikita/airflow-setup/ENV/lib/python3.12/site-packages/airflow/example_dags/plugins/listener_plugin.py
[2026-05-04T01:01:08.138+0300] {processor.py:927} WARNING - No viable dags retrieved from /home/nikita/airflow-setup/ENV/lib/python3.12/site-packages/airflow/example_dags/plugins/listener_plugin.py
[2026-05-04T01:01:08.145+0300] {processor.py:208} INFO - Processing /home/nikita/airflow-setup/ENV/lib/python3.12/site-packages/airflow/example_dags/plugins/listener_plugin.py took 0.015 seconds
[2026-05-04T01:02:15.131+0300] {processor.py:186} INFO - Started process (PID=9213) to work on /home/nikita/airflow-setup/ENV/lib/python3.12/site-packages/airflow/example_dags/plugins/listener_plugin.py
[2026-05-04T01:02:15.133+0300] {processor.py:914} INFO - Processing file /home/nikita/airflow-setup/ENV/lib/python3.12/site-packages/airflow/example_dags/plugins/listener_plugin.py for tasks to queue
[2026-05-04T01:02:15.134+0300] {logging_mixin.py:190} INFO - [2026-05-04T01:02:15.134+0300] {dagbag.py:588} INFO - Filling up the DagBag from /home/nikita/airflow-setup/ENV/lib/python3.12/site-packages/airflow/example_dags/plugins/listener_plugin.py
[2026-05-04T01:02:15.136+0300] {processor.py:927} WARNING - No viable dags retrieved from /home/nikita/airflow-setup/ENV/lib/python3.12/site-packages/airflow/example_dags/plugins/listener_plugin.py
[2026-05-04T01:02:15.145+0300] {processor.py:208} INFO - Processing /home/nikita/airflow-setup/ENV/lib/python3.12/site-packages/airflow/example_dags/plugins/listener_plugin.py took 0.017 seconds
[2026-05-04T01:02:52.344+0300] {processor.py:186} INFO - Started process (PID=9556) to work on /home/nikita/airflow-setup/ENV/lib/python3.12/site-packages/airflow/example_dags/plugins/listener_plugin.py
[2026-05-04T01:02:52.354+0300] {processor.py:914} INFO - Processing file /home/nikita/airflow-setup/ENV/lib/python3.12/site-packages/airflow/example_dags/plugins/listener_plugin.py for tasks to queue
[2026-05-04T01:02:52.355+0300] {logging_mixin.py:190} INFO - [2026-05-04T01:02:52.355+0300] {dagbag.py:588} INFO - Filling up the DagBag from /home/nikita/airflow-setup/ENV/lib/python3.12/site-packages/airflow/example_dags/plugins/listener_plugin.py
[2026-05-04T01:02:52.357+0300] {processor.py:927} WARNING - No viable dags retrieved from /home/nikita/airflow-setup/ENV/lib/python3.12/site-packages/airflow/example_dags/plugins/listener_plugin.py
[2026-05-04T01:02:52.364+0300] {processor.py:208} INFO - Processing /home/nikita/airflow-setup/ENV/lib/python3.12/site-packages/airflow/example_dags/plugins/listener_plugin.py took 0.024 seconds
[2026-05-04T01:03:54.068+0300] {processor.py:186} INFO - Started process (PID=9833) to work on /home/nikita/airflow-setup/ENV/lib/python3.12/site-packages/airflow/example_dags/plugins/listener_plugin.py
[2026-05-04T01:03:54.069+0300] {processor.py:914} INFO - Processing file /home/nikita/airflow-setup/ENV/lib/python3.12/site-packages/airflow/example_dags/plugins/listener_plugin.py for tasks to queue
[2026-05-04T01:03:54.070+0300] {logging_mixin.py:190} INFO - [2026-05-04T01:03:54.070+0300] {dagbag.py:588} INFO - Filling up the DagBag from /home/nikita/airflow-setup/ENV/lib/python3.12/site-packages/airflow/example_dags/plugins/listener_plugin.py
[2026-05-04T01:03:54.072+0300] {processor.py:927} WARNING - No viable dags retrieved from /home/nikita/airflow-setup/ENV/lib/python3.12/site-packages/airflow/example_dags/plugins/listener_plugin.py
[2026-05-04T01:03:54.079+0300] {processor.py:208} INFO - Processing /home/nikita/airflow-setup/ENV/lib/python3.12/site-packages/airflow/example_dags/plugins/listener_plugin.py took 0.015 seconds
[2026-05-04T01:04:58.108+0300] {processor.py:186} INFO - Started process (PID=10085) to work on /home/nikita/airflow-setup/ENV/lib/python3.12/site-packages/airflow/example_dags/plugins/listener_plugin.py
[2026-05-04T01:04:58.109+0300] {processor.py:914} INFO - Processing file /home/nikita/airflow-setup/ENV/lib/python3.12/site-packages/airflow/example_dags/plugins/listener_plugin.py for tasks to queue
[2026-05-04T01:04:58.110+0300] {logging_mixin.py:190} INFO - [2026-05-04T01:04:58.110+0300] {dagbag.py:588} INFO - Filling up the DagBag from /home/nikita/airflow-setup/ENV/lib/python3.12/site-packages/airflow/example_dags/plugins/listener_plugin.py
[2026-05-04T01:04:58.112+0300] {processor.py:927} WARNING - No viable dags retrieved from /home/nikita/airflow-setup/ENV/lib/python3.12/site-packages/airflow/example_dags/plugins/listener_plugin.py
[2026-05-04T01:04:58.119+0300] {processor.py:208} INFO - Processing /home/nikita/airflow-setup/ENV/lib/python3.12/site-packages/airflow/example_dags/plugins/listener_plugin.py took 0.015 seconds
[2026-05-04T01:06:05.502+0300] {processor.py:186} INFO - Started process (PID=10360) to work on /home/nikita/airflow-setup/ENV/lib/python3.12/site-packages/airflow/example_dags/plugins/listener_plugin.py
[2026-05-04T01:06:05.503+0300] {processor.py:914} INFO - Processing file /home/nikita/airflow-setup/ENV/lib/python3.12/site-packages/airflow/example_dags/plugins/listener_plugin.py for tasks to queue
[2026-05-04T01:06:05.504+0300] {logging_mixin.py:190} INFO - [2026-05-04T01:06:05.504+0300] {dagbag.py:588} INFO - Filling up the DagBag from /home/nikita/airflow-setup/ENV/lib/python3.12/site-packages/airflow/example_dags/plugins/listener_plugin.py
[2026-05-04T01:06:05.506+0300] {processor.py:927} WARNING - No viable dags retrieved from /home/nikita/airflow-setup/ENV/lib/python3.12/site-packages/airflow/example_dags/plugins/listener_plugin.py
[2026-05-04T01:06:05.514+0300] {processor.py:208} INFO - Processing /home/nikita/airflow-setup/ENV/lib/python3.12/site-packages/airflow/example_dags/plugins/listener_plugin.py took 0.017 seconds
[2026-05-04T01:07:09.168+0300] {processor.py:186} INFO - Started process (PID=10605) to work on /home/nikita/airflow-setup/ENV/lib/python3.12/site-packages/airflow/example_dags/plugins/listener_plugin.py
[2026-05-04T01:07:09.179+0300] {processor.py:914} INFO - Processing file /home/nikita/airflow-setup/ENV/lib/python3.12/site-packages/airflow/example_dags/plugins/listener_plugin.py for tasks to queue
[2026-05-04T01:07:09.180+0300] {logging_mixin.py:190} INFO - [2026-05-04T01:07:09.180+0300] {dagbag.py:588} INFO - Filling up the DagBag from /home/nikita/airflow-setup/ENV/lib/python3.12/site-packages/airflow/example_dags/plugins/listener_plugin.py
[2026-05-04T01:07:09.182+0300] {processor.py:927} WARNING - No viable dags retrieved from /home/nikita/airflow-setup/ENV/lib/python3.12/site-packages/airflow/example_dags/plugins/listener_plugin.py
[2026-05-04T01:07:09.189+0300] {processor.py:208} INFO - Processing /home/nikita/airflow-setup/ENV/lib/python3.12/site-packages/airflow/example_dags/plugins/listener_plugin.py took 0.025 seconds
[2026-05-04T01:08:20.584+0300] {processor.py:186} INFO - Started process (PID=11178) to work on /home/nikita/airflow-setup/ENV/lib/python3.12/site-packages/airflow/example_dags/plugins/listener_plugin.py
[2026-05-04T01:08:20.593+0300] {processor.py:914} INFO - Processing file /home/nikita/airflow-setup/ENV/lib/python3.12/site-packages/airflow/example_dags/plugins/listener_plugin.py for tasks to queue
[2026-05-04T01:08:20.594+0300] {logging_mixin.py:190} INFO - [2026-05-04T01:08:20.593+0300] {dagbag.py:588} INFO - Filling up the DagBag from /home/nikita/airflow-setup/ENV/lib/python3.12/site-packages/airflow/example_dags/plugins/listener_plugin.py
[2026-05-04T01:08:20.596+0300] {processor.py:927} WARNING - No viable dags retrieved from /home/nikita/airflow-setup/ENV/lib/python3.12/site-packages/airflow/example_dags/plugins/listener_plugin.py
[2026-05-04T01:08:20.607+0300] {processor.py:208} INFO - Processing /home/nikita/airflow-setup/ENV/lib/python3.12/site-packages/airflow/example_dags/plugins/listener_plugin.py took 0.028 seconds
[2026-05-04T01:09:25.900+0300] {processor.py:186} INFO - Started process (PID=12025) to work on /home/nikita/airflow-setup/ENV/lib/python3.12/site-packages/airflow/example_dags/plugins/listener_plugin.py
[2026-05-04T01:09:25.909+0300] {processor.py:914} INFO - Processing file /home/nikita/airflow-setup/ENV/lib/python3.12/site-packages/airflow/example_dags/plugins/listener_plugin.py for tasks to queue
[2026-05-04T01:09:25.910+0300] {logging_mixin.py:190} INFO - [2026-05-04T01:09:25.910+0300] {dagbag.py:588} INFO - Filling up the DagBag from /home/nikita/airflow-setup/ENV/lib/python3.12/site-packages/airflow/example_dags/plugins/listener_plugin.py
[2026-05-04T01:09:25.912+0300] {processor.py:927} WARNING - No viable dags retrieved from /home/nikita/airflow-setup/ENV/lib/python3.12/site-packages/airflow/example_dags/plugins/listener_plugin.py
[2026-05-04T01:09:25.919+0300] {processor.py:208} INFO - Processing /home/nikita/airflow-setup/ENV/lib/python3.12/site-packages/airflow/example_dags/plugins/listener_plugin.py took 0.023 seconds
[2026-05-04T01:10:34.602+0300] {processor.py:186} INFO - Started process (PID=12325) to work on /home/nikita/airflow-setup/ENV/lib/python3.12/site-packages/airflow/example_dags/plugins/listener_plugin.py
[2026-05-04T01:10:34.608+0300] {processor.py:914} INFO - Processing file /home/nikita/airflow-setup/ENV/lib/python3.12/site-packages/airflow/example_dags/plugins/listener_plugin.py for tasks to queue
[2026-05-04T01:10:34.609+0300] {logging_mixin.py:190} INFO - [2026-05-04T01:10:34.609+0300] {dagbag.py:588} INFO - Filling up the DagBag from /home/nikita/airflow-setup/ENV/lib/python3.12/site-packages/airflow/example_dags/plugins/listener_plugin.py
[2026-05-04T01:10:34.611+0300] {processor.py:927} WARNING - No viable dags retrieved from /home/nikita/airflow-setup/ENV/lib/python3.12/site-packages/airflow/example_dags/plugins/listener_plugin.py
[2026-05-04T01:10:34.618+0300] {processor.py:208} INFO - Processing /home/nikita/airflow-setup/ENV/lib/python3.12/site-packages/airflow/example_dags/plugins/listener_plugin.py took 0.021 seconds
[2026-05-04T01:11:41.782+0300] {processor.py:186} INFO - Started process (PID=12583) to work on /home/nikita/airflow-setup/ENV/lib/python3.12/site-packages/airflow/example_dags/plugins/listener_plugin.py
[2026-05-04T01:11:41.792+0300] {processor.py:914} INFO - Processing file /home/nikita/airflow-setup/ENV/lib/python3.12/site-packages/airflow/example_dags/plugins/listener_plugin.py for tasks to queue
[2026-05-04T01:11:41.793+0300] {logging_mixin.py:190} INFO - [2026-05-04T01:11:41.792+0300] {dagbag.py:588} INFO - Filling up the DagBag from /home/nikita/airflow-setup/ENV/lib/python3.12/site-packages/airflow/example_dags/plugins/listener_plugin.py
[2026-05-04T01:11:41.795+0300] {processor.py:927} WARNING - No viable dags retrieved from /home/nikita/airflow-setup/ENV/lib/python3.12/site-packages/airflow/example_dags/plugins/listener_plugin.py
[2026-05-04T01:11:41.802+0300] {processor.py:208} INFO - Processing /home/nikita/airflow-setup/ENV/lib/python3.12/site-packages/airflow/example_dags/plugins/listener_plugin.py took 0.024 seconds
[2026-05-04T01:12:40.922+0300] {processor.py:186} INFO - Started process (PID=12806) to work on /home/nikita/airflow-setup/ENV/lib/python3.12/site-packages/airflow/example_dags/plugins/listener_plugin.py
[2026-05-04T01:12:40.924+0300] {processor.py:914} INFO - Processing file /home/nikita/airflow-setup/ENV/lib/python3.12/site-packages/airflow/example_dags/plugins/listener_plugin.py for tasks to queue
[2026-05-04T01:12:40.925+0300] {logging_mixin.py:190} INFO - [2026-05-04T01:12:40.925+0300] {dagbag.py:588} INFO - Filling up the DagBag from /home/nikita/airflow-setup/ENV/lib/python3.12/site-packages/airflow/example_dags/plugins/listener_plugin.py
[2026-05-04T01:12:40.927+0300] {processor.py:927} WARNING - No viable dags retrieved from /home/nikita/airflow-setup/ENV/lib/python3.12/site-packages/airflow/example_dags/plugins/listener_plugin.py
[2026-05-04T01:12:40.935+0300] {processor.py:208} INFO - Processing /home/nikita/airflow-setup/ENV/lib/python3.12/site-packages/airflow/example_dags/plugins/listener_plugin.py took 0.017 seconds
[2026-05-04T01:13:43.620+0300] {processor.py:186} INFO - Started process (PID=13367) to work on /home/nikita/airflow-setup/ENV/lib/python3.12/site-packages/airflow/example_dags/plugins/listener_plugin.py
[2026-05-04T01:13:43.628+0300] {processor.py:914} INFO - Processing file /home/nikita/airflow-setup/ENV/lib/python3.12/site-packages/airflow/example_dags/plugins/listener_plugin.py for tasks to queue
[2026-05-04T01:13:43.629+0300] {logging_mixin.py:190} INFO - [2026-05-04T01:13:43.629+0300] {dagbag.py:588} INFO - Filling up the DagBag from /home/nikita/airflow-setup/ENV/lib/python3.12/site-packages/airflow/example_dags/plugins/listener_plugin.py
[2026-05-04T01:13:43.631+0300] {processor.py:927} WARNING - No viable dags retrieved from /home/nikita/airflow-setup/ENV/lib/python3.12/site-packages/airflow/example_dags/plugins/listener_plugin.py
[2026-05-04T01:13:43.639+0300] {processor.py:208} INFO - Processing /home/nikita/airflow-setup/ENV/lib/python3.12/site-packages/airflow/example_dags/plugins/listener_plugin.py took 0.023 seconds
[2026-05-04T01:14:51.884+0300] {processor.py:186} INFO - Started process (PID=14375) to work on /home/nikita/airflow-setup/ENV/lib/python3.12/site-packages/airflow/example_dags/plugins/listener_plugin.py
[2026-05-04T01:14:51.894+0300] {processor.py:914} INFO - Processing file /home/nikita/airflow-setup/ENV/lib/python3.12/site-packages/airflow/example_dags/plugins/listener_plugin.py for tasks to queue
[2026-05-04T01:14:51.895+0300] {logging_mixin.py:190} INFO - [2026-05-04T01:14:51.894+0300] {dagbag.py:588} INFO - Filling up the DagBag from /home/nikita/airflow-setup/ENV/lib/python3.12/site-packages/airflow/example_dags/plugins/listener_plugin.py
[2026-05-04T01:14:51.897+0300] {processor.py:927} WARNING - No viable dags retrieved from /home/nikita/airflow-setup/ENV/lib/python3.12/site-packages/airflow/example_dags/plugins/listener_plugin.py
[2026-05-04T01:14:51.904+0300] {processor.py:208} INFO - Processing /home/nikita/airflow-setup/ENV/lib/python3.12/site-packages/airflow/example_dags/plugins/listener_plugin.py took 0.024 seconds
[2026-05-04T01:15:57.346+0300] {processor.py:186} INFO - Started process (PID=15391) to work on /home/nikita/airflow-setup/ENV/lib/python3.12/site-packages/airflow/example_dags/plugins/listener_plugin.py
[2026-05-04T01:15:57.349+0300] {processor.py:914} INFO - Processing file /home/nikita/airflow-setup/ENV/lib/python3.12/site-packages/airflow/example_dags/plugins/listener_plugin.py for tasks to queue
[2026-05-04T01:15:57.351+0300] {logging_mixin.py:190} INFO - [2026-05-04T01:15:57.350+0300] {dagbag.py:588} INFO - Filling up the DagBag from /home/nikita/airflow-setup/ENV/lib/python3.12/site-packages/airflow/example_dags/plugins/listener_plugin.py
[2026-05-04T01:15:57.353+0300] {processor.py:927} WARNING - No viable dags retrieved from /home/nikita/airflow-setup/ENV/lib/python3.12/site-packages/airflow/example_dags/plugins/listener_plugin.py
[2026-05-04T01:15:57.366+0300] {processor.py:208} INFO - Processing /home/nikita/airflow-setup/ENV/lib/python3.12/site-packages/airflow/example_dags/plugins/listener_plugin.py took 0.027 seconds
[2026-05-04T01:16:34.025+0300] {processor.py:186} INFO - Started process (PID=15718) to work on /home/nikita/airflow-setup/ENV/lib/python3.12/site-packages/airflow/example_dags/plugins/listener_plugin.py
[2026-05-04T01:16:34.035+0300] {processor.py:914} INFO - Processing file /home/nikita/airflow-setup/ENV/lib/python3.12/site-packages/airflow/example_dags/plugins/listener_plugin.py for tasks to queue
[2026-05-04T01:16:34.037+0300] {logging_mixin.py:190} INFO - [2026-05-04T01:16:34.036+0300] {dagbag.py:588} INFO - Filling up the DagBag from /home/nikita/airflow-setup/ENV/lib/python3.12/site-packages/airflow/example_dags/plugins/listener_plugin.py
[2026-05-04T01:16:34.039+0300] {processor.py:927} WARNING - No viable dags retrieved from /home/nikita/airflow-setup/ENV/lib/python3.12/site-packages/airflow/example_dags/plugins/listener_plugin.py
[2026-05-04T01:16:34.048+0300] {processor.py:208} INFO - Processing /home/nikita/airflow-setup/ENV/lib/python3.12/site-packages/airflow/example_dags/plugins/listener_plugin.py took 0.027 seconds
[2026-05-04T01:17:43.259+0300] {processor.py:186} INFO - Started process (PID=15979) to work on /home/nikita/airflow-setup/ENV/lib/python3.12/site-packages/airflow/example_dags/plugins/listener_plugin.py
[2026-05-04T01:17:43.267+0300] {processor.py:914} INFO - Processing file /home/nikita/airflow-setup/ENV/lib/python3.12/site-packages/airflow/example_dags/plugins/listener_plugin.py for tasks to queue
[2026-05-04T01:17:43.269+0300] {logging_mixin.py:190} INFO - [2026-05-04T01:17:43.268+0300] {dagbag.py:588} INFO - Filling up the DagBag from /home/nikita/airflow-setup/ENV/lib/python3.12/site-packages/airflow/example_dags/plugins/listener_plugin.py
[2026-05-04T01:17:43.271+0300] {processor.py:927} WARNING - No viable dags retrieved from /home/nikita/airflow-setup/ENV/lib/python3.12/site-packages/airflow/example_dags/plugins/listener_plugin.py
[2026-05-04T01:17:43.281+0300] {processor.py:208} INFO - Processing /home/nikita/airflow-setup/ENV/lib/python3.12/site-packages/airflow/example_dags/plugins/listener_plugin.py took 0.028 seconds
[2026-05-04T01:18:51.629+0300] {processor.py:186} INFO - Started process (PID=16237) to work on /home/nikita/airflow-setup/ENV/lib/python3.12/site-packages/airflow/example_dags/plugins/listener_plugin.py
[2026-05-04T01:18:51.638+0300] {processor.py:914} INFO - Processing file /home/nikita/airflow-setup/ENV/lib/python3.12/site-packages/airflow/example_dags/plugins/listener_plugin.py for tasks to queue
[2026-05-04T01:18:51.639+0300] {logging_mixin.py:190} INFO - [2026-05-04T01:18:51.638+0300] {dagbag.py:588} INFO - Filling up the DagBag from /home/nikita/airflow-setup/ENV/lib/python3.12/site-packages/airflow/example_dags/plugins/listener_plugin.py
[2026-05-04T01:18:51.640+0300] {processor.py:927} WARNING - No viable dags retrieved from /home/nikita/airflow-setup/ENV/lib/python3.12/site-packages/airflow/example_dags/plugins/listener_plugin.py
[2026-05-04T01:18:51.648+0300] {processor.py:208} INFO - Processing /home/nikita/airflow-setup/ENV/lib/python3.12/site-packages/airflow/example_dags/plugins/listener_plugin.py took 0.023 seconds
[2026-05-04T01:19:54.257+0300] {processor.py:186} INFO - Started process (PID=16485) to work on /home/nikita/airflow-setup/ENV/lib/python3.12/site-packages/airflow/example_dags/plugins/listener_plugin.py
[2026-05-04T01:19:54.266+0300] {processor.py:914} INFO - Processing file /home/nikita/airflow-setup/ENV/lib/python3.12/site-packages/airflow/example_dags/plugins/listener_plugin.py for tasks to queue
[2026-05-04T01:19:54.267+0300] {logging_mixin.py:190} INFO - [2026-05-04T01:19:54.267+0300] {dagbag.py:588} INFO - Filling up the DagBag from /home/nikita/airflow-setup/ENV/lib/python3.12/site-packages/airflow/example_dags/plugins/listener_plugin.py
[2026-05-04T01:19:54.269+0300] {processor.py:927} WARNING - No viable dags retrieved from /home/nikita/airflow-setup/ENV/lib/python3.12/site-packages/airflow/example_dags/plugins/listener_plugin.py
[2026-05-04T01:19:54.277+0300] {processor.py:208} INFO - Processing /home/nikita/airflow-setup/ENV/lib/python3.12/site-packages/airflow/example_dags/plugins/listener_plugin.py took 0.024 seconds
[2026-05-04T01:21:01.154+0300] {processor.py:186} INFO - Started process (PID=16747) to work on /home/nikita/airflow-setup/ENV/lib/python3.12/site-packages/airflow/example_dags/plugins/listener_plugin.py
[2026-05-04T01:21:01.155+0300] {processor.py:914} INFO - Processing file /home/nikita/airflow-setup/ENV/lib/python3.12/site-packages/airflow/example_dags/plugins/listener_plugin.py for tasks to queue
[2026-05-04T01:21:01.156+0300] {logging_mixin.py:190} INFO - [2026-05-04T01:21:01.156+0300] {dagbag.py:588} INFO - Filling up the DagBag from /home/nikita/airflow-setup/ENV/lib/python3.12/site-packages/airflow/example_dags/plugins/listener_plugin.py
[2026-05-04T01:21:01.158+0300] {processor.py:927} WARNING - No viable dags retrieved from /home/nikita/airflow-setup/ENV/lib/python3.12/site-packages/airflow/example_dags/plugins/listener_plugin.py
[2026-05-04T01:21:01.168+0300] {processor.py:208} INFO - Processing /home/nikita/airflow-setup/ENV/lib/python3.12/site-packages/airflow/example_dags/plugins/listener_plugin.py took 0.018 seconds
[2026-05-04T01:22:11.098+0300] {processor.py:186} INFO - Started process (PID=17013) to work on /home/nikita/airflow-setup/ENV/lib/python3.12/site-packages/airflow/example_dags/plugins/listener_plugin.py
[2026-05-04T01:22:11.100+0300] {processor.py:914} INFO - Processing file /home/nikita/airflow-setup/ENV/lib/python3.12/site-packages/airflow/example_dags/plugins/listener_plugin.py for tasks to queue
[2026-05-04T01:22:11.101+0300] {logging_mixin.py:190} INFO - [2026-05-04T01:22:11.101+0300] {dagbag.py:588} INFO - Filling up the DagBag from /home/nikita/airflow-setup/ENV/lib/python3.12/site-packages/airflow/example_dags/plugins/listener_plugin.py
[2026-05-04T01:22:11.103+0300] {processor.py:927} WARNING - No viable dags retrieved from /home/nikita/airflow-setup/ENV/lib/python3.12/site-packages/airflow/example_dags/plugins/listener_plugin.py
[2026-05-04T01:22:11.111+0300] {processor.py:208} INFO - Processing /home/nikita/airflow-setup/ENV/lib/python3.12/site-packages/airflow/example_dags/plugins/listener_plugin.py took 0.017 seconds
[2026-05-04T01:22:48.382+0300] {processor.py:186} INFO - Started process (PID=17150) to work on /home/nikita/airflow-setup/ENV/lib/python3.12/site-packages/airflow/example_dags/plugins/listener_plugin.py
[2026-05-04T01:22:48.391+0300] {processor.py:914} INFO - Processing file /home/nikita/airflow-setup/ENV/lib/python3.12/site-packages/airflow/example_dags/plugins/listener_plugin.py for tasks to queue
[2026-05-04T01:22:48.392+0300] {logging_mixin.py:190} INFO - [2026-05-04T01:22:48.392+0300] {dagbag.py:588} INFO - Filling up the DagBag from /home/nikita/airflow-setup/ENV/lib/python3.12/site-packages/airflow/example_dags/plugins/listener_plugin.py
[2026-05-04T01:22:48.394+0300] {processor.py:927} WARNING - No viable dags retrieved from /home/nikita/airflow-setup/ENV/lib/python3.12/site-packages/airflow/example_dags/plugins/listener_plugin.py
[2026-05-04T01:22:48.401+0300] {processor.py:208} INFO - Processing /home/nikita/airflow-setup/ENV/lib/python3.12/site-packages/airflow/example_dags/plugins/listener_plugin.py took 0.023 seconds
[2026-05-04T01:23:52.872+0300] {processor.py:186} INFO - Started process (PID=17400) to work on /home/nikita/airflow-setup/ENV/lib/python3.12/site-packages/airflow/example_dags/plugins/listener_plugin.py
[2026-05-04T01:23:52.881+0300] {processor.py:914} INFO - Processing file /home/nikita/airflow-setup/ENV/lib/python3.12/site-packages/airflow/example_dags/plugins/listener_plugin.py for tasks to queue
[2026-05-04T01:23:52.882+0300] {logging_mixin.py:190} INFO - [2026-05-04T01:23:52.882+0300] {dagbag.py:588} INFO - Filling up the DagBag from /home/nikita/airflow-setup/ENV/lib/python3.12/site-packages/airflow/example_dags/plugins/listener_plugin.py
[2026-05-04T01:23:52.884+0300] {processor.py:927} WARNING - No viable dags retrieved from /home/nikita/airflow-setup/ENV/lib/python3.12/site-packages/airflow/example_dags/plugins/listener_plugin.py
[2026-05-04T01:23:52.891+0300] {processor.py:208} INFO - Processing /home/nikita/airflow-setup/ENV/lib/python3.12/site-packages/airflow/example_dags/plugins/listener_plugin.py took 0.024 seconds
[2026-05-04T01:25:04.417+0300] {processor.py:186} INFO - Started process (PID=17979) to work on /home/nikita/airflow-setup/ENV/lib/python3.12/site-packages/airflow/example_dags/plugins/listener_plugin.py
[2026-05-04T01:25:04.419+0300] {processor.py:914} INFO - Processing file /home/nikita/airflow-setup/ENV/lib/python3.12/site-packages/airflow/example_dags/plugins/listener_plugin.py for tasks to queue
[2026-05-04T01:25:04.420+0300] {logging_mixin.py:190} INFO - [2026-05-04T01:25:04.420+0300] {dagbag.py:588} INFO - Filling up the DagBag from /home/nikita/airflow-setup/ENV/lib/python3.12/site-packages/airflow/example_dags/plugins/listener_plugin.py
[2026-05-04T01:25:04.422+0300] {processor.py:927} WARNING - No viable dags retrieved from /home/nikita/airflow-setup/ENV/lib/python3.12/site-packages/airflow/example_dags/plugins/listener_plugin.py
[2026-05-04T01:25:04.432+0300] {processor.py:208} INFO - Processing /home/nikita/airflow-setup/ENV/lib/python3.12/site-packages/airflow/example_dags/plugins/listener_plugin.py took 0.020 seconds
[2026-05-04T01:26:12.169+0300] {processor.py:186} INFO - Started process (PID=18591) to work on /home/nikita/airflow-setup/ENV/lib/python3.12/site-packages/airflow/example_dags/plugins/listener_plugin.py
[2026-05-04T01:26:12.170+0300] {processor.py:914} INFO - Processing file /home/nikita/airflow-setup/ENV/lib/python3.12/site-packages/airflow/example_dags/plugins/listener_plugin.py for tasks to queue
[2026-05-04T01:26:12.172+0300] {logging_mixin.py:190} INFO - [2026-05-04T01:26:12.172+0300] {dagbag.py:588} INFO - Filling up the DagBag from /home/nikita/airflow-setup/ENV/lib/python3.12/site-packages/airflow/example_dags/plugins/listener_plugin.py
[2026-05-04T01:26:12.175+0300] {processor.py:927} WARNING - No viable dags retrieved from /home/nikita/airflow-setup/ENV/lib/python3.12/site-packages/airflow/example_dags/plugins/listener_plugin.py
[2026-05-04T01:26:12.188+0300] {processor.py:208} INFO - Processing /home/nikita/airflow-setup/ENV/lib/python3.12/site-packages/airflow/example_dags/plugins/listener_plugin.py took 0.027 seconds
[2026-05-04T01:26:49.947+0300] {processor.py:186} INFO - Started process (PID=19400) to work on /home/nikita/airflow-setup/ENV/lib/python3.12/site-packages/airflow/example_dags/plugins/listener_plugin.py
[2026-05-04T01:26:49.956+0300] {processor.py:914} INFO - Processing file /home/nikita/airflow-setup/ENV/lib/python3.12/site-packages/airflow/example_dags/plugins/listener_plugin.py for tasks to queue
[2026-05-04T01:26:49.957+0300] {logging_mixin.py:190} INFO - [2026-05-04T01:26:49.956+0300] {dagbag.py:588} INFO - Filling up the DagBag from /home/nikita/airflow-setup/ENV/lib/python3.12/site-packages/airflow/example_dags/plugins/listener_plugin.py
[2026-05-04T01:26:49.959+0300] {processor.py:927} WARNING - No viable dags retrieved from /home/nikita/airflow-setup/ENV/lib/python3.12/site-packages/airflow/example_dags/plugins/listener_plugin.py
[2026-05-04T01:26:49.967+0300] {processor.py:208} INFO - Processing /home/nikita/airflow-setup/ENV/lib/python3.12/site-packages/airflow/example_dags/plugins/listener_plugin.py took 0.025 seconds
[2026-05-04T01:28:00.739+0300] {processor.py:186} INFO - Started process (PID=19672) to work on /home/nikita/airflow-setup/ENV/lib/python3.12/site-packages/airflow/example_dags/plugins/listener_plugin.py
[2026-05-04T01:28:00.740+0300] {processor.py:914} INFO - Processing file /home/nikita/airflow-setup/ENV/lib/python3.12/site-packages/airflow/example_dags/plugins/listener_plugin.py for tasks to queue
[2026-05-04T01:28:00.741+0300] {logging_mixin.py:190} INFO - [2026-05-04T01:28:00.741+0300] {dagbag.py:588} INFO - Filling up the DagBag from /home/nikita/airflow-setup/ENV/lib/python3.12/site-packages/airflow/example_dags/plugins/listener_plugin.py
[2026-05-04T01:28:00.743+0300] {processor.py:927} WARNING - No viable dags retrieved from /home/nikita/airflow-setup/ENV/lib/python3.12/site-packages/airflow/example_dags/plugins/listener_plugin.py
[2026-05-04T01:28:00.750+0300] {processor.py:208} INFO - Processing /home/nikita/airflow-setup/ENV/lib/python3.12/site-packages/airflow/example_dags/plugins/listener_plugin.py took 0.016 seconds
[2026-05-04T01:29:10.375+0300] {processor.py:186} INFO - Started process (PID=19934) to work on /home/nikita/airflow-setup/ENV/lib/python3.12/site-packages/airflow/example_dags/plugins/listener_plugin.py
[2026-05-04T01:29:10.376+0300] {processor.py:914} INFO - Processing file /home/nikita/airflow-setup/ENV/lib/python3.12/site-packages/airflow/example_dags/plugins/listener_plugin.py for tasks to queue
[2026-05-04T01:29:10.377+0300] {logging_mixin.py:190} INFO - [2026-05-04T01:29:10.377+0300] {dagbag.py:588} INFO - Filling up the DagBag from /home/nikita/airflow-setup/ENV/lib/python3.12/site-packages/airflow/example_dags/plugins/listener_plugin.py
[2026-05-04T01:29:10.379+0300] {processor.py:927} WARNING - No viable dags retrieved from /home/nikita/airflow-setup/ENV/lib/python3.12/site-packages/airflow/example_dags/plugins/listener_plugin.py
[2026-05-04T01:29:10.386+0300] {processor.py:208} INFO - Processing /home/nikita/airflow-setup/ENV/lib/python3.12/site-packages/airflow/example_dags/plugins/listener_plugin.py took 0.016 seconds
[2026-05-04T01:30:22.138+0300] {processor.py:186} INFO - Started process (PID=20205) to work on /home/nikita/airflow-setup/ENV/lib/python3.12/site-packages/airflow/example_dags/plugins/listener_plugin.py
[2026-05-04T01:30:22.148+0300] {processor.py:914} INFO - Processing file /home/nikita/airflow-setup/ENV/lib/python3.12/site-packages/airflow/example_dags/plugins/listener_plugin.py for tasks to queue
[2026-05-04T01:30:22.151+0300] {logging_mixin.py:190} INFO - [2026-05-04T01:30:22.150+0300] {dagbag.py:588} INFO - Filling up the DagBag from /home/nikita/airflow-setup/ENV/lib/python3.12/site-packages/airflow/example_dags/plugins/listener_plugin.py
[2026-05-04T01:30:22.154+0300] {processor.py:927} WARNING - No viable dags retrieved from /home/nikita/airflow-setup/ENV/lib/python3.12/site-packages/airflow/example_dags/plugins/listener_plugin.py
[2026-05-04T01:30:22.173+0300] {processor.py:208} INFO - Processing /home/nikita/airflow-setup/ENV/lib/python3.12/site-packages/airflow/example_dags/plugins/listener_plugin.py took 0.046 seconds
[2026-05-04T01:31:37.909+0300] {processor.py:186} INFO - Started process (PID=20488) to work on /home/nikita/airflow-setup/ENV/lib/python3.12/site-packages/airflow/example_dags/plugins/listener_plugin.py
[2026-05-04T01:31:37.918+0300] {processor.py:914} INFO - Processing file /home/nikita/airflow-setup/ENV/lib/python3.12/site-packages/airflow/example_dags/plugins/listener_plugin.py for tasks to queue
[2026-05-04T01:31:37.919+0300] {logging_mixin.py:190} INFO - [2026-05-04T01:31:37.919+0300] {dagbag.py:588} INFO - Filling up the DagBag from /home/nikita/airflow-setup/ENV/lib/python3.12/site-packages/airflow/example_dags/plugins/listener_plugin.py
[2026-05-04T01:31:37.921+0300] {processor.py:927} WARNING - No viable dags retrieved from /home/nikita/airflow-setup/ENV/lib/python3.12/site-packages/airflow/example_dags/plugins/listener_plugin.py
[2026-05-04T01:31:37.930+0300] {processor.py:208} INFO - Processing /home/nikita/airflow-setup/ENV/lib/python3.12/site-packages/airflow/example_dags/plugins/listener_plugin.py took 0.025 seconds
[2026-05-04T01:32:20.342+0300] {processor.py:186} INFO - Started process (PID=20641) to work on /home/nikita/airflow-setup/ENV/lib/python3.12/site-packages/airflow/example_dags/plugins/listener_plugin.py
[2026-05-04T01:32:20.343+0300] {processor.py:914} INFO - Processing file /home/nikita/airflow-setup/ENV/lib/python3.12/site-packages/airflow/example_dags/plugins/listener_plugin.py for tasks to queue
[2026-05-04T01:32:20.344+0300] {logging_mixin.py:190} INFO - [2026-05-04T01:32:20.344+0300] {dagbag.py:588} INFO - Filling up the DagBag from /home/nikita/airflow-setup/ENV/lib/python3.12/site-packages/airflow/example_dags/plugins/listener_plugin.py
[2026-05-04T01:32:20.347+0300] {processor.py:927} WARNING - No viable dags retrieved from /home/nikita/airflow-setup/ENV/lib/python3.12/site-packages/airflow/example_dags/plugins/listener_plugin.py
[2026-05-04T01:32:20.357+0300] {processor.py:208} INFO - Processing /home/nikita/airflow-setup/ENV/lib/python3.12/site-packages/airflow/example_dags/plugins/listener_plugin.py took 0.021 seconds
[2026-05-04T01:33:25.715+0300] {processor.py:186} INFO - Started process (PID=21036) to work on /home/nikita/airflow-setup/ENV/lib/python3.12/site-packages/airflow/example_dags/plugins/listener_plugin.py
[2026-05-04T01:33:25.724+0300] {processor.py:914} INFO - Processing file /home/nikita/airflow-setup/ENV/lib/python3.12/site-packages/airflow/example_dags/plugins/listener_plugin.py for tasks to queue
[2026-05-04T01:33:25.725+0300] {logging_mixin.py:190} INFO - [2026-05-04T01:33:25.724+0300] {dagbag.py:588} INFO - Filling up the DagBag from /home/nikita/airflow-setup/ENV/lib/python3.12/site-packages/airflow/example_dags/plugins/listener_plugin.py
[2026-05-04T01:33:25.726+0300] {processor.py:927} WARNING - No viable dags retrieved from /home/nikita/airflow-setup/ENV/lib/python3.12/site-packages/airflow/example_dags/plugins/listener_plugin.py
[2026-05-04T01:33:25.734+0300] {processor.py:208} INFO - Processing /home/nikita/airflow-setup/ENV/lib/python3.12/site-packages/airflow/example_dags/plugins/listener_plugin.py took 0.022 seconds
[2026-05-04T01:34:29.212+0300] {processor.py:186} INFO - Started process (PID=21408) to work on /home/nikita/airflow-setup/ENV/lib/python3.12/site-packages/airflow/example_dags/plugins/listener_plugin.py
[2026-05-04T01:34:29.221+0300] {processor.py:914} INFO - Processing file /home/nikita/airflow-setup/ENV/lib/python3.12/site-packages/airflow/example_dags/plugins/listener_plugin.py for tasks to queue
[2026-05-04T01:34:29.223+0300] {logging_mixin.py:190} INFO - [2026-05-04T01:34:29.222+0300] {dagbag.py:588} INFO - Filling up the DagBag from /home/nikita/airflow-setup/ENV/lib/python3.12/site-packages/airflow/example_dags/plugins/listener_plugin.py
[2026-05-04T01:34:29.225+0300] {processor.py:927} WARNING - No viable dags retrieved from /home/nikita/airflow-setup/ENV/lib/python3.12/site-packages/airflow/example_dags/plugins/listener_plugin.py
[2026-05-04T01:34:29.233+0300] {processor.py:208} INFO - Processing /home/nikita/airflow-setup/ENV/lib/python3.12/site-packages/airflow/example_dags/plugins/listener_plugin.py took 0.025 seconds
[2026-05-04T01:35:31.358+0300] {processor.py:186} INFO - Started process (PID=21649) to work on /home/nikita/airflow-setup/ENV/lib/python3.12/site-packages/airflow/example_dags/plugins/listener_plugin.py
[2026-05-04T01:35:31.360+0300] {processor.py:914} INFO - Processing file /home/nikita/airflow-setup/ENV/lib/python3.12/site-packages/airflow/example_dags/plugins/listener_plugin.py for tasks to queue
[2026-05-04T01:35:31.361+0300] {logging_mixin.py:190} INFO - [2026-05-04T01:35:31.361+0300] {dagbag.py:588} INFO - Filling up the DagBag from /home/nikita/airflow-setup/ENV/lib/python3.12/site-packages/airflow/example_dags/plugins/listener_plugin.py
[2026-05-04T01:35:31.363+0300] {processor.py:927} WARNING - No viable dags retrieved from /home/nikita/airflow-setup/ENV/lib/python3.12/site-packages/airflow/example_dags/plugins/listener_plugin.py
[2026-05-04T01:35:31.370+0300] {processor.py:208} INFO - Processing /home/nikita/airflow-setup/ENV/lib/python3.12/site-packages/airflow/example_dags/plugins/listener_plugin.py took 0.016 seconds
