[2026-05-04T00:45:33.005+0300] {processor.py:186} INFO - Started process (PID=5932) to work on /home/nikita/airflow-setup/ENV/lib/python3.12/site-packages/airflow/example_dags/plugins/workday.py
[2026-05-04T00:45:33.006+0300] {processor.py:914} INFO - Processing file /home/nikita/airflow-setup/ENV/lib/python3.12/site-packages/airflow/example_dags/plugins/workday.py for tasks to queue
[2026-05-04T00:45:33.008+0300] {logging_mixin.py:190} INFO - [2026-05-04T00:45:33.007+0300] {dagbag.py:588} INFO - Filling up the DagBag from /home/nikita/airflow-setup/ENV/lib/python3.12/site-packages/airflow/example_dags/plugins/workday.py
[2026-05-04T00:45:33.010+0300] {processor.py:927} WARNING - No viable dags retrieved from /home/nikita/airflow-setup/ENV/lib/python3.12/site-packages/airflow/example_dags/plugins/workday.py
[2026-05-04T00:45:33.019+0300] {processor.py:208} INFO - Processing /home/nikita/airflow-setup/ENV/lib/python3.12/site-packages/airflow/example_dags/plugins/workday.py took 0.017 seconds
[2026-05-04T00:46:37.059+0300] {processor.py:186} INFO - Started process (PID=5993) to work on /home/nikita/airflow-setup/ENV/lib/python3.12/site-packages/airflow/example_dags/plugins/workday.py
[2026-05-04T00:46:37.069+0300] {processor.py:914} INFO - Processing file /home/nikita/airflow-setup/ENV/lib/python3.12/site-packages/airflow/example_dags/plugins/workday.py for tasks to queue
[2026-05-04T00:46:37.071+0300] {logging_mixin.py:190} INFO - [2026-05-04T00:46:37.071+0300] {dagbag.py:588} INFO - Filling up the DagBag from /home/nikita/airflow-setup/ENV/lib/python3.12/site-packages/airflow/example_dags/plugins/workday.py
[2026-05-04T00:46:37.074+0300] {processor.py:927} WARNING - No viable dags retrieved from /home/nikita/airflow-setup/ENV/lib/python3.12/site-packages/airflow/example_dags/plugins/workday.py
[2026-05-04T00:46:37.083+0300] {processor.py:208} INFO - Processing /home/nikita/airflow-setup/ENV/lib/python3.12/site-packages/airflow/example_dags/plugins/workday.py took 0.029 seconds
[2026-05-04T00:47:11.875+0300] {processor.py:186} INFO - Started process (PID=6024) to work on /home/nikita/airflow-setup/ENV/lib/python3.12/site-packages/airflow/example_dags/plugins/workday.py
[2026-05-04T00:47:11.877+0300] {processor.py:914} INFO - Processing file /home/nikita/airflow-setup/ENV/lib/python3.12/site-packages/airflow/example_dags/plugins/workday.py for tasks to queue
[2026-05-04T00:47:11.879+0300] {logging_mixin.py:190} INFO - [2026-05-04T00:47:11.878+0300] {dagbag.py:588} INFO - Filling up the DagBag from /home/nikita/airflow-setup/ENV/lib/python3.12/site-packages/airflow/example_dags/plugins/workday.py
[2026-05-04T00:47:11.881+0300] {processor.py:927} WARNING - No viable dags retrieved from /home/nikita/airflow-setup/ENV/lib/python3.12/site-packages/airflow/example_dags/plugins/workday.py
[2026-05-04T00:47:11.889+0300] {processor.py:208} INFO - Processing /home/nikita/airflow-setup/ENV/lib/python3.12/site-packages/airflow/example_dags/plugins/workday.py took 0.018 seconds
[2026-05-04T00:48:10.999+0300] {processor.py:186} INFO - Started process (PID=6098) to work on /home/nikita/airflow-setup/ENV/lib/python3.12/site-packages/airflow/example_dags/plugins/workday.py
[2026-05-04T00:48:11.001+0300] {processor.py:914} INFO - Processing file /home/nikita/airflow-setup/ENV/lib/python3.12/site-packages/airflow/example_dags/plugins/workday.py for tasks to queue
[2026-05-04T00:48:11.002+0300] {logging_mixin.py:190} INFO - [2026-05-04T00:48:11.002+0300] {dagbag.py:588} INFO - Filling up the DagBag from /home/nikita/airflow-setup/ENV/lib/python3.12/site-packages/airflow/example_dags/plugins/workday.py
[2026-05-04T00:48:11.004+0300] {processor.py:927} WARNING - No viable dags retrieved from /home/nikita/airflow-setup/ENV/lib/python3.12/site-packages/airflow/example_dags/plugins/workday.py
[2026-05-04T00:48:11.014+0300] {processor.py:208} INFO - Processing /home/nikita/airflow-setup/ENV/lib/python3.12/site-packages/airflow/example_dags/plugins/workday.py took 0.019 seconds
[2026-05-04T00:49:11.688+0300] {processor.py:186} INFO - Started process (PID=6156) to work on /home/nikita/airflow-setup/ENV/lib/python3.12/site-packages/airflow/example_dags/plugins/workday.py
[2026-05-04T00:49:11.698+0300] {processor.py:914} INFO - Processing file /home/nikita/airflow-setup/ENV/lib/python3.12/site-packages/airflow/example_dags/plugins/workday.py for tasks to queue
[2026-05-04T00:49:11.700+0300] {logging_mixin.py:190} INFO - [2026-05-04T00:49:11.700+0300] {dagbag.py:588} INFO - Filling up the DagBag from /home/nikita/airflow-setup/ENV/lib/python3.12/site-packages/airflow/example_dags/plugins/workday.py
[2026-05-04T00:49:11.702+0300] {processor.py:927} WARNING - No viable dags retrieved from /home/nikita/airflow-setup/ENV/lib/python3.12/site-packages/airflow/example_dags/plugins/workday.py
[2026-05-04T00:49:11.710+0300] {processor.py:208} INFO - Processing /home/nikita/airflow-setup/ENV/lib/python3.12/site-packages/airflow/example_dags/plugins/workday.py took 0.025 seconds
[2026-05-04T00:50:05.876+0300] {processor.py:186} INFO - Started process (PID=6216) to work on /home/nikita/airflow-setup/ENV/lib/python3.12/site-packages/airflow/example_dags/plugins/workday.py
[2026-05-04T00:50:05.884+0300] {processor.py:914} INFO - Processing file /home/nikita/airflow-setup/ENV/lib/python3.12/site-packages/airflow/example_dags/plugins/workday.py for tasks to queue
[2026-05-04T00:50:05.886+0300] {logging_mixin.py:190} INFO - [2026-05-04T00:50:05.886+0300] {dagbag.py:588} INFO - Filling up the DagBag from /home/nikita/airflow-setup/ENV/lib/python3.12/site-packages/airflow/example_dags/plugins/workday.py
[2026-05-04T00:50:05.888+0300] {processor.py:927} WARNING - No viable dags retrieved from /home/nikita/airflow-setup/ENV/lib/python3.12/site-packages/airflow/example_dags/plugins/workday.py
[2026-05-04T00:50:05.896+0300] {processor.py:208} INFO - Processing /home/nikita/airflow-setup/ENV/lib/python3.12/site-packages/airflow/example_dags/plugins/workday.py took 0.026 seconds
[2026-05-04T00:51:00.753+0300] {processor.py:186} INFO - Started process (PID=6291) to work on /home/nikita/airflow-setup/ENV/lib/python3.12/site-packages/airflow/example_dags/plugins/workday.py
[2026-05-04T00:51:00.754+0300] {processor.py:914} INFO - Processing file /home/nikita/airflow-setup/ENV/lib/python3.12/site-packages/airflow/example_dags/plugins/workday.py for tasks to queue
[2026-05-04T00:51:00.756+0300] {logging_mixin.py:190} INFO - [2026-05-04T00:51:00.756+0300] {dagbag.py:588} INFO - Filling up the DagBag from /home/nikita/airflow-setup/ENV/lib/python3.12/site-packages/airflow/example_dags/plugins/workday.py
[2026-05-04T00:51:00.758+0300] {processor.py:927} WARNING - No viable dags retrieved from /home/nikita/airflow-setup/ENV/lib/python3.12/site-packages/airflow/example_dags/plugins/workday.py
[2026-05-04T00:51:00.766+0300] {processor.py:208} INFO - Processing /home/nikita/airflow-setup/ENV/lib/python3.12/site-packages/airflow/example_dags/plugins/workday.py took 0.017 seconds
[2026-05-04T00:51:57.742+0300] {processor.py:186} INFO - Started process (PID=6345) to work on /home/nikita/airflow-setup/ENV/lib/python3.12/site-packages/airflow/example_dags/plugins/workday.py
[2026-05-04T00:51:57.746+0300] {processor.py:914} INFO - Processing file /home/nikita/airflow-setup/ENV/lib/python3.12/site-packages/airflow/example_dags/plugins/workday.py for tasks to queue
[2026-05-04T00:51:57.750+0300] {logging_mixin.py:190} INFO - [2026-05-04T00:51:57.749+0300] {dagbag.py:588} INFO - Filling up the DagBag from /home/nikita/airflow-setup/ENV/lib/python3.12/site-packages/airflow/example_dags/plugins/workday.py
[2026-05-04T00:51:57.755+0300] {processor.py:927} WARNING - No viable dags retrieved from /home/nikita/airflow-setup/ENV/lib/python3.12/site-packages/airflow/example_dags/plugins/workday.py
[2026-05-04T00:51:57.768+0300] {processor.py:208} INFO - Processing /home/nikita/airflow-setup/ENV/lib/python3.12/site-packages/airflow/example_dags/plugins/workday.py took 0.036 seconds
[2026-05-04T00:53:00.228+0300] {processor.py:186} INFO - Started process (PID=6422) to work on /home/nikita/airflow-setup/ENV/lib/python3.12/site-packages/airflow/example_dags/plugins/workday.py
[2026-05-04T00:53:00.237+0300] {processor.py:914} INFO - Processing file /home/nikita/airflow-setup/ENV/lib/python3.12/site-packages/airflow/example_dags/plugins/workday.py for tasks to queue
[2026-05-04T00:53:00.239+0300] {logging_mixin.py:190} INFO - [2026-05-04T00:53:00.238+0300] {dagbag.py:588} INFO - Filling up the DagBag from /home/nikita/airflow-setup/ENV/lib/python3.12/site-packages/airflow/example_dags/plugins/workday.py
[2026-05-04T00:53:00.240+0300] {processor.py:927} WARNING - No viable dags retrieved from /home/nikita/airflow-setup/ENV/lib/python3.12/site-packages/airflow/example_dags/plugins/workday.py
[2026-05-04T00:53:00.248+0300] {processor.py:208} INFO - Processing /home/nikita/airflow-setup/ENV/lib/python3.12/site-packages/airflow/example_dags/plugins/workday.py took 0.024 seconds
[2026-05-04T00:54:00.243+0300] {processor.py:186} INFO - Started process (PID=6481) to work on /home/nikita/airflow-setup/ENV/lib/python3.12/site-packages/airflow/example_dags/plugins/workday.py
[2026-05-04T00:54:00.251+0300] {processor.py:914} INFO - Processing file /home/nikita/airflow-setup/ENV/lib/python3.12/site-packages/airflow/example_dags/plugins/workday.py for tasks to queue
[2026-05-04T00:54:00.253+0300] {logging_mixin.py:190} INFO - [2026-05-04T00:54:00.253+0300] {dagbag.py:588} INFO - Filling up the DagBag from /home/nikita/airflow-setup/ENV/lib/python3.12/site-packages/airflow/example_dags/plugins/workday.py
[2026-05-04T00:54:00.256+0300] {processor.py:927} WARNING - No viable dags retrieved from /home/nikita/airflow-setup/ENV/lib/python3.12/site-packages/airflow/example_dags/plugins/workday.py
[2026-05-04T00:54:00.264+0300] {processor.py:208} INFO - Processing /home/nikita/airflow-setup/ENV/lib/python3.12/site-packages/airflow/example_dags/plugins/workday.py took 0.026 seconds
[2026-05-04T00:55:04.436+0300] {processor.py:186} INFO - Started process (PID=6550) to work on /home/nikita/airflow-setup/ENV/lib/python3.12/site-packages/airflow/example_dags/plugins/workday.py
[2026-05-04T00:55:04.438+0300] {processor.py:914} INFO - Processing file /home/nikita/airflow-setup/ENV/lib/python3.12/site-packages/airflow/example_dags/plugins/workday.py for tasks to queue
[2026-05-04T00:55:04.439+0300] {logging_mixin.py:190} INFO - [2026-05-04T00:55:04.439+0300] {dagbag.py:588} INFO - Filling up the DagBag from /home/nikita/airflow-setup/ENV/lib/python3.12/site-packages/airflow/example_dags/plugins/workday.py
[2026-05-04T00:55:04.442+0300] {processor.py:927} WARNING - No viable dags retrieved from /home/nikita/airflow-setup/ENV/lib/python3.12/site-packages/airflow/example_dags/plugins/workday.py
[2026-05-04T00:55:04.451+0300] {processor.py:208} INFO - Processing /home/nikita/airflow-setup/ENV/lib/python3.12/site-packages/airflow/example_dags/plugins/workday.py took 0.019 seconds
[2026-05-04T00:56:05.126+0300] {processor.py:186} INFO - Started process (PID=6609) to work on /home/nikita/airflow-setup/ENV/lib/python3.12/site-packages/airflow/example_dags/plugins/workday.py
[2026-05-04T00:56:05.135+0300] {processor.py:914} INFO - Processing file /home/nikita/airflow-setup/ENV/lib/python3.12/site-packages/airflow/example_dags/plugins/workday.py for tasks to queue
[2026-05-04T00:56:05.137+0300] {logging_mixin.py:190} INFO - [2026-05-04T00:56:05.137+0300] {dagbag.py:588} INFO - Filling up the DagBag from /home/nikita/airflow-setup/ENV/lib/python3.12/site-packages/airflow/example_dags/plugins/workday.py
[2026-05-04T00:56:05.139+0300] {processor.py:927} WARNING - No viable dags retrieved from /home/nikita/airflow-setup/ENV/lib/python3.12/site-packages/airflow/example_dags/plugins/workday.py
[2026-05-04T00:56:05.149+0300] {processor.py:208} INFO - Processing /home/nikita/airflow-setup/ENV/lib/python3.12/site-packages/airflow/example_dags/plugins/workday.py took 0.028 seconds
[2026-05-04T00:57:02.995+0300] {processor.py:186} INFO - Started process (PID=6899) to work on /home/nikita/airflow-setup/ENV/lib/python3.12/site-packages/airflow/example_dags/plugins/workday.py
[2026-05-04T00:57:02.997+0300] {processor.py:914} INFO - Processing file /home/nikita/airflow-setup/ENV/lib/python3.12/site-packages/airflow/example_dags/plugins/workday.py for tasks to queue
[2026-05-04T00:57:03.000+0300] {logging_mixin.py:190} INFO - [2026-05-04T00:57:03.000+0300] {dagbag.py:588} INFO - Filling up the DagBag from /home/nikita/airflow-setup/ENV/lib/python3.12/site-packages/airflow/example_dags/plugins/workday.py
[2026-05-04T00:57:03.006+0300] {processor.py:927} WARNING - No viable dags retrieved from /home/nikita/airflow-setup/ENV/lib/python3.12/site-packages/airflow/example_dags/plugins/workday.py
[2026-05-04T00:57:03.029+0300] {processor.py:208} INFO - Processing /home/nikita/airflow-setup/ENV/lib/python3.12/site-packages/airflow/example_dags/plugins/workday.py took 0.046 seconds
[2026-05-04T00:57:35.074+0300] {processor.py:186} INFO - Started process (PID=7086) to work on /home/nikita/airflow-setup/ENV/lib/python3.12/site-packages/airflow/example_dags/plugins/workday.py
[2026-05-04T00:57:35.076+0300] {processor.py:914} INFO - Processing file /home/nikita/airflow-setup/ENV/lib/python3.12/site-packages/airflow/example_dags/plugins/workday.py for tasks to queue
[2026-05-04T00:57:35.079+0300] {logging_mixin.py:190} INFO - [2026-05-04T00:57:35.079+0300] {dagbag.py:588} INFO - Filling up the DagBag from /home/nikita/airflow-setup/ENV/lib/python3.12/site-packages/airflow/example_dags/plugins/workday.py
[2026-05-04T00:57:35.082+0300] {processor.py:927} WARNING - No viable dags retrieved from /home/nikita/airflow-setup/ENV/lib/python3.12/site-packages/airflow/example_dags/plugins/workday.py
[2026-05-04T00:57:35.092+0300] {processor.py:208} INFO - Processing /home/nikita/airflow-setup/ENV/lib/python3.12/site-packages/airflow/example_dags/plugins/workday.py took 0.023 seconds
[2026-05-04T00:58:32.599+0300] {processor.py:186} INFO - Started process (PID=7312) to work on /home/nikita/airflow-setup/ENV/lib/python3.12/site-packages/airflow/example_dags/plugins/workday.py
[2026-05-04T00:58:32.601+0300] {processor.py:914} INFO - Processing file /home/nikita/airflow-setup/ENV/lib/python3.12/site-packages/airflow/example_dags/plugins/workday.py for tasks to queue
[2026-05-04T00:58:32.602+0300] {logging_mixin.py:190} INFO - [2026-05-04T00:58:32.602+0300] {dagbag.py:588} INFO - Filling up the DagBag from /home/nikita/airflow-setup/ENV/lib/python3.12/site-packages/airflow/example_dags/plugins/workday.py
[2026-05-04T00:58:32.605+0300] {processor.py:927} WARNING - No viable dags retrieved from /home/nikita/airflow-setup/ENV/lib/python3.12/site-packages/airflow/example_dags/plugins/workday.py
[2026-05-04T00:58:32.615+0300] {processor.py:208} INFO - Processing /home/nikita/airflow-setup/ENV/lib/python3.12/site-packages/airflow/example_dags/plugins/workday.py took 0.021 seconds
[2026-05-04T00:59:33.291+0300] {processor.py:186} INFO - Started process (PID=7596) to work on /home/nikita/airflow-setup/ENV/lib/python3.12/site-packages/airflow/example_dags/plugins/workday.py
[2026-05-04T00:59:33.302+0300] {processor.py:914} INFO - Processing file /home/nikita/airflow-setup/ENV/lib/python3.12/site-packages/airflow/example_dags/plugins/workday.py for tasks to queue
[2026-05-04T00:59:33.305+0300] {logging_mixin.py:190} INFO - [2026-05-04T00:59:33.304+0300] {dagbag.py:588} INFO - Filling up the DagBag from /home/nikita/airflow-setup/ENV/lib/python3.12/site-packages/airflow/example_dags/plugins/workday.py
[2026-05-04T00:59:33.310+0300] {processor.py:927} WARNING - No viable dags retrieved from /home/nikita/airflow-setup/ENV/lib/python3.12/site-packages/airflow/example_dags/plugins/workday.py
[2026-05-04T00:59:33.333+0300] {processor.py:208} INFO - Processing /home/nikita/airflow-setup/ENV/lib/python3.12/site-packages/airflow/example_dags/plugins/workday.py took 0.054 seconds
[2026-05-04T01:00:30.997+0300] {processor.py:186} INFO - Started process (PID=8369) to work on /home/nikita/airflow-setup/ENV/lib/python3.12/site-packages/airflow/example_dags/plugins/workday.py
[2026-05-04T01:00:30.999+0300] {processor.py:914} INFO - Processing file /home/nikita/airflow-setup/ENV/lib/python3.12/site-packages/airflow/example_dags/plugins/workday.py for tasks to queue
[2026-05-04T01:00:31.001+0300] {logging_mixin.py:190} INFO - [2026-05-04T01:00:31.001+0300] {dagbag.py:588} INFO - Filling up the DagBag from /home/nikita/airflow-setup/ENV/lib/python3.12/site-packages/airflow/example_dags/plugins/workday.py
[2026-05-04T01:00:31.003+0300] {processor.py:927} WARNING - No viable dags retrieved from /home/nikita/airflow-setup/ENV/lib/python3.12/site-packages/airflow/example_dags/plugins/workday.py
[2026-05-04T01:00:31.011+0300] {processor.py:208} INFO - Processing /home/nikita/airflow-setup/ENV/lib/python3.12/site-packages/airflow/example_dags/plugins/workday.py took 0.018 seconds
[2026-05-04T01:01:07.172+0300] {processor.py:186} INFO - Started process (PID=8557) to work on /home/nikita/airflow-setup/ENV/lib/python3.12/site-packages/airflow/example_dags/plugins/workday.py
[2026-05-04T01:01:07.172+0300] {processor.py:914} INFO - Processing file /home/nikita/airflow-setup/ENV/lib/python3.12/site-packages/airflow/example_dags/plugins/workday.py for tasks to queue
[2026-05-04T01:01:07.173+0300] {logging_mixin.py:190} INFO - [2026-05-04T01:01:07.173+0300] {dagbag.py:588} INFO - Filling up the DagBag from /home/nikita/airflow-setup/ENV/lib/python3.12/site-packages/airflow/example_dags/plugins/workday.py
[2026-05-04T01:01:07.175+0300] {processor.py:927} WARNING - No viable dags retrieved from /home/nikita/airflow-setup/ENV/lib/python3.12/site-packages/airflow/example_dags/plugins/workday.py
[2026-05-04T01:01:07.183+0300] {processor.py:208} INFO - Processing /home/nikita/airflow-setup/ENV/lib/python3.12/site-packages/airflow/example_dags/plugins/workday.py took 0.015 seconds
[2026-05-04T01:01:43.103+0300] {processor.py:186} INFO - Started process (PID=8945) to work on /home/nikita/airflow-setup/ENV/lib/python3.12/site-packages/airflow/example_dags/plugins/workday.py
[2026-05-04T01:01:43.104+0300] {processor.py:914} INFO - Processing file /home/nikita/airflow-setup/ENV/lib/python3.12/site-packages/airflow/example_dags/plugins/workday.py for tasks to queue
[2026-05-04T01:01:43.105+0300] {logging_mixin.py:190} INFO - [2026-05-04T01:01:43.105+0300] {dagbag.py:588} INFO - Filling up the DagBag from /home/nikita/airflow-setup/ENV/lib/python3.12/site-packages/airflow/example_dags/plugins/workday.py
[2026-05-04T01:01:43.107+0300] {processor.py:927} WARNING - No viable dags retrieved from /home/nikita/airflow-setup/ENV/lib/python3.12/site-packages/airflow/example_dags/plugins/workday.py
[2026-05-04T01:01:43.114+0300] {processor.py:208} INFO - Processing /home/nikita/airflow-setup/ENV/lib/python3.12/site-packages/airflow/example_dags/plugins/workday.py took 0.015 seconds
[2026-05-04T01:02:51.207+0300] {processor.py:186} INFO - Started process (PID=9549) to work on /home/nikita/airflow-setup/ENV/lib/python3.12/site-packages/airflow/example_dags/plugins/workday.py
[2026-05-04T01:02:51.215+0300] {processor.py:914} INFO - Processing file /home/nikita/airflow-setup/ENV/lib/python3.12/site-packages/airflow/example_dags/plugins/workday.py for tasks to queue
[2026-05-04T01:02:51.217+0300] {logging_mixin.py:190} INFO - [2026-05-04T01:02:51.216+0300] {dagbag.py:588} INFO - Filling up the DagBag from /home/nikita/airflow-setup/ENV/lib/python3.12/site-packages/airflow/example_dags/plugins/workday.py
[2026-05-04T01:02:51.219+0300] {processor.py:927} WARNING - No viable dags retrieved from /home/nikita/airflow-setup/ENV/lib/python3.12/site-packages/airflow/example_dags/plugins/workday.py
[2026-05-04T01:02:51.227+0300] {processor.py:208} INFO - Processing /home/nikita/airflow-setup/ENV/lib/python3.12/site-packages/airflow/example_dags/plugins/workday.py took 0.024 seconds
[2026-05-04T01:03:53.221+0300] {processor.py:186} INFO - Started process (PID=9826) to work on /home/nikita/airflow-setup/ENV/lib/python3.12/site-packages/airflow/example_dags/plugins/workday.py
[2026-05-04T01:03:53.222+0300] {processor.py:914} INFO - Processing file /home/nikita/airflow-setup/ENV/lib/python3.12/site-packages/airflow/example_dags/plugins/workday.py for tasks to queue
[2026-05-04T01:03:53.223+0300] {logging_mixin.py:190} INFO - [2026-05-04T01:03:53.222+0300] {dagbag.py:588} INFO - Filling up the DagBag from /home/nikita/airflow-setup/ENV/lib/python3.12/site-packages/airflow/example_dags/plugins/workday.py
[2026-05-04T01:03:53.225+0300] {processor.py:927} WARNING - No viable dags retrieved from /home/nikita/airflow-setup/ENV/lib/python3.12/site-packages/airflow/example_dags/plugins/workday.py
[2026-05-04T01:03:53.232+0300] {processor.py:208} INFO - Processing /home/nikita/airflow-setup/ENV/lib/python3.12/site-packages/airflow/example_dags/plugins/workday.py took 0.015 seconds
[2026-05-04T01:04:56.978+0300] {processor.py:186} INFO - Started process (PID=10078) to work on /home/nikita/airflow-setup/ENV/lib/python3.12/site-packages/airflow/example_dags/plugins/workday.py
[2026-05-04T01:04:56.980+0300] {processor.py:914} INFO - Processing file /home/nikita/airflow-setup/ENV/lib/python3.12/site-packages/airflow/example_dags/plugins/workday.py for tasks to queue
[2026-05-04T01:04:56.981+0300] {logging_mixin.py:190} INFO - [2026-05-04T01:04:56.981+0300] {dagbag.py:588} INFO - Filling up the DagBag from /home/nikita/airflow-setup/ENV/lib/python3.12/site-packages/airflow/example_dags/plugins/workday.py
[2026-05-04T01:04:56.983+0300] {processor.py:927} WARNING - No viable dags retrieved from /home/nikita/airflow-setup/ENV/lib/python3.12/site-packages/airflow/example_dags/plugins/workday.py
[2026-05-04T01:04:56.991+0300] {processor.py:208} INFO - Processing /home/nikita/airflow-setup/ENV/lib/python3.12/site-packages/airflow/example_dags/plugins/workday.py took 0.017 seconds
[2026-05-04T01:06:05.004+0300] {processor.py:186} INFO - Started process (PID=10359) to work on /home/nikita/airflow-setup/ENV/lib/python3.12/site-packages/airflow/example_dags/plugins/workday.py
[2026-05-04T01:06:05.013+0300] {processor.py:914} INFO - Processing file /home/nikita/airflow-setup/ENV/lib/python3.12/site-packages/airflow/example_dags/plugins/workday.py for tasks to queue
[2026-05-04T01:06:05.014+0300] {logging_mixin.py:190} INFO - [2026-05-04T01:06:05.014+0300] {dagbag.py:588} INFO - Filling up the DagBag from /home/nikita/airflow-setup/ENV/lib/python3.12/site-packages/airflow/example_dags/plugins/workday.py
[2026-05-04T01:06:05.016+0300] {processor.py:927} WARNING - No viable dags retrieved from /home/nikita/airflow-setup/ENV/lib/python3.12/site-packages/airflow/example_dags/plugins/workday.py
[2026-05-04T01:06:05.024+0300] {processor.py:208} INFO - Processing /home/nikita/airflow-setup/ENV/lib/python3.12/site-packages/airflow/example_dags/plugins/workday.py took 0.025 seconds
[2026-05-04T01:07:08.042+0300] {processor.py:186} INFO - Started process (PID=10604) to work on /home/nikita/airflow-setup/ENV/lib/python3.12/site-packages/airflow/example_dags/plugins/workday.py
[2026-05-04T01:07:08.044+0300] {processor.py:914} INFO - Processing file /home/nikita/airflow-setup/ENV/lib/python3.12/site-packages/airflow/example_dags/plugins/workday.py for tasks to queue
[2026-05-04T01:07:08.045+0300] {logging_mixin.py:190} INFO - [2026-05-04T01:07:08.045+0300] {dagbag.py:588} INFO - Filling up the DagBag from /home/nikita/airflow-setup/ENV/lib/python3.12/site-packages/airflow/example_dags/plugins/workday.py
[2026-05-04T01:07:08.048+0300] {processor.py:927} WARNING - No viable dags retrieved from /home/nikita/airflow-setup/ENV/lib/python3.12/site-packages/airflow/example_dags/plugins/workday.py
[2026-05-04T01:07:08.057+0300] {processor.py:208} INFO - Processing /home/nikita/airflow-setup/ENV/lib/python3.12/site-packages/airflow/example_dags/plugins/workday.py took 0.022 seconds
[2026-05-04T01:08:18.263+0300] {processor.py:186} INFO - Started process (PID=11174) to work on /home/nikita/airflow-setup/ENV/lib/python3.12/site-packages/airflow/example_dags/plugins/workday.py
[2026-05-04T01:08:18.272+0300] {processor.py:914} INFO - Processing file /home/nikita/airflow-setup/ENV/lib/python3.12/site-packages/airflow/example_dags/plugins/workday.py for tasks to queue
[2026-05-04T01:08:18.273+0300] {logging_mixin.py:190} INFO - [2026-05-04T01:08:18.273+0300] {dagbag.py:588} INFO - Filling up the DagBag from /home/nikita/airflow-setup/ENV/lib/python3.12/site-packages/airflow/example_dags/plugins/workday.py
[2026-05-04T01:08:18.277+0300] {processor.py:927} WARNING - No viable dags retrieved from /home/nikita/airflow-setup/ENV/lib/python3.12/site-packages/airflow/example_dags/plugins/workday.py
[2026-05-04T01:08:18.286+0300] {processor.py:208} INFO - Processing /home/nikita/airflow-setup/ENV/lib/python3.12/site-packages/airflow/example_dags/plugins/workday.py took 0.030 seconds
[2026-05-04T01:09:24.757+0300] {processor.py:186} INFO - Started process (PID=12018) to work on /home/nikita/airflow-setup/ENV/lib/python3.12/site-packages/airflow/example_dags/plugins/workday.py
[2026-05-04T01:09:24.758+0300] {processor.py:914} INFO - Processing file /home/nikita/airflow-setup/ENV/lib/python3.12/site-packages/airflow/example_dags/plugins/workday.py for tasks to queue
[2026-05-04T01:09:24.759+0300] {logging_mixin.py:190} INFO - [2026-05-04T01:09:24.759+0300] {dagbag.py:588} INFO - Filling up the DagBag from /home/nikita/airflow-setup/ENV/lib/python3.12/site-packages/airflow/example_dags/plugins/workday.py
[2026-05-04T01:09:24.761+0300] {processor.py:927} WARNING - No viable dags retrieved from /home/nikita/airflow-setup/ENV/lib/python3.12/site-packages/airflow/example_dags/plugins/workday.py
[2026-05-04T01:09:24.769+0300] {processor.py:208} INFO - Processing /home/nikita/airflow-setup/ENV/lib/python3.12/site-packages/airflow/example_dags/plugins/workday.py took 0.016 seconds
[2026-05-04T01:10:33.473+0300] {processor.py:186} INFO - Started process (PID=12324) to work on /home/nikita/airflow-setup/ENV/lib/python3.12/site-packages/airflow/example_dags/plugins/workday.py
[2026-05-04T01:10:33.483+0300] {processor.py:914} INFO - Processing file /home/nikita/airflow-setup/ENV/lib/python3.12/site-packages/airflow/example_dags/plugins/workday.py for tasks to queue
[2026-05-04T01:10:33.485+0300] {logging_mixin.py:190} INFO - [2026-05-04T01:10:33.484+0300] {dagbag.py:588} INFO - Filling up the DagBag from /home/nikita/airflow-setup/ENV/lib/python3.12/site-packages/airflow/example_dags/plugins/workday.py
[2026-05-04T01:10:33.487+0300] {processor.py:927} WARNING - No viable dags retrieved from /home/nikita/airflow-setup/ENV/lib/python3.12/site-packages/airflow/example_dags/plugins/workday.py
[2026-05-04T01:10:33.495+0300] {processor.py:208} INFO - Processing /home/nikita/airflow-setup/ENV/lib/python3.12/site-packages/airflow/example_dags/plugins/workday.py took 0.026 seconds
[2026-05-04T01:11:40.642+0300] {processor.py:186} INFO - Started process (PID=12576) to work on /home/nikita/airflow-setup/ENV/lib/python3.12/site-packages/airflow/example_dags/plugins/workday.py
[2026-05-04T01:11:40.644+0300] {processor.py:914} INFO - Processing file /home/nikita/airflow-setup/ENV/lib/python3.12/site-packages/airflow/example_dags/plugins/workday.py for tasks to queue
[2026-05-04T01:11:40.645+0300] {logging_mixin.py:190} INFO - [2026-05-04T01:11:40.644+0300] {dagbag.py:588} INFO - Filling up the DagBag from /home/nikita/airflow-setup/ENV/lib/python3.12/site-packages/airflow/example_dags/plugins/workday.py
[2026-05-04T01:11:40.646+0300] {processor.py:927} WARNING - No viable dags retrieved from /home/nikita/airflow-setup/ENV/lib/python3.12/site-packages/airflow/example_dags/plugins/workday.py
[2026-05-04T01:11:40.654+0300] {processor.py:208} INFO - Processing /home/nikita/airflow-setup/ENV/lib/python3.12/site-packages/airflow/example_dags/plugins/workday.py took 0.016 seconds
[2026-05-04T01:12:39.791+0300] {processor.py:186} INFO - Started process (PID=12805) to work on /home/nikita/airflow-setup/ENV/lib/python3.12/site-packages/airflow/example_dags/plugins/workday.py
[2026-05-04T01:12:39.792+0300] {processor.py:914} INFO - Processing file /home/nikita/airflow-setup/ENV/lib/python3.12/site-packages/airflow/example_dags/plugins/workday.py for tasks to queue
[2026-05-04T01:12:39.793+0300] {logging_mixin.py:190} INFO - [2026-05-04T01:12:39.793+0300] {dagbag.py:588} INFO - Filling up the DagBag from /home/nikita/airflow-setup/ENV/lib/python3.12/site-packages/airflow/example_dags/plugins/workday.py
[2026-05-04T01:12:39.796+0300] {processor.py:927} WARNING - No viable dags retrieved from /home/nikita/airflow-setup/ENV/lib/python3.12/site-packages/airflow/example_dags/plugins/workday.py
[2026-05-04T01:12:39.804+0300] {processor.py:208} INFO - Processing /home/nikita/airflow-setup/ENV/lib/python3.12/site-packages/airflow/example_dags/plugins/workday.py took 0.018 seconds
[2026-05-04T01:13:42.484+0300] {processor.py:186} INFO - Started process (PID=13355) to work on /home/nikita/airflow-setup/ENV/lib/python3.12/site-packages/airflow/example_dags/plugins/workday.py
[2026-05-04T01:13:42.488+0300] {processor.py:914} INFO - Processing file /home/nikita/airflow-setup/ENV/lib/python3.12/site-packages/airflow/example_dags/plugins/workday.py for tasks to queue
[2026-05-04T01:13:42.489+0300] {logging_mixin.py:190} INFO - [2026-05-04T01:13:42.489+0300] {dagbag.py:588} INFO - Filling up the DagBag from /home/nikita/airflow-setup/ENV/lib/python3.12/site-packages/airflow/example_dags/plugins/workday.py
[2026-05-04T01:13:42.491+0300] {processor.py:927} WARNING - No viable dags retrieved from /home/nikita/airflow-setup/ENV/lib/python3.12/site-packages/airflow/example_dags/plugins/workday.py
[2026-05-04T01:13:42.500+0300] {processor.py:208} INFO - Processing /home/nikita/airflow-setup/ENV/lib/python3.12/site-packages/airflow/example_dags/plugins/workday.py took 0.020 seconds
[2026-05-04T01:14:50.754+0300] {processor.py:186} INFO - Started process (PID=14368) to work on /home/nikita/airflow-setup/ENV/lib/python3.12/site-packages/airflow/example_dags/plugins/workday.py
[2026-05-04T01:14:50.756+0300] {processor.py:914} INFO - Processing file /home/nikita/airflow-setup/ENV/lib/python3.12/site-packages/airflow/example_dags/plugins/workday.py for tasks to queue
[2026-05-04T01:14:50.757+0300] {logging_mixin.py:190} INFO - [2026-05-04T01:14:50.757+0300] {dagbag.py:588} INFO - Filling up the DagBag from /home/nikita/airflow-setup/ENV/lib/python3.12/site-packages/airflow/example_dags/plugins/workday.py
[2026-05-04T01:14:50.759+0300] {processor.py:927} WARNING - No viable dags retrieved from /home/nikita/airflow-setup/ENV/lib/python3.12/site-packages/airflow/example_dags/plugins/workday.py
[2026-05-04T01:14:50.766+0300] {processor.py:208} INFO - Processing /home/nikita/airflow-setup/ENV/lib/python3.12/site-packages/airflow/example_dags/plugins/workday.py took 0.016 seconds
[2026-05-04T01:15:56.854+0300] {processor.py:186} INFO - Started process (PID=15365) to work on /home/nikita/airflow-setup/ENV/lib/python3.12/site-packages/airflow/example_dags/plugins/workday.py
[2026-05-04T01:15:56.856+0300] {processor.py:914} INFO - Processing file /home/nikita/airflow-setup/ENV/lib/python3.12/site-packages/airflow/example_dags/plugins/workday.py for tasks to queue
[2026-05-04T01:15:56.857+0300] {logging_mixin.py:190} INFO - [2026-05-04T01:15:56.857+0300] {dagbag.py:588} INFO - Filling up the DagBag from /home/nikita/airflow-setup/ENV/lib/python3.12/site-packages/airflow/example_dags/plugins/workday.py
[2026-05-04T01:15:56.860+0300] {processor.py:927} WARNING - No viable dags retrieved from /home/nikita/airflow-setup/ENV/lib/python3.12/site-packages/airflow/example_dags/plugins/workday.py
[2026-05-04T01:15:56.870+0300] {processor.py:208} INFO - Processing /home/nikita/airflow-setup/ENV/lib/python3.12/site-packages/airflow/example_dags/plugins/workday.py took 0.022 seconds
[2026-05-04T01:16:32.891+0300] {processor.py:186} INFO - Started process (PID=15711) to work on /home/nikita/airflow-setup/ENV/lib/python3.12/site-packages/airflow/example_dags/plugins/workday.py
[2026-05-04T01:16:32.901+0300] {processor.py:914} INFO - Processing file /home/nikita/airflow-setup/ENV/lib/python3.12/site-packages/airflow/example_dags/plugins/workday.py for tasks to queue
[2026-05-04T01:16:32.902+0300] {logging_mixin.py:190} INFO - [2026-05-04T01:16:32.901+0300] {dagbag.py:588} INFO - Filling up the DagBag from /home/nikita/airflow-setup/ENV/lib/python3.12/site-packages/airflow/example_dags/plugins/workday.py
[2026-05-04T01:16:32.904+0300] {processor.py:927} WARNING - No viable dags retrieved from /home/nikita/airflow-setup/ENV/lib/python3.12/site-packages/airflow/example_dags/plugins/workday.py
[2026-05-04T01:16:32.911+0300] {processor.py:208} INFO - Processing /home/nikita/airflow-setup/ENV/lib/python3.12/site-packages/airflow/example_dags/plugins/workday.py took 0.024 seconds
[2026-05-04T01:17:40.915+0300] {processor.py:186} INFO - Started process (PID=15972) to work on /home/nikita/airflow-setup/ENV/lib/python3.12/site-packages/airflow/example_dags/plugins/workday.py
[2026-05-04T01:17:40.916+0300] {processor.py:914} INFO - Processing file /home/nikita/airflow-setup/ENV/lib/python3.12/site-packages/airflow/example_dags/plugins/workday.py for tasks to queue
[2026-05-04T01:17:40.917+0300] {logging_mixin.py:190} INFO - [2026-05-04T01:17:40.917+0300] {dagbag.py:588} INFO - Filling up the DagBag from /home/nikita/airflow-setup/ENV/lib/python3.12/site-packages/airflow/example_dags/plugins/workday.py
[2026-05-04T01:17:40.919+0300] {processor.py:927} WARNING - No viable dags retrieved from /home/nikita/airflow-setup/ENV/lib/python3.12/site-packages/airflow/example_dags/plugins/workday.py
[2026-05-04T01:17:40.928+0300] {processor.py:208} INFO - Processing /home/nikita/airflow-setup/ENV/lib/python3.12/site-packages/airflow/example_dags/plugins/workday.py took 0.018 seconds
[2026-05-04T01:18:50.925+0300] {processor.py:186} INFO - Started process (PID=16230) to work on /home/nikita/airflow-setup/ENV/lib/python3.12/site-packages/airflow/example_dags/plugins/workday.py
[2026-05-04T01:18:50.933+0300] {processor.py:914} INFO - Processing file /home/nikita/airflow-setup/ENV/lib/python3.12/site-packages/airflow/example_dags/plugins/workday.py for tasks to queue
[2026-05-04T01:18:50.935+0300] {logging_mixin.py:190} INFO - [2026-05-04T01:18:50.934+0300] {dagbag.py:588} INFO - Filling up the DagBag from /home/nikita/airflow-setup/ENV/lib/python3.12/site-packages/airflow/example_dags/plugins/workday.py
[2026-05-04T01:18:50.937+0300] {processor.py:927} WARNING - No viable dags retrieved from /home/nikita/airflow-setup/ENV/lib/python3.12/site-packages/airflow/example_dags/plugins/workday.py
[2026-05-04T01:18:50.945+0300] {processor.py:208} INFO - Processing /home/nikita/airflow-setup/ENV/lib/python3.12/site-packages/airflow/example_dags/plugins/workday.py took 0.025 seconds
[2026-05-04T01:19:53.462+0300] {processor.py:186} INFO - Started process (PID=16484) to work on /home/nikita/airflow-setup/ENV/lib/python3.12/site-packages/airflow/example_dags/plugins/workday.py
[2026-05-04T01:19:53.463+0300] {processor.py:914} INFO - Processing file /home/nikita/airflow-setup/ENV/lib/python3.12/site-packages/airflow/example_dags/plugins/workday.py for tasks to queue
[2026-05-04T01:19:53.464+0300] {logging_mixin.py:190} INFO - [2026-05-04T01:19:53.464+0300] {dagbag.py:588} INFO - Filling up the DagBag from /home/nikita/airflow-setup/ENV/lib/python3.12/site-packages/airflow/example_dags/plugins/workday.py
[2026-05-04T01:19:53.467+0300] {processor.py:927} WARNING - No viable dags retrieved from /home/nikita/airflow-setup/ENV/lib/python3.12/site-packages/airflow/example_dags/plugins/workday.py
[2026-05-04T01:19:53.477+0300] {processor.py:208} INFO - Processing /home/nikita/airflow-setup/ENV/lib/python3.12/site-packages/airflow/example_dags/plugins/workday.py took 0.020 seconds
[2026-05-04T01:21:00.121+0300] {processor.py:186} INFO - Started process (PID=16740) to work on /home/nikita/airflow-setup/ENV/lib/python3.12/site-packages/airflow/example_dags/plugins/workday.py
[2026-05-04T01:21:00.122+0300] {processor.py:914} INFO - Processing file /home/nikita/airflow-setup/ENV/lib/python3.12/site-packages/airflow/example_dags/plugins/workday.py for tasks to queue
[2026-05-04T01:21:00.123+0300] {logging_mixin.py:190} INFO - [2026-05-04T01:21:00.123+0300] {dagbag.py:588} INFO - Filling up the DagBag from /home/nikita/airflow-setup/ENV/lib/python3.12/site-packages/airflow/example_dags/plugins/workday.py
[2026-05-04T01:21:00.125+0300] {processor.py:927} WARNING - No viable dags retrieved from /home/nikita/airflow-setup/ENV/lib/python3.12/site-packages/airflow/example_dags/plugins/workday.py
[2026-05-04T01:21:00.132+0300] {processor.py:208} INFO - Processing /home/nikita/airflow-setup/ENV/lib/python3.12/site-packages/airflow/example_dags/plugins/workday.py took 0.016 seconds
[2026-05-04T01:22:10.490+0300] {processor.py:186} INFO - Started process (PID=17006) to work on /home/nikita/airflow-setup/ENV/lib/python3.12/site-packages/airflow/example_dags/plugins/workday.py
[2026-05-04T01:22:10.492+0300] {processor.py:914} INFO - Processing file /home/nikita/airflow-setup/ENV/lib/python3.12/site-packages/airflow/example_dags/plugins/workday.py for tasks to queue
[2026-05-04T01:22:10.493+0300] {logging_mixin.py:190} INFO - [2026-05-04T01:22:10.492+0300] {dagbag.py:588} INFO - Filling up the DagBag from /home/nikita/airflow-setup/ENV/lib/python3.12/site-packages/airflow/example_dags/plugins/workday.py
[2026-05-04T01:22:10.495+0300] {processor.py:927} WARNING - No viable dags retrieved from /home/nikita/airflow-setup/ENV/lib/python3.12/site-packages/airflow/example_dags/plugins/workday.py
[2026-05-04T01:22:10.502+0300] {processor.py:208} INFO - Processing /home/nikita/airflow-setup/ENV/lib/python3.12/site-packages/airflow/example_dags/plugins/workday.py took 0.016 seconds
[2026-05-04T01:22:47.260+0300] {processor.py:186} INFO - Started process (PID=17149) to work on /home/nikita/airflow-setup/ENV/lib/python3.12/site-packages/airflow/example_dags/plugins/workday.py
[2026-05-04T01:22:47.262+0300] {processor.py:914} INFO - Processing file /home/nikita/airflow-setup/ENV/lib/python3.12/site-packages/airflow/example_dags/plugins/workday.py for tasks to queue
[2026-05-04T01:22:47.263+0300] {logging_mixin.py:190} INFO - [2026-05-04T01:22:47.263+0300] {dagbag.py:588} INFO - Filling up the DagBag from /home/nikita/airflow-setup/ENV/lib/python3.12/site-packages/airflow/example_dags/plugins/workday.py
[2026-05-04T01:22:47.265+0300] {processor.py:927} WARNING - No viable dags retrieved from /home/nikita/airflow-setup/ENV/lib/python3.12/site-packages/airflow/example_dags/plugins/workday.py
[2026-05-04T01:22:47.272+0300] {processor.py:208} INFO - Processing /home/nikita/airflow-setup/ENV/lib/python3.12/site-packages/airflow/example_dags/plugins/workday.py took 0.016 seconds
[2026-05-04T01:23:52.543+0300] {processor.py:186} INFO - Started process (PID=17396) to work on /home/nikita/airflow-setup/ENV/lib/python3.12/site-packages/airflow/example_dags/plugins/workday.py
[2026-05-04T01:23:52.544+0300] {processor.py:914} INFO - Processing file /home/nikita/airflow-setup/ENV/lib/python3.12/site-packages/airflow/example_dags/plugins/workday.py for tasks to queue
[2026-05-04T01:23:52.545+0300] {logging_mixin.py:190} INFO - [2026-05-04T01:23:52.545+0300] {dagbag.py:588} INFO - Filling up the DagBag from /home/nikita/airflow-setup/ENV/lib/python3.12/site-packages/airflow/example_dags/plugins/workday.py
[2026-05-04T01:23:52.548+0300] {processor.py:927} WARNING - No viable dags retrieved from /home/nikita/airflow-setup/ENV/lib/python3.12/site-packages/airflow/example_dags/plugins/workday.py
[2026-05-04T01:23:52.555+0300] {processor.py:208} INFO - Processing /home/nikita/airflow-setup/ENV/lib/python3.12/site-packages/airflow/example_dags/plugins/workday.py took 0.017 seconds
[2026-05-04T01:25:03.281+0300] {processor.py:186} INFO - Started process (PID=17972) to work on /home/nikita/airflow-setup/ENV/lib/python3.12/site-packages/airflow/example_dags/plugins/workday.py
[2026-05-04T01:25:03.290+0300] {processor.py:914} INFO - Processing file /home/nikita/airflow-setup/ENV/lib/python3.12/site-packages/airflow/example_dags/plugins/workday.py for tasks to queue
[2026-05-04T01:25:03.291+0300] {logging_mixin.py:190} INFO - [2026-05-04T01:25:03.291+0300] {dagbag.py:588} INFO - Filling up the DagBag from /home/nikita/airflow-setup/ENV/lib/python3.12/site-packages/airflow/example_dags/plugins/workday.py
[2026-05-04T01:25:03.295+0300] {processor.py:927} WARNING - No viable dags retrieved from /home/nikita/airflow-setup/ENV/lib/python3.12/site-packages/airflow/example_dags/plugins/workday.py
[2026-05-04T01:25:03.305+0300] {processor.py:208} INFO - Processing /home/nikita/airflow-setup/ENV/lib/python3.12/site-packages/airflow/example_dags/plugins/workday.py took 0.031 seconds
[2026-05-04T01:26:11.023+0300] {processor.py:186} INFO - Started process (PID=18590) to work on /home/nikita/airflow-setup/ENV/lib/python3.12/site-packages/airflow/example_dags/plugins/workday.py
[2026-05-04T01:26:11.024+0300] {processor.py:914} INFO - Processing file /home/nikita/airflow-setup/ENV/lib/python3.12/site-packages/airflow/example_dags/plugins/workday.py for tasks to queue
[2026-05-04T01:26:11.025+0300] {logging_mixin.py:190} INFO - [2026-05-04T01:26:11.025+0300] {dagbag.py:588} INFO - Filling up the DagBag from /home/nikita/airflow-setup/ENV/lib/python3.12/site-packages/airflow/example_dags/plugins/workday.py
[2026-05-04T01:26:11.028+0300] {processor.py:927} WARNING - No viable dags retrieved from /home/nikita/airflow-setup/ENV/lib/python3.12/site-packages/airflow/example_dags/plugins/workday.py
[2026-05-04T01:26:11.038+0300] {processor.py:208} INFO - Processing /home/nikita/airflow-setup/ENV/lib/python3.12/site-packages/airflow/example_dags/plugins/workday.py took 0.020 seconds
[2026-05-04T01:26:48.816+0300] {processor.py:186} INFO - Started process (PID=19399) to work on /home/nikita/airflow-setup/ENV/lib/python3.12/site-packages/airflow/example_dags/plugins/workday.py
[2026-05-04T01:26:48.816+0300] {processor.py:914} INFO - Processing file /home/nikita/airflow-setup/ENV/lib/python3.12/site-packages/airflow/example_dags/plugins/workday.py for tasks to queue
[2026-05-04T01:26:48.817+0300] {logging_mixin.py:190} INFO - [2026-05-04T01:26:48.817+0300] {dagbag.py:588} INFO - Filling up the DagBag from /home/nikita/airflow-setup/ENV/lib/python3.12/site-packages/airflow/example_dags/plugins/workday.py
[2026-05-04T01:26:48.819+0300] {processor.py:927} WARNING - No viable dags retrieved from /home/nikita/airflow-setup/ENV/lib/python3.12/site-packages/airflow/example_dags/plugins/workday.py
[2026-05-04T01:26:48.827+0300] {processor.py:208} INFO - Processing /home/nikita/airflow-setup/ENV/lib/python3.12/site-packages/airflow/example_dags/plugins/workday.py took 0.015 seconds
[2026-05-04T01:27:59.610+0300] {processor.py:186} INFO - Started process (PID=19665) to work on /home/nikita/airflow-setup/ENV/lib/python3.12/site-packages/airflow/example_dags/plugins/workday.py
[2026-05-04T01:27:59.619+0300] {processor.py:914} INFO - Processing file /home/nikita/airflow-setup/ENV/lib/python3.12/site-packages/airflow/example_dags/plugins/workday.py for tasks to queue
[2026-05-04T01:27:59.620+0300] {logging_mixin.py:190} INFO - [2026-05-04T01:27:59.620+0300] {dagbag.py:588} INFO - Filling up the DagBag from /home/nikita/airflow-setup/ENV/lib/python3.12/site-packages/airflow/example_dags/plugins/workday.py
[2026-05-04T01:27:59.622+0300] {processor.py:927} WARNING - No viable dags retrieved from /home/nikita/airflow-setup/ENV/lib/python3.12/site-packages/airflow/example_dags/plugins/workday.py
[2026-05-04T01:27:59.629+0300] {processor.py:208} INFO - Processing /home/nikita/airflow-setup/ENV/lib/python3.12/site-packages/airflow/example_dags/plugins/workday.py took 0.024 seconds
[2026-05-04T01:28:36.081+0300] {processor.py:186} INFO - Started process (PID=19804) to work on /home/nikita/airflow-setup/ENV/lib/python3.12/site-packages/airflow/example_dags/plugins/workday.py
[2026-05-04T01:28:36.082+0300] {processor.py:914} INFO - Processing file /home/nikita/airflow-setup/ENV/lib/python3.12/site-packages/airflow/example_dags/plugins/workday.py for tasks to queue
[2026-05-04T01:28:36.083+0300] {logging_mixin.py:190} INFO - [2026-05-04T01:28:36.082+0300] {dagbag.py:588} INFO - Filling up the DagBag from /home/nikita/airflow-setup/ENV/lib/python3.12/site-packages/airflow/example_dags/plugins/workday.py
[2026-05-04T01:28:36.085+0300] {processor.py:927} WARNING - No viable dags retrieved from /home/nikita/airflow-setup/ENV/lib/python3.12/site-packages/airflow/example_dags/plugins/workday.py
[2026-05-04T01:28:36.094+0300] {processor.py:208} INFO - Processing /home/nikita/airflow-setup/ENV/lib/python3.12/site-packages/airflow/example_dags/plugins/workday.py took 0.018 seconds
[2026-05-04T01:29:44.724+0300] {processor.py:186} INFO - Started process (PID=20063) to work on /home/nikita/airflow-setup/ENV/lib/python3.12/site-packages/airflow/example_dags/plugins/workday.py
[2026-05-04T01:29:44.725+0300] {processor.py:914} INFO - Processing file /home/nikita/airflow-setup/ENV/lib/python3.12/site-packages/airflow/example_dags/plugins/workday.py for tasks to queue
[2026-05-04T01:29:44.726+0300] {logging_mixin.py:190} INFO - [2026-05-04T01:29:44.726+0300] {dagbag.py:588} INFO - Filling up the DagBag from /home/nikita/airflow-setup/ENV/lib/python3.12/site-packages/airflow/example_dags/plugins/workday.py
[2026-05-04T01:29:44.729+0300] {processor.py:927} WARNING - No viable dags retrieved from /home/nikita/airflow-setup/ENV/lib/python3.12/site-packages/airflow/example_dags/plugins/workday.py
[2026-05-04T01:29:44.738+0300] {processor.py:208} INFO - Processing /home/nikita/airflow-setup/ENV/lib/python3.12/site-packages/airflow/example_dags/plugins/workday.py took 0.020 seconds
[2026-05-04T01:30:21.548+0300] {processor.py:186} INFO - Started process (PID=20204) to work on /home/nikita/airflow-setup/ENV/lib/python3.12/site-packages/airflow/example_dags/plugins/workday.py
[2026-05-04T01:30:21.558+0300] {processor.py:914} INFO - Processing file /home/nikita/airflow-setup/ENV/lib/python3.12/site-packages/airflow/example_dags/plugins/workday.py for tasks to queue
[2026-05-04T01:30:21.559+0300] {logging_mixin.py:190} INFO - [2026-05-04T01:30:21.559+0300] {dagbag.py:588} INFO - Filling up the DagBag from /home/nikita/airflow-setup/ENV/lib/python3.12/site-packages/airflow/example_dags/plugins/workday.py
[2026-05-04T01:30:21.562+0300] {processor.py:927} WARNING - No viable dags retrieved from /home/nikita/airflow-setup/ENV/lib/python3.12/site-packages/airflow/example_dags/plugins/workday.py
[2026-05-04T01:30:21.571+0300] {processor.py:208} INFO - Processing /home/nikita/airflow-setup/ENV/lib/python3.12/site-packages/airflow/example_dags/plugins/workday.py took 0.028 seconds
[2026-05-04T01:31:37.401+0300] {processor.py:186} INFO - Started process (PID=20481) to work on /home/nikita/airflow-setup/ENV/lib/python3.12/site-packages/airflow/example_dags/plugins/workday.py
[2026-05-04T01:31:37.402+0300] {processor.py:914} INFO - Processing file /home/nikita/airflow-setup/ENV/lib/python3.12/site-packages/airflow/example_dags/plugins/workday.py for tasks to queue
[2026-05-04T01:31:37.403+0300] {logging_mixin.py:190} INFO - [2026-05-04T01:31:37.403+0300] {dagbag.py:588} INFO - Filling up the DagBag from /home/nikita/airflow-setup/ENV/lib/python3.12/site-packages/airflow/example_dags/plugins/workday.py
[2026-05-04T01:31:37.405+0300] {processor.py:927} WARNING - No viable dags retrieved from /home/nikita/airflow-setup/ENV/lib/python3.12/site-packages/airflow/example_dags/plugins/workday.py
[2026-05-04T01:31:37.412+0300] {processor.py:208} INFO - Processing /home/nikita/airflow-setup/ENV/lib/python3.12/site-packages/airflow/example_dags/plugins/workday.py took 0.015 seconds
[2026-05-04T01:32:19.626+0300] {processor.py:186} INFO - Started process (PID=20640) to work on /home/nikita/airflow-setup/ENV/lib/python3.12/site-packages/airflow/example_dags/plugins/workday.py
[2026-05-04T01:32:19.627+0300] {processor.py:914} INFO - Processing file /home/nikita/airflow-setup/ENV/lib/python3.12/site-packages/airflow/example_dags/plugins/workday.py for tasks to queue
[2026-05-04T01:32:19.628+0300] {logging_mixin.py:190} INFO - [2026-05-04T01:32:19.628+0300] {dagbag.py:588} INFO - Filling up the DagBag from /home/nikita/airflow-setup/ENV/lib/python3.12/site-packages/airflow/example_dags/plugins/workday.py
[2026-05-04T01:32:19.631+0300] {processor.py:927} WARNING - No viable dags retrieved from /home/nikita/airflow-setup/ENV/lib/python3.12/site-packages/airflow/example_dags/plugins/workday.py
[2026-05-04T01:32:19.640+0300] {processor.py:208} INFO - Processing /home/nikita/airflow-setup/ENV/lib/python3.12/site-packages/airflow/example_dags/plugins/workday.py took 0.017 seconds
[2026-05-04T01:32:56.935+0300] {processor.py:186} INFO - Started process (PID=20926) to work on /home/nikita/airflow-setup/ENV/lib/python3.12/site-packages/airflow/example_dags/plugins/workday.py
[2026-05-04T01:32:56.936+0300] {processor.py:914} INFO - Processing file /home/nikita/airflow-setup/ENV/lib/python3.12/site-packages/airflow/example_dags/plugins/workday.py for tasks to queue
[2026-05-04T01:32:56.938+0300] {logging_mixin.py:190} INFO - [2026-05-04T01:32:56.937+0300] {dagbag.py:588} INFO - Filling up the DagBag from /home/nikita/airflow-setup/ENV/lib/python3.12/site-packages/airflow/example_dags/plugins/workday.py
[2026-05-04T01:32:56.941+0300] {processor.py:927} WARNING - No viable dags retrieved from /home/nikita/airflow-setup/ENV/lib/python3.12/site-packages/airflow/example_dags/plugins/workday.py
[2026-05-04T01:32:56.951+0300] {processor.py:208} INFO - Processing /home/nikita/airflow-setup/ENV/lib/python3.12/site-packages/airflow/example_dags/plugins/workday.py took 0.022 seconds
[2026-05-04T01:33:59.977+0300] {processor.py:186} INFO - Started process (PID=21294) to work on /home/nikita/airflow-setup/ENV/lib/python3.12/site-packages/airflow/example_dags/plugins/workday.py
[2026-05-04T01:33:59.979+0300] {processor.py:914} INFO - Processing file /home/nikita/airflow-setup/ENV/lib/python3.12/site-packages/airflow/example_dags/plugins/workday.py for tasks to queue
[2026-05-04T01:33:59.980+0300] {logging_mixin.py:190} INFO - [2026-05-04T01:33:59.980+0300] {dagbag.py:588} INFO - Filling up the DagBag from /home/nikita/airflow-setup/ENV/lib/python3.12/site-packages/airflow/example_dags/plugins/workday.py
[2026-05-04T01:33:59.982+0300] {processor.py:927} WARNING - No viable dags retrieved from /home/nikita/airflow-setup/ENV/lib/python3.12/site-packages/airflow/example_dags/plugins/workday.py
[2026-05-04T01:33:59.990+0300] {processor.py:208} INFO - Processing /home/nikita/airflow-setup/ENV/lib/python3.12/site-packages/airflow/example_dags/plugins/workday.py took 0.017 seconds
[2026-05-04T01:35:04.467+0300] {processor.py:186} INFO - Started process (PID=21539) to work on /home/nikita/airflow-setup/ENV/lib/python3.12/site-packages/airflow/example_dags/plugins/workday.py
[2026-05-04T01:35:04.468+0300] {processor.py:914} INFO - Processing file /home/nikita/airflow-setup/ENV/lib/python3.12/site-packages/airflow/example_dags/plugins/workday.py for tasks to queue
[2026-05-04T01:35:04.469+0300] {logging_mixin.py:190} INFO - [2026-05-04T01:35:04.469+0300] {dagbag.py:588} INFO - Filling up the DagBag from /home/nikita/airflow-setup/ENV/lib/python3.12/site-packages/airflow/example_dags/plugins/workday.py
[2026-05-04T01:35:04.471+0300] {processor.py:927} WARNING - No viable dags retrieved from /home/nikita/airflow-setup/ENV/lib/python3.12/site-packages/airflow/example_dags/plugins/workday.py
[2026-05-04T01:35:04.480+0300] {processor.py:208} INFO - Processing /home/nikita/airflow-setup/ENV/lib/python3.12/site-packages/airflow/example_dags/plugins/workday.py took 0.019 seconds
[2026-05-04T01:36:05.941+0300] {processor.py:186} INFO - Started process (PID=21783) to work on /home/nikita/airflow-setup/ENV/lib/python3.12/site-packages/airflow/example_dags/plugins/workday.py
[2026-05-04T01:36:05.951+0300] {processor.py:914} INFO - Processing file /home/nikita/airflow-setup/ENV/lib/python3.12/site-packages/airflow/example_dags/plugins/workday.py for tasks to queue
[2026-05-04T01:36:05.952+0300] {logging_mixin.py:190} INFO - [2026-05-04T01:36:05.952+0300] {dagbag.py:588} INFO - Filling up the DagBag from /home/nikita/airflow-setup/ENV/lib/python3.12/site-packages/airflow/example_dags/plugins/workday.py
[2026-05-04T01:36:05.954+0300] {processor.py:927} WARNING - No viable dags retrieved from /home/nikita/airflow-setup/ENV/lib/python3.12/site-packages/airflow/example_dags/plugins/workday.py
[2026-05-04T01:36:05.962+0300] {processor.py:208} INFO - Processing /home/nikita/airflow-setup/ENV/lib/python3.12/site-packages/airflow/example_dags/plugins/workday.py took 0.025 seconds
