[2026-05-04T01:58:04.401+0300] {local_task_job_runner.py:123} INFO - ::group::Pre task execution logs
[2026-05-04T01:58:04.413+0300] {taskinstance.py:2631} INFO - Dependencies all met for dep_context=non-requeueable deps ti=<TaskInstance: partition_maintenance.cleanup_old_logs scheduled__2026-04-26T03:00:00+00:00 [queued]>
[2026-05-04T01:58:04.418+0300] {taskinstance.py:2631} INFO - Dependencies all met for dep_context=requeueable deps ti=<TaskInstance: partition_maintenance.cleanup_old_logs scheduled__2026-04-26T03:00:00+00:00 [queued]>
[2026-05-04T01:58:04.418+0300] {taskinstance.py:2884} INFO - Starting attempt 1 of 2
[2026-05-04T01:58:04.430+0300] {taskinstance.py:2907} INFO - Executing <Task(SQLExecuteQueryOperator): cleanup_old_logs> on 2026-04-26 03:00:00+00:00
[2026-05-04T01:58:04.433+0300] {standard_task_runner.py:72} INFO - Started process 25641 to run task
[2026-05-04T01:58:04.436+0300] {standard_task_runner.py:104} INFO - Running: ['airflow', 'tasks', 'run', 'partition_maintenance', 'cleanup_old_logs', 'scheduled__2026-04-26T03:00:00+00:00', '--job-id', '21', '--raw', '--subdir', 'DAGS_FOLDER/partition_maintenance_dag.py', '--cfg-path', '/tmp/tmpkn63n6ed']
[2026-05-04T01:58:04.438+0300] {standard_task_runner.py:105} INFO - Job 21: Subtask cleanup_old_logs
[2026-05-04T01:58:04.471+0300] {task_command.py:467} INFO - Running <TaskInstance: partition_maintenance.cleanup_old_logs scheduled__2026-04-26T03:00:00+00:00 [running]> on host DESKTOP-6NU1733.localdomain
[2026-05-04T01:58:04.518+0300] {taskinstance.py:3157} INFO - Exporting env vars: AIRFLOW_CTX_DAG_OWNER='airflow' AIRFLOW_CTX_DAG_ID='partition_maintenance' AIRFLOW_CTX_TASK_ID='cleanup_old_logs' AIRFLOW_CTX_EXECUTION_DATE='2026-04-26T03:00:00+00:00' AIRFLOW_CTX_TRY_NUMBER='1' AIRFLOW_CTX_DAG_RUN_ID='scheduled__2026-04-26T03:00:00+00:00'
[2026-05-04T01:58:04.519+0300] {taskinstance.py:740} INFO - ::endgroup::
[2026-05-04T01:58:04.529+0300] {sql.py:306} INFO - Executing: CALL public.cleanup_partition_logs(90);
[2026-05-04T01:58:04.535+0300] {base.py:84} INFO - Retrieving connection 'postgres_default'
[2026-05-04T01:58:04.551+0300] {base.py:84} INFO - Retrieving connection 'postgres_default'
[2026-05-04T01:58:04.561+0300] {sql.py:814} INFO - Running statement: CALL public.cleanup_partition_logs(90);, parameters: None
[2026-05-04T01:58:04.569+0300] {taskinstance.py:349} INFO - ::group::Post task execution logs
[2026-05-04T01:58:04.569+0300] {taskinstance.py:361} INFO - Marking task as SUCCESS. dag_id=partition_maintenance, task_id=cleanup_old_logs, run_id=scheduled__2026-04-26T03:00:00+00:00, execution_date=20260426T030000, start_date=20260503T225804, end_date=20260503T225804
[2026-05-04T01:58:04.608+0300] {local_task_job_runner.py:266} INFO - Task exited with return code 0
[2026-05-04T01:58:04.618+0300] {taskinstance.py:3924} INFO - 1 downstream tasks scheduled from follow-on schedule check
[2026-05-04T01:58:04.624+0300] {local_task_job_runner.py:245} INFO - ::endgroup::
