[2026-05-04T01:58:09.051+0300] {local_task_job_runner.py:123} INFO - ::group::Pre task execution logs
[2026-05-04T01:58:09.058+0300] {taskinstance.py:2631} INFO - Dependencies all met for dep_context=non-requeueable deps ti=<TaskInstance: partition_maintenance.ensure_log_table manual__2026-05-03T22:58:00.783312+00:00 [queued]>
[2026-05-04T01:58:09.061+0300] {taskinstance.py:2631} INFO - Dependencies all met for dep_context=requeueable deps ti=<TaskInstance: partition_maintenance.ensure_log_table manual__2026-05-03T22:58:00.783312+00:00 [queued]>
[2026-05-04T01:58:09.061+0300] {taskinstance.py:2884} INFO - Starting attempt 1 of 2
[2026-05-04T01:58:09.072+0300] {taskinstance.py:2907} INFO - Executing <Task(SQLExecuteQueryOperator): ensure_log_table> on 2026-05-03 22:58:00.783312+00:00
[2026-05-04T01:58:09.075+0300] {standard_task_runner.py:72} INFO - Started process 25664 to run task
[2026-05-04T01:58:09.077+0300] {standard_task_runner.py:104} INFO - Running: ['airflow', 'tasks', 'run', 'partition_maintenance', 'ensure_log_table', 'manual__2026-05-03T22:58:00.783312+00:00', '--job-id', '23', '--raw', '--subdir', 'DAGS_FOLDER/partition_maintenance_dag.py', '--cfg-path', '/tmp/tmp45az7j9r']
[2026-05-04T01:58:09.079+0300] {standard_task_runner.py:105} INFO - Job 23: Subtask ensure_log_table
[2026-05-04T01:58:09.111+0300] {task_command.py:467} INFO - Running <TaskInstance: partition_maintenance.ensure_log_table manual__2026-05-03T22:58:00.783312+00:00 [running]> on host DESKTOP-6NU1733.localdomain
[2026-05-04T01:58:09.160+0300] {taskinstance.py:3157} INFO - Exporting env vars: AIRFLOW_CTX_DAG_OWNER='airflow' AIRFLOW_CTX_DAG_ID='partition_maintenance' AIRFLOW_CTX_TASK_ID='ensure_log_table' AIRFLOW_CTX_EXECUTION_DATE='2026-05-03T22:58:00.783312+00:00' AIRFLOW_CTX_TRY_NUMBER='1' AIRFLOW_CTX_DAG_RUN_ID='manual__2026-05-03T22:58:00.783312+00:00'
[2026-05-04T01:58:09.161+0300] {taskinstance.py:740} INFO - ::endgroup::
[2026-05-04T01:58:09.171+0300] {sql.py:306} INFO - Executing: 
            CREATE TABLE IF NOT EXISTS public.partition_log (
                id              BIGSERIAL PRIMARY KEY,
                operation_type  VARCHAR(50)  NOT NULL,
                partition_name  VARCHAR(255),
                train_type      VARCHAR(255),
                rows_affected   BIGINT       DEFAULT 0,
                status          VARCHAR(20)  DEFAULT 'SUCCESS',
                error_message   TEXT,
                executed_by     VARCHAR(100) DEFAULT 'system',
                executed_at     TIMESTAMPTZ  DEFAULT NOW()
            );
        
[2026-05-04T01:58:09.177+0300] {base.py:84} INFO - Retrieving connection 'postgres_default'
[2026-05-04T01:58:09.193+0300] {base.py:84} INFO - Retrieving connection 'postgres_default'
[2026-05-04T01:58:09.206+0300] {sql.py:814} INFO - Running statement: 
            CREATE TABLE IF NOT EXISTS public.partition_log (
                id              BIGSERIAL PRIMARY KEY,
                operation_type  VARCHAR(50)  NOT NULL,
                partition_name  VARCHAR(255),
                train_type      VARCHAR(255),
                rows_affected   BIGINT       DEFAULT 0,
                status          VARCHAR(20)  DEFAULT 'SUCCESS',
                error_message   TEXT,
                executed_by     VARCHAR(100) DEFAULT 'system',
                executed_at     TIMESTAMPTZ  DEFAULT NOW()
            );
        , parameters: None
[2026-05-04T01:58:09.215+0300] {taskinstance.py:349} INFO - ::group::Post task execution logs
[2026-05-04T01:58:09.215+0300] {taskinstance.py:361} INFO - Marking task as SUCCESS. dag_id=partition_maintenance, task_id=ensure_log_table, run_id=manual__2026-05-03T22:58:00.783312+00:00, execution_date=20260503T225800, start_date=20260503T225809, end_date=20260503T225809
[2026-05-04T01:58:09.251+0300] {local_task_job_runner.py:266} INFO - Task exited with return code 0
[2026-05-04T01:58:09.275+0300] {taskinstance.py:3924} INFO - 1 downstream tasks scheduled from follow-on schedule check
[2026-05-04T01:58:09.279+0300] {local_task_job_runner.py:245} INFO - ::endgroup::
