[2026-05-04T01:57:55.382+0300] {local_task_job_runner.py:123} INFO - ::group::Pre task execution logs
[2026-05-04T01:57:55.391+0300] {taskinstance.py:2631} INFO - Dependencies all met for dep_context=non-requeueable deps ti=<TaskInstance: finance_postgres_dag.populate_client_table scheduled__2024-01-01T00:00:00+00:00 [queued]>
[2026-05-04T01:57:55.395+0300] {taskinstance.py:2631} INFO - Dependencies all met for dep_context=requeueable deps ti=<TaskInstance: finance_postgres_dag.populate_client_table scheduled__2024-01-01T00:00:00+00:00 [queued]>
[2026-05-04T01:57:55.395+0300] {taskinstance.py:2884} INFO - Starting attempt 1 of 2
[2026-05-04T01:57:55.406+0300] {taskinstance.py:2907} INFO - Executing <Task(SQLExecuteQueryOperator): populate_client_table> on 2024-01-01 00:00:00+00:00
[2026-05-04T01:57:55.408+0300] {standard_task_runner.py:72} INFO - Started process 25588 to run task
[2026-05-04T01:57:55.410+0300] {standard_task_runner.py:104} INFO - Running: ['airflow', 'tasks', 'run', 'finance_postgres_dag', 'populate_client_table', 'scheduled__2024-01-01T00:00:00+00:00', '--job-id', '16', '--raw', '--subdir', '/home/nikita/airflow/dags/finance_postgress_dag.py', '--cfg-path', '/tmp/tmpa607iyw7']
[2026-05-04T01:57:55.411+0300] {standard_task_runner.py:105} INFO - Job 16: Subtask populate_client_table
[2026-05-04T01:57:55.437+0300] {task_command.py:467} INFO - Running <TaskInstance: finance_postgres_dag.populate_client_table scheduled__2024-01-01T00:00:00+00:00 [running]> on host DESKTOP-6NU1733.localdomain
[2026-05-04T01:57:55.475+0300] {taskinstance.py:3157} INFO - Exporting env vars: AIRFLOW_CTX_DAG_OWNER='finance_team' AIRFLOW_CTX_DAG_ID='finance_postgres_dag' AIRFLOW_CTX_TASK_ID='populate_client_table' AIRFLOW_CTX_EXECUTION_DATE='2024-01-01T00:00:00+00:00' AIRFLOW_CTX_TRY_NUMBER='1' AIRFLOW_CTX_DAG_RUN_ID='scheduled__2024-01-01T00:00:00+00:00'
[2026-05-04T01:57:55.476+0300] {taskinstance.py:740} INFO - ::endgroup::
[2026-05-04T01:57:55.485+0300] {sql.py:306} INFO - Executing: -- Вставка тестовых данных клиентов
INSERT INTO clients (name, email, phone, address) VALUES
('Иван Иванов', 'ivan@example.com', '+79123456789', 'г. Москва, ул. Ленина, д. 1'),
('Мария Петрова', 'maria@example.com', '+79876543210', 'г. Санкт-Петербург, пр. Невский, д. 2'),
('ООО "Ромашка"', 'contact@romashka.ru', '+78005553535', 'г. Казань, ул. Баумана, д. 15');
[2026-05-04T01:57:55.491+0300] {base.py:84} INFO - Retrieving connection 'postgres_default'
[2026-05-04T01:57:55.507+0300] {base.py:84} INFO - Retrieving connection 'postgres_default'
[2026-05-04T01:57:55.518+0300] {sql.py:814} INFO - Running statement: -- Вставка тестовых данных клиентов
INSERT INTO clients (name, email, phone, address) VALUES
('Иван Иванов', 'ivan@example.com', '+79123456789', 'г. Москва, ул. Ленина, д. 1'),
('Мария Петрова', 'maria@example.com', '+79876543210', 'г. Санкт-Петербург, пр. Невский, д. 2'),
('ООО "Ромашка"', 'contact@romashka.ru', '+78005553535', 'г. Казань, ул. Баумана, д. 15');, parameters: None
[2026-05-04T01:57:55.521+0300] {sql.py:823} INFO - Rows affected: 3
[2026-05-04T01:57:55.526+0300] {taskinstance.py:349} INFO - ::group::Post task execution logs
[2026-05-04T01:57:55.527+0300] {taskinstance.py:361} INFO - Marking task as SUCCESS. dag_id=finance_postgres_dag, task_id=populate_client_table, run_id=scheduled__2024-01-01T00:00:00+00:00, execution_date=20240101T000000, start_date=20260503T225755, end_date=20260503T225755
[2026-05-04T01:57:55.542+0300] {local_task_job_runner.py:266} INFO - Task exited with return code 0
[2026-05-04T01:57:55.553+0300] {taskinstance.py:3924} INFO - 1 downstream tasks scheduled from follow-on schedule check
[2026-05-04T01:57:55.557+0300] {local_task_job_runner.py:245} INFO - ::endgroup::
