[2026-05-04T01:55:28.540+0300] {local_task_job_runner.py:123} INFO - ::group::Pre task execution logs
[2026-05-04T01:55:28.550+0300] {taskinstance.py:2631} INFO - Dependencies all met for dep_context=non-requeueable deps ti=<TaskInstance: dynamic_partition_creation.create_partitions scheduled__2026-05-03T12:00:00+00:00 [queued]>
[2026-05-04T01:55:28.554+0300] {taskinstance.py:2631} INFO - Dependencies all met for dep_context=requeueable deps ti=<TaskInstance: dynamic_partition_creation.create_partitions scheduled__2026-05-03T12:00:00+00:00 [queued]>
[2026-05-04T01:55:28.554+0300] {taskinstance.py:2884} INFO - Starting attempt 1 of 3
[2026-05-04T01:55:28.567+0300] {taskinstance.py:2907} INFO - Executing <Task(SQLExecuteQueryOperator): create_partitions> on 2026-05-03 12:00:00+00:00
[2026-05-04T01:55:28.569+0300] {standard_task_runner.py:72} INFO - Started process 25098 to run task
[2026-05-04T01:55:28.571+0300] {standard_task_runner.py:104} INFO - Running: ['airflow', 'tasks', 'run', 'dynamic_partition_creation', 'create_partitions', 'scheduled__2026-05-03T12:00:00+00:00', '--job-id', '6', '--raw', '--subdir', 'DAGS_FOLDER/partition_creation_dag.py', '--cfg-path', '/tmp/tmp_0v9t2xu']
[2026-05-04T01:55:28.573+0300] {standard_task_runner.py:105} INFO - Job 6: Subtask create_partitions
[2026-05-04T01:55:28.599+0300] {task_command.py:467} INFO - Running <TaskInstance: dynamic_partition_creation.create_partitions scheduled__2026-05-03T12:00:00+00:00 [running]> on host DESKTOP-6NU1733.localdomain
[2026-05-04T01:55:28.645+0300] {taskinstance.py:3157} INFO - Exporting env vars: AIRFLOW_CTX_DAG_OWNER='airflow' AIRFLOW_CTX_DAG_ID='dynamic_partition_creation' AIRFLOW_CTX_TASK_ID='create_partitions' AIRFLOW_CTX_EXECUTION_DATE='2026-05-03T12:00:00+00:00' AIRFLOW_CTX_TRY_NUMBER='1' AIRFLOW_CTX_DAG_RUN_ID='scheduled__2026-05-03T12:00:00+00:00'
[2026-05-04T01:55:28.645+0300] {taskinstance.py:740} INFO - ::endgroup::
[2026-05-04T01:55:28.654+0300] {sql.py:306} INFO - Executing: CALL public.create_partitions_for_new_types();
[2026-05-04T01:55:28.660+0300] {base.py:84} INFO - Retrieving connection 'postgres_default'
[2026-05-04T01:55:28.674+0300] {base.py:84} INFO - Retrieving connection 'postgres_default'
[2026-05-04T01:55:28.684+0300] {sql.py:814} INFO - Running statement: CALL public.create_partitions_for_new_types();, parameters: None
[2026-05-04T01:55:28.706+0300] {taskinstance.py:349} INFO - ::group::Post task execution logs
[2026-05-04T01:55:28.706+0300] {taskinstance.py:361} INFO - Marking task as SUCCESS. dag_id=dynamic_partition_creation, task_id=create_partitions, run_id=scheduled__2026-05-03T12:00:00+00:00, execution_date=20260503T120000, start_date=20260503T225528, end_date=20260503T225528
[2026-05-04T01:55:28.744+0300] {local_task_job_runner.py:266} INFO - Task exited with return code 0
[2026-05-04T01:55:28.755+0300] {taskinstance.py:3924} INFO - 0 downstream tasks scheduled from follow-on schedule check
[2026-05-04T01:55:28.755+0300] {local_task_job_runner.py:245} INFO - ::endgroup::
