[2026-05-04T12:25:21.309+0300] {local_task_job_runner.py:123} INFO - ::group::Pre task execution logs
[2026-05-04T12:25:21.330+0300] {taskinstance.py:2631} INFO - Dependencies all met for dep_context=non-requeueable deps ti=<TaskInstance: dynamic_partition_creation.ensure_log_table scheduled__2026-05-04T00:00:00+00:00 [queued]>
[2026-05-04T12:25:21.339+0300] {taskinstance.py:2631} INFO - Dependencies all met for dep_context=requeueable deps ti=<TaskInstance: dynamic_partition_creation.ensure_log_table scheduled__2026-05-04T00:00:00+00:00 [queued]>
[2026-05-04T12:25:21.339+0300] {taskinstance.py:2884} INFO - Starting attempt 2 of 3
[2026-05-04T12:25:21.367+0300] {taskinstance.py:2907} INFO - Executing <Task(SQLExecuteQueryOperator): ensure_log_table> on 2026-05-04 00:00:00+00:00
[2026-05-04T12:25:21.371+0300] {standard_task_runner.py:72} INFO - Started process 2534 to run task
[2026-05-04T12:25:21.376+0300] {standard_task_runner.py:104} INFO - Running: ['airflow', 'tasks', 'run', 'dynamic_partition_creation', 'ensure_log_table', 'scheduled__2026-05-04T00:00:00+00:00', '--job-id', '30', '--raw', '--subdir', 'DAGS_FOLDER/partition_creation_dag.py', '--cfg-path', '/tmp/tmpcsmeyn_5']
[2026-05-04T12:25:21.378+0300] {standard_task_runner.py:105} INFO - Job 30: Subtask ensure_log_table
[2026-05-04T12:25:21.425+0300] {task_command.py:467} INFO - Running <TaskInstance: dynamic_partition_creation.ensure_log_table scheduled__2026-05-04T00:00:00+00:00 [running]> on host DESKTOP-6NU1733.localdomain
[2026-05-04T12:25:21.475+0300] {taskinstance.py:3157} INFO - Exporting env vars: AIRFLOW_CTX_DAG_OWNER='airflow' AIRFLOW_CTX_DAG_ID='dynamic_partition_creation' AIRFLOW_CTX_TASK_ID='ensure_log_table' AIRFLOW_CTX_EXECUTION_DATE='2026-05-04T00:00:00+00:00' AIRFLOW_CTX_TRY_NUMBER='2' AIRFLOW_CTX_DAG_RUN_ID='scheduled__2026-05-04T00:00:00+00:00'
[2026-05-04T12:25:21.476+0300] {taskinstance.py:740} INFO - ::endgroup::
[2026-05-04T12:25:21.489+0300] {sql.py:306} INFO - Executing: 
            CREATE TABLE IF NOT EXISTS public.partition_log (
                id              BIGSERIAL PRIMARY KEY,
                operation_type  VARCHAR(50)  NOT NULL,
                partition_name  VARCHAR(255),
                train_type      VARCHAR(255),
                rows_affected   BIGINT       DEFAULT 0,
                status          VARCHAR(20)  DEFAULT 'SUCCESS',
                error_message   TEXT,
                executed_by     VARCHAR(100) DEFAULT 'system',
                executed_at     TIMESTAMPTZ  DEFAULT NOW()
            );
        
[2026-05-04T12:25:21.496+0300] {base.py:84} INFO - Retrieving connection 'postgres_default'
[2026-05-04T12:25:21.520+0300] {base.py:84} INFO - Retrieving connection 'postgres_default'
[2026-05-04T12:25:58.889+0300] {local_task_job_runner.py:245} INFO - ::endgroup::
[2026-05-04T12:25:58.893+0300] {process_utils.py:132} INFO - Sending 15 to group 2534. PIDs of all processes in the group: [2534]
[2026-05-04T12:25:58.893+0300] {process_utils.py:87} INFO - Sending the signal 15 to group 2534
[2026-05-04T12:26:01.474+0300] {local_task_job_runner.py:123} INFO - ::group::Pre task execution logs
[2026-05-04T12:26:01.480+0300] {taskinstance.py:2621} INFO - Dependencies not met for <TaskInstance: dynamic_partition_creation.ensure_log_table scheduled__2026-05-04T00:00:00+00:00 [running]>, dependency 'Task Instance State' FAILED: Task is in the 'running' state.
[2026-05-04T12:26:01.480+0300] {taskinstance.py:2621} INFO - Dependencies not met for <TaskInstance: dynamic_partition_creation.ensure_log_table scheduled__2026-05-04T00:00:00+00:00 [running]>, dependency 'Task Instance Not Running' FAILED: Task is in the running state
[2026-05-04T12:26:01.483+0300] {local_task_job_runner.py:166} INFO - Task is not able to be run
