[2026-05-04T01:55:37.567+0300] {local_task_job_runner.py:123} INFO - ::group::Pre task execution logs
[2026-05-04T01:55:37.574+0300] {taskinstance.py:2631} INFO - Dependencies all met for dep_context=non-requeueable deps ti=<TaskInstance: dynamic_partition_creation.ensure_log_table manual__2026-05-03T22:55:23.229259+00:00 [queued]>
[2026-05-04T01:55:37.578+0300] {taskinstance.py:2631} INFO - Dependencies all met for dep_context=requeueable deps ti=<TaskInstance: dynamic_partition_creation.ensure_log_table manual__2026-05-03T22:55:23.229259+00:00 [queued]>
[2026-05-04T01:55:37.578+0300] {taskinstance.py:2884} INFO - Starting attempt 1 of 3
[2026-05-04T01:55:37.589+0300] {taskinstance.py:2907} INFO - Executing <Task(SQLExecuteQueryOperator): ensure_log_table> on 2026-05-03 22:55:23.229259+00:00
[2026-05-04T01:55:37.592+0300] {standard_task_runner.py:72} INFO - Started process 25143 to run task
[2026-05-04T01:55:37.595+0300] {standard_task_runner.py:104} INFO - Running: ['airflow', 'tasks', 'run', 'dynamic_partition_creation', 'ensure_log_table', 'manual__2026-05-03T22:55:23.229259+00:00', '--job-id', '10', '--raw', '--subdir', 'DAGS_FOLDER/partition_creation_dag.py', '--cfg-path', '/tmp/tmpjz5draq1']
[2026-05-04T01:55:37.596+0300] {standard_task_runner.py:105} INFO - Job 10: Subtask ensure_log_table
[2026-05-04T01:55:37.626+0300] {task_command.py:467} INFO - Running <TaskInstance: dynamic_partition_creation.ensure_log_table manual__2026-05-03T22:55:23.229259+00:00 [running]> on host DESKTOP-6NU1733.localdomain
[2026-05-04T01:55:37.676+0300] {taskinstance.py:3157} INFO - Exporting env vars: AIRFLOW_CTX_DAG_OWNER='airflow' AIRFLOW_CTX_DAG_ID='dynamic_partition_creation' AIRFLOW_CTX_TASK_ID='ensure_log_table' AIRFLOW_CTX_EXECUTION_DATE='2026-05-03T22:55:23.229259+00:00' AIRFLOW_CTX_TRY_NUMBER='1' AIRFLOW_CTX_DAG_RUN_ID='manual__2026-05-03T22:55:23.229259+00:00'
[2026-05-04T01:55:37.677+0300] {taskinstance.py:740} INFO - ::endgroup::
[2026-05-04T01:55:37.687+0300] {sql.py:306} INFO - Executing: 
            CREATE TABLE IF NOT EXISTS public.partition_log (
                id              BIGSERIAL PRIMARY KEY,
                operation_type  VARCHAR(50)  NOT NULL,
                partition_name  VARCHAR(255),
                train_type      VARCHAR(255),
                rows_affected   BIGINT       DEFAULT 0,
                status          VARCHAR(20)  DEFAULT 'SUCCESS',
                error_message   TEXT,
                executed_by     VARCHAR(100) DEFAULT 'system',
                executed_at     TIMESTAMPTZ  DEFAULT NOW()
            );
        
[2026-05-04T01:55:37.693+0300] {base.py:84} INFO - Retrieving connection 'postgres_default'
[2026-05-04T01:55:37.709+0300] {base.py:84} INFO - Retrieving connection 'postgres_default'
[2026-05-04T01:55:37.719+0300] {sql.py:814} INFO - Running statement: 
            CREATE TABLE IF NOT EXISTS public.partition_log (
                id              BIGSERIAL PRIMARY KEY,
                operation_type  VARCHAR(50)  NOT NULL,
                partition_name  VARCHAR(255),
                train_type      VARCHAR(255),
                rows_affected   BIGINT       DEFAULT 0,
                status          VARCHAR(20)  DEFAULT 'SUCCESS',
                error_message   TEXT,
                executed_by     VARCHAR(100) DEFAULT 'system',
                executed_at     TIMESTAMPTZ  DEFAULT NOW()
            );
        , parameters: None
[2026-05-04T01:55:37.725+0300] {taskinstance.py:349} INFO - ::group::Post task execution logs
[2026-05-04T01:55:37.726+0300] {taskinstance.py:361} INFO - Marking task as SUCCESS. dag_id=dynamic_partition_creation, task_id=ensure_log_table, run_id=manual__2026-05-03T22:55:23.229259+00:00, execution_date=20260503T225523, start_date=20260503T225537, end_date=20260503T225537
[2026-05-04T01:55:37.768+0300] {local_task_job_runner.py:266} INFO - Task exited with return code 0
[2026-05-04T01:55:37.781+0300] {taskinstance.py:3924} INFO - 1 downstream tasks scheduled from follow-on schedule check
[2026-05-04T01:55:37.787+0300] {local_task_job_runner.py:245} INFO - ::endgroup::
