[2026-05-04T00:46:22.883+0300] {processor.py:186} INFO - Started process (PID=5980) to work on /home/nikita/airflow-setup/ENV/lib/python3.12/site-packages/airflow/example_dags/example_sensor_decorator.py
[2026-05-04T00:46:22.885+0300] {processor.py:914} INFO - Processing file /home/nikita/airflow-setup/ENV/lib/python3.12/site-packages/airflow/example_dags/example_sensor_decorator.py for tasks to queue
[2026-05-04T00:46:22.887+0300] {logging_mixin.py:190} INFO - [2026-05-04T00:46:22.886+0300] {dagbag.py:588} INFO - Filling up the DagBag from /home/nikita/airflow-setup/ENV/lib/python3.12/site-packages/airflow/example_dags/example_sensor_decorator.py
[2026-05-04T00:46:22.899+0300] {processor.py:925} INFO - DAG(s) 'example_sensor_decorator' retrieved from /home/nikita/airflow-setup/ENV/lib/python3.12/site-packages/airflow/example_dags/example_sensor_decorator.py
[2026-05-04T00:46:22.995+0300] {logging_mixin.py:190} INFO - [2026-05-04T00:46:22.993+0300] {override.py:1930} INFO - Created Permission View: can read on DAG:example_sensor_decorator
[2026-05-04T00:46:23.011+0300] {logging_mixin.py:190} INFO - [2026-05-04T00:46:23.010+0300] {override.py:1930} INFO - Created Permission View: can delete on DAG:example_sensor_decorator
[2026-05-04T00:46:23.027+0300] {logging_mixin.py:190} INFO - [2026-05-04T00:46:23.026+0300] {override.py:1930} INFO - Created Permission View: can edit on DAG:example_sensor_decorator
[2026-05-04T00:46:23.042+0300] {logging_mixin.py:190} INFO - [2026-05-04T00:46:23.041+0300] {override.py:1930} INFO - Created Permission View: can read on DAG Run:example_sensor_decorator
[2026-05-04T00:46:23.055+0300] {logging_mixin.py:190} INFO - [2026-05-04T00:46:23.055+0300] {override.py:1930} INFO - Created Permission View: can delete on DAG Run:example_sensor_decorator
[2026-05-04T00:46:23.070+0300] {logging_mixin.py:190} INFO - [2026-05-04T00:46:23.068+0300] {override.py:1930} INFO - Created Permission View: menu access on DAG Run:example_sensor_decorator
[2026-05-04T00:46:23.086+0300] {logging_mixin.py:190} INFO - [2026-05-04T00:46:23.086+0300] {override.py:1930} INFO - Created Permission View: can create on DAG Run:example_sensor_decorator
[2026-05-04T00:46:23.087+0300] {logging_mixin.py:190} INFO - [2026-05-04T00:46:23.087+0300] {dag.py:3239} INFO - Sync 1 DAGs
[2026-05-04T00:46:23.104+0300] {logging_mixin.py:190} INFO - [2026-05-04T00:46:23.103+0300] {dag.py:3262} INFO - Creating ORM DAG for example_sensor_decorator
[2026-05-04T00:46:23.104+0300] {logging_mixin.py:190} INFO - [2026-05-04T00:46:23.104+0300] {dag.py:4180} INFO - Setting next_dagrun for example_sensor_decorator to None, run_after=None
[2026-05-04T00:46:23.136+0300] {processor.py:208} INFO - Processing /home/nikita/airflow-setup/ENV/lib/python3.12/site-packages/airflow/example_dags/example_sensor_decorator.py took 0.261 seconds
[2026-05-04T00:47:29.020+0300] {processor.py:186} INFO - Started process (PID=6058) to work on /home/nikita/airflow-setup/ENV/lib/python3.12/site-packages/airflow/example_dags/example_sensor_decorator.py
[2026-05-04T00:47:29.030+0300] {processor.py:914} INFO - Processing file /home/nikita/airflow-setup/ENV/lib/python3.12/site-packages/airflow/example_dags/example_sensor_decorator.py for tasks to queue
[2026-05-04T00:47:29.032+0300] {logging_mixin.py:190} INFO - [2026-05-04T00:47:29.032+0300] {dagbag.py:588} INFO - Filling up the DagBag from /home/nikita/airflow-setup/ENV/lib/python3.12/site-packages/airflow/example_dags/example_sensor_decorator.py
[2026-05-04T00:47:29.038+0300] {processor.py:925} INFO - DAG(s) 'example_sensor_decorator' retrieved from /home/nikita/airflow-setup/ENV/lib/python3.12/site-packages/airflow/example_dags/example_sensor_decorator.py
[2026-05-04T00:47:29.048+0300] {logging_mixin.py:190} INFO - [2026-05-04T00:47:29.048+0300] {dag.py:3239} INFO - Sync 1 DAGs
[2026-05-04T00:47:29.056+0300] {logging_mixin.py:190} INFO - [2026-05-04T00:47:29.055+0300] {dag.py:4180} INFO - Setting next_dagrun for example_sensor_decorator to None, run_after=None
[2026-05-04T00:47:29.071+0300] {processor.py:208} INFO - Processing /home/nikita/airflow-setup/ENV/lib/python3.12/site-packages/airflow/example_dags/example_sensor_decorator.py took 0.055 seconds
[2026-05-04T00:48:27.965+0300] {processor.py:186} INFO - Started process (PID=6115) to work on /home/nikita/airflow-setup/ENV/lib/python3.12/site-packages/airflow/example_dags/example_sensor_decorator.py
[2026-05-04T00:48:27.974+0300] {processor.py:914} INFO - Processing file /home/nikita/airflow-setup/ENV/lib/python3.12/site-packages/airflow/example_dags/example_sensor_decorator.py for tasks to queue
[2026-05-04T00:48:27.976+0300] {logging_mixin.py:190} INFO - [2026-05-04T00:48:27.975+0300] {dagbag.py:588} INFO - Filling up the DagBag from /home/nikita/airflow-setup/ENV/lib/python3.12/site-packages/airflow/example_dags/example_sensor_decorator.py
[2026-05-04T00:48:27.982+0300] {processor.py:925} INFO - DAG(s) 'example_sensor_decorator' retrieved from /home/nikita/airflow-setup/ENV/lib/python3.12/site-packages/airflow/example_dags/example_sensor_decorator.py
[2026-05-04T00:48:27.992+0300] {logging_mixin.py:190} INFO - [2026-05-04T00:48:27.991+0300] {dag.py:3239} INFO - Sync 1 DAGs
[2026-05-04T00:48:28.000+0300] {logging_mixin.py:190} INFO - [2026-05-04T00:48:27.999+0300] {dag.py:4180} INFO - Setting next_dagrun for example_sensor_decorator to None, run_after=None
[2026-05-04T00:48:28.015+0300] {processor.py:208} INFO - Processing /home/nikita/airflow-setup/ENV/lib/python3.12/site-packages/airflow/example_dags/example_sensor_decorator.py took 0.054 seconds
[2026-05-04T00:49:27.120+0300] {processor.py:186} INFO - Started process (PID=6173) to work on /home/nikita/airflow-setup/ENV/lib/python3.12/site-packages/airflow/example_dags/example_sensor_decorator.py
[2026-05-04T00:49:27.128+0300] {processor.py:914} INFO - Processing file /home/nikita/airflow-setup/ENV/lib/python3.12/site-packages/airflow/example_dags/example_sensor_decorator.py for tasks to queue
[2026-05-04T00:49:27.130+0300] {logging_mixin.py:190} INFO - [2026-05-04T00:49:27.130+0300] {dagbag.py:588} INFO - Filling up the DagBag from /home/nikita/airflow-setup/ENV/lib/python3.12/site-packages/airflow/example_dags/example_sensor_decorator.py
[2026-05-04T00:49:27.137+0300] {processor.py:925} INFO - DAG(s) 'example_sensor_decorator' retrieved from /home/nikita/airflow-setup/ENV/lib/python3.12/site-packages/airflow/example_dags/example_sensor_decorator.py
[2026-05-04T00:49:27.147+0300] {logging_mixin.py:190} INFO - [2026-05-04T00:49:27.146+0300] {dag.py:3239} INFO - Sync 1 DAGs
[2026-05-04T00:49:27.156+0300] {logging_mixin.py:190} INFO - [2026-05-04T00:49:27.155+0300] {dag.py:4180} INFO - Setting next_dagrun for example_sensor_decorator to None, run_after=None
[2026-05-04T00:49:27.171+0300] {processor.py:208} INFO - Processing /home/nikita/airflow-setup/ENV/lib/python3.12/site-packages/airflow/example_dags/example_sensor_decorator.py took 0.055 seconds
[2026-05-04T00:50:25.940+0300] {processor.py:186} INFO - Started process (PID=6249) to work on /home/nikita/airflow-setup/ENV/lib/python3.12/site-packages/airflow/example_dags/example_sensor_decorator.py
[2026-05-04T00:50:25.942+0300] {processor.py:914} INFO - Processing file /home/nikita/airflow-setup/ENV/lib/python3.12/site-packages/airflow/example_dags/example_sensor_decorator.py for tasks to queue
[2026-05-04T00:50:25.944+0300] {logging_mixin.py:190} INFO - [2026-05-04T00:50:25.944+0300] {dagbag.py:588} INFO - Filling up the DagBag from /home/nikita/airflow-setup/ENV/lib/python3.12/site-packages/airflow/example_dags/example_sensor_decorator.py
[2026-05-04T00:50:25.950+0300] {processor.py:925} INFO - DAG(s) 'example_sensor_decorator' retrieved from /home/nikita/airflow-setup/ENV/lib/python3.12/site-packages/airflow/example_dags/example_sensor_decorator.py
[2026-05-04T00:50:25.962+0300] {logging_mixin.py:190} INFO - [2026-05-04T00:50:25.962+0300] {dag.py:3239} INFO - Sync 1 DAGs
[2026-05-04T00:50:25.971+0300] {logging_mixin.py:190} INFO - [2026-05-04T00:50:25.971+0300] {dag.py:4180} INFO - Setting next_dagrun for example_sensor_decorator to None, run_after=None
[2026-05-04T00:50:25.988+0300] {processor.py:208} INFO - Processing /home/nikita/airflow-setup/ENV/lib/python3.12/site-packages/airflow/example_dags/example_sensor_decorator.py took 0.052 seconds
[2026-05-04T00:51:24.003+0300] {processor.py:186} INFO - Started process (PID=6312) to work on /home/nikita/airflow-setup/ENV/lib/python3.12/site-packages/airflow/example_dags/example_sensor_decorator.py
[2026-05-04T00:51:24.013+0300] {processor.py:914} INFO - Processing file /home/nikita/airflow-setup/ENV/lib/python3.12/site-packages/airflow/example_dags/example_sensor_decorator.py for tasks to queue
[2026-05-04T00:51:24.015+0300] {logging_mixin.py:190} INFO - [2026-05-04T00:51:24.014+0300] {dagbag.py:588} INFO - Filling up the DagBag from /home/nikita/airflow-setup/ENV/lib/python3.12/site-packages/airflow/example_dags/example_sensor_decorator.py
[2026-05-04T00:51:24.022+0300] {processor.py:925} INFO - DAG(s) 'example_sensor_decorator' retrieved from /home/nikita/airflow-setup/ENV/lib/python3.12/site-packages/airflow/example_dags/example_sensor_decorator.py
[2026-05-04T00:51:24.035+0300] {logging_mixin.py:190} INFO - [2026-05-04T00:51:24.035+0300] {dag.py:3239} INFO - Sync 1 DAGs
[2026-05-04T00:51:24.048+0300] {logging_mixin.py:190} INFO - [2026-05-04T00:51:24.048+0300] {dag.py:4180} INFO - Setting next_dagrun for example_sensor_decorator to None, run_after=None
[2026-05-04T00:51:24.072+0300] {processor.py:208} INFO - Processing /home/nikita/airflow-setup/ENV/lib/python3.12/site-packages/airflow/example_dags/example_sensor_decorator.py took 0.074 seconds
[2026-05-04T00:52:20.720+0300] {processor.py:186} INFO - Started process (PID=6366) to work on /home/nikita/airflow-setup/ENV/lib/python3.12/site-packages/airflow/example_dags/example_sensor_decorator.py
[2026-05-04T00:52:20.722+0300] {processor.py:914} INFO - Processing file /home/nikita/airflow-setup/ENV/lib/python3.12/site-packages/airflow/example_dags/example_sensor_decorator.py for tasks to queue
[2026-05-04T00:52:20.725+0300] {logging_mixin.py:190} INFO - [2026-05-04T00:52:20.724+0300] {dagbag.py:588} INFO - Filling up the DagBag from /home/nikita/airflow-setup/ENV/lib/python3.12/site-packages/airflow/example_dags/example_sensor_decorator.py
[2026-05-04T00:52:20.735+0300] {processor.py:925} INFO - DAG(s) 'example_sensor_decorator' retrieved from /home/nikita/airflow-setup/ENV/lib/python3.12/site-packages/airflow/example_dags/example_sensor_decorator.py
[2026-05-04T00:52:20.754+0300] {logging_mixin.py:190} INFO - [2026-05-04T00:52:20.753+0300] {dag.py:3239} INFO - Sync 1 DAGs
[2026-05-04T00:52:20.776+0300] {logging_mixin.py:190} INFO - [2026-05-04T00:52:20.776+0300] {dag.py:4180} INFO - Setting next_dagrun for example_sensor_decorator to None, run_after=None
[2026-05-04T00:52:20.805+0300] {processor.py:208} INFO - Processing /home/nikita/airflow-setup/ENV/lib/python3.12/site-packages/airflow/example_dags/example_sensor_decorator.py took 0.093 seconds
[2026-05-04T00:53:23.399+0300] {processor.py:186} INFO - Started process (PID=6445) to work on /home/nikita/airflow-setup/ENV/lib/python3.12/site-packages/airflow/example_dags/example_sensor_decorator.py
[2026-05-04T00:53:23.409+0300] {processor.py:914} INFO - Processing file /home/nikita/airflow-setup/ENV/lib/python3.12/site-packages/airflow/example_dags/example_sensor_decorator.py for tasks to queue
[2026-05-04T00:53:23.413+0300] {logging_mixin.py:190} INFO - [2026-05-04T00:53:23.412+0300] {dagbag.py:588} INFO - Filling up the DagBag from /home/nikita/airflow-setup/ENV/lib/python3.12/site-packages/airflow/example_dags/example_sensor_decorator.py
[2026-05-04T00:53:23.428+0300] {processor.py:925} INFO - DAG(s) 'example_sensor_decorator' retrieved from /home/nikita/airflow-setup/ENV/lib/python3.12/site-packages/airflow/example_dags/example_sensor_decorator.py
[2026-05-04T00:53:23.451+0300] {logging_mixin.py:190} INFO - [2026-05-04T00:53:23.450+0300] {dag.py:3239} INFO - Sync 1 DAGs
[2026-05-04T00:53:23.466+0300] {logging_mixin.py:190} INFO - [2026-05-04T00:53:23.466+0300] {dag.py:4180} INFO - Setting next_dagrun for example_sensor_decorator to None, run_after=None
[2026-05-04T00:53:23.489+0300] {processor.py:208} INFO - Processing /home/nikita/airflow-setup/ENV/lib/python3.12/site-packages/airflow/example_dags/example_sensor_decorator.py took 0.099 seconds
[2026-05-04T00:54:22.816+0300] {processor.py:186} INFO - Started process (PID=6502) to work on /home/nikita/airflow-setup/ENV/lib/python3.12/site-packages/airflow/example_dags/example_sensor_decorator.py
[2026-05-04T00:54:22.826+0300] {processor.py:914} INFO - Processing file /home/nikita/airflow-setup/ENV/lib/python3.12/site-packages/airflow/example_dags/example_sensor_decorator.py for tasks to queue
[2026-05-04T00:54:22.828+0300] {logging_mixin.py:190} INFO - [2026-05-04T00:54:22.828+0300] {dagbag.py:588} INFO - Filling up the DagBag from /home/nikita/airflow-setup/ENV/lib/python3.12/site-packages/airflow/example_dags/example_sensor_decorator.py
[2026-05-04T00:54:22.835+0300] {processor.py:925} INFO - DAG(s) 'example_sensor_decorator' retrieved from /home/nikita/airflow-setup/ENV/lib/python3.12/site-packages/airflow/example_dags/example_sensor_decorator.py
[2026-05-04T00:54:22.848+0300] {logging_mixin.py:190} INFO - [2026-05-04T00:54:22.848+0300] {dag.py:3239} INFO - Sync 1 DAGs
[2026-05-04T00:54:22.859+0300] {logging_mixin.py:190} INFO - [2026-05-04T00:54:22.858+0300] {dag.py:4180} INFO - Setting next_dagrun for example_sensor_decorator to None, run_after=None
[2026-05-04T00:54:22.877+0300] {processor.py:208} INFO - Processing /home/nikita/airflow-setup/ENV/lib/python3.12/site-packages/airflow/example_dags/example_sensor_decorator.py took 0.066 seconds
[2026-05-04T00:55:26.884+0300] {processor.py:186} INFO - Started process (PID=6571) to work on /home/nikita/airflow-setup/ENV/lib/python3.12/site-packages/airflow/example_dags/example_sensor_decorator.py
[2026-05-04T00:55:26.886+0300] {processor.py:914} INFO - Processing file /home/nikita/airflow-setup/ENV/lib/python3.12/site-packages/airflow/example_dags/example_sensor_decorator.py for tasks to queue
[2026-05-04T00:55:26.888+0300] {logging_mixin.py:190} INFO - [2026-05-04T00:55:26.887+0300] {dagbag.py:588} INFO - Filling up the DagBag from /home/nikita/airflow-setup/ENV/lib/python3.12/site-packages/airflow/example_dags/example_sensor_decorator.py
[2026-05-04T00:55:26.896+0300] {processor.py:925} INFO - DAG(s) 'example_sensor_decorator' retrieved from /home/nikita/airflow-setup/ENV/lib/python3.12/site-packages/airflow/example_dags/example_sensor_decorator.py
[2026-05-04T00:55:26.909+0300] {logging_mixin.py:190} INFO - [2026-05-04T00:55:26.909+0300] {dag.py:3239} INFO - Sync 1 DAGs
[2026-05-04T00:55:26.920+0300] {logging_mixin.py:190} INFO - [2026-05-04T00:55:26.920+0300] {dag.py:4180} INFO - Setting next_dagrun for example_sensor_decorator to None, run_after=None
[2026-05-04T00:55:26.942+0300] {processor.py:208} INFO - Processing /home/nikita/airflow-setup/ENV/lib/python3.12/site-packages/airflow/example_dags/example_sensor_decorator.py took 0.064 seconds
[2026-05-04T00:56:25.726+0300] {processor.py:186} INFO - Started process (PID=6630) to work on /home/nikita/airflow-setup/ENV/lib/python3.12/site-packages/airflow/example_dags/example_sensor_decorator.py
[2026-05-04T00:56:25.735+0300] {processor.py:914} INFO - Processing file /home/nikita/airflow-setup/ENV/lib/python3.12/site-packages/airflow/example_dags/example_sensor_decorator.py for tasks to queue
[2026-05-04T00:56:25.737+0300] {logging_mixin.py:190} INFO - [2026-05-04T00:56:25.736+0300] {dagbag.py:588} INFO - Filling up the DagBag from /home/nikita/airflow-setup/ENV/lib/python3.12/site-packages/airflow/example_dags/example_sensor_decorator.py
[2026-05-04T00:56:25.744+0300] {processor.py:925} INFO - DAG(s) 'example_sensor_decorator' retrieved from /home/nikita/airflow-setup/ENV/lib/python3.12/site-packages/airflow/example_dags/example_sensor_decorator.py
[2026-05-04T00:56:25.756+0300] {logging_mixin.py:190} INFO - [2026-05-04T00:56:25.755+0300] {dag.py:3239} INFO - Sync 1 DAGs
[2026-05-04T00:56:25.765+0300] {logging_mixin.py:190} INFO - [2026-05-04T00:56:25.765+0300] {dag.py:4180} INFO - Setting next_dagrun for example_sensor_decorator to None, run_after=None
[2026-05-04T00:56:25.781+0300] {processor.py:208} INFO - Processing /home/nikita/airflow-setup/ENV/lib/python3.12/site-packages/airflow/example_dags/example_sensor_decorator.py took 0.060 seconds
[2026-05-04T00:57:23.641+0300] {processor.py:186} INFO - Started process (PID=7046) to work on /home/nikita/airflow-setup/ENV/lib/python3.12/site-packages/airflow/example_dags/example_sensor_decorator.py
[2026-05-04T00:57:23.649+0300] {processor.py:914} INFO - Processing file /home/nikita/airflow-setup/ENV/lib/python3.12/site-packages/airflow/example_dags/example_sensor_decorator.py for tasks to queue
[2026-05-04T00:57:23.653+0300] {logging_mixin.py:190} INFO - [2026-05-04T00:57:23.653+0300] {dagbag.py:588} INFO - Filling up the DagBag from /home/nikita/airflow-setup/ENV/lib/python3.12/site-packages/airflow/example_dags/example_sensor_decorator.py
[2026-05-04T00:57:23.661+0300] {processor.py:925} INFO - DAG(s) 'example_sensor_decorator' retrieved from /home/nikita/airflow-setup/ENV/lib/python3.12/site-packages/airflow/example_dags/example_sensor_decorator.py
[2026-05-04T00:57:23.673+0300] {logging_mixin.py:190} INFO - [2026-05-04T00:57:23.673+0300] {dag.py:3239} INFO - Sync 1 DAGs
[2026-05-04T00:57:23.683+0300] {logging_mixin.py:190} INFO - [2026-05-04T00:57:23.683+0300] {dag.py:4180} INFO - Setting next_dagrun for example_sensor_decorator to None, run_after=None
[2026-05-04T00:57:23.701+0300] {processor.py:208} INFO - Processing /home/nikita/airflow-setup/ENV/lib/python3.12/site-packages/airflow/example_dags/example_sensor_decorator.py took 0.065 seconds
[2026-05-04T00:58:22.866+0300] {processor.py:186} INFO - Started process (PID=7273) to work on /home/nikita/airflow-setup/ENV/lib/python3.12/site-packages/airflow/example_dags/example_sensor_decorator.py
[2026-05-04T00:58:22.867+0300] {processor.py:914} INFO - Processing file /home/nikita/airflow-setup/ENV/lib/python3.12/site-packages/airflow/example_dags/example_sensor_decorator.py for tasks to queue
[2026-05-04T00:58:22.869+0300] {logging_mixin.py:190} INFO - [2026-05-04T00:58:22.869+0300] {dagbag.py:588} INFO - Filling up the DagBag from /home/nikita/airflow-setup/ENV/lib/python3.12/site-packages/airflow/example_dags/example_sensor_decorator.py
[2026-05-04T00:58:22.881+0300] {processor.py:925} INFO - DAG(s) 'example_sensor_decorator' retrieved from /home/nikita/airflow-setup/ENV/lib/python3.12/site-packages/airflow/example_dags/example_sensor_decorator.py
[2026-05-04T00:58:22.900+0300] {logging_mixin.py:190} INFO - [2026-05-04T00:58:22.899+0300] {dag.py:3239} INFO - Sync 1 DAGs
[2026-05-04T00:58:22.912+0300] {logging_mixin.py:190} INFO - [2026-05-04T00:58:22.912+0300] {dag.py:4180} INFO - Setting next_dagrun for example_sensor_decorator to None, run_after=None
[2026-05-04T00:58:22.934+0300] {processor.py:208} INFO - Processing /home/nikita/airflow-setup/ENV/lib/python3.12/site-packages/airflow/example_dags/example_sensor_decorator.py took 0.074 seconds
[2026-05-04T00:59:21.798+0300] {processor.py:186} INFO - Started process (PID=7539) to work on /home/nikita/airflow-setup/ENV/lib/python3.12/site-packages/airflow/example_dags/example_sensor_decorator.py
[2026-05-04T00:59:21.807+0300] {processor.py:914} INFO - Processing file /home/nikita/airflow-setup/ENV/lib/python3.12/site-packages/airflow/example_dags/example_sensor_decorator.py for tasks to queue
[2026-05-04T00:59:21.809+0300] {logging_mixin.py:190} INFO - [2026-05-04T00:59:21.808+0300] {dagbag.py:588} INFO - Filling up the DagBag from /home/nikita/airflow-setup/ENV/lib/python3.12/site-packages/airflow/example_dags/example_sensor_decorator.py
[2026-05-04T00:59:21.816+0300] {processor.py:925} INFO - DAG(s) 'example_sensor_decorator' retrieved from /home/nikita/airflow-setup/ENV/lib/python3.12/site-packages/airflow/example_dags/example_sensor_decorator.py
[2026-05-04T00:59:21.827+0300] {logging_mixin.py:190} INFO - [2026-05-04T00:59:21.826+0300] {dag.py:3239} INFO - Sync 1 DAGs
[2026-05-04T00:59:21.836+0300] {logging_mixin.py:190} INFO - [2026-05-04T00:59:21.836+0300] {dag.py:4180} INFO - Setting next_dagrun for example_sensor_decorator to None, run_after=None
[2026-05-04T00:59:21.853+0300] {processor.py:208} INFO - Processing /home/nikita/airflow-setup/ENV/lib/python3.12/site-packages/airflow/example_dags/example_sensor_decorator.py took 0.059 seconds
[2026-05-04T01:00:20.854+0300] {processor.py:186} INFO - Started process (PID=8328) to work on /home/nikita/airflow-setup/ENV/lib/python3.12/site-packages/airflow/example_dags/example_sensor_decorator.py
[2026-05-04T01:00:20.863+0300] {processor.py:914} INFO - Processing file /home/nikita/airflow-setup/ENV/lib/python3.12/site-packages/airflow/example_dags/example_sensor_decorator.py for tasks to queue
[2026-05-04T01:00:20.865+0300] {logging_mixin.py:190} INFO - [2026-05-04T01:00:20.865+0300] {dagbag.py:588} INFO - Filling up the DagBag from /home/nikita/airflow-setup/ENV/lib/python3.12/site-packages/airflow/example_dags/example_sensor_decorator.py
[2026-05-04T01:00:20.872+0300] {processor.py:925} INFO - DAG(s) 'example_sensor_decorator' retrieved from /home/nikita/airflow-setup/ENV/lib/python3.12/site-packages/airflow/example_dags/example_sensor_decorator.py
[2026-05-04T01:00:20.883+0300] {logging_mixin.py:190} INFO - [2026-05-04T01:00:20.882+0300] {dag.py:3239} INFO - Sync 1 DAGs
[2026-05-04T01:00:20.892+0300] {logging_mixin.py:190} INFO - [2026-05-04T01:00:20.891+0300] {dag.py:4180} INFO - Setting next_dagrun for example_sensor_decorator to None, run_after=None
[2026-05-04T01:00:20.909+0300] {processor.py:208} INFO - Processing /home/nikita/airflow-setup/ENV/lib/python3.12/site-packages/airflow/example_dags/example_sensor_decorator.py took 0.059 seconds
[2026-05-04T01:01:26.572+0300] {processor.py:186} INFO - Started process (PID=8785) to work on /home/nikita/airflow-setup/ENV/lib/python3.12/site-packages/airflow/example_dags/example_sensor_decorator.py
[2026-05-04T01:01:26.581+0300] {processor.py:914} INFO - Processing file /home/nikita/airflow-setup/ENV/lib/python3.12/site-packages/airflow/example_dags/example_sensor_decorator.py for tasks to queue
[2026-05-04T01:01:26.582+0300] {logging_mixin.py:190} INFO - [2026-05-04T01:01:26.581+0300] {dagbag.py:588} INFO - Filling up the DagBag from /home/nikita/airflow-setup/ENV/lib/python3.12/site-packages/airflow/example_dags/example_sensor_decorator.py
[2026-05-04T01:01:26.588+0300] {processor.py:925} INFO - DAG(s) 'example_sensor_decorator' retrieved from /home/nikita/airflow-setup/ENV/lib/python3.12/site-packages/airflow/example_dags/example_sensor_decorator.py
[2026-05-04T01:01:26.598+0300] {logging_mixin.py:190} INFO - [2026-05-04T01:01:26.598+0300] {dag.py:3239} INFO - Sync 1 DAGs
[2026-05-04T01:01:26.606+0300] {logging_mixin.py:190} INFO - [2026-05-04T01:01:26.606+0300] {dag.py:4180} INFO - Setting next_dagrun for example_sensor_decorator to None, run_after=None
[2026-05-04T01:01:26.623+0300] {processor.py:208} INFO - Processing /home/nikita/airflow-setup/ENV/lib/python3.12/site-packages/airflow/example_dags/example_sensor_decorator.py took 0.055 seconds
[2026-05-04T01:02:34.901+0300] {processor.py:186} INFO - Started process (PID=9401) to work on /home/nikita/airflow-setup/ENV/lib/python3.12/site-packages/airflow/example_dags/example_sensor_decorator.py
[2026-05-04T01:02:34.911+0300] {processor.py:914} INFO - Processing file /home/nikita/airflow-setup/ENV/lib/python3.12/site-packages/airflow/example_dags/example_sensor_decorator.py for tasks to queue
[2026-05-04T01:02:34.912+0300] {logging_mixin.py:190} INFO - [2026-05-04T01:02:34.912+0300] {dagbag.py:588} INFO - Filling up the DagBag from /home/nikita/airflow-setup/ENV/lib/python3.12/site-packages/airflow/example_dags/example_sensor_decorator.py
[2026-05-04T01:02:34.918+0300] {processor.py:925} INFO - DAG(s) 'example_sensor_decorator' retrieved from /home/nikita/airflow-setup/ENV/lib/python3.12/site-packages/airflow/example_dags/example_sensor_decorator.py
[2026-05-04T01:02:34.928+0300] {logging_mixin.py:190} INFO - [2026-05-04T01:02:34.928+0300] {dag.py:3239} INFO - Sync 1 DAGs
[2026-05-04T01:02:34.937+0300] {logging_mixin.py:190} INFO - [2026-05-04T01:02:34.937+0300] {dag.py:4180} INFO - Setting next_dagrun for example_sensor_decorator to None, run_after=None
[2026-05-04T01:02:34.956+0300] {processor.py:208} INFO - Processing /home/nikita/airflow-setup/ENV/lib/python3.12/site-packages/airflow/example_dags/example_sensor_decorator.py took 0.058 seconds
[2026-05-04T01:03:40.066+0300] {processor.py:186} INFO - Started process (PID=9748) to work on /home/nikita/airflow-setup/ENV/lib/python3.12/site-packages/airflow/example_dags/example_sensor_decorator.py
[2026-05-04T01:03:40.068+0300] {processor.py:914} INFO - Processing file /home/nikita/airflow-setup/ENV/lib/python3.12/site-packages/airflow/example_dags/example_sensor_decorator.py for tasks to queue
[2026-05-04T01:03:40.069+0300] {logging_mixin.py:190} INFO - [2026-05-04T01:03:40.069+0300] {dagbag.py:588} INFO - Filling up the DagBag from /home/nikita/airflow-setup/ENV/lib/python3.12/site-packages/airflow/example_dags/example_sensor_decorator.py
[2026-05-04T01:03:40.075+0300] {processor.py:925} INFO - DAG(s) 'example_sensor_decorator' retrieved from /home/nikita/airflow-setup/ENV/lib/python3.12/site-packages/airflow/example_dags/example_sensor_decorator.py
[2026-05-04T01:03:40.085+0300] {logging_mixin.py:190} INFO - [2026-05-04T01:03:40.085+0300] {dag.py:3239} INFO - Sync 1 DAGs
[2026-05-04T01:03:40.094+0300] {logging_mixin.py:190} INFO - [2026-05-04T01:03:40.094+0300] {dag.py:4180} INFO - Setting next_dagrun for example_sensor_decorator to None, run_after=None
[2026-05-04T01:03:40.109+0300] {processor.py:208} INFO - Processing /home/nikita/airflow-setup/ENV/lib/python3.12/site-packages/airflow/example_dags/example_sensor_decorator.py took 0.047 seconds
[2026-05-04T01:04:42.407+0300] {processor.py:186} INFO - Started process (PID=10020) to work on /home/nikita/airflow-setup/ENV/lib/python3.12/site-packages/airflow/example_dags/example_sensor_decorator.py
[2026-05-04T01:04:42.416+0300] {processor.py:914} INFO - Processing file /home/nikita/airflow-setup/ENV/lib/python3.12/site-packages/airflow/example_dags/example_sensor_decorator.py for tasks to queue
[2026-05-04T01:04:42.417+0300] {logging_mixin.py:190} INFO - [2026-05-04T01:04:42.416+0300] {dagbag.py:588} INFO - Filling up the DagBag from /home/nikita/airflow-setup/ENV/lib/python3.12/site-packages/airflow/example_dags/example_sensor_decorator.py
[2026-05-04T01:04:42.424+0300] {processor.py:925} INFO - DAG(s) 'example_sensor_decorator' retrieved from /home/nikita/airflow-setup/ENV/lib/python3.12/site-packages/airflow/example_dags/example_sensor_decorator.py
[2026-05-04T01:04:42.436+0300] {logging_mixin.py:190} INFO - [2026-05-04T01:04:42.436+0300] {dag.py:3239} INFO - Sync 1 DAGs
[2026-05-04T01:04:42.448+0300] {logging_mixin.py:190} INFO - [2026-05-04T01:04:42.448+0300] {dag.py:4180} INFO - Setting next_dagrun for example_sensor_decorator to None, run_after=None
[2026-05-04T01:04:42.466+0300] {processor.py:208} INFO - Processing /home/nikita/airflow-setup/ENV/lib/python3.12/site-packages/airflow/example_dags/example_sensor_decorator.py took 0.064 seconds
[2026-05-04T01:05:50.078+0300] {processor.py:186} INFO - Started process (PID=10301) to work on /home/nikita/airflow-setup/ENV/lib/python3.12/site-packages/airflow/example_dags/example_sensor_decorator.py
[2026-05-04T01:05:50.086+0300] {processor.py:914} INFO - Processing file /home/nikita/airflow-setup/ENV/lib/python3.12/site-packages/airflow/example_dags/example_sensor_decorator.py for tasks to queue
[2026-05-04T01:05:50.087+0300] {logging_mixin.py:190} INFO - [2026-05-04T01:05:50.087+0300] {dagbag.py:588} INFO - Filling up the DagBag from /home/nikita/airflow-setup/ENV/lib/python3.12/site-packages/airflow/example_dags/example_sensor_decorator.py
[2026-05-04T01:05:50.094+0300] {processor.py:925} INFO - DAG(s) 'example_sensor_decorator' retrieved from /home/nikita/airflow-setup/ENV/lib/python3.12/site-packages/airflow/example_dags/example_sensor_decorator.py
[2026-05-04T01:05:50.108+0300] {logging_mixin.py:190} INFO - [2026-05-04T01:05:50.108+0300] {dag.py:3239} INFO - Sync 1 DAGs
[2026-05-04T01:05:50.117+0300] {logging_mixin.py:190} INFO - [2026-05-04T01:05:50.117+0300] {dag.py:4180} INFO - Setting next_dagrun for example_sensor_decorator to None, run_after=None
[2026-05-04T01:05:50.136+0300] {processor.py:208} INFO - Processing /home/nikita/airflow-setup/ENV/lib/python3.12/site-packages/airflow/example_dags/example_sensor_decorator.py took 0.063 seconds
[2026-05-04T01:06:54.359+0300] {processor.py:186} INFO - Started process (PID=10548) to work on /home/nikita/airflow-setup/ENV/lib/python3.12/site-packages/airflow/example_dags/example_sensor_decorator.py
[2026-05-04T01:06:54.367+0300] {processor.py:914} INFO - Processing file /home/nikita/airflow-setup/ENV/lib/python3.12/site-packages/airflow/example_dags/example_sensor_decorator.py for tasks to queue
[2026-05-04T01:06:54.368+0300] {logging_mixin.py:190} INFO - [2026-05-04T01:06:54.367+0300] {dagbag.py:588} INFO - Filling up the DagBag from /home/nikita/airflow-setup/ENV/lib/python3.12/site-packages/airflow/example_dags/example_sensor_decorator.py
[2026-05-04T01:06:54.375+0300] {processor.py:925} INFO - DAG(s) 'example_sensor_decorator' retrieved from /home/nikita/airflow-setup/ENV/lib/python3.12/site-packages/airflow/example_dags/example_sensor_decorator.py
[2026-05-04T01:06:54.386+0300] {logging_mixin.py:190} INFO - [2026-05-04T01:06:54.386+0300] {dag.py:3239} INFO - Sync 1 DAGs
[2026-05-04T01:06:54.395+0300] {logging_mixin.py:190} INFO - [2026-05-04T01:06:54.395+0300] {dag.py:4180} INFO - Setting next_dagrun for example_sensor_decorator to None, run_after=None
[2026-05-04T01:06:54.411+0300] {processor.py:208} INFO - Processing /home/nikita/airflow-setup/ENV/lib/python3.12/site-packages/airflow/example_dags/example_sensor_decorator.py took 0.057 seconds
[2026-05-04T01:08:02.964+0300] {processor.py:186} INFO - Started process (PID=10806) to work on /home/nikita/airflow-setup/ENV/lib/python3.12/site-packages/airflow/example_dags/example_sensor_decorator.py
[2026-05-04T01:08:02.966+0300] {processor.py:914} INFO - Processing file /home/nikita/airflow-setup/ENV/lib/python3.12/site-packages/airflow/example_dags/example_sensor_decorator.py for tasks to queue
[2026-05-04T01:08:02.967+0300] {logging_mixin.py:190} INFO - [2026-05-04T01:08:02.966+0300] {dagbag.py:588} INFO - Filling up the DagBag from /home/nikita/airflow-setup/ENV/lib/python3.12/site-packages/airflow/example_dags/example_sensor_decorator.py
[2026-05-04T01:08:02.973+0300] {processor.py:925} INFO - DAG(s) 'example_sensor_decorator' retrieved from /home/nikita/airflow-setup/ENV/lib/python3.12/site-packages/airflow/example_dags/example_sensor_decorator.py
[2026-05-04T01:08:02.984+0300] {logging_mixin.py:190} INFO - [2026-05-04T01:08:02.984+0300] {dag.py:3239} INFO - Sync 1 DAGs
[2026-05-04T01:08:02.993+0300] {logging_mixin.py:190} INFO - [2026-05-04T01:08:02.993+0300] {dag.py:4180} INFO - Setting next_dagrun for example_sensor_decorator to None, run_after=None
[2026-05-04T01:08:03.010+0300] {processor.py:208} INFO - Processing /home/nikita/airflow-setup/ENV/lib/python3.12/site-packages/airflow/example_dags/example_sensor_decorator.py took 0.051 seconds
[2026-05-04T01:09:08.413+0300] {processor.py:186} INFO - Started process (PID=11958) to work on /home/nikita/airflow-setup/ENV/lib/python3.12/site-packages/airflow/example_dags/example_sensor_decorator.py
[2026-05-04T01:09:08.422+0300] {processor.py:914} INFO - Processing file /home/nikita/airflow-setup/ENV/lib/python3.12/site-packages/airflow/example_dags/example_sensor_decorator.py for tasks to queue
[2026-05-04T01:09:08.423+0300] {logging_mixin.py:190} INFO - [2026-05-04T01:09:08.422+0300] {dagbag.py:588} INFO - Filling up the DagBag from /home/nikita/airflow-setup/ENV/lib/python3.12/site-packages/airflow/example_dags/example_sensor_decorator.py
[2026-05-04T01:09:08.429+0300] {processor.py:925} INFO - DAG(s) 'example_sensor_decorator' retrieved from /home/nikita/airflow-setup/ENV/lib/python3.12/site-packages/airflow/example_dags/example_sensor_decorator.py
[2026-05-04T01:09:08.439+0300] {logging_mixin.py:190} INFO - [2026-05-04T01:09:08.439+0300] {dag.py:3239} INFO - Sync 1 DAGs
[2026-05-04T01:09:08.448+0300] {logging_mixin.py:190} INFO - [2026-05-04T01:09:08.448+0300] {dag.py:4180} INFO - Setting next_dagrun for example_sensor_decorator to None, run_after=None
[2026-05-04T01:09:08.463+0300] {processor.py:208} INFO - Processing /home/nikita/airflow-setup/ENV/lib/python3.12/site-packages/airflow/example_dags/example_sensor_decorator.py took 0.055 seconds
[2026-05-04T01:10:18.754+0300] {processor.py:186} INFO - Started process (PID=12267) to work on /home/nikita/airflow-setup/ENV/lib/python3.12/site-packages/airflow/example_dags/example_sensor_decorator.py
[2026-05-04T01:10:18.756+0300] {processor.py:914} INFO - Processing file /home/nikita/airflow-setup/ENV/lib/python3.12/site-packages/airflow/example_dags/example_sensor_decorator.py for tasks to queue
[2026-05-04T01:10:18.757+0300] {logging_mixin.py:190} INFO - [2026-05-04T01:10:18.756+0300] {dagbag.py:588} INFO - Filling up the DagBag from /home/nikita/airflow-setup/ENV/lib/python3.12/site-packages/airflow/example_dags/example_sensor_decorator.py
[2026-05-04T01:10:18.766+0300] {processor.py:925} INFO - DAG(s) 'example_sensor_decorator' retrieved from /home/nikita/airflow-setup/ENV/lib/python3.12/site-packages/airflow/example_dags/example_sensor_decorator.py
[2026-05-04T01:10:18.779+0300] {logging_mixin.py:190} INFO - [2026-05-04T01:10:18.778+0300] {dag.py:3239} INFO - Sync 1 DAGs
[2026-05-04T01:10:18.788+0300] {logging_mixin.py:190} INFO - [2026-05-04T01:10:18.788+0300] {dag.py:4180} INFO - Setting next_dagrun for example_sensor_decorator to None, run_after=None
[2026-05-04T01:10:18.805+0300] {processor.py:208} INFO - Processing /home/nikita/airflow-setup/ENV/lib/python3.12/site-packages/airflow/example_dags/example_sensor_decorator.py took 0.055 seconds
[2026-05-04T01:11:29.887+0300] {processor.py:186} INFO - Started process (PID=12533) to work on /home/nikita/airflow-setup/ENV/lib/python3.12/site-packages/airflow/example_dags/example_sensor_decorator.py
[2026-05-04T01:11:29.897+0300] {processor.py:914} INFO - Processing file /home/nikita/airflow-setup/ENV/lib/python3.12/site-packages/airflow/example_dags/example_sensor_decorator.py for tasks to queue
[2026-05-04T01:11:29.898+0300] {logging_mixin.py:190} INFO - [2026-05-04T01:11:29.898+0300] {dagbag.py:588} INFO - Filling up the DagBag from /home/nikita/airflow-setup/ENV/lib/python3.12/site-packages/airflow/example_dags/example_sensor_decorator.py
[2026-05-04T01:11:29.905+0300] {processor.py:925} INFO - DAG(s) 'example_sensor_decorator' retrieved from /home/nikita/airflow-setup/ENV/lib/python3.12/site-packages/airflow/example_dags/example_sensor_decorator.py
[2026-05-04T01:11:29.915+0300] {logging_mixin.py:190} INFO - [2026-05-04T01:11:29.915+0300] {dag.py:3239} INFO - Sync 1 DAGs
[2026-05-04T01:11:29.926+0300] {logging_mixin.py:190} INFO - [2026-05-04T01:11:29.926+0300] {dag.py:4180} INFO - Setting next_dagrun for example_sensor_decorator to None, run_after=None
[2026-05-04T01:11:29.946+0300] {processor.py:208} INFO - Processing /home/nikita/airflow-setup/ENV/lib/python3.12/site-packages/airflow/example_dags/example_sensor_decorator.py took 0.063 seconds
[2026-05-04T01:12:28.328+0300] {processor.py:186} INFO - Started process (PID=12763) to work on /home/nikita/airflow-setup/ENV/lib/python3.12/site-packages/airflow/example_dags/example_sensor_decorator.py
[2026-05-04T01:12:28.330+0300] {processor.py:914} INFO - Processing file /home/nikita/airflow-setup/ENV/lib/python3.12/site-packages/airflow/example_dags/example_sensor_decorator.py for tasks to queue
[2026-05-04T01:12:28.331+0300] {logging_mixin.py:190} INFO - [2026-05-04T01:12:28.331+0300] {dagbag.py:588} INFO - Filling up the DagBag from /home/nikita/airflow-setup/ENV/lib/python3.12/site-packages/airflow/example_dags/example_sensor_decorator.py
[2026-05-04T01:12:28.339+0300] {processor.py:925} INFO - DAG(s) 'example_sensor_decorator' retrieved from /home/nikita/airflow-setup/ENV/lib/python3.12/site-packages/airflow/example_dags/example_sensor_decorator.py
[2026-05-04T01:12:28.350+0300] {logging_mixin.py:190} INFO - [2026-05-04T01:12:28.350+0300] {dag.py:3239} INFO - Sync 1 DAGs
[2026-05-04T01:12:28.360+0300] {logging_mixin.py:190} INFO - [2026-05-04T01:12:28.359+0300] {dag.py:4180} INFO - Setting next_dagrun for example_sensor_decorator to None, run_after=None
[2026-05-04T01:12:28.376+0300] {processor.py:208} INFO - Processing /home/nikita/airflow-setup/ENV/lib/python3.12/site-packages/airflow/example_dags/example_sensor_decorator.py took 0.052 seconds
[2026-05-04T01:13:28.549+0300] {processor.py:186} INFO - Started process (PID=13279) to work on /home/nikita/airflow-setup/ENV/lib/python3.12/site-packages/airflow/example_dags/example_sensor_decorator.py
[2026-05-04T01:13:28.551+0300] {processor.py:914} INFO - Processing file /home/nikita/airflow-setup/ENV/lib/python3.12/site-packages/airflow/example_dags/example_sensor_decorator.py for tasks to queue
[2026-05-04T01:13:28.552+0300] {logging_mixin.py:190} INFO - [2026-05-04T01:13:28.552+0300] {dagbag.py:588} INFO - Filling up the DagBag from /home/nikita/airflow-setup/ENV/lib/python3.12/site-packages/airflow/example_dags/example_sensor_decorator.py
[2026-05-04T01:13:28.558+0300] {processor.py:925} INFO - DAG(s) 'example_sensor_decorator' retrieved from /home/nikita/airflow-setup/ENV/lib/python3.12/site-packages/airflow/example_dags/example_sensor_decorator.py
[2026-05-04T01:13:28.568+0300] {logging_mixin.py:190} INFO - [2026-05-04T01:13:28.568+0300] {dag.py:3239} INFO - Sync 1 DAGs
[2026-05-04T01:13:28.578+0300] {logging_mixin.py:190} INFO - [2026-05-04T01:13:28.578+0300] {dag.py:4180} INFO - Setting next_dagrun for example_sensor_decorator to None, run_after=None
[2026-05-04T01:13:28.594+0300] {processor.py:208} INFO - Processing /home/nikita/airflow-setup/ENV/lib/python3.12/site-packages/airflow/example_dags/example_sensor_decorator.py took 0.049 seconds
[2026-05-04T01:14:35.455+0300] {processor.py:186} INFO - Started process (PID=14310) to work on /home/nikita/airflow-setup/ENV/lib/python3.12/site-packages/airflow/example_dags/example_sensor_decorator.py
[2026-05-04T01:14:35.464+0300] {processor.py:914} INFO - Processing file /home/nikita/airflow-setup/ENV/lib/python3.12/site-packages/airflow/example_dags/example_sensor_decorator.py for tasks to queue
[2026-05-04T01:14:35.465+0300] {logging_mixin.py:190} INFO - [2026-05-04T01:14:35.465+0300] {dagbag.py:588} INFO - Filling up the DagBag from /home/nikita/airflow-setup/ENV/lib/python3.12/site-packages/airflow/example_dags/example_sensor_decorator.py
[2026-05-04T01:14:35.472+0300] {processor.py:925} INFO - DAG(s) 'example_sensor_decorator' retrieved from /home/nikita/airflow-setup/ENV/lib/python3.12/site-packages/airflow/example_dags/example_sensor_decorator.py
[2026-05-04T01:14:35.483+0300] {logging_mixin.py:190} INFO - [2026-05-04T01:14:35.483+0300] {dag.py:3239} INFO - Sync 1 DAGs
[2026-05-04T01:14:35.493+0300] {logging_mixin.py:190} INFO - [2026-05-04T01:14:35.493+0300] {dag.py:4180} INFO - Setting next_dagrun for example_sensor_decorator to None, run_after=None
[2026-05-04T01:14:35.511+0300] {processor.py:208} INFO - Processing /home/nikita/airflow-setup/ENV/lib/python3.12/site-packages/airflow/example_dags/example_sensor_decorator.py took 0.060 seconds
[2026-05-04T01:15:43.363+0300] {processor.py:186} INFO - Started process (PID=14639) to work on /home/nikita/airflow-setup/ENV/lib/python3.12/site-packages/airflow/example_dags/example_sensor_decorator.py
[2026-05-04T01:15:43.365+0300] {processor.py:914} INFO - Processing file /home/nikita/airflow-setup/ENV/lib/python3.12/site-packages/airflow/example_dags/example_sensor_decorator.py for tasks to queue
[2026-05-04T01:15:43.366+0300] {logging_mixin.py:190} INFO - [2026-05-04T01:15:43.365+0300] {dagbag.py:588} INFO - Filling up the DagBag from /home/nikita/airflow-setup/ENV/lib/python3.12/site-packages/airflow/example_dags/example_sensor_decorator.py
[2026-05-04T01:15:43.373+0300] {processor.py:925} INFO - DAG(s) 'example_sensor_decorator' retrieved from /home/nikita/airflow-setup/ENV/lib/python3.12/site-packages/airflow/example_dags/example_sensor_decorator.py
[2026-05-04T01:15:43.384+0300] {logging_mixin.py:190} INFO - [2026-05-04T01:15:43.383+0300] {dag.py:3239} INFO - Sync 1 DAGs
[2026-05-04T01:15:43.393+0300] {logging_mixin.py:190} INFO - [2026-05-04T01:15:43.393+0300] {dag.py:4180} INFO - Setting next_dagrun for example_sensor_decorator to None, run_after=None
[2026-05-04T01:15:43.409+0300] {processor.py:208} INFO - Processing /home/nikita/airflow-setup/ENV/lib/python3.12/site-packages/airflow/example_dags/example_sensor_decorator.py took 0.050 seconds
[2026-05-04T01:16:51.441+0300] {processor.py:186} INFO - Started process (PID=15785) to work on /home/nikita/airflow-setup/ENV/lib/python3.12/site-packages/airflow/example_dags/example_sensor_decorator.py
[2026-05-04T01:16:51.442+0300] {processor.py:914} INFO - Processing file /home/nikita/airflow-setup/ENV/lib/python3.12/site-packages/airflow/example_dags/example_sensor_decorator.py for tasks to queue
[2026-05-04T01:16:51.443+0300] {logging_mixin.py:190} INFO - [2026-05-04T01:16:51.443+0300] {dagbag.py:588} INFO - Filling up the DagBag from /home/nikita/airflow-setup/ENV/lib/python3.12/site-packages/airflow/example_dags/example_sensor_decorator.py
[2026-05-04T01:16:51.449+0300] {processor.py:925} INFO - DAG(s) 'example_sensor_decorator' retrieved from /home/nikita/airflow-setup/ENV/lib/python3.12/site-packages/airflow/example_dags/example_sensor_decorator.py
[2026-05-04T01:16:51.459+0300] {logging_mixin.py:190} INFO - [2026-05-04T01:16:51.459+0300] {dag.py:3239} INFO - Sync 1 DAGs
[2026-05-04T01:16:51.468+0300] {logging_mixin.py:190} INFO - [2026-05-04T01:16:51.468+0300] {dag.py:4180} INFO - Setting next_dagrun for example_sensor_decorator to None, run_after=None
[2026-05-04T01:16:51.484+0300] {processor.py:208} INFO - Processing /home/nikita/airflow-setup/ENV/lib/python3.12/site-packages/airflow/example_dags/example_sensor_decorator.py took 0.048 seconds
[2026-05-04T01:17:59.887+0300] {processor.py:186} INFO - Started process (PID=16045) to work on /home/nikita/airflow-setup/ENV/lib/python3.12/site-packages/airflow/example_dags/example_sensor_decorator.py
[2026-05-04T01:17:59.889+0300] {processor.py:914} INFO - Processing file /home/nikita/airflow-setup/ENV/lib/python3.12/site-packages/airflow/example_dags/example_sensor_decorator.py for tasks to queue
[2026-05-04T01:17:59.890+0300] {logging_mixin.py:190} INFO - [2026-05-04T01:17:59.890+0300] {dagbag.py:588} INFO - Filling up the DagBag from /home/nikita/airflow-setup/ENV/lib/python3.12/site-packages/airflow/example_dags/example_sensor_decorator.py
[2026-05-04T01:17:59.899+0300] {processor.py:925} INFO - DAG(s) 'example_sensor_decorator' retrieved from /home/nikita/airflow-setup/ENV/lib/python3.12/site-packages/airflow/example_dags/example_sensor_decorator.py
[2026-05-04T01:17:59.911+0300] {logging_mixin.py:190} INFO - [2026-05-04T01:17:59.911+0300] {dag.py:3239} INFO - Sync 1 DAGs
[2026-05-04T01:17:59.922+0300] {logging_mixin.py:190} INFO - [2026-05-04T01:17:59.922+0300] {dag.py:4180} INFO - Setting next_dagrun for example_sensor_decorator to None, run_after=None
[2026-05-04T01:17:59.957+0300] {processor.py:208} INFO - Processing /home/nikita/airflow-setup/ENV/lib/python3.12/site-packages/airflow/example_dags/example_sensor_decorator.py took 0.077 seconds
[2026-05-04T01:19:08.629+0300] {processor.py:186} INFO - Started process (PID=16303) to work on /home/nikita/airflow-setup/ENV/lib/python3.12/site-packages/airflow/example_dags/example_sensor_decorator.py
[2026-05-04T01:19:08.630+0300] {processor.py:914} INFO - Processing file /home/nikita/airflow-setup/ENV/lib/python3.12/site-packages/airflow/example_dags/example_sensor_decorator.py for tasks to queue
[2026-05-04T01:19:08.631+0300] {logging_mixin.py:190} INFO - [2026-05-04T01:19:08.631+0300] {dagbag.py:588} INFO - Filling up the DagBag from /home/nikita/airflow-setup/ENV/lib/python3.12/site-packages/airflow/example_dags/example_sensor_decorator.py
[2026-05-04T01:19:08.639+0300] {processor.py:925} INFO - DAG(s) 'example_sensor_decorator' retrieved from /home/nikita/airflow-setup/ENV/lib/python3.12/site-packages/airflow/example_dags/example_sensor_decorator.py
[2026-05-04T01:19:08.651+0300] {logging_mixin.py:190} INFO - [2026-05-04T01:19:08.651+0300] {dag.py:3239} INFO - Sync 1 DAGs
[2026-05-04T01:19:08.661+0300] {logging_mixin.py:190} INFO - [2026-05-04T01:19:08.661+0300] {dag.py:4180} INFO - Setting next_dagrun for example_sensor_decorator to None, run_after=None
[2026-05-04T01:19:08.677+0300] {processor.py:208} INFO - Processing /home/nikita/airflow-setup/ENV/lib/python3.12/site-packages/airflow/example_dags/example_sensor_decorator.py took 0.052 seconds
[2026-05-04T01:20:11.648+0300] {processor.py:186} INFO - Started process (PID=16561) to work on /home/nikita/airflow-setup/ENV/lib/python3.12/site-packages/airflow/example_dags/example_sensor_decorator.py
[2026-05-04T01:20:11.658+0300] {processor.py:914} INFO - Processing file /home/nikita/airflow-setup/ENV/lib/python3.12/site-packages/airflow/example_dags/example_sensor_decorator.py for tasks to queue
[2026-05-04T01:20:11.659+0300] {logging_mixin.py:190} INFO - [2026-05-04T01:20:11.658+0300] {dagbag.py:588} INFO - Filling up the DagBag from /home/nikita/airflow-setup/ENV/lib/python3.12/site-packages/airflow/example_dags/example_sensor_decorator.py
[2026-05-04T01:20:11.665+0300] {processor.py:925} INFO - DAG(s) 'example_sensor_decorator' retrieved from /home/nikita/airflow-setup/ENV/lib/python3.12/site-packages/airflow/example_dags/example_sensor_decorator.py
[2026-05-04T01:20:11.675+0300] {logging_mixin.py:190} INFO - [2026-05-04T01:20:11.675+0300] {dag.py:3239} INFO - Sync 1 DAGs
[2026-05-04T01:20:11.684+0300] {logging_mixin.py:190} INFO - [2026-05-04T01:20:11.683+0300] {dag.py:4180} INFO - Setting next_dagrun for example_sensor_decorator to None, run_after=None
[2026-05-04T01:20:11.701+0300] {processor.py:208} INFO - Processing /home/nikita/airflow-setup/ENV/lib/python3.12/site-packages/airflow/example_dags/example_sensor_decorator.py took 0.057 seconds
[2026-05-04T01:21:18.140+0300] {processor.py:186} INFO - Started process (PID=16813) to work on /home/nikita/airflow-setup/ENV/lib/python3.12/site-packages/airflow/example_dags/example_sensor_decorator.py
[2026-05-04T01:21:18.149+0300] {processor.py:914} INFO - Processing file /home/nikita/airflow-setup/ENV/lib/python3.12/site-packages/airflow/example_dags/example_sensor_decorator.py for tasks to queue
[2026-05-04T01:21:18.150+0300] {logging_mixin.py:190} INFO - [2026-05-04T01:21:18.150+0300] {dagbag.py:588} INFO - Filling up the DagBag from /home/nikita/airflow-setup/ENV/lib/python3.12/site-packages/airflow/example_dags/example_sensor_decorator.py
[2026-05-04T01:21:18.156+0300] {processor.py:925} INFO - DAG(s) 'example_sensor_decorator' retrieved from /home/nikita/airflow-setup/ENV/lib/python3.12/site-packages/airflow/example_dags/example_sensor_decorator.py
[2026-05-04T01:21:18.166+0300] {logging_mixin.py:190} INFO - [2026-05-04T01:21:18.166+0300] {dag.py:3239} INFO - Sync 1 DAGs
[2026-05-04T01:21:18.175+0300] {logging_mixin.py:190} INFO - [2026-05-04T01:21:18.175+0300] {dag.py:4180} INFO - Setting next_dagrun for example_sensor_decorator to None, run_after=None
[2026-05-04T01:21:18.192+0300] {processor.py:208} INFO - Processing /home/nikita/airflow-setup/ENV/lib/python3.12/site-packages/airflow/example_dags/example_sensor_decorator.py took 0.056 seconds
[2026-05-04T01:22:31.154+0300] {processor.py:186} INFO - Started process (PID=17085) to work on /home/nikita/airflow-setup/ENV/lib/python3.12/site-packages/airflow/example_dags/example_sensor_decorator.py
[2026-05-04T01:22:31.163+0300] {processor.py:914} INFO - Processing file /home/nikita/airflow-setup/ENV/lib/python3.12/site-packages/airflow/example_dags/example_sensor_decorator.py for tasks to queue
[2026-05-04T01:22:31.164+0300] {logging_mixin.py:190} INFO - [2026-05-04T01:22:31.164+0300] {dagbag.py:588} INFO - Filling up the DagBag from /home/nikita/airflow-setup/ENV/lib/python3.12/site-packages/airflow/example_dags/example_sensor_decorator.py
[2026-05-04T01:22:31.171+0300] {processor.py:925} INFO - DAG(s) 'example_sensor_decorator' retrieved from /home/nikita/airflow-setup/ENV/lib/python3.12/site-packages/airflow/example_dags/example_sensor_decorator.py
[2026-05-04T01:22:31.182+0300] {logging_mixin.py:190} INFO - [2026-05-04T01:22:31.182+0300] {dag.py:3239} INFO - Sync 1 DAGs
[2026-05-04T01:22:31.192+0300] {logging_mixin.py:190} INFO - [2026-05-04T01:22:31.192+0300] {dag.py:4180} INFO - Setting next_dagrun for example_sensor_decorator to None, run_after=None
[2026-05-04T01:22:31.209+0300] {processor.py:208} INFO - Processing /home/nikita/airflow-setup/ENV/lib/python3.12/site-packages/airflow/example_dags/example_sensor_decorator.py took 0.058 seconds
[2026-05-04T01:23:38.873+0300] {processor.py:186} INFO - Started process (PID=17343) to work on /home/nikita/airflow-setup/ENV/lib/python3.12/site-packages/airflow/example_dags/example_sensor_decorator.py
[2026-05-04T01:23:38.883+0300] {processor.py:914} INFO - Processing file /home/nikita/airflow-setup/ENV/lib/python3.12/site-packages/airflow/example_dags/example_sensor_decorator.py for tasks to queue
[2026-05-04T01:23:38.884+0300] {logging_mixin.py:190} INFO - [2026-05-04T01:23:38.883+0300] {dagbag.py:588} INFO - Filling up the DagBag from /home/nikita/airflow-setup/ENV/lib/python3.12/site-packages/airflow/example_dags/example_sensor_decorator.py
[2026-05-04T01:23:38.891+0300] {processor.py:925} INFO - DAG(s) 'example_sensor_decorator' retrieved from /home/nikita/airflow-setup/ENV/lib/python3.12/site-packages/airflow/example_dags/example_sensor_decorator.py
[2026-05-04T01:23:38.903+0300] {logging_mixin.py:190} INFO - [2026-05-04T01:23:38.903+0300] {dag.py:3239} INFO - Sync 1 DAGs
[2026-05-04T01:23:38.913+0300] {logging_mixin.py:190} INFO - [2026-05-04T01:23:38.913+0300] {dag.py:4180} INFO - Setting next_dagrun for example_sensor_decorator to None, run_after=None
[2026-05-04T01:23:38.931+0300] {processor.py:208} INFO - Processing /home/nikita/airflow-setup/ENV/lib/python3.12/site-packages/airflow/example_dags/example_sensor_decorator.py took 0.062 seconds
[2026-05-04T01:24:46.288+0300] {processor.py:186} INFO - Started process (PID=17914) to work on /home/nikita/airflow-setup/ENV/lib/python3.12/site-packages/airflow/example_dags/example_sensor_decorator.py
[2026-05-04T01:24:46.298+0300] {processor.py:914} INFO - Processing file /home/nikita/airflow-setup/ENV/lib/python3.12/site-packages/airflow/example_dags/example_sensor_decorator.py for tasks to queue
[2026-05-04T01:24:46.299+0300] {logging_mixin.py:190} INFO - [2026-05-04T01:24:46.299+0300] {dagbag.py:588} INFO - Filling up the DagBag from /home/nikita/airflow-setup/ENV/lib/python3.12/site-packages/airflow/example_dags/example_sensor_decorator.py
[2026-05-04T01:24:46.305+0300] {processor.py:925} INFO - DAG(s) 'example_sensor_decorator' retrieved from /home/nikita/airflow-setup/ENV/lib/python3.12/site-packages/airflow/example_dags/example_sensor_decorator.py
[2026-05-04T01:24:46.316+0300] {logging_mixin.py:190} INFO - [2026-05-04T01:24:46.315+0300] {dag.py:3239} INFO - Sync 1 DAGs
[2026-05-04T01:24:46.324+0300] {logging_mixin.py:190} INFO - [2026-05-04T01:24:46.324+0300] {dag.py:4180} INFO - Setting next_dagrun for example_sensor_decorator to None, run_after=None
[2026-05-04T01:24:46.341+0300] {processor.py:208} INFO - Processing /home/nikita/airflow-setup/ENV/lib/python3.12/site-packages/airflow/example_dags/example_sensor_decorator.py took 0.058 seconds
[2026-05-04T01:25:55.520+0300] {processor.py:186} INFO - Started process (PID=18524) to work on /home/nikita/airflow-setup/ENV/lib/python3.12/site-packages/airflow/example_dags/example_sensor_decorator.py
[2026-05-04T01:25:55.523+0300] {processor.py:914} INFO - Processing file /home/nikita/airflow-setup/ENV/lib/python3.12/site-packages/airflow/example_dags/example_sensor_decorator.py for tasks to queue
[2026-05-04T01:25:55.524+0300] {logging_mixin.py:190} INFO - [2026-05-04T01:25:55.524+0300] {dagbag.py:588} INFO - Filling up the DagBag from /home/nikita/airflow-setup/ENV/lib/python3.12/site-packages/airflow/example_dags/example_sensor_decorator.py
[2026-05-04T01:25:55.532+0300] {processor.py:925} INFO - DAG(s) 'example_sensor_decorator' retrieved from /home/nikita/airflow-setup/ENV/lib/python3.12/site-packages/airflow/example_dags/example_sensor_decorator.py
[2026-05-04T01:25:55.543+0300] {logging_mixin.py:190} INFO - [2026-05-04T01:25:55.543+0300] {dag.py:3239} INFO - Sync 1 DAGs
[2026-05-04T01:25:55.553+0300] {logging_mixin.py:190} INFO - [2026-05-04T01:25:55.553+0300] {dag.py:4180} INFO - Setting next_dagrun for example_sensor_decorator to None, run_after=None
[2026-05-04T01:25:55.568+0300] {processor.py:208} INFO - Processing /home/nikita/airflow-setup/ENV/lib/python3.12/site-packages/airflow/example_dags/example_sensor_decorator.py took 0.053 seconds
[2026-05-04T01:27:08.209+0300] {processor.py:186} INFO - Started process (PID=19473) to work on /home/nikita/airflow-setup/ENV/lib/python3.12/site-packages/airflow/example_dags/example_sensor_decorator.py
[2026-05-04T01:27:08.218+0300] {processor.py:914} INFO - Processing file /home/nikita/airflow-setup/ENV/lib/python3.12/site-packages/airflow/example_dags/example_sensor_decorator.py for tasks to queue
[2026-05-04T01:27:08.219+0300] {logging_mixin.py:190} INFO - [2026-05-04T01:27:08.219+0300] {dagbag.py:588} INFO - Filling up the DagBag from /home/nikita/airflow-setup/ENV/lib/python3.12/site-packages/airflow/example_dags/example_sensor_decorator.py
[2026-05-04T01:27:08.227+0300] {processor.py:925} INFO - DAG(s) 'example_sensor_decorator' retrieved from /home/nikita/airflow-setup/ENV/lib/python3.12/site-packages/airflow/example_dags/example_sensor_decorator.py
[2026-05-04T01:27:08.240+0300] {logging_mixin.py:190} INFO - [2026-05-04T01:27:08.240+0300] {dag.py:3239} INFO - Sync 1 DAGs
[2026-05-04T01:27:08.250+0300] {logging_mixin.py:190} INFO - [2026-05-04T01:27:08.250+0300] {dag.py:4180} INFO - Setting next_dagrun for example_sensor_decorator to None, run_after=None
[2026-05-04T01:27:08.269+0300] {processor.py:208} INFO - Processing /home/nikita/airflow-setup/ENV/lib/python3.12/site-packages/airflow/example_dags/example_sensor_decorator.py took 0.064 seconds
[2026-05-04T01:28:20.642+0300] {processor.py:186} INFO - Started process (PID=19744) to work on /home/nikita/airflow-setup/ENV/lib/python3.12/site-packages/airflow/example_dags/example_sensor_decorator.py
[2026-05-04T01:28:20.652+0300] {processor.py:914} INFO - Processing file /home/nikita/airflow-setup/ENV/lib/python3.12/site-packages/airflow/example_dags/example_sensor_decorator.py for tasks to queue
[2026-05-04T01:28:20.653+0300] {logging_mixin.py:190} INFO - [2026-05-04T01:28:20.653+0300] {dagbag.py:588} INFO - Filling up the DagBag from /home/nikita/airflow-setup/ENV/lib/python3.12/site-packages/airflow/example_dags/example_sensor_decorator.py
[2026-05-04T01:28:20.660+0300] {processor.py:925} INFO - DAG(s) 'example_sensor_decorator' retrieved from /home/nikita/airflow-setup/ENV/lib/python3.12/site-packages/airflow/example_dags/example_sensor_decorator.py
[2026-05-04T01:28:20.672+0300] {logging_mixin.py:190} INFO - [2026-05-04T01:28:20.671+0300] {dag.py:3239} INFO - Sync 1 DAGs
[2026-05-04T01:28:20.681+0300] {logging_mixin.py:190} INFO - [2026-05-04T01:28:20.681+0300] {dag.py:4180} INFO - Setting next_dagrun for example_sensor_decorator to None, run_after=None
[2026-05-04T01:28:20.699+0300] {processor.py:208} INFO - Processing /home/nikita/airflow-setup/ENV/lib/python3.12/site-packages/airflow/example_dags/example_sensor_decorator.py took 0.061 seconds
[2026-05-04T01:29:27.930+0300] {processor.py:186} INFO - Started process (PID=20006) to work on /home/nikita/airflow-setup/ENV/lib/python3.12/site-packages/airflow/example_dags/example_sensor_decorator.py
[2026-05-04T01:29:27.931+0300] {processor.py:914} INFO - Processing file /home/nikita/airflow-setup/ENV/lib/python3.12/site-packages/airflow/example_dags/example_sensor_decorator.py for tasks to queue
[2026-05-04T01:29:27.932+0300] {logging_mixin.py:190} INFO - [2026-05-04T01:29:27.932+0300] {dagbag.py:588} INFO - Filling up the DagBag from /home/nikita/airflow-setup/ENV/lib/python3.12/site-packages/airflow/example_dags/example_sensor_decorator.py
[2026-05-04T01:29:27.938+0300] {processor.py:925} INFO - DAG(s) 'example_sensor_decorator' retrieved from /home/nikita/airflow-setup/ENV/lib/python3.12/site-packages/airflow/example_dags/example_sensor_decorator.py
[2026-05-04T01:29:27.949+0300] {logging_mixin.py:190} INFO - [2026-05-04T01:29:27.948+0300] {dag.py:3239} INFO - Sync 1 DAGs
[2026-05-04T01:29:27.958+0300] {logging_mixin.py:190} INFO - [2026-05-04T01:29:27.957+0300] {dag.py:4180} INFO - Setting next_dagrun for example_sensor_decorator to None, run_after=None
[2026-05-04T01:29:27.974+0300] {processor.py:208} INFO - Processing /home/nikita/airflow-setup/ENV/lib/python3.12/site-packages/airflow/example_dags/example_sensor_decorator.py took 0.048 seconds
[2026-05-04T01:30:39.983+0300] {processor.py:186} INFO - Started process (PID=20277) to work on /home/nikita/airflow-setup/ENV/lib/python3.12/site-packages/airflow/example_dags/example_sensor_decorator.py
[2026-05-04T01:30:39.985+0300] {processor.py:914} INFO - Processing file /home/nikita/airflow-setup/ENV/lib/python3.12/site-packages/airflow/example_dags/example_sensor_decorator.py for tasks to queue
[2026-05-04T01:30:39.987+0300] {logging_mixin.py:190} INFO - [2026-05-04T01:30:39.986+0300] {dagbag.py:588} INFO - Filling up the DagBag from /home/nikita/airflow-setup/ENV/lib/python3.12/site-packages/airflow/example_dags/example_sensor_decorator.py
[2026-05-04T01:30:39.994+0300] {processor.py:925} INFO - DAG(s) 'example_sensor_decorator' retrieved from /home/nikita/airflow-setup/ENV/lib/python3.12/site-packages/airflow/example_dags/example_sensor_decorator.py
[2026-05-04T01:30:40.005+0300] {logging_mixin.py:190} INFO - [2026-05-04T01:30:40.005+0300] {dag.py:3239} INFO - Sync 1 DAGs
[2026-05-04T01:30:40.016+0300] {logging_mixin.py:190} INFO - [2026-05-04T01:30:40.015+0300] {dag.py:4180} INFO - Setting next_dagrun for example_sensor_decorator to None, run_after=None
[2026-05-04T01:30:40.032+0300] {processor.py:208} INFO - Processing /home/nikita/airflow-setup/ENV/lib/python3.12/site-packages/airflow/example_dags/example_sensor_decorator.py took 0.053 seconds
[2026-05-04T01:32:02.149+0300] {processor.py:186} INFO - Started process (PID=20575) to work on /home/nikita/airflow-setup/ENV/lib/python3.12/site-packages/airflow/example_dags/example_sensor_decorator.py
[2026-05-04T01:32:02.158+0300] {processor.py:914} INFO - Processing file /home/nikita/airflow-setup/ENV/lib/python3.12/site-packages/airflow/example_dags/example_sensor_decorator.py for tasks to queue
[2026-05-04T01:32:02.159+0300] {logging_mixin.py:190} INFO - [2026-05-04T01:32:02.159+0300] {dagbag.py:588} INFO - Filling up the DagBag from /home/nikita/airflow-setup/ENV/lib/python3.12/site-packages/airflow/example_dags/example_sensor_decorator.py
[2026-05-04T01:32:02.166+0300] {processor.py:925} INFO - DAG(s) 'example_sensor_decorator' retrieved from /home/nikita/airflow-setup/ENV/lib/python3.12/site-packages/airflow/example_dags/example_sensor_decorator.py
[2026-05-04T01:32:02.176+0300] {logging_mixin.py:190} INFO - [2026-05-04T01:32:02.176+0300] {dag.py:3239} INFO - Sync 1 DAGs
[2026-05-04T01:32:02.185+0300] {logging_mixin.py:190} INFO - [2026-05-04T01:32:02.185+0300] {dag.py:4180} INFO - Setting next_dagrun for example_sensor_decorator to None, run_after=None
[2026-05-04T01:32:02.200+0300] {processor.py:208} INFO - Processing /home/nikita/airflow-setup/ENV/lib/python3.12/site-packages/airflow/example_dags/example_sensor_decorator.py took 0.056 seconds
[2026-05-04T01:33:11.528+0300] {processor.py:186} INFO - Started process (PID=20987) to work on /home/nikita/airflow-setup/ENV/lib/python3.12/site-packages/airflow/example_dags/example_sensor_decorator.py
[2026-05-04T01:33:11.537+0300] {processor.py:914} INFO - Processing file /home/nikita/airflow-setup/ENV/lib/python3.12/site-packages/airflow/example_dags/example_sensor_decorator.py for tasks to queue
[2026-05-04T01:33:11.538+0300] {logging_mixin.py:190} INFO - [2026-05-04T01:33:11.538+0300] {dagbag.py:588} INFO - Filling up the DagBag from /home/nikita/airflow-setup/ENV/lib/python3.12/site-packages/airflow/example_dags/example_sensor_decorator.py
[2026-05-04T01:33:11.545+0300] {processor.py:925} INFO - DAG(s) 'example_sensor_decorator' retrieved from /home/nikita/airflow-setup/ENV/lib/python3.12/site-packages/airflow/example_dags/example_sensor_decorator.py
[2026-05-04T01:33:11.557+0300] {logging_mixin.py:190} INFO - [2026-05-04T01:33:11.557+0300] {dag.py:3239} INFO - Sync 1 DAGs
[2026-05-04T01:33:11.568+0300] {logging_mixin.py:190} INFO - [2026-05-04T01:33:11.568+0300] {dag.py:4180} INFO - Setting next_dagrun for example_sensor_decorator to None, run_after=None
[2026-05-04T01:33:11.583+0300] {processor.py:208} INFO - Processing /home/nikita/airflow-setup/ENV/lib/python3.12/site-packages/airflow/example_dags/example_sensor_decorator.py took 0.059 seconds
[2026-05-04T01:34:14.270+0300] {processor.py:186} INFO - Started process (PID=21353) to work on /home/nikita/airflow-setup/ENV/lib/python3.12/site-packages/airflow/example_dags/example_sensor_decorator.py
[2026-05-04T01:34:14.279+0300] {processor.py:914} INFO - Processing file /home/nikita/airflow-setup/ENV/lib/python3.12/site-packages/airflow/example_dags/example_sensor_decorator.py for tasks to queue
[2026-05-04T01:34:14.280+0300] {logging_mixin.py:190} INFO - [2026-05-04T01:34:14.280+0300] {dagbag.py:588} INFO - Filling up the DagBag from /home/nikita/airflow-setup/ENV/lib/python3.12/site-packages/airflow/example_dags/example_sensor_decorator.py
[2026-05-04T01:34:14.287+0300] {processor.py:925} INFO - DAG(s) 'example_sensor_decorator' retrieved from /home/nikita/airflow-setup/ENV/lib/python3.12/site-packages/airflow/example_dags/example_sensor_decorator.py
[2026-05-04T01:34:14.301+0300] {logging_mixin.py:190} INFO - [2026-05-04T01:34:14.300+0300] {dag.py:3239} INFO - Sync 1 DAGs
[2026-05-04T01:34:14.311+0300] {logging_mixin.py:190} INFO - [2026-05-04T01:34:14.311+0300] {dag.py:4180} INFO - Setting next_dagrun for example_sensor_decorator to None, run_after=None
[2026-05-04T01:34:14.326+0300] {processor.py:208} INFO - Processing /home/nikita/airflow-setup/ENV/lib/python3.12/site-packages/airflow/example_dags/example_sensor_decorator.py took 0.061 seconds
[2026-05-04T01:35:19.751+0300] {processor.py:186} INFO - Started process (PID=21607) to work on /home/nikita/airflow-setup/ENV/lib/python3.12/site-packages/airflow/example_dags/example_sensor_decorator.py
[2026-05-04T01:35:19.753+0300] {processor.py:914} INFO - Processing file /home/nikita/airflow-setup/ENV/lib/python3.12/site-packages/airflow/example_dags/example_sensor_decorator.py for tasks to queue
[2026-05-04T01:35:19.754+0300] {logging_mixin.py:190} INFO - [2026-05-04T01:35:19.754+0300] {dagbag.py:588} INFO - Filling up the DagBag from /home/nikita/airflow-setup/ENV/lib/python3.12/site-packages/airflow/example_dags/example_sensor_decorator.py
[2026-05-04T01:35:19.761+0300] {processor.py:925} INFO - DAG(s) 'example_sensor_decorator' retrieved from /home/nikita/airflow-setup/ENV/lib/python3.12/site-packages/airflow/example_dags/example_sensor_decorator.py
[2026-05-04T01:35:19.771+0300] {logging_mixin.py:190} INFO - [2026-05-04T01:35:19.771+0300] {dag.py:3239} INFO - Sync 1 DAGs
[2026-05-04T01:35:19.780+0300] {logging_mixin.py:190} INFO - [2026-05-04T01:35:19.780+0300] {dag.py:4180} INFO - Setting next_dagrun for example_sensor_decorator to None, run_after=None
[2026-05-04T01:35:19.796+0300] {processor.py:208} INFO - Processing /home/nikita/airflow-setup/ENV/lib/python3.12/site-packages/airflow/example_dags/example_sensor_decorator.py took 0.049 seconds
[2026-05-04T01:36:21.653+0300] {processor.py:186} INFO - Started process (PID=21847) to work on /home/nikita/airflow-setup/ENV/lib/python3.12/site-packages/airflow/example_dags/example_sensor_decorator.py
[2026-05-04T01:36:21.663+0300] {processor.py:914} INFO - Processing file /home/nikita/airflow-setup/ENV/lib/python3.12/site-packages/airflow/example_dags/example_sensor_decorator.py for tasks to queue
[2026-05-04T01:36:21.664+0300] {logging_mixin.py:190} INFO - [2026-05-04T01:36:21.664+0300] {dagbag.py:588} INFO - Filling up the DagBag from /home/nikita/airflow-setup/ENV/lib/python3.12/site-packages/airflow/example_dags/example_sensor_decorator.py
[2026-05-04T01:36:21.671+0300] {processor.py:925} INFO - DAG(s) 'example_sensor_decorator' retrieved from /home/nikita/airflow-setup/ENV/lib/python3.12/site-packages/airflow/example_dags/example_sensor_decorator.py
[2026-05-04T01:36:21.682+0300] {logging_mixin.py:190} INFO - [2026-05-04T01:36:21.682+0300] {dag.py:3239} INFO - Sync 1 DAGs
[2026-05-04T01:36:21.691+0300] {logging_mixin.py:190} INFO - [2026-05-04T01:36:21.691+0300] {dag.py:4180} INFO - Setting next_dagrun for example_sensor_decorator to None, run_after=None
[2026-05-04T01:36:21.707+0300] {processor.py:208} INFO - Processing /home/nikita/airflow-setup/ENV/lib/python3.12/site-packages/airflow/example_dags/example_sensor_decorator.py took 0.058 seconds
