[2026-05-04T00:46:34.014+0300] {processor.py:186} INFO - Started process (PID=5990) to work on /home/nikita/airflow-setup/ENV/lib/python3.12/site-packages/airflow/example_dags/example_complex.py
[2026-05-04T00:46:34.016+0300] {processor.py:914} INFO - Processing file /home/nikita/airflow-setup/ENV/lib/python3.12/site-packages/airflow/example_dags/example_complex.py for tasks to queue
[2026-05-04T00:46:34.020+0300] {logging_mixin.py:190} INFO - [2026-05-04T00:46:34.020+0300] {dagbag.py:588} INFO - Filling up the DagBag from /home/nikita/airflow-setup/ENV/lib/python3.12/site-packages/airflow/example_dags/example_complex.py
[2026-05-04T00:46:34.038+0300] {processor.py:925} INFO - DAG(s) 'example_complex' retrieved from /home/nikita/airflow-setup/ENV/lib/python3.12/site-packages/airflow/example_dags/example_complex.py
[2026-05-04T00:46:34.166+0300] {logging_mixin.py:190} INFO - [2026-05-04T00:46:34.165+0300] {override.py:1930} INFO - Created Permission View: can read on DAG:example_complex
[2026-05-04T00:46:34.187+0300] {logging_mixin.py:190} INFO - [2026-05-04T00:46:34.185+0300] {override.py:1930} INFO - Created Permission View: can delete on DAG:example_complex
[2026-05-04T00:46:34.201+0300] {logging_mixin.py:190} INFO - [2026-05-04T00:46:34.200+0300] {override.py:1930} INFO - Created Permission View: can edit on DAG:example_complex
[2026-05-04T00:46:34.218+0300] {logging_mixin.py:190} INFO - [2026-05-04T00:46:34.218+0300] {override.py:1930} INFO - Created Permission View: can read on DAG Run:example_complex
[2026-05-04T00:46:34.226+0300] {logging_mixin.py:190} INFO - [2026-05-04T00:46:34.226+0300] {override.py:1930} INFO - Created Permission View: can delete on DAG Run:example_complex
[2026-05-04T00:46:34.239+0300] {logging_mixin.py:190} INFO - [2026-05-04T00:46:34.238+0300] {override.py:1930} INFO - Created Permission View: menu access on DAG Run:example_complex
[2026-05-04T00:46:34.254+0300] {logging_mixin.py:190} INFO - [2026-05-04T00:46:34.253+0300] {override.py:1930} INFO - Created Permission View: can create on DAG Run:example_complex
[2026-05-04T00:46:34.254+0300] {logging_mixin.py:190} INFO - [2026-05-04T00:46:34.254+0300] {dag.py:3239} INFO - Sync 1 DAGs
[2026-05-04T00:46:34.272+0300] {logging_mixin.py:190} INFO - [2026-05-04T00:46:34.272+0300] {dag.py:3262} INFO - Creating ORM DAG for example_complex
[2026-05-04T00:46:34.273+0300] {logging_mixin.py:190} INFO - [2026-05-04T00:46:34.272+0300] {dag.py:4180} INFO - Setting next_dagrun for example_complex to None, run_after=None
[2026-05-04T00:46:34.303+0300] {processor.py:208} INFO - Processing /home/nikita/airflow-setup/ENV/lib/python3.12/site-packages/airflow/example_dags/example_complex.py took 0.299 seconds
[2026-05-04T00:47:39.413+0300] {processor.py:186} INFO - Started process (PID=6068) to work on /home/nikita/airflow-setup/ENV/lib/python3.12/site-packages/airflow/example_dags/example_complex.py
[2026-05-04T00:47:39.415+0300] {processor.py:914} INFO - Processing file /home/nikita/airflow-setup/ENV/lib/python3.12/site-packages/airflow/example_dags/example_complex.py for tasks to queue
[2026-05-04T00:47:39.416+0300] {logging_mixin.py:190} INFO - [2026-05-04T00:47:39.416+0300] {dagbag.py:588} INFO - Filling up the DagBag from /home/nikita/airflow-setup/ENV/lib/python3.12/site-packages/airflow/example_dags/example_complex.py
[2026-05-04T00:47:39.424+0300] {processor.py:925} INFO - DAG(s) 'example_complex' retrieved from /home/nikita/airflow-setup/ENV/lib/python3.12/site-packages/airflow/example_dags/example_complex.py
[2026-05-04T00:47:39.442+0300] {logging_mixin.py:190} INFO - [2026-05-04T00:47:39.442+0300] {dag.py:3239} INFO - Sync 1 DAGs
[2026-05-04T00:47:39.452+0300] {logging_mixin.py:190} INFO - [2026-05-04T00:47:39.451+0300] {dag.py:4180} INFO - Setting next_dagrun for example_complex to None, run_after=None
[2026-05-04T00:47:39.470+0300] {processor.py:208} INFO - Processing /home/nikita/airflow-setup/ENV/lib/python3.12/site-packages/airflow/example_dags/example_complex.py took 0.060 seconds
[2026-05-04T00:48:39.534+0300] {processor.py:186} INFO - Started process (PID=6125) to work on /home/nikita/airflow-setup/ENV/lib/python3.12/site-packages/airflow/example_dags/example_complex.py
[2026-05-04T00:48:39.545+0300] {processor.py:914} INFO - Processing file /home/nikita/airflow-setup/ENV/lib/python3.12/site-packages/airflow/example_dags/example_complex.py for tasks to queue
[2026-05-04T00:48:39.547+0300] {logging_mixin.py:190} INFO - [2026-05-04T00:48:39.547+0300] {dagbag.py:588} INFO - Filling up the DagBag from /home/nikita/airflow-setup/ENV/lib/python3.12/site-packages/airflow/example_dags/example_complex.py
[2026-05-04T00:48:39.558+0300] {processor.py:925} INFO - DAG(s) 'example_complex' retrieved from /home/nikita/airflow-setup/ENV/lib/python3.12/site-packages/airflow/example_dags/example_complex.py
[2026-05-04T00:48:39.581+0300] {logging_mixin.py:190} INFO - [2026-05-04T00:48:39.581+0300] {dag.py:3239} INFO - Sync 1 DAGs
[2026-05-04T00:48:39.592+0300] {logging_mixin.py:190} INFO - [2026-05-04T00:48:39.592+0300] {dag.py:4180} INFO - Setting next_dagrun for example_complex to None, run_after=None
[2026-05-04T00:48:39.623+0300] {processor.py:208} INFO - Processing /home/nikita/airflow-setup/ENV/lib/python3.12/site-packages/airflow/example_dags/example_complex.py took 0.098 seconds
[2026-05-04T00:49:38.495+0300] {processor.py:186} INFO - Started process (PID=6183) to work on /home/nikita/airflow-setup/ENV/lib/python3.12/site-packages/airflow/example_dags/example_complex.py
[2026-05-04T00:49:38.504+0300] {processor.py:914} INFO - Processing file /home/nikita/airflow-setup/ENV/lib/python3.12/site-packages/airflow/example_dags/example_complex.py for tasks to queue
[2026-05-04T00:49:38.506+0300] {logging_mixin.py:190} INFO - [2026-05-04T00:49:38.505+0300] {dagbag.py:588} INFO - Filling up the DagBag from /home/nikita/airflow-setup/ENV/lib/python3.12/site-packages/airflow/example_dags/example_complex.py
[2026-05-04T00:49:38.513+0300] {processor.py:925} INFO - DAG(s) 'example_complex' retrieved from /home/nikita/airflow-setup/ENV/lib/python3.12/site-packages/airflow/example_dags/example_complex.py
[2026-05-04T00:49:38.529+0300] {logging_mixin.py:190} INFO - [2026-05-04T00:49:38.529+0300] {dag.py:3239} INFO - Sync 1 DAGs
[2026-05-04T00:49:38.537+0300] {logging_mixin.py:190} INFO - [2026-05-04T00:49:38.537+0300] {dag.py:4180} INFO - Setting next_dagrun for example_complex to None, run_after=None
[2026-05-04T00:49:38.552+0300] {processor.py:208} INFO - Processing /home/nikita/airflow-setup/ENV/lib/python3.12/site-packages/airflow/example_dags/example_complex.py took 0.062 seconds
[2026-05-04T00:50:58.490+0300] {processor.py:186} INFO - Started process (PID=6289) to work on /home/nikita/airflow-setup/ENV/lib/python3.12/site-packages/airflow/example_dags/example_complex.py
[2026-05-04T00:50:58.492+0300] {processor.py:914} INFO - Processing file /home/nikita/airflow-setup/ENV/lib/python3.12/site-packages/airflow/example_dags/example_complex.py for tasks to queue
[2026-05-04T00:50:58.494+0300] {logging_mixin.py:190} INFO - [2026-05-04T00:50:58.493+0300] {dagbag.py:588} INFO - Filling up the DagBag from /home/nikita/airflow-setup/ENV/lib/python3.12/site-packages/airflow/example_dags/example_complex.py
[2026-05-04T00:50:58.502+0300] {processor.py:925} INFO - DAG(s) 'example_complex' retrieved from /home/nikita/airflow-setup/ENV/lib/python3.12/site-packages/airflow/example_dags/example_complex.py
[2026-05-04T00:50:58.519+0300] {logging_mixin.py:190} INFO - [2026-05-04T00:50:58.519+0300] {dag.py:3239} INFO - Sync 1 DAGs
[2026-05-04T00:50:58.527+0300] {logging_mixin.py:190} INFO - [2026-05-04T00:50:58.527+0300] {dag.py:4180} INFO - Setting next_dagrun for example_complex to None, run_after=None
[2026-05-04T00:50:58.543+0300] {processor.py:208} INFO - Processing /home/nikita/airflow-setup/ENV/lib/python3.12/site-packages/airflow/example_dags/example_complex.py took 0.057 seconds
[2026-05-04T00:52:25.852+0300] {processor.py:186} INFO - Started process (PID=6372) to work on /home/nikita/airflow-setup/ENV/lib/python3.12/site-packages/airflow/example_dags/example_complex.py
[2026-05-04T00:52:25.853+0300] {processor.py:914} INFO - Processing file /home/nikita/airflow-setup/ENV/lib/python3.12/site-packages/airflow/example_dags/example_complex.py for tasks to queue
[2026-05-04T00:52:25.856+0300] {logging_mixin.py:190} INFO - [2026-05-04T00:52:25.855+0300] {dagbag.py:588} INFO - Filling up the DagBag from /home/nikita/airflow-setup/ENV/lib/python3.12/site-packages/airflow/example_dags/example_complex.py
[2026-05-04T00:52:25.870+0300] {processor.py:925} INFO - DAG(s) 'example_complex' retrieved from /home/nikita/airflow-setup/ENV/lib/python3.12/site-packages/airflow/example_dags/example_complex.py
[2026-05-04T00:52:25.891+0300] {logging_mixin.py:190} INFO - [2026-05-04T00:52:25.890+0300] {dag.py:3239} INFO - Sync 1 DAGs
[2026-05-04T00:52:25.902+0300] {logging_mixin.py:190} INFO - [2026-05-04T00:52:25.902+0300] {dag.py:4180} INFO - Setting next_dagrun for example_complex to None, run_after=None
[2026-05-04T00:52:25.926+0300] {processor.py:208} INFO - Processing /home/nikita/airflow-setup/ENV/lib/python3.12/site-packages/airflow/example_dags/example_complex.py took 0.078 seconds
[2026-05-04T00:53:29.054+0300] {processor.py:186} INFO - Started process (PID=6451) to work on /home/nikita/airflow-setup/ENV/lib/python3.12/site-packages/airflow/example_dags/example_complex.py
[2026-05-04T00:53:29.063+0300] {processor.py:914} INFO - Processing file /home/nikita/airflow-setup/ENV/lib/python3.12/site-packages/airflow/example_dags/example_complex.py for tasks to queue
[2026-05-04T00:53:29.064+0300] {logging_mixin.py:190} INFO - [2026-05-04T00:53:29.064+0300] {dagbag.py:588} INFO - Filling up the DagBag from /home/nikita/airflow-setup/ENV/lib/python3.12/site-packages/airflow/example_dags/example_complex.py
[2026-05-04T00:53:29.073+0300] {processor.py:925} INFO - DAG(s) 'example_complex' retrieved from /home/nikita/airflow-setup/ENV/lib/python3.12/site-packages/airflow/example_dags/example_complex.py
[2026-05-04T00:53:29.090+0300] {logging_mixin.py:190} INFO - [2026-05-04T00:53:29.090+0300] {dag.py:3239} INFO - Sync 1 DAGs
[2026-05-04T00:53:29.099+0300] {logging_mixin.py:190} INFO - [2026-05-04T00:53:29.099+0300] {dag.py:4180} INFO - Setting next_dagrun for example_complex to None, run_after=None
[2026-05-04T00:53:29.115+0300] {processor.py:208} INFO - Processing /home/nikita/airflow-setup/ENV/lib/python3.12/site-packages/airflow/example_dags/example_complex.py took 0.065 seconds
[2026-05-04T00:54:29.121+0300] {processor.py:186} INFO - Started process (PID=6508) to work on /home/nikita/airflow-setup/ENV/lib/python3.12/site-packages/airflow/example_dags/example_complex.py
[2026-05-04T00:54:29.129+0300] {processor.py:914} INFO - Processing file /home/nikita/airflow-setup/ENV/lib/python3.12/site-packages/airflow/example_dags/example_complex.py for tasks to queue
[2026-05-04T00:54:29.131+0300] {logging_mixin.py:190} INFO - [2026-05-04T00:54:29.130+0300] {dagbag.py:588} INFO - Filling up the DagBag from /home/nikita/airflow-setup/ENV/lib/python3.12/site-packages/airflow/example_dags/example_complex.py
[2026-05-04T00:54:29.139+0300] {processor.py:925} INFO - DAG(s) 'example_complex' retrieved from /home/nikita/airflow-setup/ENV/lib/python3.12/site-packages/airflow/example_dags/example_complex.py
[2026-05-04T00:54:29.154+0300] {logging_mixin.py:190} INFO - [2026-05-04T00:54:29.154+0300] {dag.py:3239} INFO - Sync 1 DAGs
[2026-05-04T00:54:29.163+0300] {logging_mixin.py:190} INFO - [2026-05-04T00:54:29.162+0300] {dag.py:4180} INFO - Setting next_dagrun for example_complex to None, run_after=None
[2026-05-04T00:54:29.178+0300] {processor.py:208} INFO - Processing /home/nikita/airflow-setup/ENV/lib/python3.12/site-packages/airflow/example_dags/example_complex.py took 0.061 seconds
[2026-05-04T00:55:32.571+0300] {processor.py:186} INFO - Started process (PID=6577) to work on /home/nikita/airflow-setup/ENV/lib/python3.12/site-packages/airflow/example_dags/example_complex.py
[2026-05-04T00:55:32.580+0300] {processor.py:914} INFO - Processing file /home/nikita/airflow-setup/ENV/lib/python3.12/site-packages/airflow/example_dags/example_complex.py for tasks to queue
[2026-05-04T00:55:32.582+0300] {logging_mixin.py:190} INFO - [2026-05-04T00:55:32.581+0300] {dagbag.py:588} INFO - Filling up the DagBag from /home/nikita/airflow-setup/ENV/lib/python3.12/site-packages/airflow/example_dags/example_complex.py
[2026-05-04T00:55:32.590+0300] {processor.py:925} INFO - DAG(s) 'example_complex' retrieved from /home/nikita/airflow-setup/ENV/lib/python3.12/site-packages/airflow/example_dags/example_complex.py
[2026-05-04T00:55:32.608+0300] {logging_mixin.py:190} INFO - [2026-05-04T00:55:32.608+0300] {dag.py:3239} INFO - Sync 1 DAGs
[2026-05-04T00:55:32.617+0300] {logging_mixin.py:190} INFO - [2026-05-04T00:55:32.617+0300] {dag.py:4180} INFO - Setting next_dagrun for example_complex to None, run_after=None
[2026-05-04T00:55:32.634+0300] {processor.py:208} INFO - Processing /home/nikita/airflow-setup/ENV/lib/python3.12/site-packages/airflow/example_dags/example_complex.py took 0.068 seconds
[2026-05-04T00:56:31.998+0300] {processor.py:186} INFO - Started process (PID=6636) to work on /home/nikita/airflow-setup/ENV/lib/python3.12/site-packages/airflow/example_dags/example_complex.py
[2026-05-04T00:56:32.000+0300] {processor.py:914} INFO - Processing file /home/nikita/airflow-setup/ENV/lib/python3.12/site-packages/airflow/example_dags/example_complex.py for tasks to queue
[2026-05-04T00:56:32.002+0300] {logging_mixin.py:190} INFO - [2026-05-04T00:56:32.001+0300] {dagbag.py:588} INFO - Filling up the DagBag from /home/nikita/airflow-setup/ENV/lib/python3.12/site-packages/airflow/example_dags/example_complex.py
[2026-05-04T00:56:32.013+0300] {processor.py:925} INFO - DAG(s) 'example_complex' retrieved from /home/nikita/airflow-setup/ENV/lib/python3.12/site-packages/airflow/example_dags/example_complex.py
[2026-05-04T00:56:32.031+0300] {logging_mixin.py:190} INFO - [2026-05-04T00:56:32.031+0300] {dag.py:3239} INFO - Sync 1 DAGs
[2026-05-04T00:56:32.042+0300] {logging_mixin.py:190} INFO - [2026-05-04T00:56:32.042+0300] {dag.py:4180} INFO - Setting next_dagrun for example_complex to None, run_after=None
[2026-05-04T00:56:32.061+0300] {processor.py:208} INFO - Processing /home/nikita/airflow-setup/ENV/lib/python3.12/site-packages/airflow/example_dags/example_complex.py took 0.070 seconds
[2026-05-04T00:57:32.203+0300] {processor.py:186} INFO - Started process (PID=7077) to work on /home/nikita/airflow-setup/ENV/lib/python3.12/site-packages/airflow/example_dags/example_complex.py
[2026-05-04T00:57:32.205+0300] {processor.py:914} INFO - Processing file /home/nikita/airflow-setup/ENV/lib/python3.12/site-packages/airflow/example_dags/example_complex.py for tasks to queue
[2026-05-04T00:57:32.207+0300] {logging_mixin.py:190} INFO - [2026-05-04T00:57:32.207+0300] {dagbag.py:588} INFO - Filling up the DagBag from /home/nikita/airflow-setup/ENV/lib/python3.12/site-packages/airflow/example_dags/example_complex.py
[2026-05-04T00:57:32.217+0300] {processor.py:925} INFO - DAG(s) 'example_complex' retrieved from /home/nikita/airflow-setup/ENV/lib/python3.12/site-packages/airflow/example_dags/example_complex.py
[2026-05-04T00:57:32.240+0300] {logging_mixin.py:190} INFO - [2026-05-04T00:57:32.240+0300] {dag.py:3239} INFO - Sync 1 DAGs
[2026-05-04T00:57:32.254+0300] {logging_mixin.py:190} INFO - [2026-05-04T00:57:32.254+0300] {dag.py:4180} INFO - Setting next_dagrun for example_complex to None, run_after=None
[2026-05-04T00:57:32.272+0300] {processor.py:208} INFO - Processing /home/nikita/airflow-setup/ENV/lib/python3.12/site-packages/airflow/example_dags/example_complex.py took 0.074 seconds
[2026-05-04T00:58:30.337+0300] {processor.py:186} INFO - Started process (PID=7298) to work on /home/nikita/airflow-setup/ENV/lib/python3.12/site-packages/airflow/example_dags/example_complex.py
[2026-05-04T00:58:30.339+0300] {processor.py:914} INFO - Processing file /home/nikita/airflow-setup/ENV/lib/python3.12/site-packages/airflow/example_dags/example_complex.py for tasks to queue
[2026-05-04T00:58:30.342+0300] {logging_mixin.py:190} INFO - [2026-05-04T00:58:30.341+0300] {dagbag.py:588} INFO - Filling up the DagBag from /home/nikita/airflow-setup/ENV/lib/python3.12/site-packages/airflow/example_dags/example_complex.py
[2026-05-04T00:58:30.351+0300] {processor.py:925} INFO - DAG(s) 'example_complex' retrieved from /home/nikita/airflow-setup/ENV/lib/python3.12/site-packages/airflow/example_dags/example_complex.py
[2026-05-04T00:58:30.369+0300] {logging_mixin.py:190} INFO - [2026-05-04T00:58:30.369+0300] {dag.py:3239} INFO - Sync 1 DAGs
[2026-05-04T00:58:30.379+0300] {logging_mixin.py:190} INFO - [2026-05-04T00:58:30.379+0300] {dag.py:4180} INFO - Setting next_dagrun for example_complex to None, run_after=None
[2026-05-04T00:58:30.397+0300] {processor.py:208} INFO - Processing /home/nikita/airflow-setup/ENV/lib/python3.12/site-packages/airflow/example_dags/example_complex.py took 0.064 seconds
[2026-05-04T00:59:28.689+0300] {processor.py:186} INFO - Started process (PID=7580) to work on /home/nikita/airflow-setup/ENV/lib/python3.12/site-packages/airflow/example_dags/example_complex.py
[2026-05-04T00:59:28.699+0300] {processor.py:914} INFO - Processing file /home/nikita/airflow-setup/ENV/lib/python3.12/site-packages/airflow/example_dags/example_complex.py for tasks to queue
[2026-05-04T00:59:28.702+0300] {logging_mixin.py:190} INFO - [2026-05-04T00:59:28.701+0300] {dagbag.py:588} INFO - Filling up the DagBag from /home/nikita/airflow-setup/ENV/lib/python3.12/site-packages/airflow/example_dags/example_complex.py
[2026-05-04T00:59:28.713+0300] {processor.py:925} INFO - DAG(s) 'example_complex' retrieved from /home/nikita/airflow-setup/ENV/lib/python3.12/site-packages/airflow/example_dags/example_complex.py
[2026-05-04T00:59:28.735+0300] {logging_mixin.py:190} INFO - [2026-05-04T00:59:28.735+0300] {dag.py:3239} INFO - Sync 1 DAGs
[2026-05-04T00:59:28.747+0300] {logging_mixin.py:190} INFO - [2026-05-04T00:59:28.746+0300] {dag.py:4180} INFO - Setting next_dagrun for example_complex to None, run_after=None
[2026-05-04T00:59:29.298+0300] {processor.py:208} INFO - Processing /home/nikita/airflow-setup/ENV/lib/python3.12/site-packages/airflow/example_dags/example_complex.py took 0.087 seconds
[2026-05-04T01:00:27.602+0300] {processor.py:186} INFO - Started process (PID=8360) to work on /home/nikita/airflow-setup/ENV/lib/python3.12/site-packages/airflow/example_dags/example_complex.py
[2026-05-04T01:00:27.604+0300] {processor.py:914} INFO - Processing file /home/nikita/airflow-setup/ENV/lib/python3.12/site-packages/airflow/example_dags/example_complex.py for tasks to queue
[2026-05-04T01:00:27.607+0300] {logging_mixin.py:190} INFO - [2026-05-04T01:00:27.606+0300] {dagbag.py:588} INFO - Filling up the DagBag from /home/nikita/airflow-setup/ENV/lib/python3.12/site-packages/airflow/example_dags/example_complex.py
[2026-05-04T01:00:27.617+0300] {processor.py:925} INFO - DAG(s) 'example_complex' retrieved from /home/nikita/airflow-setup/ENV/lib/python3.12/site-packages/airflow/example_dags/example_complex.py
[2026-05-04T01:00:27.637+0300] {logging_mixin.py:190} INFO - [2026-05-04T01:00:27.636+0300] {dag.py:3239} INFO - Sync 1 DAGs
[2026-05-04T01:00:27.646+0300] {logging_mixin.py:190} INFO - [2026-05-04T01:00:27.645+0300] {dag.py:4180} INFO - Setting next_dagrun for example_complex to None, run_after=None
[2026-05-04T01:00:27.662+0300] {processor.py:208} INFO - Processing /home/nikita/airflow-setup/ENV/lib/python3.12/site-packages/airflow/example_dags/example_complex.py took 0.065 seconds
[2026-05-04T01:01:36.224+0300] {processor.py:186} INFO - Started process (PID=8882) to work on /home/nikita/airflow-setup/ENV/lib/python3.12/site-packages/airflow/example_dags/example_complex.py
[2026-05-04T01:01:36.234+0300] {processor.py:914} INFO - Processing file /home/nikita/airflow-setup/ENV/lib/python3.12/site-packages/airflow/example_dags/example_complex.py for tasks to queue
[2026-05-04T01:01:36.235+0300] {logging_mixin.py:190} INFO - [2026-05-04T01:01:36.234+0300] {dagbag.py:588} INFO - Filling up the DagBag from /home/nikita/airflow-setup/ENV/lib/python3.12/site-packages/airflow/example_dags/example_complex.py
[2026-05-04T01:01:36.243+0300] {processor.py:925} INFO - DAG(s) 'example_complex' retrieved from /home/nikita/airflow-setup/ENV/lib/python3.12/site-packages/airflow/example_dags/example_complex.py
[2026-05-04T01:01:36.261+0300] {logging_mixin.py:190} INFO - [2026-05-04T01:01:36.260+0300] {dag.py:3239} INFO - Sync 1 DAGs
[2026-05-04T01:01:36.270+0300] {logging_mixin.py:190} INFO - [2026-05-04T01:01:36.270+0300] {dag.py:4180} INFO - Setting next_dagrun for example_complex to None, run_after=None
[2026-05-04T01:01:36.286+0300] {processor.py:208} INFO - Processing /home/nikita/airflow-setup/ENV/lib/python3.12/site-packages/airflow/example_dags/example_complex.py took 0.066 seconds
[2026-05-04T01:02:44.573+0300] {processor.py:186} INFO - Started process (PID=9478) to work on /home/nikita/airflow-setup/ENV/lib/python3.12/site-packages/airflow/example_dags/example_complex.py
[2026-05-04T01:02:44.583+0300] {processor.py:914} INFO - Processing file /home/nikita/airflow-setup/ENV/lib/python3.12/site-packages/airflow/example_dags/example_complex.py for tasks to queue
[2026-05-04T01:02:44.584+0300] {logging_mixin.py:190} INFO - [2026-05-04T01:02:44.584+0300] {dagbag.py:588} INFO - Filling up the DagBag from /home/nikita/airflow-setup/ENV/lib/python3.12/site-packages/airflow/example_dags/example_complex.py
[2026-05-04T01:02:44.593+0300] {processor.py:925} INFO - DAG(s) 'example_complex' retrieved from /home/nikita/airflow-setup/ENV/lib/python3.12/site-packages/airflow/example_dags/example_complex.py
[2026-05-04T01:02:44.610+0300] {logging_mixin.py:190} INFO - [2026-05-04T01:02:44.609+0300] {dag.py:3239} INFO - Sync 1 DAGs
[2026-05-04T01:02:44.619+0300] {logging_mixin.py:190} INFO - [2026-05-04T01:02:44.618+0300] {dag.py:4180} INFO - Setting next_dagrun for example_complex to None, run_after=None
[2026-05-04T01:02:44.637+0300] {processor.py:208} INFO - Processing /home/nikita/airflow-setup/ENV/lib/python3.12/site-packages/airflow/example_dags/example_complex.py took 0.068 seconds
[2026-05-04T01:03:48.083+0300] {processor.py:186} INFO - Started process (PID=9783) to work on /home/nikita/airflow-setup/ENV/lib/python3.12/site-packages/airflow/example_dags/example_complex.py
[2026-05-04T01:03:48.085+0300] {processor.py:914} INFO - Processing file /home/nikita/airflow-setup/ENV/lib/python3.12/site-packages/airflow/example_dags/example_complex.py for tasks to queue
[2026-05-04T01:03:48.085+0300] {logging_mixin.py:190} INFO - [2026-05-04T01:03:48.085+0300] {dagbag.py:588} INFO - Filling up the DagBag from /home/nikita/airflow-setup/ENV/lib/python3.12/site-packages/airflow/example_dags/example_complex.py
[2026-05-04T01:03:48.093+0300] {processor.py:925} INFO - DAG(s) 'example_complex' retrieved from /home/nikita/airflow-setup/ENV/lib/python3.12/site-packages/airflow/example_dags/example_complex.py
[2026-05-04T01:03:48.109+0300] {logging_mixin.py:190} INFO - [2026-05-04T01:03:48.109+0300] {dag.py:3239} INFO - Sync 1 DAGs
[2026-05-04T01:03:48.117+0300] {logging_mixin.py:190} INFO - [2026-05-04T01:03:48.117+0300] {dag.py:4180} INFO - Setting next_dagrun for example_complex to None, run_after=None
[2026-05-04T01:03:48.134+0300] {processor.py:208} INFO - Processing /home/nikita/airflow-setup/ENV/lib/python3.12/site-packages/airflow/example_dags/example_complex.py took 0.055 seconds
[2026-05-04T01:04:51.057+0300] {processor.py:186} INFO - Started process (PID=10053) to work on /home/nikita/airflow-setup/ENV/lib/python3.12/site-packages/airflow/example_dags/example_complex.py
[2026-05-04T01:04:51.058+0300] {processor.py:914} INFO - Processing file /home/nikita/airflow-setup/ENV/lib/python3.12/site-packages/airflow/example_dags/example_complex.py for tasks to queue
[2026-05-04T01:04:51.059+0300] {logging_mixin.py:190} INFO - [2026-05-04T01:04:51.059+0300] {dagbag.py:588} INFO - Filling up the DagBag from /home/nikita/airflow-setup/ENV/lib/python3.12/site-packages/airflow/example_dags/example_complex.py
[2026-05-04T01:04:51.070+0300] {processor.py:925} INFO - DAG(s) 'example_complex' retrieved from /home/nikita/airflow-setup/ENV/lib/python3.12/site-packages/airflow/example_dags/example_complex.py
[2026-05-04T01:04:51.088+0300] {logging_mixin.py:190} INFO - [2026-05-04T01:04:51.088+0300] {dag.py:3239} INFO - Sync 1 DAGs
[2026-05-04T01:04:51.097+0300] {logging_mixin.py:190} INFO - [2026-05-04T01:04:51.097+0300] {dag.py:4180} INFO - Setting next_dagrun for example_complex to None, run_after=None
[2026-05-04T01:04:51.114+0300] {processor.py:208} INFO - Processing /home/nikita/airflow-setup/ENV/lib/python3.12/site-packages/airflow/example_dags/example_complex.py took 0.062 seconds
[2026-05-04T01:05:58.070+0300] {processor.py:186} INFO - Started process (PID=10334) to work on /home/nikita/airflow-setup/ENV/lib/python3.12/site-packages/airflow/example_dags/example_complex.py
[2026-05-04T01:05:58.072+0300] {processor.py:914} INFO - Processing file /home/nikita/airflow-setup/ENV/lib/python3.12/site-packages/airflow/example_dags/example_complex.py for tasks to queue
[2026-05-04T01:05:58.073+0300] {logging_mixin.py:190} INFO - [2026-05-04T01:05:58.073+0300] {dagbag.py:588} INFO - Filling up the DagBag from /home/nikita/airflow-setup/ENV/lib/python3.12/site-packages/airflow/example_dags/example_complex.py
[2026-05-04T01:05:58.082+0300] {processor.py:925} INFO - DAG(s) 'example_complex' retrieved from /home/nikita/airflow-setup/ENV/lib/python3.12/site-packages/airflow/example_dags/example_complex.py
[2026-05-04T01:05:58.102+0300] {logging_mixin.py:190} INFO - [2026-05-04T01:05:58.101+0300] {dag.py:3239} INFO - Sync 1 DAGs
[2026-05-04T01:05:58.115+0300] {logging_mixin.py:190} INFO - [2026-05-04T01:05:58.115+0300] {dag.py:4180} INFO - Setting next_dagrun for example_complex to None, run_after=None
[2026-05-04T01:05:58.133+0300] {processor.py:208} INFO - Processing /home/nikita/airflow-setup/ENV/lib/python3.12/site-packages/airflow/example_dags/example_complex.py took 0.067 seconds
[2026-05-04T01:07:02.194+0300] {processor.py:186} INFO - Started process (PID=10580) to work on /home/nikita/airflow-setup/ENV/lib/python3.12/site-packages/airflow/example_dags/example_complex.py
[2026-05-04T01:07:02.204+0300] {processor.py:914} INFO - Processing file /home/nikita/airflow-setup/ENV/lib/python3.12/site-packages/airflow/example_dags/example_complex.py for tasks to queue
[2026-05-04T01:07:02.206+0300] {logging_mixin.py:190} INFO - [2026-05-04T01:07:02.205+0300] {dagbag.py:588} INFO - Filling up the DagBag from /home/nikita/airflow-setup/ENV/lib/python3.12/site-packages/airflow/example_dags/example_complex.py
[2026-05-04T01:07:02.224+0300] {processor.py:925} INFO - DAG(s) 'example_complex' retrieved from /home/nikita/airflow-setup/ENV/lib/python3.12/site-packages/airflow/example_dags/example_complex.py
[2026-05-04T01:07:02.259+0300] {logging_mixin.py:190} INFO - [2026-05-04T01:07:02.258+0300] {dag.py:3239} INFO - Sync 1 DAGs
[2026-05-04T01:07:02.282+0300] {logging_mixin.py:190} INFO - [2026-05-04T01:07:02.281+0300] {dag.py:4180} INFO - Setting next_dagrun for example_complex to None, run_after=None
[2026-05-04T01:07:02.344+0300] {processor.py:208} INFO - Processing /home/nikita/airflow-setup/ENV/lib/python3.12/site-packages/airflow/example_dags/example_complex.py took 0.154 seconds
[2026-05-04T01:08:10.858+0300] {processor.py:186} INFO - Started process (PID=10838) to work on /home/nikita/airflow-setup/ENV/lib/python3.12/site-packages/airflow/example_dags/example_complex.py
[2026-05-04T01:08:10.859+0300] {processor.py:914} INFO - Processing file /home/nikita/airflow-setup/ENV/lib/python3.12/site-packages/airflow/example_dags/example_complex.py for tasks to queue
[2026-05-04T01:08:10.860+0300] {logging_mixin.py:190} INFO - [2026-05-04T01:08:10.860+0300] {dagbag.py:588} INFO - Filling up the DagBag from /home/nikita/airflow-setup/ENV/lib/python3.12/site-packages/airflow/example_dags/example_complex.py
[2026-05-04T01:08:10.869+0300] {processor.py:925} INFO - DAG(s) 'example_complex' retrieved from /home/nikita/airflow-setup/ENV/lib/python3.12/site-packages/airflow/example_dags/example_complex.py
[2026-05-04T01:08:10.887+0300] {logging_mixin.py:190} INFO - [2026-05-04T01:08:10.887+0300] {dag.py:3239} INFO - Sync 1 DAGs
[2026-05-04T01:08:10.896+0300] {logging_mixin.py:190} INFO - [2026-05-04T01:08:10.896+0300] {dag.py:4180} INFO - Setting next_dagrun for example_complex to None, run_after=None
[2026-05-04T01:08:10.914+0300] {processor.py:208} INFO - Processing /home/nikita/airflow-setup/ENV/lib/python3.12/site-packages/airflow/example_dags/example_complex.py took 0.061 seconds
[2026-05-04T01:09:16.751+0300] {processor.py:186} INFO - Started process (PID=11993) to work on /home/nikita/airflow-setup/ENV/lib/python3.12/site-packages/airflow/example_dags/example_complex.py
[2026-05-04T01:09:16.759+0300] {processor.py:914} INFO - Processing file /home/nikita/airflow-setup/ENV/lib/python3.12/site-packages/airflow/example_dags/example_complex.py for tasks to queue
[2026-05-04T01:09:16.760+0300] {logging_mixin.py:190} INFO - [2026-05-04T01:09:16.760+0300] {dagbag.py:588} INFO - Filling up the DagBag from /home/nikita/airflow-setup/ENV/lib/python3.12/site-packages/airflow/example_dags/example_complex.py
[2026-05-04T01:09:16.770+0300] {processor.py:925} INFO - DAG(s) 'example_complex' retrieved from /home/nikita/airflow-setup/ENV/lib/python3.12/site-packages/airflow/example_dags/example_complex.py
[2026-05-04T01:09:16.788+0300] {logging_mixin.py:190} INFO - [2026-05-04T01:09:16.788+0300] {dag.py:3239} INFO - Sync 1 DAGs
[2026-05-04T01:09:16.798+0300] {logging_mixin.py:190} INFO - [2026-05-04T01:09:16.798+0300] {dag.py:4180} INFO - Setting next_dagrun for example_complex to None, run_after=None
[2026-05-04T01:09:16.816+0300] {processor.py:208} INFO - Processing /home/nikita/airflow-setup/ENV/lib/python3.12/site-packages/airflow/example_dags/example_complex.py took 0.070 seconds
[2026-05-04T01:10:27.698+0300] {processor.py:186} INFO - Started process (PID=12299) to work on /home/nikita/airflow-setup/ENV/lib/python3.12/site-packages/airflow/example_dags/example_complex.py
[2026-05-04T01:10:27.708+0300] {processor.py:914} INFO - Processing file /home/nikita/airflow-setup/ENV/lib/python3.12/site-packages/airflow/example_dags/example_complex.py for tasks to queue
[2026-05-04T01:10:27.709+0300] {logging_mixin.py:190} INFO - [2026-05-04T01:10:27.709+0300] {dagbag.py:588} INFO - Filling up the DagBag from /home/nikita/airflow-setup/ENV/lib/python3.12/site-packages/airflow/example_dags/example_complex.py
[2026-05-04T01:10:27.718+0300] {processor.py:925} INFO - DAG(s) 'example_complex' retrieved from /home/nikita/airflow-setup/ENV/lib/python3.12/site-packages/airflow/example_dags/example_complex.py
[2026-05-04T01:10:27.737+0300] {logging_mixin.py:190} INFO - [2026-05-04T01:10:27.736+0300] {dag.py:3239} INFO - Sync 1 DAGs
[2026-05-04T01:10:27.746+0300] {logging_mixin.py:190} INFO - [2026-05-04T01:10:27.746+0300] {dag.py:4180} INFO - Setting next_dagrun for example_complex to None, run_after=None
[2026-05-04T01:10:27.762+0300] {processor.py:208} INFO - Processing /home/nikita/airflow-setup/ENV/lib/python3.12/site-packages/airflow/example_dags/example_complex.py took 0.069 seconds
[2026-05-04T01:11:35.502+0300] {processor.py:186} INFO - Started process (PID=12559) to work on /home/nikita/airflow-setup/ENV/lib/python3.12/site-packages/airflow/example_dags/example_complex.py
[2026-05-04T01:11:35.512+0300] {processor.py:914} INFO - Processing file /home/nikita/airflow-setup/ENV/lib/python3.12/site-packages/airflow/example_dags/example_complex.py for tasks to queue
[2026-05-04T01:11:35.513+0300] {logging_mixin.py:190} INFO - [2026-05-04T01:11:35.513+0300] {dagbag.py:588} INFO - Filling up the DagBag from /home/nikita/airflow-setup/ENV/lib/python3.12/site-packages/airflow/example_dags/example_complex.py
[2026-05-04T01:11:35.522+0300] {processor.py:925} INFO - DAG(s) 'example_complex' retrieved from /home/nikita/airflow-setup/ENV/lib/python3.12/site-packages/airflow/example_dags/example_complex.py
[2026-05-04T01:11:35.539+0300] {logging_mixin.py:190} INFO - [2026-05-04T01:11:35.539+0300] {dag.py:3239} INFO - Sync 1 DAGs
[2026-05-04T01:11:35.549+0300] {logging_mixin.py:190} INFO - [2026-05-04T01:11:35.549+0300] {dag.py:4180} INFO - Setting next_dagrun for example_complex to None, run_after=None
[2026-05-04T01:11:35.566+0300] {processor.py:208} INFO - Processing /home/nikita/airflow-setup/ENV/lib/python3.12/site-packages/airflow/example_dags/example_complex.py took 0.068 seconds
[2026-05-04T01:12:36.039+0300] {processor.py:186} INFO - Started process (PID=12789) to work on /home/nikita/airflow-setup/ENV/lib/python3.12/site-packages/airflow/example_dags/example_complex.py
[2026-05-04T01:12:36.049+0300] {processor.py:914} INFO - Processing file /home/nikita/airflow-setup/ENV/lib/python3.12/site-packages/airflow/example_dags/example_complex.py for tasks to queue
[2026-05-04T01:12:36.050+0300] {logging_mixin.py:190} INFO - [2026-05-04T01:12:36.049+0300] {dagbag.py:588} INFO - Filling up the DagBag from /home/nikita/airflow-setup/ENV/lib/python3.12/site-packages/airflow/example_dags/example_complex.py
[2026-05-04T01:12:36.059+0300] {processor.py:925} INFO - DAG(s) 'example_complex' retrieved from /home/nikita/airflow-setup/ENV/lib/python3.12/site-packages/airflow/example_dags/example_complex.py
[2026-05-04T01:12:36.075+0300] {logging_mixin.py:190} INFO - [2026-05-04T01:12:36.075+0300] {dag.py:3239} INFO - Sync 1 DAGs
[2026-05-04T01:12:36.084+0300] {logging_mixin.py:190} INFO - [2026-05-04T01:12:36.084+0300] {dag.py:4180} INFO - Setting next_dagrun for example_complex to None, run_after=None
[2026-05-04T01:12:36.101+0300] {processor.py:208} INFO - Processing /home/nikita/airflow-setup/ENV/lib/python3.12/site-packages/airflow/example_dags/example_complex.py took 0.067 seconds
[2026-05-04T01:13:38.244+0300] {processor.py:186} INFO - Started process (PID=13327) to work on /home/nikita/airflow-setup/ENV/lib/python3.12/site-packages/airflow/example_dags/example_complex.py
[2026-05-04T01:13:38.254+0300] {processor.py:914} INFO - Processing file /home/nikita/airflow-setup/ENV/lib/python3.12/site-packages/airflow/example_dags/example_complex.py for tasks to queue
[2026-05-04T01:13:38.255+0300] {logging_mixin.py:190} INFO - [2026-05-04T01:13:38.255+0300] {dagbag.py:588} INFO - Filling up the DagBag from /home/nikita/airflow-setup/ENV/lib/python3.12/site-packages/airflow/example_dags/example_complex.py
[2026-05-04T01:13:38.264+0300] {processor.py:925} INFO - DAG(s) 'example_complex' retrieved from /home/nikita/airflow-setup/ENV/lib/python3.12/site-packages/airflow/example_dags/example_complex.py
[2026-05-04T01:13:38.280+0300] {logging_mixin.py:190} INFO - [2026-05-04T01:13:38.279+0300] {dag.py:3239} INFO - Sync 1 DAGs
[2026-05-04T01:13:38.288+0300] {logging_mixin.py:190} INFO - [2026-05-04T01:13:38.288+0300] {dag.py:4180} INFO - Setting next_dagrun for example_complex to None, run_after=None
[2026-05-04T01:13:38.304+0300] {processor.py:208} INFO - Processing /home/nikita/airflow-setup/ENV/lib/python3.12/site-packages/airflow/example_dags/example_complex.py took 0.063 seconds
[2026-05-04T01:14:44.494+0300] {processor.py:186} INFO - Started process (PID=14343) to work on /home/nikita/airflow-setup/ENV/lib/python3.12/site-packages/airflow/example_dags/example_complex.py
[2026-05-04T01:14:44.496+0300] {processor.py:914} INFO - Processing file /home/nikita/airflow-setup/ENV/lib/python3.12/site-packages/airflow/example_dags/example_complex.py for tasks to queue
[2026-05-04T01:14:44.497+0300] {logging_mixin.py:190} INFO - [2026-05-04T01:14:44.497+0300] {dagbag.py:588} INFO - Filling up the DagBag from /home/nikita/airflow-setup/ENV/lib/python3.12/site-packages/airflow/example_dags/example_complex.py
[2026-05-04T01:14:44.505+0300] {processor.py:925} INFO - DAG(s) 'example_complex' retrieved from /home/nikita/airflow-setup/ENV/lib/python3.12/site-packages/airflow/example_dags/example_complex.py
[2026-05-04T01:14:44.521+0300] {logging_mixin.py:190} INFO - [2026-05-04T01:14:44.520+0300] {dag.py:3239} INFO - Sync 1 DAGs
[2026-05-04T01:14:44.529+0300] {logging_mixin.py:190} INFO - [2026-05-04T01:14:44.529+0300] {dag.py:4180} INFO - Setting next_dagrun for example_complex to None, run_after=None
[2026-05-04T01:14:44.544+0300] {processor.py:208} INFO - Processing /home/nikita/airflow-setup/ENV/lib/python3.12/site-packages/airflow/example_dags/example_complex.py took 0.054 seconds
[2026-05-04T01:15:52.202+0300] {processor.py:186} INFO - Started process (PID=14773) to work on /home/nikita/airflow-setup/ENV/lib/python3.12/site-packages/airflow/example_dags/example_complex.py
[2026-05-04T01:15:52.203+0300] {processor.py:914} INFO - Processing file /home/nikita/airflow-setup/ENV/lib/python3.12/site-packages/airflow/example_dags/example_complex.py for tasks to queue
[2026-05-04T01:15:52.205+0300] {logging_mixin.py:190} INFO - [2026-05-04T01:15:52.204+0300] {dagbag.py:588} INFO - Filling up the DagBag from /home/nikita/airflow-setup/ENV/lib/python3.12/site-packages/airflow/example_dags/example_complex.py
[2026-05-04T01:15:52.218+0300] {processor.py:925} INFO - DAG(s) 'example_complex' retrieved from /home/nikita/airflow-setup/ENV/lib/python3.12/site-packages/airflow/example_dags/example_complex.py
[2026-05-04T01:15:52.239+0300] {logging_mixin.py:190} INFO - [2026-05-04T01:15:52.239+0300] {dag.py:3239} INFO - Sync 1 DAGs
[2026-05-04T01:15:52.250+0300] {logging_mixin.py:190} INFO - [2026-05-04T01:15:52.250+0300] {dag.py:4180} INFO - Setting next_dagrun for example_complex to None, run_after=None
[2026-05-04T01:15:52.267+0300] {processor.py:208} INFO - Processing /home/nikita/airflow-setup/ENV/lib/python3.12/site-packages/airflow/example_dags/example_complex.py took 0.072 seconds
[2026-05-04T01:17:01.384+0300] {processor.py:186} INFO - Started process (PID=15824) to work on /home/nikita/airflow-setup/ENV/lib/python3.12/site-packages/airflow/example_dags/example_complex.py
[2026-05-04T01:17:01.395+0300] {processor.py:914} INFO - Processing file /home/nikita/airflow-setup/ENV/lib/python3.12/site-packages/airflow/example_dags/example_complex.py for tasks to queue
[2026-05-04T01:17:01.397+0300] {logging_mixin.py:190} INFO - [2026-05-04T01:17:01.396+0300] {dagbag.py:588} INFO - Filling up the DagBag from /home/nikita/airflow-setup/ENV/lib/python3.12/site-packages/airflow/example_dags/example_complex.py
[2026-05-04T01:17:01.411+0300] {processor.py:925} INFO - DAG(s) 'example_complex' retrieved from /home/nikita/airflow-setup/ENV/lib/python3.12/site-packages/airflow/example_dags/example_complex.py
[2026-05-04T01:17:01.437+0300] {logging_mixin.py:190} INFO - [2026-05-04T01:17:01.436+0300] {dag.py:3239} INFO - Sync 1 DAGs
[2026-05-04T01:17:01.455+0300] {logging_mixin.py:190} INFO - [2026-05-04T01:17:01.455+0300] {dag.py:4180} INFO - Setting next_dagrun for example_complex to None, run_after=None
[2026-05-04T01:17:01.493+0300] {processor.py:208} INFO - Processing /home/nikita/airflow-setup/ENV/lib/python3.12/site-packages/airflow/example_dags/example_complex.py took 0.117 seconds
[2026-05-04T01:18:09.140+0300] {processor.py:186} INFO - Started process (PID=16078) to work on /home/nikita/airflow-setup/ENV/lib/python3.12/site-packages/airflow/example_dags/example_complex.py
[2026-05-04T01:18:09.143+0300] {processor.py:914} INFO - Processing file /home/nikita/airflow-setup/ENV/lib/python3.12/site-packages/airflow/example_dags/example_complex.py for tasks to queue
[2026-05-04T01:18:09.146+0300] {logging_mixin.py:190} INFO - [2026-05-04T01:18:09.145+0300] {dagbag.py:588} INFO - Filling up the DagBag from /home/nikita/airflow-setup/ENV/lib/python3.12/site-packages/airflow/example_dags/example_complex.py
[2026-05-04T01:18:09.163+0300] {processor.py:925} INFO - DAG(s) 'example_complex' retrieved from /home/nikita/airflow-setup/ENV/lib/python3.12/site-packages/airflow/example_dags/example_complex.py
[2026-05-04T01:18:09.185+0300] {logging_mixin.py:190} INFO - [2026-05-04T01:18:09.185+0300] {dag.py:3239} INFO - Sync 1 DAGs
[2026-05-04T01:18:09.196+0300] {logging_mixin.py:190} INFO - [2026-05-04T01:18:09.196+0300] {dag.py:4180} INFO - Setting next_dagrun for example_complex to None, run_after=None
[2026-05-04T01:18:09.225+0300] {processor.py:208} INFO - Processing /home/nikita/airflow-setup/ENV/lib/python3.12/site-packages/airflow/example_dags/example_complex.py took 0.093 seconds
[2026-05-04T01:19:18.575+0300] {processor.py:186} INFO - Started process (PID=16338) to work on /home/nikita/airflow-setup/ENV/lib/python3.12/site-packages/airflow/example_dags/example_complex.py
[2026-05-04T01:19:18.583+0300] {processor.py:914} INFO - Processing file /home/nikita/airflow-setup/ENV/lib/python3.12/site-packages/airflow/example_dags/example_complex.py for tasks to queue
[2026-05-04T01:19:18.585+0300] {logging_mixin.py:190} INFO - [2026-05-04T01:19:18.584+0300] {dagbag.py:588} INFO - Filling up the DagBag from /home/nikita/airflow-setup/ENV/lib/python3.12/site-packages/airflow/example_dags/example_complex.py
[2026-05-04T01:19:18.593+0300] {processor.py:925} INFO - DAG(s) 'example_complex' retrieved from /home/nikita/airflow-setup/ENV/lib/python3.12/site-packages/airflow/example_dags/example_complex.py
[2026-05-04T01:19:18.611+0300] {logging_mixin.py:190} INFO - [2026-05-04T01:19:18.610+0300] {dag.py:3239} INFO - Sync 1 DAGs
[2026-05-04T01:19:18.621+0300] {logging_mixin.py:190} INFO - [2026-05-04T01:19:18.621+0300] {dag.py:4180} INFO - Setting next_dagrun for example_complex to None, run_after=None
[2026-05-04T01:19:18.640+0300] {processor.py:208} INFO - Processing /home/nikita/airflow-setup/ENV/lib/python3.12/site-packages/airflow/example_dags/example_complex.py took 0.069 seconds
[2026-05-04T01:20:21.413+0300] {processor.py:186} INFO - Started process (PID=16594) to work on /home/nikita/airflow-setup/ENV/lib/python3.12/site-packages/airflow/example_dags/example_complex.py
[2026-05-04T01:20:21.415+0300] {processor.py:914} INFO - Processing file /home/nikita/airflow-setup/ENV/lib/python3.12/site-packages/airflow/example_dags/example_complex.py for tasks to queue
[2026-05-04T01:20:21.416+0300] {logging_mixin.py:190} INFO - [2026-05-04T01:20:21.415+0300] {dagbag.py:588} INFO - Filling up the DagBag from /home/nikita/airflow-setup/ENV/lib/python3.12/site-packages/airflow/example_dags/example_complex.py
[2026-05-04T01:20:21.425+0300] {processor.py:925} INFO - DAG(s) 'example_complex' retrieved from /home/nikita/airflow-setup/ENV/lib/python3.12/site-packages/airflow/example_dags/example_complex.py
[2026-05-04T01:20:21.444+0300] {logging_mixin.py:190} INFO - [2026-05-04T01:20:21.444+0300] {dag.py:3239} INFO - Sync 1 DAGs
[2026-05-04T01:20:21.454+0300] {logging_mixin.py:190} INFO - [2026-05-04T01:20:21.453+0300] {dag.py:4180} INFO - Setting next_dagrun for example_complex to None, run_after=None
[2026-05-04T01:20:21.472+0300] {processor.py:208} INFO - Processing /home/nikita/airflow-setup/ENV/lib/python3.12/site-packages/airflow/example_dags/example_complex.py took 0.063 seconds
[2026-05-04T01:21:28.125+0300] {processor.py:186} INFO - Started process (PID=16846) to work on /home/nikita/airflow-setup/ENV/lib/python3.12/site-packages/airflow/example_dags/example_complex.py
[2026-05-04T01:21:28.127+0300] {processor.py:914} INFO - Processing file /home/nikita/airflow-setup/ENV/lib/python3.12/site-packages/airflow/example_dags/example_complex.py for tasks to queue
[2026-05-04T01:21:28.128+0300] {logging_mixin.py:190} INFO - [2026-05-04T01:21:28.127+0300] {dagbag.py:588} INFO - Filling up the DagBag from /home/nikita/airflow-setup/ENV/lib/python3.12/site-packages/airflow/example_dags/example_complex.py
[2026-05-04T01:21:28.136+0300] {processor.py:925} INFO - DAG(s) 'example_complex' retrieved from /home/nikita/airflow-setup/ENV/lib/python3.12/site-packages/airflow/example_dags/example_complex.py
[2026-05-04T01:21:28.154+0300] {logging_mixin.py:190} INFO - [2026-05-04T01:21:28.154+0300] {dag.py:3239} INFO - Sync 1 DAGs
[2026-05-04T01:21:28.164+0300] {logging_mixin.py:190} INFO - [2026-05-04T01:21:28.164+0300] {dag.py:4180} INFO - Setting next_dagrun for example_complex to None, run_after=None
[2026-05-04T01:21:28.179+0300] {processor.py:208} INFO - Processing /home/nikita/airflow-setup/ENV/lib/python3.12/site-packages/airflow/example_dags/example_complex.py took 0.059 seconds
[2026-05-04T01:22:40.270+0300] {processor.py:186} INFO - Started process (PID=17118) to work on /home/nikita/airflow-setup/ENV/lib/python3.12/site-packages/airflow/example_dags/example_complex.py
[2026-05-04T01:22:40.280+0300] {processor.py:914} INFO - Processing file /home/nikita/airflow-setup/ENV/lib/python3.12/site-packages/airflow/example_dags/example_complex.py for tasks to queue
[2026-05-04T01:22:40.281+0300] {logging_mixin.py:190} INFO - [2026-05-04T01:22:40.280+0300] {dagbag.py:588} INFO - Filling up the DagBag from /home/nikita/airflow-setup/ENV/lib/python3.12/site-packages/airflow/example_dags/example_complex.py
[2026-05-04T01:22:40.289+0300] {processor.py:925} INFO - DAG(s) 'example_complex' retrieved from /home/nikita/airflow-setup/ENV/lib/python3.12/site-packages/airflow/example_dags/example_complex.py
[2026-05-04T01:22:40.304+0300] {logging_mixin.py:190} INFO - [2026-05-04T01:22:40.304+0300] {dag.py:3239} INFO - Sync 1 DAGs
[2026-05-04T01:22:40.313+0300] {logging_mixin.py:190} INFO - [2026-05-04T01:22:40.313+0300] {dag.py:4180} INFO - Setting next_dagrun for example_complex to None, run_after=None
[2026-05-04T01:22:40.329+0300] {processor.py:208} INFO - Processing /home/nikita/airflow-setup/ENV/lib/python3.12/site-packages/airflow/example_dags/example_complex.py took 0.063 seconds
[2026-05-04T01:23:47.402+0300] {processor.py:186} INFO - Started process (PID=17376) to work on /home/nikita/airflow-setup/ENV/lib/python3.12/site-packages/airflow/example_dags/example_complex.py
[2026-05-04T01:23:47.404+0300] {processor.py:914} INFO - Processing file /home/nikita/airflow-setup/ENV/lib/python3.12/site-packages/airflow/example_dags/example_complex.py for tasks to queue
[2026-05-04T01:23:47.406+0300] {logging_mixin.py:190} INFO - [2026-05-04T01:23:47.405+0300] {dagbag.py:588} INFO - Filling up the DagBag from /home/nikita/airflow-setup/ENV/lib/python3.12/site-packages/airflow/example_dags/example_complex.py
[2026-05-04T01:23:47.415+0300] {processor.py:925} INFO - DAG(s) 'example_complex' retrieved from /home/nikita/airflow-setup/ENV/lib/python3.12/site-packages/airflow/example_dags/example_complex.py
[2026-05-04T01:23:47.434+0300] {logging_mixin.py:190} INFO - [2026-05-04T01:23:47.433+0300] {dag.py:3239} INFO - Sync 1 DAGs
[2026-05-04T01:23:47.444+0300] {logging_mixin.py:190} INFO - [2026-05-04T01:23:47.444+0300] {dag.py:4180} INFO - Setting next_dagrun for example_complex to None, run_after=None
[2026-05-04T01:23:47.464+0300] {processor.py:208} INFO - Processing /home/nikita/airflow-setup/ENV/lib/python3.12/site-packages/airflow/example_dags/example_complex.py took 0.066 seconds
[2026-05-04T01:24:55.550+0300] {processor.py:186} INFO - Started process (PID=17947) to work on /home/nikita/airflow-setup/ENV/lib/python3.12/site-packages/airflow/example_dags/example_complex.py
[2026-05-04T01:24:55.558+0300] {processor.py:914} INFO - Processing file /home/nikita/airflow-setup/ENV/lib/python3.12/site-packages/airflow/example_dags/example_complex.py for tasks to queue
[2026-05-04T01:24:55.559+0300] {logging_mixin.py:190} INFO - [2026-05-04T01:24:55.559+0300] {dagbag.py:588} INFO - Filling up the DagBag from /home/nikita/airflow-setup/ENV/lib/python3.12/site-packages/airflow/example_dags/example_complex.py
[2026-05-04T01:24:55.567+0300] {processor.py:925} INFO - DAG(s) 'example_complex' retrieved from /home/nikita/airflow-setup/ENV/lib/python3.12/site-packages/airflow/example_dags/example_complex.py
[2026-05-04T01:24:55.583+0300] {logging_mixin.py:190} INFO - [2026-05-04T01:24:55.583+0300] {dag.py:3239} INFO - Sync 1 DAGs
[2026-05-04T01:24:55.592+0300] {logging_mixin.py:190} INFO - [2026-05-04T01:24:55.592+0300] {dag.py:4180} INFO - Setting next_dagrun for example_complex to None, run_after=None
[2026-05-04T01:24:55.608+0300] {processor.py:208} INFO - Processing /home/nikita/airflow-setup/ENV/lib/python3.12/site-packages/airflow/example_dags/example_complex.py took 0.062 seconds
[2026-05-04T01:26:05.758+0300] {processor.py:186} INFO - Started process (PID=18575) to work on /home/nikita/airflow-setup/ENV/lib/python3.12/site-packages/airflow/example_dags/example_complex.py
[2026-05-04T01:26:05.759+0300] {processor.py:914} INFO - Processing file /home/nikita/airflow-setup/ENV/lib/python3.12/site-packages/airflow/example_dags/example_complex.py for tasks to queue
[2026-05-04T01:26:05.760+0300] {logging_mixin.py:190} INFO - [2026-05-04T01:26:05.760+0300] {dagbag.py:588} INFO - Filling up the DagBag from /home/nikita/airflow-setup/ENV/lib/python3.12/site-packages/airflow/example_dags/example_complex.py
[2026-05-04T01:26:05.769+0300] {processor.py:925} INFO - DAG(s) 'example_complex' retrieved from /home/nikita/airflow-setup/ENV/lib/python3.12/site-packages/airflow/example_dags/example_complex.py
[2026-05-04T01:26:05.787+0300] {logging_mixin.py:190} INFO - [2026-05-04T01:26:05.787+0300] {dag.py:3239} INFO - Sync 1 DAGs
[2026-05-04T01:26:05.798+0300] {logging_mixin.py:190} INFO - [2026-05-04T01:26:05.797+0300] {dag.py:4180} INFO - Setting next_dagrun for example_complex to None, run_after=None
[2026-05-04T01:26:05.930+0300] {processor.py:208} INFO - Processing /home/nikita/airflow-setup/ENV/lib/python3.12/site-packages/airflow/example_dags/example_complex.py took 0.177 seconds
[2026-05-04T01:27:16.866+0300] {processor.py:186} INFO - Started process (PID=19506) to work on /home/nikita/airflow-setup/ENV/lib/python3.12/site-packages/airflow/example_dags/example_complex.py
[2026-05-04T01:27:16.877+0300] {processor.py:914} INFO - Processing file /home/nikita/airflow-setup/ENV/lib/python3.12/site-packages/airflow/example_dags/example_complex.py for tasks to queue
[2026-05-04T01:27:16.879+0300] {logging_mixin.py:190} INFO - [2026-05-04T01:27:16.878+0300] {dagbag.py:588} INFO - Filling up the DagBag from /home/nikita/airflow-setup/ENV/lib/python3.12/site-packages/airflow/example_dags/example_complex.py
[2026-05-04T01:27:16.898+0300] {processor.py:925} INFO - DAG(s) 'example_complex' retrieved from /home/nikita/airflow-setup/ENV/lib/python3.12/site-packages/airflow/example_dags/example_complex.py
[2026-05-04T01:27:16.926+0300] {logging_mixin.py:190} INFO - [2026-05-04T01:27:16.926+0300] {dag.py:3239} INFO - Sync 1 DAGs
[2026-05-04T01:27:16.946+0300] {logging_mixin.py:190} INFO - [2026-05-04T01:27:16.945+0300] {dag.py:4180} INFO - Setting next_dagrun for example_complex to None, run_after=None
[2026-05-04T01:27:16.966+0300] {processor.py:208} INFO - Processing /home/nikita/airflow-setup/ENV/lib/python3.12/site-packages/airflow/example_dags/example_complex.py took 0.105 seconds
[2026-05-04T01:28:28.664+0300] {processor.py:186} INFO - Started process (PID=19777) to work on /home/nikita/airflow-setup/ENV/lib/python3.12/site-packages/airflow/example_dags/example_complex.py
[2026-05-04T01:28:28.674+0300] {processor.py:914} INFO - Processing file /home/nikita/airflow-setup/ENV/lib/python3.12/site-packages/airflow/example_dags/example_complex.py for tasks to queue
[2026-05-04T01:28:28.675+0300] {logging_mixin.py:190} INFO - [2026-05-04T01:28:28.675+0300] {dagbag.py:588} INFO - Filling up the DagBag from /home/nikita/airflow-setup/ENV/lib/python3.12/site-packages/airflow/example_dags/example_complex.py
[2026-05-04T01:28:28.684+0300] {processor.py:925} INFO - DAG(s) 'example_complex' retrieved from /home/nikita/airflow-setup/ENV/lib/python3.12/site-packages/airflow/example_dags/example_complex.py
[2026-05-04T01:28:28.701+0300] {logging_mixin.py:190} INFO - [2026-05-04T01:28:28.701+0300] {dag.py:3239} INFO - Sync 1 DAGs
[2026-05-04T01:28:28.712+0300] {logging_mixin.py:190} INFO - [2026-05-04T01:28:28.711+0300] {dag.py:4180} INFO - Setting next_dagrun for example_complex to None, run_after=None
[2026-05-04T01:28:28.728+0300] {processor.py:208} INFO - Processing /home/nikita/airflow-setup/ENV/lib/python3.12/site-packages/airflow/example_dags/example_complex.py took 0.068 seconds
[2026-05-04T01:29:37.801+0300] {processor.py:186} INFO - Started process (PID=20039) to work on /home/nikita/airflow-setup/ENV/lib/python3.12/site-packages/airflow/example_dags/example_complex.py
[2026-05-04T01:29:37.811+0300] {processor.py:914} INFO - Processing file /home/nikita/airflow-setup/ENV/lib/python3.12/site-packages/airflow/example_dags/example_complex.py for tasks to queue
[2026-05-04T01:29:37.812+0300] {logging_mixin.py:190} INFO - [2026-05-04T01:29:37.812+0300] {dagbag.py:588} INFO - Filling up the DagBag from /home/nikita/airflow-setup/ENV/lib/python3.12/site-packages/airflow/example_dags/example_complex.py
[2026-05-04T01:29:37.821+0300] {processor.py:925} INFO - DAG(s) 'example_complex' retrieved from /home/nikita/airflow-setup/ENV/lib/python3.12/site-packages/airflow/example_dags/example_complex.py
[2026-05-04T01:29:37.838+0300] {logging_mixin.py:190} INFO - [2026-05-04T01:29:37.838+0300] {dag.py:3239} INFO - Sync 1 DAGs
[2026-05-04T01:29:37.973+0300] {logging_mixin.py:190} INFO - [2026-05-04T01:29:37.972+0300] {dag.py:4180} INFO - Setting next_dagrun for example_complex to None, run_after=None
[2026-05-04T01:29:37.988+0300] {processor.py:208} INFO - Processing /home/nikita/airflow-setup/ENV/lib/python3.12/site-packages/airflow/example_dags/example_complex.py took 0.191 seconds
[2026-05-04T01:30:50.527+0300] {processor.py:186} INFO - Started process (PID=20310) to work on /home/nikita/airflow-setup/ENV/lib/python3.12/site-packages/airflow/example_dags/example_complex.py
[2026-05-04T01:30:50.536+0300] {processor.py:914} INFO - Processing file /home/nikita/airflow-setup/ENV/lib/python3.12/site-packages/airflow/example_dags/example_complex.py for tasks to queue
[2026-05-04T01:30:50.537+0300] {logging_mixin.py:190} INFO - [2026-05-04T01:30:50.536+0300] {dagbag.py:588} INFO - Filling up the DagBag from /home/nikita/airflow-setup/ENV/lib/python3.12/site-packages/airflow/example_dags/example_complex.py
[2026-05-04T01:30:50.546+0300] {processor.py:925} INFO - DAG(s) 'example_complex' retrieved from /home/nikita/airflow-setup/ENV/lib/python3.12/site-packages/airflow/example_dags/example_complex.py
[2026-05-04T01:30:50.564+0300] {logging_mixin.py:190} INFO - [2026-05-04T01:30:50.564+0300] {dag.py:3239} INFO - Sync 1 DAGs
[2026-05-04T01:30:50.576+0300] {logging_mixin.py:190} INFO - [2026-05-04T01:30:50.575+0300] {dag.py:4180} INFO - Setting next_dagrun for example_complex to None, run_after=None
[2026-05-04T01:30:50.735+0300] {processor.py:208} INFO - Processing /home/nikita/airflow-setup/ENV/lib/python3.12/site-packages/airflow/example_dags/example_complex.py took 0.213 seconds
[2026-05-04T01:32:11.294+0300] {processor.py:186} INFO - Started process (PID=20608) to work on /home/nikita/airflow-setup/ENV/lib/python3.12/site-packages/airflow/example_dags/example_complex.py
[2026-05-04T01:32:11.303+0300] {processor.py:914} INFO - Processing file /home/nikita/airflow-setup/ENV/lib/python3.12/site-packages/airflow/example_dags/example_complex.py for tasks to queue
[2026-05-04T01:32:11.304+0300] {logging_mixin.py:190} INFO - [2026-05-04T01:32:11.303+0300] {dagbag.py:588} INFO - Filling up the DagBag from /home/nikita/airflow-setup/ENV/lib/python3.12/site-packages/airflow/example_dags/example_complex.py
[2026-05-04T01:32:11.312+0300] {processor.py:925} INFO - DAG(s) 'example_complex' retrieved from /home/nikita/airflow-setup/ENV/lib/python3.12/site-packages/airflow/example_dags/example_complex.py
[2026-05-04T01:32:11.328+0300] {logging_mixin.py:190} INFO - [2026-05-04T01:32:11.328+0300] {dag.py:3239} INFO - Sync 1 DAGs
[2026-05-04T01:32:11.336+0300] {logging_mixin.py:190} INFO - [2026-05-04T01:32:11.336+0300] {dag.py:4180} INFO - Setting next_dagrun for example_complex to None, run_after=None
[2026-05-04T01:32:11.353+0300] {processor.py:208} INFO - Processing /home/nikita/airflow-setup/ENV/lib/python3.12/site-packages/airflow/example_dags/example_complex.py took 0.063 seconds
[2026-05-04T01:33:21.721+0300] {processor.py:186} INFO - Started process (PID=21020) to work on /home/nikita/airflow-setup/ENV/lib/python3.12/site-packages/airflow/example_dags/example_complex.py
[2026-05-04T01:33:21.730+0300] {processor.py:914} INFO - Processing file /home/nikita/airflow-setup/ENV/lib/python3.12/site-packages/airflow/example_dags/example_complex.py for tasks to queue
[2026-05-04T01:33:21.731+0300] {logging_mixin.py:190} INFO - [2026-05-04T01:33:21.731+0300] {dagbag.py:588} INFO - Filling up the DagBag from /home/nikita/airflow-setup/ENV/lib/python3.12/site-packages/airflow/example_dags/example_complex.py
[2026-05-04T01:33:21.739+0300] {processor.py:925} INFO - DAG(s) 'example_complex' retrieved from /home/nikita/airflow-setup/ENV/lib/python3.12/site-packages/airflow/example_dags/example_complex.py
[2026-05-04T01:33:21.755+0300] {logging_mixin.py:190} INFO - [2026-05-04T01:33:21.755+0300] {dag.py:3239} INFO - Sync 1 DAGs
[2026-05-04T01:33:21.764+0300] {logging_mixin.py:190} INFO - [2026-05-04T01:33:21.764+0300] {dag.py:4180} INFO - Setting next_dagrun for example_complex to None, run_after=None
[2026-05-04T01:33:21.780+0300] {processor.py:208} INFO - Processing /home/nikita/airflow-setup/ENV/lib/python3.12/site-packages/airflow/example_dags/example_complex.py took 0.063 seconds
[2026-05-04T01:34:24.676+0300] {processor.py:186} INFO - Started process (PID=21392) to work on /home/nikita/airflow-setup/ENV/lib/python3.12/site-packages/airflow/example_dags/example_complex.py
[2026-05-04T01:34:24.677+0300] {processor.py:914} INFO - Processing file /home/nikita/airflow-setup/ENV/lib/python3.12/site-packages/airflow/example_dags/example_complex.py for tasks to queue
[2026-05-04T01:34:24.678+0300] {logging_mixin.py:190} INFO - [2026-05-04T01:34:24.678+0300] {dagbag.py:588} INFO - Filling up the DagBag from /home/nikita/airflow-setup/ENV/lib/python3.12/site-packages/airflow/example_dags/example_complex.py
[2026-05-04T01:34:24.687+0300] {processor.py:925} INFO - DAG(s) 'example_complex' retrieved from /home/nikita/airflow-setup/ENV/lib/python3.12/site-packages/airflow/example_dags/example_complex.py
[2026-05-04T01:34:24.704+0300] {logging_mixin.py:190} INFO - [2026-05-04T01:34:24.704+0300] {dag.py:3239} INFO - Sync 1 DAGs
[2026-05-04T01:34:24.713+0300] {logging_mixin.py:190} INFO - [2026-05-04T01:34:24.713+0300] {dag.py:4180} INFO - Setting next_dagrun for example_complex to None, run_after=None
[2026-05-04T01:34:24.730+0300] {processor.py:208} INFO - Processing /home/nikita/airflow-setup/ENV/lib/python3.12/site-packages/airflow/example_dags/example_complex.py took 0.058 seconds
[2026-05-04T01:35:29.016+0300] {processor.py:186} INFO - Started process (PID=21640) to work on /home/nikita/airflow-setup/ENV/lib/python3.12/site-packages/airflow/example_dags/example_complex.py
[2026-05-04T01:35:29.018+0300] {processor.py:914} INFO - Processing file /home/nikita/airflow-setup/ENV/lib/python3.12/site-packages/airflow/example_dags/example_complex.py for tasks to queue
[2026-05-04T01:35:29.019+0300] {logging_mixin.py:190} INFO - [2026-05-04T01:35:29.019+0300] {dagbag.py:588} INFO - Filling up the DagBag from /home/nikita/airflow-setup/ENV/lib/python3.12/site-packages/airflow/example_dags/example_complex.py
[2026-05-04T01:35:29.027+0300] {processor.py:925} INFO - DAG(s) 'example_complex' retrieved from /home/nikita/airflow-setup/ENV/lib/python3.12/site-packages/airflow/example_dags/example_complex.py
[2026-05-04T01:35:29.043+0300] {logging_mixin.py:190} INFO - [2026-05-04T01:35:29.043+0300] {dag.py:3239} INFO - Sync 1 DAGs
[2026-05-04T01:35:29.052+0300] {logging_mixin.py:190} INFO - [2026-05-04T01:35:29.052+0300] {dag.py:4180} INFO - Setting next_dagrun for example_complex to None, run_after=None
[2026-05-04T01:35:29.069+0300] {processor.py:208} INFO - Processing /home/nikita/airflow-setup/ENV/lib/python3.12/site-packages/airflow/example_dags/example_complex.py took 0.057 seconds
