[2026-05-04T00:46:13.646+0300] {processor.py:186} INFO - Started process (PID=5973) to work on /home/nikita/airflow-setup/ENV/lib/python3.12/site-packages/airflow/example_dags/example_nested_branch_dag.py
[2026-05-04T00:46:13.647+0300] {processor.py:914} INFO - Processing file /home/nikita/airflow-setup/ENV/lib/python3.12/site-packages/airflow/example_dags/example_nested_branch_dag.py for tasks to queue
[2026-05-04T00:46:13.651+0300] {logging_mixin.py:190} INFO - [2026-05-04T00:46:13.650+0300] {dagbag.py:588} INFO - Filling up the DagBag from /home/nikita/airflow-setup/ENV/lib/python3.12/site-packages/airflow/example_dags/example_nested_branch_dag.py
[2026-05-04T00:46:13.669+0300] {processor.py:925} INFO - DAG(s) 'example_nested_branch_dag' retrieved from /home/nikita/airflow-setup/ENV/lib/python3.12/site-packages/airflow/example_dags/example_nested_branch_dag.py
[2026-05-04T00:46:13.813+0300] {logging_mixin.py:190} INFO - [2026-05-04T00:46:13.812+0300] {override.py:1930} INFO - Created Permission View: can read on DAG:example_nested_branch_dag
[2026-05-04T00:46:13.822+0300] {logging_mixin.py:190} INFO - [2026-05-04T00:46:13.822+0300] {override.py:1930} INFO - Created Permission View: can delete on DAG:example_nested_branch_dag
[2026-05-04T00:46:13.830+0300] {logging_mixin.py:190} INFO - [2026-05-04T00:46:13.830+0300] {override.py:1930} INFO - Created Permission View: can edit on DAG:example_nested_branch_dag
[2026-05-04T00:46:13.841+0300] {logging_mixin.py:190} INFO - [2026-05-04T00:46:13.841+0300] {override.py:1930} INFO - Created Permission View: can read on DAG Run:example_nested_branch_dag
[2026-05-04T00:46:13.848+0300] {logging_mixin.py:190} INFO - [2026-05-04T00:46:13.848+0300] {override.py:1930} INFO - Created Permission View: can delete on DAG Run:example_nested_branch_dag
[2026-05-04T00:46:13.855+0300] {logging_mixin.py:190} INFO - [2026-05-04T00:46:13.854+0300] {override.py:1930} INFO - Created Permission View: menu access on DAG Run:example_nested_branch_dag
[2026-05-04T00:46:13.861+0300] {logging_mixin.py:190} INFO - [2026-05-04T00:46:13.861+0300] {override.py:1930} INFO - Created Permission View: can create on DAG Run:example_nested_branch_dag
[2026-05-04T00:46:13.861+0300] {logging_mixin.py:190} INFO - [2026-05-04T00:46:13.861+0300] {dag.py:3239} INFO - Sync 1 DAGs
[2026-05-04T00:46:13.869+0300] {logging_mixin.py:190} INFO - [2026-05-04T00:46:13.869+0300] {dag.py:3262} INFO - Creating ORM DAG for example_nested_branch_dag
[2026-05-04T00:46:13.877+0300] {logging_mixin.py:190} INFO - [2026-05-04T00:46:13.876+0300] {dag.py:4180} INFO - Setting next_dagrun for example_nested_branch_dag to 2026-05-02 00:00:00+00:00, run_after=2026-05-03 00:00:00+00:00
[2026-05-04T00:46:13.896+0300] {processor.py:208} INFO - Processing /home/nikita/airflow-setup/ENV/lib/python3.12/site-packages/airflow/example_dags/example_nested_branch_dag.py took 0.257 seconds
[2026-05-04T00:47:22.037+0300] {processor.py:186} INFO - Started process (PID=6051) to work on /home/nikita/airflow-setup/ENV/lib/python3.12/site-packages/airflow/example_dags/example_nested_branch_dag.py
[2026-05-04T00:47:22.046+0300] {processor.py:914} INFO - Processing file /home/nikita/airflow-setup/ENV/lib/python3.12/site-packages/airflow/example_dags/example_nested_branch_dag.py for tasks to queue
[2026-05-04T00:47:22.048+0300] {logging_mixin.py:190} INFO - [2026-05-04T00:47:22.048+0300] {dagbag.py:588} INFO - Filling up the DagBag from /home/nikita/airflow-setup/ENV/lib/python3.12/site-packages/airflow/example_dags/example_nested_branch_dag.py
[2026-05-04T00:47:22.057+0300] {processor.py:925} INFO - DAG(s) 'example_nested_branch_dag' retrieved from /home/nikita/airflow-setup/ENV/lib/python3.12/site-packages/airflow/example_dags/example_nested_branch_dag.py
[2026-05-04T00:47:22.069+0300] {logging_mixin.py:190} INFO - [2026-05-04T00:47:22.069+0300] {dag.py:3239} INFO - Sync 1 DAGs
[2026-05-04T00:47:22.084+0300] {logging_mixin.py:190} INFO - [2026-05-04T00:47:22.083+0300] {dag.py:4180} INFO - Setting next_dagrun for example_nested_branch_dag to 2026-05-02 00:00:00+00:00, run_after=2026-05-03 00:00:00+00:00
[2026-05-04T00:47:22.100+0300] {processor.py:208} INFO - Processing /home/nikita/airflow-setup/ENV/lib/python3.12/site-packages/airflow/example_dags/example_nested_branch_dag.py took 0.067 seconds
[2026-05-04T00:48:21.131+0300] {processor.py:186} INFO - Started process (PID=6108) to work on /home/nikita/airflow-setup/ENV/lib/python3.12/site-packages/airflow/example_dags/example_nested_branch_dag.py
[2026-05-04T00:48:21.141+0300] {processor.py:914} INFO - Processing file /home/nikita/airflow-setup/ENV/lib/python3.12/site-packages/airflow/example_dags/example_nested_branch_dag.py for tasks to queue
[2026-05-04T00:48:21.143+0300] {logging_mixin.py:190} INFO - [2026-05-04T00:48:21.142+0300] {dagbag.py:588} INFO - Filling up the DagBag from /home/nikita/airflow-setup/ENV/lib/python3.12/site-packages/airflow/example_dags/example_nested_branch_dag.py
[2026-05-04T00:48:21.152+0300] {processor.py:925} INFO - DAG(s) 'example_nested_branch_dag' retrieved from /home/nikita/airflow-setup/ENV/lib/python3.12/site-packages/airflow/example_dags/example_nested_branch_dag.py
[2026-05-04T00:48:21.165+0300] {logging_mixin.py:190} INFO - [2026-05-04T00:48:21.165+0300] {dag.py:3239} INFO - Sync 1 DAGs
[2026-05-04T00:48:21.178+0300] {logging_mixin.py:190} INFO - [2026-05-04T00:48:21.178+0300] {dag.py:4180} INFO - Setting next_dagrun for example_nested_branch_dag to 2026-05-02 00:00:00+00:00, run_after=2026-05-03 00:00:00+00:00
[2026-05-04T00:48:21.194+0300] {processor.py:208} INFO - Processing /home/nikita/airflow-setup/ENV/lib/python3.12/site-packages/airflow/example_dags/example_nested_branch_dag.py took 0.067 seconds
[2026-05-04T00:49:21.685+0300] {processor.py:186} INFO - Started process (PID=6166) to work on /home/nikita/airflow-setup/ENV/lib/python3.12/site-packages/airflow/example_dags/example_nested_branch_dag.py
[2026-05-04T00:49:21.694+0300] {processor.py:914} INFO - Processing file /home/nikita/airflow-setup/ENV/lib/python3.12/site-packages/airflow/example_dags/example_nested_branch_dag.py for tasks to queue
[2026-05-04T00:49:21.696+0300] {logging_mixin.py:190} INFO - [2026-05-04T00:49:21.696+0300] {dagbag.py:588} INFO - Filling up the DagBag from /home/nikita/airflow-setup/ENV/lib/python3.12/site-packages/airflow/example_dags/example_nested_branch_dag.py
[2026-05-04T00:49:21.704+0300] {processor.py:925} INFO - DAG(s) 'example_nested_branch_dag' retrieved from /home/nikita/airflow-setup/ENV/lib/python3.12/site-packages/airflow/example_dags/example_nested_branch_dag.py
[2026-05-04T00:49:21.715+0300] {logging_mixin.py:190} INFO - [2026-05-04T00:49:21.715+0300] {dag.py:3239} INFO - Sync 1 DAGs
[2026-05-04T00:49:21.730+0300] {logging_mixin.py:190} INFO - [2026-05-04T00:49:21.730+0300] {dag.py:4180} INFO - Setting next_dagrun for example_nested_branch_dag to 2026-05-02 00:00:00+00:00, run_after=2026-05-03 00:00:00+00:00
[2026-05-04T00:49:21.746+0300] {processor.py:208} INFO - Processing /home/nikita/airflow-setup/ENV/lib/python3.12/site-packages/airflow/example_dags/example_nested_branch_dag.py took 0.065 seconds
[2026-05-04T00:50:18.523+0300] {processor.py:186} INFO - Started process (PID=6228) to work on /home/nikita/airflow-setup/ENV/lib/python3.12/site-packages/airflow/example_dags/example_nested_branch_dag.py
[2026-05-04T00:50:18.525+0300] {processor.py:914} INFO - Processing file /home/nikita/airflow-setup/ENV/lib/python3.12/site-packages/airflow/example_dags/example_nested_branch_dag.py for tasks to queue
[2026-05-04T00:50:18.527+0300] {logging_mixin.py:190} INFO - [2026-05-04T00:50:18.526+0300] {dagbag.py:588} INFO - Filling up the DagBag from /home/nikita/airflow-setup/ENV/lib/python3.12/site-packages/airflow/example_dags/example_nested_branch_dag.py
[2026-05-04T00:50:18.537+0300] {processor.py:925} INFO - DAG(s) 'example_nested_branch_dag' retrieved from /home/nikita/airflow-setup/ENV/lib/python3.12/site-packages/airflow/example_dags/example_nested_branch_dag.py
[2026-05-04T00:50:18.550+0300] {logging_mixin.py:190} INFO - [2026-05-04T00:50:18.550+0300] {dag.py:3239} INFO - Sync 1 DAGs
[2026-05-04T00:50:18.566+0300] {logging_mixin.py:190} INFO - [2026-05-04T00:50:18.566+0300] {dag.py:4180} INFO - Setting next_dagrun for example_nested_branch_dag to 2026-05-02 00:00:00+00:00, run_after=2026-05-03 00:00:00+00:00
[2026-05-04T00:50:18.584+0300] {processor.py:208} INFO - Processing /home/nikita/airflow-setup/ENV/lib/python3.12/site-packages/airflow/example_dags/example_nested_branch_dag.py took 0.065 seconds
[2026-05-04T00:51:17.581+0300] {processor.py:186} INFO - Started process (PID=6305) to work on /home/nikita/airflow-setup/ENV/lib/python3.12/site-packages/airflow/example_dags/example_nested_branch_dag.py
[2026-05-04T00:51:17.590+0300] {processor.py:914} INFO - Processing file /home/nikita/airflow-setup/ENV/lib/python3.12/site-packages/airflow/example_dags/example_nested_branch_dag.py for tasks to queue
[2026-05-04T00:51:17.592+0300] {logging_mixin.py:190} INFO - [2026-05-04T00:51:17.592+0300] {dagbag.py:588} INFO - Filling up the DagBag from /home/nikita/airflow-setup/ENV/lib/python3.12/site-packages/airflow/example_dags/example_nested_branch_dag.py
[2026-05-04T00:51:17.601+0300] {processor.py:925} INFO - DAG(s) 'example_nested_branch_dag' retrieved from /home/nikita/airflow-setup/ENV/lib/python3.12/site-packages/airflow/example_dags/example_nested_branch_dag.py
[2026-05-04T00:51:17.613+0300] {logging_mixin.py:190} INFO - [2026-05-04T00:51:17.613+0300] {dag.py:3239} INFO - Sync 1 DAGs
[2026-05-04T00:51:17.627+0300] {logging_mixin.py:190} INFO - [2026-05-04T00:51:17.627+0300] {dag.py:4180} INFO - Setting next_dagrun for example_nested_branch_dag to 2026-05-02 00:00:00+00:00, run_after=2026-05-03 00:00:00+00:00
[2026-05-04T00:51:17.648+0300] {processor.py:208} INFO - Processing /home/nikita/airflow-setup/ENV/lib/python3.12/site-packages/airflow/example_dags/example_nested_branch_dag.py took 0.071 seconds
[2026-05-04T00:52:14.016+0300] {processor.py:186} INFO - Started process (PID=6359) to work on /home/nikita/airflow-setup/ENV/lib/python3.12/site-packages/airflow/example_dags/example_nested_branch_dag.py
[2026-05-04T00:52:14.018+0300] {processor.py:914} INFO - Processing file /home/nikita/airflow-setup/ENV/lib/python3.12/site-packages/airflow/example_dags/example_nested_branch_dag.py for tasks to queue
[2026-05-04T00:52:14.021+0300] {logging_mixin.py:190} INFO - [2026-05-04T00:52:14.020+0300] {dagbag.py:588} INFO - Filling up the DagBag from /home/nikita/airflow-setup/ENV/lib/python3.12/site-packages/airflow/example_dags/example_nested_branch_dag.py
[2026-05-04T00:52:14.035+0300] {processor.py:925} INFO - DAG(s) 'example_nested_branch_dag' retrieved from /home/nikita/airflow-setup/ENV/lib/python3.12/site-packages/airflow/example_dags/example_nested_branch_dag.py
[2026-05-04T00:52:14.050+0300] {logging_mixin.py:190} INFO - [2026-05-04T00:52:14.049+0300] {dag.py:3239} INFO - Sync 1 DAGs
[2026-05-04T00:52:14.079+0300] {logging_mixin.py:190} INFO - [2026-05-04T00:52:14.078+0300] {dag.py:4180} INFO - Setting next_dagrun for example_nested_branch_dag to 2026-05-02 00:00:00+00:00, run_after=2026-05-03 00:00:00+00:00
[2026-05-04T00:52:14.105+0300] {processor.py:208} INFO - Processing /home/nikita/airflow-setup/ENV/lib/python3.12/site-packages/airflow/example_dags/example_nested_branch_dag.py took 0.094 seconds
[2026-05-04T00:53:15.991+0300] {processor.py:186} INFO - Started process (PID=6438) to work on /home/nikita/airflow-setup/ENV/lib/python3.12/site-packages/airflow/example_dags/example_nested_branch_dag.py
[2026-05-04T00:53:15.992+0300] {processor.py:914} INFO - Processing file /home/nikita/airflow-setup/ENV/lib/python3.12/site-packages/airflow/example_dags/example_nested_branch_dag.py for tasks to queue
[2026-05-04T00:53:15.994+0300] {logging_mixin.py:190} INFO - [2026-05-04T00:53:15.994+0300] {dagbag.py:588} INFO - Filling up the DagBag from /home/nikita/airflow-setup/ENV/lib/python3.12/site-packages/airflow/example_dags/example_nested_branch_dag.py
[2026-05-04T00:53:16.003+0300] {processor.py:925} INFO - DAG(s) 'example_nested_branch_dag' retrieved from /home/nikita/airflow-setup/ENV/lib/python3.12/site-packages/airflow/example_dags/example_nested_branch_dag.py
[2026-05-04T00:53:16.014+0300] {logging_mixin.py:190} INFO - [2026-05-04T00:53:16.014+0300] {dag.py:3239} INFO - Sync 1 DAGs
[2026-05-04T00:53:16.030+0300] {logging_mixin.py:190} INFO - [2026-05-04T00:53:16.030+0300] {dag.py:4180} INFO - Setting next_dagrun for example_nested_branch_dag to 2026-05-02 00:00:00+00:00, run_after=2026-05-03 00:00:00+00:00
[2026-05-04T00:53:16.048+0300] {processor.py:208} INFO - Processing /home/nikita/airflow-setup/ENV/lib/python3.12/site-packages/airflow/example_dags/example_nested_branch_dag.py took 0.061 seconds
[2026-05-04T00:54:15.144+0300] {processor.py:186} INFO - Started process (PID=6495) to work on /home/nikita/airflow-setup/ENV/lib/python3.12/site-packages/airflow/example_dags/example_nested_branch_dag.py
[2026-05-04T00:54:15.145+0300] {processor.py:914} INFO - Processing file /home/nikita/airflow-setup/ENV/lib/python3.12/site-packages/airflow/example_dags/example_nested_branch_dag.py for tasks to queue
[2026-05-04T00:54:15.147+0300] {logging_mixin.py:190} INFO - [2026-05-04T00:54:15.147+0300] {dagbag.py:588} INFO - Filling up the DagBag from /home/nikita/airflow-setup/ENV/lib/python3.12/site-packages/airflow/example_dags/example_nested_branch_dag.py
[2026-05-04T00:54:15.159+0300] {processor.py:925} INFO - DAG(s) 'example_nested_branch_dag' retrieved from /home/nikita/airflow-setup/ENV/lib/python3.12/site-packages/airflow/example_dags/example_nested_branch_dag.py
[2026-05-04T00:54:15.172+0300] {logging_mixin.py:190} INFO - [2026-05-04T00:54:15.172+0300] {dag.py:3239} INFO - Sync 1 DAGs
[2026-05-04T00:54:15.188+0300] {logging_mixin.py:190} INFO - [2026-05-04T00:54:15.188+0300] {dag.py:4180} INFO - Setting next_dagrun for example_nested_branch_dag to 2026-05-02 00:00:00+00:00, run_after=2026-05-03 00:00:00+00:00
[2026-05-04T00:54:15.207+0300] {processor.py:208} INFO - Processing /home/nikita/airflow-setup/ENV/lib/python3.12/site-packages/airflow/example_dags/example_nested_branch_dag.py took 0.069 seconds
[2026-05-04T00:55:19.167+0300] {processor.py:186} INFO - Started process (PID=6564) to work on /home/nikita/airflow-setup/ENV/lib/python3.12/site-packages/airflow/example_dags/example_nested_branch_dag.py
[2026-05-04T00:55:19.175+0300] {processor.py:914} INFO - Processing file /home/nikita/airflow-setup/ENV/lib/python3.12/site-packages/airflow/example_dags/example_nested_branch_dag.py for tasks to queue
[2026-05-04T00:55:19.177+0300] {logging_mixin.py:190} INFO - [2026-05-04T00:55:19.176+0300] {dagbag.py:588} INFO - Filling up the DagBag from /home/nikita/airflow-setup/ENV/lib/python3.12/site-packages/airflow/example_dags/example_nested_branch_dag.py
[2026-05-04T00:55:19.186+0300] {processor.py:925} INFO - DAG(s) 'example_nested_branch_dag' retrieved from /home/nikita/airflow-setup/ENV/lib/python3.12/site-packages/airflow/example_dags/example_nested_branch_dag.py
[2026-05-04T00:55:19.198+0300] {logging_mixin.py:190} INFO - [2026-05-04T00:55:19.198+0300] {dag.py:3239} INFO - Sync 1 DAGs
[2026-05-04T00:55:19.212+0300] {logging_mixin.py:190} INFO - [2026-05-04T00:55:19.212+0300] {dag.py:4180} INFO - Setting next_dagrun for example_nested_branch_dag to 2026-05-02 00:00:00+00:00, run_after=2026-05-03 00:00:00+00:00
[2026-05-04T00:55:19.228+0300] {processor.py:208} INFO - Processing /home/nikita/airflow-setup/ENV/lib/python3.12/site-packages/airflow/example_dags/example_nested_branch_dag.py took 0.066 seconds
[2026-05-04T00:56:18.971+0300] {processor.py:186} INFO - Started process (PID=6623) to work on /home/nikita/airflow-setup/ENV/lib/python3.12/site-packages/airflow/example_dags/example_nested_branch_dag.py
[2026-05-04T00:56:18.973+0300] {processor.py:914} INFO - Processing file /home/nikita/airflow-setup/ENV/lib/python3.12/site-packages/airflow/example_dags/example_nested_branch_dag.py for tasks to queue
[2026-05-04T00:56:18.975+0300] {logging_mixin.py:190} INFO - [2026-05-04T00:56:18.974+0300] {dagbag.py:588} INFO - Filling up the DagBag from /home/nikita/airflow-setup/ENV/lib/python3.12/site-packages/airflow/example_dags/example_nested_branch_dag.py
[2026-05-04T00:56:18.985+0300] {processor.py:925} INFO - DAG(s) 'example_nested_branch_dag' retrieved from /home/nikita/airflow-setup/ENV/lib/python3.12/site-packages/airflow/example_dags/example_nested_branch_dag.py
[2026-05-04T00:56:19.004+0300] {logging_mixin.py:190} INFO - [2026-05-04T00:56:19.003+0300] {dag.py:3239} INFO - Sync 1 DAGs
[2026-05-04T00:56:19.028+0300] {logging_mixin.py:190} INFO - [2026-05-04T00:56:19.027+0300] {dag.py:4180} INFO - Setting next_dagrun for example_nested_branch_dag to 2026-05-02 00:00:00+00:00, run_after=2026-05-03 00:00:00+00:00
[2026-05-04T00:56:19.049+0300] {processor.py:208} INFO - Processing /home/nikita/airflow-setup/ENV/lib/python3.12/site-packages/airflow/example_dags/example_nested_branch_dag.py took 0.084 seconds
[2026-05-04T00:57:17.061+0300] {processor.py:186} INFO - Started process (PID=7021) to work on /home/nikita/airflow-setup/ENV/lib/python3.12/site-packages/airflow/example_dags/example_nested_branch_dag.py
[2026-05-04T00:57:17.063+0300] {processor.py:914} INFO - Processing file /home/nikita/airflow-setup/ENV/lib/python3.12/site-packages/airflow/example_dags/example_nested_branch_dag.py for tasks to queue
[2026-05-04T00:57:17.065+0300] {logging_mixin.py:190} INFO - [2026-05-04T00:57:17.065+0300] {dagbag.py:588} INFO - Filling up the DagBag from /home/nikita/airflow-setup/ENV/lib/python3.12/site-packages/airflow/example_dags/example_nested_branch_dag.py
[2026-05-04T00:57:17.077+0300] {processor.py:925} INFO - DAG(s) 'example_nested_branch_dag' retrieved from /home/nikita/airflow-setup/ENV/lib/python3.12/site-packages/airflow/example_dags/example_nested_branch_dag.py
[2026-05-04T00:57:17.092+0300] {logging_mixin.py:190} INFO - [2026-05-04T00:57:17.092+0300] {dag.py:3239} INFO - Sync 1 DAGs
[2026-05-04T00:57:17.109+0300] {logging_mixin.py:190} INFO - [2026-05-04T00:57:17.109+0300] {dag.py:4180} INFO - Setting next_dagrun for example_nested_branch_dag to 2026-05-02 00:00:00+00:00, run_after=2026-05-03 00:00:00+00:00
[2026-05-04T00:57:17.127+0300] {processor.py:208} INFO - Processing /home/nikita/airflow-setup/ENV/lib/python3.12/site-packages/airflow/example_dags/example_nested_branch_dag.py took 0.071 seconds
[2026-05-04T00:58:17.416+0300] {processor.py:186} INFO - Started process (PID=7254) to work on /home/nikita/airflow-setup/ENV/lib/python3.12/site-packages/airflow/example_dags/example_nested_branch_dag.py
[2026-05-04T00:58:17.425+0300] {processor.py:914} INFO - Processing file /home/nikita/airflow-setup/ENV/lib/python3.12/site-packages/airflow/example_dags/example_nested_branch_dag.py for tasks to queue
[2026-05-04T00:58:17.427+0300] {logging_mixin.py:190} INFO - [2026-05-04T00:58:17.427+0300] {dagbag.py:588} INFO - Filling up the DagBag from /home/nikita/airflow-setup/ENV/lib/python3.12/site-packages/airflow/example_dags/example_nested_branch_dag.py
[2026-05-04T00:58:17.436+0300] {processor.py:925} INFO - DAG(s) 'example_nested_branch_dag' retrieved from /home/nikita/airflow-setup/ENV/lib/python3.12/site-packages/airflow/example_dags/example_nested_branch_dag.py
[2026-05-04T00:58:17.447+0300] {logging_mixin.py:190} INFO - [2026-05-04T00:58:17.447+0300] {dag.py:3239} INFO - Sync 1 DAGs
[2026-05-04T00:58:17.461+0300] {logging_mixin.py:190} INFO - [2026-05-04T00:58:17.460+0300] {dag.py:4180} INFO - Setting next_dagrun for example_nested_branch_dag to 2026-05-02 00:00:00+00:00, run_after=2026-05-03 00:00:00+00:00
[2026-05-04T00:58:17.477+0300] {processor.py:208} INFO - Processing /home/nikita/airflow-setup/ENV/lib/python3.12/site-packages/airflow/example_dags/example_nested_branch_dag.py took 0.065 seconds
[2026-05-04T00:59:14.289+0300] {processor.py:186} INFO - Started process (PID=7481) to work on /home/nikita/airflow-setup/ENV/lib/python3.12/site-packages/airflow/example_dags/example_nested_branch_dag.py
[2026-05-04T00:59:14.298+0300] {processor.py:914} INFO - Processing file /home/nikita/airflow-setup/ENV/lib/python3.12/site-packages/airflow/example_dags/example_nested_branch_dag.py for tasks to queue
[2026-05-04T00:59:14.301+0300] {logging_mixin.py:190} INFO - [2026-05-04T00:59:14.301+0300] {dagbag.py:588} INFO - Filling up the DagBag from /home/nikita/airflow-setup/ENV/lib/python3.12/site-packages/airflow/example_dags/example_nested_branch_dag.py
[2026-05-04T00:59:14.313+0300] {processor.py:925} INFO - DAG(s) 'example_nested_branch_dag' retrieved from /home/nikita/airflow-setup/ENV/lib/python3.12/site-packages/airflow/example_dags/example_nested_branch_dag.py
[2026-05-04T00:59:14.328+0300] {logging_mixin.py:190} INFO - [2026-05-04T00:59:14.328+0300] {dag.py:3239} INFO - Sync 1 DAGs
[2026-05-04T00:59:14.345+0300] {logging_mixin.py:190} INFO - [2026-05-04T00:59:14.345+0300] {dag.py:4180} INFO - Setting next_dagrun for example_nested_branch_dag to 2026-05-02 00:00:00+00:00, run_after=2026-05-03 00:00:00+00:00
[2026-05-04T00:59:14.365+0300] {processor.py:208} INFO - Processing /home/nikita/airflow-setup/ENV/lib/python3.12/site-packages/airflow/example_dags/example_nested_branch_dag.py took 0.082 seconds
[2026-05-04T01:00:13.679+0300] {processor.py:186} INFO - Started process (PID=8303) to work on /home/nikita/airflow-setup/ENV/lib/python3.12/site-packages/airflow/example_dags/example_nested_branch_dag.py
[2026-05-04T01:00:13.688+0300] {processor.py:914} INFO - Processing file /home/nikita/airflow-setup/ENV/lib/python3.12/site-packages/airflow/example_dags/example_nested_branch_dag.py for tasks to queue
[2026-05-04T01:00:13.690+0300] {logging_mixin.py:190} INFO - [2026-05-04T01:00:13.690+0300] {dagbag.py:588} INFO - Filling up the DagBag from /home/nikita/airflow-setup/ENV/lib/python3.12/site-packages/airflow/example_dags/example_nested_branch_dag.py
[2026-05-04T01:00:13.701+0300] {processor.py:925} INFO - DAG(s) 'example_nested_branch_dag' retrieved from /home/nikita/airflow-setup/ENV/lib/python3.12/site-packages/airflow/example_dags/example_nested_branch_dag.py
[2026-05-04T01:00:13.715+0300] {logging_mixin.py:190} INFO - [2026-05-04T01:00:13.715+0300] {dag.py:3239} INFO - Sync 1 DAGs
[2026-05-04T01:00:13.732+0300] {logging_mixin.py:190} INFO - [2026-05-04T01:00:13.731+0300] {dag.py:4180} INFO - Setting next_dagrun for example_nested_branch_dag to 2026-05-02 00:00:00+00:00, run_after=2026-05-03 00:00:00+00:00
[2026-05-04T01:00:13.749+0300] {processor.py:208} INFO - Processing /home/nikita/airflow-setup/ENV/lib/python3.12/site-packages/airflow/example_dags/example_nested_branch_dag.py took 0.075 seconds
[2026-05-04T01:01:20.183+0300] {processor.py:186} INFO - Started process (PID=8706) to work on /home/nikita/airflow-setup/ENV/lib/python3.12/site-packages/airflow/example_dags/example_nested_branch_dag.py
[2026-05-04T01:01:20.192+0300] {processor.py:914} INFO - Processing file /home/nikita/airflow-setup/ENV/lib/python3.12/site-packages/airflow/example_dags/example_nested_branch_dag.py for tasks to queue
[2026-05-04T01:01:20.193+0300] {logging_mixin.py:190} INFO - [2026-05-04T01:01:20.193+0300] {dagbag.py:588} INFO - Filling up the DagBag from /home/nikita/airflow-setup/ENV/lib/python3.12/site-packages/airflow/example_dags/example_nested_branch_dag.py
[2026-05-04T01:01:20.203+0300] {processor.py:925} INFO - DAG(s) 'example_nested_branch_dag' retrieved from /home/nikita/airflow-setup/ENV/lib/python3.12/site-packages/airflow/example_dags/example_nested_branch_dag.py
[2026-05-04T01:01:20.215+0300] {logging_mixin.py:190} INFO - [2026-05-04T01:01:20.215+0300] {dag.py:3239} INFO - Sync 1 DAGs
[2026-05-04T01:01:20.232+0300] {logging_mixin.py:190} INFO - [2026-05-04T01:01:20.231+0300] {dag.py:4180} INFO - Setting next_dagrun for example_nested_branch_dag to 2026-05-02 00:00:00+00:00, run_after=2026-05-03 00:00:00+00:00
[2026-05-04T01:01:20.250+0300] {processor.py:208} INFO - Processing /home/nikita/airflow-setup/ENV/lib/python3.12/site-packages/airflow/example_dags/example_nested_branch_dag.py took 0.072 seconds
[2026-05-04T01:02:27.973+0300] {processor.py:186} INFO - Started process (PID=9330) to work on /home/nikita/airflow-setup/ENV/lib/python3.12/site-packages/airflow/example_dags/example_nested_branch_dag.py
[2026-05-04T01:02:27.983+0300] {processor.py:914} INFO - Processing file /home/nikita/airflow-setup/ENV/lib/python3.12/site-packages/airflow/example_dags/example_nested_branch_dag.py for tasks to queue
[2026-05-04T01:02:27.984+0300] {logging_mixin.py:190} INFO - [2026-05-04T01:02:27.984+0300] {dagbag.py:588} INFO - Filling up the DagBag from /home/nikita/airflow-setup/ENV/lib/python3.12/site-packages/airflow/example_dags/example_nested_branch_dag.py
[2026-05-04T01:02:27.993+0300] {processor.py:925} INFO - DAG(s) 'example_nested_branch_dag' retrieved from /home/nikita/airflow-setup/ENV/lib/python3.12/site-packages/airflow/example_dags/example_nested_branch_dag.py
[2026-05-04T01:02:28.005+0300] {logging_mixin.py:190} INFO - [2026-05-04T01:02:28.005+0300] {dag.py:3239} INFO - Sync 1 DAGs
[2026-05-04T01:02:28.019+0300] {logging_mixin.py:190} INFO - [2026-05-04T01:02:28.018+0300] {dag.py:4180} INFO - Setting next_dagrun for example_nested_branch_dag to 2026-05-02 00:00:00+00:00, run_after=2026-05-03 00:00:00+00:00
[2026-05-04T01:02:28.036+0300] {processor.py:208} INFO - Processing /home/nikita/airflow-setup/ENV/lib/python3.12/site-packages/airflow/example_dags/example_nested_branch_dag.py took 0.066 seconds
[2026-05-04T01:03:31.454+0300] {processor.py:186} INFO - Started process (PID=9717) to work on /home/nikita/airflow-setup/ENV/lib/python3.12/site-packages/airflow/example_dags/example_nested_branch_dag.py
[2026-05-04T01:03:31.463+0300] {processor.py:914} INFO - Processing file /home/nikita/airflow-setup/ENV/lib/python3.12/site-packages/airflow/example_dags/example_nested_branch_dag.py for tasks to queue
[2026-05-04T01:03:31.464+0300] {logging_mixin.py:190} INFO - [2026-05-04T01:03:31.463+0300] {dagbag.py:588} INFO - Filling up the DagBag from /home/nikita/airflow-setup/ENV/lib/python3.12/site-packages/airflow/example_dags/example_nested_branch_dag.py
[2026-05-04T01:03:31.473+0300] {processor.py:925} INFO - DAG(s) 'example_nested_branch_dag' retrieved from /home/nikita/airflow-setup/ENV/lib/python3.12/site-packages/airflow/example_dags/example_nested_branch_dag.py
[2026-05-04T01:03:31.485+0300] {logging_mixin.py:190} INFO - [2026-05-04T01:03:31.485+0300] {dag.py:3239} INFO - Sync 1 DAGs
[2026-05-04T01:03:31.500+0300] {logging_mixin.py:190} INFO - [2026-05-04T01:03:31.499+0300] {dag.py:4180} INFO - Setting next_dagrun for example_nested_branch_dag to 2026-05-02 00:00:00+00:00, run_after=2026-05-03 00:00:00+00:00
[2026-05-04T01:03:31.517+0300] {processor.py:208} INFO - Processing /home/nikita/airflow-setup/ENV/lib/python3.12/site-packages/airflow/example_dags/example_nested_branch_dag.py took 0.067 seconds
[2026-05-04T01:04:34.462+0300] {processor.py:186} INFO - Started process (PID=9994) to work on /home/nikita/airflow-setup/ENV/lib/python3.12/site-packages/airflow/example_dags/example_nested_branch_dag.py
[2026-05-04T01:04:34.472+0300] {processor.py:914} INFO - Processing file /home/nikita/airflow-setup/ENV/lib/python3.12/site-packages/airflow/example_dags/example_nested_branch_dag.py for tasks to queue
[2026-05-04T01:04:34.473+0300] {logging_mixin.py:190} INFO - [2026-05-04T01:04:34.473+0300] {dagbag.py:588} INFO - Filling up the DagBag from /home/nikita/airflow-setup/ENV/lib/python3.12/site-packages/airflow/example_dags/example_nested_branch_dag.py
[2026-05-04T01:04:34.482+0300] {processor.py:925} INFO - DAG(s) 'example_nested_branch_dag' retrieved from /home/nikita/airflow-setup/ENV/lib/python3.12/site-packages/airflow/example_dags/example_nested_branch_dag.py
[2026-05-04T01:04:34.495+0300] {logging_mixin.py:190} INFO - [2026-05-04T01:04:34.495+0300] {dag.py:3239} INFO - Sync 1 DAGs
[2026-05-04T01:04:34.513+0300] {logging_mixin.py:190} INFO - [2026-05-04T01:04:34.513+0300] {dag.py:4180} INFO - Setting next_dagrun for example_nested_branch_dag to 2026-05-02 00:00:00+00:00, run_after=2026-05-03 00:00:00+00:00
[2026-05-04T01:04:34.528+0300] {processor.py:208} INFO - Processing /home/nikita/airflow-setup/ENV/lib/python3.12/site-packages/airflow/example_dags/example_nested_branch_dag.py took 0.071 seconds
[2026-05-04T01:05:42.499+0300] {processor.py:186} INFO - Started process (PID=10253) to work on /home/nikita/airflow-setup/ENV/lib/python3.12/site-packages/airflow/example_dags/example_nested_branch_dag.py
[2026-05-04T01:05:42.509+0300] {processor.py:914} INFO - Processing file /home/nikita/airflow-setup/ENV/lib/python3.12/site-packages/airflow/example_dags/example_nested_branch_dag.py for tasks to queue
[2026-05-04T01:05:42.510+0300] {logging_mixin.py:190} INFO - [2026-05-04T01:05:42.510+0300] {dagbag.py:588} INFO - Filling up the DagBag from /home/nikita/airflow-setup/ENV/lib/python3.12/site-packages/airflow/example_dags/example_nested_branch_dag.py
[2026-05-04T01:05:42.519+0300] {processor.py:925} INFO - DAG(s) 'example_nested_branch_dag' retrieved from /home/nikita/airflow-setup/ENV/lib/python3.12/site-packages/airflow/example_dags/example_nested_branch_dag.py
[2026-05-04T01:05:42.533+0300] {logging_mixin.py:190} INFO - [2026-05-04T01:05:42.533+0300] {dag.py:3239} INFO - Sync 1 DAGs
[2026-05-04T01:05:42.549+0300] {logging_mixin.py:190} INFO - [2026-05-04T01:05:42.549+0300] {dag.py:4180} INFO - Setting next_dagrun for example_nested_branch_dag to 2026-05-02 00:00:00+00:00, run_after=2026-05-03 00:00:00+00:00
[2026-05-04T01:05:42.568+0300] {processor.py:208} INFO - Processing /home/nikita/airflow-setup/ENV/lib/python3.12/site-packages/airflow/example_dags/example_nested_branch_dag.py took 0.074 seconds
[2026-05-04T01:06:47.577+0300] {processor.py:186} INFO - Started process (PID=10523) to work on /home/nikita/airflow-setup/ENV/lib/python3.12/site-packages/airflow/example_dags/example_nested_branch_dag.py
[2026-05-04T01:06:47.587+0300] {processor.py:914} INFO - Processing file /home/nikita/airflow-setup/ENV/lib/python3.12/site-packages/airflow/example_dags/example_nested_branch_dag.py for tasks to queue
[2026-05-04T01:06:47.588+0300] {logging_mixin.py:190} INFO - [2026-05-04T01:06:47.588+0300] {dagbag.py:588} INFO - Filling up the DagBag from /home/nikita/airflow-setup/ENV/lib/python3.12/site-packages/airflow/example_dags/example_nested_branch_dag.py
[2026-05-04T01:06:47.598+0300] {processor.py:925} INFO - DAG(s) 'example_nested_branch_dag' retrieved from /home/nikita/airflow-setup/ENV/lib/python3.12/site-packages/airflow/example_dags/example_nested_branch_dag.py
[2026-05-04T01:06:47.613+0300] {logging_mixin.py:190} INFO - [2026-05-04T01:06:47.612+0300] {dag.py:3239} INFO - Sync 1 DAGs
[2026-05-04T01:06:47.630+0300] {logging_mixin.py:190} INFO - [2026-05-04T01:06:47.630+0300] {dag.py:4180} INFO - Setting next_dagrun for example_nested_branch_dag to 2026-05-02 00:00:00+00:00, run_after=2026-05-03 00:00:00+00:00
[2026-05-04T01:06:47.648+0300] {processor.py:208} INFO - Processing /home/nikita/airflow-setup/ENV/lib/python3.12/site-packages/airflow/example_dags/example_nested_branch_dag.py took 0.075 seconds
[2026-05-04T01:07:55.446+0300] {processor.py:186} INFO - Started process (PID=10781) to work on /home/nikita/airflow-setup/ENV/lib/python3.12/site-packages/airflow/example_dags/example_nested_branch_dag.py
[2026-05-04T01:07:55.456+0300] {processor.py:914} INFO - Processing file /home/nikita/airflow-setup/ENV/lib/python3.12/site-packages/airflow/example_dags/example_nested_branch_dag.py for tasks to queue
[2026-05-04T01:07:55.457+0300] {logging_mixin.py:190} INFO - [2026-05-04T01:07:55.457+0300] {dagbag.py:588} INFO - Filling up the DagBag from /home/nikita/airflow-setup/ENV/lib/python3.12/site-packages/airflow/example_dags/example_nested_branch_dag.py
[2026-05-04T01:07:55.468+0300] {processor.py:925} INFO - DAG(s) 'example_nested_branch_dag' retrieved from /home/nikita/airflow-setup/ENV/lib/python3.12/site-packages/airflow/example_dags/example_nested_branch_dag.py
[2026-05-04T01:07:55.481+0300] {logging_mixin.py:190} INFO - [2026-05-04T01:07:55.481+0300] {dag.py:3239} INFO - Sync 1 DAGs
[2026-05-04T01:07:55.498+0300] {logging_mixin.py:190} INFO - [2026-05-04T01:07:55.498+0300] {dag.py:4180} INFO - Setting next_dagrun for example_nested_branch_dag to 2026-05-02 00:00:00+00:00, run_after=2026-05-03 00:00:00+00:00
[2026-05-04T01:07:55.516+0300] {processor.py:208} INFO - Processing /home/nikita/airflow-setup/ENV/lib/python3.12/site-packages/airflow/example_dags/example_nested_branch_dag.py took 0.075 seconds
[2026-05-04T01:09:01.332+0300] {processor.py:186} INFO - Started process (PID=11874) to work on /home/nikita/airflow-setup/ENV/lib/python3.12/site-packages/airflow/example_dags/example_nested_branch_dag.py
[2026-05-04T01:09:01.334+0300] {processor.py:914} INFO - Processing file /home/nikita/airflow-setup/ENV/lib/python3.12/site-packages/airflow/example_dags/example_nested_branch_dag.py for tasks to queue
[2026-05-04T01:09:01.336+0300] {logging_mixin.py:190} INFO - [2026-05-04T01:09:01.335+0300] {dagbag.py:588} INFO - Filling up the DagBag from /home/nikita/airflow-setup/ENV/lib/python3.12/site-packages/airflow/example_dags/example_nested_branch_dag.py
[2026-05-04T01:09:01.349+0300] {processor.py:925} INFO - DAG(s) 'example_nested_branch_dag' retrieved from /home/nikita/airflow-setup/ENV/lib/python3.12/site-packages/airflow/example_dags/example_nested_branch_dag.py
[2026-05-04T01:09:01.369+0300] {logging_mixin.py:190} INFO - [2026-05-04T01:09:01.369+0300] {dag.py:3239} INFO - Sync 1 DAGs
[2026-05-04T01:09:01.399+0300] {logging_mixin.py:190} INFO - [2026-05-04T01:09:01.398+0300] {dag.py:4180} INFO - Setting next_dagrun for example_nested_branch_dag to 2026-05-02 00:00:00+00:00, run_after=2026-05-03 00:00:00+00:00
[2026-05-04T01:09:01.424+0300] {processor.py:208} INFO - Processing /home/nikita/airflow-setup/ENV/lib/python3.12/site-packages/airflow/example_dags/example_nested_branch_dag.py took 0.096 seconds
[2026-05-04T01:10:11.367+0300] {processor.py:186} INFO - Started process (PID=12236) to work on /home/nikita/airflow-setup/ENV/lib/python3.12/site-packages/airflow/example_dags/example_nested_branch_dag.py
[2026-05-04T01:10:11.374+0300] {processor.py:914} INFO - Processing file /home/nikita/airflow-setup/ENV/lib/python3.12/site-packages/airflow/example_dags/example_nested_branch_dag.py for tasks to queue
[2026-05-04T01:10:11.376+0300] {logging_mixin.py:190} INFO - [2026-05-04T01:10:11.375+0300] {dagbag.py:588} INFO - Filling up the DagBag from /home/nikita/airflow-setup/ENV/lib/python3.12/site-packages/airflow/example_dags/example_nested_branch_dag.py
[2026-05-04T01:10:11.388+0300] {processor.py:925} INFO - DAG(s) 'example_nested_branch_dag' retrieved from /home/nikita/airflow-setup/ENV/lib/python3.12/site-packages/airflow/example_dags/example_nested_branch_dag.py
[2026-05-04T01:10:11.401+0300] {logging_mixin.py:190} INFO - [2026-05-04T01:10:11.401+0300] {dag.py:3239} INFO - Sync 1 DAGs
[2026-05-04T01:10:11.418+0300] {logging_mixin.py:190} INFO - [2026-05-04T01:10:11.417+0300] {dag.py:4180} INFO - Setting next_dagrun for example_nested_branch_dag to 2026-05-02 00:00:00+00:00, run_after=2026-05-03 00:00:00+00:00
[2026-05-04T01:10:11.440+0300] {processor.py:208} INFO - Processing /home/nikita/airflow-setup/ENV/lib/python3.12/site-packages/airflow/example_dags/example_nested_branch_dag.py took 0.077 seconds
[2026-05-04T01:11:21.276+0300] {processor.py:186} INFO - Started process (PID=12501) to work on /home/nikita/airflow-setup/ENV/lib/python3.12/site-packages/airflow/example_dags/example_nested_branch_dag.py
[2026-05-04T01:11:21.278+0300] {processor.py:914} INFO - Processing file /home/nikita/airflow-setup/ENV/lib/python3.12/site-packages/airflow/example_dags/example_nested_branch_dag.py for tasks to queue
[2026-05-04T01:11:21.279+0300] {logging_mixin.py:190} INFO - [2026-05-04T01:11:21.279+0300] {dagbag.py:588} INFO - Filling up the DagBag from /home/nikita/airflow-setup/ENV/lib/python3.12/site-packages/airflow/example_dags/example_nested_branch_dag.py
[2026-05-04T01:11:21.289+0300] {processor.py:925} INFO - DAG(s) 'example_nested_branch_dag' retrieved from /home/nikita/airflow-setup/ENV/lib/python3.12/site-packages/airflow/example_dags/example_nested_branch_dag.py
[2026-05-04T01:11:21.302+0300] {logging_mixin.py:190} INFO - [2026-05-04T01:11:21.302+0300] {dag.py:3239} INFO - Sync 1 DAGs
[2026-05-04T01:11:21.319+0300] {logging_mixin.py:190} INFO - [2026-05-04T01:11:21.319+0300] {dag.py:4180} INFO - Setting next_dagrun for example_nested_branch_dag to 2026-05-02 00:00:00+00:00, run_after=2026-05-03 00:00:00+00:00
[2026-05-04T01:11:21.337+0300] {processor.py:208} INFO - Processing /home/nikita/airflow-setup/ENV/lib/python3.12/site-packages/airflow/example_dags/example_nested_branch_dag.py took 0.065 seconds
[2026-05-04T01:12:21.758+0300] {processor.py:186} INFO - Started process (PID=12738) to work on /home/nikita/airflow-setup/ENV/lib/python3.12/site-packages/airflow/example_dags/example_nested_branch_dag.py
[2026-05-04T01:12:21.760+0300] {processor.py:914} INFO - Processing file /home/nikita/airflow-setup/ENV/lib/python3.12/site-packages/airflow/example_dags/example_nested_branch_dag.py for tasks to queue
[2026-05-04T01:12:21.761+0300] {logging_mixin.py:190} INFO - [2026-05-04T01:12:21.761+0300] {dagbag.py:588} INFO - Filling up the DagBag from /home/nikita/airflow-setup/ENV/lib/python3.12/site-packages/airflow/example_dags/example_nested_branch_dag.py
[2026-05-04T01:12:21.770+0300] {processor.py:925} INFO - DAG(s) 'example_nested_branch_dag' retrieved from /home/nikita/airflow-setup/ENV/lib/python3.12/site-packages/airflow/example_dags/example_nested_branch_dag.py
[2026-05-04T01:12:21.784+0300] {logging_mixin.py:190} INFO - [2026-05-04T01:12:21.784+0300] {dag.py:3239} INFO - Sync 1 DAGs
[2026-05-04T01:12:21.802+0300] {logging_mixin.py:190} INFO - [2026-05-04T01:12:21.802+0300] {dag.py:4180} INFO - Setting next_dagrun for example_nested_branch_dag to 2026-05-02 00:00:00+00:00, run_after=2026-05-03 00:00:00+00:00
[2026-05-04T01:12:21.819+0300] {processor.py:208} INFO - Processing /home/nikita/airflow-setup/ENV/lib/python3.12/site-packages/airflow/example_dags/example_nested_branch_dag.py took 0.066 seconds
[2026-05-04T01:13:22.135+0300] {processor.py:186} INFO - Started process (PID=13135) to work on /home/nikita/airflow-setup/ENV/lib/python3.12/site-packages/airflow/example_dags/example_nested_branch_dag.py
[2026-05-04T01:13:22.144+0300] {processor.py:914} INFO - Processing file /home/nikita/airflow-setup/ENV/lib/python3.12/site-packages/airflow/example_dags/example_nested_branch_dag.py for tasks to queue
[2026-05-04T01:13:22.145+0300] {logging_mixin.py:190} INFO - [2026-05-04T01:13:22.145+0300] {dagbag.py:588} INFO - Filling up the DagBag from /home/nikita/airflow-setup/ENV/lib/python3.12/site-packages/airflow/example_dags/example_nested_branch_dag.py
[2026-05-04T01:13:22.154+0300] {processor.py:925} INFO - DAG(s) 'example_nested_branch_dag' retrieved from /home/nikita/airflow-setup/ENV/lib/python3.12/site-packages/airflow/example_dags/example_nested_branch_dag.py
[2026-05-04T01:13:22.167+0300] {logging_mixin.py:190} INFO - [2026-05-04T01:13:22.167+0300] {dag.py:3239} INFO - Sync 1 DAGs
[2026-05-04T01:13:22.183+0300] {logging_mixin.py:190} INFO - [2026-05-04T01:13:22.183+0300] {dag.py:4180} INFO - Setting next_dagrun for example_nested_branch_dag to 2026-05-02 00:00:00+00:00, run_after=2026-05-03 00:00:00+00:00
[2026-05-04T01:13:22.202+0300] {processor.py:208} INFO - Processing /home/nikita/airflow-setup/ENV/lib/python3.12/site-packages/airflow/example_dags/example_nested_branch_dag.py took 0.072 seconds
[2026-05-04T01:14:26.759+0300] {processor.py:186} INFO - Started process (PID=14279) to work on /home/nikita/airflow-setup/ENV/lib/python3.12/site-packages/airflow/example_dags/example_nested_branch_dag.py
[2026-05-04T01:14:26.761+0300] {processor.py:914} INFO - Processing file /home/nikita/airflow-setup/ENV/lib/python3.12/site-packages/airflow/example_dags/example_nested_branch_dag.py for tasks to queue
[2026-05-04T01:14:26.762+0300] {logging_mixin.py:190} INFO - [2026-05-04T01:14:26.762+0300] {dagbag.py:588} INFO - Filling up the DagBag from /home/nikita/airflow-setup/ENV/lib/python3.12/site-packages/airflow/example_dags/example_nested_branch_dag.py
[2026-05-04T01:14:26.773+0300] {processor.py:925} INFO - DAG(s) 'example_nested_branch_dag' retrieved from /home/nikita/airflow-setup/ENV/lib/python3.12/site-packages/airflow/example_dags/example_nested_branch_dag.py
[2026-05-04T01:14:26.786+0300] {logging_mixin.py:190} INFO - [2026-05-04T01:14:26.786+0300] {dag.py:3239} INFO - Sync 1 DAGs
[2026-05-04T01:14:26.802+0300] {logging_mixin.py:190} INFO - [2026-05-04T01:14:26.802+0300] {dag.py:4180} INFO - Setting next_dagrun for example_nested_branch_dag to 2026-05-02 00:00:00+00:00, run_after=2026-05-03 00:00:00+00:00
[2026-05-04T01:14:26.822+0300] {processor.py:208} INFO - Processing /home/nikita/airflow-setup/ENV/lib/python3.12/site-packages/airflow/example_dags/example_nested_branch_dag.py took 0.067 seconds
[2026-05-04T01:15:35.754+0300] {processor.py:186} INFO - Started process (PID=14538) to work on /home/nikita/airflow-setup/ENV/lib/python3.12/site-packages/airflow/example_dags/example_nested_branch_dag.py
[2026-05-04T01:15:35.764+0300] {processor.py:914} INFO - Processing file /home/nikita/airflow-setup/ENV/lib/python3.12/site-packages/airflow/example_dags/example_nested_branch_dag.py for tasks to queue
[2026-05-04T01:15:35.765+0300] {logging_mixin.py:190} INFO - [2026-05-04T01:15:35.764+0300] {dagbag.py:588} INFO - Filling up the DagBag from /home/nikita/airflow-setup/ENV/lib/python3.12/site-packages/airflow/example_dags/example_nested_branch_dag.py
[2026-05-04T01:15:35.774+0300] {processor.py:925} INFO - DAG(s) 'example_nested_branch_dag' retrieved from /home/nikita/airflow-setup/ENV/lib/python3.12/site-packages/airflow/example_dags/example_nested_branch_dag.py
[2026-05-04T01:15:35.785+0300] {logging_mixin.py:190} INFO - [2026-05-04T01:15:35.785+0300] {dag.py:3239} INFO - Sync 1 DAGs
[2026-05-04T01:15:35.801+0300] {logging_mixin.py:190} INFO - [2026-05-04T01:15:35.801+0300] {dag.py:4180} INFO - Setting next_dagrun for example_nested_branch_dag to 2026-05-02 00:00:00+00:00, run_after=2026-05-03 00:00:00+00:00
[2026-05-04T01:15:35.817+0300] {processor.py:208} INFO - Processing /home/nikita/airflow-setup/ENV/lib/python3.12/site-packages/airflow/example_dags/example_nested_branch_dag.py took 0.067 seconds
[2026-05-04T01:16:45.523+0300] {processor.py:186} INFO - Started process (PID=15760) to work on /home/nikita/airflow-setup/ENV/lib/python3.12/site-packages/airflow/example_dags/example_nested_branch_dag.py
[2026-05-04T01:16:45.525+0300] {processor.py:914} INFO - Processing file /home/nikita/airflow-setup/ENV/lib/python3.12/site-packages/airflow/example_dags/example_nested_branch_dag.py for tasks to queue
[2026-05-04T01:16:45.526+0300] {logging_mixin.py:190} INFO - [2026-05-04T01:16:45.526+0300] {dagbag.py:588} INFO - Filling up the DagBag from /home/nikita/airflow-setup/ENV/lib/python3.12/site-packages/airflow/example_dags/example_nested_branch_dag.py
[2026-05-04T01:16:45.536+0300] {processor.py:925} INFO - DAG(s) 'example_nested_branch_dag' retrieved from /home/nikita/airflow-setup/ENV/lib/python3.12/site-packages/airflow/example_dags/example_nested_branch_dag.py
[2026-05-04T01:16:45.552+0300] {logging_mixin.py:190} INFO - [2026-05-04T01:16:45.551+0300] {dag.py:3239} INFO - Sync 1 DAGs
[2026-05-04T01:16:45.567+0300] {logging_mixin.py:190} INFO - [2026-05-04T01:16:45.567+0300] {dag.py:4180} INFO - Setting next_dagrun for example_nested_branch_dag to 2026-05-02 00:00:00+00:00, run_after=2026-05-03 00:00:00+00:00
[2026-05-04T01:16:45.583+0300] {processor.py:208} INFO - Processing /home/nikita/airflow-setup/ENV/lib/python3.12/site-packages/airflow/example_dags/example_nested_branch_dag.py took 0.065 seconds
[2026-05-04T01:17:53.484+0300] {processor.py:186} INFO - Started process (PID=16020) to work on /home/nikita/airflow-setup/ENV/lib/python3.12/site-packages/airflow/example_dags/example_nested_branch_dag.py
[2026-05-04T01:17:53.493+0300] {processor.py:914} INFO - Processing file /home/nikita/airflow-setup/ENV/lib/python3.12/site-packages/airflow/example_dags/example_nested_branch_dag.py for tasks to queue
[2026-05-04T01:17:53.494+0300] {logging_mixin.py:190} INFO - [2026-05-04T01:17:53.493+0300] {dagbag.py:588} INFO - Filling up the DagBag from /home/nikita/airflow-setup/ENV/lib/python3.12/site-packages/airflow/example_dags/example_nested_branch_dag.py
[2026-05-04T01:17:53.502+0300] {processor.py:925} INFO - DAG(s) 'example_nested_branch_dag' retrieved from /home/nikita/airflow-setup/ENV/lib/python3.12/site-packages/airflow/example_dags/example_nested_branch_dag.py
[2026-05-04T01:17:53.514+0300] {logging_mixin.py:190} INFO - [2026-05-04T01:17:53.514+0300] {dag.py:3239} INFO - Sync 1 DAGs
[2026-05-04T01:17:53.529+0300] {logging_mixin.py:190} INFO - [2026-05-04T01:17:53.529+0300] {dag.py:4180} INFO - Setting next_dagrun for example_nested_branch_dag to 2026-05-02 00:00:00+00:00, run_after=2026-05-03 00:00:00+00:00
[2026-05-04T01:17:53.557+0300] {processor.py:208} INFO - Processing /home/nikita/airflow-setup/ENV/lib/python3.12/site-packages/airflow/example_dags/example_nested_branch_dag.py took 0.078 seconds
[2026-05-04T01:19:02.193+0300] {processor.py:186} INFO - Started process (PID=16278) to work on /home/nikita/airflow-setup/ENV/lib/python3.12/site-packages/airflow/example_dags/example_nested_branch_dag.py
[2026-05-04T01:19:02.203+0300] {processor.py:914} INFO - Processing file /home/nikita/airflow-setup/ENV/lib/python3.12/site-packages/airflow/example_dags/example_nested_branch_dag.py for tasks to queue
[2026-05-04T01:19:02.205+0300] {logging_mixin.py:190} INFO - [2026-05-04T01:19:02.204+0300] {dagbag.py:588} INFO - Filling up the DagBag from /home/nikita/airflow-setup/ENV/lib/python3.12/site-packages/airflow/example_dags/example_nested_branch_dag.py
[2026-05-04T01:19:02.221+0300] {processor.py:925} INFO - DAG(s) 'example_nested_branch_dag' retrieved from /home/nikita/airflow-setup/ENV/lib/python3.12/site-packages/airflow/example_dags/example_nested_branch_dag.py
[2026-05-04T01:19:02.239+0300] {logging_mixin.py:190} INFO - [2026-05-04T01:19:02.239+0300] {dag.py:3239} INFO - Sync 1 DAGs
[2026-05-04T01:19:02.256+0300] {logging_mixin.py:190} INFO - [2026-05-04T01:19:02.256+0300] {dag.py:4180} INFO - Setting next_dagrun for example_nested_branch_dag to 2026-05-02 00:00:00+00:00, run_after=2026-05-03 00:00:00+00:00
[2026-05-04T01:19:02.273+0300] {processor.py:208} INFO - Processing /home/nikita/airflow-setup/ENV/lib/python3.12/site-packages/airflow/example_dags/example_nested_branch_dag.py took 0.086 seconds
[2026-05-04T01:20:04.749+0300] {processor.py:186} INFO - Started process (PID=16528) to work on /home/nikita/airflow-setup/ENV/lib/python3.12/site-packages/airflow/example_dags/example_nested_branch_dag.py
[2026-05-04T01:20:04.758+0300] {processor.py:914} INFO - Processing file /home/nikita/airflow-setup/ENV/lib/python3.12/site-packages/airflow/example_dags/example_nested_branch_dag.py for tasks to queue
[2026-05-04T01:20:04.759+0300] {logging_mixin.py:190} INFO - [2026-05-04T01:20:04.759+0300] {dagbag.py:588} INFO - Filling up the DagBag from /home/nikita/airflow-setup/ENV/lib/python3.12/site-packages/airflow/example_dags/example_nested_branch_dag.py
[2026-05-04T01:20:04.768+0300] {processor.py:925} INFO - DAG(s) 'example_nested_branch_dag' retrieved from /home/nikita/airflow-setup/ENV/lib/python3.12/site-packages/airflow/example_dags/example_nested_branch_dag.py
[2026-05-04T01:20:04.781+0300] {logging_mixin.py:190} INFO - [2026-05-04T01:20:04.781+0300] {dag.py:3239} INFO - Sync 1 DAGs
[2026-05-04T01:20:04.796+0300] {logging_mixin.py:190} INFO - [2026-05-04T01:20:04.796+0300] {dag.py:4180} INFO - Setting next_dagrun for example_nested_branch_dag to 2026-05-02 00:00:00+00:00, run_after=2026-05-03 00:00:00+00:00
[2026-05-04T01:20:04.813+0300] {processor.py:208} INFO - Processing /home/nikita/airflow-setup/ENV/lib/python3.12/site-packages/airflow/example_dags/example_nested_branch_dag.py took 0.068 seconds
[2026-05-04T01:21:12.579+0300] {processor.py:186} INFO - Started process (PID=16788) to work on /home/nikita/airflow-setup/ENV/lib/python3.12/site-packages/airflow/example_dags/example_nested_branch_dag.py
[2026-05-04T01:21:12.588+0300] {processor.py:914} INFO - Processing file /home/nikita/airflow-setup/ENV/lib/python3.12/site-packages/airflow/example_dags/example_nested_branch_dag.py for tasks to queue
[2026-05-04T01:21:12.589+0300] {logging_mixin.py:190} INFO - [2026-05-04T01:21:12.589+0300] {dagbag.py:588} INFO - Filling up the DagBag from /home/nikita/airflow-setup/ENV/lib/python3.12/site-packages/airflow/example_dags/example_nested_branch_dag.py
[2026-05-04T01:21:12.598+0300] {processor.py:925} INFO - DAG(s) 'example_nested_branch_dag' retrieved from /home/nikita/airflow-setup/ENV/lib/python3.12/site-packages/airflow/example_dags/example_nested_branch_dag.py
[2026-05-04T01:21:12.609+0300] {logging_mixin.py:190} INFO - [2026-05-04T01:21:12.608+0300] {dag.py:3239} INFO - Sync 1 DAGs
[2026-05-04T01:21:12.622+0300] {logging_mixin.py:190} INFO - [2026-05-04T01:21:12.622+0300] {dag.py:4180} INFO - Setting next_dagrun for example_nested_branch_dag to 2026-05-02 00:00:00+00:00, run_after=2026-05-03 00:00:00+00:00
[2026-05-04T01:21:12.639+0300] {processor.py:208} INFO - Processing /home/nikita/airflow-setup/ENV/lib/python3.12/site-packages/airflow/example_dags/example_nested_branch_dag.py took 0.064 seconds
[2026-05-04T01:22:22.124+0300] {processor.py:186} INFO - Started process (PID=17054) to work on /home/nikita/airflow-setup/ENV/lib/python3.12/site-packages/airflow/example_dags/example_nested_branch_dag.py
[2026-05-04T01:22:22.126+0300] {processor.py:914} INFO - Processing file /home/nikita/airflow-setup/ENV/lib/python3.12/site-packages/airflow/example_dags/example_nested_branch_dag.py for tasks to queue
[2026-05-04T01:22:22.126+0300] {logging_mixin.py:190} INFO - [2026-05-04T01:22:22.126+0300] {dagbag.py:588} INFO - Filling up the DagBag from /home/nikita/airflow-setup/ENV/lib/python3.12/site-packages/airflow/example_dags/example_nested_branch_dag.py
[2026-05-04T01:22:22.135+0300] {processor.py:925} INFO - DAG(s) 'example_nested_branch_dag' retrieved from /home/nikita/airflow-setup/ENV/lib/python3.12/site-packages/airflow/example_dags/example_nested_branch_dag.py
[2026-05-04T01:22:22.146+0300] {logging_mixin.py:190} INFO - [2026-05-04T01:22:22.146+0300] {dag.py:3239} INFO - Sync 1 DAGs
[2026-05-04T01:22:22.159+0300] {logging_mixin.py:190} INFO - [2026-05-04T01:22:22.159+0300] {dag.py:4180} INFO - Setting next_dagrun for example_nested_branch_dag to 2026-05-02 00:00:00+00:00, run_after=2026-05-03 00:00:00+00:00
[2026-05-04T01:22:22.718+0300] {processor.py:208} INFO - Processing /home/nikita/airflow-setup/ENV/lib/python3.12/site-packages/airflow/example_dags/example_nested_branch_dag.py took 0.057 seconds
[2026-05-04T01:23:32.120+0300] {processor.py:186} INFO - Started process (PID=17318) to work on /home/nikita/airflow-setup/ENV/lib/python3.12/site-packages/airflow/example_dags/example_nested_branch_dag.py
[2026-05-04T01:23:32.122+0300] {processor.py:914} INFO - Processing file /home/nikita/airflow-setup/ENV/lib/python3.12/site-packages/airflow/example_dags/example_nested_branch_dag.py for tasks to queue
[2026-05-04T01:23:32.123+0300] {logging_mixin.py:190} INFO - [2026-05-04T01:23:32.122+0300] {dagbag.py:588} INFO - Filling up the DagBag from /home/nikita/airflow-setup/ENV/lib/python3.12/site-packages/airflow/example_dags/example_nested_branch_dag.py
[2026-05-04T01:23:32.132+0300] {processor.py:925} INFO - DAG(s) 'example_nested_branch_dag' retrieved from /home/nikita/airflow-setup/ENV/lib/python3.12/site-packages/airflow/example_dags/example_nested_branch_dag.py
[2026-05-04T01:23:32.146+0300] {logging_mixin.py:190} INFO - [2026-05-04T01:23:32.145+0300] {dag.py:3239} INFO - Sync 1 DAGs
[2026-05-04T01:23:32.161+0300] {logging_mixin.py:190} INFO - [2026-05-04T01:23:32.161+0300] {dag.py:4180} INFO - Setting next_dagrun for example_nested_branch_dag to 2026-05-02 00:00:00+00:00, run_after=2026-05-03 00:00:00+00:00
[2026-05-04T01:23:32.180+0300] {processor.py:208} INFO - Processing /home/nikita/airflow-setup/ENV/lib/python3.12/site-packages/airflow/example_dags/example_nested_branch_dag.py took 0.066 seconds
[2026-05-04T01:24:38.498+0300] {processor.py:186} INFO - Started process (PID=17883) to work on /home/nikita/airflow-setup/ENV/lib/python3.12/site-packages/airflow/example_dags/example_nested_branch_dag.py
[2026-05-04T01:24:38.500+0300] {processor.py:914} INFO - Processing file /home/nikita/airflow-setup/ENV/lib/python3.12/site-packages/airflow/example_dags/example_nested_branch_dag.py for tasks to queue
[2026-05-04T01:24:38.501+0300] {logging_mixin.py:190} INFO - [2026-05-04T01:24:38.500+0300] {dagbag.py:588} INFO - Filling up the DagBag from /home/nikita/airflow-setup/ENV/lib/python3.12/site-packages/airflow/example_dags/example_nested_branch_dag.py
[2026-05-04T01:24:38.509+0300] {processor.py:925} INFO - DAG(s) 'example_nested_branch_dag' retrieved from /home/nikita/airflow-setup/ENV/lib/python3.12/site-packages/airflow/example_dags/example_nested_branch_dag.py
[2026-05-04T01:24:38.521+0300] {logging_mixin.py:190} INFO - [2026-05-04T01:24:38.521+0300] {dag.py:3239} INFO - Sync 1 DAGs
[2026-05-04T01:24:38.534+0300] {logging_mixin.py:190} INFO - [2026-05-04T01:24:38.534+0300] {dag.py:4180} INFO - Setting next_dagrun for example_nested_branch_dag to 2026-05-02 00:00:00+00:00, run_after=2026-05-03 00:00:00+00:00
[2026-05-04T01:24:38.667+0300] {processor.py:208} INFO - Processing /home/nikita/airflow-setup/ENV/lib/python3.12/site-packages/airflow/example_dags/example_nested_branch_dag.py took 0.174 seconds
[2026-05-04T01:25:48.841+0300] {processor.py:186} INFO - Started process (PID=18499) to work on /home/nikita/airflow-setup/ENV/lib/python3.12/site-packages/airflow/example_dags/example_nested_branch_dag.py
[2026-05-04T01:25:48.843+0300] {processor.py:914} INFO - Processing file /home/nikita/airflow-setup/ENV/lib/python3.12/site-packages/airflow/example_dags/example_nested_branch_dag.py for tasks to queue
[2026-05-04T01:25:48.844+0300] {logging_mixin.py:190} INFO - [2026-05-04T01:25:48.844+0300] {dagbag.py:588} INFO - Filling up the DagBag from /home/nikita/airflow-setup/ENV/lib/python3.12/site-packages/airflow/example_dags/example_nested_branch_dag.py
[2026-05-04T01:25:48.853+0300] {processor.py:925} INFO - DAG(s) 'example_nested_branch_dag' retrieved from /home/nikita/airflow-setup/ENV/lib/python3.12/site-packages/airflow/example_dags/example_nested_branch_dag.py
[2026-05-04T01:25:48.865+0300] {logging_mixin.py:190} INFO - [2026-05-04T01:25:48.865+0300] {dag.py:3239} INFO - Sync 1 DAGs
[2026-05-04T01:25:48.880+0300] {logging_mixin.py:190} INFO - [2026-05-04T01:25:48.879+0300] {dag.py:4180} INFO - Setting next_dagrun for example_nested_branch_dag to 2026-05-02 00:00:00+00:00, run_after=2026-05-03 00:00:00+00:00
[2026-05-04T01:25:48.899+0300] {processor.py:208} INFO - Processing /home/nikita/airflow-setup/ENV/lib/python3.12/site-packages/airflow/example_dags/example_nested_branch_dag.py took 0.062 seconds
[2026-05-04T01:27:01.411+0300] {processor.py:186} INFO - Started process (PID=19447) to work on /home/nikita/airflow-setup/ENV/lib/python3.12/site-packages/airflow/example_dags/example_nested_branch_dag.py
[2026-05-04T01:27:01.413+0300] {processor.py:914} INFO - Processing file /home/nikita/airflow-setup/ENV/lib/python3.12/site-packages/airflow/example_dags/example_nested_branch_dag.py for tasks to queue
[2026-05-04T01:27:01.414+0300] {logging_mixin.py:190} INFO - [2026-05-04T01:27:01.414+0300] {dagbag.py:588} INFO - Filling up the DagBag from /home/nikita/airflow-setup/ENV/lib/python3.12/site-packages/airflow/example_dags/example_nested_branch_dag.py
[2026-05-04T01:27:01.425+0300] {processor.py:925} INFO - DAG(s) 'example_nested_branch_dag' retrieved from /home/nikita/airflow-setup/ENV/lib/python3.12/site-packages/airflow/example_dags/example_nested_branch_dag.py
[2026-05-04T01:27:01.441+0300] {logging_mixin.py:190} INFO - [2026-05-04T01:27:01.440+0300] {dag.py:3239} INFO - Sync 1 DAGs
[2026-05-04T01:27:01.459+0300] {logging_mixin.py:190} INFO - [2026-05-04T01:27:01.459+0300] {dag.py:4180} INFO - Setting next_dagrun for example_nested_branch_dag to 2026-05-02 00:00:00+00:00, run_after=2026-05-03 00:00:00+00:00
[2026-05-04T01:27:01.477+0300] {processor.py:208} INFO - Processing /home/nikita/airflow-setup/ENV/lib/python3.12/site-packages/airflow/example_dags/example_nested_branch_dag.py took 0.074 seconds
[2026-05-04T01:28:13.139+0300] {processor.py:186} INFO - Started process (PID=19713) to work on /home/nikita/airflow-setup/ENV/lib/python3.12/site-packages/airflow/example_dags/example_nested_branch_dag.py
[2026-05-04T01:28:13.140+0300] {processor.py:914} INFO - Processing file /home/nikita/airflow-setup/ENV/lib/python3.12/site-packages/airflow/example_dags/example_nested_branch_dag.py for tasks to queue
[2026-05-04T01:28:13.141+0300] {logging_mixin.py:190} INFO - [2026-05-04T01:28:13.141+0300] {dagbag.py:588} INFO - Filling up the DagBag from /home/nikita/airflow-setup/ENV/lib/python3.12/site-packages/airflow/example_dags/example_nested_branch_dag.py
[2026-05-04T01:28:13.152+0300] {processor.py:925} INFO - DAG(s) 'example_nested_branch_dag' retrieved from /home/nikita/airflow-setup/ENV/lib/python3.12/site-packages/airflow/example_dags/example_nested_branch_dag.py
[2026-05-04T01:28:13.166+0300] {logging_mixin.py:190} INFO - [2026-05-04T01:28:13.166+0300] {dag.py:3239} INFO - Sync 1 DAGs
[2026-05-04T01:28:13.293+0300] {logging_mixin.py:190} INFO - [2026-05-04T01:28:13.293+0300] {dag.py:4180} INFO - Setting next_dagrun for example_nested_branch_dag to 2026-05-02 00:00:00+00:00, run_after=2026-05-03 00:00:00+00:00
[2026-05-04T01:28:13.311+0300] {processor.py:208} INFO - Processing /home/nikita/airflow-setup/ENV/lib/python3.12/site-packages/airflow/example_dags/example_nested_branch_dag.py took 0.179 seconds
[2026-05-04T01:29:21.671+0300] {processor.py:186} INFO - Started process (PID=19981) to work on /home/nikita/airflow-setup/ENV/lib/python3.12/site-packages/airflow/example_dags/example_nested_branch_dag.py
[2026-05-04T01:29:21.680+0300] {processor.py:914} INFO - Processing file /home/nikita/airflow-setup/ENV/lib/python3.12/site-packages/airflow/example_dags/example_nested_branch_dag.py for tasks to queue
[2026-05-04T01:29:21.681+0300] {logging_mixin.py:190} INFO - [2026-05-04T01:29:21.681+0300] {dagbag.py:588} INFO - Filling up the DagBag from /home/nikita/airflow-setup/ENV/lib/python3.12/site-packages/airflow/example_dags/example_nested_branch_dag.py
[2026-05-04T01:29:21.691+0300] {processor.py:925} INFO - DAG(s) 'example_nested_branch_dag' retrieved from /home/nikita/airflow-setup/ENV/lib/python3.12/site-packages/airflow/example_dags/example_nested_branch_dag.py
[2026-05-04T01:29:21.705+0300] {logging_mixin.py:190} INFO - [2026-05-04T01:29:21.705+0300] {dag.py:3239} INFO - Sync 1 DAGs
[2026-05-04T01:29:21.723+0300] {logging_mixin.py:190} INFO - [2026-05-04T01:29:21.723+0300] {dag.py:4180} INFO - Setting next_dagrun for example_nested_branch_dag to 2026-05-02 00:00:00+00:00, run_after=2026-05-03 00:00:00+00:00
[2026-05-04T01:29:21.875+0300] {processor.py:208} INFO - Processing /home/nikita/airflow-setup/ENV/lib/python3.12/site-packages/airflow/example_dags/example_nested_branch_dag.py took 0.210 seconds
[2026-05-04T01:30:33.554+0300] {processor.py:186} INFO - Started process (PID=20252) to work on /home/nikita/airflow-setup/ENV/lib/python3.12/site-packages/airflow/example_dags/example_nested_branch_dag.py
[2026-05-04T01:30:33.563+0300] {processor.py:914} INFO - Processing file /home/nikita/airflow-setup/ENV/lib/python3.12/site-packages/airflow/example_dags/example_nested_branch_dag.py for tasks to queue
[2026-05-04T01:30:33.564+0300] {logging_mixin.py:190} INFO - [2026-05-04T01:30:33.563+0300] {dagbag.py:588} INFO - Filling up the DagBag from /home/nikita/airflow-setup/ENV/lib/python3.12/site-packages/airflow/example_dags/example_nested_branch_dag.py
[2026-05-04T01:30:33.576+0300] {processor.py:925} INFO - DAG(s) 'example_nested_branch_dag' retrieved from /home/nikita/airflow-setup/ENV/lib/python3.12/site-packages/airflow/example_dags/example_nested_branch_dag.py
[2026-05-04T01:30:33.589+0300] {logging_mixin.py:190} INFO - [2026-05-04T01:30:33.589+0300] {dag.py:3239} INFO - Sync 1 DAGs
[2026-05-04T01:30:33.607+0300] {logging_mixin.py:190} INFO - [2026-05-04T01:30:33.607+0300] {dag.py:4180} INFO - Setting next_dagrun for example_nested_branch_dag to 2026-05-02 00:00:00+00:00, run_after=2026-05-03 00:00:00+00:00
[2026-05-04T01:30:33.625+0300] {processor.py:208} INFO - Processing /home/nikita/airflow-setup/ENV/lib/python3.12/site-packages/airflow/example_dags/example_nested_branch_dag.py took 0.075 seconds
[2026-05-04T01:31:54.536+0300] {processor.py:186} INFO - Started process (PID=20544) to work on /home/nikita/airflow-setup/ENV/lib/python3.12/site-packages/airflow/example_dags/example_nested_branch_dag.py
[2026-05-04T01:31:54.545+0300] {processor.py:914} INFO - Processing file /home/nikita/airflow-setup/ENV/lib/python3.12/site-packages/airflow/example_dags/example_nested_branch_dag.py for tasks to queue
[2026-05-04T01:31:54.546+0300] {logging_mixin.py:190} INFO - [2026-05-04T01:31:54.546+0300] {dagbag.py:588} INFO - Filling up the DagBag from /home/nikita/airflow-setup/ENV/lib/python3.12/site-packages/airflow/example_dags/example_nested_branch_dag.py
[2026-05-04T01:31:54.672+0300] {processor.py:925} INFO - DAG(s) 'example_nested_branch_dag' retrieved from /home/nikita/airflow-setup/ENV/lib/python3.12/site-packages/airflow/example_dags/example_nested_branch_dag.py
[2026-05-04T01:31:54.681+0300] {logging_mixin.py:190} INFO - [2026-05-04T01:31:54.681+0300] {dag.py:3239} INFO - Sync 1 DAGs
[2026-05-04T01:31:54.694+0300] {logging_mixin.py:190} INFO - [2026-05-04T01:31:54.693+0300] {dag.py:4180} INFO - Setting next_dagrun for example_nested_branch_dag to 2026-05-02 00:00:00+00:00, run_after=2026-05-03 00:00:00+00:00
[2026-05-04T01:31:54.710+0300] {processor.py:208} INFO - Processing /home/nikita/airflow-setup/ENV/lib/python3.12/site-packages/airflow/example_dags/example_nested_branch_dag.py took 0.178 seconds
[2026-05-04T01:33:06.123+0300] {processor.py:186} INFO - Started process (PID=20962) to work on /home/nikita/airflow-setup/ENV/lib/python3.12/site-packages/airflow/example_dags/example_nested_branch_dag.py
[2026-05-04T01:33:06.132+0300] {processor.py:914} INFO - Processing file /home/nikita/airflow-setup/ENV/lib/python3.12/site-packages/airflow/example_dags/example_nested_branch_dag.py for tasks to queue
[2026-05-04T01:33:06.133+0300] {logging_mixin.py:190} INFO - [2026-05-04T01:33:06.133+0300] {dagbag.py:588} INFO - Filling up the DagBag from /home/nikita/airflow-setup/ENV/lib/python3.12/site-packages/airflow/example_dags/example_nested_branch_dag.py
[2026-05-04T01:33:06.142+0300] {processor.py:925} INFO - DAG(s) 'example_nested_branch_dag' retrieved from /home/nikita/airflow-setup/ENV/lib/python3.12/site-packages/airflow/example_dags/example_nested_branch_dag.py
[2026-05-04T01:33:06.154+0300] {logging_mixin.py:190} INFO - [2026-05-04T01:33:06.154+0300] {dag.py:3239} INFO - Sync 1 DAGs
[2026-05-04T01:33:06.169+0300] {logging_mixin.py:190} INFO - [2026-05-04T01:33:06.169+0300] {dag.py:4180} INFO - Setting next_dagrun for example_nested_branch_dag to 2026-05-02 00:00:00+00:00, run_after=2026-05-03 00:00:00+00:00
[2026-05-04T01:33:06.185+0300] {processor.py:208} INFO - Processing /home/nikita/airflow-setup/ENV/lib/python3.12/site-packages/airflow/example_dags/example_nested_branch_dag.py took 0.066 seconds
[2026-05-04T01:34:07.984+0300] {processor.py:186} INFO - Started process (PID=21328) to work on /home/nikita/airflow-setup/ENV/lib/python3.12/site-packages/airflow/example_dags/example_nested_branch_dag.py
[2026-05-04T01:34:07.994+0300] {processor.py:914} INFO - Processing file /home/nikita/airflow-setup/ENV/lib/python3.12/site-packages/airflow/example_dags/example_nested_branch_dag.py for tasks to queue
[2026-05-04T01:34:07.995+0300] {logging_mixin.py:190} INFO - [2026-05-04T01:34:07.994+0300] {dagbag.py:588} INFO - Filling up the DagBag from /home/nikita/airflow-setup/ENV/lib/python3.12/site-packages/airflow/example_dags/example_nested_branch_dag.py
[2026-05-04T01:34:08.004+0300] {processor.py:925} INFO - DAG(s) 'example_nested_branch_dag' retrieved from /home/nikita/airflow-setup/ENV/lib/python3.12/site-packages/airflow/example_dags/example_nested_branch_dag.py
[2026-05-04T01:34:08.017+0300] {logging_mixin.py:190} INFO - [2026-05-04T01:34:08.017+0300] {dag.py:3239} INFO - Sync 1 DAGs
[2026-05-04T01:34:08.033+0300] {logging_mixin.py:190} INFO - [2026-05-04T01:34:08.033+0300] {dag.py:4180} INFO - Setting next_dagrun for example_nested_branch_dag to 2026-05-02 00:00:00+00:00, run_after=2026-05-03 00:00:00+00:00
[2026-05-04T01:34:08.051+0300] {processor.py:208} INFO - Processing /home/nikita/airflow-setup/ENV/lib/python3.12/site-packages/airflow/example_dags/example_nested_branch_dag.py took 0.071 seconds
[2026-05-04T01:35:13.480+0300] {processor.py:186} INFO - Started process (PID=21582) to work on /home/nikita/airflow-setup/ENV/lib/python3.12/site-packages/airflow/example_dags/example_nested_branch_dag.py
[2026-05-04T01:35:13.489+0300] {processor.py:914} INFO - Processing file /home/nikita/airflow-setup/ENV/lib/python3.12/site-packages/airflow/example_dags/example_nested_branch_dag.py for tasks to queue
[2026-05-04T01:35:13.491+0300] {logging_mixin.py:190} INFO - [2026-05-04T01:35:13.490+0300] {dagbag.py:588} INFO - Filling up the DagBag from /home/nikita/airflow-setup/ENV/lib/python3.12/site-packages/airflow/example_dags/example_nested_branch_dag.py
[2026-05-04T01:35:13.502+0300] {processor.py:925} INFO - DAG(s) 'example_nested_branch_dag' retrieved from /home/nikita/airflow-setup/ENV/lib/python3.12/site-packages/airflow/example_dags/example_nested_branch_dag.py
[2026-05-04T01:35:13.519+0300] {logging_mixin.py:190} INFO - [2026-05-04T01:35:13.518+0300] {dag.py:3239} INFO - Sync 1 DAGs
[2026-05-04T01:35:13.538+0300] {logging_mixin.py:190} INFO - [2026-05-04T01:35:13.538+0300] {dag.py:4180} INFO - Setting next_dagrun for example_nested_branch_dag to 2026-05-02 00:00:00+00:00, run_after=2026-05-03 00:00:00+00:00
[2026-05-04T01:35:13.556+0300] {processor.py:208} INFO - Processing /home/nikita/airflow-setup/ENV/lib/python3.12/site-packages/airflow/example_dags/example_nested_branch_dag.py took 0.082 seconds
[2026-05-04T01:36:14.985+0300] {processor.py:186} INFO - Started process (PID=21822) to work on /home/nikita/airflow-setup/ENV/lib/python3.12/site-packages/airflow/example_dags/example_nested_branch_dag.py
[2026-05-04T01:36:14.995+0300] {processor.py:914} INFO - Processing file /home/nikita/airflow-setup/ENV/lib/python3.12/site-packages/airflow/example_dags/example_nested_branch_dag.py for tasks to queue
[2026-05-04T01:36:14.996+0300] {logging_mixin.py:190} INFO - [2026-05-04T01:36:14.996+0300] {dagbag.py:588} INFO - Filling up the DagBag from /home/nikita/airflow-setup/ENV/lib/python3.12/site-packages/airflow/example_dags/example_nested_branch_dag.py
[2026-05-04T01:36:15.006+0300] {processor.py:925} INFO - DAG(s) 'example_nested_branch_dag' retrieved from /home/nikita/airflow-setup/ENV/lib/python3.12/site-packages/airflow/example_dags/example_nested_branch_dag.py
[2026-05-04T01:36:15.020+0300] {logging_mixin.py:190} INFO - [2026-05-04T01:36:15.020+0300] {dag.py:3239} INFO - Sync 1 DAGs
[2026-05-04T01:36:15.036+0300] {logging_mixin.py:190} INFO - [2026-05-04T01:36:15.035+0300] {dag.py:4180} INFO - Setting next_dagrun for example_nested_branch_dag to 2026-05-02 00:00:00+00:00, run_after=2026-05-03 00:00:00+00:00
[2026-05-04T01:36:15.052+0300] {processor.py:208} INFO - Processing /home/nikita/airflow-setup/ENV/lib/python3.12/site-packages/airflow/example_dags/example_nested_branch_dag.py took 0.071 seconds
