[2026-05-04T00:45:49.300+0300] {processor.py:186} INFO - Started process (PID=5945) to work on /home/nikita/airflow-setup/ENV/lib/python3.12/site-packages/airflow/example_dags/example_display_name.py
[2026-05-04T00:45:49.301+0300] {processor.py:914} INFO - Processing file /home/nikita/airflow-setup/ENV/lib/python3.12/site-packages/airflow/example_dags/example_display_name.py for tasks to queue
[2026-05-04T00:45:49.302+0300] {logging_mixin.py:190} INFO - [2026-05-04T00:45:49.302+0300] {dagbag.py:588} INFO - Filling up the DagBag from /home/nikita/airflow-setup/ENV/lib/python3.12/site-packages/airflow/example_dags/example_display_name.py
[2026-05-04T00:45:49.308+0300] {processor.py:925} INFO - DAG(s) 'example_display_name' retrieved from /home/nikita/airflow-setup/ENV/lib/python3.12/site-packages/airflow/example_dags/example_display_name.py
[2026-05-04T00:45:49.378+0300] {logging_mixin.py:190} INFO - [2026-05-04T00:45:49.377+0300] {override.py:1930} INFO - Created Permission View: can read on DAG:example_display_name
[2026-05-04T00:45:49.386+0300] {logging_mixin.py:190} INFO - [2026-05-04T00:45:49.386+0300] {override.py:1930} INFO - Created Permission View: can delete on DAG:example_display_name
[2026-05-04T00:45:49.391+0300] {logging_mixin.py:190} INFO - [2026-05-04T00:45:49.391+0300] {override.py:1930} INFO - Created Permission View: can edit on DAG:example_display_name
[2026-05-04T00:45:49.401+0300] {logging_mixin.py:190} INFO - [2026-05-04T00:45:49.400+0300] {override.py:1930} INFO - Created Permission View: can read on DAG Run:example_display_name
[2026-05-04T00:45:49.406+0300] {logging_mixin.py:190} INFO - [2026-05-04T00:45:49.406+0300] {override.py:1930} INFO - Created Permission View: can delete on DAG Run:example_display_name
[2026-05-04T00:45:49.411+0300] {logging_mixin.py:190} INFO - [2026-05-04T00:45:49.411+0300] {override.py:1930} INFO - Created Permission View: menu access on DAG Run:example_display_name
[2026-05-04T00:45:49.417+0300] {logging_mixin.py:190} INFO - [2026-05-04T00:45:49.416+0300] {override.py:1930} INFO - Created Permission View: can create on DAG Run:example_display_name
[2026-05-04T00:45:49.417+0300] {logging_mixin.py:190} INFO - [2026-05-04T00:45:49.417+0300] {dag.py:3239} INFO - Sync 1 DAGs
[2026-05-04T00:45:49.424+0300] {logging_mixin.py:190} INFO - [2026-05-04T00:45:49.423+0300] {dag.py:3262} INFO - Creating ORM DAG for example_display_name
[2026-05-04T00:45:49.424+0300] {logging_mixin.py:190} INFO - [2026-05-04T00:45:49.424+0300] {dag.py:4180} INFO - Setting next_dagrun for example_display_name to None, run_after=None
[2026-05-04T00:45:49.437+0300] {processor.py:208} INFO - Processing /home/nikita/airflow-setup/ENV/lib/python3.12/site-packages/airflow/example_dags/example_display_name.py took 0.140 seconds
[2026-05-04T00:46:53.037+0300] {processor.py:186} INFO - Started process (PID=6006) to work on /home/nikita/airflow-setup/ENV/lib/python3.12/site-packages/airflow/example_dags/example_display_name.py
[2026-05-04T00:46:53.039+0300] {processor.py:914} INFO - Processing file /home/nikita/airflow-setup/ENV/lib/python3.12/site-packages/airflow/example_dags/example_display_name.py for tasks to queue
[2026-05-04T00:46:53.045+0300] {logging_mixin.py:190} INFO - [2026-05-04T00:46:53.044+0300] {dagbag.py:588} INFO - Filling up the DagBag from /home/nikita/airflow-setup/ENV/lib/python3.12/site-packages/airflow/example_dags/example_display_name.py
[2026-05-04T00:46:53.057+0300] {processor.py:925} INFO - DAG(s) 'example_display_name' retrieved from /home/nikita/airflow-setup/ENV/lib/python3.12/site-packages/airflow/example_dags/example_display_name.py
[2026-05-04T00:46:53.076+0300] {logging_mixin.py:190} INFO - [2026-05-04T00:46:53.076+0300] {dag.py:3239} INFO - Sync 1 DAGs
[2026-05-04T00:46:53.094+0300] {logging_mixin.py:190} INFO - [2026-05-04T00:46:53.093+0300] {dag.py:4180} INFO - Setting next_dagrun for example_display_name to None, run_after=None
[2026-05-04T00:46:53.116+0300] {processor.py:208} INFO - Processing /home/nikita/airflow-setup/ENV/lib/python3.12/site-packages/airflow/example_dags/example_display_name.py took 0.087 seconds
[2026-05-04T00:47:53.744+0300] {processor.py:186} INFO - Started process (PID=6081) to work on /home/nikita/airflow-setup/ENV/lib/python3.12/site-packages/airflow/example_dags/example_display_name.py
[2026-05-04T00:47:53.746+0300] {processor.py:914} INFO - Processing file /home/nikita/airflow-setup/ENV/lib/python3.12/site-packages/airflow/example_dags/example_display_name.py for tasks to queue
[2026-05-04T00:47:53.748+0300] {logging_mixin.py:190} INFO - [2026-05-04T00:47:53.747+0300] {dagbag.py:588} INFO - Filling up the DagBag from /home/nikita/airflow-setup/ENV/lib/python3.12/site-packages/airflow/example_dags/example_display_name.py
[2026-05-04T00:47:53.753+0300] {processor.py:925} INFO - DAG(s) 'example_display_name' retrieved from /home/nikita/airflow-setup/ENV/lib/python3.12/site-packages/airflow/example_dags/example_display_name.py
[2026-05-04T00:47:53.763+0300] {logging_mixin.py:190} INFO - [2026-05-04T00:47:53.763+0300] {dag.py:3239} INFO - Sync 1 DAGs
[2026-05-04T00:47:53.771+0300] {logging_mixin.py:190} INFO - [2026-05-04T00:47:53.771+0300] {dag.py:4180} INFO - Setting next_dagrun for example_display_name to None, run_after=None
[2026-05-04T00:47:53.786+0300] {processor.py:208} INFO - Processing /home/nikita/airflow-setup/ENV/lib/python3.12/site-packages/airflow/example_dags/example_display_name.py took 0.046 seconds
[2026-05-04T00:48:55.077+0300] {processor.py:186} INFO - Started process (PID=6139) to work on /home/nikita/airflow-setup/ENV/lib/python3.12/site-packages/airflow/example_dags/example_display_name.py
[2026-05-04T00:48:55.086+0300] {processor.py:914} INFO - Processing file /home/nikita/airflow-setup/ENV/lib/python3.12/site-packages/airflow/example_dags/example_display_name.py for tasks to queue
[2026-05-04T00:48:55.088+0300] {logging_mixin.py:190} INFO - [2026-05-04T00:48:55.088+0300] {dagbag.py:588} INFO - Filling up the DagBag from /home/nikita/airflow-setup/ENV/lib/python3.12/site-packages/airflow/example_dags/example_display_name.py
[2026-05-04T00:48:55.094+0300] {processor.py:925} INFO - DAG(s) 'example_display_name' retrieved from /home/nikita/airflow-setup/ENV/lib/python3.12/site-packages/airflow/example_dags/example_display_name.py
[2026-05-04T00:48:55.105+0300] {logging_mixin.py:190} INFO - [2026-05-04T00:48:55.104+0300] {dag.py:3239} INFO - Sync 1 DAGs
[2026-05-04T00:48:55.113+0300] {logging_mixin.py:190} INFO - [2026-05-04T00:48:55.113+0300] {dag.py:4180} INFO - Setting next_dagrun for example_display_name to None, run_after=None
[2026-05-04T00:48:55.130+0300] {processor.py:208} INFO - Processing /home/nikita/airflow-setup/ENV/lib/python3.12/site-packages/airflow/example_dags/example_display_name.py took 0.057 seconds
[2026-05-04T00:49:51.675+0300] {processor.py:186} INFO - Started process (PID=6196) to work on /home/nikita/airflow-setup/ENV/lib/python3.12/site-packages/airflow/example_dags/example_display_name.py
[2026-05-04T00:49:51.685+0300] {processor.py:914} INFO - Processing file /home/nikita/airflow-setup/ENV/lib/python3.12/site-packages/airflow/example_dags/example_display_name.py for tasks to queue
[2026-05-04T00:49:51.687+0300] {logging_mixin.py:190} INFO - [2026-05-04T00:49:51.687+0300] {dagbag.py:588} INFO - Filling up the DagBag from /home/nikita/airflow-setup/ENV/lib/python3.12/site-packages/airflow/example_dags/example_display_name.py
[2026-05-04T00:49:51.693+0300] {processor.py:925} INFO - DAG(s) 'example_display_name' retrieved from /home/nikita/airflow-setup/ENV/lib/python3.12/site-packages/airflow/example_dags/example_display_name.py
[2026-05-04T00:49:51.705+0300] {logging_mixin.py:190} INFO - [2026-05-04T00:49:51.704+0300] {dag.py:3239} INFO - Sync 1 DAGs
[2026-05-04T00:49:51.714+0300] {logging_mixin.py:190} INFO - [2026-05-04T00:49:51.714+0300] {dag.py:4180} INFO - Setting next_dagrun for example_display_name to None, run_after=None
[2026-05-04T00:49:51.730+0300] {processor.py:208} INFO - Processing /home/nikita/airflow-setup/ENV/lib/python3.12/site-packages/airflow/example_dags/example_display_name.py took 0.059 seconds
[2026-05-04T00:50:45.886+0300] {processor.py:186} INFO - Started process (PID=6272) to work on /home/nikita/airflow-setup/ENV/lib/python3.12/site-packages/airflow/example_dags/example_display_name.py
[2026-05-04T00:50:45.888+0300] {processor.py:914} INFO - Processing file /home/nikita/airflow-setup/ENV/lib/python3.12/site-packages/airflow/example_dags/example_display_name.py for tasks to queue
[2026-05-04T00:50:45.889+0300] {logging_mixin.py:190} INFO - [2026-05-04T00:50:45.889+0300] {dagbag.py:588} INFO - Filling up the DagBag from /home/nikita/airflow-setup/ENV/lib/python3.12/site-packages/airflow/example_dags/example_display_name.py
[2026-05-04T00:50:45.897+0300] {processor.py:925} INFO - DAG(s) 'example_display_name' retrieved from /home/nikita/airflow-setup/ENV/lib/python3.12/site-packages/airflow/example_dags/example_display_name.py
[2026-05-04T00:50:45.909+0300] {logging_mixin.py:190} INFO - [2026-05-04T00:50:45.909+0300] {dag.py:3239} INFO - Sync 1 DAGs
[2026-05-04T00:50:45.918+0300] {logging_mixin.py:190} INFO - [2026-05-04T00:50:45.918+0300] {dag.py:4180} INFO - Setting next_dagrun for example_display_name to None, run_after=None
[2026-05-04T00:50:45.934+0300] {processor.py:208} INFO - Processing /home/nikita/airflow-setup/ENV/lib/python3.12/site-packages/airflow/example_dags/example_display_name.py took 0.052 seconds
[2026-05-04T00:51:40.124+0300] {processor.py:186} INFO - Started process (PID=6328) to work on /home/nikita/airflow-setup/ENV/lib/python3.12/site-packages/airflow/example_dags/example_display_name.py
[2026-05-04T00:51:40.134+0300] {processor.py:914} INFO - Processing file /home/nikita/airflow-setup/ENV/lib/python3.12/site-packages/airflow/example_dags/example_display_name.py for tasks to queue
[2026-05-04T00:51:40.136+0300] {logging_mixin.py:190} INFO - [2026-05-04T00:51:40.135+0300] {dagbag.py:588} INFO - Filling up the DagBag from /home/nikita/airflow-setup/ENV/lib/python3.12/site-packages/airflow/example_dags/example_display_name.py
[2026-05-04T00:51:40.142+0300] {processor.py:925} INFO - DAG(s) 'example_display_name' retrieved from /home/nikita/airflow-setup/ENV/lib/python3.12/site-packages/airflow/example_dags/example_display_name.py
[2026-05-04T00:51:40.153+0300] {logging_mixin.py:190} INFO - [2026-05-04T00:51:40.153+0300] {dag.py:3239} INFO - Sync 1 DAGs
[2026-05-04T00:51:40.162+0300] {logging_mixin.py:190} INFO - [2026-05-04T00:51:40.162+0300] {dag.py:4180} INFO - Setting next_dagrun for example_display_name to None, run_after=None
[2026-05-04T00:51:40.178+0300] {processor.py:208} INFO - Processing /home/nikita/airflow-setup/ENV/lib/python3.12/site-packages/airflow/example_dags/example_display_name.py took 0.058 seconds
[2026-05-04T00:52:40.145+0300] {processor.py:186} INFO - Started process (PID=6385) to work on /home/nikita/airflow-setup/ENV/lib/python3.12/site-packages/airflow/example_dags/example_display_name.py
[2026-05-04T00:52:40.146+0300] {processor.py:914} INFO - Processing file /home/nikita/airflow-setup/ENV/lib/python3.12/site-packages/airflow/example_dags/example_display_name.py for tasks to queue
[2026-05-04T00:52:40.150+0300] {logging_mixin.py:190} INFO - [2026-05-04T00:52:40.150+0300] {dagbag.py:588} INFO - Filling up the DagBag from /home/nikita/airflow-setup/ENV/lib/python3.12/site-packages/airflow/example_dags/example_display_name.py
[2026-05-04T00:52:40.160+0300] {processor.py:925} INFO - DAG(s) 'example_display_name' retrieved from /home/nikita/airflow-setup/ENV/lib/python3.12/site-packages/airflow/example_dags/example_display_name.py
[2026-05-04T00:52:40.177+0300] {logging_mixin.py:190} INFO - [2026-05-04T00:52:40.177+0300] {dag.py:3239} INFO - Sync 1 DAGs
[2026-05-04T00:52:40.201+0300] {logging_mixin.py:190} INFO - [2026-05-04T00:52:40.199+0300] {dag.py:4180} INFO - Setting next_dagrun for example_display_name to None, run_after=None
[2026-05-04T00:52:40.252+0300] {processor.py:208} INFO - Processing /home/nikita/airflow-setup/ENV/lib/python3.12/site-packages/airflow/example_dags/example_display_name.py took 0.114 seconds
[2026-05-04T00:53:43.151+0300] {processor.py:186} INFO - Started process (PID=6465) to work on /home/nikita/airflow-setup/ENV/lib/python3.12/site-packages/airflow/example_dags/example_display_name.py
[2026-05-04T00:53:43.160+0300] {processor.py:914} INFO - Processing file /home/nikita/airflow-setup/ENV/lib/python3.12/site-packages/airflow/example_dags/example_display_name.py for tasks to queue
[2026-05-04T00:53:43.161+0300] {logging_mixin.py:190} INFO - [2026-05-04T00:53:43.161+0300] {dagbag.py:588} INFO - Filling up the DagBag from /home/nikita/airflow-setup/ENV/lib/python3.12/site-packages/airflow/example_dags/example_display_name.py
[2026-05-04T00:53:43.167+0300] {processor.py:925} INFO - DAG(s) 'example_display_name' retrieved from /home/nikita/airflow-setup/ENV/lib/python3.12/site-packages/airflow/example_dags/example_display_name.py
[2026-05-04T00:53:43.177+0300] {logging_mixin.py:190} INFO - [2026-05-04T00:53:43.177+0300] {dag.py:3239} INFO - Sync 1 DAGs
[2026-05-04T00:53:43.185+0300] {logging_mixin.py:190} INFO - [2026-05-04T00:53:43.185+0300] {dag.py:4180} INFO - Setting next_dagrun for example_display_name to None, run_after=None
[2026-05-04T00:53:43.201+0300] {processor.py:208} INFO - Processing /home/nikita/airflow-setup/ENV/lib/python3.12/site-packages/airflow/example_dags/example_display_name.py took 0.054 seconds
[2026-05-04T00:54:44.588+0300] {processor.py:186} INFO - Started process (PID=6532) to work on /home/nikita/airflow-setup/ENV/lib/python3.12/site-packages/airflow/example_dags/example_display_name.py
[2026-05-04T00:54:44.598+0300] {processor.py:914} INFO - Processing file /home/nikita/airflow-setup/ENV/lib/python3.12/site-packages/airflow/example_dags/example_display_name.py for tasks to queue
[2026-05-04T00:54:44.600+0300] {logging_mixin.py:190} INFO - [2026-05-04T00:54:44.599+0300] {dagbag.py:588} INFO - Filling up the DagBag from /home/nikita/airflow-setup/ENV/lib/python3.12/site-packages/airflow/example_dags/example_display_name.py
[2026-05-04T00:54:44.607+0300] {processor.py:925} INFO - DAG(s) 'example_display_name' retrieved from /home/nikita/airflow-setup/ENV/lib/python3.12/site-packages/airflow/example_dags/example_display_name.py
[2026-05-04T00:54:44.619+0300] {logging_mixin.py:190} INFO - [2026-05-04T00:54:44.619+0300] {dag.py:3239} INFO - Sync 1 DAGs
[2026-05-04T00:54:44.630+0300] {logging_mixin.py:190} INFO - [2026-05-04T00:54:44.629+0300] {dag.py:4180} INFO - Setting next_dagrun for example_display_name to None, run_after=None
[2026-05-04T00:54:44.646+0300] {processor.py:208} INFO - Processing /home/nikita/airflow-setup/ENV/lib/python3.12/site-packages/airflow/example_dags/example_display_name.py took 0.062 seconds
[2026-05-04T00:55:48.570+0300] {processor.py:186} INFO - Started process (PID=6591) to work on /home/nikita/airflow-setup/ENV/lib/python3.12/site-packages/airflow/example_dags/example_display_name.py
[2026-05-04T00:55:48.571+0300] {processor.py:914} INFO - Processing file /home/nikita/airflow-setup/ENV/lib/python3.12/site-packages/airflow/example_dags/example_display_name.py for tasks to queue
[2026-05-04T00:55:48.573+0300] {logging_mixin.py:190} INFO - [2026-05-04T00:55:48.573+0300] {dagbag.py:588} INFO - Filling up the DagBag from /home/nikita/airflow-setup/ENV/lib/python3.12/site-packages/airflow/example_dags/example_display_name.py
[2026-05-04T00:55:48.581+0300] {processor.py:925} INFO - DAG(s) 'example_display_name' retrieved from /home/nikita/airflow-setup/ENV/lib/python3.12/site-packages/airflow/example_dags/example_display_name.py
[2026-05-04T00:55:48.594+0300] {logging_mixin.py:190} INFO - [2026-05-04T00:55:48.593+0300] {dag.py:3239} INFO - Sync 1 DAGs
[2026-05-04T00:55:48.604+0300] {logging_mixin.py:190} INFO - [2026-05-04T00:55:48.604+0300] {dag.py:4180} INFO - Setting next_dagrun for example_display_name to None, run_after=None
[2026-05-04T00:55:48.622+0300] {processor.py:208} INFO - Processing /home/nikita/airflow-setup/ENV/lib/python3.12/site-packages/airflow/example_dags/example_display_name.py took 0.057 seconds
[2026-05-04T00:56:47.487+0300] {processor.py:186} INFO - Started process (PID=6843) to work on /home/nikita/airflow-setup/ENV/lib/python3.12/site-packages/airflow/example_dags/example_display_name.py
[2026-05-04T00:56:47.489+0300] {processor.py:914} INFO - Processing file /home/nikita/airflow-setup/ENV/lib/python3.12/site-packages/airflow/example_dags/example_display_name.py for tasks to queue
[2026-05-04T00:56:47.491+0300] {logging_mixin.py:190} INFO - [2026-05-04T00:56:47.491+0300] {dagbag.py:588} INFO - Filling up the DagBag from /home/nikita/airflow-setup/ENV/lib/python3.12/site-packages/airflow/example_dags/example_display_name.py
[2026-05-04T00:56:47.498+0300] {processor.py:925} INFO - DAG(s) 'example_display_name' retrieved from /home/nikita/airflow-setup/ENV/lib/python3.12/site-packages/airflow/example_dags/example_display_name.py
[2026-05-04T00:56:47.513+0300] {logging_mixin.py:190} INFO - [2026-05-04T00:56:47.512+0300] {dag.py:3239} INFO - Sync 1 DAGs
[2026-05-04T00:56:47.525+0300] {logging_mixin.py:190} INFO - [2026-05-04T00:56:47.525+0300] {dag.py:4180} INFO - Setting next_dagrun for example_display_name to None, run_after=None
[2026-05-04T00:56:47.544+0300] {processor.py:208} INFO - Processing /home/nikita/airflow-setup/ENV/lib/python3.12/site-packages/airflow/example_dags/example_display_name.py took 0.064 seconds
[2026-05-04T00:57:48.297+0300] {processor.py:186} INFO - Started process (PID=7140) to work on /home/nikita/airflow-setup/ENV/lib/python3.12/site-packages/airflow/example_dags/example_display_name.py
[2026-05-04T00:57:48.306+0300] {processor.py:914} INFO - Processing file /home/nikita/airflow-setup/ENV/lib/python3.12/site-packages/airflow/example_dags/example_display_name.py for tasks to queue
[2026-05-04T00:57:48.308+0300] {logging_mixin.py:190} INFO - [2026-05-04T00:57:48.307+0300] {dagbag.py:588} INFO - Filling up the DagBag from /home/nikita/airflow-setup/ENV/lib/python3.12/site-packages/airflow/example_dags/example_display_name.py
[2026-05-04T00:57:48.314+0300] {processor.py:925} INFO - DAG(s) 'example_display_name' retrieved from /home/nikita/airflow-setup/ENV/lib/python3.12/site-packages/airflow/example_dags/example_display_name.py
[2026-05-04T00:57:48.326+0300] {logging_mixin.py:190} INFO - [2026-05-04T00:57:48.325+0300] {dag.py:3239} INFO - Sync 1 DAGs
[2026-05-04T00:57:48.335+0300] {logging_mixin.py:190} INFO - [2026-05-04T00:57:48.334+0300] {dag.py:4180} INFO - Setting next_dagrun for example_display_name to None, run_after=None
[2026-05-04T00:57:48.351+0300] {processor.py:208} INFO - Processing /home/nikita/airflow-setup/ENV/lib/python3.12/site-packages/airflow/example_dags/example_display_name.py took 0.059 seconds
[2026-05-04T00:58:46.018+0300] {processor.py:186} INFO - Started process (PID=7360) to work on /home/nikita/airflow-setup/ENV/lib/python3.12/site-packages/airflow/example_dags/example_display_name.py
[2026-05-04T00:58:46.026+0300] {processor.py:914} INFO - Processing file /home/nikita/airflow-setup/ENV/lib/python3.12/site-packages/airflow/example_dags/example_display_name.py for tasks to queue
[2026-05-04T00:58:46.028+0300] {logging_mixin.py:190} INFO - [2026-05-04T00:58:46.028+0300] {dagbag.py:588} INFO - Filling up the DagBag from /home/nikita/airflow-setup/ENV/lib/python3.12/site-packages/airflow/example_dags/example_display_name.py
[2026-05-04T00:58:46.035+0300] {processor.py:925} INFO - DAG(s) 'example_display_name' retrieved from /home/nikita/airflow-setup/ENV/lib/python3.12/site-packages/airflow/example_dags/example_display_name.py
[2026-05-04T00:58:46.049+0300] {logging_mixin.py:190} INFO - [2026-05-04T00:58:46.049+0300] {dag.py:3239} INFO - Sync 1 DAGs
[2026-05-04T00:58:46.060+0300] {logging_mixin.py:190} INFO - [2026-05-04T00:58:46.060+0300] {dag.py:4180} INFO - Setting next_dagrun for example_display_name to None, run_after=None
[2026-05-04T00:58:46.077+0300] {processor.py:208} INFO - Processing /home/nikita/airflow-setup/ENV/lib/python3.12/site-packages/airflow/example_dags/example_display_name.py took 0.064 seconds
[2026-05-04T00:59:45.890+0300] {processor.py:186} INFO - Started process (PID=8191) to work on /home/nikita/airflow-setup/ENV/lib/python3.12/site-packages/airflow/example_dags/example_display_name.py
[2026-05-04T00:59:45.899+0300] {processor.py:914} INFO - Processing file /home/nikita/airflow-setup/ENV/lib/python3.12/site-packages/airflow/example_dags/example_display_name.py for tasks to queue
[2026-05-04T00:59:45.901+0300] {logging_mixin.py:190} INFO - [2026-05-04T00:59:45.900+0300] {dagbag.py:588} INFO - Filling up the DagBag from /home/nikita/airflow-setup/ENV/lib/python3.12/site-packages/airflow/example_dags/example_display_name.py
[2026-05-04T00:59:45.907+0300] {processor.py:925} INFO - DAG(s) 'example_display_name' retrieved from /home/nikita/airflow-setup/ENV/lib/python3.12/site-packages/airflow/example_dags/example_display_name.py
[2026-05-04T00:59:45.918+0300] {logging_mixin.py:190} INFO - [2026-05-04T00:59:45.918+0300] {dag.py:3239} INFO - Sync 1 DAGs
[2026-05-04T00:59:45.928+0300] {logging_mixin.py:190} INFO - [2026-05-04T00:59:45.927+0300] {dag.py:4180} INFO - Setting next_dagrun for example_display_name to None, run_after=None
[2026-05-04T00:59:45.945+0300] {processor.py:208} INFO - Processing /home/nikita/airflow-setup/ENV/lib/python3.12/site-packages/airflow/example_dags/example_display_name.py took 0.061 seconds
[2026-05-04T01:00:50.579+0300] {processor.py:186} INFO - Started process (PID=8439) to work on /home/nikita/airflow-setup/ENV/lib/python3.12/site-packages/airflow/example_dags/example_display_name.py
[2026-05-04T01:00:50.580+0300] {processor.py:914} INFO - Processing file /home/nikita/airflow-setup/ENV/lib/python3.12/site-packages/airflow/example_dags/example_display_name.py for tasks to queue
[2026-05-04T01:00:50.583+0300] {logging_mixin.py:190} INFO - [2026-05-04T01:00:50.582+0300] {dagbag.py:588} INFO - Filling up the DagBag from /home/nikita/airflow-setup/ENV/lib/python3.12/site-packages/airflow/example_dags/example_display_name.py
[2026-05-04T01:00:50.589+0300] {processor.py:925} INFO - DAG(s) 'example_display_name' retrieved from /home/nikita/airflow-setup/ENV/lib/python3.12/site-packages/airflow/example_dags/example_display_name.py
[2026-05-04T01:00:50.599+0300] {logging_mixin.py:190} INFO - [2026-05-04T01:00:50.599+0300] {dag.py:3239} INFO - Sync 1 DAGs
[2026-05-04T01:00:50.609+0300] {logging_mixin.py:190} INFO - [2026-05-04T01:00:50.609+0300] {dag.py:4180} INFO - Setting next_dagrun for example_display_name to None, run_after=None
[2026-05-04T01:00:50.626+0300] {processor.py:208} INFO - Processing /home/nikita/airflow-setup/ENV/lib/python3.12/site-packages/airflow/example_dags/example_display_name.py took 0.052 seconds
[2026-05-04T01:01:57.271+0300] {processor.py:186} INFO - Started process (PID=9071) to work on /home/nikita/airflow-setup/ENV/lib/python3.12/site-packages/airflow/example_dags/example_display_name.py
[2026-05-04T01:01:57.273+0300] {processor.py:914} INFO - Processing file /home/nikita/airflow-setup/ENV/lib/python3.12/site-packages/airflow/example_dags/example_display_name.py for tasks to queue
[2026-05-04T01:01:57.274+0300] {logging_mixin.py:190} INFO - [2026-05-04T01:01:57.273+0300] {dagbag.py:588} INFO - Filling up the DagBag from /home/nikita/airflow-setup/ENV/lib/python3.12/site-packages/airflow/example_dags/example_display_name.py
[2026-05-04T01:01:57.280+0300] {processor.py:925} INFO - DAG(s) 'example_display_name' retrieved from /home/nikita/airflow-setup/ENV/lib/python3.12/site-packages/airflow/example_dags/example_display_name.py
[2026-05-04T01:01:57.292+0300] {logging_mixin.py:190} INFO - [2026-05-04T01:01:57.291+0300] {dag.py:3239} INFO - Sync 1 DAGs
[2026-05-04T01:01:57.302+0300] {logging_mixin.py:190} INFO - [2026-05-04T01:01:57.302+0300] {dag.py:4180} INFO - Setting next_dagrun for example_display_name to None, run_after=None
[2026-05-04T01:01:57.320+0300] {processor.py:208} INFO - Processing /home/nikita/airflow-setup/ENV/lib/python3.12/site-packages/airflow/example_dags/example_display_name.py took 0.052 seconds
[2026-05-04T01:03:04.589+0300] {processor.py:186} INFO - Started process (PID=9616) to work on /home/nikita/airflow-setup/ENV/lib/python3.12/site-packages/airflow/example_dags/example_display_name.py
[2026-05-04T01:03:04.599+0300] {processor.py:914} INFO - Processing file /home/nikita/airflow-setup/ENV/lib/python3.12/site-packages/airflow/example_dags/example_display_name.py for tasks to queue
[2026-05-04T01:03:04.600+0300] {logging_mixin.py:190} INFO - [2026-05-04T01:03:04.600+0300] {dagbag.py:588} INFO - Filling up the DagBag from /home/nikita/airflow-setup/ENV/lib/python3.12/site-packages/airflow/example_dags/example_display_name.py
[2026-05-04T01:03:04.606+0300] {processor.py:925} INFO - DAG(s) 'example_display_name' retrieved from /home/nikita/airflow-setup/ENV/lib/python3.12/site-packages/airflow/example_dags/example_display_name.py
[2026-05-04T01:03:04.616+0300] {logging_mixin.py:190} INFO - [2026-05-04T01:03:04.616+0300] {dag.py:3239} INFO - Sync 1 DAGs
[2026-05-04T01:03:04.625+0300] {logging_mixin.py:190} INFO - [2026-05-04T01:03:04.625+0300] {dag.py:4180} INFO - Setting next_dagrun for example_display_name to None, run_after=None
[2026-05-04T01:03:04.640+0300] {processor.py:208} INFO - Processing /home/nikita/airflow-setup/ENV/lib/python3.12/site-packages/airflow/example_dags/example_display_name.py took 0.055 seconds
[2026-05-04T01:04:07.200+0300] {processor.py:186} INFO - Started process (PID=9882) to work on /home/nikita/airflow-setup/ENV/lib/python3.12/site-packages/airflow/example_dags/example_display_name.py
[2026-05-04T01:04:07.202+0300] {processor.py:914} INFO - Processing file /home/nikita/airflow-setup/ENV/lib/python3.12/site-packages/airflow/example_dags/example_display_name.py for tasks to queue
[2026-05-04T01:04:07.203+0300] {logging_mixin.py:190} INFO - [2026-05-04T01:04:07.203+0300] {dagbag.py:588} INFO - Filling up the DagBag from /home/nikita/airflow-setup/ENV/lib/python3.12/site-packages/airflow/example_dags/example_display_name.py
[2026-05-04T01:04:07.209+0300] {processor.py:925} INFO - DAG(s) 'example_display_name' retrieved from /home/nikita/airflow-setup/ENV/lib/python3.12/site-packages/airflow/example_dags/example_display_name.py
[2026-05-04T01:04:07.220+0300] {logging_mixin.py:190} INFO - [2026-05-04T01:04:07.220+0300] {dag.py:3239} INFO - Sync 1 DAGs
[2026-05-04T01:04:07.230+0300] {logging_mixin.py:190} INFO - [2026-05-04T01:04:07.230+0300] {dag.py:4180} INFO - Setting next_dagrun for example_display_name to None, run_after=None
[2026-05-04T01:04:07.247+0300] {processor.py:208} INFO - Processing /home/nikita/airflow-setup/ENV/lib/python3.12/site-packages/airflow/example_dags/example_display_name.py took 0.051 seconds
[2026-05-04T01:05:11.597+0300] {processor.py:186} INFO - Started process (PID=10133) to work on /home/nikita/airflow-setup/ENV/lib/python3.12/site-packages/airflow/example_dags/example_display_name.py
[2026-05-04T01:05:11.606+0300] {processor.py:914} INFO - Processing file /home/nikita/airflow-setup/ENV/lib/python3.12/site-packages/airflow/example_dags/example_display_name.py for tasks to queue
[2026-05-04T01:05:11.607+0300] {logging_mixin.py:190} INFO - [2026-05-04T01:05:11.607+0300] {dagbag.py:588} INFO - Filling up the DagBag from /home/nikita/airflow-setup/ENV/lib/python3.12/site-packages/airflow/example_dags/example_display_name.py
[2026-05-04T01:05:11.614+0300] {processor.py:925} INFO - DAG(s) 'example_display_name' retrieved from /home/nikita/airflow-setup/ENV/lib/python3.12/site-packages/airflow/example_dags/example_display_name.py
[2026-05-04T01:05:11.624+0300] {logging_mixin.py:190} INFO - [2026-05-04T01:05:11.624+0300] {dag.py:3239} INFO - Sync 1 DAGs
[2026-05-04T01:05:11.634+0300] {logging_mixin.py:190} INFO - [2026-05-04T01:05:11.633+0300] {dag.py:4180} INFO - Setting next_dagrun for example_display_name to None, run_after=None
[2026-05-04T01:05:11.651+0300] {processor.py:208} INFO - Processing /home/nikita/airflow-setup/ENV/lib/python3.12/site-packages/airflow/example_dags/example_display_name.py took 0.058 seconds
[2026-05-04T01:06:18.076+0300] {processor.py:186} INFO - Started process (PID=10410) to work on /home/nikita/airflow-setup/ENV/lib/python3.12/site-packages/airflow/example_dags/example_display_name.py
[2026-05-04T01:06:18.078+0300] {processor.py:914} INFO - Processing file /home/nikita/airflow-setup/ENV/lib/python3.12/site-packages/airflow/example_dags/example_display_name.py for tasks to queue
[2026-05-04T01:06:18.079+0300] {logging_mixin.py:190} INFO - [2026-05-04T01:06:18.078+0300] {dagbag.py:588} INFO - Filling up the DagBag from /home/nikita/airflow-setup/ENV/lib/python3.12/site-packages/airflow/example_dags/example_display_name.py
[2026-05-04T01:06:18.085+0300] {processor.py:925} INFO - DAG(s) 'example_display_name' retrieved from /home/nikita/airflow-setup/ENV/lib/python3.12/site-packages/airflow/example_dags/example_display_name.py
[2026-05-04T01:06:18.096+0300] {logging_mixin.py:190} INFO - [2026-05-04T01:06:18.096+0300] {dag.py:3239} INFO - Sync 1 DAGs
[2026-05-04T01:06:18.106+0300] {logging_mixin.py:190} INFO - [2026-05-04T01:06:18.106+0300] {dag.py:4180} INFO - Setting next_dagrun for example_display_name to None, run_after=None
[2026-05-04T01:06:18.121+0300] {processor.py:208} INFO - Processing /home/nikita/airflow-setup/ENV/lib/python3.12/site-packages/airflow/example_dags/example_display_name.py took 0.050 seconds
[2026-05-04T01:07:23.334+0300] {processor.py:186} INFO - Started process (PID=10659) to work on /home/nikita/airflow-setup/ENV/lib/python3.12/site-packages/airflow/example_dags/example_display_name.py
[2026-05-04T01:07:23.344+0300] {processor.py:914} INFO - Processing file /home/nikita/airflow-setup/ENV/lib/python3.12/site-packages/airflow/example_dags/example_display_name.py for tasks to queue
[2026-05-04T01:07:23.345+0300] {logging_mixin.py:190} INFO - [2026-05-04T01:07:23.344+0300] {dagbag.py:588} INFO - Filling up the DagBag from /home/nikita/airflow-setup/ENV/lib/python3.12/site-packages/airflow/example_dags/example_display_name.py
[2026-05-04T01:07:23.351+0300] {processor.py:925} INFO - DAG(s) 'example_display_name' retrieved from /home/nikita/airflow-setup/ENV/lib/python3.12/site-packages/airflow/example_dags/example_display_name.py
[2026-05-04T01:07:23.363+0300] {logging_mixin.py:190} INFO - [2026-05-04T01:07:23.362+0300] {dag.py:3239} INFO - Sync 1 DAGs
[2026-05-04T01:07:23.373+0300] {logging_mixin.py:190} INFO - [2026-05-04T01:07:23.372+0300] {dag.py:4180} INFO - Setting next_dagrun for example_display_name to None, run_after=None
[2026-05-04T01:07:23.392+0300] {processor.py:208} INFO - Processing /home/nikita/airflow-setup/ENV/lib/python3.12/site-packages/airflow/example_dags/example_display_name.py took 0.064 seconds
[2026-05-04T01:08:31.855+0300] {processor.py:186} INFO - Started process (PID=11223) to work on /home/nikita/airflow-setup/ENV/lib/python3.12/site-packages/airflow/example_dags/example_display_name.py
[2026-05-04T01:08:31.861+0300] {processor.py:914} INFO - Processing file /home/nikita/airflow-setup/ENV/lib/python3.12/site-packages/airflow/example_dags/example_display_name.py for tasks to queue
[2026-05-04T01:08:31.862+0300] {logging_mixin.py:190} INFO - [2026-05-04T01:08:31.862+0300] {dagbag.py:588} INFO - Filling up the DagBag from /home/nikita/airflow-setup/ENV/lib/python3.12/site-packages/airflow/example_dags/example_display_name.py
[2026-05-04T01:08:31.869+0300] {processor.py:925} INFO - DAG(s) 'example_display_name' retrieved from /home/nikita/airflow-setup/ENV/lib/python3.12/site-packages/airflow/example_dags/example_display_name.py
[2026-05-04T01:08:31.880+0300] {logging_mixin.py:190} INFO - [2026-05-04T01:08:31.879+0300] {dag.py:3239} INFO - Sync 1 DAGs
[2026-05-04T01:08:31.889+0300] {logging_mixin.py:190} INFO - [2026-05-04T01:08:31.889+0300] {dag.py:4180} INFO - Setting next_dagrun for example_display_name to None, run_after=None
[2026-05-04T01:08:31.906+0300] {processor.py:208} INFO - Processing /home/nikita/airflow-setup/ENV/lib/python3.12/site-packages/airflow/example_dags/example_display_name.py took 0.055 seconds
[2026-05-04T01:09:38.886+0300] {processor.py:186} INFO - Started process (PID=12076) to work on /home/nikita/airflow-setup/ENV/lib/python3.12/site-packages/airflow/example_dags/example_display_name.py
[2026-05-04T01:09:38.896+0300] {processor.py:914} INFO - Processing file /home/nikita/airflow-setup/ENV/lib/python3.12/site-packages/airflow/example_dags/example_display_name.py for tasks to queue
[2026-05-04T01:09:38.897+0300] {logging_mixin.py:190} INFO - [2026-05-04T01:09:38.897+0300] {dagbag.py:588} INFO - Filling up the DagBag from /home/nikita/airflow-setup/ENV/lib/python3.12/site-packages/airflow/example_dags/example_display_name.py
[2026-05-04T01:09:38.903+0300] {processor.py:925} INFO - DAG(s) 'example_display_name' retrieved from /home/nikita/airflow-setup/ENV/lib/python3.12/site-packages/airflow/example_dags/example_display_name.py
[2026-05-04T01:09:38.914+0300] {logging_mixin.py:190} INFO - [2026-05-04T01:09:38.914+0300] {dag.py:3239} INFO - Sync 1 DAGs
[2026-05-04T01:09:38.923+0300] {logging_mixin.py:190} INFO - [2026-05-04T01:09:38.923+0300] {dag.py:4180} INFO - Setting next_dagrun for example_display_name to None, run_after=None
[2026-05-04T01:09:38.942+0300] {processor.py:208} INFO - Processing /home/nikita/airflow-setup/ENV/lib/python3.12/site-packages/airflow/example_dags/example_display_name.py took 0.060 seconds
[2026-05-04T01:10:47.662+0300] {processor.py:186} INFO - Started process (PID=12373) to work on /home/nikita/airflow-setup/ENV/lib/python3.12/site-packages/airflow/example_dags/example_display_name.py
[2026-05-04T01:10:47.670+0300] {processor.py:914} INFO - Processing file /home/nikita/airflow-setup/ENV/lib/python3.12/site-packages/airflow/example_dags/example_display_name.py for tasks to queue
[2026-05-04T01:10:47.671+0300] {logging_mixin.py:190} INFO - [2026-05-04T01:10:47.671+0300] {dagbag.py:588} INFO - Filling up the DagBag from /home/nikita/airflow-setup/ENV/lib/python3.12/site-packages/airflow/example_dags/example_display_name.py
[2026-05-04T01:10:47.678+0300] {processor.py:925} INFO - DAG(s) 'example_display_name' retrieved from /home/nikita/airflow-setup/ENV/lib/python3.12/site-packages/airflow/example_dags/example_display_name.py
[2026-05-04T01:10:47.688+0300] {logging_mixin.py:190} INFO - [2026-05-04T01:10:47.688+0300] {dag.py:3239} INFO - Sync 1 DAGs
[2026-05-04T01:10:47.697+0300] {logging_mixin.py:190} INFO - [2026-05-04T01:10:47.697+0300] {dag.py:4180} INFO - Setting next_dagrun for example_display_name to None, run_after=None
[2026-05-04T01:10:47.713+0300] {processor.py:208} INFO - Processing /home/nikita/airflow-setup/ENV/lib/python3.12/site-packages/airflow/example_dags/example_display_name.py took 0.057 seconds
[2026-05-04T01:11:54.879+0300] {processor.py:186} INFO - Started process (PID=12631) to work on /home/nikita/airflow-setup/ENV/lib/python3.12/site-packages/airflow/example_dags/example_display_name.py
[2026-05-04T01:11:54.888+0300] {processor.py:914} INFO - Processing file /home/nikita/airflow-setup/ENV/lib/python3.12/site-packages/airflow/example_dags/example_display_name.py for tasks to queue
[2026-05-04T01:11:54.889+0300] {logging_mixin.py:190} INFO - [2026-05-04T01:11:54.889+0300] {dagbag.py:588} INFO - Filling up the DagBag from /home/nikita/airflow-setup/ENV/lib/python3.12/site-packages/airflow/example_dags/example_display_name.py
[2026-05-04T01:11:54.896+0300] {processor.py:925} INFO - DAG(s) 'example_display_name' retrieved from /home/nikita/airflow-setup/ENV/lib/python3.12/site-packages/airflow/example_dags/example_display_name.py
[2026-05-04T01:11:54.907+0300] {logging_mixin.py:190} INFO - [2026-05-04T01:11:54.907+0300] {dag.py:3239} INFO - Sync 1 DAGs
[2026-05-04T01:11:54.917+0300] {logging_mixin.py:190} INFO - [2026-05-04T01:11:54.917+0300] {dag.py:4180} INFO - Setting next_dagrun for example_display_name to None, run_after=None
[2026-05-04T01:11:54.936+0300] {processor.py:208} INFO - Processing /home/nikita/airflow-setup/ENV/lib/python3.12/site-packages/airflow/example_dags/example_display_name.py took 0.061 seconds
[2026-05-04T01:12:54.015+0300] {processor.py:186} INFO - Started process (PID=12860) to work on /home/nikita/airflow-setup/ENV/lib/python3.12/site-packages/airflow/example_dags/example_display_name.py
[2026-05-04T01:12:54.025+0300] {processor.py:914} INFO - Processing file /home/nikita/airflow-setup/ENV/lib/python3.12/site-packages/airflow/example_dags/example_display_name.py for tasks to queue
[2026-05-04T01:12:54.026+0300] {logging_mixin.py:190} INFO - [2026-05-04T01:12:54.026+0300] {dagbag.py:588} INFO - Filling up the DagBag from /home/nikita/airflow-setup/ENV/lib/python3.12/site-packages/airflow/example_dags/example_display_name.py
[2026-05-04T01:12:54.032+0300] {processor.py:925} INFO - DAG(s) 'example_display_name' retrieved from /home/nikita/airflow-setup/ENV/lib/python3.12/site-packages/airflow/example_dags/example_display_name.py
[2026-05-04T01:12:54.044+0300] {logging_mixin.py:190} INFO - [2026-05-04T01:12:54.044+0300] {dag.py:3239} INFO - Sync 1 DAGs
[2026-05-04T01:12:54.056+0300] {logging_mixin.py:190} INFO - [2026-05-04T01:12:54.056+0300] {dag.py:4180} INFO - Setting next_dagrun for example_display_name to None, run_after=None
[2026-05-04T01:12:54.073+0300] {processor.py:208} INFO - Processing /home/nikita/airflow-setup/ENV/lib/python3.12/site-packages/airflow/example_dags/example_display_name.py took 0.062 seconds
[2026-05-04T01:13:56.024+0300] {processor.py:186} INFO - Started process (PID=13460) to work on /home/nikita/airflow-setup/ENV/lib/python3.12/site-packages/airflow/example_dags/example_display_name.py
[2026-05-04T01:13:56.033+0300] {processor.py:914} INFO - Processing file /home/nikita/airflow-setup/ENV/lib/python3.12/site-packages/airflow/example_dags/example_display_name.py for tasks to queue
[2026-05-04T01:13:56.034+0300] {logging_mixin.py:190} INFO - [2026-05-04T01:13:56.034+0300] {dagbag.py:588} INFO - Filling up the DagBag from /home/nikita/airflow-setup/ENV/lib/python3.12/site-packages/airflow/example_dags/example_display_name.py
[2026-05-04T01:13:56.040+0300] {processor.py:925} INFO - DAG(s) 'example_display_name' retrieved from /home/nikita/airflow-setup/ENV/lib/python3.12/site-packages/airflow/example_dags/example_display_name.py
[2026-05-04T01:13:56.050+0300] {logging_mixin.py:190} INFO - [2026-05-04T01:13:56.050+0300] {dag.py:3239} INFO - Sync 1 DAGs
[2026-05-04T01:13:56.059+0300] {logging_mixin.py:190} INFO - [2026-05-04T01:13:56.058+0300] {dag.py:4180} INFO - Setting next_dagrun for example_display_name to None, run_after=None
[2026-05-04T01:13:56.075+0300] {processor.py:208} INFO - Processing /home/nikita/airflow-setup/ENV/lib/python3.12/site-packages/airflow/example_dags/example_display_name.py took 0.056 seconds
[2026-05-04T01:15:03.902+0300] {processor.py:186} INFO - Started process (PID=14423) to work on /home/nikita/airflow-setup/ENV/lib/python3.12/site-packages/airflow/example_dags/example_display_name.py
[2026-05-04T01:15:03.911+0300] {processor.py:914} INFO - Processing file /home/nikita/airflow-setup/ENV/lib/python3.12/site-packages/airflow/example_dags/example_display_name.py for tasks to queue
[2026-05-04T01:15:03.912+0300] {logging_mixin.py:190} INFO - [2026-05-04T01:15:03.912+0300] {dagbag.py:588} INFO - Filling up the DagBag from /home/nikita/airflow-setup/ENV/lib/python3.12/site-packages/airflow/example_dags/example_display_name.py
[2026-05-04T01:15:03.919+0300] {processor.py:925} INFO - DAG(s) 'example_display_name' retrieved from /home/nikita/airflow-setup/ENV/lib/python3.12/site-packages/airflow/example_dags/example_display_name.py
[2026-05-04T01:15:03.929+0300] {logging_mixin.py:190} INFO - [2026-05-04T01:15:03.929+0300] {dag.py:3239} INFO - Sync 1 DAGs
[2026-05-04T01:15:03.938+0300] {logging_mixin.py:190} INFO - [2026-05-04T01:15:03.938+0300] {dag.py:4180} INFO - Setting next_dagrun for example_display_name to None, run_after=None
[2026-05-04T01:15:03.954+0300] {processor.py:208} INFO - Processing /home/nikita/airflow-setup/ENV/lib/python3.12/site-packages/airflow/example_dags/example_display_name.py took 0.056 seconds
[2026-05-04T01:16:12.721+0300] {processor.py:186} INFO - Started process (PID=15636) to work on /home/nikita/airflow-setup/ENV/lib/python3.12/site-packages/airflow/example_dags/example_display_name.py
[2026-05-04T01:16:12.723+0300] {processor.py:914} INFO - Processing file /home/nikita/airflow-setup/ENV/lib/python3.12/site-packages/airflow/example_dags/example_display_name.py for tasks to queue
[2026-05-04T01:16:12.724+0300] {logging_mixin.py:190} INFO - [2026-05-04T01:16:12.724+0300] {dagbag.py:588} INFO - Filling up the DagBag from /home/nikita/airflow-setup/ENV/lib/python3.12/site-packages/airflow/example_dags/example_display_name.py
[2026-05-04T01:16:12.733+0300] {processor.py:925} INFO - DAG(s) 'example_display_name' retrieved from /home/nikita/airflow-setup/ENV/lib/python3.12/site-packages/airflow/example_dags/example_display_name.py
[2026-05-04T01:16:12.746+0300] {logging_mixin.py:190} INFO - [2026-05-04T01:16:12.746+0300] {dag.py:3239} INFO - Sync 1 DAGs
[2026-05-04T01:16:12.757+0300] {logging_mixin.py:190} INFO - [2026-05-04T01:16:12.757+0300] {dag.py:4180} INFO - Setting next_dagrun for example_display_name to None, run_after=None
[2026-05-04T01:16:12.776+0300] {processor.py:208} INFO - Processing /home/nikita/airflow-setup/ENV/lib/python3.12/site-packages/airflow/example_dags/example_display_name.py took 0.060 seconds
[2026-05-04T01:17:21.532+0300] {processor.py:186} INFO - Started process (PID=15898) to work on /home/nikita/airflow-setup/ENV/lib/python3.12/site-packages/airflow/example_dags/example_display_name.py
[2026-05-04T01:17:21.541+0300] {processor.py:914} INFO - Processing file /home/nikita/airflow-setup/ENV/lib/python3.12/site-packages/airflow/example_dags/example_display_name.py for tasks to queue
[2026-05-04T01:17:21.542+0300] {logging_mixin.py:190} INFO - [2026-05-04T01:17:21.542+0300] {dagbag.py:588} INFO - Filling up the DagBag from /home/nikita/airflow-setup/ENV/lib/python3.12/site-packages/airflow/example_dags/example_display_name.py
[2026-05-04T01:17:21.551+0300] {processor.py:925} INFO - DAG(s) 'example_display_name' retrieved from /home/nikita/airflow-setup/ENV/lib/python3.12/site-packages/airflow/example_dags/example_display_name.py
[2026-05-04T01:17:21.563+0300] {logging_mixin.py:190} INFO - [2026-05-04T01:17:21.563+0300] {dag.py:3239} INFO - Sync 1 DAGs
[2026-05-04T01:17:21.573+0300] {logging_mixin.py:190} INFO - [2026-05-04T01:17:21.573+0300] {dag.py:4180} INFO - Setting next_dagrun for example_display_name to None, run_after=None
[2026-05-04T01:17:21.590+0300] {processor.py:208} INFO - Processing /home/nikita/airflow-setup/ENV/lib/python3.12/site-packages/airflow/example_dags/example_display_name.py took 0.062 seconds
[2026-05-04T01:18:30.476+0300] {processor.py:186} INFO - Started process (PID=16155) to work on /home/nikita/airflow-setup/ENV/lib/python3.12/site-packages/airflow/example_dags/example_display_name.py
[2026-05-04T01:18:30.485+0300] {processor.py:914} INFO - Processing file /home/nikita/airflow-setup/ENV/lib/python3.12/site-packages/airflow/example_dags/example_display_name.py for tasks to queue
[2026-05-04T01:18:30.486+0300] {logging_mixin.py:190} INFO - [2026-05-04T01:18:30.486+0300] {dagbag.py:588} INFO - Filling up the DagBag from /home/nikita/airflow-setup/ENV/lib/python3.12/site-packages/airflow/example_dags/example_display_name.py
[2026-05-04T01:18:30.493+0300] {processor.py:925} INFO - DAG(s) 'example_display_name' retrieved from /home/nikita/airflow-setup/ENV/lib/python3.12/site-packages/airflow/example_dags/example_display_name.py
[2026-05-04T01:18:30.503+0300] {logging_mixin.py:190} INFO - [2026-05-04T01:18:30.503+0300] {dag.py:3239} INFO - Sync 1 DAGs
[2026-05-04T01:18:30.512+0300] {logging_mixin.py:190} INFO - [2026-05-04T01:18:30.512+0300] {dag.py:4180} INFO - Setting next_dagrun for example_display_name to None, run_after=None
[2026-05-04T01:18:30.528+0300] {processor.py:208} INFO - Processing /home/nikita/airflow-setup/ENV/lib/python3.12/site-packages/airflow/example_dags/example_display_name.py took 0.056 seconds
[2026-05-04T01:19:34.275+0300] {processor.py:186} INFO - Started process (PID=16403) to work on /home/nikita/airflow-setup/ENV/lib/python3.12/site-packages/airflow/example_dags/example_display_name.py
[2026-05-04T01:19:34.277+0300] {processor.py:914} INFO - Processing file /home/nikita/airflow-setup/ENV/lib/python3.12/site-packages/airflow/example_dags/example_display_name.py for tasks to queue
[2026-05-04T01:19:34.279+0300] {logging_mixin.py:190} INFO - [2026-05-04T01:19:34.278+0300] {dagbag.py:588} INFO - Filling up the DagBag from /home/nikita/airflow-setup/ENV/lib/python3.12/site-packages/airflow/example_dags/example_display_name.py
[2026-05-04T01:19:34.288+0300] {processor.py:925} INFO - DAG(s) 'example_display_name' retrieved from /home/nikita/airflow-setup/ENV/lib/python3.12/site-packages/airflow/example_dags/example_display_name.py
[2026-05-04T01:19:34.303+0300] {logging_mixin.py:190} INFO - [2026-05-04T01:19:34.302+0300] {dag.py:3239} INFO - Sync 1 DAGs
[2026-05-04T01:19:34.314+0300] {logging_mixin.py:190} INFO - [2026-05-04T01:19:34.314+0300] {dag.py:4180} INFO - Setting next_dagrun for example_display_name to None, run_after=None
[2026-05-04T01:19:34.332+0300] {processor.py:208} INFO - Processing /home/nikita/airflow-setup/ENV/lib/python3.12/site-packages/airflow/example_dags/example_display_name.py took 0.061 seconds
[2026-05-04T01:20:40.505+0300] {processor.py:186} INFO - Started process (PID=16667) to work on /home/nikita/airflow-setup/ENV/lib/python3.12/site-packages/airflow/example_dags/example_display_name.py
[2026-05-04T01:20:40.507+0300] {processor.py:914} INFO - Processing file /home/nikita/airflow-setup/ENV/lib/python3.12/site-packages/airflow/example_dags/example_display_name.py for tasks to queue
[2026-05-04T01:20:40.507+0300] {logging_mixin.py:190} INFO - [2026-05-04T01:20:40.507+0300] {dagbag.py:588} INFO - Filling up the DagBag from /home/nikita/airflow-setup/ENV/lib/python3.12/site-packages/airflow/example_dags/example_display_name.py
[2026-05-04T01:20:40.514+0300] {processor.py:925} INFO - DAG(s) 'example_display_name' retrieved from /home/nikita/airflow-setup/ENV/lib/python3.12/site-packages/airflow/example_dags/example_display_name.py
[2026-05-04T01:20:40.526+0300] {logging_mixin.py:190} INFO - [2026-05-04T01:20:40.525+0300] {dag.py:3239} INFO - Sync 1 DAGs
[2026-05-04T01:20:40.536+0300] {logging_mixin.py:190} INFO - [2026-05-04T01:20:40.535+0300] {dag.py:4180} INFO - Setting next_dagrun for example_display_name to None, run_after=None
[2026-05-04T01:20:40.552+0300] {processor.py:208} INFO - Processing /home/nikita/airflow-setup/ENV/lib/python3.12/site-packages/airflow/example_dags/example_display_name.py took 0.051 seconds
[2026-05-04T01:21:46.790+0300] {processor.py:186} INFO - Started process (PID=16918) to work on /home/nikita/airflow-setup/ENV/lib/python3.12/site-packages/airflow/example_dags/example_display_name.py
[2026-05-04T01:21:46.792+0300] {processor.py:914} INFO - Processing file /home/nikita/airflow-setup/ENV/lib/python3.12/site-packages/airflow/example_dags/example_display_name.py for tasks to queue
[2026-05-04T01:21:46.793+0300] {logging_mixin.py:190} INFO - [2026-05-04T01:21:46.793+0300] {dagbag.py:588} INFO - Filling up the DagBag from /home/nikita/airflow-setup/ENV/lib/python3.12/site-packages/airflow/example_dags/example_display_name.py
[2026-05-04T01:21:46.801+0300] {processor.py:925} INFO - DAG(s) 'example_display_name' retrieved from /home/nikita/airflow-setup/ENV/lib/python3.12/site-packages/airflow/example_dags/example_display_name.py
[2026-05-04T01:21:46.813+0300] {logging_mixin.py:190} INFO - [2026-05-04T01:21:46.813+0300] {dag.py:3239} INFO - Sync 1 DAGs
[2026-05-04T01:21:46.823+0300] {logging_mixin.py:190} INFO - [2026-05-04T01:21:46.823+0300] {dag.py:4180} INFO - Setting next_dagrun for example_display_name to None, run_after=None
[2026-05-04T01:21:46.841+0300] {processor.py:208} INFO - Processing /home/nikita/airflow-setup/ENV/lib/python3.12/site-packages/airflow/example_dags/example_display_name.py took 0.055 seconds
[2026-05-04T01:23:02.106+0300] {processor.py:186} INFO - Started process (PID=17198) to work on /home/nikita/airflow-setup/ENV/lib/python3.12/site-packages/airflow/example_dags/example_display_name.py
[2026-05-04T01:23:02.107+0300] {processor.py:914} INFO - Processing file /home/nikita/airflow-setup/ENV/lib/python3.12/site-packages/airflow/example_dags/example_display_name.py for tasks to queue
[2026-05-04T01:23:02.108+0300] {logging_mixin.py:190} INFO - [2026-05-04T01:23:02.108+0300] {dagbag.py:588} INFO - Filling up the DagBag from /home/nikita/airflow-setup/ENV/lib/python3.12/site-packages/airflow/example_dags/example_display_name.py
[2026-05-04T01:23:02.115+0300] {processor.py:925} INFO - DAG(s) 'example_display_name' retrieved from /home/nikita/airflow-setup/ENV/lib/python3.12/site-packages/airflow/example_dags/example_display_name.py
[2026-05-04T01:23:02.125+0300] {logging_mixin.py:190} INFO - [2026-05-04T01:23:02.125+0300] {dag.py:3239} INFO - Sync 1 DAGs
[2026-05-04T01:23:02.135+0300] {logging_mixin.py:190} INFO - [2026-05-04T01:23:02.135+0300] {dag.py:4180} INFO - Setting next_dagrun for example_display_name to None, run_after=None
[2026-05-04T01:23:02.152+0300] {processor.py:208} INFO - Processing /home/nikita/airflow-setup/ENV/lib/python3.12/site-packages/airflow/example_dags/example_display_name.py took 0.051 seconds
[2026-05-04T01:24:07.299+0300] {processor.py:186} INFO - Started process (PID=17448) to work on /home/nikita/airflow-setup/ENV/lib/python3.12/site-packages/airflow/example_dags/example_display_name.py
[2026-05-04T01:24:07.300+0300] {processor.py:914} INFO - Processing file /home/nikita/airflow-setup/ENV/lib/python3.12/site-packages/airflow/example_dags/example_display_name.py for tasks to queue
[2026-05-04T01:24:07.301+0300] {logging_mixin.py:190} INFO - [2026-05-04T01:24:07.301+0300] {dagbag.py:588} INFO - Filling up the DagBag from /home/nikita/airflow-setup/ENV/lib/python3.12/site-packages/airflow/example_dags/example_display_name.py
[2026-05-04T01:24:07.308+0300] {processor.py:925} INFO - DAG(s) 'example_display_name' retrieved from /home/nikita/airflow-setup/ENV/lib/python3.12/site-packages/airflow/example_dags/example_display_name.py
[2026-05-04T01:24:07.319+0300] {logging_mixin.py:190} INFO - [2026-05-04T01:24:07.319+0300] {dag.py:3239} INFO - Sync 1 DAGs
[2026-05-04T01:24:07.328+0300] {logging_mixin.py:190} INFO - [2026-05-04T01:24:07.328+0300] {dag.py:4180} INFO - Setting next_dagrun for example_display_name to None, run_after=None
[2026-05-04T01:24:07.344+0300] {processor.py:208} INFO - Processing /home/nikita/airflow-setup/ENV/lib/python3.12/site-packages/airflow/example_dags/example_display_name.py took 0.050 seconds
[2026-05-04T01:25:17.663+0300] {processor.py:186} INFO - Started process (PID=18047) to work on /home/nikita/airflow-setup/ENV/lib/python3.12/site-packages/airflow/example_dags/example_display_name.py
[2026-05-04T01:25:17.671+0300] {processor.py:914} INFO - Processing file /home/nikita/airflow-setup/ENV/lib/python3.12/site-packages/airflow/example_dags/example_display_name.py for tasks to queue
[2026-05-04T01:25:17.672+0300] {logging_mixin.py:190} INFO - [2026-05-04T01:25:17.672+0300] {dagbag.py:588} INFO - Filling up the DagBag from /home/nikita/airflow-setup/ENV/lib/python3.12/site-packages/airflow/example_dags/example_display_name.py
[2026-05-04T01:25:17.679+0300] {processor.py:925} INFO - DAG(s) 'example_display_name' retrieved from /home/nikita/airflow-setup/ENV/lib/python3.12/site-packages/airflow/example_dags/example_display_name.py
[2026-05-04T01:25:17.689+0300] {logging_mixin.py:190} INFO - [2026-05-04T01:25:17.689+0300] {dag.py:3239} INFO - Sync 1 DAGs
[2026-05-04T01:25:17.698+0300] {logging_mixin.py:190} INFO - [2026-05-04T01:25:17.698+0300] {dag.py:4180} INFO - Setting next_dagrun for example_display_name to None, run_after=None
[2026-05-04T01:25:17.715+0300] {processor.py:208} INFO - Processing /home/nikita/airflow-setup/ENV/lib/python3.12/site-packages/airflow/example_dags/example_display_name.py took 0.056 seconds
[2026-05-04T01:26:27.312+0300] {processor.py:186} INFO - Started process (PID=19316) to work on /home/nikita/airflow-setup/ENV/lib/python3.12/site-packages/airflow/example_dags/example_display_name.py
[2026-05-04T01:26:27.314+0300] {processor.py:914} INFO - Processing file /home/nikita/airflow-setup/ENV/lib/python3.12/site-packages/airflow/example_dags/example_display_name.py for tasks to queue
[2026-05-04T01:26:27.315+0300] {logging_mixin.py:190} INFO - [2026-05-04T01:26:27.315+0300] {dagbag.py:588} INFO - Filling up the DagBag from /home/nikita/airflow-setup/ENV/lib/python3.12/site-packages/airflow/example_dags/example_display_name.py
[2026-05-04T01:26:27.325+0300] {processor.py:925} INFO - DAG(s) 'example_display_name' retrieved from /home/nikita/airflow-setup/ENV/lib/python3.12/site-packages/airflow/example_dags/example_display_name.py
[2026-05-04T01:26:27.345+0300] {logging_mixin.py:190} INFO - [2026-05-04T01:26:27.345+0300] {dag.py:3239} INFO - Sync 1 DAGs
[2026-05-04T01:26:27.360+0300] {logging_mixin.py:190} INFO - [2026-05-04T01:26:27.359+0300] {dag.py:4180} INFO - Setting next_dagrun for example_display_name to None, run_after=None
[2026-05-04T01:26:27.382+0300] {processor.py:208} INFO - Processing /home/nikita/airflow-setup/ENV/lib/python3.12/site-packages/airflow/example_dags/example_display_name.py took 0.076 seconds
[2026-05-04T01:27:36.707+0300] {processor.py:186} INFO - Started process (PID=19578) to work on /home/nikita/airflow-setup/ENV/lib/python3.12/site-packages/airflow/example_dags/example_display_name.py
[2026-05-04T01:27:36.715+0300] {processor.py:914} INFO - Processing file /home/nikita/airflow-setup/ENV/lib/python3.12/site-packages/airflow/example_dags/example_display_name.py for tasks to queue
[2026-05-04T01:27:36.717+0300] {logging_mixin.py:190} INFO - [2026-05-04T01:27:36.716+0300] {dagbag.py:588} INFO - Filling up the DagBag from /home/nikita/airflow-setup/ENV/lib/python3.12/site-packages/airflow/example_dags/example_display_name.py
[2026-05-04T01:27:36.725+0300] {processor.py:925} INFO - DAG(s) 'example_display_name' retrieved from /home/nikita/airflow-setup/ENV/lib/python3.12/site-packages/airflow/example_dags/example_display_name.py
[2026-05-04T01:27:36.735+0300] {logging_mixin.py:190} INFO - [2026-05-04T01:27:36.735+0300] {dag.py:3239} INFO - Sync 1 DAGs
[2026-05-04T01:27:36.745+0300] {logging_mixin.py:190} INFO - [2026-05-04T01:27:36.744+0300] {dag.py:4180} INFO - Setting next_dagrun for example_display_name to None, run_after=None
[2026-05-04T01:27:36.761+0300] {processor.py:208} INFO - Processing /home/nikita/airflow-setup/ENV/lib/python3.12/site-packages/airflow/example_dags/example_display_name.py took 0.059 seconds
[2026-05-04T01:28:50.141+0300] {processor.py:186} INFO - Started process (PID=19860) to work on /home/nikita/airflow-setup/ENV/lib/python3.12/site-packages/airflow/example_dags/example_display_name.py
[2026-05-04T01:28:50.151+0300] {processor.py:914} INFO - Processing file /home/nikita/airflow-setup/ENV/lib/python3.12/site-packages/airflow/example_dags/example_display_name.py for tasks to queue
[2026-05-04T01:28:50.152+0300] {logging_mixin.py:190} INFO - [2026-05-04T01:28:50.152+0300] {dagbag.py:588} INFO - Filling up the DagBag from /home/nikita/airflow-setup/ENV/lib/python3.12/site-packages/airflow/example_dags/example_display_name.py
[2026-05-04T01:28:50.158+0300] {processor.py:925} INFO - DAG(s) 'example_display_name' retrieved from /home/nikita/airflow-setup/ENV/lib/python3.12/site-packages/airflow/example_dags/example_display_name.py
[2026-05-04T01:28:50.169+0300] {logging_mixin.py:190} INFO - [2026-05-04T01:28:50.169+0300] {dag.py:3239} INFO - Sync 1 DAGs
[2026-05-04T01:28:50.180+0300] {logging_mixin.py:190} INFO - [2026-05-04T01:28:50.180+0300] {dag.py:4180} INFO - Setting next_dagrun for example_display_name to None, run_after=None
[2026-05-04T01:28:50.198+0300] {processor.py:208} INFO - Processing /home/nikita/airflow-setup/ENV/lib/python3.12/site-packages/airflow/example_dags/example_display_name.py took 0.061 seconds
[2026-05-04T01:29:58.310+0300] {processor.py:186} INFO - Started process (PID=20117) to work on /home/nikita/airflow-setup/ENV/lib/python3.12/site-packages/airflow/example_dags/example_display_name.py
[2026-05-04T01:29:58.311+0300] {processor.py:914} INFO - Processing file /home/nikita/airflow-setup/ENV/lib/python3.12/site-packages/airflow/example_dags/example_display_name.py for tasks to queue
[2026-05-04T01:29:58.313+0300] {logging_mixin.py:190} INFO - [2026-05-04T01:29:58.312+0300] {dagbag.py:588} INFO - Filling up the DagBag from /home/nikita/airflow-setup/ENV/lib/python3.12/site-packages/airflow/example_dags/example_display_name.py
[2026-05-04T01:29:58.319+0300] {processor.py:925} INFO - DAG(s) 'example_display_name' retrieved from /home/nikita/airflow-setup/ENV/lib/python3.12/site-packages/airflow/example_dags/example_display_name.py
[2026-05-04T01:29:58.439+0300] {logging_mixin.py:190} INFO - [2026-05-04T01:29:58.439+0300] {dag.py:3239} INFO - Sync 1 DAGs
[2026-05-04T01:29:58.446+0300] {logging_mixin.py:190} INFO - [2026-05-04T01:29:58.446+0300] {dag.py:4180} INFO - Setting next_dagrun for example_display_name to None, run_after=None
[2026-05-04T01:29:58.463+0300] {processor.py:208} INFO - Processing /home/nikita/airflow-setup/ENV/lib/python3.12/site-packages/airflow/example_dags/example_display_name.py took 0.157 seconds
[2026-05-04T01:31:12.336+0300] {processor.py:186} INFO - Started process (PID=20394) to work on /home/nikita/airflow-setup/ENV/lib/python3.12/site-packages/airflow/example_dags/example_display_name.py
[2026-05-04T01:31:12.338+0300] {processor.py:914} INFO - Processing file /home/nikita/airflow-setup/ENV/lib/python3.12/site-packages/airflow/example_dags/example_display_name.py for tasks to queue
[2026-05-04T01:31:12.339+0300] {logging_mixin.py:190} INFO - [2026-05-04T01:31:12.339+0300] {dagbag.py:588} INFO - Filling up the DagBag from /home/nikita/airflow-setup/ENV/lib/python3.12/site-packages/airflow/example_dags/example_display_name.py
[2026-05-04T01:31:12.347+0300] {processor.py:925} INFO - DAG(s) 'example_display_name' retrieved from /home/nikita/airflow-setup/ENV/lib/python3.12/site-packages/airflow/example_dags/example_display_name.py
[2026-05-04T01:31:12.359+0300] {logging_mixin.py:190} INFO - [2026-05-04T01:31:12.359+0300] {dag.py:3239} INFO - Sync 1 DAGs
[2026-05-04T01:31:12.494+0300] {logging_mixin.py:190} INFO - [2026-05-04T01:31:12.494+0300] {dag.py:4180} INFO - Setting next_dagrun for example_display_name to None, run_after=None
[2026-05-04T01:31:12.513+0300] {processor.py:208} INFO - Processing /home/nikita/airflow-setup/ENV/lib/python3.12/site-packages/airflow/example_dags/example_display_name.py took 0.182 seconds
[2026-05-04T01:32:31.927+0300] {processor.py:186} INFO - Started process (PID=20689) to work on /home/nikita/airflow-setup/ENV/lib/python3.12/site-packages/airflow/example_dags/example_display_name.py
[2026-05-04T01:32:31.936+0300] {processor.py:914} INFO - Processing file /home/nikita/airflow-setup/ENV/lib/python3.12/site-packages/airflow/example_dags/example_display_name.py for tasks to queue
[2026-05-04T01:32:31.937+0300] {logging_mixin.py:190} INFO - [2026-05-04T01:32:31.937+0300] {dagbag.py:588} INFO - Filling up the DagBag from /home/nikita/airflow-setup/ENV/lib/python3.12/site-packages/airflow/example_dags/example_display_name.py
[2026-05-04T01:32:31.943+0300] {processor.py:925} INFO - DAG(s) 'example_display_name' retrieved from /home/nikita/airflow-setup/ENV/lib/python3.12/site-packages/airflow/example_dags/example_display_name.py
[2026-05-04T01:32:31.953+0300] {logging_mixin.py:190} INFO - [2026-05-04T01:32:31.953+0300] {dag.py:3239} INFO - Sync 1 DAGs
[2026-05-04T01:32:31.963+0300] {logging_mixin.py:190} INFO - [2026-05-04T01:32:31.962+0300] {dag.py:4180} INFO - Setting next_dagrun for example_display_name to None, run_after=None
[2026-05-04T01:32:31.979+0300] {processor.py:208} INFO - Processing /home/nikita/airflow-setup/ENV/lib/python3.12/site-packages/airflow/example_dags/example_display_name.py took 0.056 seconds
[2026-05-04T01:33:38.638+0300] {processor.py:186} INFO - Started process (PID=21149) to work on /home/nikita/airflow-setup/ENV/lib/python3.12/site-packages/airflow/example_dags/example_display_name.py
[2026-05-04T01:33:38.640+0300] {processor.py:914} INFO - Processing file /home/nikita/airflow-setup/ENV/lib/python3.12/site-packages/airflow/example_dags/example_display_name.py for tasks to queue
[2026-05-04T01:33:38.641+0300] {logging_mixin.py:190} INFO - [2026-05-04T01:33:38.640+0300] {dagbag.py:588} INFO - Filling up the DagBag from /home/nikita/airflow-setup/ENV/lib/python3.12/site-packages/airflow/example_dags/example_display_name.py
[2026-05-04T01:33:38.648+0300] {processor.py:925} INFO - DAG(s) 'example_display_name' retrieved from /home/nikita/airflow-setup/ENV/lib/python3.12/site-packages/airflow/example_dags/example_display_name.py
[2026-05-04T01:33:38.660+0300] {logging_mixin.py:190} INFO - [2026-05-04T01:33:38.660+0300] {dag.py:3239} INFO - Sync 1 DAGs
[2026-05-04T01:33:38.671+0300] {logging_mixin.py:190} INFO - [2026-05-04T01:33:38.670+0300] {dag.py:4180} INFO - Setting next_dagrun for example_display_name to None, run_after=None
[2026-05-04T01:33:38.687+0300] {processor.py:208} INFO - Processing /home/nikita/airflow-setup/ENV/lib/python3.12/site-packages/airflow/example_dags/example_display_name.py took 0.053 seconds
[2026-05-04T01:34:41.621+0300] {processor.py:186} INFO - Started process (PID=21456) to work on /home/nikita/airflow-setup/ENV/lib/python3.12/site-packages/airflow/example_dags/example_display_name.py
[2026-05-04T01:34:41.631+0300] {processor.py:914} INFO - Processing file /home/nikita/airflow-setup/ENV/lib/python3.12/site-packages/airflow/example_dags/example_display_name.py for tasks to queue
[2026-05-04T01:34:41.632+0300] {logging_mixin.py:190} INFO - [2026-05-04T01:34:41.632+0300] {dagbag.py:588} INFO - Filling up the DagBag from /home/nikita/airflow-setup/ENV/lib/python3.12/site-packages/airflow/example_dags/example_display_name.py
[2026-05-04T01:34:41.638+0300] {processor.py:925} INFO - DAG(s) 'example_display_name' retrieved from /home/nikita/airflow-setup/ENV/lib/python3.12/site-packages/airflow/example_dags/example_display_name.py
[2026-05-04T01:34:41.650+0300] {logging_mixin.py:190} INFO - [2026-05-04T01:34:41.650+0300] {dag.py:3239} INFO - Sync 1 DAGs
[2026-05-04T01:34:41.660+0300] {logging_mixin.py:190} INFO - [2026-05-04T01:34:41.660+0300] {dag.py:4180} INFO - Setting next_dagrun for example_display_name to None, run_after=None
[2026-05-04T01:34:41.676+0300] {processor.py:208} INFO - Processing /home/nikita/airflow-setup/ENV/lib/python3.12/site-packages/airflow/example_dags/example_display_name.py took 0.059 seconds
[2026-05-04T01:35:44.015+0300] {processor.py:186} INFO - Started process (PID=21697) to work on /home/nikita/airflow-setup/ENV/lib/python3.12/site-packages/airflow/example_dags/example_display_name.py
[2026-05-04T01:35:44.016+0300] {processor.py:914} INFO - Processing file /home/nikita/airflow-setup/ENV/lib/python3.12/site-packages/airflow/example_dags/example_display_name.py for tasks to queue
[2026-05-04T01:35:44.017+0300] {logging_mixin.py:190} INFO - [2026-05-04T01:35:44.017+0300] {dagbag.py:588} INFO - Filling up the DagBag from /home/nikita/airflow-setup/ENV/lib/python3.12/site-packages/airflow/example_dags/example_display_name.py
[2026-05-04T01:35:44.023+0300] {processor.py:925} INFO - DAG(s) 'example_display_name' retrieved from /home/nikita/airflow-setup/ENV/lib/python3.12/site-packages/airflow/example_dags/example_display_name.py
[2026-05-04T01:35:44.034+0300] {logging_mixin.py:190} INFO - [2026-05-04T01:35:44.034+0300] {dag.py:3239} INFO - Sync 1 DAGs
[2026-05-04T01:35:44.045+0300] {logging_mixin.py:190} INFO - [2026-05-04T01:35:44.045+0300] {dag.py:4180} INFO - Setting next_dagrun for example_display_name to None, run_after=None
[2026-05-04T01:35:44.063+0300] {processor.py:208} INFO - Processing /home/nikita/airflow-setup/ENV/lib/python3.12/site-packages/airflow/example_dags/example_display_name.py took 0.052 seconds
