[2026-05-04T00:46:24.199+0300] {processor.py:186} INFO - Started process (PID=5982) to work on /home/nikita/airflow-setup/ENV/lib/python3.12/site-packages/airflow/example_dags/example_branch_datetime_operator.py
[2026-05-04T00:46:24.200+0300] {processor.py:914} INFO - Processing file /home/nikita/airflow-setup/ENV/lib/python3.12/site-packages/airflow/example_dags/example_branch_datetime_operator.py for tasks to queue
[2026-05-04T00:46:24.202+0300] {logging_mixin.py:190} INFO - [2026-05-04T00:46:24.201+0300] {dagbag.py:588} INFO - Filling up the DagBag from /home/nikita/airflow-setup/ENV/lib/python3.12/site-packages/airflow/example_dags/example_branch_datetime_operator.py
[2026-05-04T00:46:24.213+0300] {processor.py:925} INFO - DAG(s) 'example_branch_datetime_operator', 'example_branch_datetime_operator_2', 'example_branch_datetime_operator_3' retrieved from /home/nikita/airflow-setup/ENV/lib/python3.12/site-packages/airflow/example_dags/example_branch_datetime_operator.py
[2026-05-04T00:46:24.308+0300] {logging_mixin.py:190} INFO - [2026-05-04T00:46:24.307+0300] {override.py:1930} INFO - Created Permission View: can read on DAG:example_branch_datetime_operator
[2026-05-04T00:46:24.319+0300] {logging_mixin.py:190} INFO - [2026-05-04T00:46:24.319+0300] {override.py:1930} INFO - Created Permission View: can delete on DAG:example_branch_datetime_operator
[2026-05-04T00:46:24.332+0300] {logging_mixin.py:190} INFO - [2026-05-04T00:46:24.331+0300] {override.py:1930} INFO - Created Permission View: can edit on DAG:example_branch_datetime_operator
[2026-05-04T00:46:24.356+0300] {logging_mixin.py:190} INFO - [2026-05-04T00:46:24.355+0300] {override.py:1930} INFO - Created Permission View: can read on DAG Run:example_branch_datetime_operator
[2026-05-04T00:46:24.369+0300] {logging_mixin.py:190} INFO - [2026-05-04T00:46:24.368+0300] {override.py:1930} INFO - Created Permission View: can delete on DAG Run:example_branch_datetime_operator
[2026-05-04T00:46:24.384+0300] {logging_mixin.py:190} INFO - [2026-05-04T00:46:24.382+0300] {override.py:1930} INFO - Created Permission View: menu access on DAG Run:example_branch_datetime_operator
[2026-05-04T00:46:24.398+0300] {logging_mixin.py:190} INFO - [2026-05-04T00:46:24.398+0300] {override.py:1930} INFO - Created Permission View: can create on DAG Run:example_branch_datetime_operator
[2026-05-04T00:46:24.423+0300] {logging_mixin.py:190} INFO - [2026-05-04T00:46:24.422+0300] {override.py:1930} INFO - Created Permission View: can read on DAG:example_branch_datetime_operator_2
[2026-05-04T00:46:24.436+0300] {logging_mixin.py:190} INFO - [2026-05-04T00:46:24.435+0300] {override.py:1930} INFO - Created Permission View: can delete on DAG:example_branch_datetime_operator_2
[2026-05-04T00:46:24.446+0300] {logging_mixin.py:190} INFO - [2026-05-04T00:46:24.445+0300] {override.py:1930} INFO - Created Permission View: can edit on DAG:example_branch_datetime_operator_2
[2026-05-04T00:46:24.463+0300] {logging_mixin.py:190} INFO - [2026-05-04T00:46:24.463+0300] {override.py:1930} INFO - Created Permission View: can read on DAG Run:example_branch_datetime_operator_2
[2026-05-04T00:46:24.471+0300] {logging_mixin.py:190} INFO - [2026-05-04T00:46:24.470+0300] {override.py:1930} INFO - Created Permission View: can delete on DAG Run:example_branch_datetime_operator_2
[2026-05-04T00:46:24.480+0300] {logging_mixin.py:190} INFO - [2026-05-04T00:46:24.479+0300] {override.py:1930} INFO - Created Permission View: menu access on DAG Run:example_branch_datetime_operator_2
[2026-05-04T00:46:24.487+0300] {logging_mixin.py:190} INFO - [2026-05-04T00:46:24.487+0300] {override.py:1930} INFO - Created Permission View: can create on DAG Run:example_branch_datetime_operator_2
[2026-05-04T00:46:24.505+0300] {logging_mixin.py:190} INFO - [2026-05-04T00:46:24.504+0300] {override.py:1930} INFO - Created Permission View: can read on DAG:example_branch_datetime_operator_3
[2026-05-04T00:46:24.514+0300] {logging_mixin.py:190} INFO - [2026-05-04T00:46:24.513+0300] {override.py:1930} INFO - Created Permission View: can delete on DAG:example_branch_datetime_operator_3
[2026-05-04T00:46:24.525+0300] {logging_mixin.py:190} INFO - [2026-05-04T00:46:24.525+0300] {override.py:1930} INFO - Created Permission View: can edit on DAG:example_branch_datetime_operator_3
[2026-05-04T00:46:24.542+0300] {logging_mixin.py:190} INFO - [2026-05-04T00:46:24.541+0300] {override.py:1930} INFO - Created Permission View: can read on DAG Run:example_branch_datetime_operator_3
[2026-05-04T00:46:24.555+0300] {logging_mixin.py:190} INFO - [2026-05-04T00:46:24.555+0300] {override.py:1930} INFO - Created Permission View: can delete on DAG Run:example_branch_datetime_operator_3
[2026-05-04T00:46:24.569+0300] {logging_mixin.py:190} INFO - [2026-05-04T00:46:24.568+0300] {override.py:1930} INFO - Created Permission View: menu access on DAG Run:example_branch_datetime_operator_3
[2026-05-04T00:46:24.585+0300] {logging_mixin.py:190} INFO - [2026-05-04T00:46:24.584+0300] {override.py:1930} INFO - Created Permission View: can create on DAG Run:example_branch_datetime_operator_3
[2026-05-04T00:46:24.585+0300] {logging_mixin.py:190} INFO - [2026-05-04T00:46:24.585+0300] {dag.py:3239} INFO - Sync 3 DAGs
[2026-05-04T00:46:24.599+0300] {logging_mixin.py:190} INFO - [2026-05-04T00:46:24.599+0300] {dag.py:3262} INFO - Creating ORM DAG for example_branch_datetime_operator_2
[2026-05-04T00:46:24.600+0300] {logging_mixin.py:190} INFO - [2026-05-04T00:46:24.600+0300] {dag.py:3262} INFO - Creating ORM DAG for example_branch_datetime_operator
[2026-05-04T00:46:24.600+0300] {logging_mixin.py:190} INFO - [2026-05-04T00:46:24.600+0300] {dag.py:3262} INFO - Creating ORM DAG for example_branch_datetime_operator_3
[2026-05-04T00:46:24.614+0300] {logging_mixin.py:190} INFO - [2026-05-04T00:46:24.613+0300] {dag.py:4180} INFO - Setting next_dagrun for example_branch_datetime_operator to 2026-05-02 00:00:00+00:00, run_after=2026-05-03 00:00:00+00:00
[2026-05-04T00:46:24.616+0300] {logging_mixin.py:190} INFO - [2026-05-04T00:46:24.616+0300] {dag.py:4180} INFO - Setting next_dagrun for example_branch_datetime_operator_2 to 2026-05-02 00:00:00+00:00, run_after=2026-05-03 00:00:00+00:00
[2026-05-04T00:46:24.618+0300] {logging_mixin.py:190} INFO - [2026-05-04T00:46:24.618+0300] {dag.py:4180} INFO - Setting next_dagrun for example_branch_datetime_operator_3 to 2026-05-02 00:00:00+00:00, run_after=2026-05-03 00:00:00+00:00
[2026-05-04T00:46:24.647+0300] {processor.py:208} INFO - Processing /home/nikita/airflow-setup/ENV/lib/python3.12/site-packages/airflow/example_dags/example_branch_datetime_operator.py took 0.454 seconds
[2026-05-04T00:47:31.292+0300] {processor.py:186} INFO - Started process (PID=6060) to work on /home/nikita/airflow-setup/ENV/lib/python3.12/site-packages/airflow/example_dags/example_branch_datetime_operator.py
[2026-05-04T00:47:31.295+0300] {processor.py:914} INFO - Processing file /home/nikita/airflow-setup/ENV/lib/python3.12/site-packages/airflow/example_dags/example_branch_datetime_operator.py for tasks to queue
[2026-05-04T00:47:31.296+0300] {logging_mixin.py:190} INFO - [2026-05-04T00:47:31.296+0300] {dagbag.py:588} INFO - Filling up the DagBag from /home/nikita/airflow-setup/ENV/lib/python3.12/site-packages/airflow/example_dags/example_branch_datetime_operator.py
[2026-05-04T00:47:31.304+0300] {processor.py:925} INFO - DAG(s) 'example_branch_datetime_operator_3', 'example_branch_datetime_operator', 'example_branch_datetime_operator_2' retrieved from /home/nikita/airflow-setup/ENV/lib/python3.12/site-packages/airflow/example_dags/example_branch_datetime_operator.py
[2026-05-04T00:47:31.320+0300] {logging_mixin.py:190} INFO - [2026-05-04T00:47:31.320+0300] {dag.py:3239} INFO - Sync 3 DAGs
[2026-05-04T00:47:31.335+0300] {logging_mixin.py:190} INFO - [2026-05-04T00:47:31.335+0300] {dag.py:4180} INFO - Setting next_dagrun for example_branch_datetime_operator to 2026-05-02 00:00:00+00:00, run_after=2026-05-03 00:00:00+00:00
[2026-05-04T00:47:31.338+0300] {logging_mixin.py:190} INFO - [2026-05-04T00:47:31.338+0300] {dag.py:4180} INFO - Setting next_dagrun for example_branch_datetime_operator_2 to 2026-05-02 00:00:00+00:00, run_after=2026-05-03 00:00:00+00:00
[2026-05-04T00:47:31.339+0300] {logging_mixin.py:190} INFO - [2026-05-04T00:47:31.339+0300] {dag.py:4180} INFO - Setting next_dagrun for example_branch_datetime_operator_3 to 2026-05-02 00:00:00+00:00, run_after=2026-05-03 00:00:00+00:00
[2026-05-04T00:47:31.358+0300] {processor.py:208} INFO - Processing /home/nikita/airflow-setup/ENV/lib/python3.12/site-packages/airflow/example_dags/example_branch_datetime_operator.py took 0.070 seconds
[2026-05-04T00:48:30.133+0300] {processor.py:186} INFO - Started process (PID=6117) to work on /home/nikita/airflow-setup/ENV/lib/python3.12/site-packages/airflow/example_dags/example_branch_datetime_operator.py
[2026-05-04T00:48:30.134+0300] {processor.py:914} INFO - Processing file /home/nikita/airflow-setup/ENV/lib/python3.12/site-packages/airflow/example_dags/example_branch_datetime_operator.py for tasks to queue
[2026-05-04T00:48:30.136+0300] {logging_mixin.py:190} INFO - [2026-05-04T00:48:30.136+0300] {dagbag.py:588} INFO - Filling up the DagBag from /home/nikita/airflow-setup/ENV/lib/python3.12/site-packages/airflow/example_dags/example_branch_datetime_operator.py
[2026-05-04T00:48:30.145+0300] {processor.py:925} INFO - DAG(s) 'example_branch_datetime_operator_3', 'example_branch_datetime_operator', 'example_branch_datetime_operator_2' retrieved from /home/nikita/airflow-setup/ENV/lib/python3.12/site-packages/airflow/example_dags/example_branch_datetime_operator.py
[2026-05-04T00:48:30.162+0300] {logging_mixin.py:190} INFO - [2026-05-04T00:48:30.162+0300] {dag.py:3239} INFO - Sync 3 DAGs
[2026-05-04T00:48:30.179+0300] {logging_mixin.py:190} INFO - [2026-05-04T00:48:30.178+0300] {dag.py:4180} INFO - Setting next_dagrun for example_branch_datetime_operator to 2026-05-02 00:00:00+00:00, run_after=2026-05-03 00:00:00+00:00
[2026-05-04T00:48:30.182+0300] {logging_mixin.py:190} INFO - [2026-05-04T00:48:30.181+0300] {dag.py:4180} INFO - Setting next_dagrun for example_branch_datetime_operator_2 to 2026-05-02 00:00:00+00:00, run_after=2026-05-03 00:00:00+00:00
[2026-05-04T00:48:30.183+0300] {logging_mixin.py:190} INFO - [2026-05-04T00:48:30.183+0300] {dag.py:4180} INFO - Setting next_dagrun for example_branch_datetime_operator_3 to 2026-05-02 00:00:00+00:00, run_after=2026-05-03 00:00:00+00:00
[2026-05-04T00:48:30.197+0300] {processor.py:208} INFO - Processing /home/nikita/airflow-setup/ENV/lib/python3.12/site-packages/airflow/example_dags/example_branch_datetime_operator.py took 0.069 seconds
[2026-05-04T00:49:29.399+0300] {processor.py:186} INFO - Started process (PID=6175) to work on /home/nikita/airflow-setup/ENV/lib/python3.12/site-packages/airflow/example_dags/example_branch_datetime_operator.py
[2026-05-04T00:49:29.408+0300] {processor.py:914} INFO - Processing file /home/nikita/airflow-setup/ENV/lib/python3.12/site-packages/airflow/example_dags/example_branch_datetime_operator.py for tasks to queue
[2026-05-04T00:49:29.411+0300] {logging_mixin.py:190} INFO - [2026-05-04T00:49:29.410+0300] {dagbag.py:588} INFO - Filling up the DagBag from /home/nikita/airflow-setup/ENV/lib/python3.12/site-packages/airflow/example_dags/example_branch_datetime_operator.py
[2026-05-04T00:49:29.421+0300] {processor.py:925} INFO - DAG(s) 'example_branch_datetime_operator', 'example_branch_datetime_operator_3', 'example_branch_datetime_operator_2' retrieved from /home/nikita/airflow-setup/ENV/lib/python3.12/site-packages/airflow/example_dags/example_branch_datetime_operator.py
[2026-05-04T00:49:29.438+0300] {logging_mixin.py:190} INFO - [2026-05-04T00:49:29.438+0300] {dag.py:3239} INFO - Sync 3 DAGs
[2026-05-04T00:49:29.454+0300] {logging_mixin.py:190} INFO - [2026-05-04T00:49:29.454+0300] {dag.py:4180} INFO - Setting next_dagrun for example_branch_datetime_operator to 2026-05-02 00:00:00+00:00, run_after=2026-05-03 00:00:00+00:00
[2026-05-04T00:49:29.457+0300] {logging_mixin.py:190} INFO - [2026-05-04T00:49:29.457+0300] {dag.py:4180} INFO - Setting next_dagrun for example_branch_datetime_operator_2 to 2026-05-02 00:00:00+00:00, run_after=2026-05-03 00:00:00+00:00
[2026-05-04T00:49:29.458+0300] {logging_mixin.py:190} INFO - [2026-05-04T00:49:29.458+0300] {dag.py:4180} INFO - Setting next_dagrun for example_branch_datetime_operator_3 to 2026-05-02 00:00:00+00:00, run_after=2026-05-03 00:00:00+00:00
[2026-05-04T00:49:29.474+0300] {processor.py:208} INFO - Processing /home/nikita/airflow-setup/ENV/lib/python3.12/site-packages/airflow/example_dags/example_branch_datetime_operator.py took 0.079 seconds
[2026-05-04T00:50:27.543+0300] {processor.py:186} INFO - Started process (PID=6251) to work on /home/nikita/airflow-setup/ENV/lib/python3.12/site-packages/airflow/example_dags/example_branch_datetime_operator.py
[2026-05-04T00:50:27.552+0300] {processor.py:914} INFO - Processing file /home/nikita/airflow-setup/ENV/lib/python3.12/site-packages/airflow/example_dags/example_branch_datetime_operator.py for tasks to queue
[2026-05-04T00:50:27.553+0300] {logging_mixin.py:190} INFO - [2026-05-04T00:50:27.553+0300] {dagbag.py:588} INFO - Filling up the DagBag from /home/nikita/airflow-setup/ENV/lib/python3.12/site-packages/airflow/example_dags/example_branch_datetime_operator.py
[2026-05-04T00:50:27.562+0300] {processor.py:925} INFO - DAG(s) 'example_branch_datetime_operator_2', 'example_branch_datetime_operator', 'example_branch_datetime_operator_3' retrieved from /home/nikita/airflow-setup/ENV/lib/python3.12/site-packages/airflow/example_dags/example_branch_datetime_operator.py
[2026-05-04T00:50:27.575+0300] {logging_mixin.py:190} INFO - [2026-05-04T00:50:27.575+0300] {dag.py:3239} INFO - Sync 3 DAGs
[2026-05-04T00:50:27.588+0300] {logging_mixin.py:190} INFO - [2026-05-04T00:50:27.588+0300] {dag.py:4180} INFO - Setting next_dagrun for example_branch_datetime_operator to 2026-05-02 00:00:00+00:00, run_after=2026-05-03 00:00:00+00:00
[2026-05-04T00:50:27.591+0300] {logging_mixin.py:190} INFO - [2026-05-04T00:50:27.591+0300] {dag.py:4180} INFO - Setting next_dagrun for example_branch_datetime_operator_2 to 2026-05-02 00:00:00+00:00, run_after=2026-05-03 00:00:00+00:00
[2026-05-04T00:50:27.592+0300] {logging_mixin.py:190} INFO - [2026-05-04T00:50:27.592+0300] {dag.py:4180} INFO - Setting next_dagrun for example_branch_datetime_operator_3 to 2026-05-02 00:00:00+00:00, run_after=2026-05-03 00:00:00+00:00
[2026-05-04T00:50:27.608+0300] {processor.py:208} INFO - Processing /home/nikita/airflow-setup/ENV/lib/python3.12/site-packages/airflow/example_dags/example_branch_datetime_operator.py took 0.069 seconds
[2026-05-04T00:51:25.619+0300] {processor.py:186} INFO - Started process (PID=6314) to work on /home/nikita/airflow-setup/ENV/lib/python3.12/site-packages/airflow/example_dags/example_branch_datetime_operator.py
[2026-05-04T00:51:25.627+0300] {processor.py:914} INFO - Processing file /home/nikita/airflow-setup/ENV/lib/python3.12/site-packages/airflow/example_dags/example_branch_datetime_operator.py for tasks to queue
[2026-05-04T00:51:25.629+0300] {logging_mixin.py:190} INFO - [2026-05-04T00:51:25.628+0300] {dagbag.py:588} INFO - Filling up the DagBag from /home/nikita/airflow-setup/ENV/lib/python3.12/site-packages/airflow/example_dags/example_branch_datetime_operator.py
[2026-05-04T00:51:25.638+0300] {processor.py:925} INFO - DAG(s) 'example_branch_datetime_operator_2', 'example_branch_datetime_operator', 'example_branch_datetime_operator_3' retrieved from /home/nikita/airflow-setup/ENV/lib/python3.12/site-packages/airflow/example_dags/example_branch_datetime_operator.py
[2026-05-04T00:51:25.654+0300] {logging_mixin.py:190} INFO - [2026-05-04T00:51:25.653+0300] {dag.py:3239} INFO - Sync 3 DAGs
[2026-05-04T00:51:25.668+0300] {logging_mixin.py:190} INFO - [2026-05-04T00:51:25.668+0300] {dag.py:4180} INFO - Setting next_dagrun for example_branch_datetime_operator to 2026-05-02 00:00:00+00:00, run_after=2026-05-03 00:00:00+00:00
[2026-05-04T00:51:25.671+0300] {logging_mixin.py:190} INFO - [2026-05-04T00:51:25.671+0300] {dag.py:4180} INFO - Setting next_dagrun for example_branch_datetime_operator_2 to 2026-05-02 00:00:00+00:00, run_after=2026-05-03 00:00:00+00:00
[2026-05-04T00:51:25.672+0300] {logging_mixin.py:190} INFO - [2026-05-04T00:51:25.672+0300] {dag.py:4180} INFO - Setting next_dagrun for example_branch_datetime_operator_3 to 2026-05-02 00:00:00+00:00, run_after=2026-05-03 00:00:00+00:00
[2026-05-04T00:51:25.687+0300] {processor.py:208} INFO - Processing /home/nikita/airflow-setup/ENV/lib/python3.12/site-packages/airflow/example_dags/example_branch_datetime_operator.py took 0.073 seconds
[2026-05-04T00:52:22.181+0300] {processor.py:186} INFO - Started process (PID=6368) to work on /home/nikita/airflow-setup/ENV/lib/python3.12/site-packages/airflow/example_dags/example_branch_datetime_operator.py
[2026-05-04T00:52:22.183+0300] {processor.py:914} INFO - Processing file /home/nikita/airflow-setup/ENV/lib/python3.12/site-packages/airflow/example_dags/example_branch_datetime_operator.py for tasks to queue
[2026-05-04T00:52:22.185+0300] {logging_mixin.py:190} INFO - [2026-05-04T00:52:22.184+0300] {dagbag.py:588} INFO - Filling up the DagBag from /home/nikita/airflow-setup/ENV/lib/python3.12/site-packages/airflow/example_dags/example_branch_datetime_operator.py
[2026-05-04T00:52:22.196+0300] {processor.py:925} INFO - DAG(s) 'example_branch_datetime_operator_2', 'example_branch_datetime_operator_3', 'example_branch_datetime_operator' retrieved from /home/nikita/airflow-setup/ENV/lib/python3.12/site-packages/airflow/example_dags/example_branch_datetime_operator.py
[2026-05-04T00:52:22.221+0300] {logging_mixin.py:190} INFO - [2026-05-04T00:52:22.221+0300] {dag.py:3239} INFO - Sync 3 DAGs
[2026-05-04T00:52:22.251+0300] {logging_mixin.py:190} INFO - [2026-05-04T00:52:22.251+0300] {dag.py:4180} INFO - Setting next_dagrun for example_branch_datetime_operator to 2026-05-02 00:00:00+00:00, run_after=2026-05-03 00:00:00+00:00
[2026-05-04T00:52:22.256+0300] {logging_mixin.py:190} INFO - [2026-05-04T00:52:22.255+0300] {dag.py:4180} INFO - Setting next_dagrun for example_branch_datetime_operator_2 to 2026-05-02 00:00:00+00:00, run_after=2026-05-03 00:00:00+00:00
[2026-05-04T00:52:22.258+0300] {logging_mixin.py:190} INFO - [2026-05-04T00:52:22.258+0300] {dag.py:4180} INFO - Setting next_dagrun for example_branch_datetime_operator_3 to 2026-05-02 00:00:00+00:00, run_after=2026-05-03 00:00:00+00:00
[2026-05-04T00:52:22.285+0300] {processor.py:208} INFO - Processing /home/nikita/airflow-setup/ENV/lib/python3.12/site-packages/airflow/example_dags/example_branch_datetime_operator.py took 0.111 seconds
[2026-05-04T00:53:25.053+0300] {processor.py:186} INFO - Started process (PID=6447) to work on /home/nikita/airflow-setup/ENV/lib/python3.12/site-packages/airflow/example_dags/example_branch_datetime_operator.py
[2026-05-04T00:53:25.063+0300] {processor.py:914} INFO - Processing file /home/nikita/airflow-setup/ENV/lib/python3.12/site-packages/airflow/example_dags/example_branch_datetime_operator.py for tasks to queue
[2026-05-04T00:53:25.065+0300] {logging_mixin.py:190} INFO - [2026-05-04T00:53:25.065+0300] {dagbag.py:588} INFO - Filling up the DagBag from /home/nikita/airflow-setup/ENV/lib/python3.12/site-packages/airflow/example_dags/example_branch_datetime_operator.py
[2026-05-04T00:53:25.076+0300] {processor.py:925} INFO - DAG(s) 'example_branch_datetime_operator', 'example_branch_datetime_operator_3', 'example_branch_datetime_operator_2' retrieved from /home/nikita/airflow-setup/ENV/lib/python3.12/site-packages/airflow/example_dags/example_branch_datetime_operator.py
[2026-05-04T00:53:25.093+0300] {logging_mixin.py:190} INFO - [2026-05-04T00:53:25.093+0300] {dag.py:3239} INFO - Sync 3 DAGs
[2026-05-04T00:53:25.111+0300] {logging_mixin.py:190} INFO - [2026-05-04T00:53:25.110+0300] {dag.py:4180} INFO - Setting next_dagrun for example_branch_datetime_operator to 2026-05-02 00:00:00+00:00, run_after=2026-05-03 00:00:00+00:00
[2026-05-04T00:53:25.114+0300] {logging_mixin.py:190} INFO - [2026-05-04T00:53:25.114+0300] {dag.py:4180} INFO - Setting next_dagrun for example_branch_datetime_operator_2 to 2026-05-02 00:00:00+00:00, run_after=2026-05-03 00:00:00+00:00
[2026-05-04T00:53:25.115+0300] {logging_mixin.py:190} INFO - [2026-05-04T00:53:25.115+0300] {dag.py:4180} INFO - Setting next_dagrun for example_branch_datetime_operator_3 to 2026-05-02 00:00:00+00:00, run_after=2026-05-03 00:00:00+00:00
[2026-05-04T00:53:25.132+0300] {processor.py:208} INFO - Processing /home/nikita/airflow-setup/ENV/lib/python3.12/site-packages/airflow/example_dags/example_branch_datetime_operator.py took 0.084 seconds
[2026-05-04T00:54:25.087+0300] {processor.py:186} INFO - Started process (PID=6504) to work on /home/nikita/airflow-setup/ENV/lib/python3.12/site-packages/airflow/example_dags/example_branch_datetime_operator.py
[2026-05-04T00:54:25.088+0300] {processor.py:914} INFO - Processing file /home/nikita/airflow-setup/ENV/lib/python3.12/site-packages/airflow/example_dags/example_branch_datetime_operator.py for tasks to queue
[2026-05-04T00:54:25.090+0300] {logging_mixin.py:190} INFO - [2026-05-04T00:54:25.090+0300] {dagbag.py:588} INFO - Filling up the DagBag from /home/nikita/airflow-setup/ENV/lib/python3.12/site-packages/airflow/example_dags/example_branch_datetime_operator.py
[2026-05-04T00:54:25.099+0300] {processor.py:925} INFO - DAG(s) 'example_branch_datetime_operator', 'example_branch_datetime_operator_2', 'example_branch_datetime_operator_3' retrieved from /home/nikita/airflow-setup/ENV/lib/python3.12/site-packages/airflow/example_dags/example_branch_datetime_operator.py
[2026-05-04T00:54:25.118+0300] {logging_mixin.py:190} INFO - [2026-05-04T00:54:25.118+0300] {dag.py:3239} INFO - Sync 3 DAGs
[2026-05-04T00:54:25.136+0300] {logging_mixin.py:190} INFO - [2026-05-04T00:54:25.135+0300] {dag.py:4180} INFO - Setting next_dagrun for example_branch_datetime_operator to 2026-05-02 00:00:00+00:00, run_after=2026-05-03 00:00:00+00:00
[2026-05-04T00:54:25.139+0300] {logging_mixin.py:190} INFO - [2026-05-04T00:54:25.139+0300] {dag.py:4180} INFO - Setting next_dagrun for example_branch_datetime_operator_2 to 2026-05-02 00:00:00+00:00, run_after=2026-05-03 00:00:00+00:00
[2026-05-04T00:54:25.141+0300] {logging_mixin.py:190} INFO - [2026-05-04T00:54:25.140+0300] {dag.py:4180} INFO - Setting next_dagrun for example_branch_datetime_operator_3 to 2026-05-02 00:00:00+00:00, run_after=2026-05-03 00:00:00+00:00
[2026-05-04T00:54:25.159+0300] {processor.py:208} INFO - Processing /home/nikita/airflow-setup/ENV/lib/python3.12/site-packages/airflow/example_dags/example_branch_datetime_operator.py took 0.077 seconds
[2026-05-04T00:55:29.167+0300] {processor.py:186} INFO - Started process (PID=6573) to work on /home/nikita/airflow-setup/ENV/lib/python3.12/site-packages/airflow/example_dags/example_branch_datetime_operator.py
[2026-05-04T00:55:29.170+0300] {processor.py:914} INFO - Processing file /home/nikita/airflow-setup/ENV/lib/python3.12/site-packages/airflow/example_dags/example_branch_datetime_operator.py for tasks to queue
[2026-05-04T00:55:29.173+0300] {logging_mixin.py:190} INFO - [2026-05-04T00:55:29.173+0300] {dagbag.py:588} INFO - Filling up the DagBag from /home/nikita/airflow-setup/ENV/lib/python3.12/site-packages/airflow/example_dags/example_branch_datetime_operator.py
[2026-05-04T00:55:29.202+0300] {processor.py:925} INFO - DAG(s) 'example_branch_datetime_operator', 'example_branch_datetime_operator_3', 'example_branch_datetime_operator_2' retrieved from /home/nikita/airflow-setup/ENV/lib/python3.12/site-packages/airflow/example_dags/example_branch_datetime_operator.py
[2026-05-04T00:55:29.243+0300] {logging_mixin.py:190} INFO - [2026-05-04T00:55:29.242+0300] {dag.py:3239} INFO - Sync 3 DAGs
[2026-05-04T00:55:29.278+0300] {logging_mixin.py:190} INFO - [2026-05-04T00:55:29.278+0300] {dag.py:4180} INFO - Setting next_dagrun for example_branch_datetime_operator to 2026-05-02 00:00:00+00:00, run_after=2026-05-03 00:00:00+00:00
[2026-05-04T00:55:29.282+0300] {logging_mixin.py:190} INFO - [2026-05-04T00:55:29.282+0300] {dag.py:4180} INFO - Setting next_dagrun for example_branch_datetime_operator_2 to 2026-05-02 00:00:00+00:00, run_after=2026-05-03 00:00:00+00:00
[2026-05-04T00:55:29.283+0300] {logging_mixin.py:190} INFO - [2026-05-04T00:55:29.283+0300] {dag.py:4180} INFO - Setting next_dagrun for example_branch_datetime_operator_3 to 2026-05-02 00:00:00+00:00, run_after=2026-05-03 00:00:00+00:00
[2026-05-04T00:55:29.301+0300] {processor.py:208} INFO - Processing /home/nikita/airflow-setup/ENV/lib/python3.12/site-packages/airflow/example_dags/example_branch_datetime_operator.py took 0.148 seconds
[2026-05-04T00:56:27.992+0300] {processor.py:186} INFO - Started process (PID=6632) to work on /home/nikita/airflow-setup/ENV/lib/python3.12/site-packages/airflow/example_dags/example_branch_datetime_operator.py
[2026-05-04T00:56:27.993+0300] {processor.py:914} INFO - Processing file /home/nikita/airflow-setup/ENV/lib/python3.12/site-packages/airflow/example_dags/example_branch_datetime_operator.py for tasks to queue
[2026-05-04T00:56:27.996+0300] {logging_mixin.py:190} INFO - [2026-05-04T00:56:27.995+0300] {dagbag.py:588} INFO - Filling up the DagBag from /home/nikita/airflow-setup/ENV/lib/python3.12/site-packages/airflow/example_dags/example_branch_datetime_operator.py
[2026-05-04T00:56:28.007+0300] {processor.py:925} INFO - DAG(s) 'example_branch_datetime_operator_3', 'example_branch_datetime_operator_2', 'example_branch_datetime_operator' retrieved from /home/nikita/airflow-setup/ENV/lib/python3.12/site-packages/airflow/example_dags/example_branch_datetime_operator.py
[2026-05-04T00:56:28.028+0300] {logging_mixin.py:190} INFO - [2026-05-04T00:56:28.027+0300] {dag.py:3239} INFO - Sync 3 DAGs
[2026-05-04T00:56:28.049+0300] {logging_mixin.py:190} INFO - [2026-05-04T00:56:28.049+0300] {dag.py:4180} INFO - Setting next_dagrun for example_branch_datetime_operator to 2026-05-02 00:00:00+00:00, run_after=2026-05-03 00:00:00+00:00
[2026-05-04T00:56:28.054+0300] {logging_mixin.py:190} INFO - [2026-05-04T00:56:28.054+0300] {dag.py:4180} INFO - Setting next_dagrun for example_branch_datetime_operator_2 to 2026-05-02 00:00:00+00:00, run_after=2026-05-03 00:00:00+00:00
[2026-05-04T00:56:28.056+0300] {logging_mixin.py:190} INFO - [2026-05-04T00:56:28.055+0300] {dag.py:4180} INFO - Setting next_dagrun for example_branch_datetime_operator_3 to 2026-05-02 00:00:00+00:00, run_after=2026-05-03 00:00:00+00:00
[2026-05-04T00:56:28.074+0300] {processor.py:208} INFO - Processing /home/nikita/airflow-setup/ENV/lib/python3.12/site-packages/airflow/example_dags/example_branch_datetime_operator.py took 0.088 seconds
[2026-05-04T00:57:27.071+0300] {processor.py:186} INFO - Started process (PID=7060) to work on /home/nikita/airflow-setup/ENV/lib/python3.12/site-packages/airflow/example_dags/example_branch_datetime_operator.py
[2026-05-04T00:57:27.080+0300] {processor.py:914} INFO - Processing file /home/nikita/airflow-setup/ENV/lib/python3.12/site-packages/airflow/example_dags/example_branch_datetime_operator.py for tasks to queue
[2026-05-04T00:57:27.082+0300] {logging_mixin.py:190} INFO - [2026-05-04T00:57:27.082+0300] {dagbag.py:588} INFO - Filling up the DagBag from /home/nikita/airflow-setup/ENV/lib/python3.12/site-packages/airflow/example_dags/example_branch_datetime_operator.py
[2026-05-04T00:57:27.092+0300] {processor.py:925} INFO - DAG(s) 'example_branch_datetime_operator_3', 'example_branch_datetime_operator', 'example_branch_datetime_operator_2' retrieved from /home/nikita/airflow-setup/ENV/lib/python3.12/site-packages/airflow/example_dags/example_branch_datetime_operator.py
[2026-05-04T00:57:27.109+0300] {logging_mixin.py:190} INFO - [2026-05-04T00:57:27.109+0300] {dag.py:3239} INFO - Sync 3 DAGs
[2026-05-04T00:57:27.125+0300] {logging_mixin.py:190} INFO - [2026-05-04T00:57:27.125+0300] {dag.py:4180} INFO - Setting next_dagrun for example_branch_datetime_operator to 2026-05-02 00:00:00+00:00, run_after=2026-05-03 00:00:00+00:00
[2026-05-04T00:57:27.129+0300] {logging_mixin.py:190} INFO - [2026-05-04T00:57:27.128+0300] {dag.py:4180} INFO - Setting next_dagrun for example_branch_datetime_operator_2 to 2026-05-02 00:00:00+00:00, run_after=2026-05-03 00:00:00+00:00
[2026-05-04T00:57:27.130+0300] {logging_mixin.py:190} INFO - [2026-05-04T00:57:27.130+0300] {dag.py:4180} INFO - Setting next_dagrun for example_branch_datetime_operator_3 to 2026-05-02 00:00:00+00:00, run_after=2026-05-03 00:00:00+00:00
[2026-05-04T00:57:27.146+0300] {processor.py:208} INFO - Processing /home/nikita/airflow-setup/ENV/lib/python3.12/site-packages/airflow/example_dags/example_branch_datetime_operator.py took 0.079 seconds
[2026-05-04T00:58:24.159+0300] {processor.py:186} INFO - Started process (PID=7281) to work on /home/nikita/airflow-setup/ENV/lib/python3.12/site-packages/airflow/example_dags/example_branch_datetime_operator.py
[2026-05-04T00:58:24.170+0300] {processor.py:914} INFO - Processing file /home/nikita/airflow-setup/ENV/lib/python3.12/site-packages/airflow/example_dags/example_branch_datetime_operator.py for tasks to queue
[2026-05-04T00:58:24.172+0300] {logging_mixin.py:190} INFO - [2026-05-04T00:58:24.172+0300] {dagbag.py:588} INFO - Filling up the DagBag from /home/nikita/airflow-setup/ENV/lib/python3.12/site-packages/airflow/example_dags/example_branch_datetime_operator.py
[2026-05-04T00:58:24.182+0300] {processor.py:925} INFO - DAG(s) 'example_branch_datetime_operator', 'example_branch_datetime_operator_3', 'example_branch_datetime_operator_2' retrieved from /home/nikita/airflow-setup/ENV/lib/python3.12/site-packages/airflow/example_dags/example_branch_datetime_operator.py
[2026-05-04T00:58:24.196+0300] {logging_mixin.py:190} INFO - [2026-05-04T00:58:24.195+0300] {dag.py:3239} INFO - Sync 3 DAGs
[2026-05-04T00:58:24.211+0300] {logging_mixin.py:190} INFO - [2026-05-04T00:58:24.211+0300] {dag.py:4180} INFO - Setting next_dagrun for example_branch_datetime_operator to 2026-05-02 00:00:00+00:00, run_after=2026-05-03 00:00:00+00:00
[2026-05-04T00:58:24.214+0300] {logging_mixin.py:190} INFO - [2026-05-04T00:58:24.214+0300] {dag.py:4180} INFO - Setting next_dagrun for example_branch_datetime_operator_2 to 2026-05-02 00:00:00+00:00, run_after=2026-05-03 00:00:00+00:00
[2026-05-04T00:58:24.215+0300] {logging_mixin.py:190} INFO - [2026-05-04T00:58:24.215+0300] {dag.py:4180} INFO - Setting next_dagrun for example_branch_datetime_operator_3 to 2026-05-02 00:00:00+00:00, run_after=2026-05-03 00:00:00+00:00
[2026-05-04T00:58:24.231+0300] {processor.py:208} INFO - Processing /home/nikita/airflow-setup/ENV/lib/python3.12/site-packages/airflow/example_dags/example_branch_datetime_operator.py took 0.076 seconds
[2026-05-04T00:59:23.549+0300] {processor.py:186} INFO - Started process (PID=7547) to work on /home/nikita/airflow-setup/ENV/lib/python3.12/site-packages/airflow/example_dags/example_branch_datetime_operator.py
[2026-05-04T00:59:23.559+0300] {processor.py:914} INFO - Processing file /home/nikita/airflow-setup/ENV/lib/python3.12/site-packages/airflow/example_dags/example_branch_datetime_operator.py for tasks to queue
[2026-05-04T00:59:23.561+0300] {logging_mixin.py:190} INFO - [2026-05-04T00:59:23.561+0300] {dagbag.py:588} INFO - Filling up the DagBag from /home/nikita/airflow-setup/ENV/lib/python3.12/site-packages/airflow/example_dags/example_branch_datetime_operator.py
[2026-05-04T00:59:23.572+0300] {processor.py:925} INFO - DAG(s) 'example_branch_datetime_operator_2', 'example_branch_datetime_operator', 'example_branch_datetime_operator_3' retrieved from /home/nikita/airflow-setup/ENV/lib/python3.12/site-packages/airflow/example_dags/example_branch_datetime_operator.py
[2026-05-04T00:59:23.591+0300] {logging_mixin.py:190} INFO - [2026-05-04T00:59:23.591+0300] {dag.py:3239} INFO - Sync 3 DAGs
[2026-05-04T00:59:23.609+0300] {logging_mixin.py:190} INFO - [2026-05-04T00:59:23.609+0300] {dag.py:4180} INFO - Setting next_dagrun for example_branch_datetime_operator to 2026-05-02 00:00:00+00:00, run_after=2026-05-03 00:00:00+00:00
[2026-05-04T00:59:23.612+0300] {logging_mixin.py:190} INFO - [2026-05-04T00:59:23.612+0300] {dag.py:4180} INFO - Setting next_dagrun for example_branch_datetime_operator_2 to 2026-05-02 00:00:00+00:00, run_after=2026-05-03 00:00:00+00:00
[2026-05-04T00:59:23.613+0300] {logging_mixin.py:190} INFO - [2026-05-04T00:59:23.613+0300] {dag.py:4180} INFO - Setting next_dagrun for example_branch_datetime_operator_3 to 2026-05-02 00:00:00+00:00, run_after=2026-05-03 00:00:00+00:00
[2026-05-04T00:59:23.632+0300] {processor.py:208} INFO - Processing /home/nikita/airflow-setup/ENV/lib/python3.12/site-packages/airflow/example_dags/example_branch_datetime_operator.py took 0.089 seconds
[2026-05-04T01:00:22.208+0300] {processor.py:186} INFO - Started process (PID=8336) to work on /home/nikita/airflow-setup/ENV/lib/python3.12/site-packages/airflow/example_dags/example_branch_datetime_operator.py
[2026-05-04T01:00:22.209+0300] {processor.py:914} INFO - Processing file /home/nikita/airflow-setup/ENV/lib/python3.12/site-packages/airflow/example_dags/example_branch_datetime_operator.py for tasks to queue
[2026-05-04T01:00:22.211+0300] {logging_mixin.py:190} INFO - [2026-05-04T01:00:22.210+0300] {dagbag.py:588} INFO - Filling up the DagBag from /home/nikita/airflow-setup/ENV/lib/python3.12/site-packages/airflow/example_dags/example_branch_datetime_operator.py
[2026-05-04T01:00:22.220+0300] {processor.py:925} INFO - DAG(s) 'example_branch_datetime_operator_3', 'example_branch_datetime_operator_2', 'example_branch_datetime_operator' retrieved from /home/nikita/airflow-setup/ENV/lib/python3.12/site-packages/airflow/example_dags/example_branch_datetime_operator.py
[2026-05-04T01:00:22.234+0300] {logging_mixin.py:190} INFO - [2026-05-04T01:00:22.234+0300] {dag.py:3239} INFO - Sync 3 DAGs
[2026-05-04T01:00:22.248+0300] {logging_mixin.py:190} INFO - [2026-05-04T01:00:22.248+0300] {dag.py:4180} INFO - Setting next_dagrun for example_branch_datetime_operator to 2026-05-02 00:00:00+00:00, run_after=2026-05-03 00:00:00+00:00
[2026-05-04T01:00:22.251+0300] {logging_mixin.py:190} INFO - [2026-05-04T01:00:22.251+0300] {dag.py:4180} INFO - Setting next_dagrun for example_branch_datetime_operator_2 to 2026-05-02 00:00:00+00:00, run_after=2026-05-03 00:00:00+00:00
[2026-05-04T01:00:22.253+0300] {logging_mixin.py:190} INFO - [2026-05-04T01:00:22.252+0300] {dag.py:4180} INFO - Setting next_dagrun for example_branch_datetime_operator_3 to 2026-05-02 00:00:00+00:00, run_after=2026-05-03 00:00:00+00:00
[2026-05-04T01:00:22.267+0300] {processor.py:208} INFO - Processing /home/nikita/airflow-setup/ENV/lib/python3.12/site-packages/airflow/example_dags/example_branch_datetime_operator.py took 0.064 seconds
[2026-05-04T01:01:28.845+0300] {processor.py:186} INFO - Started process (PID=8818) to work on /home/nikita/airflow-setup/ENV/lib/python3.12/site-packages/airflow/example_dags/example_branch_datetime_operator.py
[2026-05-04T01:01:28.855+0300] {processor.py:914} INFO - Processing file /home/nikita/airflow-setup/ENV/lib/python3.12/site-packages/airflow/example_dags/example_branch_datetime_operator.py for tasks to queue
[2026-05-04T01:01:28.856+0300] {logging_mixin.py:190} INFO - [2026-05-04T01:01:28.855+0300] {dagbag.py:588} INFO - Filling up the DagBag from /home/nikita/airflow-setup/ENV/lib/python3.12/site-packages/airflow/example_dags/example_branch_datetime_operator.py
[2026-05-04T01:01:28.866+0300] {processor.py:925} INFO - DAG(s) 'example_branch_datetime_operator_2', 'example_branch_datetime_operator', 'example_branch_datetime_operator_3' retrieved from /home/nikita/airflow-setup/ENV/lib/python3.12/site-packages/airflow/example_dags/example_branch_datetime_operator.py
[2026-05-04T01:01:28.884+0300] {logging_mixin.py:190} INFO - [2026-05-04T01:01:28.884+0300] {dag.py:3239} INFO - Sync 3 DAGs
[2026-05-04T01:01:28.903+0300] {logging_mixin.py:190} INFO - [2026-05-04T01:01:28.903+0300] {dag.py:4180} INFO - Setting next_dagrun for example_branch_datetime_operator to 2026-05-02 00:00:00+00:00, run_after=2026-05-03 00:00:00+00:00
[2026-05-04T01:01:28.908+0300] {logging_mixin.py:190} INFO - [2026-05-04T01:01:28.907+0300] {dag.py:4180} INFO - Setting next_dagrun for example_branch_datetime_operator_2 to 2026-05-02 00:00:00+00:00, run_after=2026-05-03 00:00:00+00:00
[2026-05-04T01:01:28.910+0300] {logging_mixin.py:190} INFO - [2026-05-04T01:01:28.910+0300] {dag.py:4180} INFO - Setting next_dagrun for example_branch_datetime_operator_3 to 2026-05-02 00:00:00+00:00, run_after=2026-05-03 00:00:00+00:00
[2026-05-04T01:01:28.927+0300] {processor.py:208} INFO - Processing /home/nikita/airflow-setup/ENV/lib/python3.12/site-packages/airflow/example_dags/example_branch_datetime_operator.py took 0.087 seconds
[2026-05-04T01:02:38.299+0300] {processor.py:186} INFO - Started process (PID=9409) to work on /home/nikita/airflow-setup/ENV/lib/python3.12/site-packages/airflow/example_dags/example_branch_datetime_operator.py
[2026-05-04T01:02:38.308+0300] {processor.py:914} INFO - Processing file /home/nikita/airflow-setup/ENV/lib/python3.12/site-packages/airflow/example_dags/example_branch_datetime_operator.py for tasks to queue
[2026-05-04T01:02:38.309+0300] {logging_mixin.py:190} INFO - [2026-05-04T01:02:38.308+0300] {dagbag.py:588} INFO - Filling up the DagBag from /home/nikita/airflow-setup/ENV/lib/python3.12/site-packages/airflow/example_dags/example_branch_datetime_operator.py
[2026-05-04T01:02:38.319+0300] {processor.py:925} INFO - DAG(s) 'example_branch_datetime_operator', 'example_branch_datetime_operator_3', 'example_branch_datetime_operator_2' retrieved from /home/nikita/airflow-setup/ENV/lib/python3.12/site-packages/airflow/example_dags/example_branch_datetime_operator.py
[2026-05-04T01:02:38.336+0300] {logging_mixin.py:190} INFO - [2026-05-04T01:02:38.336+0300] {dag.py:3239} INFO - Sync 3 DAGs
[2026-05-04T01:02:38.352+0300] {logging_mixin.py:190} INFO - [2026-05-04T01:02:38.352+0300] {dag.py:4180} INFO - Setting next_dagrun for example_branch_datetime_operator to 2026-05-02 00:00:00+00:00, run_after=2026-05-03 00:00:00+00:00
[2026-05-04T01:02:38.355+0300] {logging_mixin.py:190} INFO - [2026-05-04T01:02:38.355+0300] {dag.py:4180} INFO - Setting next_dagrun for example_branch_datetime_operator_2 to 2026-05-02 00:00:00+00:00, run_after=2026-05-03 00:00:00+00:00
[2026-05-04T01:02:38.356+0300] {logging_mixin.py:190} INFO - [2026-05-04T01:02:38.356+0300] {dag.py:4180} INFO - Setting next_dagrun for example_branch_datetime_operator_3 to 2026-05-02 00:00:00+00:00, run_after=2026-05-03 00:00:00+00:00
[2026-05-04T01:02:38.373+0300] {processor.py:208} INFO - Processing /home/nikita/airflow-setup/ENV/lib/python3.12/site-packages/airflow/example_dags/example_branch_datetime_operator.py took 0.077 seconds
[2026-05-04T01:03:41.820+0300] {processor.py:186} INFO - Started process (PID=9756) to work on /home/nikita/airflow-setup/ENV/lib/python3.12/site-packages/airflow/example_dags/example_branch_datetime_operator.py
[2026-05-04T01:03:41.828+0300] {processor.py:914} INFO - Processing file /home/nikita/airflow-setup/ENV/lib/python3.12/site-packages/airflow/example_dags/example_branch_datetime_operator.py for tasks to queue
[2026-05-04T01:03:41.829+0300] {logging_mixin.py:190} INFO - [2026-05-04T01:03:41.829+0300] {dagbag.py:588} INFO - Filling up the DagBag from /home/nikita/airflow-setup/ENV/lib/python3.12/site-packages/airflow/example_dags/example_branch_datetime_operator.py
[2026-05-04T01:03:41.839+0300] {processor.py:925} INFO - DAG(s) 'example_branch_datetime_operator_3', 'example_branch_datetime_operator_2', 'example_branch_datetime_operator' retrieved from /home/nikita/airflow-setup/ENV/lib/python3.12/site-packages/airflow/example_dags/example_branch_datetime_operator.py
[2026-05-04T01:03:41.853+0300] {logging_mixin.py:190} INFO - [2026-05-04T01:03:41.853+0300] {dag.py:3239} INFO - Sync 3 DAGs
[2026-05-04T01:03:41.870+0300] {logging_mixin.py:190} INFO - [2026-05-04T01:03:41.870+0300] {dag.py:4180} INFO - Setting next_dagrun for example_branch_datetime_operator to 2026-05-02 00:00:00+00:00, run_after=2026-05-03 00:00:00+00:00
[2026-05-04T01:03:41.873+0300] {logging_mixin.py:190} INFO - [2026-05-04T01:03:41.873+0300] {dag.py:4180} INFO - Setting next_dagrun for example_branch_datetime_operator_2 to 2026-05-02 00:00:00+00:00, run_after=2026-05-03 00:00:00+00:00
[2026-05-04T01:03:41.874+0300] {logging_mixin.py:190} INFO - [2026-05-04T01:03:41.874+0300] {dag.py:4180} INFO - Setting next_dagrun for example_branch_datetime_operator_3 to 2026-05-02 00:00:00+00:00, run_after=2026-05-03 00:00:00+00:00
[2026-05-04T01:03:41.889+0300] {processor.py:208} INFO - Processing /home/nikita/airflow-setup/ENV/lib/python3.12/site-packages/airflow/example_dags/example_branch_datetime_operator.py took 0.074 seconds
[2026-05-04T01:04:44.674+0300] {processor.py:186} INFO - Started process (PID=10029) to work on /home/nikita/airflow-setup/ENV/lib/python3.12/site-packages/airflow/example_dags/example_branch_datetime_operator.py
[2026-05-04T01:04:44.684+0300] {processor.py:914} INFO - Processing file /home/nikita/airflow-setup/ENV/lib/python3.12/site-packages/airflow/example_dags/example_branch_datetime_operator.py for tasks to queue
[2026-05-04T01:04:44.685+0300] {logging_mixin.py:190} INFO - [2026-05-04T01:04:44.685+0300] {dagbag.py:588} INFO - Filling up the DagBag from /home/nikita/airflow-setup/ENV/lib/python3.12/site-packages/airflow/example_dags/example_branch_datetime_operator.py
[2026-05-04T01:04:44.694+0300] {processor.py:925} INFO - DAG(s) 'example_branch_datetime_operator', 'example_branch_datetime_operator_2', 'example_branch_datetime_operator_3' retrieved from /home/nikita/airflow-setup/ENV/lib/python3.12/site-packages/airflow/example_dags/example_branch_datetime_operator.py
[2026-05-04T01:04:44.709+0300] {logging_mixin.py:190} INFO - [2026-05-04T01:04:44.709+0300] {dag.py:3239} INFO - Sync 3 DAGs
[2026-05-04T01:04:44.724+0300] {logging_mixin.py:190} INFO - [2026-05-04T01:04:44.724+0300] {dag.py:4180} INFO - Setting next_dagrun for example_branch_datetime_operator to 2026-05-02 00:00:00+00:00, run_after=2026-05-03 00:00:00+00:00
[2026-05-04T01:04:44.727+0300] {logging_mixin.py:190} INFO - [2026-05-04T01:04:44.727+0300] {dag.py:4180} INFO - Setting next_dagrun for example_branch_datetime_operator_2 to 2026-05-02 00:00:00+00:00, run_after=2026-05-03 00:00:00+00:00
[2026-05-04T01:04:44.728+0300] {logging_mixin.py:190} INFO - [2026-05-04T01:04:44.728+0300] {dag.py:4180} INFO - Setting next_dagrun for example_branch_datetime_operator_3 to 2026-05-02 00:00:00+00:00, run_after=2026-05-03 00:00:00+00:00
[2026-05-04T01:04:44.743+0300] {processor.py:208} INFO - Processing /home/nikita/airflow-setup/ENV/lib/python3.12/site-packages/airflow/example_dags/example_branch_datetime_operator.py took 0.073 seconds
[2026-05-04T01:05:52.357+0300] {processor.py:186} INFO - Started process (PID=10310) to work on /home/nikita/airflow-setup/ENV/lib/python3.12/site-packages/airflow/example_dags/example_branch_datetime_operator.py
[2026-05-04T01:05:52.359+0300] {processor.py:914} INFO - Processing file /home/nikita/airflow-setup/ENV/lib/python3.12/site-packages/airflow/example_dags/example_branch_datetime_operator.py for tasks to queue
[2026-05-04T01:05:52.360+0300] {logging_mixin.py:190} INFO - [2026-05-04T01:05:52.359+0300] {dagbag.py:588} INFO - Filling up the DagBag from /home/nikita/airflow-setup/ENV/lib/python3.12/site-packages/airflow/example_dags/example_branch_datetime_operator.py
[2026-05-04T01:05:52.369+0300] {processor.py:925} INFO - DAG(s) 'example_branch_datetime_operator_2', 'example_branch_datetime_operator_3', 'example_branch_datetime_operator' retrieved from /home/nikita/airflow-setup/ENV/lib/python3.12/site-packages/airflow/example_dags/example_branch_datetime_operator.py
[2026-05-04T01:05:52.386+0300] {logging_mixin.py:190} INFO - [2026-05-04T01:05:52.385+0300] {dag.py:3239} INFO - Sync 3 DAGs
[2026-05-04T01:05:52.404+0300] {logging_mixin.py:190} INFO - [2026-05-04T01:05:52.404+0300] {dag.py:4180} INFO - Setting next_dagrun for example_branch_datetime_operator to 2026-05-02 00:00:00+00:00, run_after=2026-05-03 00:00:00+00:00
[2026-05-04T01:05:52.407+0300] {logging_mixin.py:190} INFO - [2026-05-04T01:05:52.407+0300] {dag.py:4180} INFO - Setting next_dagrun for example_branch_datetime_operator_2 to 2026-05-02 00:00:00+00:00, run_after=2026-05-03 00:00:00+00:00
[2026-05-04T01:05:52.409+0300] {logging_mixin.py:190} INFO - [2026-05-04T01:05:52.409+0300] {dag.py:4180} INFO - Setting next_dagrun for example_branch_datetime_operator_3 to 2026-05-02 00:00:00+00:00, run_after=2026-05-03 00:00:00+00:00
[2026-05-04T01:05:52.430+0300] {processor.py:208} INFO - Processing /home/nikita/airflow-setup/ENV/lib/python3.12/site-packages/airflow/example_dags/example_branch_datetime_operator.py took 0.078 seconds
[2026-05-04T01:06:56.629+0300] {processor.py:186} INFO - Started process (PID=10556) to work on /home/nikita/airflow-setup/ENV/lib/python3.12/site-packages/airflow/example_dags/example_branch_datetime_operator.py
[2026-05-04T01:06:56.638+0300] {processor.py:914} INFO - Processing file /home/nikita/airflow-setup/ENV/lib/python3.12/site-packages/airflow/example_dags/example_branch_datetime_operator.py for tasks to queue
[2026-05-04T01:06:56.639+0300] {logging_mixin.py:190} INFO - [2026-05-04T01:06:56.639+0300] {dagbag.py:588} INFO - Filling up the DagBag from /home/nikita/airflow-setup/ENV/lib/python3.12/site-packages/airflow/example_dags/example_branch_datetime_operator.py
[2026-05-04T01:06:56.649+0300] {processor.py:925} INFO - DAG(s) 'example_branch_datetime_operator_3', 'example_branch_datetime_operator', 'example_branch_datetime_operator_2' retrieved from /home/nikita/airflow-setup/ENV/lib/python3.12/site-packages/airflow/example_dags/example_branch_datetime_operator.py
[2026-05-04T01:06:56.667+0300] {logging_mixin.py:190} INFO - [2026-05-04T01:06:56.667+0300] {dag.py:3239} INFO - Sync 3 DAGs
[2026-05-04T01:06:56.686+0300] {logging_mixin.py:190} INFO - [2026-05-04T01:06:56.686+0300] {dag.py:4180} INFO - Setting next_dagrun for example_branch_datetime_operator to 2026-05-02 00:00:00+00:00, run_after=2026-05-03 00:00:00+00:00
[2026-05-04T01:06:56.691+0300] {logging_mixin.py:190} INFO - [2026-05-04T01:06:56.690+0300] {dag.py:4180} INFO - Setting next_dagrun for example_branch_datetime_operator_2 to 2026-05-02 00:00:00+00:00, run_after=2026-05-03 00:00:00+00:00
[2026-05-04T01:06:56.692+0300] {logging_mixin.py:190} INFO - [2026-05-04T01:06:56.692+0300] {dag.py:4180} INFO - Setting next_dagrun for example_branch_datetime_operator_3 to 2026-05-02 00:00:00+00:00, run_after=2026-05-03 00:00:00+00:00
[2026-05-04T01:06:56.710+0300] {processor.py:208} INFO - Processing /home/nikita/airflow-setup/ENV/lib/python3.12/site-packages/airflow/example_dags/example_branch_datetime_operator.py took 0.086 seconds
[2026-05-04T01:08:04.582+0300] {processor.py:186} INFO - Started process (PID=10814) to work on /home/nikita/airflow-setup/ENV/lib/python3.12/site-packages/airflow/example_dags/example_branch_datetime_operator.py
[2026-05-04T01:08:04.584+0300] {processor.py:914} INFO - Processing file /home/nikita/airflow-setup/ENV/lib/python3.12/site-packages/airflow/example_dags/example_branch_datetime_operator.py for tasks to queue
[2026-05-04T01:08:04.585+0300] {logging_mixin.py:190} INFO - [2026-05-04T01:08:04.584+0300] {dagbag.py:588} INFO - Filling up the DagBag from /home/nikita/airflow-setup/ENV/lib/python3.12/site-packages/airflow/example_dags/example_branch_datetime_operator.py
[2026-05-04T01:08:04.594+0300] {processor.py:925} INFO - DAG(s) 'example_branch_datetime_operator_2', 'example_branch_datetime_operator', 'example_branch_datetime_operator_3' retrieved from /home/nikita/airflow-setup/ENV/lib/python3.12/site-packages/airflow/example_dags/example_branch_datetime_operator.py
[2026-05-04T01:08:04.611+0300] {logging_mixin.py:190} INFO - [2026-05-04T01:08:04.611+0300] {dag.py:3239} INFO - Sync 3 DAGs
[2026-05-04T01:08:04.631+0300] {logging_mixin.py:190} INFO - [2026-05-04T01:08:04.631+0300] {dag.py:4180} INFO - Setting next_dagrun for example_branch_datetime_operator to 2026-05-02 00:00:00+00:00, run_after=2026-05-03 00:00:00+00:00
[2026-05-04T01:08:04.635+0300] {logging_mixin.py:190} INFO - [2026-05-04T01:08:04.634+0300] {dag.py:4180} INFO - Setting next_dagrun for example_branch_datetime_operator_2 to 2026-05-02 00:00:00+00:00, run_after=2026-05-03 00:00:00+00:00
[2026-05-04T01:08:04.636+0300] {logging_mixin.py:190} INFO - [2026-05-04T01:08:04.636+0300] {dag.py:4180} INFO - Setting next_dagrun for example_branch_datetime_operator_3 to 2026-05-02 00:00:00+00:00, run_after=2026-05-03 00:00:00+00:00
[2026-05-04T01:08:04.654+0300] {processor.py:208} INFO - Processing /home/nikita/airflow-setup/ENV/lib/python3.12/site-packages/airflow/example_dags/example_branch_datetime_operator.py took 0.076 seconds
[2026-05-04T01:09:10.470+0300] {processor.py:186} INFO - Started process (PID=11966) to work on /home/nikita/airflow-setup/ENV/lib/python3.12/site-packages/airflow/example_dags/example_branch_datetime_operator.py
[2026-05-04T01:09:10.480+0300] {processor.py:914} INFO - Processing file /home/nikita/airflow-setup/ENV/lib/python3.12/site-packages/airflow/example_dags/example_branch_datetime_operator.py for tasks to queue
[2026-05-04T01:09:10.481+0300] {logging_mixin.py:190} INFO - [2026-05-04T01:09:10.480+0300] {dagbag.py:588} INFO - Filling up the DagBag from /home/nikita/airflow-setup/ENV/lib/python3.12/site-packages/airflow/example_dags/example_branch_datetime_operator.py
[2026-05-04T01:09:10.489+0300] {processor.py:925} INFO - DAG(s) 'example_branch_datetime_operator_3', 'example_branch_datetime_operator_2', 'example_branch_datetime_operator' retrieved from /home/nikita/airflow-setup/ENV/lib/python3.12/site-packages/airflow/example_dags/example_branch_datetime_operator.py
[2026-05-04T01:09:10.503+0300] {logging_mixin.py:190} INFO - [2026-05-04T01:09:10.503+0300] {dag.py:3239} INFO - Sync 3 DAGs
[2026-05-04T01:09:10.519+0300] {logging_mixin.py:190} INFO - [2026-05-04T01:09:10.519+0300] {dag.py:4180} INFO - Setting next_dagrun for example_branch_datetime_operator to 2026-05-02 00:00:00+00:00, run_after=2026-05-03 00:00:00+00:00
[2026-05-04T01:09:10.522+0300] {logging_mixin.py:190} INFO - [2026-05-04T01:09:10.522+0300] {dag.py:4180} INFO - Setting next_dagrun for example_branch_datetime_operator_2 to 2026-05-02 00:00:00+00:00, run_after=2026-05-03 00:00:00+00:00
[2026-05-04T01:09:10.523+0300] {logging_mixin.py:190} INFO - [2026-05-04T01:09:10.523+0300] {dag.py:4180} INFO - Setting next_dagrun for example_branch_datetime_operator_3 to 2026-05-02 00:00:00+00:00, run_after=2026-05-03 00:00:00+00:00
[2026-05-04T01:09:10.538+0300] {processor.py:208} INFO - Processing /home/nikita/airflow-setup/ENV/lib/python3.12/site-packages/airflow/example_dags/example_branch_datetime_operator.py took 0.072 seconds
[2026-05-04T01:10:20.998+0300] {processor.py:186} INFO - Started process (PID=12275) to work on /home/nikita/airflow-setup/ENV/lib/python3.12/site-packages/airflow/example_dags/example_branch_datetime_operator.py
[2026-05-04T01:10:21.007+0300] {processor.py:914} INFO - Processing file /home/nikita/airflow-setup/ENV/lib/python3.12/site-packages/airflow/example_dags/example_branch_datetime_operator.py for tasks to queue
[2026-05-04T01:10:21.010+0300] {logging_mixin.py:190} INFO - [2026-05-04T01:10:21.009+0300] {dagbag.py:588} INFO - Filling up the DagBag from /home/nikita/airflow-setup/ENV/lib/python3.12/site-packages/airflow/example_dags/example_branch_datetime_operator.py
[2026-05-04T01:10:21.020+0300] {processor.py:925} INFO - DAG(s) 'example_branch_datetime_operator', 'example_branch_datetime_operator_3', 'example_branch_datetime_operator_2' retrieved from /home/nikita/airflow-setup/ENV/lib/python3.12/site-packages/airflow/example_dags/example_branch_datetime_operator.py
[2026-05-04T01:10:21.036+0300] {logging_mixin.py:190} INFO - [2026-05-04T01:10:21.036+0300] {dag.py:3239} INFO - Sync 3 DAGs
[2026-05-04T01:10:21.055+0300] {logging_mixin.py:190} INFO - [2026-05-04T01:10:21.055+0300] {dag.py:4180} INFO - Setting next_dagrun for example_branch_datetime_operator to 2026-05-02 00:00:00+00:00, run_after=2026-05-03 00:00:00+00:00
[2026-05-04T01:10:21.060+0300] {logging_mixin.py:190} INFO - [2026-05-04T01:10:21.060+0300] {dag.py:4180} INFO - Setting next_dagrun for example_branch_datetime_operator_2 to 2026-05-02 00:00:00+00:00, run_after=2026-05-03 00:00:00+00:00
[2026-05-04T01:10:21.062+0300] {logging_mixin.py:190} INFO - [2026-05-04T01:10:21.062+0300] {dag.py:4180} INFO - Setting next_dagrun for example_branch_datetime_operator_3 to 2026-05-02 00:00:00+00:00, run_after=2026-05-03 00:00:00+00:00
[2026-05-04T01:10:21.081+0300] {processor.py:208} INFO - Processing /home/nikita/airflow-setup/ENV/lib/python3.12/site-packages/airflow/example_dags/example_branch_datetime_operator.py took 0.087 seconds
[2026-05-04T01:11:30.500+0300] {processor.py:186} INFO - Started process (PID=12535) to work on /home/nikita/airflow-setup/ENV/lib/python3.12/site-packages/airflow/example_dags/example_branch_datetime_operator.py
[2026-05-04T01:11:30.501+0300] {processor.py:914} INFO - Processing file /home/nikita/airflow-setup/ENV/lib/python3.12/site-packages/airflow/example_dags/example_branch_datetime_operator.py for tasks to queue
[2026-05-04T01:11:30.502+0300] {logging_mixin.py:190} INFO - [2026-05-04T01:11:30.502+0300] {dagbag.py:588} INFO - Filling up the DagBag from /home/nikita/airflow-setup/ENV/lib/python3.12/site-packages/airflow/example_dags/example_branch_datetime_operator.py
[2026-05-04T01:11:30.511+0300] {processor.py:925} INFO - DAG(s) 'example_branch_datetime_operator_3', 'example_branch_datetime_operator', 'example_branch_datetime_operator_2' retrieved from /home/nikita/airflow-setup/ENV/lib/python3.12/site-packages/airflow/example_dags/example_branch_datetime_operator.py
[2026-05-04T01:11:30.525+0300] {logging_mixin.py:190} INFO - [2026-05-04T01:11:30.525+0300] {dag.py:3239} INFO - Sync 3 DAGs
[2026-05-04T01:11:30.541+0300] {logging_mixin.py:190} INFO - [2026-05-04T01:11:30.540+0300] {dag.py:4180} INFO - Setting next_dagrun for example_branch_datetime_operator to 2026-05-02 00:00:00+00:00, run_after=2026-05-03 00:00:00+00:00
[2026-05-04T01:11:30.543+0300] {logging_mixin.py:190} INFO - [2026-05-04T01:11:30.543+0300] {dag.py:4180} INFO - Setting next_dagrun for example_branch_datetime_operator_2 to 2026-05-02 00:00:00+00:00, run_after=2026-05-03 00:00:00+00:00
[2026-05-04T01:11:30.545+0300] {logging_mixin.py:190} INFO - [2026-05-04T01:11:30.545+0300] {dag.py:4180} INFO - Setting next_dagrun for example_branch_datetime_operator_3 to 2026-05-02 00:00:00+00:00, run_after=2026-05-03 00:00:00+00:00
[2026-05-04T01:11:30.560+0300] {processor.py:208} INFO - Processing /home/nikita/airflow-setup/ENV/lib/python3.12/site-packages/airflow/example_dags/example_branch_datetime_operator.py took 0.065 seconds
[2026-05-04T01:12:31.790+0300] {processor.py:186} INFO - Started process (PID=12771) to work on /home/nikita/airflow-setup/ENV/lib/python3.12/site-packages/airflow/example_dags/example_branch_datetime_operator.py
[2026-05-04T01:12:31.799+0300] {processor.py:914} INFO - Processing file /home/nikita/airflow-setup/ENV/lib/python3.12/site-packages/airflow/example_dags/example_branch_datetime_operator.py for tasks to queue
[2026-05-04T01:12:31.800+0300] {logging_mixin.py:190} INFO - [2026-05-04T01:12:31.800+0300] {dagbag.py:588} INFO - Filling up the DagBag from /home/nikita/airflow-setup/ENV/lib/python3.12/site-packages/airflow/example_dags/example_branch_datetime_operator.py
[2026-05-04T01:12:31.809+0300] {processor.py:925} INFO - DAG(s) 'example_branch_datetime_operator', 'example_branch_datetime_operator_2', 'example_branch_datetime_operator_3' retrieved from /home/nikita/airflow-setup/ENV/lib/python3.12/site-packages/airflow/example_dags/example_branch_datetime_operator.py
[2026-05-04T01:12:31.826+0300] {logging_mixin.py:190} INFO - [2026-05-04T01:12:31.826+0300] {dag.py:3239} INFO - Sync 3 DAGs
[2026-05-04T01:12:31.845+0300] {logging_mixin.py:190} INFO - [2026-05-04T01:12:31.845+0300] {dag.py:4180} INFO - Setting next_dagrun for example_branch_datetime_operator to 2026-05-02 00:00:00+00:00, run_after=2026-05-03 00:00:00+00:00
[2026-05-04T01:12:31.849+0300] {logging_mixin.py:190} INFO - [2026-05-04T01:12:31.849+0300] {dag.py:4180} INFO - Setting next_dagrun for example_branch_datetime_operator_2 to 2026-05-02 00:00:00+00:00, run_after=2026-05-03 00:00:00+00:00
[2026-05-04T01:12:31.850+0300] {logging_mixin.py:190} INFO - [2026-05-04T01:12:31.850+0300] {dag.py:4180} INFO - Setting next_dagrun for example_branch_datetime_operator_3 to 2026-05-02 00:00:00+00:00, run_after=2026-05-03 00:00:00+00:00
[2026-05-04T01:12:31.868+0300] {processor.py:208} INFO - Processing /home/nikita/airflow-setup/ENV/lib/python3.12/site-packages/airflow/example_dags/example_branch_datetime_operator.py took 0.082 seconds
[2026-05-04T01:13:30.808+0300] {processor.py:186} INFO - Started process (PID=13302) to work on /home/nikita/airflow-setup/ENV/lib/python3.12/site-packages/airflow/example_dags/example_branch_datetime_operator.py
[2026-05-04T01:13:30.818+0300] {processor.py:914} INFO - Processing file /home/nikita/airflow-setup/ENV/lib/python3.12/site-packages/airflow/example_dags/example_branch_datetime_operator.py for tasks to queue
[2026-05-04T01:13:30.819+0300] {logging_mixin.py:190} INFO - [2026-05-04T01:13:30.818+0300] {dagbag.py:588} INFO - Filling up the DagBag from /home/nikita/airflow-setup/ENV/lib/python3.12/site-packages/airflow/example_dags/example_branch_datetime_operator.py
[2026-05-04T01:13:30.827+0300] {processor.py:925} INFO - DAG(s) 'example_branch_datetime_operator', 'example_branch_datetime_operator_3', 'example_branch_datetime_operator_2' retrieved from /home/nikita/airflow-setup/ENV/lib/python3.12/site-packages/airflow/example_dags/example_branch_datetime_operator.py
[2026-05-04T01:13:30.844+0300] {logging_mixin.py:190} INFO - [2026-05-04T01:13:30.843+0300] {dag.py:3239} INFO - Sync 3 DAGs
[2026-05-04T01:13:30.862+0300] {logging_mixin.py:190} INFO - [2026-05-04T01:13:30.862+0300] {dag.py:4180} INFO - Setting next_dagrun for example_branch_datetime_operator to 2026-05-02 00:00:00+00:00, run_after=2026-05-03 00:00:00+00:00
[2026-05-04T01:13:30.865+0300] {logging_mixin.py:190} INFO - [2026-05-04T01:13:30.865+0300] {dag.py:4180} INFO - Setting next_dagrun for example_branch_datetime_operator_2 to 2026-05-02 00:00:00+00:00, run_after=2026-05-03 00:00:00+00:00
[2026-05-04T01:13:30.866+0300] {logging_mixin.py:190} INFO - [2026-05-04T01:13:30.866+0300] {dag.py:4180} INFO - Setting next_dagrun for example_branch_datetime_operator_3 to 2026-05-02 00:00:00+00:00, run_after=2026-05-03 00:00:00+00:00
[2026-05-04T01:13:30.881+0300] {processor.py:208} INFO - Processing /home/nikita/airflow-setup/ENV/lib/python3.12/site-packages/airflow/example_dags/example_branch_datetime_operator.py took 0.077 seconds
[2026-05-04T01:14:37.087+0300] {processor.py:186} INFO - Started process (PID=14312) to work on /home/nikita/airflow-setup/ENV/lib/python3.12/site-packages/airflow/example_dags/example_branch_datetime_operator.py
[2026-05-04T01:14:37.097+0300] {processor.py:914} INFO - Processing file /home/nikita/airflow-setup/ENV/lib/python3.12/site-packages/airflow/example_dags/example_branch_datetime_operator.py for tasks to queue
[2026-05-04T01:14:37.098+0300] {logging_mixin.py:190} INFO - [2026-05-04T01:14:37.098+0300] {dagbag.py:588} INFO - Filling up the DagBag from /home/nikita/airflow-setup/ENV/lib/python3.12/site-packages/airflow/example_dags/example_branch_datetime_operator.py
[2026-05-04T01:14:37.107+0300] {processor.py:925} INFO - DAG(s) 'example_branch_datetime_operator', 'example_branch_datetime_operator_2', 'example_branch_datetime_operator_3' retrieved from /home/nikita/airflow-setup/ENV/lib/python3.12/site-packages/airflow/example_dags/example_branch_datetime_operator.py
[2026-05-04T01:14:37.121+0300] {logging_mixin.py:190} INFO - [2026-05-04T01:14:37.121+0300] {dag.py:3239} INFO - Sync 3 DAGs
[2026-05-04T01:14:37.135+0300] {logging_mixin.py:190} INFO - [2026-05-04T01:14:37.135+0300] {dag.py:4180} INFO - Setting next_dagrun for example_branch_datetime_operator to 2026-05-02 00:00:00+00:00, run_after=2026-05-03 00:00:00+00:00
[2026-05-04T01:14:37.138+0300] {logging_mixin.py:190} INFO - [2026-05-04T01:14:37.138+0300] {dag.py:4180} INFO - Setting next_dagrun for example_branch_datetime_operator_2 to 2026-05-02 00:00:00+00:00, run_after=2026-05-03 00:00:00+00:00
[2026-05-04T01:14:37.139+0300] {logging_mixin.py:190} INFO - [2026-05-04T01:14:37.139+0300] {dag.py:4180} INFO - Setting next_dagrun for example_branch_datetime_operator_3 to 2026-05-02 00:00:00+00:00, run_after=2026-05-03 00:00:00+00:00
[2026-05-04T01:14:37.154+0300] {processor.py:208} INFO - Processing /home/nikita/airflow-setup/ENV/lib/python3.12/site-packages/airflow/example_dags/example_branch_datetime_operator.py took 0.071 seconds
[2026-05-04T01:15:44.933+0300] {processor.py:186} INFO - Started process (PID=14641) to work on /home/nikita/airflow-setup/ENV/lib/python3.12/site-packages/airflow/example_dags/example_branch_datetime_operator.py
[2026-05-04T01:15:44.941+0300] {processor.py:914} INFO - Processing file /home/nikita/airflow-setup/ENV/lib/python3.12/site-packages/airflow/example_dags/example_branch_datetime_operator.py for tasks to queue
[2026-05-04T01:15:44.942+0300] {logging_mixin.py:190} INFO - [2026-05-04T01:15:44.942+0300] {dagbag.py:588} INFO - Filling up the DagBag from /home/nikita/airflow-setup/ENV/lib/python3.12/site-packages/airflow/example_dags/example_branch_datetime_operator.py
[2026-05-04T01:15:44.951+0300] {processor.py:925} INFO - DAG(s) 'example_branch_datetime_operator_3', 'example_branch_datetime_operator_2', 'example_branch_datetime_operator' retrieved from /home/nikita/airflow-setup/ENV/lib/python3.12/site-packages/airflow/example_dags/example_branch_datetime_operator.py
[2026-05-04T01:15:44.965+0300] {logging_mixin.py:190} INFO - [2026-05-04T01:15:44.964+0300] {dag.py:3239} INFO - Sync 3 DAGs
[2026-05-04T01:15:44.979+0300] {logging_mixin.py:190} INFO - [2026-05-04T01:15:44.979+0300] {dag.py:4180} INFO - Setting next_dagrun for example_branch_datetime_operator to 2026-05-02 00:00:00+00:00, run_after=2026-05-03 00:00:00+00:00
[2026-05-04T01:15:44.982+0300] {logging_mixin.py:190} INFO - [2026-05-04T01:15:44.982+0300] {dag.py:4180} INFO - Setting next_dagrun for example_branch_datetime_operator_2 to 2026-05-02 00:00:00+00:00, run_after=2026-05-03 00:00:00+00:00
[2026-05-04T01:15:44.983+0300] {logging_mixin.py:190} INFO - [2026-05-04T01:15:44.983+0300] {dag.py:4180} INFO - Setting next_dagrun for example_branch_datetime_operator_3 to 2026-05-02 00:00:00+00:00, run_after=2026-05-03 00:00:00+00:00
[2026-05-04T01:15:44.999+0300] {processor.py:208} INFO - Processing /home/nikita/airflow-setup/ENV/lib/python3.12/site-packages/airflow/example_dags/example_branch_datetime_operator.py took 0.070 seconds
[2026-05-04T01:16:53.572+0300] {processor.py:186} INFO - Started process (PID=15793) to work on /home/nikita/airflow-setup/ENV/lib/python3.12/site-packages/airflow/example_dags/example_branch_datetime_operator.py
[2026-05-04T01:16:53.582+0300] {processor.py:914} INFO - Processing file /home/nikita/airflow-setup/ENV/lib/python3.12/site-packages/airflow/example_dags/example_branch_datetime_operator.py for tasks to queue
[2026-05-04T01:16:53.583+0300] {logging_mixin.py:190} INFO - [2026-05-04T01:16:53.583+0300] {dagbag.py:588} INFO - Filling up the DagBag from /home/nikita/airflow-setup/ENV/lib/python3.12/site-packages/airflow/example_dags/example_branch_datetime_operator.py
[2026-05-04T01:16:53.591+0300] {processor.py:925} INFO - DAG(s) 'example_branch_datetime_operator', 'example_branch_datetime_operator_2', 'example_branch_datetime_operator_3' retrieved from /home/nikita/airflow-setup/ENV/lib/python3.12/site-packages/airflow/example_dags/example_branch_datetime_operator.py
[2026-05-04T01:16:53.605+0300] {logging_mixin.py:190} INFO - [2026-05-04T01:16:53.605+0300] {dag.py:3239} INFO - Sync 3 DAGs
[2026-05-04T01:16:53.619+0300] {logging_mixin.py:190} INFO - [2026-05-04T01:16:53.619+0300] {dag.py:4180} INFO - Setting next_dagrun for example_branch_datetime_operator to 2026-05-02 00:00:00+00:00, run_after=2026-05-03 00:00:00+00:00
[2026-05-04T01:16:53.621+0300] {logging_mixin.py:190} INFO - [2026-05-04T01:16:53.621+0300] {dag.py:4180} INFO - Setting next_dagrun for example_branch_datetime_operator_2 to 2026-05-02 00:00:00+00:00, run_after=2026-05-03 00:00:00+00:00
[2026-05-04T01:16:53.622+0300] {logging_mixin.py:190} INFO - [2026-05-04T01:16:53.622+0300] {dag.py:4180} INFO - Setting next_dagrun for example_branch_datetime_operator_3 to 2026-05-02 00:00:00+00:00, run_after=2026-05-03 00:00:00+00:00
[2026-05-04T01:16:53.637+0300] {processor.py:208} INFO - Processing /home/nikita/airflow-setup/ENV/lib/python3.12/site-packages/airflow/example_dags/example_branch_datetime_operator.py took 0.069 seconds
[2026-05-04T01:18:02.191+0300] {processor.py:186} INFO - Started process (PID=16053) to work on /home/nikita/airflow-setup/ENV/lib/python3.12/site-packages/airflow/example_dags/example_branch_datetime_operator.py
[2026-05-04T01:18:02.200+0300] {processor.py:914} INFO - Processing file /home/nikita/airflow-setup/ENV/lib/python3.12/site-packages/airflow/example_dags/example_branch_datetime_operator.py for tasks to queue
[2026-05-04T01:18:02.201+0300] {logging_mixin.py:190} INFO - [2026-05-04T01:18:02.201+0300] {dagbag.py:588} INFO - Filling up the DagBag from /home/nikita/airflow-setup/ENV/lib/python3.12/site-packages/airflow/example_dags/example_branch_datetime_operator.py
[2026-05-04T01:18:02.213+0300] {processor.py:925} INFO - DAG(s) 'example_branch_datetime_operator_3', 'example_branch_datetime_operator_2', 'example_branch_datetime_operator' retrieved from /home/nikita/airflow-setup/ENV/lib/python3.12/site-packages/airflow/example_dags/example_branch_datetime_operator.py
[2026-05-04T01:18:02.239+0300] {logging_mixin.py:190} INFO - [2026-05-04T01:18:02.239+0300] {dag.py:3239} INFO - Sync 3 DAGs
[2026-05-04T01:18:02.272+0300] {logging_mixin.py:190} INFO - [2026-05-04T01:18:02.272+0300] {dag.py:4180} INFO - Setting next_dagrun for example_branch_datetime_operator to 2026-05-02 00:00:00+00:00, run_after=2026-05-03 00:00:00+00:00
[2026-05-04T01:18:02.280+0300] {logging_mixin.py:190} INFO - [2026-05-04T01:18:02.280+0300] {dag.py:4180} INFO - Setting next_dagrun for example_branch_datetime_operator_2 to 2026-05-02 00:00:00+00:00, run_after=2026-05-03 00:00:00+00:00
[2026-05-04T01:18:02.285+0300] {logging_mixin.py:190} INFO - [2026-05-04T01:18:02.285+0300] {dag.py:4180} INFO - Setting next_dagrun for example_branch_datetime_operator_3 to 2026-05-02 00:00:00+00:00, run_after=2026-05-03 00:00:00+00:00
[2026-05-04T01:18:02.319+0300] {processor.py:208} INFO - Processing /home/nikita/airflow-setup/ENV/lib/python3.12/site-packages/airflow/example_dags/example_branch_datetime_operator.py took 0.134 seconds
[2026-05-04T01:19:10.901+0300] {processor.py:186} INFO - Started process (PID=16313) to work on /home/nikita/airflow-setup/ENV/lib/python3.12/site-packages/airflow/example_dags/example_branch_datetime_operator.py
[2026-05-04T01:19:10.949+0300] {processor.py:914} INFO - Processing file /home/nikita/airflow-setup/ENV/lib/python3.12/site-packages/airflow/example_dags/example_branch_datetime_operator.py for tasks to queue
[2026-05-04T01:19:10.951+0300] {logging_mixin.py:190} INFO - [2026-05-04T01:19:10.950+0300] {dagbag.py:588} INFO - Filling up the DagBag from /home/nikita/airflow-setup/ENV/lib/python3.12/site-packages/airflow/example_dags/example_branch_datetime_operator.py
[2026-05-04T01:19:10.962+0300] {processor.py:925} INFO - DAG(s) 'example_branch_datetime_operator_3', 'example_branch_datetime_operator_2', 'example_branch_datetime_operator' retrieved from /home/nikita/airflow-setup/ENV/lib/python3.12/site-packages/airflow/example_dags/example_branch_datetime_operator.py
[2026-05-04T01:19:10.981+0300] {logging_mixin.py:190} INFO - [2026-05-04T01:19:10.981+0300] {dag.py:3239} INFO - Sync 3 DAGs
[2026-05-04T01:19:11.003+0300] {logging_mixin.py:190} INFO - [2026-05-04T01:19:11.003+0300] {dag.py:4180} INFO - Setting next_dagrun for example_branch_datetime_operator to 2026-05-02 00:00:00+00:00, run_after=2026-05-03 00:00:00+00:00
[2026-05-04T01:19:11.007+0300] {logging_mixin.py:190} INFO - [2026-05-04T01:19:11.007+0300] {dag.py:4180} INFO - Setting next_dagrun for example_branch_datetime_operator_2 to 2026-05-02 00:00:00+00:00, run_after=2026-05-03 00:00:00+00:00
[2026-05-04T01:19:11.011+0300] {logging_mixin.py:190} INFO - [2026-05-04T01:19:11.010+0300] {dag.py:4180} INFO - Setting next_dagrun for example_branch_datetime_operator_3 to 2026-05-02 00:00:00+00:00, run_after=2026-05-03 00:00:00+00:00
[2026-05-04T01:19:11.032+0300] {processor.py:208} INFO - Processing /home/nikita/airflow-setup/ENV/lib/python3.12/site-packages/airflow/example_dags/example_branch_datetime_operator.py took 0.137 seconds
[2026-05-04T01:20:13.104+0300] {processor.py:186} INFO - Started process (PID=16563) to work on /home/nikita/airflow-setup/ENV/lib/python3.12/site-packages/airflow/example_dags/example_branch_datetime_operator.py
[2026-05-04T01:20:13.106+0300] {processor.py:914} INFO - Processing file /home/nikita/airflow-setup/ENV/lib/python3.12/site-packages/airflow/example_dags/example_branch_datetime_operator.py for tasks to queue
[2026-05-04T01:20:13.107+0300] {logging_mixin.py:190} INFO - [2026-05-04T01:20:13.106+0300] {dagbag.py:588} INFO - Filling up the DagBag from /home/nikita/airflow-setup/ENV/lib/python3.12/site-packages/airflow/example_dags/example_branch_datetime_operator.py
[2026-05-04T01:20:13.116+0300] {processor.py:925} INFO - DAG(s) 'example_branch_datetime_operator', 'example_branch_datetime_operator_2', 'example_branch_datetime_operator_3' retrieved from /home/nikita/airflow-setup/ENV/lib/python3.12/site-packages/airflow/example_dags/example_branch_datetime_operator.py
[2026-05-04T01:20:13.132+0300] {logging_mixin.py:190} INFO - [2026-05-04T01:20:13.132+0300] {dag.py:3239} INFO - Sync 3 DAGs
[2026-05-04T01:20:13.150+0300] {logging_mixin.py:190} INFO - [2026-05-04T01:20:13.150+0300] {dag.py:4180} INFO - Setting next_dagrun for example_branch_datetime_operator to 2026-05-02 00:00:00+00:00, run_after=2026-05-03 00:00:00+00:00
[2026-05-04T01:20:13.153+0300] {logging_mixin.py:190} INFO - [2026-05-04T01:20:13.153+0300] {dag.py:4180} INFO - Setting next_dagrun for example_branch_datetime_operator_2 to 2026-05-02 00:00:00+00:00, run_after=2026-05-03 00:00:00+00:00
[2026-05-04T01:20:13.155+0300] {logging_mixin.py:190} INFO - [2026-05-04T01:20:13.155+0300] {dag.py:4180} INFO - Setting next_dagrun for example_branch_datetime_operator_3 to 2026-05-02 00:00:00+00:00, run_after=2026-05-03 00:00:00+00:00
[2026-05-04T01:20:13.171+0300] {processor.py:208} INFO - Processing /home/nikita/airflow-setup/ENV/lib/python3.12/site-packages/airflow/example_dags/example_branch_datetime_operator.py took 0.071 seconds
[2026-05-04T01:21:21.682+0300] {processor.py:186} INFO - Started process (PID=16821) to work on /home/nikita/airflow-setup/ENV/lib/python3.12/site-packages/airflow/example_dags/example_branch_datetime_operator.py
[2026-05-04T01:21:21.684+0300] {processor.py:914} INFO - Processing file /home/nikita/airflow-setup/ENV/lib/python3.12/site-packages/airflow/example_dags/example_branch_datetime_operator.py for tasks to queue
[2026-05-04T01:21:21.685+0300] {logging_mixin.py:190} INFO - [2026-05-04T01:21:21.684+0300] {dagbag.py:588} INFO - Filling up the DagBag from /home/nikita/airflow-setup/ENV/lib/python3.12/site-packages/airflow/example_dags/example_branch_datetime_operator.py
[2026-05-04T01:21:21.694+0300] {processor.py:925} INFO - DAG(s) 'example_branch_datetime_operator_2', 'example_branch_datetime_operator', 'example_branch_datetime_operator_3' retrieved from /home/nikita/airflow-setup/ENV/lib/python3.12/site-packages/airflow/example_dags/example_branch_datetime_operator.py
[2026-05-04T01:21:21.711+0300] {logging_mixin.py:190} INFO - [2026-05-04T01:21:21.711+0300] {dag.py:3239} INFO - Sync 3 DAGs
[2026-05-04T01:21:21.728+0300] {logging_mixin.py:190} INFO - [2026-05-04T01:21:21.728+0300] {dag.py:4180} INFO - Setting next_dagrun for example_branch_datetime_operator to 2026-05-02 00:00:00+00:00, run_after=2026-05-03 00:00:00+00:00
[2026-05-04T01:21:21.732+0300] {logging_mixin.py:190} INFO - [2026-05-04T01:21:21.732+0300] {dag.py:4180} INFO - Setting next_dagrun for example_branch_datetime_operator_2 to 2026-05-02 00:00:00+00:00, run_after=2026-05-03 00:00:00+00:00
[2026-05-04T01:21:21.733+0300] {logging_mixin.py:190} INFO - [2026-05-04T01:21:21.733+0300] {dag.py:4180} INFO - Setting next_dagrun for example_branch_datetime_operator_3 to 2026-05-02 00:00:00+00:00, run_after=2026-05-03 00:00:00+00:00
[2026-05-04T01:21:21.749+0300] {processor.py:208} INFO - Processing /home/nikita/airflow-setup/ENV/lib/python3.12/site-packages/airflow/example_dags/example_branch_datetime_operator.py took 0.071 seconds
[2026-05-04T01:22:32.889+0300] {processor.py:186} INFO - Started process (PID=17093) to work on /home/nikita/airflow-setup/ENV/lib/python3.12/site-packages/airflow/example_dags/example_branch_datetime_operator.py
[2026-05-04T01:22:32.891+0300] {processor.py:914} INFO - Processing file /home/nikita/airflow-setup/ENV/lib/python3.12/site-packages/airflow/example_dags/example_branch_datetime_operator.py for tasks to queue
[2026-05-04T01:22:32.892+0300] {logging_mixin.py:190} INFO - [2026-05-04T01:22:32.891+0300] {dagbag.py:588} INFO - Filling up the DagBag from /home/nikita/airflow-setup/ENV/lib/python3.12/site-packages/airflow/example_dags/example_branch_datetime_operator.py
[2026-05-04T01:22:32.900+0300] {processor.py:925} INFO - DAG(s) 'example_branch_datetime_operator', 'example_branch_datetime_operator_2', 'example_branch_datetime_operator_3' retrieved from /home/nikita/airflow-setup/ENV/lib/python3.12/site-packages/airflow/example_dags/example_branch_datetime_operator.py
[2026-05-04T01:22:32.915+0300] {logging_mixin.py:190} INFO - [2026-05-04T01:22:32.915+0300] {dag.py:3239} INFO - Sync 3 DAGs
[2026-05-04T01:22:32.931+0300] {logging_mixin.py:190} INFO - [2026-05-04T01:22:32.931+0300] {dag.py:4180} INFO - Setting next_dagrun for example_branch_datetime_operator to 2026-05-02 00:00:00+00:00, run_after=2026-05-03 00:00:00+00:00
[2026-05-04T01:22:32.934+0300] {logging_mixin.py:190} INFO - [2026-05-04T01:22:32.934+0300] {dag.py:4180} INFO - Setting next_dagrun for example_branch_datetime_operator_2 to 2026-05-02 00:00:00+00:00, run_after=2026-05-03 00:00:00+00:00
[2026-05-04T01:22:32.935+0300] {logging_mixin.py:190} INFO - [2026-05-04T01:22:32.935+0300] {dag.py:4180} INFO - Setting next_dagrun for example_branch_datetime_operator_3 to 2026-05-02 00:00:00+00:00, run_after=2026-05-03 00:00:00+00:00
[2026-05-04T01:22:32.950+0300] {processor.py:208} INFO - Processing /home/nikita/airflow-setup/ENV/lib/python3.12/site-packages/airflow/example_dags/example_branch_datetime_operator.py took 0.065 seconds
[2026-05-04T01:23:41.132+0300] {processor.py:186} INFO - Started process (PID=17351) to work on /home/nikita/airflow-setup/ENV/lib/python3.12/site-packages/airflow/example_dags/example_branch_datetime_operator.py
[2026-05-04T01:23:41.141+0300] {processor.py:914} INFO - Processing file /home/nikita/airflow-setup/ENV/lib/python3.12/site-packages/airflow/example_dags/example_branch_datetime_operator.py for tasks to queue
[2026-05-04T01:23:41.142+0300] {logging_mixin.py:190} INFO - [2026-05-04T01:23:41.142+0300] {dagbag.py:588} INFO - Filling up the DagBag from /home/nikita/airflow-setup/ENV/lib/python3.12/site-packages/airflow/example_dags/example_branch_datetime_operator.py
[2026-05-04T01:23:41.152+0300] {processor.py:925} INFO - DAG(s) 'example_branch_datetime_operator', 'example_branch_datetime_operator_2', 'example_branch_datetime_operator_3' retrieved from /home/nikita/airflow-setup/ENV/lib/python3.12/site-packages/airflow/example_dags/example_branch_datetime_operator.py
[2026-05-04T01:23:41.169+0300] {logging_mixin.py:190} INFO - [2026-05-04T01:23:41.168+0300] {dag.py:3239} INFO - Sync 3 DAGs
[2026-05-04T01:23:41.185+0300] {logging_mixin.py:190} INFO - [2026-05-04T01:23:41.185+0300] {dag.py:4180} INFO - Setting next_dagrun for example_branch_datetime_operator to 2026-05-02 00:00:00+00:00, run_after=2026-05-03 00:00:00+00:00
[2026-05-04T01:23:41.188+0300] {logging_mixin.py:190} INFO - [2026-05-04T01:23:41.188+0300] {dag.py:4180} INFO - Setting next_dagrun for example_branch_datetime_operator_2 to 2026-05-02 00:00:00+00:00, run_after=2026-05-03 00:00:00+00:00
[2026-05-04T01:23:41.190+0300] {logging_mixin.py:190} INFO - [2026-05-04T01:23:41.190+0300] {dag.py:4180} INFO - Setting next_dagrun for example_branch_datetime_operator_3 to 2026-05-02 00:00:00+00:00, run_after=2026-05-03 00:00:00+00:00
[2026-05-04T01:23:41.206+0300] {processor.py:208} INFO - Processing /home/nikita/airflow-setup/ENV/lib/python3.12/site-packages/airflow/example_dags/example_branch_datetime_operator.py took 0.078 seconds
[2026-05-04T01:24:47.730+0300] {processor.py:186} INFO - Started process (PID=17916) to work on /home/nikita/airflow-setup/ENV/lib/python3.12/site-packages/airflow/example_dags/example_branch_datetime_operator.py
[2026-05-04T01:24:47.738+0300] {processor.py:914} INFO - Processing file /home/nikita/airflow-setup/ENV/lib/python3.12/site-packages/airflow/example_dags/example_branch_datetime_operator.py for tasks to queue
[2026-05-04T01:24:47.740+0300] {logging_mixin.py:190} INFO - [2026-05-04T01:24:47.739+0300] {dagbag.py:588} INFO - Filling up the DagBag from /home/nikita/airflow-setup/ENV/lib/python3.12/site-packages/airflow/example_dags/example_branch_datetime_operator.py
[2026-05-04T01:24:47.749+0300] {processor.py:925} INFO - DAG(s) 'example_branch_datetime_operator_3', 'example_branch_datetime_operator', 'example_branch_datetime_operator_2' retrieved from /home/nikita/airflow-setup/ENV/lib/python3.12/site-packages/airflow/example_dags/example_branch_datetime_operator.py
[2026-05-04T01:24:47.764+0300] {logging_mixin.py:190} INFO - [2026-05-04T01:24:47.763+0300] {dag.py:3239} INFO - Sync 3 DAGs
[2026-05-04T01:24:47.779+0300] {logging_mixin.py:190} INFO - [2026-05-04T01:24:47.779+0300] {dag.py:4180} INFO - Setting next_dagrun for example_branch_datetime_operator to 2026-05-02 00:00:00+00:00, run_after=2026-05-03 00:00:00+00:00
[2026-05-04T01:24:47.897+0300] {logging_mixin.py:190} INFO - [2026-05-04T01:24:47.897+0300] {dag.py:4180} INFO - Setting next_dagrun for example_branch_datetime_operator_2 to 2026-05-02 00:00:00+00:00, run_after=2026-05-03 00:00:00+00:00
[2026-05-04T01:24:47.899+0300] {logging_mixin.py:190} INFO - [2026-05-04T01:24:47.898+0300] {dag.py:4180} INFO - Setting next_dagrun for example_branch_datetime_operator_3 to 2026-05-02 00:00:00+00:00, run_after=2026-05-03 00:00:00+00:00
[2026-05-04T01:24:47.914+0300] {processor.py:208} INFO - Processing /home/nikita/airflow-setup/ENV/lib/python3.12/site-packages/airflow/example_dags/example_branch_datetime_operator.py took 0.189 seconds
[2026-05-04T01:25:56.850+0300] {processor.py:186} INFO - Started process (PID=18532) to work on /home/nikita/airflow-setup/ENV/lib/python3.12/site-packages/airflow/example_dags/example_branch_datetime_operator.py
[2026-05-04T01:25:56.851+0300] {processor.py:914} INFO - Processing file /home/nikita/airflow-setup/ENV/lib/python3.12/site-packages/airflow/example_dags/example_branch_datetime_operator.py for tasks to queue
[2026-05-04T01:25:56.852+0300] {logging_mixin.py:190} INFO - [2026-05-04T01:25:56.852+0300] {dagbag.py:588} INFO - Filling up the DagBag from /home/nikita/airflow-setup/ENV/lib/python3.12/site-packages/airflow/example_dags/example_branch_datetime_operator.py
[2026-05-04T01:25:56.862+0300] {processor.py:925} INFO - DAG(s) 'example_branch_datetime_operator', 'example_branch_datetime_operator_3', 'example_branch_datetime_operator_2' retrieved from /home/nikita/airflow-setup/ENV/lib/python3.12/site-packages/airflow/example_dags/example_branch_datetime_operator.py
[2026-05-04T01:25:56.877+0300] {logging_mixin.py:190} INFO - [2026-05-04T01:25:56.877+0300] {dag.py:3239} INFO - Sync 3 DAGs
[2026-05-04T01:25:56.892+0300] {logging_mixin.py:190} INFO - [2026-05-04T01:25:56.891+0300] {dag.py:4180} INFO - Setting next_dagrun for example_branch_datetime_operator to 2026-05-02 00:00:00+00:00, run_after=2026-05-03 00:00:00+00:00
[2026-05-04T01:25:56.894+0300] {logging_mixin.py:190} INFO - [2026-05-04T01:25:56.894+0300] {dag.py:4180} INFO - Setting next_dagrun for example_branch_datetime_operator_2 to 2026-05-02 00:00:00+00:00, run_after=2026-05-03 00:00:00+00:00
[2026-05-04T01:25:56.895+0300] {logging_mixin.py:190} INFO - [2026-05-04T01:25:56.895+0300] {dag.py:4180} INFO - Setting next_dagrun for example_branch_datetime_operator_3 to 2026-05-02 00:00:00+00:00, run_after=2026-05-03 00:00:00+00:00
[2026-05-04T01:25:56.911+0300] {processor.py:208} INFO - Processing /home/nikita/airflow-setup/ENV/lib/python3.12/site-packages/airflow/example_dags/example_branch_datetime_operator.py took 0.066 seconds
[2026-05-04T01:27:10.215+0300] {processor.py:186} INFO - Started process (PID=19481) to work on /home/nikita/airflow-setup/ENV/lib/python3.12/site-packages/airflow/example_dags/example_branch_datetime_operator.py
[2026-05-04T01:27:10.224+0300] {processor.py:914} INFO - Processing file /home/nikita/airflow-setup/ENV/lib/python3.12/site-packages/airflow/example_dags/example_branch_datetime_operator.py for tasks to queue
[2026-05-04T01:27:10.225+0300] {logging_mixin.py:190} INFO - [2026-05-04T01:27:10.224+0300] {dagbag.py:588} INFO - Filling up the DagBag from /home/nikita/airflow-setup/ENV/lib/python3.12/site-packages/airflow/example_dags/example_branch_datetime_operator.py
[2026-05-04T01:27:10.234+0300] {processor.py:925} INFO - DAG(s) 'example_branch_datetime_operator_2', 'example_branch_datetime_operator_3', 'example_branch_datetime_operator' retrieved from /home/nikita/airflow-setup/ENV/lib/python3.12/site-packages/airflow/example_dags/example_branch_datetime_operator.py
[2026-05-04T01:27:10.249+0300] {logging_mixin.py:190} INFO - [2026-05-04T01:27:10.249+0300] {dag.py:3239} INFO - Sync 3 DAGs
[2026-05-04T01:27:10.264+0300] {logging_mixin.py:190} INFO - [2026-05-04T01:27:10.264+0300] {dag.py:4180} INFO - Setting next_dagrun for example_branch_datetime_operator to 2026-05-02 00:00:00+00:00, run_after=2026-05-03 00:00:00+00:00
[2026-05-04T01:27:10.267+0300] {logging_mixin.py:190} INFO - [2026-05-04T01:27:10.267+0300] {dag.py:4180} INFO - Setting next_dagrun for example_branch_datetime_operator_2 to 2026-05-02 00:00:00+00:00, run_after=2026-05-03 00:00:00+00:00
[2026-05-04T01:27:10.268+0300] {logging_mixin.py:190} INFO - [2026-05-04T01:27:10.268+0300] {dag.py:4180} INFO - Setting next_dagrun for example_branch_datetime_operator_3 to 2026-05-02 00:00:00+00:00, run_after=2026-05-03 00:00:00+00:00
[2026-05-04T01:27:10.283+0300] {processor.py:208} INFO - Processing /home/nikita/airflow-setup/ENV/lib/python3.12/site-packages/airflow/example_dags/example_branch_datetime_operator.py took 0.072 seconds
[2026-05-04T01:28:22.460+0300] {processor.py:186} INFO - Started process (PID=19752) to work on /home/nikita/airflow-setup/ENV/lib/python3.12/site-packages/airflow/example_dags/example_branch_datetime_operator.py
[2026-05-04T01:28:22.469+0300] {processor.py:914} INFO - Processing file /home/nikita/airflow-setup/ENV/lib/python3.12/site-packages/airflow/example_dags/example_branch_datetime_operator.py for tasks to queue
[2026-05-04T01:28:22.471+0300] {logging_mixin.py:190} INFO - [2026-05-04T01:28:22.470+0300] {dagbag.py:588} INFO - Filling up the DagBag from /home/nikita/airflow-setup/ENV/lib/python3.12/site-packages/airflow/example_dags/example_branch_datetime_operator.py
[2026-05-04T01:28:22.482+0300] {processor.py:925} INFO - DAG(s) 'example_branch_datetime_operator_2', 'example_branch_datetime_operator_3', 'example_branch_datetime_operator' retrieved from /home/nikita/airflow-setup/ENV/lib/python3.12/site-packages/airflow/example_dags/example_branch_datetime_operator.py
[2026-05-04T01:28:22.499+0300] {logging_mixin.py:190} INFO - [2026-05-04T01:28:22.499+0300] {dag.py:3239} INFO - Sync 3 DAGs
[2026-05-04T01:28:22.516+0300] {logging_mixin.py:190} INFO - [2026-05-04T01:28:22.516+0300] {dag.py:4180} INFO - Setting next_dagrun for example_branch_datetime_operator to 2026-05-02 00:00:00+00:00, run_after=2026-05-03 00:00:00+00:00
[2026-05-04T01:28:22.520+0300] {logging_mixin.py:190} INFO - [2026-05-04T01:28:22.519+0300] {dag.py:4180} INFO - Setting next_dagrun for example_branch_datetime_operator_2 to 2026-05-02 00:00:00+00:00, run_after=2026-05-03 00:00:00+00:00
[2026-05-04T01:28:22.521+0300] {logging_mixin.py:190} INFO - [2026-05-04T01:28:22.521+0300] {dag.py:4180} INFO - Setting next_dagrun for example_branch_datetime_operator_3 to 2026-05-02 00:00:00+00:00, run_after=2026-05-03 00:00:00+00:00
[2026-05-04T01:28:22.540+0300] {processor.py:208} INFO - Processing /home/nikita/airflow-setup/ENV/lib/python3.12/site-packages/airflow/example_dags/example_branch_datetime_operator.py took 0.084 seconds
[2026-05-04T01:29:30.196+0300] {processor.py:186} INFO - Started process (PID=20014) to work on /home/nikita/airflow-setup/ENV/lib/python3.12/site-packages/airflow/example_dags/example_branch_datetime_operator.py
[2026-05-04T01:29:30.205+0300] {processor.py:914} INFO - Processing file /home/nikita/airflow-setup/ENV/lib/python3.12/site-packages/airflow/example_dags/example_branch_datetime_operator.py for tasks to queue
[2026-05-04T01:29:30.206+0300] {logging_mixin.py:190} INFO - [2026-05-04T01:29:30.206+0300] {dagbag.py:588} INFO - Filling up the DagBag from /home/nikita/airflow-setup/ENV/lib/python3.12/site-packages/airflow/example_dags/example_branch_datetime_operator.py
[2026-05-04T01:29:30.214+0300] {processor.py:925} INFO - DAG(s) 'example_branch_datetime_operator_2', 'example_branch_datetime_operator_3', 'example_branch_datetime_operator' retrieved from /home/nikita/airflow-setup/ENV/lib/python3.12/site-packages/airflow/example_dags/example_branch_datetime_operator.py
[2026-05-04T01:29:30.228+0300] {logging_mixin.py:190} INFO - [2026-05-04T01:29:30.227+0300] {dag.py:3239} INFO - Sync 3 DAGs
[2026-05-04T01:29:30.242+0300] {logging_mixin.py:190} INFO - [2026-05-04T01:29:30.241+0300] {dag.py:4180} INFO - Setting next_dagrun for example_branch_datetime_operator to 2026-05-02 00:00:00+00:00, run_after=2026-05-03 00:00:00+00:00
[2026-05-04T01:29:30.358+0300] {logging_mixin.py:190} INFO - [2026-05-04T01:29:30.358+0300] {dag.py:4180} INFO - Setting next_dagrun for example_branch_datetime_operator_2 to 2026-05-02 00:00:00+00:00, run_after=2026-05-03 00:00:00+00:00
[2026-05-04T01:29:30.360+0300] {logging_mixin.py:190} INFO - [2026-05-04T01:29:30.359+0300] {dag.py:4180} INFO - Setting next_dagrun for example_branch_datetime_operator_3 to 2026-05-02 00:00:00+00:00, run_after=2026-05-03 00:00:00+00:00
[2026-05-04T01:29:30.376+0300] {processor.py:208} INFO - Processing /home/nikita/airflow-setup/ENV/lib/python3.12/site-packages/airflow/example_dags/example_branch_datetime_operator.py took 0.184 seconds
[2026-05-04T01:30:43.702+0300] {processor.py:186} INFO - Started process (PID=20285) to work on /home/nikita/airflow-setup/ENV/lib/python3.12/site-packages/airflow/example_dags/example_branch_datetime_operator.py
[2026-05-04T01:30:43.713+0300] {processor.py:914} INFO - Processing file /home/nikita/airflow-setup/ENV/lib/python3.12/site-packages/airflow/example_dags/example_branch_datetime_operator.py for tasks to queue
[2026-05-04T01:30:43.716+0300] {logging_mixin.py:190} INFO - [2026-05-04T01:30:43.715+0300] {dagbag.py:588} INFO - Filling up the DagBag from /home/nikita/airflow-setup/ENV/lib/python3.12/site-packages/airflow/example_dags/example_branch_datetime_operator.py
[2026-05-04T01:30:43.731+0300] {processor.py:925} INFO - DAG(s) 'example_branch_datetime_operator_3', 'example_branch_datetime_operator', 'example_branch_datetime_operator_2' retrieved from /home/nikita/airflow-setup/ENV/lib/python3.12/site-packages/airflow/example_dags/example_branch_datetime_operator.py
[2026-05-04T01:30:43.748+0300] {logging_mixin.py:190} INFO - [2026-05-04T01:30:43.748+0300] {dag.py:3239} INFO - Sync 3 DAGs
[2026-05-04T01:30:43.767+0300] {logging_mixin.py:190} INFO - [2026-05-04T01:30:43.767+0300] {dag.py:4180} INFO - Setting next_dagrun for example_branch_datetime_operator to 2026-05-02 00:00:00+00:00, run_after=2026-05-03 00:00:00+00:00
[2026-05-04T01:30:43.771+0300] {logging_mixin.py:190} INFO - [2026-05-04T01:30:43.770+0300] {dag.py:4180} INFO - Setting next_dagrun for example_branch_datetime_operator_2 to 2026-05-02 00:00:00+00:00, run_after=2026-05-03 00:00:00+00:00
[2026-05-04T01:30:43.773+0300] {logging_mixin.py:190} INFO - [2026-05-04T01:30:43.772+0300] {dag.py:4180} INFO - Setting next_dagrun for example_branch_datetime_operator_3 to 2026-05-02 00:00:00+00:00, run_after=2026-05-03 00:00:00+00:00
[2026-05-04T01:30:43.795+0300] {processor.py:208} INFO - Processing /home/nikita/airflow-setup/ENV/lib/python3.12/site-packages/airflow/example_dags/example_branch_datetime_operator.py took 0.103 seconds
[2026-05-04T01:32:04.409+0300] {processor.py:186} INFO - Started process (PID=20583) to work on /home/nikita/airflow-setup/ENV/lib/python3.12/site-packages/airflow/example_dags/example_branch_datetime_operator.py
[2026-05-04T01:32:04.411+0300] {processor.py:914} INFO - Processing file /home/nikita/airflow-setup/ENV/lib/python3.12/site-packages/airflow/example_dags/example_branch_datetime_operator.py for tasks to queue
[2026-05-04T01:32:04.412+0300] {logging_mixin.py:190} INFO - [2026-05-04T01:32:04.412+0300] {dagbag.py:588} INFO - Filling up the DagBag from /home/nikita/airflow-setup/ENV/lib/python3.12/site-packages/airflow/example_dags/example_branch_datetime_operator.py
[2026-05-04T01:32:04.423+0300] {processor.py:925} INFO - DAG(s) 'example_branch_datetime_operator', 'example_branch_datetime_operator_3', 'example_branch_datetime_operator_2' retrieved from /home/nikita/airflow-setup/ENV/lib/python3.12/site-packages/airflow/example_dags/example_branch_datetime_operator.py
[2026-05-04T01:32:04.442+0300] {logging_mixin.py:190} INFO - [2026-05-04T01:32:04.442+0300] {dag.py:3239} INFO - Sync 3 DAGs
[2026-05-04T01:32:04.460+0300] {logging_mixin.py:190} INFO - [2026-05-04T01:32:04.460+0300] {dag.py:4180} INFO - Setting next_dagrun for example_branch_datetime_operator to 2026-05-02 00:00:00+00:00, run_after=2026-05-03 00:00:00+00:00
[2026-05-04T01:32:04.463+0300] {logging_mixin.py:190} INFO - [2026-05-04T01:32:04.463+0300] {dag.py:4180} INFO - Setting next_dagrun for example_branch_datetime_operator_2 to 2026-05-02 00:00:00+00:00, run_after=2026-05-03 00:00:00+00:00
[2026-05-04T01:32:04.465+0300] {logging_mixin.py:190} INFO - [2026-05-04T01:32:04.464+0300] {dag.py:4180} INFO - Setting next_dagrun for example_branch_datetime_operator_3 to 2026-05-02 00:00:00+00:00, run_after=2026-05-03 00:00:00+00:00
[2026-05-04T01:32:04.484+0300] {processor.py:208} INFO - Processing /home/nikita/airflow-setup/ENV/lib/python3.12/site-packages/airflow/example_dags/example_branch_datetime_operator.py took 0.080 seconds
[2026-05-04T01:33:13.794+0300] {processor.py:186} INFO - Started process (PID=20995) to work on /home/nikita/airflow-setup/ENV/lib/python3.12/site-packages/airflow/example_dags/example_branch_datetime_operator.py
[2026-05-04T01:33:13.802+0300] {processor.py:914} INFO - Processing file /home/nikita/airflow-setup/ENV/lib/python3.12/site-packages/airflow/example_dags/example_branch_datetime_operator.py for tasks to queue
[2026-05-04T01:33:13.803+0300] {logging_mixin.py:190} INFO - [2026-05-04T01:33:13.803+0300] {dagbag.py:588} INFO - Filling up the DagBag from /home/nikita/airflow-setup/ENV/lib/python3.12/site-packages/airflow/example_dags/example_branch_datetime_operator.py
[2026-05-04T01:33:13.812+0300] {processor.py:925} INFO - DAG(s) 'example_branch_datetime_operator_3', 'example_branch_datetime_operator', 'example_branch_datetime_operator_2' retrieved from /home/nikita/airflow-setup/ENV/lib/python3.12/site-packages/airflow/example_dags/example_branch_datetime_operator.py
[2026-05-04T01:33:13.828+0300] {logging_mixin.py:190} INFO - [2026-05-04T01:33:13.828+0300] {dag.py:3239} INFO - Sync 3 DAGs
[2026-05-04T01:33:13.845+0300] {logging_mixin.py:190} INFO - [2026-05-04T01:33:13.845+0300] {dag.py:4180} INFO - Setting next_dagrun for example_branch_datetime_operator to 2026-05-02 00:00:00+00:00, run_after=2026-05-03 00:00:00+00:00
[2026-05-04T01:33:13.848+0300] {logging_mixin.py:190} INFO - [2026-05-04T01:33:13.848+0300] {dag.py:4180} INFO - Setting next_dagrun for example_branch_datetime_operator_2 to 2026-05-02 00:00:00+00:00, run_after=2026-05-03 00:00:00+00:00
[2026-05-04T01:33:13.849+0300] {logging_mixin.py:190} INFO - [2026-05-04T01:33:13.849+0300] {dag.py:4180} INFO - Setting next_dagrun for example_branch_datetime_operator_3 to 2026-05-02 00:00:00+00:00, run_after=2026-05-03 00:00:00+00:00
[2026-05-04T01:33:13.864+0300] {processor.py:208} INFO - Processing /home/nikita/airflow-setup/ENV/lib/python3.12/site-packages/airflow/example_dags/example_branch_datetime_operator.py took 0.075 seconds
[2026-05-04T01:34:16.529+0300] {processor.py:186} INFO - Started process (PID=21361) to work on /home/nikita/airflow-setup/ENV/lib/python3.12/site-packages/airflow/example_dags/example_branch_datetime_operator.py
[2026-05-04T01:34:16.539+0300] {processor.py:914} INFO - Processing file /home/nikita/airflow-setup/ENV/lib/python3.12/site-packages/airflow/example_dags/example_branch_datetime_operator.py for tasks to queue
[2026-05-04T01:34:16.540+0300] {logging_mixin.py:190} INFO - [2026-05-04T01:34:16.540+0300] {dagbag.py:588} INFO - Filling up the DagBag from /home/nikita/airflow-setup/ENV/lib/python3.12/site-packages/airflow/example_dags/example_branch_datetime_operator.py
[2026-05-04T01:34:16.549+0300] {processor.py:925} INFO - DAG(s) 'example_branch_datetime_operator_3', 'example_branch_datetime_operator', 'example_branch_datetime_operator_2' retrieved from /home/nikita/airflow-setup/ENV/lib/python3.12/site-packages/airflow/example_dags/example_branch_datetime_operator.py
[2026-05-04T01:34:16.565+0300] {logging_mixin.py:190} INFO - [2026-05-04T01:34:16.564+0300] {dag.py:3239} INFO - Sync 3 DAGs
[2026-05-04T01:34:16.583+0300] {logging_mixin.py:190} INFO - [2026-05-04T01:34:16.583+0300] {dag.py:4180} INFO - Setting next_dagrun for example_branch_datetime_operator to 2026-05-02 00:00:00+00:00, run_after=2026-05-03 00:00:00+00:00
[2026-05-04T01:34:16.586+0300] {logging_mixin.py:190} INFO - [2026-05-04T01:34:16.586+0300] {dag.py:4180} INFO - Setting next_dagrun for example_branch_datetime_operator_2 to 2026-05-02 00:00:00+00:00, run_after=2026-05-03 00:00:00+00:00
[2026-05-04T01:34:16.587+0300] {logging_mixin.py:190} INFO - [2026-05-04T01:34:16.587+0300] {dag.py:4180} INFO - Setting next_dagrun for example_branch_datetime_operator_3 to 2026-05-02 00:00:00+00:00, run_after=2026-05-03 00:00:00+00:00
[2026-05-04T01:34:16.603+0300] {processor.py:208} INFO - Processing /home/nikita/airflow-setup/ENV/lib/python3.12/site-packages/airflow/example_dags/example_branch_datetime_operator.py took 0.077 seconds
[2026-05-04T01:35:22.016+0300] {processor.py:186} INFO - Started process (PID=21615) to work on /home/nikita/airflow-setup/ENV/lib/python3.12/site-packages/airflow/example_dags/example_branch_datetime_operator.py
[2026-05-04T01:35:22.024+0300] {processor.py:914} INFO - Processing file /home/nikita/airflow-setup/ENV/lib/python3.12/site-packages/airflow/example_dags/example_branch_datetime_operator.py for tasks to queue
[2026-05-04T01:35:22.025+0300] {logging_mixin.py:190} INFO - [2026-05-04T01:35:22.025+0300] {dagbag.py:588} INFO - Filling up the DagBag from /home/nikita/airflow-setup/ENV/lib/python3.12/site-packages/airflow/example_dags/example_branch_datetime_operator.py
[2026-05-04T01:35:22.034+0300] {processor.py:925} INFO - DAG(s) 'example_branch_datetime_operator', 'example_branch_datetime_operator_3', 'example_branch_datetime_operator_2' retrieved from /home/nikita/airflow-setup/ENV/lib/python3.12/site-packages/airflow/example_dags/example_branch_datetime_operator.py
[2026-05-04T01:35:22.050+0300] {logging_mixin.py:190} INFO - [2026-05-04T01:35:22.050+0300] {dag.py:3239} INFO - Sync 3 DAGs
[2026-05-04T01:35:22.067+0300] {logging_mixin.py:190} INFO - [2026-05-04T01:35:22.067+0300] {dag.py:4180} INFO - Setting next_dagrun for example_branch_datetime_operator to 2026-05-02 00:00:00+00:00, run_after=2026-05-03 00:00:00+00:00
[2026-05-04T01:35:22.070+0300] {logging_mixin.py:190} INFO - [2026-05-04T01:35:22.070+0300] {dag.py:4180} INFO - Setting next_dagrun for example_branch_datetime_operator_2 to 2026-05-02 00:00:00+00:00, run_after=2026-05-03 00:00:00+00:00
[2026-05-04T01:35:22.071+0300] {logging_mixin.py:190} INFO - [2026-05-04T01:35:22.071+0300] {dag.py:4180} INFO - Setting next_dagrun for example_branch_datetime_operator_3 to 2026-05-02 00:00:00+00:00, run_after=2026-05-03 00:00:00+00:00
[2026-05-04T01:35:22.086+0300] {processor.py:208} INFO - Processing /home/nikita/airflow-setup/ENV/lib/python3.12/site-packages/airflow/example_dags/example_branch_datetime_operator.py took 0.074 seconds
[2026-05-04T01:36:23.923+0300] {processor.py:186} INFO - Started process (PID=21858) to work on /home/nikita/airflow-setup/ENV/lib/python3.12/site-packages/airflow/example_dags/example_branch_datetime_operator.py
[2026-05-04T01:36:23.924+0300] {processor.py:914} INFO - Processing file /home/nikita/airflow-setup/ENV/lib/python3.12/site-packages/airflow/example_dags/example_branch_datetime_operator.py for tasks to queue
[2026-05-04T01:36:23.925+0300] {logging_mixin.py:190} INFO - [2026-05-04T01:36:23.925+0300] {dagbag.py:588} INFO - Filling up the DagBag from /home/nikita/airflow-setup/ENV/lib/python3.12/site-packages/airflow/example_dags/example_branch_datetime_operator.py
[2026-05-04T01:36:23.934+0300] {processor.py:925} INFO - DAG(s) 'example_branch_datetime_operator', 'example_branch_datetime_operator_3', 'example_branch_datetime_operator_2' retrieved from /home/nikita/airflow-setup/ENV/lib/python3.12/site-packages/airflow/example_dags/example_branch_datetime_operator.py
[2026-05-04T01:36:23.950+0300] {logging_mixin.py:190} INFO - [2026-05-04T01:36:23.950+0300] {dag.py:3239} INFO - Sync 3 DAGs
[2026-05-04T01:36:23.964+0300] {logging_mixin.py:190} INFO - [2026-05-04T01:36:23.964+0300] {dag.py:4180} INFO - Setting next_dagrun for example_branch_datetime_operator to 2026-05-02 00:00:00+00:00, run_after=2026-05-03 00:00:00+00:00
[2026-05-04T01:36:23.967+0300] {logging_mixin.py:190} INFO - [2026-05-04T01:36:23.967+0300] {dag.py:4180} INFO - Setting next_dagrun for example_branch_datetime_operator_2 to 2026-05-02 00:00:00+00:00, run_after=2026-05-03 00:00:00+00:00
[2026-05-04T01:36:23.968+0300] {logging_mixin.py:190} INFO - [2026-05-04T01:36:23.968+0300] {dag.py:4180} INFO - Setting next_dagrun for example_branch_datetime_operator_3 to 2026-05-02 00:00:00+00:00, run_after=2026-05-03 00:00:00+00:00
[2026-05-04T01:36:23.982+0300] {processor.py:208} INFO - Processing /home/nikita/airflow-setup/ENV/lib/python3.12/site-packages/airflow/example_dags/example_branch_datetime_operator.py took 0.064 seconds
