[2026-05-04T00:46:32.042+0300] {processor.py:186} INFO - Started process (PID=5988) to work on /home/nikita/airflow-setup/ENV/lib/python3.12/site-packages/airflow/example_dags/example_branch_labels.py
[2026-05-04T00:46:32.043+0300] {processor.py:914} INFO - Processing file /home/nikita/airflow-setup/ENV/lib/python3.12/site-packages/airflow/example_dags/example_branch_labels.py for tasks to queue
[2026-05-04T00:46:32.045+0300] {logging_mixin.py:190} INFO - [2026-05-04T00:46:32.044+0300] {dagbag.py:588} INFO - Filling up the DagBag from /home/nikita/airflow-setup/ENV/lib/python3.12/site-packages/airflow/example_dags/example_branch_labels.py
[2026-05-04T00:46:32.054+0300] {processor.py:925} INFO - DAG(s) 'example_branch_labels' retrieved from /home/nikita/airflow-setup/ENV/lib/python3.12/site-packages/airflow/example_dags/example_branch_labels.py
[2026-05-04T00:46:32.153+0300] {logging_mixin.py:190} INFO - [2026-05-04T00:46:32.152+0300] {override.py:1930} INFO - Created Permission View: can read on DAG:example_branch_labels
[2026-05-04T00:46:32.162+0300] {logging_mixin.py:190} INFO - [2026-05-04T00:46:32.162+0300] {override.py:1930} INFO - Created Permission View: can delete on DAG:example_branch_labels
[2026-05-04T00:46:32.169+0300] {logging_mixin.py:190} INFO - [2026-05-04T00:46:32.169+0300] {override.py:1930} INFO - Created Permission View: can edit on DAG:example_branch_labels
[2026-05-04T00:46:32.180+0300] {logging_mixin.py:190} INFO - [2026-05-04T00:46:32.179+0300] {override.py:1930} INFO - Created Permission View: can read on DAG Run:example_branch_labels
[2026-05-04T00:46:32.187+0300] {logging_mixin.py:190} INFO - [2026-05-04T00:46:32.186+0300] {override.py:1930} INFO - Created Permission View: can delete on DAG Run:example_branch_labels
[2026-05-04T00:46:32.194+0300] {logging_mixin.py:190} INFO - [2026-05-04T00:46:32.193+0300] {override.py:1930} INFO - Created Permission View: menu access on DAG Run:example_branch_labels
[2026-05-04T00:46:32.201+0300] {logging_mixin.py:190} INFO - [2026-05-04T00:46:32.201+0300] {override.py:1930} INFO - Created Permission View: can create on DAG Run:example_branch_labels
[2026-05-04T00:46:32.201+0300] {logging_mixin.py:190} INFO - [2026-05-04T00:46:32.201+0300] {dag.py:3239} INFO - Sync 1 DAGs
[2026-05-04T00:46:32.213+0300] {logging_mixin.py:190} INFO - [2026-05-04T00:46:32.213+0300] {dag.py:3262} INFO - Creating ORM DAG for example_branch_labels
[2026-05-04T00:46:32.224+0300] {logging_mixin.py:190} INFO - [2026-05-04T00:46:32.224+0300] {dag.py:4180} INFO - Setting next_dagrun for example_branch_labels to 2026-05-02 00:00:00+00:00, run_after=2026-05-03 00:00:00+00:00
[2026-05-04T00:46:32.240+0300] {processor.py:208} INFO - Processing /home/nikita/airflow-setup/ENV/lib/python3.12/site-packages/airflow/example_dags/example_branch_labels.py took 0.203 seconds
[2026-05-04T00:47:37.176+0300] {processor.py:186} INFO - Started process (PID=6066) to work on /home/nikita/airflow-setup/ENV/lib/python3.12/site-packages/airflow/example_dags/example_branch_labels.py
[2026-05-04T00:47:37.178+0300] {processor.py:914} INFO - Processing file /home/nikita/airflow-setup/ENV/lib/python3.12/site-packages/airflow/example_dags/example_branch_labels.py for tasks to queue
[2026-05-04T00:47:37.179+0300] {logging_mixin.py:190} INFO - [2026-05-04T00:47:37.179+0300] {dagbag.py:588} INFO - Filling up the DagBag from /home/nikita/airflow-setup/ENV/lib/python3.12/site-packages/airflow/example_dags/example_branch_labels.py
[2026-05-04T00:47:37.187+0300] {processor.py:925} INFO - DAG(s) 'example_branch_labels' retrieved from /home/nikita/airflow-setup/ENV/lib/python3.12/site-packages/airflow/example_dags/example_branch_labels.py
[2026-05-04T00:47:37.201+0300] {logging_mixin.py:190} INFO - [2026-05-04T00:47:37.201+0300] {dag.py:3239} INFO - Sync 1 DAGs
[2026-05-04T00:47:37.218+0300] {logging_mixin.py:190} INFO - [2026-05-04T00:47:37.218+0300] {dag.py:4180} INFO - Setting next_dagrun for example_branch_labels to 2026-05-02 00:00:00+00:00, run_after=2026-05-03 00:00:00+00:00
[2026-05-04T00:47:37.235+0300] {processor.py:208} INFO - Processing /home/nikita/airflow-setup/ENV/lib/python3.12/site-packages/airflow/example_dags/example_branch_labels.py took 0.063 seconds
[2026-05-04T00:48:37.861+0300] {processor.py:186} INFO - Started process (PID=6123) to work on /home/nikita/airflow-setup/ENV/lib/python3.12/site-packages/airflow/example_dags/example_branch_labels.py
[2026-05-04T00:48:37.864+0300] {processor.py:914} INFO - Processing file /home/nikita/airflow-setup/ENV/lib/python3.12/site-packages/airflow/example_dags/example_branch_labels.py for tasks to queue
[2026-05-04T00:48:37.867+0300] {logging_mixin.py:190} INFO - [2026-05-04T00:48:37.866+0300] {dagbag.py:588} INFO - Filling up the DagBag from /home/nikita/airflow-setup/ENV/lib/python3.12/site-packages/airflow/example_dags/example_branch_labels.py
[2026-05-04T00:48:37.882+0300] {processor.py:925} INFO - DAG(s) 'example_branch_labels' retrieved from /home/nikita/airflow-setup/ENV/lib/python3.12/site-packages/airflow/example_dags/example_branch_labels.py
[2026-05-04T00:48:37.908+0300] {logging_mixin.py:190} INFO - [2026-05-04T00:48:37.907+0300] {dag.py:3239} INFO - Sync 1 DAGs
[2026-05-04T00:48:37.941+0300] {logging_mixin.py:190} INFO - [2026-05-04T00:48:37.940+0300] {dag.py:4180} INFO - Setting next_dagrun for example_branch_labels to 2026-05-02 00:00:00+00:00, run_after=2026-05-03 00:00:00+00:00
[2026-05-04T00:48:37.992+0300] {processor.py:208} INFO - Processing /home/nikita/airflow-setup/ENV/lib/python3.12/site-packages/airflow/example_dags/example_branch_labels.py took 0.138 seconds
[2026-05-04T00:49:35.512+0300] {processor.py:186} INFO - Started process (PID=6181) to work on /home/nikita/airflow-setup/ENV/lib/python3.12/site-packages/airflow/example_dags/example_branch_labels.py
[2026-05-04T00:49:35.513+0300] {processor.py:914} INFO - Processing file /home/nikita/airflow-setup/ENV/lib/python3.12/site-packages/airflow/example_dags/example_branch_labels.py for tasks to queue
[2026-05-04T00:49:35.514+0300] {logging_mixin.py:190} INFO - [2026-05-04T00:49:35.514+0300] {dagbag.py:588} INFO - Filling up the DagBag from /home/nikita/airflow-setup/ENV/lib/python3.12/site-packages/airflow/example_dags/example_branch_labels.py
[2026-05-04T00:49:35.522+0300] {processor.py:925} INFO - DAG(s) 'example_branch_labels' retrieved from /home/nikita/airflow-setup/ENV/lib/python3.12/site-packages/airflow/example_dags/example_branch_labels.py
[2026-05-04T00:49:35.537+0300] {logging_mixin.py:190} INFO - [2026-05-04T00:49:35.537+0300] {dag.py:3239} INFO - Sync 1 DAGs
[2026-05-04T00:49:35.554+0300] {logging_mixin.py:190} INFO - [2026-05-04T00:49:35.554+0300] {dag.py:4180} INFO - Setting next_dagrun for example_branch_labels to 2026-05-02 00:00:00+00:00, run_after=2026-05-03 00:00:00+00:00
[2026-05-04T00:49:35.571+0300] {processor.py:208} INFO - Processing /home/nikita/airflow-setup/ENV/lib/python3.12/site-packages/airflow/example_dags/example_branch_labels.py took 0.064 seconds
[2026-05-04T00:50:57.893+0300] {processor.py:186} INFO - Started process (PID=6287) to work on /home/nikita/airflow-setup/ENV/lib/python3.12/site-packages/airflow/example_dags/example_branch_labels.py
[2026-05-04T00:50:57.901+0300] {processor.py:914} INFO - Processing file /home/nikita/airflow-setup/ENV/lib/python3.12/site-packages/airflow/example_dags/example_branch_labels.py for tasks to queue
[2026-05-04T00:50:57.903+0300] {logging_mixin.py:190} INFO - [2026-05-04T00:50:57.903+0300] {dagbag.py:588} INFO - Filling up the DagBag from /home/nikita/airflow-setup/ENV/lib/python3.12/site-packages/airflow/example_dags/example_branch_labels.py
[2026-05-04T00:50:57.911+0300] {processor.py:925} INFO - DAG(s) 'example_branch_labels' retrieved from /home/nikita/airflow-setup/ENV/lib/python3.12/site-packages/airflow/example_dags/example_branch_labels.py
[2026-05-04T00:50:57.925+0300] {logging_mixin.py:190} INFO - [2026-05-04T00:50:57.925+0300] {dag.py:3239} INFO - Sync 1 DAGs
[2026-05-04T00:50:57.942+0300] {logging_mixin.py:190} INFO - [2026-05-04T00:50:57.941+0300] {dag.py:4180} INFO - Setting next_dagrun for example_branch_labels to 2026-05-02 00:00:00+00:00, run_after=2026-05-03 00:00:00+00:00
[2026-05-04T00:50:57.958+0300] {processor.py:208} INFO - Processing /home/nikita/airflow-setup/ENV/lib/python3.12/site-packages/airflow/example_dags/example_branch_labels.py took 0.071 seconds
[2026-05-04T00:52:24.148+0300] {processor.py:186} INFO - Started process (PID=6370) to work on /home/nikita/airflow-setup/ENV/lib/python3.12/site-packages/airflow/example_dags/example_branch_labels.py
[2026-05-04T00:52:24.150+0300] {processor.py:914} INFO - Processing file /home/nikita/airflow-setup/ENV/lib/python3.12/site-packages/airflow/example_dags/example_branch_labels.py for tasks to queue
[2026-05-04T00:52:24.152+0300] {logging_mixin.py:190} INFO - [2026-05-04T00:52:24.151+0300] {dagbag.py:588} INFO - Filling up the DagBag from /home/nikita/airflow-setup/ENV/lib/python3.12/site-packages/airflow/example_dags/example_branch_labels.py
[2026-05-04T00:52:24.160+0300] {processor.py:925} INFO - DAG(s) 'example_branch_labels' retrieved from /home/nikita/airflow-setup/ENV/lib/python3.12/site-packages/airflow/example_dags/example_branch_labels.py
[2026-05-04T00:52:24.172+0300] {logging_mixin.py:190} INFO - [2026-05-04T00:52:24.172+0300] {dag.py:3239} INFO - Sync 1 DAGs
[2026-05-04T00:52:24.187+0300] {logging_mixin.py:190} INFO - [2026-05-04T00:52:24.187+0300] {dag.py:4180} INFO - Setting next_dagrun for example_branch_labels to 2026-05-02 00:00:00+00:00, run_after=2026-05-03 00:00:00+00:00
[2026-05-04T00:52:24.209+0300] {processor.py:208} INFO - Processing /home/nikita/airflow-setup/ENV/lib/python3.12/site-packages/airflow/example_dags/example_branch_labels.py took 0.065 seconds
[2026-05-04T00:53:27.262+0300] {processor.py:186} INFO - Started process (PID=6449) to work on /home/nikita/airflow-setup/ENV/lib/python3.12/site-packages/airflow/example_dags/example_branch_labels.py
[2026-05-04T00:53:27.271+0300] {processor.py:914} INFO - Processing file /home/nikita/airflow-setup/ENV/lib/python3.12/site-packages/airflow/example_dags/example_branch_labels.py for tasks to queue
[2026-05-04T00:53:27.273+0300] {logging_mixin.py:190} INFO - [2026-05-04T00:53:27.273+0300] {dagbag.py:588} INFO - Filling up the DagBag from /home/nikita/airflow-setup/ENV/lib/python3.12/site-packages/airflow/example_dags/example_branch_labels.py
[2026-05-04T00:53:27.283+0300] {processor.py:925} INFO - DAG(s) 'example_branch_labels' retrieved from /home/nikita/airflow-setup/ENV/lib/python3.12/site-packages/airflow/example_dags/example_branch_labels.py
[2026-05-04T00:53:27.300+0300] {logging_mixin.py:190} INFO - [2026-05-04T00:53:27.300+0300] {dag.py:3239} INFO - Sync 1 DAGs
[2026-05-04T00:53:27.319+0300] {logging_mixin.py:190} INFO - [2026-05-04T00:53:27.319+0300] {dag.py:4180} INFO - Setting next_dagrun for example_branch_labels to 2026-05-02 00:00:00+00:00, run_after=2026-05-03 00:00:00+00:00
[2026-05-04T00:53:27.345+0300] {processor.py:208} INFO - Processing /home/nikita/airflow-setup/ENV/lib/python3.12/site-packages/airflow/example_dags/example_branch_labels.py took 0.091 seconds
[2026-05-04T00:54:26.677+0300] {processor.py:186} INFO - Started process (PID=6506) to work on /home/nikita/airflow-setup/ENV/lib/python3.12/site-packages/airflow/example_dags/example_branch_labels.py
[2026-05-04T00:54:26.679+0300] {processor.py:914} INFO - Processing file /home/nikita/airflow-setup/ENV/lib/python3.12/site-packages/airflow/example_dags/example_branch_labels.py for tasks to queue
[2026-05-04T00:54:26.680+0300] {logging_mixin.py:190} INFO - [2026-05-04T00:54:26.680+0300] {dagbag.py:588} INFO - Filling up the DagBag from /home/nikita/airflow-setup/ENV/lib/python3.12/site-packages/airflow/example_dags/example_branch_labels.py
[2026-05-04T00:54:26.688+0300] {processor.py:925} INFO - DAG(s) 'example_branch_labels' retrieved from /home/nikita/airflow-setup/ENV/lib/python3.12/site-packages/airflow/example_dags/example_branch_labels.py
[2026-05-04T00:54:26.703+0300] {logging_mixin.py:190} INFO - [2026-05-04T00:54:26.702+0300] {dag.py:3239} INFO - Sync 1 DAGs
[2026-05-04T00:54:26.719+0300] {logging_mixin.py:190} INFO - [2026-05-04T00:54:26.719+0300] {dag.py:4180} INFO - Setting next_dagrun for example_branch_labels to 2026-05-02 00:00:00+00:00, run_after=2026-05-03 00:00:00+00:00
[2026-05-04T00:54:26.735+0300] {processor.py:208} INFO - Processing /home/nikita/airflow-setup/ENV/lib/python3.12/site-packages/airflow/example_dags/example_branch_labels.py took 0.063 seconds
[2026-05-04T00:55:30.771+0300] {processor.py:186} INFO - Started process (PID=6575) to work on /home/nikita/airflow-setup/ENV/lib/python3.12/site-packages/airflow/example_dags/example_branch_labels.py
[2026-05-04T00:55:30.772+0300] {processor.py:914} INFO - Processing file /home/nikita/airflow-setup/ENV/lib/python3.12/site-packages/airflow/example_dags/example_branch_labels.py for tasks to queue
[2026-05-04T00:55:30.773+0300] {logging_mixin.py:190} INFO - [2026-05-04T00:55:30.773+0300] {dagbag.py:588} INFO - Filling up the DagBag from /home/nikita/airflow-setup/ENV/lib/python3.12/site-packages/airflow/example_dags/example_branch_labels.py
[2026-05-04T00:55:30.782+0300] {processor.py:925} INFO - DAG(s) 'example_branch_labels' retrieved from /home/nikita/airflow-setup/ENV/lib/python3.12/site-packages/airflow/example_dags/example_branch_labels.py
[2026-05-04T00:55:30.798+0300] {logging_mixin.py:190} INFO - [2026-05-04T00:55:30.798+0300] {dag.py:3239} INFO - Sync 1 DAGs
[2026-05-04T00:55:30.815+0300] {logging_mixin.py:190} INFO - [2026-05-04T00:55:30.815+0300] {dag.py:4180} INFO - Setting next_dagrun for example_branch_labels to 2026-05-02 00:00:00+00:00, run_after=2026-05-03 00:00:00+00:00
[2026-05-04T00:55:30.833+0300] {processor.py:208} INFO - Processing /home/nikita/airflow-setup/ENV/lib/python3.12/site-packages/airflow/example_dags/example_branch_labels.py took 0.067 seconds
[2026-05-04T00:56:30.259+0300] {processor.py:186} INFO - Started process (PID=6634) to work on /home/nikita/airflow-setup/ENV/lib/python3.12/site-packages/airflow/example_dags/example_branch_labels.py
[2026-05-04T00:56:30.261+0300] {processor.py:914} INFO - Processing file /home/nikita/airflow-setup/ENV/lib/python3.12/site-packages/airflow/example_dags/example_branch_labels.py for tasks to queue
[2026-05-04T00:56:30.263+0300] {logging_mixin.py:190} INFO - [2026-05-04T00:56:30.263+0300] {dagbag.py:588} INFO - Filling up the DagBag from /home/nikita/airflow-setup/ENV/lib/python3.12/site-packages/airflow/example_dags/example_branch_labels.py
[2026-05-04T00:56:30.272+0300] {processor.py:925} INFO - DAG(s) 'example_branch_labels' retrieved from /home/nikita/airflow-setup/ENV/lib/python3.12/site-packages/airflow/example_dags/example_branch_labels.py
[2026-05-04T00:56:30.289+0300] {logging_mixin.py:190} INFO - [2026-05-04T00:56:30.289+0300] {dag.py:3239} INFO - Sync 1 DAGs
[2026-05-04T00:56:30.310+0300] {logging_mixin.py:190} INFO - [2026-05-04T00:56:30.309+0300] {dag.py:4180} INFO - Setting next_dagrun for example_branch_labels to 2026-05-02 00:00:00+00:00, run_after=2026-05-03 00:00:00+00:00
[2026-05-04T00:56:30.329+0300] {processor.py:208} INFO - Processing /home/nikita/airflow-setup/ENV/lib/python3.12/site-packages/airflow/example_dags/example_branch_labels.py took 0.076 seconds
[2026-05-04T00:57:29.942+0300] {processor.py:186} INFO - Started process (PID=7069) to work on /home/nikita/airflow-setup/ENV/lib/python3.12/site-packages/airflow/example_dags/example_branch_labels.py
[2026-05-04T00:57:29.951+0300] {processor.py:914} INFO - Processing file /home/nikita/airflow-setup/ENV/lib/python3.12/site-packages/airflow/example_dags/example_branch_labels.py for tasks to queue
[2026-05-04T00:57:29.953+0300] {logging_mixin.py:190} INFO - [2026-05-04T00:57:29.953+0300] {dagbag.py:588} INFO - Filling up the DagBag from /home/nikita/airflow-setup/ENV/lib/python3.12/site-packages/airflow/example_dags/example_branch_labels.py
[2026-05-04T00:57:29.962+0300] {processor.py:925} INFO - DAG(s) 'example_branch_labels' retrieved from /home/nikita/airflow-setup/ENV/lib/python3.12/site-packages/airflow/example_dags/example_branch_labels.py
[2026-05-04T00:57:29.973+0300] {logging_mixin.py:190} INFO - [2026-05-04T00:57:29.973+0300] {dag.py:3239} INFO - Sync 1 DAGs
[2026-05-04T00:57:29.989+0300] {logging_mixin.py:190} INFO - [2026-05-04T00:57:29.989+0300] {dag.py:4180} INFO - Setting next_dagrun for example_branch_labels to 2026-05-02 00:00:00+00:00, run_after=2026-05-03 00:00:00+00:00
[2026-05-04T00:57:30.004+0300] {processor.py:208} INFO - Processing /home/nikita/airflow-setup/ENV/lib/python3.12/site-packages/airflow/example_dags/example_branch_labels.py took 0.067 seconds
[2026-05-04T00:58:28.722+0300] {processor.py:186} INFO - Started process (PID=7296) to work on /home/nikita/airflow-setup/ENV/lib/python3.12/site-packages/airflow/example_dags/example_branch_labels.py
[2026-05-04T00:58:28.724+0300] {processor.py:914} INFO - Processing file /home/nikita/airflow-setup/ENV/lib/python3.12/site-packages/airflow/example_dags/example_branch_labels.py for tasks to queue
[2026-05-04T00:58:28.725+0300] {logging_mixin.py:190} INFO - [2026-05-04T00:58:28.725+0300] {dagbag.py:588} INFO - Filling up the DagBag from /home/nikita/airflow-setup/ENV/lib/python3.12/site-packages/airflow/example_dags/example_branch_labels.py
[2026-05-04T00:58:28.732+0300] {processor.py:925} INFO - DAG(s) 'example_branch_labels' retrieved from /home/nikita/airflow-setup/ENV/lib/python3.12/site-packages/airflow/example_dags/example_branch_labels.py
[2026-05-04T00:58:28.744+0300] {logging_mixin.py:190} INFO - [2026-05-04T00:58:28.744+0300] {dag.py:3239} INFO - Sync 1 DAGs
[2026-05-04T00:58:28.760+0300] {logging_mixin.py:190} INFO - [2026-05-04T00:58:28.760+0300] {dag.py:4180} INFO - Setting next_dagrun for example_branch_labels to 2026-05-02 00:00:00+00:00, run_after=2026-05-03 00:00:00+00:00
[2026-05-04T00:58:28.777+0300] {processor.py:208} INFO - Processing /home/nikita/airflow-setup/ENV/lib/python3.12/site-packages/airflow/example_dags/example_branch_labels.py took 0.059 seconds
[2026-05-04T00:59:27.033+0300] {processor.py:186} INFO - Started process (PID=7578) to work on /home/nikita/airflow-setup/ENV/lib/python3.12/site-packages/airflow/example_dags/example_branch_labels.py
[2026-05-04T00:59:27.035+0300] {processor.py:914} INFO - Processing file /home/nikita/airflow-setup/ENV/lib/python3.12/site-packages/airflow/example_dags/example_branch_labels.py for tasks to queue
[2026-05-04T00:59:27.036+0300] {logging_mixin.py:190} INFO - [2026-05-04T00:59:27.036+0300] {dagbag.py:588} INFO - Filling up the DagBag from /home/nikita/airflow-setup/ENV/lib/python3.12/site-packages/airflow/example_dags/example_branch_labels.py
[2026-05-04T00:59:27.045+0300] {processor.py:925} INFO - DAG(s) 'example_branch_labels' retrieved from /home/nikita/airflow-setup/ENV/lib/python3.12/site-packages/airflow/example_dags/example_branch_labels.py
[2026-05-04T00:59:27.056+0300] {logging_mixin.py:190} INFO - [2026-05-04T00:59:27.056+0300] {dag.py:3239} INFO - Sync 1 DAGs
[2026-05-04T00:59:27.071+0300] {logging_mixin.py:190} INFO - [2026-05-04T00:59:27.071+0300] {dag.py:4180} INFO - Setting next_dagrun for example_branch_labels to 2026-05-02 00:00:00+00:00, run_after=2026-05-03 00:00:00+00:00
[2026-05-04T00:59:27.089+0300] {processor.py:208} INFO - Processing /home/nikita/airflow-setup/ENV/lib/python3.12/site-packages/airflow/example_dags/example_branch_labels.py took 0.060 seconds
[2026-05-04T01:00:26.733+0300] {processor.py:186} INFO - Started process (PID=8352) to work on /home/nikita/airflow-setup/ENV/lib/python3.12/site-packages/airflow/example_dags/example_branch_labels.py
[2026-05-04T01:00:26.742+0300] {processor.py:914} INFO - Processing file /home/nikita/airflow-setup/ENV/lib/python3.12/site-packages/airflow/example_dags/example_branch_labels.py for tasks to queue
[2026-05-04T01:00:26.744+0300] {logging_mixin.py:190} INFO - [2026-05-04T01:00:26.744+0300] {dagbag.py:588} INFO - Filling up the DagBag from /home/nikita/airflow-setup/ENV/lib/python3.12/site-packages/airflow/example_dags/example_branch_labels.py
[2026-05-04T01:00:26.752+0300] {processor.py:925} INFO - DAG(s) 'example_branch_labels' retrieved from /home/nikita/airflow-setup/ENV/lib/python3.12/site-packages/airflow/example_dags/example_branch_labels.py
[2026-05-04T01:00:26.764+0300] {logging_mixin.py:190} INFO - [2026-05-04T01:00:26.763+0300] {dag.py:3239} INFO - Sync 1 DAGs
[2026-05-04T01:00:26.778+0300] {logging_mixin.py:190} INFO - [2026-05-04T01:00:26.778+0300] {dag.py:4180} INFO - Setting next_dagrun for example_branch_labels to 2026-05-02 00:00:00+00:00, run_after=2026-05-03 00:00:00+00:00
[2026-05-04T01:00:26.795+0300] {processor.py:208} INFO - Processing /home/nikita/airflow-setup/ENV/lib/python3.12/site-packages/airflow/example_dags/example_branch_labels.py took 0.066 seconds
[2026-05-04T01:01:32.769+0300] {processor.py:186} INFO - Started process (PID=8858) to work on /home/nikita/airflow-setup/ENV/lib/python3.12/site-packages/airflow/example_dags/example_branch_labels.py
[2026-05-04T01:01:32.778+0300] {processor.py:914} INFO - Processing file /home/nikita/airflow-setup/ENV/lib/python3.12/site-packages/airflow/example_dags/example_branch_labels.py for tasks to queue
[2026-05-04T01:01:32.779+0300] {logging_mixin.py:190} INFO - [2026-05-04T01:01:32.779+0300] {dagbag.py:588} INFO - Filling up the DagBag from /home/nikita/airflow-setup/ENV/lib/python3.12/site-packages/airflow/example_dags/example_branch_labels.py
[2026-05-04T01:01:32.786+0300] {processor.py:925} INFO - DAG(s) 'example_branch_labels' retrieved from /home/nikita/airflow-setup/ENV/lib/python3.12/site-packages/airflow/example_dags/example_branch_labels.py
[2026-05-04T01:01:32.797+0300] {logging_mixin.py:190} INFO - [2026-05-04T01:01:32.797+0300] {dag.py:3239} INFO - Sync 1 DAGs
[2026-05-04T01:01:32.813+0300] {logging_mixin.py:190} INFO - [2026-05-04T01:01:32.813+0300] {dag.py:4180} INFO - Setting next_dagrun for example_branch_labels to 2026-05-02 00:00:00+00:00, run_after=2026-05-03 00:00:00+00:00
[2026-05-04T01:01:32.830+0300] {processor.py:208} INFO - Processing /home/nikita/airflow-setup/ENV/lib/python3.12/site-packages/airflow/example_dags/example_branch_labels.py took 0.065 seconds
[2026-05-04T01:02:42.298+0300] {processor.py:186} INFO - Started process (PID=9452) to work on /home/nikita/airflow-setup/ENV/lib/python3.12/site-packages/airflow/example_dags/example_branch_labels.py
[2026-05-04T01:02:42.306+0300] {processor.py:914} INFO - Processing file /home/nikita/airflow-setup/ENV/lib/python3.12/site-packages/airflow/example_dags/example_branch_labels.py for tasks to queue
[2026-05-04T01:02:42.307+0300] {logging_mixin.py:190} INFO - [2026-05-04T01:02:42.307+0300] {dagbag.py:588} INFO - Filling up the DagBag from /home/nikita/airflow-setup/ENV/lib/python3.12/site-packages/airflow/example_dags/example_branch_labels.py
[2026-05-04T01:02:42.314+0300] {processor.py:925} INFO - DAG(s) 'example_branch_labels' retrieved from /home/nikita/airflow-setup/ENV/lib/python3.12/site-packages/airflow/example_dags/example_branch_labels.py
[2026-05-04T01:02:42.327+0300] {logging_mixin.py:190} INFO - [2026-05-04T01:02:42.327+0300] {dag.py:3239} INFO - Sync 1 DAGs
[2026-05-04T01:02:42.342+0300] {logging_mixin.py:190} INFO - [2026-05-04T01:02:42.342+0300] {dag.py:4180} INFO - Setting next_dagrun for example_branch_labels to 2026-05-02 00:00:00+00:00, run_after=2026-05-03 00:00:00+00:00
[2026-05-04T01:02:42.358+0300] {processor.py:208} INFO - Processing /home/nikita/airflow-setup/ENV/lib/python3.12/site-packages/airflow/example_dags/example_branch_labels.py took 0.064 seconds
[2026-05-04T01:03:46.352+0300] {processor.py:186} INFO - Started process (PID=9772) to work on /home/nikita/airflow-setup/ENV/lib/python3.12/site-packages/airflow/example_dags/example_branch_labels.py
[2026-05-04T01:03:46.360+0300] {processor.py:914} INFO - Processing file /home/nikita/airflow-setup/ENV/lib/python3.12/site-packages/airflow/example_dags/example_branch_labels.py for tasks to queue
[2026-05-04T01:03:46.362+0300] {logging_mixin.py:190} INFO - [2026-05-04T01:03:46.361+0300] {dagbag.py:588} INFO - Filling up the DagBag from /home/nikita/airflow-setup/ENV/lib/python3.12/site-packages/airflow/example_dags/example_branch_labels.py
[2026-05-04T01:03:46.372+0300] {processor.py:925} INFO - DAG(s) 'example_branch_labels' retrieved from /home/nikita/airflow-setup/ENV/lib/python3.12/site-packages/airflow/example_dags/example_branch_labels.py
[2026-05-04T01:03:46.388+0300] {logging_mixin.py:190} INFO - [2026-05-04T01:03:46.388+0300] {dag.py:3239} INFO - Sync 1 DAGs
[2026-05-04T01:03:46.406+0300] {logging_mixin.py:190} INFO - [2026-05-04T01:03:46.406+0300] {dag.py:4180} INFO - Setting next_dagrun for example_branch_labels to 2026-05-02 00:00:00+00:00, run_after=2026-05-03 00:00:00+00:00
[2026-05-04T01:03:46.423+0300] {processor.py:208} INFO - Processing /home/nikita/airflow-setup/ENV/lib/python3.12/site-packages/airflow/example_dags/example_branch_labels.py took 0.076 seconds
[2026-05-04T01:04:49.318+0300] {processor.py:186} INFO - Started process (PID=10045) to work on /home/nikita/airflow-setup/ENV/lib/python3.12/site-packages/airflow/example_dags/example_branch_labels.py
[2026-05-04T01:04:49.328+0300] {processor.py:914} INFO - Processing file /home/nikita/airflow-setup/ENV/lib/python3.12/site-packages/airflow/example_dags/example_branch_labels.py for tasks to queue
[2026-05-04T01:04:49.330+0300] {logging_mixin.py:190} INFO - [2026-05-04T01:04:49.330+0300] {dagbag.py:588} INFO - Filling up the DagBag from /home/nikita/airflow-setup/ENV/lib/python3.12/site-packages/airflow/example_dags/example_branch_labels.py
[2026-05-04T01:04:49.345+0300] {processor.py:925} INFO - DAG(s) 'example_branch_labels' retrieved from /home/nikita/airflow-setup/ENV/lib/python3.12/site-packages/airflow/example_dags/example_branch_labels.py
[2026-05-04T01:04:49.361+0300] {logging_mixin.py:190} INFO - [2026-05-04T01:04:49.361+0300] {dag.py:3239} INFO - Sync 1 DAGs
[2026-05-04T01:04:49.379+0300] {logging_mixin.py:190} INFO - [2026-05-04T01:04:49.378+0300] {dag.py:4180} INFO - Setting next_dagrun for example_branch_labels to 2026-05-02 00:00:00+00:00, run_after=2026-05-03 00:00:00+00:00
[2026-05-04T01:04:49.397+0300] {processor.py:208} INFO - Processing /home/nikita/airflow-setup/ENV/lib/python3.12/site-packages/airflow/example_dags/example_branch_labels.py took 0.085 seconds
[2026-05-04T01:05:55.807+0300] {processor.py:186} INFO - Started process (PID=10326) to work on /home/nikita/airflow-setup/ENV/lib/python3.12/site-packages/airflow/example_dags/example_branch_labels.py
[2026-05-04T01:05:55.809+0300] {processor.py:914} INFO - Processing file /home/nikita/airflow-setup/ENV/lib/python3.12/site-packages/airflow/example_dags/example_branch_labels.py for tasks to queue
[2026-05-04T01:05:55.810+0300] {logging_mixin.py:190} INFO - [2026-05-04T01:05:55.809+0300] {dagbag.py:588} INFO - Filling up the DagBag from /home/nikita/airflow-setup/ENV/lib/python3.12/site-packages/airflow/example_dags/example_branch_labels.py
[2026-05-04T01:05:55.817+0300] {processor.py:925} INFO - DAG(s) 'example_branch_labels' retrieved from /home/nikita/airflow-setup/ENV/lib/python3.12/site-packages/airflow/example_dags/example_branch_labels.py
[2026-05-04T01:05:55.831+0300] {logging_mixin.py:190} INFO - [2026-05-04T01:05:55.831+0300] {dag.py:3239} INFO - Sync 1 DAGs
[2026-05-04T01:05:55.849+0300] {logging_mixin.py:190} INFO - [2026-05-04T01:05:55.849+0300] {dag.py:4180} INFO - Setting next_dagrun for example_branch_labels to 2026-05-02 00:00:00+00:00, run_after=2026-05-03 00:00:00+00:00
[2026-05-04T01:05:55.867+0300] {processor.py:208} INFO - Processing /home/nikita/airflow-setup/ENV/lib/python3.12/site-packages/airflow/example_dags/example_branch_labels.py took 0.065 seconds
[2026-05-04T01:06:59.802+0300] {processor.py:186} INFO - Started process (PID=10572) to work on /home/nikita/airflow-setup/ENV/lib/python3.12/site-packages/airflow/example_dags/example_branch_labels.py
[2026-05-04T01:06:59.803+0300] {processor.py:914} INFO - Processing file /home/nikita/airflow-setup/ENV/lib/python3.12/site-packages/airflow/example_dags/example_branch_labels.py for tasks to queue
[2026-05-04T01:06:59.804+0300] {logging_mixin.py:190} INFO - [2026-05-04T01:06:59.804+0300] {dagbag.py:588} INFO - Filling up the DagBag from /home/nikita/airflow-setup/ENV/lib/python3.12/site-packages/airflow/example_dags/example_branch_labels.py
[2026-05-04T01:06:59.812+0300] {processor.py:925} INFO - DAG(s) 'example_branch_labels' retrieved from /home/nikita/airflow-setup/ENV/lib/python3.12/site-packages/airflow/example_dags/example_branch_labels.py
[2026-05-04T01:06:59.824+0300] {logging_mixin.py:190} INFO - [2026-05-04T01:06:59.824+0300] {dag.py:3239} INFO - Sync 1 DAGs
[2026-05-04T01:06:59.844+0300] {logging_mixin.py:190} INFO - [2026-05-04T01:06:59.844+0300] {dag.py:4180} INFO - Setting next_dagrun for example_branch_labels to 2026-05-02 00:00:00+00:00, run_after=2026-05-03 00:00:00+00:00
[2026-05-04T01:06:59.864+0300] {processor.py:208} INFO - Processing /home/nikita/airflow-setup/ENV/lib/python3.12/site-packages/airflow/example_dags/example_branch_labels.py took 0.067 seconds
[2026-05-04T01:08:09.000+0300] {processor.py:186} INFO - Started process (PID=10830) to work on /home/nikita/airflow-setup/ENV/lib/python3.12/site-packages/airflow/example_dags/example_branch_labels.py
[2026-05-04T01:08:09.003+0300] {processor.py:914} INFO - Processing file /home/nikita/airflow-setup/ENV/lib/python3.12/site-packages/airflow/example_dags/example_branch_labels.py for tasks to queue
[2026-05-04T01:08:09.004+0300] {logging_mixin.py:190} INFO - [2026-05-04T01:08:09.004+0300] {dagbag.py:588} INFO - Filling up the DagBag from /home/nikita/airflow-setup/ENV/lib/python3.12/site-packages/airflow/example_dags/example_branch_labels.py
[2026-05-04T01:08:09.011+0300] {processor.py:925} INFO - DAG(s) 'example_branch_labels' retrieved from /home/nikita/airflow-setup/ENV/lib/python3.12/site-packages/airflow/example_dags/example_branch_labels.py
[2026-05-04T01:08:09.024+0300] {logging_mixin.py:190} INFO - [2026-05-04T01:08:09.024+0300] {dag.py:3239} INFO - Sync 1 DAGs
[2026-05-04T01:08:09.040+0300] {logging_mixin.py:190} INFO - [2026-05-04T01:08:09.040+0300] {dag.py:4180} INFO - Setting next_dagrun for example_branch_labels to 2026-05-02 00:00:00+00:00, run_after=2026-05-03 00:00:00+00:00
[2026-05-04T01:08:09.057+0300] {processor.py:208} INFO - Processing /home/nikita/airflow-setup/ENV/lib/python3.12/site-packages/airflow/example_dags/example_branch_labels.py took 0.061 seconds
[2026-05-04T01:09:14.480+0300] {processor.py:186} INFO - Started process (PID=11985) to work on /home/nikita/airflow-setup/ENV/lib/python3.12/site-packages/airflow/example_dags/example_branch_labels.py
[2026-05-04T01:09:14.489+0300] {processor.py:914} INFO - Processing file /home/nikita/airflow-setup/ENV/lib/python3.12/site-packages/airflow/example_dags/example_branch_labels.py for tasks to queue
[2026-05-04T01:09:14.491+0300] {logging_mixin.py:190} INFO - [2026-05-04T01:09:14.490+0300] {dagbag.py:588} INFO - Filling up the DagBag from /home/nikita/airflow-setup/ENV/lib/python3.12/site-packages/airflow/example_dags/example_branch_labels.py
[2026-05-04T01:09:14.500+0300] {processor.py:925} INFO - DAG(s) 'example_branch_labels' retrieved from /home/nikita/airflow-setup/ENV/lib/python3.12/site-packages/airflow/example_dags/example_branch_labels.py
[2026-05-04T01:09:14.514+0300] {logging_mixin.py:190} INFO - [2026-05-04T01:09:14.514+0300] {dag.py:3239} INFO - Sync 1 DAGs
[2026-05-04T01:09:14.531+0300] {logging_mixin.py:190} INFO - [2026-05-04T01:09:14.530+0300] {dag.py:4180} INFO - Setting next_dagrun for example_branch_labels to 2026-05-02 00:00:00+00:00, run_after=2026-05-03 00:00:00+00:00
[2026-05-04T01:09:14.546+0300] {processor.py:208} INFO - Processing /home/nikita/airflow-setup/ENV/lib/python3.12/site-packages/airflow/example_dags/example_branch_labels.py took 0.074 seconds
[2026-05-04T01:10:26.229+0300] {processor.py:186} INFO - Started process (PID=12291) to work on /home/nikita/airflow-setup/ENV/lib/python3.12/site-packages/airflow/example_dags/example_branch_labels.py
[2026-05-04T01:10:26.239+0300] {processor.py:914} INFO - Processing file /home/nikita/airflow-setup/ENV/lib/python3.12/site-packages/airflow/example_dags/example_branch_labels.py for tasks to queue
[2026-05-04T01:10:26.240+0300] {logging_mixin.py:190} INFO - [2026-05-04T01:10:26.239+0300] {dagbag.py:588} INFO - Filling up the DagBag from /home/nikita/airflow-setup/ENV/lib/python3.12/site-packages/airflow/example_dags/example_branch_labels.py
[2026-05-04T01:10:26.247+0300] {processor.py:925} INFO - DAG(s) 'example_branch_labels' retrieved from /home/nikita/airflow-setup/ENV/lib/python3.12/site-packages/airflow/example_dags/example_branch_labels.py
[2026-05-04T01:10:26.260+0300] {logging_mixin.py:190} INFO - [2026-05-04T01:10:26.260+0300] {dag.py:3239} INFO - Sync 1 DAGs
[2026-05-04T01:10:26.275+0300] {logging_mixin.py:190} INFO - [2026-05-04T01:10:26.275+0300] {dag.py:4180} INFO - Setting next_dagrun for example_branch_labels to 2026-05-02 00:00:00+00:00, run_after=2026-05-03 00:00:00+00:00
[2026-05-04T01:10:26.291+0300] {processor.py:208} INFO - Processing /home/nikita/airflow-setup/ENV/lib/python3.12/site-packages/airflow/example_dags/example_branch_labels.py took 0.066 seconds
[2026-05-04T01:11:33.505+0300] {processor.py:186} INFO - Started process (PID=12551) to work on /home/nikita/airflow-setup/ENV/lib/python3.12/site-packages/airflow/example_dags/example_branch_labels.py
[2026-05-04T01:11:33.514+0300] {processor.py:914} INFO - Processing file /home/nikita/airflow-setup/ENV/lib/python3.12/site-packages/airflow/example_dags/example_branch_labels.py for tasks to queue
[2026-05-04T01:11:33.515+0300] {logging_mixin.py:190} INFO - [2026-05-04T01:11:33.515+0300] {dagbag.py:588} INFO - Filling up the DagBag from /home/nikita/airflow-setup/ENV/lib/python3.12/site-packages/airflow/example_dags/example_branch_labels.py
[2026-05-04T01:11:33.522+0300] {processor.py:925} INFO - DAG(s) 'example_branch_labels' retrieved from /home/nikita/airflow-setup/ENV/lib/python3.12/site-packages/airflow/example_dags/example_branch_labels.py
[2026-05-04T01:11:33.535+0300] {logging_mixin.py:190} INFO - [2026-05-04T01:11:33.535+0300] {dag.py:3239} INFO - Sync 1 DAGs
[2026-05-04T01:11:33.553+0300] {logging_mixin.py:190} INFO - [2026-05-04T01:11:33.552+0300] {dag.py:4180} INFO - Setting next_dagrun for example_branch_labels to 2026-05-02 00:00:00+00:00, run_after=2026-05-03 00:00:00+00:00
[2026-05-04T01:11:33.570+0300] {processor.py:208} INFO - Processing /home/nikita/airflow-setup/ENV/lib/python3.12/site-packages/airflow/example_dags/example_branch_labels.py took 0.069 seconds
[2026-05-04T01:12:34.659+0300] {processor.py:186} INFO - Started process (PID=12781) to work on /home/nikita/airflow-setup/ENV/lib/python3.12/site-packages/airflow/example_dags/example_branch_labels.py
[2026-05-04T01:12:34.661+0300] {processor.py:914} INFO - Processing file /home/nikita/airflow-setup/ENV/lib/python3.12/site-packages/airflow/example_dags/example_branch_labels.py for tasks to queue
[2026-05-04T01:12:34.662+0300] {logging_mixin.py:190} INFO - [2026-05-04T01:12:34.662+0300] {dagbag.py:588} INFO - Filling up the DagBag from /home/nikita/airflow-setup/ENV/lib/python3.12/site-packages/airflow/example_dags/example_branch_labels.py
[2026-05-04T01:12:34.669+0300] {processor.py:925} INFO - DAG(s) 'example_branch_labels' retrieved from /home/nikita/airflow-setup/ENV/lib/python3.12/site-packages/airflow/example_dags/example_branch_labels.py
[2026-05-04T01:12:34.681+0300] {logging_mixin.py:190} INFO - [2026-05-04T01:12:34.681+0300] {dag.py:3239} INFO - Sync 1 DAGs
[2026-05-04T01:12:34.699+0300] {logging_mixin.py:190} INFO - [2026-05-04T01:12:34.699+0300] {dag.py:4180} INFO - Setting next_dagrun for example_branch_labels to 2026-05-02 00:00:00+00:00, run_after=2026-05-03 00:00:00+00:00
[2026-05-04T01:12:34.716+0300] {processor.py:208} INFO - Processing /home/nikita/airflow-setup/ENV/lib/python3.12/site-packages/airflow/example_dags/example_branch_labels.py took 0.061 seconds
[2026-05-04T01:13:36.041+0300] {processor.py:186} INFO - Started process (PID=13319) to work on /home/nikita/airflow-setup/ENV/lib/python3.12/site-packages/airflow/example_dags/example_branch_labels.py
[2026-05-04T01:13:36.051+0300] {processor.py:914} INFO - Processing file /home/nikita/airflow-setup/ENV/lib/python3.12/site-packages/airflow/example_dags/example_branch_labels.py for tasks to queue
[2026-05-04T01:13:36.054+0300] {logging_mixin.py:190} INFO - [2026-05-04T01:13:36.053+0300] {dagbag.py:588} INFO - Filling up the DagBag from /home/nikita/airflow-setup/ENV/lib/python3.12/site-packages/airflow/example_dags/example_branch_labels.py
[2026-05-04T01:13:36.067+0300] {processor.py:925} INFO - DAG(s) 'example_branch_labels' retrieved from /home/nikita/airflow-setup/ENV/lib/python3.12/site-packages/airflow/example_dags/example_branch_labels.py
[2026-05-04T01:13:36.082+0300] {logging_mixin.py:190} INFO - [2026-05-04T01:13:36.082+0300] {dag.py:3239} INFO - Sync 1 DAGs
[2026-05-04T01:13:36.100+0300] {logging_mixin.py:190} INFO - [2026-05-04T01:13:36.100+0300] {dag.py:4180} INFO - Setting next_dagrun for example_branch_labels to 2026-05-02 00:00:00+00:00, run_after=2026-05-03 00:00:00+00:00
[2026-05-04T01:13:36.118+0300] {processor.py:208} INFO - Processing /home/nikita/airflow-setup/ENV/lib/python3.12/site-packages/airflow/example_dags/example_branch_labels.py took 0.083 seconds
[2026-05-04T01:14:42.367+0300] {processor.py:186} INFO - Started process (PID=14335) to work on /home/nikita/airflow-setup/ENV/lib/python3.12/site-packages/airflow/example_dags/example_branch_labels.py
[2026-05-04T01:14:42.376+0300] {processor.py:914} INFO - Processing file /home/nikita/airflow-setup/ENV/lib/python3.12/site-packages/airflow/example_dags/example_branch_labels.py for tasks to queue
[2026-05-04T01:14:42.377+0300] {logging_mixin.py:190} INFO - [2026-05-04T01:14:42.377+0300] {dagbag.py:588} INFO - Filling up the DagBag from /home/nikita/airflow-setup/ENV/lib/python3.12/site-packages/airflow/example_dags/example_branch_labels.py
[2026-05-04T01:14:42.385+0300] {processor.py:925} INFO - DAG(s) 'example_branch_labels' retrieved from /home/nikita/airflow-setup/ENV/lib/python3.12/site-packages/airflow/example_dags/example_branch_labels.py
[2026-05-04T01:14:42.397+0300] {logging_mixin.py:190} INFO - [2026-05-04T01:14:42.397+0300] {dag.py:3239} INFO - Sync 1 DAGs
[2026-05-04T01:14:42.413+0300] {logging_mixin.py:190} INFO - [2026-05-04T01:14:42.413+0300] {dag.py:4180} INFO - Setting next_dagrun for example_branch_labels to 2026-05-02 00:00:00+00:00, run_after=2026-05-03 00:00:00+00:00
[2026-05-04T01:14:42.431+0300] {processor.py:208} INFO - Processing /home/nikita/airflow-setup/ENV/lib/python3.12/site-packages/airflow/example_dags/example_branch_labels.py took 0.069 seconds
[2026-05-04T01:15:49.812+0300] {processor.py:186} INFO - Started process (PID=14659) to work on /home/nikita/airflow-setup/ENV/lib/python3.12/site-packages/airflow/example_dags/example_branch_labels.py
[2026-05-04T01:15:49.814+0300] {processor.py:914} INFO - Processing file /home/nikita/airflow-setup/ENV/lib/python3.12/site-packages/airflow/example_dags/example_branch_labels.py for tasks to queue
[2026-05-04T01:15:49.815+0300] {logging_mixin.py:190} INFO - [2026-05-04T01:15:49.815+0300] {dagbag.py:588} INFO - Filling up the DagBag from /home/nikita/airflow-setup/ENV/lib/python3.12/site-packages/airflow/example_dags/example_branch_labels.py
[2026-05-04T01:15:49.824+0300] {processor.py:925} INFO - DAG(s) 'example_branch_labels' retrieved from /home/nikita/airflow-setup/ENV/lib/python3.12/site-packages/airflow/example_dags/example_branch_labels.py
[2026-05-04T01:15:49.837+0300] {logging_mixin.py:190} INFO - [2026-05-04T01:15:49.836+0300] {dag.py:3239} INFO - Sync 1 DAGs
[2026-05-04T01:15:49.853+0300] {logging_mixin.py:190} INFO - [2026-05-04T01:15:49.853+0300] {dag.py:4180} INFO - Setting next_dagrun for example_branch_labels to 2026-05-02 00:00:00+00:00, run_after=2026-05-03 00:00:00+00:00
[2026-05-04T01:15:49.873+0300] {processor.py:208} INFO - Processing /home/nikita/airflow-setup/ENV/lib/python3.12/site-packages/airflow/example_dags/example_branch_labels.py took 0.066 seconds
[2026-05-04T01:16:58.890+0300] {processor.py:186} INFO - Started process (PID=15811) to work on /home/nikita/airflow-setup/ENV/lib/python3.12/site-packages/airflow/example_dags/example_branch_labels.py
[2026-05-04T01:16:58.901+0300] {processor.py:914} INFO - Processing file /home/nikita/airflow-setup/ENV/lib/python3.12/site-packages/airflow/example_dags/example_branch_labels.py for tasks to queue
[2026-05-04T01:16:58.904+0300] {logging_mixin.py:190} INFO - [2026-05-04T01:16:58.902+0300] {dagbag.py:588} INFO - Filling up the DagBag from /home/nikita/airflow-setup/ENV/lib/python3.12/site-packages/airflow/example_dags/example_branch_labels.py
[2026-05-04T01:16:58.917+0300] {processor.py:925} INFO - DAG(s) 'example_branch_labels' retrieved from /home/nikita/airflow-setup/ENV/lib/python3.12/site-packages/airflow/example_dags/example_branch_labels.py
[2026-05-04T01:16:58.942+0300] {logging_mixin.py:190} INFO - [2026-05-04T01:16:58.942+0300] {dag.py:3239} INFO - Sync 1 DAGs
[2026-05-04T01:16:58.969+0300] {logging_mixin.py:190} INFO - [2026-05-04T01:16:58.969+0300] {dag.py:4180} INFO - Setting next_dagrun for example_branch_labels to 2026-05-02 00:00:00+00:00, run_after=2026-05-03 00:00:00+00:00
[2026-05-04T01:16:58.999+0300] {processor.py:208} INFO - Processing /home/nikita/airflow-setup/ENV/lib/python3.12/site-packages/airflow/example_dags/example_branch_labels.py took 0.117 seconds
[2026-05-04T01:18:07.250+0300] {processor.py:186} INFO - Started process (PID=16070) to work on /home/nikita/airflow-setup/ENV/lib/python3.12/site-packages/airflow/example_dags/example_branch_labels.py
[2026-05-04T01:18:07.260+0300] {processor.py:914} INFO - Processing file /home/nikita/airflow-setup/ENV/lib/python3.12/site-packages/airflow/example_dags/example_branch_labels.py for tasks to queue
[2026-05-04T01:18:07.262+0300] {logging_mixin.py:190} INFO - [2026-05-04T01:18:07.261+0300] {dagbag.py:588} INFO - Filling up the DagBag from /home/nikita/airflow-setup/ENV/lib/python3.12/site-packages/airflow/example_dags/example_branch_labels.py
[2026-05-04T01:18:07.275+0300] {processor.py:925} INFO - DAG(s) 'example_branch_labels' retrieved from /home/nikita/airflow-setup/ENV/lib/python3.12/site-packages/airflow/example_dags/example_branch_labels.py
[2026-05-04T01:18:07.296+0300] {logging_mixin.py:190} INFO - [2026-05-04T01:18:07.295+0300] {dag.py:3239} INFO - Sync 1 DAGs
[2026-05-04T01:18:07.334+0300] {logging_mixin.py:190} INFO - [2026-05-04T01:18:07.334+0300] {dag.py:4180} INFO - Setting next_dagrun for example_branch_labels to 2026-05-02 00:00:00+00:00, run_after=2026-05-03 00:00:00+00:00
[2026-05-04T01:18:07.385+0300] {processor.py:208} INFO - Processing /home/nikita/airflow-setup/ENV/lib/python3.12/site-packages/airflow/example_dags/example_branch_labels.py took 0.142 seconds
[2026-05-04T01:19:16.315+0300] {processor.py:186} INFO - Started process (PID=16330) to work on /home/nikita/airflow-setup/ENV/lib/python3.12/site-packages/airflow/example_dags/example_branch_labels.py
[2026-05-04T01:19:16.324+0300] {processor.py:914} INFO - Processing file /home/nikita/airflow-setup/ENV/lib/python3.12/site-packages/airflow/example_dags/example_branch_labels.py for tasks to queue
[2026-05-04T01:19:16.325+0300] {logging_mixin.py:190} INFO - [2026-05-04T01:19:16.325+0300] {dagbag.py:588} INFO - Filling up the DagBag from /home/nikita/airflow-setup/ENV/lib/python3.12/site-packages/airflow/example_dags/example_branch_labels.py
[2026-05-04T01:19:16.332+0300] {processor.py:925} INFO - DAG(s) 'example_branch_labels' retrieved from /home/nikita/airflow-setup/ENV/lib/python3.12/site-packages/airflow/example_dags/example_branch_labels.py
[2026-05-04T01:19:16.344+0300] {logging_mixin.py:190} INFO - [2026-05-04T01:19:16.343+0300] {dag.py:3239} INFO - Sync 1 DAGs
[2026-05-04T01:19:16.359+0300] {logging_mixin.py:190} INFO - [2026-05-04T01:19:16.359+0300] {dag.py:4180} INFO - Setting next_dagrun for example_branch_labels to 2026-05-02 00:00:00+00:00, run_after=2026-05-03 00:00:00+00:00
[2026-05-04T01:19:16.376+0300] {processor.py:208} INFO - Processing /home/nikita/airflow-setup/ENV/lib/python3.12/site-packages/airflow/example_dags/example_branch_labels.py took 0.065 seconds
[2026-05-04T01:20:19.151+0300] {processor.py:186} INFO - Started process (PID=16586) to work on /home/nikita/airflow-setup/ENV/lib/python3.12/site-packages/airflow/example_dags/example_branch_labels.py
[2026-05-04T01:20:19.160+0300] {processor.py:914} INFO - Processing file /home/nikita/airflow-setup/ENV/lib/python3.12/site-packages/airflow/example_dags/example_branch_labels.py for tasks to queue
[2026-05-04T01:20:19.161+0300] {logging_mixin.py:190} INFO - [2026-05-04T01:20:19.160+0300] {dagbag.py:588} INFO - Filling up the DagBag from /home/nikita/airflow-setup/ENV/lib/python3.12/site-packages/airflow/example_dags/example_branch_labels.py
[2026-05-04T01:20:19.168+0300] {processor.py:925} INFO - DAG(s) 'example_branch_labels' retrieved from /home/nikita/airflow-setup/ENV/lib/python3.12/site-packages/airflow/example_dags/example_branch_labels.py
[2026-05-04T01:20:19.181+0300] {logging_mixin.py:190} INFO - [2026-05-04T01:20:19.181+0300] {dag.py:3239} INFO - Sync 1 DAGs
[2026-05-04T01:20:19.197+0300] {logging_mixin.py:190} INFO - [2026-05-04T01:20:19.197+0300] {dag.py:4180} INFO - Setting next_dagrun for example_branch_labels to 2026-05-02 00:00:00+00:00, run_after=2026-05-03 00:00:00+00:00
[2026-05-04T01:20:19.215+0300] {processor.py:208} INFO - Processing /home/nikita/airflow-setup/ENV/lib/python3.12/site-packages/airflow/example_dags/example_branch_labels.py took 0.067 seconds
[2026-05-04T01:21:26.387+0300] {processor.py:186} INFO - Started process (PID=16838) to work on /home/nikita/airflow-setup/ENV/lib/python3.12/site-packages/airflow/example_dags/example_branch_labels.py
[2026-05-04T01:21:26.388+0300] {processor.py:914} INFO - Processing file /home/nikita/airflow-setup/ENV/lib/python3.12/site-packages/airflow/example_dags/example_branch_labels.py for tasks to queue
[2026-05-04T01:21:26.389+0300] {logging_mixin.py:190} INFO - [2026-05-04T01:21:26.389+0300] {dagbag.py:588} INFO - Filling up the DagBag from /home/nikita/airflow-setup/ENV/lib/python3.12/site-packages/airflow/example_dags/example_branch_labels.py
[2026-05-04T01:21:26.397+0300] {processor.py:925} INFO - DAG(s) 'example_branch_labels' retrieved from /home/nikita/airflow-setup/ENV/lib/python3.12/site-packages/airflow/example_dags/example_branch_labels.py
[2026-05-04T01:21:26.411+0300] {logging_mixin.py:190} INFO - [2026-05-04T01:21:26.411+0300] {dag.py:3239} INFO - Sync 1 DAGs
[2026-05-04T01:21:26.434+0300] {logging_mixin.py:190} INFO - [2026-05-04T01:21:26.434+0300] {dag.py:4180} INFO - Setting next_dagrun for example_branch_labels to 2026-05-02 00:00:00+00:00, run_after=2026-05-03 00:00:00+00:00
[2026-05-04T01:21:26.456+0300] {processor.py:208} INFO - Processing /home/nikita/airflow-setup/ENV/lib/python3.12/site-packages/airflow/example_dags/example_branch_labels.py took 0.073 seconds
[2026-05-04T01:22:38.002+0300] {processor.py:186} INFO - Started process (PID=17110) to work on /home/nikita/airflow-setup/ENV/lib/python3.12/site-packages/airflow/example_dags/example_branch_labels.py
[2026-05-04T01:22:38.011+0300] {processor.py:914} INFO - Processing file /home/nikita/airflow-setup/ENV/lib/python3.12/site-packages/airflow/example_dags/example_branch_labels.py for tasks to queue
[2026-05-04T01:22:38.012+0300] {logging_mixin.py:190} INFO - [2026-05-04T01:22:38.012+0300] {dagbag.py:588} INFO - Filling up the DagBag from /home/nikita/airflow-setup/ENV/lib/python3.12/site-packages/airflow/example_dags/example_branch_labels.py
[2026-05-04T01:22:38.019+0300] {processor.py:925} INFO - DAG(s) 'example_branch_labels' retrieved from /home/nikita/airflow-setup/ENV/lib/python3.12/site-packages/airflow/example_dags/example_branch_labels.py
[2026-05-04T01:22:38.032+0300] {logging_mixin.py:190} INFO - [2026-05-04T01:22:38.032+0300] {dag.py:3239} INFO - Sync 1 DAGs
[2026-05-04T01:22:38.048+0300] {logging_mixin.py:190} INFO - [2026-05-04T01:22:38.048+0300] {dag.py:4180} INFO - Setting next_dagrun for example_branch_labels to 2026-05-02 00:00:00+00:00, run_after=2026-05-03 00:00:00+00:00
[2026-05-04T01:22:38.065+0300] {processor.py:208} INFO - Processing /home/nikita/airflow-setup/ENV/lib/python3.12/site-packages/airflow/example_dags/example_branch_labels.py took 0.067 seconds
[2026-05-04T01:23:46.795+0300] {processor.py:186} INFO - Started process (PID=17374) to work on /home/nikita/airflow-setup/ENV/lib/python3.12/site-packages/airflow/example_dags/example_branch_labels.py
[2026-05-04T01:23:46.804+0300] {processor.py:914} INFO - Processing file /home/nikita/airflow-setup/ENV/lib/python3.12/site-packages/airflow/example_dags/example_branch_labels.py for tasks to queue
[2026-05-04T01:23:46.805+0300] {logging_mixin.py:190} INFO - [2026-05-04T01:23:46.804+0300] {dagbag.py:588} INFO - Filling up the DagBag from /home/nikita/airflow-setup/ENV/lib/python3.12/site-packages/airflow/example_dags/example_branch_labels.py
[2026-05-04T01:23:46.814+0300] {processor.py:925} INFO - DAG(s) 'example_branch_labels' retrieved from /home/nikita/airflow-setup/ENV/lib/python3.12/site-packages/airflow/example_dags/example_branch_labels.py
[2026-05-04T01:23:46.827+0300] {logging_mixin.py:190} INFO - [2026-05-04T01:23:46.827+0300] {dag.py:3239} INFO - Sync 1 DAGs
[2026-05-04T01:23:46.843+0300] {logging_mixin.py:190} INFO - [2026-05-04T01:23:46.843+0300] {dag.py:4180} INFO - Setting next_dagrun for example_branch_labels to 2026-05-02 00:00:00+00:00, run_after=2026-05-03 00:00:00+00:00
[2026-05-04T01:23:46.861+0300] {processor.py:208} INFO - Processing /home/nikita/airflow-setup/ENV/lib/python3.12/site-packages/airflow/example_dags/example_branch_labels.py took 0.071 seconds
[2026-05-04T01:24:52.890+0300] {processor.py:186} INFO - Started process (PID=17939) to work on /home/nikita/airflow-setup/ENV/lib/python3.12/site-packages/airflow/example_dags/example_branch_labels.py
[2026-05-04T01:24:52.892+0300] {processor.py:914} INFO - Processing file /home/nikita/airflow-setup/ENV/lib/python3.12/site-packages/airflow/example_dags/example_branch_labels.py for tasks to queue
[2026-05-04T01:24:52.897+0300] {logging_mixin.py:190} INFO - [2026-05-04T01:24:52.896+0300] {dagbag.py:588} INFO - Filling up the DagBag from /home/nikita/airflow-setup/ENV/lib/python3.12/site-packages/airflow/example_dags/example_branch_labels.py
[2026-05-04T01:24:52.917+0300] {processor.py:925} INFO - DAG(s) 'example_branch_labels' retrieved from /home/nikita/airflow-setup/ENV/lib/python3.12/site-packages/airflow/example_dags/example_branch_labels.py
[2026-05-04T01:24:52.939+0300] {logging_mixin.py:190} INFO - [2026-05-04T01:24:52.939+0300] {dag.py:3239} INFO - Sync 1 DAGs
[2026-05-04T01:24:53.090+0300] {logging_mixin.py:190} INFO - [2026-05-04T01:24:53.090+0300] {dag.py:4180} INFO - Setting next_dagrun for example_branch_labels to 2026-05-02 00:00:00+00:00, run_after=2026-05-03 00:00:00+00:00
[2026-05-04T01:24:53.111+0300] {processor.py:208} INFO - Processing /home/nikita/airflow-setup/ENV/lib/python3.12/site-packages/airflow/example_dags/example_branch_labels.py took 0.230 seconds
[2026-05-04T01:26:03.230+0300] {processor.py:186} INFO - Started process (PID=18561) to work on /home/nikita/airflow-setup/ENV/lib/python3.12/site-packages/airflow/example_dags/example_branch_labels.py
[2026-05-04T01:26:03.231+0300] {processor.py:914} INFO - Processing file /home/nikita/airflow-setup/ENV/lib/python3.12/site-packages/airflow/example_dags/example_branch_labels.py for tasks to queue
[2026-05-04T01:26:03.232+0300] {logging_mixin.py:190} INFO - [2026-05-04T01:26:03.232+0300] {dagbag.py:588} INFO - Filling up the DagBag from /home/nikita/airflow-setup/ENV/lib/python3.12/site-packages/airflow/example_dags/example_branch_labels.py
[2026-05-04T01:26:03.243+0300] {processor.py:925} INFO - DAG(s) 'example_branch_labels' retrieved from /home/nikita/airflow-setup/ENV/lib/python3.12/site-packages/airflow/example_dags/example_branch_labels.py
[2026-05-04T01:26:03.261+0300] {logging_mixin.py:190} INFO - [2026-05-04T01:26:03.261+0300] {dag.py:3239} INFO - Sync 1 DAGs
[2026-05-04T01:26:03.283+0300] {logging_mixin.py:190} INFO - [2026-05-04T01:26:03.283+0300] {dag.py:4180} INFO - Setting next_dagrun for example_branch_labels to 2026-05-02 00:00:00+00:00, run_after=2026-05-03 00:00:00+00:00
[2026-05-04T01:26:03.450+0300] {processor.py:208} INFO - Processing /home/nikita/airflow-setup/ENV/lib/python3.12/site-packages/airflow/example_dags/example_branch_labels.py took 0.226 seconds
[2026-05-04T01:27:14.476+0300] {processor.py:186} INFO - Started process (PID=19498) to work on /home/nikita/airflow-setup/ENV/lib/python3.12/site-packages/airflow/example_dags/example_branch_labels.py
[2026-05-04T01:27:14.485+0300] {processor.py:914} INFO - Processing file /home/nikita/airflow-setup/ENV/lib/python3.12/site-packages/airflow/example_dags/example_branch_labels.py for tasks to queue
[2026-05-04T01:27:14.486+0300] {logging_mixin.py:190} INFO - [2026-05-04T01:27:14.486+0300] {dagbag.py:588} INFO - Filling up the DagBag from /home/nikita/airflow-setup/ENV/lib/python3.12/site-packages/airflow/example_dags/example_branch_labels.py
[2026-05-04T01:27:14.495+0300] {processor.py:925} INFO - DAG(s) 'example_branch_labels' retrieved from /home/nikita/airflow-setup/ENV/lib/python3.12/site-packages/airflow/example_dags/example_branch_labels.py
[2026-05-04T01:27:14.515+0300] {logging_mixin.py:190} INFO - [2026-05-04T01:27:14.514+0300] {dag.py:3239} INFO - Sync 1 DAGs
[2026-05-04T01:27:14.535+0300] {logging_mixin.py:190} INFO - [2026-05-04T01:27:14.535+0300] {dag.py:4180} INFO - Setting next_dagrun for example_branch_labels to 2026-05-02 00:00:00+00:00, run_after=2026-05-03 00:00:00+00:00
[2026-05-04T01:27:14.553+0300] {processor.py:208} INFO - Processing /home/nikita/airflow-setup/ENV/lib/python3.12/site-packages/airflow/example_dags/example_branch_labels.py took 0.082 seconds
[2026-05-04T01:28:26.940+0300] {processor.py:186} INFO - Started process (PID=19769) to work on /home/nikita/airflow-setup/ENV/lib/python3.12/site-packages/airflow/example_dags/example_branch_labels.py
[2026-05-04T01:28:26.942+0300] {processor.py:914} INFO - Processing file /home/nikita/airflow-setup/ENV/lib/python3.12/site-packages/airflow/example_dags/example_branch_labels.py for tasks to queue
[2026-05-04T01:28:26.943+0300] {logging_mixin.py:190} INFO - [2026-05-04T01:28:26.942+0300] {dagbag.py:588} INFO - Filling up the DagBag from /home/nikita/airflow-setup/ENV/lib/python3.12/site-packages/airflow/example_dags/example_branch_labels.py
[2026-05-04T01:28:26.954+0300] {processor.py:925} INFO - DAG(s) 'example_branch_labels' retrieved from /home/nikita/airflow-setup/ENV/lib/python3.12/site-packages/airflow/example_dags/example_branch_labels.py
[2026-05-04T01:28:26.970+0300] {logging_mixin.py:190} INFO - [2026-05-04T01:28:26.970+0300] {dag.py:3239} INFO - Sync 1 DAGs
[2026-05-04T01:28:26.986+0300] {logging_mixin.py:190} INFO - [2026-05-04T01:28:26.985+0300] {dag.py:4180} INFO - Setting next_dagrun for example_branch_labels to 2026-05-02 00:00:00+00:00, run_after=2026-05-03 00:00:00+00:00
[2026-05-04T01:28:27.002+0300] {processor.py:208} INFO - Processing /home/nikita/airflow-setup/ENV/lib/python3.12/site-packages/airflow/example_dags/example_branch_labels.py took 0.067 seconds
[2026-05-04T01:29:35.337+0300] {processor.py:186} INFO - Started process (PID=20031) to work on /home/nikita/airflow-setup/ENV/lib/python3.12/site-packages/airflow/example_dags/example_branch_labels.py
[2026-05-04T01:29:35.345+0300] {processor.py:914} INFO - Processing file /home/nikita/airflow-setup/ENV/lib/python3.12/site-packages/airflow/example_dags/example_branch_labels.py for tasks to queue
[2026-05-04T01:29:35.346+0300] {logging_mixin.py:190} INFO - [2026-05-04T01:29:35.346+0300] {dagbag.py:588} INFO - Filling up the DagBag from /home/nikita/airflow-setup/ENV/lib/python3.12/site-packages/airflow/example_dags/example_branch_labels.py
[2026-05-04T01:29:35.354+0300] {processor.py:925} INFO - DAG(s) 'example_branch_labels' retrieved from /home/nikita/airflow-setup/ENV/lib/python3.12/site-packages/airflow/example_dags/example_branch_labels.py
[2026-05-04T01:29:35.366+0300] {logging_mixin.py:190} INFO - [2026-05-04T01:29:35.366+0300] {dag.py:3239} INFO - Sync 1 DAGs
[2026-05-04T01:29:35.512+0300] {logging_mixin.py:190} INFO - [2026-05-04T01:29:35.512+0300] {dag.py:4180} INFO - Setting next_dagrun for example_branch_labels to 2026-05-02 00:00:00+00:00, run_after=2026-05-03 00:00:00+00:00
[2026-05-04T01:29:35.527+0300] {processor.py:208} INFO - Processing /home/nikita/airflow-setup/ENV/lib/python3.12/site-packages/airflow/example_dags/example_branch_labels.py took 0.195 seconds
[2026-05-04T01:30:48.055+0300] {processor.py:186} INFO - Started process (PID=20302) to work on /home/nikita/airflow-setup/ENV/lib/python3.12/site-packages/airflow/example_dags/example_branch_labels.py
[2026-05-04T01:30:48.057+0300] {processor.py:914} INFO - Processing file /home/nikita/airflow-setup/ENV/lib/python3.12/site-packages/airflow/example_dags/example_branch_labels.py for tasks to queue
[2026-05-04T01:30:48.058+0300] {logging_mixin.py:190} INFO - [2026-05-04T01:30:48.058+0300] {dagbag.py:588} INFO - Filling up the DagBag from /home/nikita/airflow-setup/ENV/lib/python3.12/site-packages/airflow/example_dags/example_branch_labels.py
[2026-05-04T01:30:48.066+0300] {processor.py:925} INFO - DAG(s) 'example_branch_labels' retrieved from /home/nikita/airflow-setup/ENV/lib/python3.12/site-packages/airflow/example_dags/example_branch_labels.py
[2026-05-04T01:30:48.079+0300] {logging_mixin.py:190} INFO - [2026-05-04T01:30:48.078+0300] {dag.py:3239} INFO - Sync 1 DAGs
[2026-05-04T01:30:48.098+0300] {logging_mixin.py:190} INFO - [2026-05-04T01:30:48.098+0300] {dag.py:4180} INFO - Setting next_dagrun for example_branch_labels to 2026-05-02 00:00:00+00:00, run_after=2026-05-03 00:00:00+00:00
[2026-05-04T01:30:48.244+0300] {processor.py:208} INFO - Processing /home/nikita/airflow-setup/ENV/lib/python3.12/site-packages/airflow/example_dags/example_branch_labels.py took 0.193 seconds
[2026-05-04T01:32:09.386+0300] {processor.py:186} INFO - Started process (PID=20600) to work on /home/nikita/airflow-setup/ENV/lib/python3.12/site-packages/airflow/example_dags/example_branch_labels.py
[2026-05-04T01:32:09.395+0300] {processor.py:914} INFO - Processing file /home/nikita/airflow-setup/ENV/lib/python3.12/site-packages/airflow/example_dags/example_branch_labels.py for tasks to queue
[2026-05-04T01:32:09.396+0300] {logging_mixin.py:190} INFO - [2026-05-04T01:32:09.396+0300] {dagbag.py:588} INFO - Filling up the DagBag from /home/nikita/airflow-setup/ENV/lib/python3.12/site-packages/airflow/example_dags/example_branch_labels.py
[2026-05-04T01:32:09.404+0300] {processor.py:925} INFO - DAG(s) 'example_branch_labels' retrieved from /home/nikita/airflow-setup/ENV/lib/python3.12/site-packages/airflow/example_dags/example_branch_labels.py
[2026-05-04T01:32:09.418+0300] {logging_mixin.py:190} INFO - [2026-05-04T01:32:09.418+0300] {dag.py:3239} INFO - Sync 1 DAGs
[2026-05-04T01:32:09.434+0300] {logging_mixin.py:190} INFO - [2026-05-04T01:32:09.434+0300] {dag.py:4180} INFO - Setting next_dagrun for example_branch_labels to 2026-05-02 00:00:00+00:00, run_after=2026-05-03 00:00:00+00:00
[2026-05-04T01:32:09.451+0300] {processor.py:208} INFO - Processing /home/nikita/airflow-setup/ENV/lib/python3.12/site-packages/airflow/example_dags/example_branch_labels.py took 0.069 seconds
[2026-05-04T01:33:19.984+0300] {processor.py:186} INFO - Started process (PID=21012) to work on /home/nikita/airflow-setup/ENV/lib/python3.12/site-packages/airflow/example_dags/example_branch_labels.py
[2026-05-04T01:33:19.985+0300] {processor.py:914} INFO - Processing file /home/nikita/airflow-setup/ENV/lib/python3.12/site-packages/airflow/example_dags/example_branch_labels.py for tasks to queue
[2026-05-04T01:33:19.986+0300] {logging_mixin.py:190} INFO - [2026-05-04T01:33:19.986+0300] {dagbag.py:588} INFO - Filling up the DagBag from /home/nikita/airflow-setup/ENV/lib/python3.12/site-packages/airflow/example_dags/example_branch_labels.py
[2026-05-04T01:33:19.995+0300] {processor.py:925} INFO - DAG(s) 'example_branch_labels' retrieved from /home/nikita/airflow-setup/ENV/lib/python3.12/site-packages/airflow/example_dags/example_branch_labels.py
[2026-05-04T01:33:20.013+0300] {logging_mixin.py:190} INFO - [2026-05-04T01:33:20.013+0300] {dag.py:3239} INFO - Sync 1 DAGs
[2026-05-04T01:33:20.032+0300] {logging_mixin.py:190} INFO - [2026-05-04T01:33:20.032+0300] {dag.py:4180} INFO - Setting next_dagrun for example_branch_labels to 2026-05-02 00:00:00+00:00, run_after=2026-05-03 00:00:00+00:00
[2026-05-04T01:33:20.048+0300] {processor.py:208} INFO - Processing /home/nikita/airflow-setup/ENV/lib/python3.12/site-packages/airflow/example_dags/example_branch_labels.py took 0.069 seconds
[2026-05-04T01:34:22.940+0300] {processor.py:186} INFO - Started process (PID=21384) to work on /home/nikita/airflow-setup/ENV/lib/python3.12/site-packages/airflow/example_dags/example_branch_labels.py
[2026-05-04T01:34:22.942+0300] {processor.py:914} INFO - Processing file /home/nikita/airflow-setup/ENV/lib/python3.12/site-packages/airflow/example_dags/example_branch_labels.py for tasks to queue
[2026-05-04T01:34:22.943+0300] {logging_mixin.py:190} INFO - [2026-05-04T01:34:22.943+0300] {dagbag.py:588} INFO - Filling up the DagBag from /home/nikita/airflow-setup/ENV/lib/python3.12/site-packages/airflow/example_dags/example_branch_labels.py
[2026-05-04T01:34:22.950+0300] {processor.py:925} INFO - DAG(s) 'example_branch_labels' retrieved from /home/nikita/airflow-setup/ENV/lib/python3.12/site-packages/airflow/example_dags/example_branch_labels.py
[2026-05-04T01:34:22.965+0300] {logging_mixin.py:190} INFO - [2026-05-04T01:34:22.964+0300] {dag.py:3239} INFO - Sync 1 DAGs
[2026-05-04T01:34:22.982+0300] {logging_mixin.py:190} INFO - [2026-05-04T01:34:22.982+0300] {dag.py:4180} INFO - Setting next_dagrun for example_branch_labels to 2026-05-02 00:00:00+00:00, run_after=2026-05-03 00:00:00+00:00
[2026-05-04T01:34:22.999+0300] {processor.py:208} INFO - Processing /home/nikita/airflow-setup/ENV/lib/python3.12/site-packages/airflow/example_dags/example_branch_labels.py took 0.063 seconds
[2026-05-04T01:35:27.579+0300] {processor.py:186} INFO - Started process (PID=21632) to work on /home/nikita/airflow-setup/ENV/lib/python3.12/site-packages/airflow/example_dags/example_branch_labels.py
[2026-05-04T01:35:27.587+0300] {processor.py:914} INFO - Processing file /home/nikita/airflow-setup/ENV/lib/python3.12/site-packages/airflow/example_dags/example_branch_labels.py for tasks to queue
[2026-05-04T01:35:27.588+0300] {logging_mixin.py:190} INFO - [2026-05-04T01:35:27.588+0300] {dagbag.py:588} INFO - Filling up the DagBag from /home/nikita/airflow-setup/ENV/lib/python3.12/site-packages/airflow/example_dags/example_branch_labels.py
[2026-05-04T01:35:27.596+0300] {processor.py:925} INFO - DAG(s) 'example_branch_labels' retrieved from /home/nikita/airflow-setup/ENV/lib/python3.12/site-packages/airflow/example_dags/example_branch_labels.py
[2026-05-04T01:35:27.609+0300] {logging_mixin.py:190} INFO - [2026-05-04T01:35:27.609+0300] {dag.py:3239} INFO - Sync 1 DAGs
[2026-05-04T01:35:27.627+0300] {logging_mixin.py:190} INFO - [2026-05-04T01:35:27.627+0300] {dag.py:4180} INFO - Setting next_dagrun for example_branch_labels to 2026-05-02 00:00:00+00:00, run_after=2026-05-03 00:00:00+00:00
[2026-05-04T01:35:27.644+0300] {processor.py:208} INFO - Processing /home/nikita/airflow-setup/ENV/lib/python3.12/site-packages/airflow/example_dags/example_branch_labels.py took 0.070 seconds
