[2026-05-04T00:46:05.630+0300] {processor.py:186} INFO - Started process (PID=5965) to work on /home/nikita/airflow-setup/ENV/lib/python3.12/site-packages/airflow/example_dags/example_xcomargs.py
[2026-05-04T00:46:05.630+0300] {processor.py:914} INFO - Processing file /home/nikita/airflow-setup/ENV/lib/python3.12/site-packages/airflow/example_dags/example_xcomargs.py for tasks to queue
[2026-05-04T00:46:05.632+0300] {logging_mixin.py:190} INFO - [2026-05-04T00:46:05.632+0300] {dagbag.py:588} INFO - Filling up the DagBag from /home/nikita/airflow-setup/ENV/lib/python3.12/site-packages/airflow/example_dags/example_xcomargs.py
[2026-05-04T00:46:05.641+0300] {processor.py:925} INFO - DAG(s) 'example_xcom_args', 'example_xcom_args_with_operators' retrieved from /home/nikita/airflow-setup/ENV/lib/python3.12/site-packages/airflow/example_dags/example_xcomargs.py
[2026-05-04T00:46:05.724+0300] {logging_mixin.py:190} INFO - [2026-05-04T00:46:05.724+0300] {override.py:1930} INFO - Created Permission View: can read on DAG:example_xcom_args
[2026-05-04T00:46:05.734+0300] {logging_mixin.py:190} INFO - [2026-05-04T00:46:05.734+0300] {override.py:1930} INFO - Created Permission View: can delete on DAG:example_xcom_args
[2026-05-04T00:46:05.741+0300] {logging_mixin.py:190} INFO - [2026-05-04T00:46:05.741+0300] {override.py:1930} INFO - Created Permission View: can edit on DAG:example_xcom_args
[2026-05-04T00:46:05.753+0300] {logging_mixin.py:190} INFO - [2026-05-04T00:46:05.753+0300] {override.py:1930} INFO - Created Permission View: can read on DAG Run:example_xcom_args
[2026-05-04T00:46:05.761+0300] {logging_mixin.py:190} INFO - [2026-05-04T00:46:05.760+0300] {override.py:1930} INFO - Created Permission View: can delete on DAG Run:example_xcom_args
[2026-05-04T00:46:05.768+0300] {logging_mixin.py:190} INFO - [2026-05-04T00:46:05.768+0300] {override.py:1930} INFO - Created Permission View: menu access on DAG Run:example_xcom_args
[2026-05-04T00:46:05.777+0300] {logging_mixin.py:190} INFO - [2026-05-04T00:46:05.776+0300] {override.py:1930} INFO - Created Permission View: can create on DAG Run:example_xcom_args
[2026-05-04T00:46:05.796+0300] {logging_mixin.py:190} INFO - [2026-05-04T00:46:05.795+0300] {override.py:1930} INFO - Created Permission View: can read on DAG:example_xcom_args_with_operators
[2026-05-04T00:46:05.803+0300] {logging_mixin.py:190} INFO - [2026-05-04T00:46:05.803+0300] {override.py:1930} INFO - Created Permission View: can delete on DAG:example_xcom_args_with_operators
[2026-05-04T00:46:05.809+0300] {logging_mixin.py:190} INFO - [2026-05-04T00:46:05.809+0300] {override.py:1930} INFO - Created Permission View: can edit on DAG:example_xcom_args_with_operators
[2026-05-04T00:46:05.820+0300] {logging_mixin.py:190} INFO - [2026-05-04T00:46:05.819+0300] {override.py:1930} INFO - Created Permission View: can read on DAG Run:example_xcom_args_with_operators
[2026-05-04T00:46:05.826+0300] {logging_mixin.py:190} INFO - [2026-05-04T00:46:05.826+0300] {override.py:1930} INFO - Created Permission View: can delete on DAG Run:example_xcom_args_with_operators
[2026-05-04T00:46:05.833+0300] {logging_mixin.py:190} INFO - [2026-05-04T00:46:05.832+0300] {override.py:1930} INFO - Created Permission View: menu access on DAG Run:example_xcom_args_with_operators
[2026-05-04T00:46:05.838+0300] {logging_mixin.py:190} INFO - [2026-05-04T00:46:05.838+0300] {override.py:1930} INFO - Created Permission View: can create on DAG Run:example_xcom_args_with_operators
[2026-05-04T00:46:05.839+0300] {logging_mixin.py:190} INFO - [2026-05-04T00:46:05.838+0300] {dag.py:3239} INFO - Sync 2 DAGs
[2026-05-04T00:46:05.847+0300] {logging_mixin.py:190} INFO - [2026-05-04T00:46:05.847+0300] {dag.py:3262} INFO - Creating ORM DAG for example_xcom_args_with_operators
[2026-05-04T00:46:05.847+0300] {logging_mixin.py:190} INFO - [2026-05-04T00:46:05.847+0300] {dag.py:3262} INFO - Creating ORM DAG for example_xcom_args
[2026-05-04T00:46:05.848+0300] {logging_mixin.py:190} INFO - [2026-05-04T00:46:05.848+0300] {dag.py:4180} INFO - Setting next_dagrun for example_xcom_args to None, run_after=None
[2026-05-04T00:46:05.848+0300] {logging_mixin.py:190} INFO - [2026-05-04T00:46:05.848+0300] {dag.py:4180} INFO - Setting next_dagrun for example_xcom_args_with_operators to None, run_after=None
[2026-05-04T00:46:05.863+0300] {processor.py:208} INFO - Processing /home/nikita/airflow-setup/ENV/lib/python3.12/site-packages/airflow/example_dags/example_xcomargs.py took 0.237 seconds
[2026-05-04T00:47:13.615+0300] {processor.py:186} INFO - Started process (PID=6026) to work on /home/nikita/airflow-setup/ENV/lib/python3.12/site-packages/airflow/example_dags/example_xcomargs.py
[2026-05-04T00:47:13.616+0300] {processor.py:914} INFO - Processing file /home/nikita/airflow-setup/ENV/lib/python3.12/site-packages/airflow/example_dags/example_xcomargs.py for tasks to queue
[2026-05-04T00:47:13.618+0300] {logging_mixin.py:190} INFO - [2026-05-04T00:47:13.618+0300] {dagbag.py:588} INFO - Filling up the DagBag from /home/nikita/airflow-setup/ENV/lib/python3.12/site-packages/airflow/example_dags/example_xcomargs.py
[2026-05-04T00:47:13.626+0300] {processor.py:925} INFO - DAG(s) 'example_xcom_args', 'example_xcom_args_with_operators' retrieved from /home/nikita/airflow-setup/ENV/lib/python3.12/site-packages/airflow/example_dags/example_xcomargs.py
[2026-05-04T00:47:13.640+0300] {logging_mixin.py:190} INFO - [2026-05-04T00:47:13.640+0300] {dag.py:3239} INFO - Sync 2 DAGs
[2026-05-04T00:47:13.651+0300] {logging_mixin.py:190} INFO - [2026-05-04T00:47:13.650+0300] {dag.py:4180} INFO - Setting next_dagrun for example_xcom_args to None, run_after=None
[2026-05-04T00:47:13.653+0300] {logging_mixin.py:190} INFO - [2026-05-04T00:47:13.653+0300] {dag.py:4180} INFO - Setting next_dagrun for example_xcom_args_with_operators to None, run_after=None
[2026-05-04T00:47:13.668+0300] {processor.py:208} INFO - Processing /home/nikita/airflow-setup/ENV/lib/python3.12/site-packages/airflow/example_dags/example_xcomargs.py took 0.058 seconds
[2026-05-04T00:48:12.548+0300] {processor.py:186} INFO - Started process (PID=6100) to work on /home/nikita/airflow-setup/ENV/lib/python3.12/site-packages/airflow/example_dags/example_xcomargs.py
[2026-05-04T00:48:12.558+0300] {processor.py:914} INFO - Processing file /home/nikita/airflow-setup/ENV/lib/python3.12/site-packages/airflow/example_dags/example_xcomargs.py for tasks to queue
[2026-05-04T00:48:12.559+0300] {logging_mixin.py:190} INFO - [2026-05-04T00:48:12.559+0300] {dagbag.py:588} INFO - Filling up the DagBag from /home/nikita/airflow-setup/ENV/lib/python3.12/site-packages/airflow/example_dags/example_xcomargs.py
[2026-05-04T00:48:12.567+0300] {processor.py:925} INFO - DAG(s) 'example_xcom_args', 'example_xcom_args_with_operators' retrieved from /home/nikita/airflow-setup/ENV/lib/python3.12/site-packages/airflow/example_dags/example_xcomargs.py
[2026-05-04T00:48:12.580+0300] {logging_mixin.py:190} INFO - [2026-05-04T00:48:12.580+0300] {dag.py:3239} INFO - Sync 2 DAGs
[2026-05-04T00:48:12.590+0300] {logging_mixin.py:190} INFO - [2026-05-04T00:48:12.589+0300] {dag.py:4180} INFO - Setting next_dagrun for example_xcom_args to None, run_after=None
[2026-05-04T00:48:12.592+0300] {logging_mixin.py:190} INFO - [2026-05-04T00:48:12.592+0300] {dag.py:4180} INFO - Setting next_dagrun for example_xcom_args_with_operators to None, run_after=None
[2026-05-04T00:48:12.607+0300] {processor.py:208} INFO - Processing /home/nikita/airflow-setup/ENV/lib/python3.12/site-packages/airflow/example_dags/example_xcomargs.py took 0.063 seconds
[2026-05-04T00:49:13.067+0300] {processor.py:186} INFO - Started process (PID=6158) to work on /home/nikita/airflow-setup/ENV/lib/python3.12/site-packages/airflow/example_dags/example_xcomargs.py
[2026-05-04T00:49:13.076+0300] {processor.py:914} INFO - Processing file /home/nikita/airflow-setup/ENV/lib/python3.12/site-packages/airflow/example_dags/example_xcomargs.py for tasks to queue
[2026-05-04T00:49:13.077+0300] {logging_mixin.py:190} INFO - [2026-05-04T00:49:13.077+0300] {dagbag.py:588} INFO - Filling up the DagBag from /home/nikita/airflow-setup/ENV/lib/python3.12/site-packages/airflow/example_dags/example_xcomargs.py
[2026-05-04T00:49:13.085+0300] {processor.py:925} INFO - DAG(s) 'example_xcom_args', 'example_xcom_args_with_operators' retrieved from /home/nikita/airflow-setup/ENV/lib/python3.12/site-packages/airflow/example_dags/example_xcomargs.py
[2026-05-04T00:49:13.100+0300] {logging_mixin.py:190} INFO - [2026-05-04T00:49:13.099+0300] {dag.py:3239} INFO - Sync 2 DAGs
[2026-05-04T00:49:13.109+0300] {logging_mixin.py:190} INFO - [2026-05-04T00:49:13.109+0300] {dag.py:4180} INFO - Setting next_dagrun for example_xcom_args to None, run_after=None
[2026-05-04T00:49:13.111+0300] {logging_mixin.py:190} INFO - [2026-05-04T00:49:13.111+0300] {dag.py:4180} INFO - Setting next_dagrun for example_xcom_args_with_operators to None, run_after=None
[2026-05-04T00:49:13.127+0300] {processor.py:208} INFO - Processing /home/nikita/airflow-setup/ENV/lib/python3.12/site-packages/airflow/example_dags/example_xcomargs.py took 0.064 seconds
[2026-05-04T00:50:10.532+0300] {processor.py:186} INFO - Started process (PID=6219) to work on /home/nikita/airflow-setup/ENV/lib/python3.12/site-packages/airflow/example_dags/example_xcomargs.py
[2026-05-04T00:50:10.541+0300] {processor.py:914} INFO - Processing file /home/nikita/airflow-setup/ENV/lib/python3.12/site-packages/airflow/example_dags/example_xcomargs.py for tasks to queue
[2026-05-04T00:50:10.542+0300] {logging_mixin.py:190} INFO - [2026-05-04T00:50:10.542+0300] {dagbag.py:588} INFO - Filling up the DagBag from /home/nikita/airflow-setup/ENV/lib/python3.12/site-packages/airflow/example_dags/example_xcomargs.py
[2026-05-04T00:50:10.550+0300] {processor.py:925} INFO - DAG(s) 'example_xcom_args_with_operators', 'example_xcom_args' retrieved from /home/nikita/airflow-setup/ENV/lib/python3.12/site-packages/airflow/example_dags/example_xcomargs.py
[2026-05-04T00:50:10.564+0300] {logging_mixin.py:190} INFO - [2026-05-04T00:50:10.564+0300] {dag.py:3239} INFO - Sync 2 DAGs
[2026-05-04T00:50:10.574+0300] {logging_mixin.py:190} INFO - [2026-05-04T00:50:10.573+0300] {dag.py:4180} INFO - Setting next_dagrun for example_xcom_args to None, run_after=None
[2026-05-04T00:50:10.576+0300] {logging_mixin.py:190} INFO - [2026-05-04T00:50:10.575+0300] {dag.py:4180} INFO - Setting next_dagrun for example_xcom_args_with_operators to None, run_after=None
[2026-05-04T00:50:10.592+0300] {processor.py:208} INFO - Processing /home/nikita/airflow-setup/ENV/lib/python3.12/site-packages/airflow/example_dags/example_xcomargs.py took 0.064 seconds
[2026-05-04T00:51:07.302+0300] {processor.py:186} INFO - Started process (PID=6297) to work on /home/nikita/airflow-setup/ENV/lib/python3.12/site-packages/airflow/example_dags/example_xcomargs.py
[2026-05-04T00:51:07.311+0300] {processor.py:914} INFO - Processing file /home/nikita/airflow-setup/ENV/lib/python3.12/site-packages/airflow/example_dags/example_xcomargs.py for tasks to queue
[2026-05-04T00:51:07.313+0300] {logging_mixin.py:190} INFO - [2026-05-04T00:51:07.313+0300] {dagbag.py:588} INFO - Filling up the DagBag from /home/nikita/airflow-setup/ENV/lib/python3.12/site-packages/airflow/example_dags/example_xcomargs.py
[2026-05-04T00:51:07.322+0300] {processor.py:925} INFO - DAG(s) 'example_xcom_args', 'example_xcom_args_with_operators' retrieved from /home/nikita/airflow-setup/ENV/lib/python3.12/site-packages/airflow/example_dags/example_xcomargs.py
[2026-05-04T00:51:07.348+0300] {logging_mixin.py:190} INFO - [2026-05-04T00:51:07.348+0300] {dag.py:3239} INFO - Sync 2 DAGs
[2026-05-04T00:51:07.372+0300] {logging_mixin.py:190} INFO - [2026-05-04T00:51:07.371+0300] {dag.py:4180} INFO - Setting next_dagrun for example_xcom_args to None, run_after=None
[2026-05-04T00:51:07.379+0300] {logging_mixin.py:190} INFO - [2026-05-04T00:51:07.378+0300] {dag.py:4180} INFO - Setting next_dagrun for example_xcom_args_with_operators to None, run_after=None
[2026-05-04T00:51:07.416+0300] {processor.py:208} INFO - Processing /home/nikita/airflow-setup/ENV/lib/python3.12/site-packages/airflow/example_dags/example_xcomargs.py took 0.119 seconds
[2026-05-04T00:52:03.893+0300] {processor.py:186} INFO - Started process (PID=6351) to work on /home/nikita/airflow-setup/ENV/lib/python3.12/site-packages/airflow/example_dags/example_xcomargs.py
[2026-05-04T00:52:03.902+0300] {processor.py:914} INFO - Processing file /home/nikita/airflow-setup/ENV/lib/python3.12/site-packages/airflow/example_dags/example_xcomargs.py for tasks to queue
[2026-05-04T00:52:03.904+0300] {logging_mixin.py:190} INFO - [2026-05-04T00:52:03.904+0300] {dagbag.py:588} INFO - Filling up the DagBag from /home/nikita/airflow-setup/ENV/lib/python3.12/site-packages/airflow/example_dags/example_xcomargs.py
[2026-05-04T00:52:03.912+0300] {processor.py:925} INFO - DAG(s) 'example_xcom_args', 'example_xcom_args_with_operators' retrieved from /home/nikita/airflow-setup/ENV/lib/python3.12/site-packages/airflow/example_dags/example_xcomargs.py
[2026-05-04T00:52:03.925+0300] {logging_mixin.py:190} INFO - [2026-05-04T00:52:03.925+0300] {dag.py:3239} INFO - Sync 2 DAGs
[2026-05-04T00:52:03.935+0300] {logging_mixin.py:190} INFO - [2026-05-04T00:52:03.935+0300] {dag.py:4180} INFO - Setting next_dagrun for example_xcom_args to None, run_after=None
[2026-05-04T00:52:03.937+0300] {logging_mixin.py:190} INFO - [2026-05-04T00:52:03.937+0300] {dag.py:4180} INFO - Setting next_dagrun for example_xcom_args_with_operators to None, run_after=None
[2026-05-04T00:52:03.956+0300] {processor.py:208} INFO - Processing /home/nikita/airflow-setup/ENV/lib/python3.12/site-packages/airflow/example_dags/example_xcomargs.py took 0.067 seconds
[2026-05-04T00:53:05.885+0300] {processor.py:186} INFO - Started process (PID=6430) to work on /home/nikita/airflow-setup/ENV/lib/python3.12/site-packages/airflow/example_dags/example_xcomargs.py
[2026-05-04T00:53:05.886+0300] {processor.py:914} INFO - Processing file /home/nikita/airflow-setup/ENV/lib/python3.12/site-packages/airflow/example_dags/example_xcomargs.py for tasks to queue
[2026-05-04T00:53:05.887+0300] {logging_mixin.py:190} INFO - [2026-05-04T00:53:05.887+0300] {dagbag.py:588} INFO - Filling up the DagBag from /home/nikita/airflow-setup/ENV/lib/python3.12/site-packages/airflow/example_dags/example_xcomargs.py
[2026-05-04T00:53:05.896+0300] {processor.py:925} INFO - DAG(s) 'example_xcom_args_with_operators', 'example_xcom_args' retrieved from /home/nikita/airflow-setup/ENV/lib/python3.12/site-packages/airflow/example_dags/example_xcomargs.py
[2026-05-04T00:53:05.908+0300] {logging_mixin.py:190} INFO - [2026-05-04T00:53:05.908+0300] {dag.py:3239} INFO - Sync 2 DAGs
[2026-05-04T00:53:05.917+0300] {logging_mixin.py:190} INFO - [2026-05-04T00:53:05.917+0300] {dag.py:4180} INFO - Setting next_dagrun for example_xcom_args to None, run_after=None
[2026-05-04T00:53:05.919+0300] {logging_mixin.py:190} INFO - [2026-05-04T00:53:05.919+0300] {dag.py:4180} INFO - Setting next_dagrun for example_xcom_args_with_operators to None, run_after=None
[2026-05-04T00:53:05.935+0300] {processor.py:208} INFO - Processing /home/nikita/airflow-setup/ENV/lib/python3.12/site-packages/airflow/example_dags/example_xcomargs.py took 0.054 seconds
[2026-05-04T00:54:06.298+0300] {processor.py:186} INFO - Started process (PID=6487) to work on /home/nikita/airflow-setup/ENV/lib/python3.12/site-packages/airflow/example_dags/example_xcomargs.py
[2026-05-04T00:54:06.300+0300] {processor.py:914} INFO - Processing file /home/nikita/airflow-setup/ENV/lib/python3.12/site-packages/airflow/example_dags/example_xcomargs.py for tasks to queue
[2026-05-04T00:54:06.302+0300] {logging_mixin.py:190} INFO - [2026-05-04T00:54:06.301+0300] {dagbag.py:588} INFO - Filling up the DagBag from /home/nikita/airflow-setup/ENV/lib/python3.12/site-packages/airflow/example_dags/example_xcomargs.py
[2026-05-04T00:54:06.310+0300] {processor.py:925} INFO - DAG(s) 'example_xcom_args', 'example_xcom_args_with_operators' retrieved from /home/nikita/airflow-setup/ENV/lib/python3.12/site-packages/airflow/example_dags/example_xcomargs.py
[2026-05-04T00:54:06.323+0300] {logging_mixin.py:190} INFO - [2026-05-04T00:54:06.322+0300] {dag.py:3239} INFO - Sync 2 DAGs
[2026-05-04T00:54:06.332+0300] {logging_mixin.py:190} INFO - [2026-05-04T00:54:06.331+0300] {dag.py:4180} INFO - Setting next_dagrun for example_xcom_args to None, run_after=None
[2026-05-04T00:54:06.334+0300] {logging_mixin.py:190} INFO - [2026-05-04T00:54:06.334+0300] {dag.py:4180} INFO - Setting next_dagrun for example_xcom_args_with_operators to None, run_after=None
[2026-05-04T00:54:06.348+0300] {processor.py:208} INFO - Processing /home/nikita/airflow-setup/ENV/lib/python3.12/site-packages/airflow/example_dags/example_xcomargs.py took 0.054 seconds
[2026-05-04T00:55:10.323+0300] {processor.py:186} INFO - Started process (PID=6556) to work on /home/nikita/airflow-setup/ENV/lib/python3.12/site-packages/airflow/example_dags/example_xcomargs.py
[2026-05-04T00:55:10.324+0300] {processor.py:914} INFO - Processing file /home/nikita/airflow-setup/ENV/lib/python3.12/site-packages/airflow/example_dags/example_xcomargs.py for tasks to queue
[2026-05-04T00:55:10.327+0300] {logging_mixin.py:190} INFO - [2026-05-04T00:55:10.326+0300] {dagbag.py:588} INFO - Filling up the DagBag from /home/nikita/airflow-setup/ENV/lib/python3.12/site-packages/airflow/example_dags/example_xcomargs.py
[2026-05-04T00:55:10.336+0300] {processor.py:925} INFO - DAG(s) 'example_xcom_args_with_operators', 'example_xcom_args' retrieved from /home/nikita/airflow-setup/ENV/lib/python3.12/site-packages/airflow/example_dags/example_xcomargs.py
[2026-05-04T00:55:10.353+0300] {logging_mixin.py:190} INFO - [2026-05-04T00:55:10.352+0300] {dag.py:3239} INFO - Sync 2 DAGs
[2026-05-04T00:55:10.365+0300] {logging_mixin.py:190} INFO - [2026-05-04T00:55:10.364+0300] {dag.py:4180} INFO - Setting next_dagrun for example_xcom_args to None, run_after=None
[2026-05-04T00:55:10.368+0300] {logging_mixin.py:190} INFO - [2026-05-04T00:55:10.368+0300] {dag.py:4180} INFO - Setting next_dagrun for example_xcom_args_with_operators to None, run_after=None
[2026-05-04T00:55:10.385+0300] {processor.py:208} INFO - Processing /home/nikita/airflow-setup/ENV/lib/python3.12/site-packages/airflow/example_dags/example_xcomargs.py took 0.068 seconds
[2026-05-04T00:56:11.401+0300] {processor.py:186} INFO - Started process (PID=6615) to work on /home/nikita/airflow-setup/ENV/lib/python3.12/site-packages/airflow/example_dags/example_xcomargs.py
[2026-05-04T00:56:11.409+0300] {processor.py:914} INFO - Processing file /home/nikita/airflow-setup/ENV/lib/python3.12/site-packages/airflow/example_dags/example_xcomargs.py for tasks to queue
[2026-05-04T00:56:11.411+0300] {logging_mixin.py:190} INFO - [2026-05-04T00:56:11.411+0300] {dagbag.py:588} INFO - Filling up the DagBag from /home/nikita/airflow-setup/ENV/lib/python3.12/site-packages/airflow/example_dags/example_xcomargs.py
[2026-05-04T00:56:11.420+0300] {processor.py:925} INFO - DAG(s) 'example_xcom_args', 'example_xcom_args_with_operators' retrieved from /home/nikita/airflow-setup/ENV/lib/python3.12/site-packages/airflow/example_dags/example_xcomargs.py
[2026-05-04T00:56:11.433+0300] {logging_mixin.py:190} INFO - [2026-05-04T00:56:11.433+0300] {dag.py:3239} INFO - Sync 2 DAGs
[2026-05-04T00:56:11.442+0300] {logging_mixin.py:190} INFO - [2026-05-04T00:56:11.442+0300] {dag.py:4180} INFO - Setting next_dagrun for example_xcom_args to None, run_after=None
[2026-05-04T00:56:11.445+0300] {logging_mixin.py:190} INFO - [2026-05-04T00:56:11.445+0300] {dag.py:4180} INFO - Setting next_dagrun for example_xcom_args_with_operators to None, run_after=None
[2026-05-04T00:56:11.461+0300] {processor.py:208} INFO - Processing /home/nikita/airflow-setup/ENV/lib/python3.12/site-packages/airflow/example_dags/example_xcomargs.py took 0.064 seconds
[2026-05-04T00:57:08.128+0300] {processor.py:186} INFO - Started process (PID=6982) to work on /home/nikita/airflow-setup/ENV/lib/python3.12/site-packages/airflow/example_dags/example_xcomargs.py
[2026-05-04T00:57:08.130+0300] {processor.py:914} INFO - Processing file /home/nikita/airflow-setup/ENV/lib/python3.12/site-packages/airflow/example_dags/example_xcomargs.py for tasks to queue
[2026-05-04T00:57:08.132+0300] {logging_mixin.py:190} INFO - [2026-05-04T00:57:08.132+0300] {dagbag.py:588} INFO - Filling up the DagBag from /home/nikita/airflow-setup/ENV/lib/python3.12/site-packages/airflow/example_dags/example_xcomargs.py
[2026-05-04T00:57:08.140+0300] {processor.py:925} INFO - DAG(s) 'example_xcom_args_with_operators', 'example_xcom_args' retrieved from /home/nikita/airflow-setup/ENV/lib/python3.12/site-packages/airflow/example_dags/example_xcomargs.py
[2026-05-04T00:57:08.153+0300] {logging_mixin.py:190} INFO - [2026-05-04T00:57:08.153+0300] {dag.py:3239} INFO - Sync 2 DAGs
[2026-05-04T00:57:08.163+0300] {logging_mixin.py:190} INFO - [2026-05-04T00:57:08.163+0300] {dag.py:4180} INFO - Setting next_dagrun for example_xcom_args to None, run_after=None
[2026-05-04T00:57:08.165+0300] {logging_mixin.py:190} INFO - [2026-05-04T00:57:08.165+0300] {dag.py:4180} INFO - Setting next_dagrun for example_xcom_args_with_operators to None, run_after=None
[2026-05-04T00:57:08.179+0300] {processor.py:208} INFO - Processing /home/nikita/airflow-setup/ENV/lib/python3.12/site-packages/airflow/example_dags/example_xcomargs.py took 0.055 seconds
[2026-05-04T00:58:09.018+0300] {processor.py:186} INFO - Started process (PID=7221) to work on /home/nikita/airflow-setup/ENV/lib/python3.12/site-packages/airflow/example_dags/example_xcomargs.py
[2026-05-04T00:58:09.026+0300] {processor.py:914} INFO - Processing file /home/nikita/airflow-setup/ENV/lib/python3.12/site-packages/airflow/example_dags/example_xcomargs.py for tasks to queue
[2026-05-04T00:58:09.028+0300] {logging_mixin.py:190} INFO - [2026-05-04T00:58:09.028+0300] {dagbag.py:588} INFO - Filling up the DagBag from /home/nikita/airflow-setup/ENV/lib/python3.12/site-packages/airflow/example_dags/example_xcomargs.py
[2026-05-04T00:58:09.036+0300] {processor.py:925} INFO - DAG(s) 'example_xcom_args_with_operators', 'example_xcom_args' retrieved from /home/nikita/airflow-setup/ENV/lib/python3.12/site-packages/airflow/example_dags/example_xcomargs.py
[2026-05-04T00:58:09.049+0300] {logging_mixin.py:190} INFO - [2026-05-04T00:58:09.049+0300] {dag.py:3239} INFO - Sync 2 DAGs
[2026-05-04T00:58:09.058+0300] {logging_mixin.py:190} INFO - [2026-05-04T00:58:09.058+0300] {dag.py:4180} INFO - Setting next_dagrun for example_xcom_args to None, run_after=None
[2026-05-04T00:58:09.060+0300] {logging_mixin.py:190} INFO - [2026-05-04T00:58:09.060+0300] {dag.py:4180} INFO - Setting next_dagrun for example_xcom_args_with_operators to None, run_after=None
[2026-05-04T00:58:09.076+0300] {processor.py:208} INFO - Processing /home/nikita/airflow-setup/ENV/lib/python3.12/site-packages/airflow/example_dags/example_xcomargs.py took 0.063 seconds
[2026-05-04T00:59:06.420+0300] {processor.py:186} INFO - Started process (PID=7440) to work on /home/nikita/airflow-setup/ENV/lib/python3.12/site-packages/airflow/example_dags/example_xcomargs.py
[2026-05-04T00:59:06.429+0300] {processor.py:914} INFO - Processing file /home/nikita/airflow-setup/ENV/lib/python3.12/site-packages/airflow/example_dags/example_xcomargs.py for tasks to queue
[2026-05-04T00:59:06.432+0300] {logging_mixin.py:190} INFO - [2026-05-04T00:59:06.431+0300] {dagbag.py:588} INFO - Filling up the DagBag from /home/nikita/airflow-setup/ENV/lib/python3.12/site-packages/airflow/example_dags/example_xcomargs.py
[2026-05-04T00:59:06.440+0300] {processor.py:925} INFO - DAG(s) 'example_xcom_args', 'example_xcom_args_with_operators' retrieved from /home/nikita/airflow-setup/ENV/lib/python3.12/site-packages/airflow/example_dags/example_xcomargs.py
[2026-05-04T00:59:06.455+0300] {logging_mixin.py:190} INFO - [2026-05-04T00:59:06.455+0300] {dag.py:3239} INFO - Sync 2 DAGs
[2026-05-04T00:59:06.465+0300] {logging_mixin.py:190} INFO - [2026-05-04T00:59:06.465+0300] {dag.py:4180} INFO - Setting next_dagrun for example_xcom_args to None, run_after=None
[2026-05-04T00:59:06.467+0300] {logging_mixin.py:190} INFO - [2026-05-04T00:59:06.467+0300] {dag.py:4180} INFO - Setting next_dagrun for example_xcom_args_with_operators to None, run_after=None
[2026-05-04T00:59:06.485+0300] {processor.py:208} INFO - Processing /home/nikita/airflow-setup/ENV/lib/python3.12/site-packages/airflow/example_dags/example_xcomargs.py took 0.069 seconds
[2026-05-04T01:00:05.649+0300] {processor.py:186} INFO - Started process (PID=8271) to work on /home/nikita/airflow-setup/ENV/lib/python3.12/site-packages/airflow/example_dags/example_xcomargs.py
[2026-05-04T01:00:05.659+0300] {processor.py:914} INFO - Processing file /home/nikita/airflow-setup/ENV/lib/python3.12/site-packages/airflow/example_dags/example_xcomargs.py for tasks to queue
[2026-05-04T01:00:05.661+0300] {logging_mixin.py:190} INFO - [2026-05-04T01:00:05.660+0300] {dagbag.py:588} INFO - Filling up the DagBag from /home/nikita/airflow-setup/ENV/lib/python3.12/site-packages/airflow/example_dags/example_xcomargs.py
[2026-05-04T01:00:05.669+0300] {processor.py:925} INFO - DAG(s) 'example_xcom_args', 'example_xcom_args_with_operators' retrieved from /home/nikita/airflow-setup/ENV/lib/python3.12/site-packages/airflow/example_dags/example_xcomargs.py
[2026-05-04T01:00:05.683+0300] {logging_mixin.py:190} INFO - [2026-05-04T01:00:05.682+0300] {dag.py:3239} INFO - Sync 2 DAGs
[2026-05-04T01:00:05.692+0300] {logging_mixin.py:190} INFO - [2026-05-04T01:00:05.692+0300] {dag.py:4180} INFO - Setting next_dagrun for example_xcom_args to None, run_after=None
[2026-05-04T01:00:05.694+0300] {logging_mixin.py:190} INFO - [2026-05-04T01:00:05.694+0300] {dag.py:4180} INFO - Setting next_dagrun for example_xcom_args_with_operators to None, run_after=None
[2026-05-04T01:00:05.709+0300] {processor.py:208} INFO - Processing /home/nikita/airflow-setup/ENV/lib/python3.12/site-packages/airflow/example_dags/example_xcomargs.py took 0.065 seconds
[2026-05-04T01:01:12.298+0300] {processor.py:186} INFO - Started process (PID=8631) to work on /home/nikita/airflow-setup/ENV/lib/python3.12/site-packages/airflow/example_dags/example_xcomargs.py
[2026-05-04T01:01:12.307+0300] {processor.py:914} INFO - Processing file /home/nikita/airflow-setup/ENV/lib/python3.12/site-packages/airflow/example_dags/example_xcomargs.py for tasks to queue
[2026-05-04T01:01:12.308+0300] {logging_mixin.py:190} INFO - [2026-05-04T01:01:12.307+0300] {dagbag.py:588} INFO - Filling up the DagBag from /home/nikita/airflow-setup/ENV/lib/python3.12/site-packages/airflow/example_dags/example_xcomargs.py
[2026-05-04T01:01:12.316+0300] {processor.py:925} INFO - DAG(s) 'example_xcom_args_with_operators', 'example_xcom_args' retrieved from /home/nikita/airflow-setup/ENV/lib/python3.12/site-packages/airflow/example_dags/example_xcomargs.py
[2026-05-04T01:01:12.330+0300] {logging_mixin.py:190} INFO - [2026-05-04T01:01:12.330+0300] {dag.py:3239} INFO - Sync 2 DAGs
[2026-05-04T01:01:12.341+0300] {logging_mixin.py:190} INFO - [2026-05-04T01:01:12.341+0300] {dag.py:4180} INFO - Setting next_dagrun for example_xcom_args to None, run_after=None
[2026-05-04T01:01:12.343+0300] {logging_mixin.py:190} INFO - [2026-05-04T01:01:12.343+0300] {dag.py:4180} INFO - Setting next_dagrun for example_xcom_args_with_operators to None, run_after=None
[2026-05-04T01:01:12.359+0300] {processor.py:208} INFO - Processing /home/nikita/airflow-setup/ENV/lib/python3.12/site-packages/airflow/example_dags/example_xcomargs.py took 0.065 seconds
[2026-05-04T01:02:20.270+0300] {processor.py:186} INFO - Started process (PID=9257) to work on /home/nikita/airflow-setup/ENV/lib/python3.12/site-packages/airflow/example_dags/example_xcomargs.py
[2026-05-04T01:02:20.271+0300] {processor.py:914} INFO - Processing file /home/nikita/airflow-setup/ENV/lib/python3.12/site-packages/airflow/example_dags/example_xcomargs.py for tasks to queue
[2026-05-04T01:02:20.272+0300] {logging_mixin.py:190} INFO - [2026-05-04T01:02:20.272+0300] {dagbag.py:588} INFO - Filling up the DagBag from /home/nikita/airflow-setup/ENV/lib/python3.12/site-packages/airflow/example_dags/example_xcomargs.py
[2026-05-04T01:02:20.280+0300] {processor.py:925} INFO - DAG(s) 'example_xcom_args', 'example_xcom_args_with_operators' retrieved from /home/nikita/airflow-setup/ENV/lib/python3.12/site-packages/airflow/example_dags/example_xcomargs.py
[2026-05-04T01:02:20.293+0300] {logging_mixin.py:190} INFO - [2026-05-04T01:02:20.293+0300] {dag.py:3239} INFO - Sync 2 DAGs
[2026-05-04T01:02:20.302+0300] {logging_mixin.py:190} INFO - [2026-05-04T01:02:20.302+0300] {dag.py:4180} INFO - Setting next_dagrun for example_xcom_args to None, run_after=None
[2026-05-04T01:02:20.304+0300] {logging_mixin.py:190} INFO - [2026-05-04T01:02:20.304+0300] {dag.py:4180} INFO - Setting next_dagrun for example_xcom_args_with_operators to None, run_after=None
[2026-05-04T01:02:20.319+0300] {processor.py:208} INFO - Processing /home/nikita/airflow-setup/ENV/lib/python3.12/site-packages/airflow/example_dags/example_xcomargs.py took 0.053 seconds
[2026-05-04T01:03:24.922+0300] {processor.py:186} INFO - Started process (PID=9691) to work on /home/nikita/airflow-setup/ENV/lib/python3.12/site-packages/airflow/example_dags/example_xcomargs.py
[2026-05-04T01:03:24.923+0300] {processor.py:914} INFO - Processing file /home/nikita/airflow-setup/ENV/lib/python3.12/site-packages/airflow/example_dags/example_xcomargs.py for tasks to queue
[2026-05-04T01:03:24.924+0300] {logging_mixin.py:190} INFO - [2026-05-04T01:03:24.923+0300] {dagbag.py:588} INFO - Filling up the DagBag from /home/nikita/airflow-setup/ENV/lib/python3.12/site-packages/airflow/example_dags/example_xcomargs.py
[2026-05-04T01:03:24.931+0300] {processor.py:925} INFO - DAG(s) 'example_xcom_args_with_operators', 'example_xcom_args' retrieved from /home/nikita/airflow-setup/ENV/lib/python3.12/site-packages/airflow/example_dags/example_xcomargs.py
[2026-05-04T01:03:24.943+0300] {logging_mixin.py:190} INFO - [2026-05-04T01:03:24.943+0300] {dag.py:3239} INFO - Sync 2 DAGs
[2026-05-04T01:03:24.954+0300] {logging_mixin.py:190} INFO - [2026-05-04T01:03:24.954+0300] {dag.py:4180} INFO - Setting next_dagrun for example_xcom_args to None, run_after=None
[2026-05-04T01:03:24.956+0300] {logging_mixin.py:190} INFO - [2026-05-04T01:03:24.956+0300] {dag.py:4180} INFO - Setting next_dagrun for example_xcom_args_with_operators to None, run_after=None
[2026-05-04T01:03:24.972+0300] {processor.py:208} INFO - Processing /home/nikita/airflow-setup/ENV/lib/python3.12/site-packages/airflow/example_dags/example_xcomargs.py took 0.054 seconds
[2026-05-04T01:04:26.646+0300] {processor.py:186} INFO - Started process (PID=9962) to work on /home/nikita/airflow-setup/ENV/lib/python3.12/site-packages/airflow/example_dags/example_xcomargs.py
[2026-05-04T01:04:26.655+0300] {processor.py:914} INFO - Processing file /home/nikita/airflow-setup/ENV/lib/python3.12/site-packages/airflow/example_dags/example_xcomargs.py for tasks to queue
[2026-05-04T01:04:26.657+0300] {logging_mixin.py:190} INFO - [2026-05-04T01:04:26.656+0300] {dagbag.py:588} INFO - Filling up the DagBag from /home/nikita/airflow-setup/ENV/lib/python3.12/site-packages/airflow/example_dags/example_xcomargs.py
[2026-05-04T01:04:26.665+0300] {processor.py:925} INFO - DAG(s) 'example_xcom_args', 'example_xcom_args_with_operators' retrieved from /home/nikita/airflow-setup/ENV/lib/python3.12/site-packages/airflow/example_dags/example_xcomargs.py
[2026-05-04T01:04:26.677+0300] {logging_mixin.py:190} INFO - [2026-05-04T01:04:26.677+0300] {dag.py:3239} INFO - Sync 2 DAGs
[2026-05-04T01:04:26.686+0300] {logging_mixin.py:190} INFO - [2026-05-04T01:04:26.686+0300] {dag.py:4180} INFO - Setting next_dagrun for example_xcom_args to None, run_after=None
[2026-05-04T01:04:26.688+0300] {logging_mixin.py:190} INFO - [2026-05-04T01:04:26.688+0300] {dag.py:4180} INFO - Setting next_dagrun for example_xcom_args_with_operators to None, run_after=None
[2026-05-04T01:04:26.704+0300] {processor.py:208} INFO - Processing /home/nikita/airflow-setup/ENV/lib/python3.12/site-packages/airflow/example_dags/example_xcomargs.py took 0.062 seconds
[2026-05-04T01:05:33.451+0300] {processor.py:186} INFO - Started process (PID=10215) to work on /home/nikita/airflow-setup/ENV/lib/python3.12/site-packages/airflow/example_dags/example_xcomargs.py
[2026-05-04T01:05:33.460+0300] {processor.py:914} INFO - Processing file /home/nikita/airflow-setup/ENV/lib/python3.12/site-packages/airflow/example_dags/example_xcomargs.py for tasks to queue
[2026-05-04T01:05:33.461+0300] {logging_mixin.py:190} INFO - [2026-05-04T01:05:33.461+0300] {dagbag.py:588} INFO - Filling up the DagBag from /home/nikita/airflow-setup/ENV/lib/python3.12/site-packages/airflow/example_dags/example_xcomargs.py
[2026-05-04T01:05:33.468+0300] {processor.py:925} INFO - DAG(s) 'example_xcom_args_with_operators', 'example_xcom_args' retrieved from /home/nikita/airflow-setup/ENV/lib/python3.12/site-packages/airflow/example_dags/example_xcomargs.py
[2026-05-04T01:05:33.480+0300] {logging_mixin.py:190} INFO - [2026-05-04T01:05:33.480+0300] {dag.py:3239} INFO - Sync 2 DAGs
[2026-05-04T01:05:33.489+0300] {logging_mixin.py:190} INFO - [2026-05-04T01:05:33.488+0300] {dag.py:4180} INFO - Setting next_dagrun for example_xcom_args to None, run_after=None
[2026-05-04T01:05:33.491+0300] {logging_mixin.py:190} INFO - [2026-05-04T01:05:33.490+0300] {dag.py:4180} INFO - Setting next_dagrun for example_xcom_args_with_operators to None, run_after=None
[2026-05-04T01:05:33.506+0300] {processor.py:208} INFO - Processing /home/nikita/airflow-setup/ENV/lib/python3.12/site-packages/airflow/example_dags/example_xcomargs.py took 0.058 seconds
[2026-05-04T01:06:37.791+0300] {processor.py:186} INFO - Started process (PID=10491) to work on /home/nikita/airflow-setup/ENV/lib/python3.12/site-packages/airflow/example_dags/example_xcomargs.py
[2026-05-04T01:06:37.801+0300] {processor.py:914} INFO - Processing file /home/nikita/airflow-setup/ENV/lib/python3.12/site-packages/airflow/example_dags/example_xcomargs.py for tasks to queue
[2026-05-04T01:06:37.802+0300] {logging_mixin.py:190} INFO - [2026-05-04T01:06:37.802+0300] {dagbag.py:588} INFO - Filling up the DagBag from /home/nikita/airflow-setup/ENV/lib/python3.12/site-packages/airflow/example_dags/example_xcomargs.py
[2026-05-04T01:06:37.811+0300] {processor.py:925} INFO - DAG(s) 'example_xcom_args_with_operators', 'example_xcom_args' retrieved from /home/nikita/airflow-setup/ENV/lib/python3.12/site-packages/airflow/example_dags/example_xcomargs.py
[2026-05-04T01:06:37.827+0300] {logging_mixin.py:190} INFO - [2026-05-04T01:06:37.827+0300] {dag.py:3239} INFO - Sync 2 DAGs
[2026-05-04T01:06:37.838+0300] {logging_mixin.py:190} INFO - [2026-05-04T01:06:37.837+0300] {dag.py:4180} INFO - Setting next_dagrun for example_xcom_args to None, run_after=None
[2026-05-04T01:06:37.840+0300] {logging_mixin.py:190} INFO - [2026-05-04T01:06:37.840+0300] {dag.py:4180} INFO - Setting next_dagrun for example_xcom_args_with_operators to None, run_after=None
[2026-05-04T01:06:37.857+0300] {processor.py:208} INFO - Processing /home/nikita/airflow-setup/ENV/lib/python3.12/site-packages/airflow/example_dags/example_xcomargs.py took 0.071 seconds
[2026-05-04T01:07:47.455+0300] {processor.py:186} INFO - Started process (PID=10749) to work on /home/nikita/airflow-setup/ENV/lib/python3.12/site-packages/airflow/example_dags/example_xcomargs.py
[2026-05-04T01:07:47.457+0300] {processor.py:914} INFO - Processing file /home/nikita/airflow-setup/ENV/lib/python3.12/site-packages/airflow/example_dags/example_xcomargs.py for tasks to queue
[2026-05-04T01:07:47.458+0300] {logging_mixin.py:190} INFO - [2026-05-04T01:07:47.458+0300] {dagbag.py:588} INFO - Filling up the DagBag from /home/nikita/airflow-setup/ENV/lib/python3.12/site-packages/airflow/example_dags/example_xcomargs.py
[2026-05-04T01:07:47.469+0300] {processor.py:925} INFO - DAG(s) 'example_xcom_args_with_operators', 'example_xcom_args' retrieved from /home/nikita/airflow-setup/ENV/lib/python3.12/site-packages/airflow/example_dags/example_xcomargs.py
[2026-05-04T01:07:47.489+0300] {logging_mixin.py:190} INFO - [2026-05-04T01:07:47.489+0300] {dag.py:3239} INFO - Sync 2 DAGs
[2026-05-04T01:07:47.501+0300] {logging_mixin.py:190} INFO - [2026-05-04T01:07:47.500+0300] {dag.py:4180} INFO - Setting next_dagrun for example_xcom_args to None, run_after=None
[2026-05-04T01:07:47.505+0300] {logging_mixin.py:190} INFO - [2026-05-04T01:07:47.505+0300] {dag.py:4180} INFO - Setting next_dagrun for example_xcom_args_with_operators to None, run_after=None
[2026-05-04T01:07:47.524+0300] {processor.py:208} INFO - Processing /home/nikita/airflow-setup/ENV/lib/python3.12/site-packages/airflow/example_dags/example_xcomargs.py took 0.074 seconds
[2026-05-04T01:08:53.406+0300] {processor.py:186} INFO - Started process (PID=11297) to work on /home/nikita/airflow-setup/ENV/lib/python3.12/site-packages/airflow/example_dags/example_xcomargs.py
[2026-05-04T01:08:53.411+0300] {processor.py:914} INFO - Processing file /home/nikita/airflow-setup/ENV/lib/python3.12/site-packages/airflow/example_dags/example_xcomargs.py for tasks to queue
[2026-05-04T01:08:53.413+0300] {logging_mixin.py:190} INFO - [2026-05-04T01:08:53.412+0300] {dagbag.py:588} INFO - Filling up the DagBag from /home/nikita/airflow-setup/ENV/lib/python3.12/site-packages/airflow/example_dags/example_xcomargs.py
[2026-05-04T01:08:53.422+0300] {processor.py:925} INFO - DAG(s) 'example_xcom_args_with_operators', 'example_xcom_args' retrieved from /home/nikita/airflow-setup/ENV/lib/python3.12/site-packages/airflow/example_dags/example_xcomargs.py
[2026-05-04T01:08:53.436+0300] {logging_mixin.py:190} INFO - [2026-05-04T01:08:53.436+0300] {dag.py:3239} INFO - Sync 2 DAGs
[2026-05-04T01:08:53.446+0300] {logging_mixin.py:190} INFO - [2026-05-04T01:08:53.446+0300] {dag.py:4180} INFO - Setting next_dagrun for example_xcom_args to None, run_after=None
[2026-05-04T01:08:53.448+0300] {logging_mixin.py:190} INFO - [2026-05-04T01:08:53.448+0300] {dag.py:4180} INFO - Setting next_dagrun for example_xcom_args_with_operators to None, run_after=None
[2026-05-04T01:08:53.463+0300] {processor.py:208} INFO - Processing /home/nikita/airflow-setup/ENV/lib/python3.12/site-packages/airflow/example_dags/example_xcomargs.py took 0.061 seconds
[2026-05-04T01:10:03.325+0300] {processor.py:186} INFO - Started process (PID=12204) to work on /home/nikita/airflow-setup/ENV/lib/python3.12/site-packages/airflow/example_dags/example_xcomargs.py
[2026-05-04T01:10:03.337+0300] {processor.py:914} INFO - Processing file /home/nikita/airflow-setup/ENV/lib/python3.12/site-packages/airflow/example_dags/example_xcomargs.py for tasks to queue
[2026-05-04T01:10:03.338+0300] {logging_mixin.py:190} INFO - [2026-05-04T01:10:03.337+0300] {dagbag.py:588} INFO - Filling up the DagBag from /home/nikita/airflow-setup/ENV/lib/python3.12/site-packages/airflow/example_dags/example_xcomargs.py
[2026-05-04T01:10:03.347+0300] {processor.py:925} INFO - DAG(s) 'example_xcom_args_with_operators', 'example_xcom_args' retrieved from /home/nikita/airflow-setup/ENV/lib/python3.12/site-packages/airflow/example_dags/example_xcomargs.py
[2026-05-04T01:10:03.363+0300] {logging_mixin.py:190} INFO - [2026-05-04T01:10:03.363+0300] {dag.py:3239} INFO - Sync 2 DAGs
[2026-05-04T01:10:03.372+0300] {logging_mixin.py:190} INFO - [2026-05-04T01:10:03.372+0300] {dag.py:4180} INFO - Setting next_dagrun for example_xcom_args to None, run_after=None
[2026-05-04T01:10:03.374+0300] {logging_mixin.py:190} INFO - [2026-05-04T01:10:03.374+0300] {dag.py:4180} INFO - Setting next_dagrun for example_xcom_args_with_operators to None, run_after=None
[2026-05-04T01:10:03.390+0300] {processor.py:208} INFO - Processing /home/nikita/airflow-setup/ENV/lib/python3.12/site-packages/airflow/example_dags/example_xcomargs.py took 0.070 seconds
[2026-05-04T01:11:13.569+0300] {processor.py:186} INFO - Started process (PID=12469) to work on /home/nikita/airflow-setup/ENV/lib/python3.12/site-packages/airflow/example_dags/example_xcomargs.py
[2026-05-04T01:11:13.570+0300] {processor.py:914} INFO - Processing file /home/nikita/airflow-setup/ENV/lib/python3.12/site-packages/airflow/example_dags/example_xcomargs.py for tasks to queue
[2026-05-04T01:11:13.571+0300] {logging_mixin.py:190} INFO - [2026-05-04T01:11:13.571+0300] {dagbag.py:588} INFO - Filling up the DagBag from /home/nikita/airflow-setup/ENV/lib/python3.12/site-packages/airflow/example_dags/example_xcomargs.py
[2026-05-04T01:11:13.579+0300] {processor.py:925} INFO - DAG(s) 'example_xcom_args_with_operators', 'example_xcom_args' retrieved from /home/nikita/airflow-setup/ENV/lib/python3.12/site-packages/airflow/example_dags/example_xcomargs.py
[2026-05-04T01:11:13.592+0300] {logging_mixin.py:190} INFO - [2026-05-04T01:11:13.592+0300] {dag.py:3239} INFO - Sync 2 DAGs
[2026-05-04T01:11:13.601+0300] {logging_mixin.py:190} INFO - [2026-05-04T01:11:13.601+0300] {dag.py:4180} INFO - Setting next_dagrun for example_xcom_args to None, run_after=None
[2026-05-04T01:11:13.604+0300] {logging_mixin.py:190} INFO - [2026-05-04T01:11:13.604+0300] {dag.py:4180} INFO - Setting next_dagrun for example_xcom_args_with_operators to None, run_after=None
[2026-05-04T01:11:13.620+0300] {processor.py:208} INFO - Processing /home/nikita/airflow-setup/ENV/lib/python3.12/site-packages/airflow/example_dags/example_xcomargs.py took 0.056 seconds
[2026-05-04T01:12:14.062+0300] {processor.py:186} INFO - Started process (PID=12706) to work on /home/nikita/airflow-setup/ENV/lib/python3.12/site-packages/airflow/example_dags/example_xcomargs.py
[2026-05-04T01:12:14.071+0300] {processor.py:914} INFO - Processing file /home/nikita/airflow-setup/ENV/lib/python3.12/site-packages/airflow/example_dags/example_xcomargs.py for tasks to queue
[2026-05-04T01:12:14.073+0300] {logging_mixin.py:190} INFO - [2026-05-04T01:12:14.072+0300] {dagbag.py:588} INFO - Filling up the DagBag from /home/nikita/airflow-setup/ENV/lib/python3.12/site-packages/airflow/example_dags/example_xcomargs.py
[2026-05-04T01:12:14.081+0300] {processor.py:925} INFO - DAG(s) 'example_xcom_args', 'example_xcom_args_with_operators' retrieved from /home/nikita/airflow-setup/ENV/lib/python3.12/site-packages/airflow/example_dags/example_xcomargs.py
[2026-05-04T01:12:14.093+0300] {logging_mixin.py:190} INFO - [2026-05-04T01:12:14.093+0300] {dag.py:3239} INFO - Sync 2 DAGs
[2026-05-04T01:12:14.103+0300] {logging_mixin.py:190} INFO - [2026-05-04T01:12:14.103+0300] {dag.py:4180} INFO - Setting next_dagrun for example_xcom_args to None, run_after=None
[2026-05-04T01:12:14.106+0300] {logging_mixin.py:190} INFO - [2026-05-04T01:12:14.106+0300] {dag.py:4180} INFO - Setting next_dagrun for example_xcom_args_with_operators to None, run_after=None
[2026-05-04T01:12:14.122+0300] {processor.py:208} INFO - Processing /home/nikita/airflow-setup/ENV/lib/python3.12/site-packages/airflow/example_dags/example_xcomargs.py took 0.063 seconds
[2026-05-04T01:13:14.266+0300] {processor.py:186} INFO - Started process (PID=13028) to work on /home/nikita/airflow-setup/ENV/lib/python3.12/site-packages/airflow/example_dags/example_xcomargs.py
[2026-05-04T01:13:14.268+0300] {processor.py:914} INFO - Processing file /home/nikita/airflow-setup/ENV/lib/python3.12/site-packages/airflow/example_dags/example_xcomargs.py for tasks to queue
[2026-05-04T01:13:14.269+0300] {logging_mixin.py:190} INFO - [2026-05-04T01:13:14.269+0300] {dagbag.py:588} INFO - Filling up the DagBag from /home/nikita/airflow-setup/ENV/lib/python3.12/site-packages/airflow/example_dags/example_xcomargs.py
[2026-05-04T01:13:14.277+0300] {processor.py:925} INFO - DAG(s) 'example_xcom_args', 'example_xcom_args_with_operators' retrieved from /home/nikita/airflow-setup/ENV/lib/python3.12/site-packages/airflow/example_dags/example_xcomargs.py
[2026-05-04T01:13:14.291+0300] {logging_mixin.py:190} INFO - [2026-05-04T01:13:14.291+0300] {dag.py:3239} INFO - Sync 2 DAGs
[2026-05-04T01:13:14.301+0300] {logging_mixin.py:190} INFO - [2026-05-04T01:13:14.300+0300] {dag.py:4180} INFO - Setting next_dagrun for example_xcom_args to None, run_after=None
[2026-05-04T01:13:14.303+0300] {logging_mixin.py:190} INFO - [2026-05-04T01:13:14.303+0300] {dag.py:4180} INFO - Setting next_dagrun for example_xcom_args_with_operators to None, run_after=None
[2026-05-04T01:13:14.319+0300] {processor.py:208} INFO - Processing /home/nikita/airflow-setup/ENV/lib/python3.12/site-packages/airflow/example_dags/example_xcomargs.py took 0.057 seconds
[2026-05-04T01:14:18.744+0300] {processor.py:186} INFO - Started process (PID=14245) to work on /home/nikita/airflow-setup/ENV/lib/python3.12/site-packages/airflow/example_dags/example_xcomargs.py
[2026-05-04T01:14:18.746+0300] {processor.py:914} INFO - Processing file /home/nikita/airflow-setup/ENV/lib/python3.12/site-packages/airflow/example_dags/example_xcomargs.py for tasks to queue
[2026-05-04T01:14:18.747+0300] {logging_mixin.py:190} INFO - [2026-05-04T01:14:18.746+0300] {dagbag.py:588} INFO - Filling up the DagBag from /home/nikita/airflow-setup/ENV/lib/python3.12/site-packages/airflow/example_dags/example_xcomargs.py
[2026-05-04T01:14:18.755+0300] {processor.py:925} INFO - DAG(s) 'example_xcom_args_with_operators', 'example_xcom_args' retrieved from /home/nikita/airflow-setup/ENV/lib/python3.12/site-packages/airflow/example_dags/example_xcomargs.py
[2026-05-04T01:14:18.769+0300] {logging_mixin.py:190} INFO - [2026-05-04T01:14:18.769+0300] {dag.py:3239} INFO - Sync 2 DAGs
[2026-05-04T01:14:18.780+0300] {logging_mixin.py:190} INFO - [2026-05-04T01:14:18.779+0300] {dag.py:4180} INFO - Setting next_dagrun for example_xcom_args to None, run_after=None
[2026-05-04T01:14:18.782+0300] {logging_mixin.py:190} INFO - [2026-05-04T01:14:18.782+0300] {dag.py:4180} INFO - Setting next_dagrun for example_xcom_args_with_operators to None, run_after=None
[2026-05-04T01:14:18.798+0300] {processor.py:208} INFO - Processing /home/nikita/airflow-setup/ENV/lib/python3.12/site-packages/airflow/example_dags/example_xcomargs.py took 0.058 seconds
[2026-05-04T01:15:28.168+0300] {processor.py:186} INFO - Started process (PID=14512) to work on /home/nikita/airflow-setup/ENV/lib/python3.12/site-packages/airflow/example_dags/example_xcomargs.py
[2026-05-04T01:15:28.177+0300] {processor.py:914} INFO - Processing file /home/nikita/airflow-setup/ENV/lib/python3.12/site-packages/airflow/example_dags/example_xcomargs.py for tasks to queue
[2026-05-04T01:15:28.178+0300] {logging_mixin.py:190} INFO - [2026-05-04T01:15:28.178+0300] {dagbag.py:588} INFO - Filling up the DagBag from /home/nikita/airflow-setup/ENV/lib/python3.12/site-packages/airflow/example_dags/example_xcomargs.py
[2026-05-04T01:15:28.186+0300] {processor.py:925} INFO - DAG(s) 'example_xcom_args', 'example_xcom_args_with_operators' retrieved from /home/nikita/airflow-setup/ENV/lib/python3.12/site-packages/airflow/example_dags/example_xcomargs.py
[2026-05-04T01:15:28.198+0300] {logging_mixin.py:190} INFO - [2026-05-04T01:15:28.197+0300] {dag.py:3239} INFO - Sync 2 DAGs
[2026-05-04T01:15:28.206+0300] {logging_mixin.py:190} INFO - [2026-05-04T01:15:28.206+0300] {dag.py:4180} INFO - Setting next_dagrun for example_xcom_args to None, run_after=None
[2026-05-04T01:15:28.208+0300] {logging_mixin.py:190} INFO - [2026-05-04T01:15:28.208+0300] {dag.py:4180} INFO - Setting next_dagrun for example_xcom_args_with_operators to None, run_after=None
[2026-05-04T01:15:28.223+0300] {processor.py:208} INFO - Processing /home/nikita/airflow-setup/ENV/lib/python3.12/site-packages/airflow/example_dags/example_xcomargs.py took 0.059 seconds
[2026-05-04T01:16:37.064+0300] {processor.py:186} INFO - Started process (PID=15727) to work on /home/nikita/airflow-setup/ENV/lib/python3.12/site-packages/airflow/example_dags/example_xcomargs.py
[2026-05-04T01:16:37.074+0300] {processor.py:914} INFO - Processing file /home/nikita/airflow-setup/ENV/lib/python3.12/site-packages/airflow/example_dags/example_xcomargs.py for tasks to queue
[2026-05-04T01:16:37.075+0300] {logging_mixin.py:190} INFO - [2026-05-04T01:16:37.074+0300] {dagbag.py:588} INFO - Filling up the DagBag from /home/nikita/airflow-setup/ENV/lib/python3.12/site-packages/airflow/example_dags/example_xcomargs.py
[2026-05-04T01:16:37.084+0300] {processor.py:925} INFO - DAG(s) 'example_xcom_args', 'example_xcom_args_with_operators' retrieved from /home/nikita/airflow-setup/ENV/lib/python3.12/site-packages/airflow/example_dags/example_xcomargs.py
[2026-05-04T01:16:37.099+0300] {logging_mixin.py:190} INFO - [2026-05-04T01:16:37.098+0300] {dag.py:3239} INFO - Sync 2 DAGs
[2026-05-04T01:16:37.108+0300] {logging_mixin.py:190} INFO - [2026-05-04T01:16:37.108+0300] {dag.py:4180} INFO - Setting next_dagrun for example_xcom_args to None, run_after=None
[2026-05-04T01:16:37.111+0300] {logging_mixin.py:190} INFO - [2026-05-04T01:16:37.111+0300] {dag.py:4180} INFO - Setting next_dagrun for example_xcom_args_with_operators to None, run_after=None
[2026-05-04T01:16:37.126+0300] {processor.py:208} INFO - Processing /home/nikita/airflow-setup/ENV/lib/python3.12/site-packages/airflow/example_dags/example_xcomargs.py took 0.067 seconds
[2026-05-04T01:17:46.660+0300] {processor.py:186} INFO - Started process (PID=15988) to work on /home/nikita/airflow-setup/ENV/lib/python3.12/site-packages/airflow/example_dags/example_xcomargs.py
[2026-05-04T01:17:46.669+0300] {processor.py:914} INFO - Processing file /home/nikita/airflow-setup/ENV/lib/python3.12/site-packages/airflow/example_dags/example_xcomargs.py for tasks to queue
[2026-05-04T01:17:46.670+0300] {logging_mixin.py:190} INFO - [2026-05-04T01:17:46.670+0300] {dagbag.py:588} INFO - Filling up the DagBag from /home/nikita/airflow-setup/ENV/lib/python3.12/site-packages/airflow/example_dags/example_xcomargs.py
[2026-05-04T01:17:46.678+0300] {processor.py:925} INFO - DAG(s) 'example_xcom_args_with_operators', 'example_xcom_args' retrieved from /home/nikita/airflow-setup/ENV/lib/python3.12/site-packages/airflow/example_dags/example_xcomargs.py
[2026-05-04T01:17:46.693+0300] {logging_mixin.py:190} INFO - [2026-05-04T01:17:46.692+0300] {dag.py:3239} INFO - Sync 2 DAGs
[2026-05-04T01:17:46.703+0300] {logging_mixin.py:190} INFO - [2026-05-04T01:17:46.702+0300] {dag.py:4180} INFO - Setting next_dagrun for example_xcom_args to None, run_after=None
[2026-05-04T01:17:46.705+0300] {logging_mixin.py:190} INFO - [2026-05-04T01:17:46.705+0300] {dag.py:4180} INFO - Setting next_dagrun for example_xcom_args_with_operators to None, run_after=None
[2026-05-04T01:17:46.723+0300] {processor.py:208} INFO - Processing /home/nikita/airflow-setup/ENV/lib/python3.12/site-packages/airflow/example_dags/example_xcomargs.py took 0.067 seconds
[2026-05-04T01:18:53.492+0300] {processor.py:186} INFO - Started process (PID=16246) to work on /home/nikita/airflow-setup/ENV/lib/python3.12/site-packages/airflow/example_dags/example_xcomargs.py
[2026-05-04T01:18:53.495+0300] {processor.py:914} INFO - Processing file /home/nikita/airflow-setup/ENV/lib/python3.12/site-packages/airflow/example_dags/example_xcomargs.py for tasks to queue
[2026-05-04T01:18:53.496+0300] {logging_mixin.py:190} INFO - [2026-05-04T01:18:53.495+0300] {dagbag.py:588} INFO - Filling up the DagBag from /home/nikita/airflow-setup/ENV/lib/python3.12/site-packages/airflow/example_dags/example_xcomargs.py
[2026-05-04T01:18:53.503+0300] {processor.py:925} INFO - DAG(s) 'example_xcom_args_with_operators', 'example_xcom_args' retrieved from /home/nikita/airflow-setup/ENV/lib/python3.12/site-packages/airflow/example_dags/example_xcomargs.py
[2026-05-04T01:18:53.515+0300] {logging_mixin.py:190} INFO - [2026-05-04T01:18:53.515+0300] {dag.py:3239} INFO - Sync 2 DAGs
[2026-05-04T01:18:53.524+0300] {logging_mixin.py:190} INFO - [2026-05-04T01:18:53.524+0300] {dag.py:4180} INFO - Setting next_dagrun for example_xcom_args to None, run_after=None
[2026-05-04T01:18:53.526+0300] {logging_mixin.py:190} INFO - [2026-05-04T01:18:53.526+0300] {dag.py:4180} INFO - Setting next_dagrun for example_xcom_args_with_operators to None, run_after=None
[2026-05-04T01:18:53.542+0300] {processor.py:208} INFO - Processing /home/nikita/airflow-setup/ENV/lib/python3.12/site-packages/airflow/example_dags/example_xcomargs.py took 0.054 seconds
[2026-05-04T01:19:56.329+0300] {processor.py:186} INFO - Started process (PID=16494) to work on /home/nikita/airflow-setup/ENV/lib/python3.12/site-packages/airflow/example_dags/example_xcomargs.py
[2026-05-04T01:19:56.338+0300] {processor.py:914} INFO - Processing file /home/nikita/airflow-setup/ENV/lib/python3.12/site-packages/airflow/example_dags/example_xcomargs.py for tasks to queue
[2026-05-04T01:19:56.339+0300] {logging_mixin.py:190} INFO - [2026-05-04T01:19:56.338+0300] {dagbag.py:588} INFO - Filling up the DagBag from /home/nikita/airflow-setup/ENV/lib/python3.12/site-packages/airflow/example_dags/example_xcomargs.py
[2026-05-04T01:19:56.347+0300] {processor.py:925} INFO - DAG(s) 'example_xcom_args_with_operators', 'example_xcom_args' retrieved from /home/nikita/airflow-setup/ENV/lib/python3.12/site-packages/airflow/example_dags/example_xcomargs.py
[2026-05-04T01:19:56.359+0300] {logging_mixin.py:190} INFO - [2026-05-04T01:19:56.359+0300] {dag.py:3239} INFO - Sync 2 DAGs
[2026-05-04T01:19:56.368+0300] {logging_mixin.py:190} INFO - [2026-05-04T01:19:56.368+0300] {dag.py:4180} INFO - Setting next_dagrun for example_xcom_args to None, run_after=None
[2026-05-04T01:19:56.370+0300] {logging_mixin.py:190} INFO - [2026-05-04T01:19:56.370+0300] {dag.py:4180} INFO - Setting next_dagrun for example_xcom_args_with_operators to None, run_after=None
[2026-05-04T01:19:56.384+0300] {processor.py:208} INFO - Processing /home/nikita/airflow-setup/ENV/lib/python3.12/site-packages/airflow/example_dags/example_xcomargs.py took 0.059 seconds
[2026-05-04T01:21:04.554+0300] {processor.py:186} INFO - Started process (PID=16756) to work on /home/nikita/airflow-setup/ENV/lib/python3.12/site-packages/airflow/example_dags/example_xcomargs.py
[2026-05-04T01:21:04.564+0300] {processor.py:914} INFO - Processing file /home/nikita/airflow-setup/ENV/lib/python3.12/site-packages/airflow/example_dags/example_xcomargs.py for tasks to queue
[2026-05-04T01:21:04.565+0300] {logging_mixin.py:190} INFO - [2026-05-04T01:21:04.565+0300] {dagbag.py:588} INFO - Filling up the DagBag from /home/nikita/airflow-setup/ENV/lib/python3.12/site-packages/airflow/example_dags/example_xcomargs.py
[2026-05-04T01:21:04.573+0300] {processor.py:925} INFO - DAG(s) 'example_xcom_args_with_operators', 'example_xcom_args' retrieved from /home/nikita/airflow-setup/ENV/lib/python3.12/site-packages/airflow/example_dags/example_xcomargs.py
[2026-05-04T01:21:04.585+0300] {logging_mixin.py:190} INFO - [2026-05-04T01:21:04.585+0300] {dag.py:3239} INFO - Sync 2 DAGs
[2026-05-04T01:21:04.594+0300] {logging_mixin.py:190} INFO - [2026-05-04T01:21:04.593+0300] {dag.py:4180} INFO - Setting next_dagrun for example_xcom_args to None, run_after=None
[2026-05-04T01:21:04.596+0300] {logging_mixin.py:190} INFO - [2026-05-04T01:21:04.595+0300] {dag.py:4180} INFO - Setting next_dagrun for example_xcom_args_with_operators to None, run_after=None
[2026-05-04T01:21:04.611+0300] {processor.py:208} INFO - Processing /home/nikita/airflow-setup/ENV/lib/python3.12/site-packages/airflow/example_dags/example_xcomargs.py took 0.061 seconds
[2026-05-04T01:22:14.262+0300] {processor.py:186} INFO - Started process (PID=17022) to work on /home/nikita/airflow-setup/ENV/lib/python3.12/site-packages/airflow/example_dags/example_xcomargs.py
[2026-05-04T01:22:14.272+0300] {processor.py:914} INFO - Processing file /home/nikita/airflow-setup/ENV/lib/python3.12/site-packages/airflow/example_dags/example_xcomargs.py for tasks to queue
[2026-05-04T01:22:14.273+0300] {logging_mixin.py:190} INFO - [2026-05-04T01:22:14.272+0300] {dagbag.py:588} INFO - Filling up the DagBag from /home/nikita/airflow-setup/ENV/lib/python3.12/site-packages/airflow/example_dags/example_xcomargs.py
[2026-05-04T01:22:14.281+0300] {processor.py:925} INFO - DAG(s) 'example_xcom_args', 'example_xcom_args_with_operators' retrieved from /home/nikita/airflow-setup/ENV/lib/python3.12/site-packages/airflow/example_dags/example_xcomargs.py
[2026-05-04T01:22:14.294+0300] {logging_mixin.py:190} INFO - [2026-05-04T01:22:14.294+0300] {dag.py:3239} INFO - Sync 2 DAGs
[2026-05-04T01:22:14.304+0300] {logging_mixin.py:190} INFO - [2026-05-04T01:22:14.304+0300] {dag.py:4180} INFO - Setting next_dagrun for example_xcom_args to None, run_after=None
[2026-05-04T01:22:14.307+0300] {logging_mixin.py:190} INFO - [2026-05-04T01:22:14.307+0300] {dag.py:4180} INFO - Setting next_dagrun for example_xcom_args_with_operators to None, run_after=None
[2026-05-04T01:22:14.322+0300] {processor.py:208} INFO - Processing /home/nikita/airflow-setup/ENV/lib/python3.12/site-packages/airflow/example_dags/example_xcomargs.py took 0.065 seconds
[2026-05-04T01:23:22.471+0300] {processor.py:186} INFO - Started process (PID=17280) to work on /home/nikita/airflow-setup/ENV/lib/python3.12/site-packages/airflow/example_dags/example_xcomargs.py
[2026-05-04T01:23:22.472+0300] {processor.py:914} INFO - Processing file /home/nikita/airflow-setup/ENV/lib/python3.12/site-packages/airflow/example_dags/example_xcomargs.py for tasks to queue
[2026-05-04T01:23:22.474+0300] {logging_mixin.py:190} INFO - [2026-05-04T01:23:22.474+0300] {dagbag.py:588} INFO - Filling up the DagBag from /home/nikita/airflow-setup/ENV/lib/python3.12/site-packages/airflow/example_dags/example_xcomargs.py
[2026-05-04T01:23:22.484+0300] {processor.py:925} INFO - DAG(s) 'example_xcom_args', 'example_xcom_args_with_operators' retrieved from /home/nikita/airflow-setup/ENV/lib/python3.12/site-packages/airflow/example_dags/example_xcomargs.py
[2026-05-04T01:23:22.505+0300] {logging_mixin.py:190} INFO - [2026-05-04T01:23:22.505+0300] {dag.py:3239} INFO - Sync 2 DAGs
[2026-05-04T01:23:22.518+0300] {logging_mixin.py:190} INFO - [2026-05-04T01:23:22.518+0300] {dag.py:4180} INFO - Setting next_dagrun for example_xcom_args to None, run_after=None
[2026-05-04T01:23:22.521+0300] {logging_mixin.py:190} INFO - [2026-05-04T01:23:22.521+0300] {dag.py:4180} INFO - Setting next_dagrun for example_xcom_args_with_operators to None, run_after=None
[2026-05-04T01:23:22.545+0300] {processor.py:208} INFO - Processing /home/nikita/airflow-setup/ENV/lib/python3.12/site-packages/airflow/example_dags/example_xcomargs.py took 0.080 seconds
[2026-05-04T01:24:30.241+0300] {processor.py:186} INFO - Started process (PID=17851) to work on /home/nikita/airflow-setup/ENV/lib/python3.12/site-packages/airflow/example_dags/example_xcomargs.py
[2026-05-04T01:24:30.251+0300] {processor.py:914} INFO - Processing file /home/nikita/airflow-setup/ENV/lib/python3.12/site-packages/airflow/example_dags/example_xcomargs.py for tasks to queue
[2026-05-04T01:24:30.252+0300] {logging_mixin.py:190} INFO - [2026-05-04T01:24:30.252+0300] {dagbag.py:588} INFO - Filling up the DagBag from /home/nikita/airflow-setup/ENV/lib/python3.12/site-packages/airflow/example_dags/example_xcomargs.py
[2026-05-04T01:24:30.260+0300] {processor.py:925} INFO - DAG(s) 'example_xcom_args', 'example_xcom_args_with_operators' retrieved from /home/nikita/airflow-setup/ENV/lib/python3.12/site-packages/airflow/example_dags/example_xcomargs.py
[2026-05-04T01:24:30.273+0300] {logging_mixin.py:190} INFO - [2026-05-04T01:24:30.273+0300] {dag.py:3239} INFO - Sync 2 DAGs
[2026-05-04T01:24:30.281+0300] {logging_mixin.py:190} INFO - [2026-05-04T01:24:30.281+0300] {dag.py:4180} INFO - Setting next_dagrun for example_xcom_args to None, run_after=None
[2026-05-04T01:24:30.283+0300] {logging_mixin.py:190} INFO - [2026-05-04T01:24:30.283+0300] {dag.py:4180} INFO - Setting next_dagrun for example_xcom_args_with_operators to None, run_after=None
[2026-05-04T01:24:30.299+0300] {processor.py:208} INFO - Processing /home/nikita/airflow-setup/ENV/lib/python3.12/site-packages/airflow/example_dags/example_xcomargs.py took 0.062 seconds
[2026-05-04T01:25:41.133+0300] {processor.py:186} INFO - Started process (PID=18467) to work on /home/nikita/airflow-setup/ENV/lib/python3.12/site-packages/airflow/example_dags/example_xcomargs.py
[2026-05-04T01:25:41.141+0300] {processor.py:914} INFO - Processing file /home/nikita/airflow-setup/ENV/lib/python3.12/site-packages/airflow/example_dags/example_xcomargs.py for tasks to queue
[2026-05-04T01:25:41.142+0300] {logging_mixin.py:190} INFO - [2026-05-04T01:25:41.142+0300] {dagbag.py:588} INFO - Filling up the DagBag from /home/nikita/airflow-setup/ENV/lib/python3.12/site-packages/airflow/example_dags/example_xcomargs.py
[2026-05-04T01:25:41.150+0300] {processor.py:925} INFO - DAG(s) 'example_xcom_args', 'example_xcom_args_with_operators' retrieved from /home/nikita/airflow-setup/ENV/lib/python3.12/site-packages/airflow/example_dags/example_xcomargs.py
[2026-05-04T01:25:41.164+0300] {logging_mixin.py:190} INFO - [2026-05-04T01:25:41.164+0300] {dag.py:3239} INFO - Sync 2 DAGs
[2026-05-04T01:25:41.174+0300] {logging_mixin.py:190} INFO - [2026-05-04T01:25:41.173+0300] {dag.py:4180} INFO - Setting next_dagrun for example_xcom_args to None, run_after=None
[2026-05-04T01:25:41.176+0300] {logging_mixin.py:190} INFO - [2026-05-04T01:25:41.176+0300] {dag.py:4180} INFO - Setting next_dagrun for example_xcom_args_with_operators to None, run_after=None
[2026-05-04T01:25:41.191+0300] {processor.py:208} INFO - Processing /home/nikita/airflow-setup/ENV/lib/python3.12/site-packages/airflow/example_dags/example_xcomargs.py took 0.062 seconds
[2026-05-04T01:26:52.569+0300] {processor.py:186} INFO - Started process (PID=19415) to work on /home/nikita/airflow-setup/ENV/lib/python3.12/site-packages/airflow/example_dags/example_xcomargs.py
[2026-05-04T01:26:52.579+0300] {processor.py:914} INFO - Processing file /home/nikita/airflow-setup/ENV/lib/python3.12/site-packages/airflow/example_dags/example_xcomargs.py for tasks to queue
[2026-05-04T01:26:52.580+0300] {logging_mixin.py:190} INFO - [2026-05-04T01:26:52.579+0300] {dagbag.py:588} INFO - Filling up the DagBag from /home/nikita/airflow-setup/ENV/lib/python3.12/site-packages/airflow/example_dags/example_xcomargs.py
[2026-05-04T01:26:52.588+0300] {processor.py:925} INFO - DAG(s) 'example_xcom_args', 'example_xcom_args_with_operators' retrieved from /home/nikita/airflow-setup/ENV/lib/python3.12/site-packages/airflow/example_dags/example_xcomargs.py
[2026-05-04T01:26:52.601+0300] {logging_mixin.py:190} INFO - [2026-05-04T01:26:52.601+0300] {dag.py:3239} INFO - Sync 2 DAGs
[2026-05-04T01:26:52.610+0300] {logging_mixin.py:190} INFO - [2026-05-04T01:26:52.610+0300] {dag.py:4180} INFO - Setting next_dagrun for example_xcom_args to None, run_after=None
[2026-05-04T01:26:52.613+0300] {logging_mixin.py:190} INFO - [2026-05-04T01:26:52.613+0300] {dag.py:4180} INFO - Setting next_dagrun for example_xcom_args_with_operators to None, run_after=None
[2026-05-04T01:26:52.627+0300] {processor.py:208} INFO - Processing /home/nikita/airflow-setup/ENV/lib/python3.12/site-packages/airflow/example_dags/example_xcomargs.py took 0.063 seconds
[2026-05-04T01:28:03.790+0300] {processor.py:186} INFO - Started process (PID=19681) to work on /home/nikita/airflow-setup/ENV/lib/python3.12/site-packages/airflow/example_dags/example_xcomargs.py
[2026-05-04T01:28:03.799+0300] {processor.py:914} INFO - Processing file /home/nikita/airflow-setup/ENV/lib/python3.12/site-packages/airflow/example_dags/example_xcomargs.py for tasks to queue
[2026-05-04T01:28:03.800+0300] {logging_mixin.py:190} INFO - [2026-05-04T01:28:03.800+0300] {dagbag.py:588} INFO - Filling up the DagBag from /home/nikita/airflow-setup/ENV/lib/python3.12/site-packages/airflow/example_dags/example_xcomargs.py
[2026-05-04T01:28:03.809+0300] {processor.py:925} INFO - DAG(s) 'example_xcom_args_with_operators', 'example_xcom_args' retrieved from /home/nikita/airflow-setup/ENV/lib/python3.12/site-packages/airflow/example_dags/example_xcomargs.py
[2026-05-04T01:28:03.825+0300] {logging_mixin.py:190} INFO - [2026-05-04T01:28:03.824+0300] {dag.py:3239} INFO - Sync 2 DAGs
[2026-05-04T01:28:03.977+0300] {logging_mixin.py:190} INFO - [2026-05-04T01:28:03.977+0300] {dag.py:4180} INFO - Setting next_dagrun for example_xcom_args to None, run_after=None
[2026-05-04T01:28:03.980+0300] {logging_mixin.py:190} INFO - [2026-05-04T01:28:03.980+0300] {dag.py:4180} INFO - Setting next_dagrun for example_xcom_args_with_operators to None, run_after=None
[2026-05-04T01:28:04.000+0300] {processor.py:208} INFO - Processing /home/nikita/airflow-setup/ENV/lib/python3.12/site-packages/airflow/example_dags/example_xcomargs.py took 0.215 seconds
[2026-05-04T01:29:13.381+0300] {processor.py:186} INFO - Started process (PID=19943) to work on /home/nikita/airflow-setup/ENV/lib/python3.12/site-packages/airflow/example_dags/example_xcomargs.py
[2026-05-04T01:29:13.382+0300] {processor.py:914} INFO - Processing file /home/nikita/airflow-setup/ENV/lib/python3.12/site-packages/airflow/example_dags/example_xcomargs.py for tasks to queue
[2026-05-04T01:29:13.384+0300] {logging_mixin.py:190} INFO - [2026-05-04T01:29:13.384+0300] {dagbag.py:588} INFO - Filling up the DagBag from /home/nikita/airflow-setup/ENV/lib/python3.12/site-packages/airflow/example_dags/example_xcomargs.py
[2026-05-04T01:29:13.391+0300] {processor.py:925} INFO - DAG(s) 'example_xcom_args_with_operators', 'example_xcom_args' retrieved from /home/nikita/airflow-setup/ENV/lib/python3.12/site-packages/airflow/example_dags/example_xcomargs.py
[2026-05-04T01:29:13.405+0300] {logging_mixin.py:190} INFO - [2026-05-04T01:29:13.405+0300] {dag.py:3239} INFO - Sync 2 DAGs
[2026-05-04T01:29:13.416+0300] {logging_mixin.py:190} INFO - [2026-05-04T01:29:13.416+0300] {dag.py:4180} INFO - Setting next_dagrun for example_xcom_args to None, run_after=None
[2026-05-04T01:29:13.418+0300] {logging_mixin.py:190} INFO - [2026-05-04T01:29:13.418+0300] {dag.py:4180} INFO - Setting next_dagrun for example_xcom_args_with_operators to None, run_after=None
[2026-05-04T01:29:13.435+0300] {processor.py:208} INFO - Processing /home/nikita/airflow-setup/ENV/lib/python3.12/site-packages/airflow/example_dags/example_xcomargs.py took 0.058 seconds
[2026-05-04T01:30:25.544+0300] {processor.py:186} INFO - Started process (PID=20220) to work on /home/nikita/airflow-setup/ENV/lib/python3.12/site-packages/airflow/example_dags/example_xcomargs.py
[2026-05-04T01:30:25.546+0300] {processor.py:914} INFO - Processing file /home/nikita/airflow-setup/ENV/lib/python3.12/site-packages/airflow/example_dags/example_xcomargs.py for tasks to queue
[2026-05-04T01:30:25.547+0300] {logging_mixin.py:190} INFO - [2026-05-04T01:30:25.547+0300] {dagbag.py:588} INFO - Filling up the DagBag from /home/nikita/airflow-setup/ENV/lib/python3.12/site-packages/airflow/example_dags/example_xcomargs.py
[2026-05-04T01:30:25.556+0300] {processor.py:925} INFO - DAG(s) 'example_xcom_args_with_operators', 'example_xcom_args' retrieved from /home/nikita/airflow-setup/ENV/lib/python3.12/site-packages/airflow/example_dags/example_xcomargs.py
[2026-05-04T01:30:25.573+0300] {logging_mixin.py:190} INFO - [2026-05-04T01:30:25.572+0300] {dag.py:3239} INFO - Sync 2 DAGs
[2026-05-04T01:30:25.583+0300] {logging_mixin.py:190} INFO - [2026-05-04T01:30:25.583+0300] {dag.py:4180} INFO - Setting next_dagrun for example_xcom_args to None, run_after=None
[2026-05-04T01:30:25.586+0300] {logging_mixin.py:190} INFO - [2026-05-04T01:30:25.586+0300] {dag.py:4180} INFO - Setting next_dagrun for example_xcom_args_with_operators to None, run_after=None
[2026-05-04T01:30:25.603+0300] {processor.py:208} INFO - Processing /home/nikita/airflow-setup/ENV/lib/python3.12/site-packages/airflow/example_dags/example_xcomargs.py took 0.063 seconds
[2026-05-04T01:31:42.941+0300] {processor.py:186} INFO - Started process (PID=20504) to work on /home/nikita/airflow-setup/ENV/lib/python3.12/site-packages/airflow/example_dags/example_xcomargs.py
[2026-05-04T01:31:42.943+0300] {processor.py:914} INFO - Processing file /home/nikita/airflow-setup/ENV/lib/python3.12/site-packages/airflow/example_dags/example_xcomargs.py for tasks to queue
[2026-05-04T01:31:42.944+0300] {logging_mixin.py:190} INFO - [2026-05-04T01:31:42.944+0300] {dagbag.py:588} INFO - Filling up the DagBag from /home/nikita/airflow-setup/ENV/lib/python3.12/site-packages/airflow/example_dags/example_xcomargs.py
[2026-05-04T01:31:42.952+0300] {processor.py:925} INFO - DAG(s) 'example_xcom_args_with_operators', 'example_xcom_args' retrieved from /home/nikita/airflow-setup/ENV/lib/python3.12/site-packages/airflow/example_dags/example_xcomargs.py
[2026-05-04T01:31:43.069+0300] {logging_mixin.py:190} INFO - [2026-05-04T01:31:43.068+0300] {dag.py:3239} INFO - Sync 2 DAGs
[2026-05-04T01:31:43.075+0300] {logging_mixin.py:190} INFO - [2026-05-04T01:31:43.075+0300] {dag.py:4180} INFO - Setting next_dagrun for example_xcom_args to None, run_after=None
[2026-05-04T01:31:43.077+0300] {logging_mixin.py:190} INFO - [2026-05-04T01:31:43.077+0300] {dag.py:4180} INFO - Setting next_dagrun for example_xcom_args_with_operators to None, run_after=None
[2026-05-04T01:31:43.091+0300] {processor.py:208} INFO - Processing /home/nikita/airflow-setup/ENV/lib/python3.12/site-packages/airflow/example_dags/example_xcomargs.py took 0.155 seconds
[2026-05-04T01:32:58.069+0300] {processor.py:186} INFO - Started process (PID=20930) to work on /home/nikita/airflow-setup/ENV/lib/python3.12/site-packages/airflow/example_dags/example_xcomargs.py
[2026-05-04T01:32:58.071+0300] {processor.py:914} INFO - Processing file /home/nikita/airflow-setup/ENV/lib/python3.12/site-packages/airflow/example_dags/example_xcomargs.py for tasks to queue
[2026-05-04T01:32:58.072+0300] {logging_mixin.py:190} INFO - [2026-05-04T01:32:58.072+0300] {dagbag.py:588} INFO - Filling up the DagBag from /home/nikita/airflow-setup/ENV/lib/python3.12/site-packages/airflow/example_dags/example_xcomargs.py
[2026-05-04T01:32:58.080+0300] {processor.py:925} INFO - DAG(s) 'example_xcom_args_with_operators', 'example_xcom_args' retrieved from /home/nikita/airflow-setup/ENV/lib/python3.12/site-packages/airflow/example_dags/example_xcomargs.py
[2026-05-04T01:32:58.094+0300] {logging_mixin.py:190} INFO - [2026-05-04T01:32:58.094+0300] {dag.py:3239} INFO - Sync 2 DAGs
[2026-05-04T01:32:58.105+0300] {logging_mixin.py:190} INFO - [2026-05-04T01:32:58.105+0300] {dag.py:4180} INFO - Setting next_dagrun for example_xcom_args to None, run_after=None
[2026-05-04T01:32:58.107+0300] {logging_mixin.py:190} INFO - [2026-05-04T01:32:58.107+0300] {dag.py:4180} INFO - Setting next_dagrun for example_xcom_args_with_operators to None, run_after=None
[2026-05-04T01:32:58.124+0300] {processor.py:208} INFO - Processing /home/nikita/airflow-setup/ENV/lib/python3.12/site-packages/airflow/example_dags/example_xcomargs.py took 0.059 seconds
[2026-05-04T01:34:01.107+0300] {processor.py:186} INFO - Started process (PID=21301) to work on /home/nikita/airflow-setup/ENV/lib/python3.12/site-packages/airflow/example_dags/example_xcomargs.py
[2026-05-04T01:34:01.117+0300] {processor.py:914} INFO - Processing file /home/nikita/airflow-setup/ENV/lib/python3.12/site-packages/airflow/example_dags/example_xcomargs.py for tasks to queue
[2026-05-04T01:34:01.118+0300] {logging_mixin.py:190} INFO - [2026-05-04T01:34:01.118+0300] {dagbag.py:588} INFO - Filling up the DagBag from /home/nikita/airflow-setup/ENV/lib/python3.12/site-packages/airflow/example_dags/example_xcomargs.py
[2026-05-04T01:34:01.126+0300] {processor.py:925} INFO - DAG(s) 'example_xcom_args_with_operators', 'example_xcom_args' retrieved from /home/nikita/airflow-setup/ENV/lib/python3.12/site-packages/airflow/example_dags/example_xcomargs.py
[2026-05-04T01:34:01.142+0300] {logging_mixin.py:190} INFO - [2026-05-04T01:34:01.142+0300] {dag.py:3239} INFO - Sync 2 DAGs
[2026-05-04T01:34:01.153+0300] {logging_mixin.py:190} INFO - [2026-05-04T01:34:01.153+0300] {dag.py:4180} INFO - Setting next_dagrun for example_xcom_args to None, run_after=None
[2026-05-04T01:34:01.155+0300] {logging_mixin.py:190} INFO - [2026-05-04T01:34:01.155+0300] {dag.py:4180} INFO - Setting next_dagrun for example_xcom_args_with_operators to None, run_after=None
[2026-05-04T01:34:01.172+0300] {processor.py:208} INFO - Processing /home/nikita/airflow-setup/ENV/lib/python3.12/site-packages/airflow/example_dags/example_xcomargs.py took 0.070 seconds
[2026-05-04T01:35:05.594+0300] {processor.py:186} INFO - Started process (PID=21548) to work on /home/nikita/airflow-setup/ENV/lib/python3.12/site-packages/airflow/example_dags/example_xcomargs.py
[2026-05-04T01:35:05.604+0300] {processor.py:914} INFO - Processing file /home/nikita/airflow-setup/ENV/lib/python3.12/site-packages/airflow/example_dags/example_xcomargs.py for tasks to queue
[2026-05-04T01:35:05.605+0300] {logging_mixin.py:190} INFO - [2026-05-04T01:35:05.605+0300] {dagbag.py:588} INFO - Filling up the DagBag from /home/nikita/airflow-setup/ENV/lib/python3.12/site-packages/airflow/example_dags/example_xcomargs.py
[2026-05-04T01:35:05.615+0300] {processor.py:925} INFO - DAG(s) 'example_xcom_args', 'example_xcom_args_with_operators' retrieved from /home/nikita/airflow-setup/ENV/lib/python3.12/site-packages/airflow/example_dags/example_xcomargs.py
[2026-05-04T01:35:05.631+0300] {logging_mixin.py:190} INFO - [2026-05-04T01:35:05.631+0300] {dag.py:3239} INFO - Sync 2 DAGs
[2026-05-04T01:35:05.642+0300] {logging_mixin.py:190} INFO - [2026-05-04T01:35:05.642+0300] {dag.py:4180} INFO - Setting next_dagrun for example_xcom_args to None, run_after=None
[2026-05-04T01:35:05.644+0300] {logging_mixin.py:190} INFO - [2026-05-04T01:35:05.644+0300] {dag.py:4180} INFO - Setting next_dagrun for example_xcom_args_with_operators to None, run_after=None
[2026-05-04T01:35:05.658+0300] {processor.py:208} INFO - Processing /home/nikita/airflow-setup/ENV/lib/python3.12/site-packages/airflow/example_dags/example_xcomargs.py took 0.069 seconds
[2026-05-04T01:36:06.234+0300] {processor.py:186} INFO - Started process (PID=21784) to work on /home/nikita/airflow-setup/ENV/lib/python3.12/site-packages/airflow/example_dags/example_xcomargs.py
[2026-05-04T01:36:06.244+0300] {processor.py:914} INFO - Processing file /home/nikita/airflow-setup/ENV/lib/python3.12/site-packages/airflow/example_dags/example_xcomargs.py for tasks to queue
[2026-05-04T01:36:06.245+0300] {logging_mixin.py:190} INFO - [2026-05-04T01:36:06.245+0300] {dagbag.py:588} INFO - Filling up the DagBag from /home/nikita/airflow-setup/ENV/lib/python3.12/site-packages/airflow/example_dags/example_xcomargs.py
[2026-05-04T01:36:06.253+0300] {processor.py:925} INFO - DAG(s) 'example_xcom_args_with_operators', 'example_xcom_args' retrieved from /home/nikita/airflow-setup/ENV/lib/python3.12/site-packages/airflow/example_dags/example_xcomargs.py
[2026-05-04T01:36:06.267+0300] {logging_mixin.py:190} INFO - [2026-05-04T01:36:06.267+0300] {dag.py:3239} INFO - Sync 2 DAGs
[2026-05-04T01:36:06.276+0300] {logging_mixin.py:190} INFO - [2026-05-04T01:36:06.276+0300] {dag.py:4180} INFO - Setting next_dagrun for example_xcom_args to None, run_after=None
[2026-05-04T01:36:06.279+0300] {logging_mixin.py:190} INFO - [2026-05-04T01:36:06.278+0300] {dag.py:4180} INFO - Setting next_dagrun for example_xcom_args_with_operators to None, run_after=None
[2026-05-04T01:36:06.294+0300] {processor.py:208} INFO - Processing /home/nikita/airflow-setup/ENV/lib/python3.12/site-packages/airflow/example_dags/example_xcomargs.py took 0.064 seconds
