[2026-05-04T00:46:17.398+0300] {processor.py:186} INFO - Started process (PID=5976) to work on /home/nikita/airflow-setup/ENV/lib/python3.12/site-packages/airflow/example_dags/example_sla_dag.py
[2026-05-04T00:46:17.400+0300] {processor.py:914} INFO - Processing file /home/nikita/airflow-setup/ENV/lib/python3.12/site-packages/airflow/example_dags/example_sla_dag.py for tasks to queue
[2026-05-04T00:46:17.405+0300] {logging_mixin.py:190} INFO - [2026-05-04T00:46:17.405+0300] {dagbag.py:588} INFO - Filling up the DagBag from /home/nikita/airflow-setup/ENV/lib/python3.12/site-packages/airflow/example_dags/example_sla_dag.py
[2026-05-04T00:46:17.424+0300] {processor.py:925} INFO - DAG(s) 'example_sla_dag' retrieved from /home/nikita/airflow-setup/ENV/lib/python3.12/site-packages/airflow/example_dags/example_sla_dag.py
[2026-05-04T00:46:17.563+0300] {logging_mixin.py:190} INFO - [2026-05-04T00:46:17.563+0300] {override.py:1930} INFO - Created Permission View: can read on DAG:example_sla_dag
[2026-05-04T00:46:17.580+0300] {logging_mixin.py:190} INFO - [2026-05-04T00:46:17.579+0300] {override.py:1930} INFO - Created Permission View: can delete on DAG:example_sla_dag
[2026-05-04T00:46:17.594+0300] {logging_mixin.py:190} INFO - [2026-05-04T00:46:17.593+0300] {override.py:1930} INFO - Created Permission View: can edit on DAG:example_sla_dag
[2026-05-04T00:46:17.616+0300] {logging_mixin.py:190} INFO - [2026-05-04T00:46:17.615+0300] {override.py:1930} INFO - Created Permission View: can read on DAG Run:example_sla_dag
[2026-05-04T00:46:17.630+0300] {logging_mixin.py:190} INFO - [2026-05-04T00:46:17.629+0300] {override.py:1930} INFO - Created Permission View: can delete on DAG Run:example_sla_dag
[2026-05-04T00:46:17.645+0300] {logging_mixin.py:190} INFO - [2026-05-04T00:46:17.644+0300] {override.py:1930} INFO - Created Permission View: menu access on DAG Run:example_sla_dag
[2026-05-04T00:46:17.660+0300] {logging_mixin.py:190} INFO - [2026-05-04T00:46:17.660+0300] {override.py:1930} INFO - Created Permission View: can create on DAG Run:example_sla_dag
[2026-05-04T00:46:17.661+0300] {logging_mixin.py:190} INFO - [2026-05-04T00:46:17.661+0300] {dag.py:3239} INFO - Sync 1 DAGs
[2026-05-04T00:46:17.674+0300] {logging_mixin.py:190} INFO - [2026-05-04T00:46:17.673+0300] {dag.py:3262} INFO - Creating ORM DAG for example_sla_dag
[2026-05-04T00:46:17.692+0300] {logging_mixin.py:190} INFO - [2026-05-04T00:46:17.692+0300] {dag.py:4180} INFO - Setting next_dagrun for example_sla_dag to 2026-05-03 21:44:00+00:00, run_after=2026-05-03 21:46:00+00:00
[2026-05-04T00:46:17.714+0300] {processor.py:208} INFO - Processing /home/nikita/airflow-setup/ENV/lib/python3.12/site-packages/airflow/example_dags/example_sla_dag.py took 0.328 seconds
[2026-05-04T00:47:25.017+0300] {processor.py:186} INFO - Started process (PID=6054) to work on /home/nikita/airflow-setup/ENV/lib/python3.12/site-packages/airflow/example_dags/example_sla_dag.py
[2026-05-04T00:47:25.018+0300] {processor.py:914} INFO - Processing file /home/nikita/airflow-setup/ENV/lib/python3.12/site-packages/airflow/example_dags/example_sla_dag.py for tasks to queue
[2026-05-04T00:47:25.020+0300] {logging_mixin.py:190} INFO - [2026-05-04T00:47:25.020+0300] {dagbag.py:588} INFO - Filling up the DagBag from /home/nikita/airflow-setup/ENV/lib/python3.12/site-packages/airflow/example_dags/example_sla_dag.py
[2026-05-04T00:47:25.027+0300] {processor.py:925} INFO - DAG(s) 'example_sla_dag' retrieved from /home/nikita/airflow-setup/ENV/lib/python3.12/site-packages/airflow/example_dags/example_sla_dag.py
[2026-05-04T00:47:25.037+0300] {logging_mixin.py:190} INFO - [2026-05-04T00:47:25.037+0300] {dag.py:3239} INFO - Sync 1 DAGs
[2026-05-04T00:47:25.053+0300] {logging_mixin.py:190} INFO - [2026-05-04T00:47:25.053+0300] {dag.py:4180} INFO - Setting next_dagrun for example_sla_dag to 2026-05-03 21:44:00+00:00, run_after=2026-05-03 21:46:00+00:00
[2026-05-04T00:47:25.069+0300] {processor.py:208} INFO - Processing /home/nikita/airflow-setup/ENV/lib/python3.12/site-packages/airflow/example_dags/example_sla_dag.py took 0.055 seconds
[2026-05-04T00:48:23.961+0300] {processor.py:186} INFO - Started process (PID=6111) to work on /home/nikita/airflow-setup/ENV/lib/python3.12/site-packages/airflow/example_dags/example_sla_dag.py
[2026-05-04T00:48:23.962+0300] {processor.py:914} INFO - Processing file /home/nikita/airflow-setup/ENV/lib/python3.12/site-packages/airflow/example_dags/example_sla_dag.py for tasks to queue
[2026-05-04T00:48:23.964+0300] {logging_mixin.py:190} INFO - [2026-05-04T00:48:23.964+0300] {dagbag.py:588} INFO - Filling up the DagBag from /home/nikita/airflow-setup/ENV/lib/python3.12/site-packages/airflow/example_dags/example_sla_dag.py
[2026-05-04T00:48:23.971+0300] {processor.py:925} INFO - DAG(s) 'example_sla_dag' retrieved from /home/nikita/airflow-setup/ENV/lib/python3.12/site-packages/airflow/example_dags/example_sla_dag.py
[2026-05-04T00:48:23.983+0300] {logging_mixin.py:190} INFO - [2026-05-04T00:48:23.983+0300] {dag.py:3239} INFO - Sync 1 DAGs
[2026-05-04T00:48:23.999+0300] {logging_mixin.py:190} INFO - [2026-05-04T00:48:23.999+0300] {dag.py:4180} INFO - Setting next_dagrun for example_sla_dag to 2026-05-03 21:46:00+00:00, run_after=2026-05-03 21:48:00+00:00
[2026-05-04T00:48:24.018+0300] {processor.py:208} INFO - Processing /home/nikita/airflow-setup/ENV/lib/python3.12/site-packages/airflow/example_dags/example_sla_dag.py took 0.061 seconds
[2026-05-04T00:49:24.247+0300] {processor.py:186} INFO - Started process (PID=6169) to work on /home/nikita/airflow-setup/ENV/lib/python3.12/site-packages/airflow/example_dags/example_sla_dag.py
[2026-05-04T00:49:24.257+0300] {processor.py:914} INFO - Processing file /home/nikita/airflow-setup/ENV/lib/python3.12/site-packages/airflow/example_dags/example_sla_dag.py for tasks to queue
[2026-05-04T00:49:24.258+0300] {logging_mixin.py:190} INFO - [2026-05-04T00:49:24.258+0300] {dagbag.py:588} INFO - Filling up the DagBag from /home/nikita/airflow-setup/ENV/lib/python3.12/site-packages/airflow/example_dags/example_sla_dag.py
[2026-05-04T00:49:24.266+0300] {processor.py:925} INFO - DAG(s) 'example_sla_dag' retrieved from /home/nikita/airflow-setup/ENV/lib/python3.12/site-packages/airflow/example_dags/example_sla_dag.py
[2026-05-04T00:49:24.276+0300] {logging_mixin.py:190} INFO - [2026-05-04T00:49:24.276+0300] {dag.py:3239} INFO - Sync 1 DAGs
[2026-05-04T00:49:24.290+0300] {logging_mixin.py:190} INFO - [2026-05-04T00:49:24.290+0300] {dag.py:4180} INFO - Setting next_dagrun for example_sla_dag to 2026-05-03 21:46:00+00:00, run_after=2026-05-03 21:48:00+00:00
[2026-05-04T00:49:24.305+0300] {processor.py:208} INFO - Processing /home/nikita/airflow-setup/ENV/lib/python3.12/site-packages/airflow/example_dags/example_sla_dag.py took 0.062 seconds
[2026-05-04T00:50:21.392+0300] {processor.py:186} INFO - Started process (PID=6245) to work on /home/nikita/airflow-setup/ENV/lib/python3.12/site-packages/airflow/example_dags/example_sla_dag.py
[2026-05-04T00:50:21.401+0300] {processor.py:914} INFO - Processing file /home/nikita/airflow-setup/ENV/lib/python3.12/site-packages/airflow/example_dags/example_sla_dag.py for tasks to queue
[2026-05-04T00:50:21.403+0300] {logging_mixin.py:190} INFO - [2026-05-04T00:50:21.402+0300] {dagbag.py:588} INFO - Filling up the DagBag from /home/nikita/airflow-setup/ENV/lib/python3.12/site-packages/airflow/example_dags/example_sla_dag.py
[2026-05-04T00:50:21.410+0300] {processor.py:925} INFO - DAG(s) 'example_sla_dag' retrieved from /home/nikita/airflow-setup/ENV/lib/python3.12/site-packages/airflow/example_dags/example_sla_dag.py
[2026-05-04T00:50:21.420+0300] {logging_mixin.py:190} INFO - [2026-05-04T00:50:21.420+0300] {dag.py:3239} INFO - Sync 1 DAGs
[2026-05-04T00:50:21.434+0300] {logging_mixin.py:190} INFO - [2026-05-04T00:50:21.434+0300] {dag.py:4180} INFO - Setting next_dagrun for example_sla_dag to 2026-05-03 21:48:00+00:00, run_after=2026-05-03 21:50:00+00:00
[2026-05-04T00:50:21.450+0300] {processor.py:208} INFO - Processing /home/nikita/airflow-setup/ENV/lib/python3.12/site-packages/airflow/example_dags/example_sla_dag.py took 0.061 seconds
[2026-05-04T00:51:19.865+0300] {processor.py:186} INFO - Started process (PID=6308) to work on /home/nikita/airflow-setup/ENV/lib/python3.12/site-packages/airflow/example_dags/example_sla_dag.py
[2026-05-04T00:51:19.866+0300] {processor.py:914} INFO - Processing file /home/nikita/airflow-setup/ENV/lib/python3.12/site-packages/airflow/example_dags/example_sla_dag.py for tasks to queue
[2026-05-04T00:51:19.868+0300] {logging_mixin.py:190} INFO - [2026-05-04T00:51:19.868+0300] {dagbag.py:588} INFO - Filling up the DagBag from /home/nikita/airflow-setup/ENV/lib/python3.12/site-packages/airflow/example_dags/example_sla_dag.py
[2026-05-04T00:51:19.878+0300] {processor.py:925} INFO - DAG(s) 'example_sla_dag' retrieved from /home/nikita/airflow-setup/ENV/lib/python3.12/site-packages/airflow/example_dags/example_sla_dag.py
[2026-05-04T00:51:19.890+0300] {logging_mixin.py:190} INFO - [2026-05-04T00:51:19.890+0300] {dag.py:3239} INFO - Sync 1 DAGs
[2026-05-04T00:51:19.905+0300] {logging_mixin.py:190} INFO - [2026-05-04T00:51:19.905+0300] {dag.py:4180} INFO - Setting next_dagrun for example_sla_dag to 2026-05-03 21:48:00+00:00, run_after=2026-05-03 21:50:00+00:00
[2026-05-04T00:51:19.922+0300] {processor.py:208} INFO - Processing /home/nikita/airflow-setup/ENV/lib/python3.12/site-packages/airflow/example_dags/example_sla_dag.py took 0.061 seconds
[2026-05-04T00:52:16.577+0300] {processor.py:186} INFO - Started process (PID=6362) to work on /home/nikita/airflow-setup/ENV/lib/python3.12/site-packages/airflow/example_dags/example_sla_dag.py
[2026-05-04T00:52:16.578+0300] {processor.py:914} INFO - Processing file /home/nikita/airflow-setup/ENV/lib/python3.12/site-packages/airflow/example_dags/example_sla_dag.py for tasks to queue
[2026-05-04T00:52:16.581+0300] {logging_mixin.py:190} INFO - [2026-05-04T00:52:16.580+0300] {dagbag.py:588} INFO - Filling up the DagBag from /home/nikita/airflow-setup/ENV/lib/python3.12/site-packages/airflow/example_dags/example_sla_dag.py
[2026-05-04T00:52:16.592+0300] {processor.py:925} INFO - DAG(s) 'example_sla_dag' retrieved from /home/nikita/airflow-setup/ENV/lib/python3.12/site-packages/airflow/example_dags/example_sla_dag.py
[2026-05-04T00:52:16.609+0300] {logging_mixin.py:190} INFO - [2026-05-04T00:52:16.609+0300] {dag.py:3239} INFO - Sync 1 DAGs
[2026-05-04T00:52:16.637+0300] {logging_mixin.py:190} INFO - [2026-05-04T00:52:16.637+0300] {dag.py:4180} INFO - Setting next_dagrun for example_sla_dag to 2026-05-03 21:50:00+00:00, run_after=2026-05-03 21:52:00+00:00
[2026-05-04T00:52:16.670+0300] {processor.py:208} INFO - Processing /home/nikita/airflow-setup/ENV/lib/python3.12/site-packages/airflow/example_dags/example_sla_dag.py took 0.101 seconds
[2026-05-04T00:53:18.861+0300] {processor.py:186} INFO - Started process (PID=6441) to work on /home/nikita/airflow-setup/ENV/lib/python3.12/site-packages/airflow/example_dags/example_sla_dag.py
[2026-05-04T00:53:18.870+0300] {processor.py:914} INFO - Processing file /home/nikita/airflow-setup/ENV/lib/python3.12/site-packages/airflow/example_dags/example_sla_dag.py for tasks to queue
[2026-05-04T00:53:18.872+0300] {logging_mixin.py:190} INFO - [2026-05-04T00:53:18.871+0300] {dagbag.py:588} INFO - Filling up the DagBag from /home/nikita/airflow-setup/ENV/lib/python3.12/site-packages/airflow/example_dags/example_sla_dag.py
[2026-05-04T00:53:18.880+0300] {processor.py:925} INFO - DAG(s) 'example_sla_dag' retrieved from /home/nikita/airflow-setup/ENV/lib/python3.12/site-packages/airflow/example_dags/example_sla_dag.py
[2026-05-04T00:53:18.891+0300] {logging_mixin.py:190} INFO - [2026-05-04T00:53:18.891+0300] {dag.py:3239} INFO - Sync 1 DAGs
[2026-05-04T00:53:18.909+0300] {logging_mixin.py:190} INFO - [2026-05-04T00:53:18.909+0300] {dag.py:4180} INFO - Setting next_dagrun for example_sla_dag to 2026-05-03 21:50:00+00:00, run_after=2026-05-03 21:52:00+00:00
[2026-05-04T00:53:18.927+0300] {processor.py:208} INFO - Processing /home/nikita/airflow-setup/ENV/lib/python3.12/site-packages/airflow/example_dags/example_sla_dag.py took 0.070 seconds
[2026-05-04T00:54:18.897+0300] {processor.py:186} INFO - Started process (PID=6498) to work on /home/nikita/airflow-setup/ENV/lib/python3.12/site-packages/airflow/example_dags/example_sla_dag.py
[2026-05-04T00:54:18.905+0300] {processor.py:914} INFO - Processing file /home/nikita/airflow-setup/ENV/lib/python3.12/site-packages/airflow/example_dags/example_sla_dag.py for tasks to queue
[2026-05-04T00:54:18.907+0300] {logging_mixin.py:190} INFO - [2026-05-04T00:54:18.907+0300] {dagbag.py:588} INFO - Filling up the DagBag from /home/nikita/airflow-setup/ENV/lib/python3.12/site-packages/airflow/example_dags/example_sla_dag.py
[2026-05-04T00:54:18.916+0300] {processor.py:925} INFO - DAG(s) 'example_sla_dag' retrieved from /home/nikita/airflow-setup/ENV/lib/python3.12/site-packages/airflow/example_dags/example_sla_dag.py
[2026-05-04T00:54:18.929+0300] {logging_mixin.py:190} INFO - [2026-05-04T00:54:18.929+0300] {dag.py:3239} INFO - Sync 1 DAGs
[2026-05-04T00:54:18.947+0300] {logging_mixin.py:190} INFO - [2026-05-04T00:54:18.946+0300] {dag.py:4180} INFO - Setting next_dagrun for example_sla_dag to 2026-05-03 21:52:00+00:00, run_after=2026-05-03 21:54:00+00:00
[2026-05-04T00:54:18.964+0300] {processor.py:208} INFO - Processing /home/nikita/airflow-setup/ENV/lib/python3.12/site-packages/airflow/example_dags/example_sla_dag.py took 0.073 seconds
[2026-05-04T00:55:22.439+0300] {processor.py:186} INFO - Started process (PID=6567) to work on /home/nikita/airflow-setup/ENV/lib/python3.12/site-packages/airflow/example_dags/example_sla_dag.py
[2026-05-04T00:55:22.448+0300] {processor.py:914} INFO - Processing file /home/nikita/airflow-setup/ENV/lib/python3.12/site-packages/airflow/example_dags/example_sla_dag.py for tasks to queue
[2026-05-04T00:55:22.449+0300] {logging_mixin.py:190} INFO - [2026-05-04T00:55:22.449+0300] {dagbag.py:588} INFO - Filling up the DagBag from /home/nikita/airflow-setup/ENV/lib/python3.12/site-packages/airflow/example_dags/example_sla_dag.py
[2026-05-04T00:55:22.458+0300] {processor.py:925} INFO - DAG(s) 'example_sla_dag' retrieved from /home/nikita/airflow-setup/ENV/lib/python3.12/site-packages/airflow/example_dags/example_sla_dag.py
[2026-05-04T00:55:22.468+0300] {logging_mixin.py:190} INFO - [2026-05-04T00:55:22.468+0300] {dag.py:3239} INFO - Sync 1 DAGs
[2026-05-04T00:55:22.483+0300] {logging_mixin.py:190} INFO - [2026-05-04T00:55:22.483+0300] {dag.py:4180} INFO - Setting next_dagrun for example_sla_dag to 2026-05-03 21:52:00+00:00, run_after=2026-05-03 21:54:00+00:00
[2026-05-04T00:55:22.500+0300] {processor.py:208} INFO - Processing /home/nikita/airflow-setup/ENV/lib/python3.12/site-packages/airflow/example_dags/example_sla_dag.py took 0.065 seconds
[2026-05-04T00:56:22.254+0300] {processor.py:186} INFO - Started process (PID=6626) to work on /home/nikita/airflow-setup/ENV/lib/python3.12/site-packages/airflow/example_dags/example_sla_dag.py
[2026-05-04T00:56:22.257+0300] {processor.py:914} INFO - Processing file /home/nikita/airflow-setup/ENV/lib/python3.12/site-packages/airflow/example_dags/example_sla_dag.py for tasks to queue
[2026-05-04T00:56:22.260+0300] {logging_mixin.py:190} INFO - [2026-05-04T00:56:22.259+0300] {dagbag.py:588} INFO - Filling up the DagBag from /home/nikita/airflow-setup/ENV/lib/python3.12/site-packages/airflow/example_dags/example_sla_dag.py
[2026-05-04T00:56:22.269+0300] {processor.py:925} INFO - DAG(s) 'example_sla_dag' retrieved from /home/nikita/airflow-setup/ENV/lib/python3.12/site-packages/airflow/example_dags/example_sla_dag.py
[2026-05-04T00:56:22.284+0300] {logging_mixin.py:190} INFO - [2026-05-04T00:56:22.284+0300] {dag.py:3239} INFO - Sync 1 DAGs
[2026-05-04T00:56:22.303+0300] {logging_mixin.py:190} INFO - [2026-05-04T00:56:22.303+0300] {dag.py:4180} INFO - Setting next_dagrun for example_sla_dag to 2026-05-03 21:54:00+00:00, run_after=2026-05-03 21:56:00+00:00
[2026-05-04T00:56:22.321+0300] {processor.py:208} INFO - Processing /home/nikita/airflow-setup/ENV/lib/python3.12/site-packages/airflow/example_dags/example_sla_dag.py took 0.073 seconds
[2026-05-04T00:57:19.641+0300] {processor.py:186} INFO - Started process (PID=7030) to work on /home/nikita/airflow-setup/ENV/lib/python3.12/site-packages/airflow/example_dags/example_sla_dag.py
[2026-05-04T00:57:19.642+0300] {processor.py:914} INFO - Processing file /home/nikita/airflow-setup/ENV/lib/python3.12/site-packages/airflow/example_dags/example_sla_dag.py for tasks to queue
[2026-05-04T00:57:19.644+0300] {logging_mixin.py:190} INFO - [2026-05-04T00:57:19.644+0300] {dagbag.py:588} INFO - Filling up the DagBag from /home/nikita/airflow-setup/ENV/lib/python3.12/site-packages/airflow/example_dags/example_sla_dag.py
[2026-05-04T00:57:19.655+0300] {processor.py:925} INFO - DAG(s) 'example_sla_dag' retrieved from /home/nikita/airflow-setup/ENV/lib/python3.12/site-packages/airflow/example_dags/example_sla_dag.py
[2026-05-04T00:57:19.670+0300] {logging_mixin.py:190} INFO - [2026-05-04T00:57:19.669+0300] {dag.py:3239} INFO - Sync 1 DAGs
[2026-05-04T00:57:19.691+0300] {logging_mixin.py:190} INFO - [2026-05-04T00:57:19.691+0300] {dag.py:4180} INFO - Setting next_dagrun for example_sla_dag to 2026-05-03 21:54:00+00:00, run_after=2026-05-03 21:56:00+00:00
[2026-05-04T00:57:19.709+0300] {processor.py:208} INFO - Processing /home/nikita/airflow-setup/ENV/lib/python3.12/site-packages/airflow/example_dags/example_sla_dag.py took 0.073 seconds
[2026-05-04T00:58:19.994+0300] {processor.py:186} INFO - Started process (PID=7263) to work on /home/nikita/airflow-setup/ENV/lib/python3.12/site-packages/airflow/example_dags/example_sla_dag.py
[2026-05-04T00:58:20.003+0300] {processor.py:914} INFO - Processing file /home/nikita/airflow-setup/ENV/lib/python3.12/site-packages/airflow/example_dags/example_sla_dag.py for tasks to queue
[2026-05-04T00:58:20.005+0300] {logging_mixin.py:190} INFO - [2026-05-04T00:58:20.005+0300] {dagbag.py:588} INFO - Filling up the DagBag from /home/nikita/airflow-setup/ENV/lib/python3.12/site-packages/airflow/example_dags/example_sla_dag.py
[2026-05-04T00:58:20.012+0300] {processor.py:925} INFO - DAG(s) 'example_sla_dag' retrieved from /home/nikita/airflow-setup/ENV/lib/python3.12/site-packages/airflow/example_dags/example_sla_dag.py
[2026-05-04T00:58:20.022+0300] {logging_mixin.py:190} INFO - [2026-05-04T00:58:20.022+0300] {dag.py:3239} INFO - Sync 1 DAGs
[2026-05-04T00:58:20.036+0300] {logging_mixin.py:190} INFO - [2026-05-04T00:58:20.036+0300] {dag.py:4180} INFO - Setting next_dagrun for example_sla_dag to 2026-05-03 21:56:00+00:00, run_after=2026-05-03 21:58:00+00:00
[2026-05-04T00:58:20.053+0300] {processor.py:208} INFO - Processing /home/nikita/airflow-setup/ENV/lib/python3.12/site-packages/airflow/example_dags/example_sla_dag.py took 0.063 seconds
[2026-05-04T00:59:17.267+0300] {processor.py:186} INFO - Started process (PID=7523) to work on /home/nikita/airflow-setup/ENV/lib/python3.12/site-packages/airflow/example_dags/example_sla_dag.py
[2026-05-04T00:59:17.269+0300] {processor.py:914} INFO - Processing file /home/nikita/airflow-setup/ENV/lib/python3.12/site-packages/airflow/example_dags/example_sla_dag.py for tasks to queue
[2026-05-04T00:59:17.272+0300] {logging_mixin.py:190} INFO - [2026-05-04T00:59:17.271+0300] {dagbag.py:588} INFO - Filling up the DagBag from /home/nikita/airflow-setup/ENV/lib/python3.12/site-packages/airflow/example_dags/example_sla_dag.py
[2026-05-04T00:59:17.283+0300] {processor.py:925} INFO - DAG(s) 'example_sla_dag' retrieved from /home/nikita/airflow-setup/ENV/lib/python3.12/site-packages/airflow/example_dags/example_sla_dag.py
[2026-05-04T00:59:17.300+0300] {logging_mixin.py:190} INFO - [2026-05-04T00:59:17.299+0300] {dag.py:3239} INFO - Sync 1 DAGs
[2026-05-04T00:59:17.321+0300] {logging_mixin.py:190} INFO - [2026-05-04T00:59:17.321+0300] {dag.py:4180} INFO - Setting next_dagrun for example_sla_dag to 2026-05-03 21:56:00+00:00, run_after=2026-05-03 21:58:00+00:00
[2026-05-04T00:59:17.343+0300] {processor.py:208} INFO - Processing /home/nikita/airflow-setup/ENV/lib/python3.12/site-packages/airflow/example_dags/example_sla_dag.py took 0.082 seconds
[2026-05-04T01:00:17.071+0300] {processor.py:186} INFO - Started process (PID=8312) to work on /home/nikita/airflow-setup/ENV/lib/python3.12/site-packages/airflow/example_dags/example_sla_dag.py
[2026-05-04T01:00:17.072+0300] {processor.py:914} INFO - Processing file /home/nikita/airflow-setup/ENV/lib/python3.12/site-packages/airflow/example_dags/example_sla_dag.py for tasks to queue
[2026-05-04T01:00:17.074+0300] {logging_mixin.py:190} INFO - [2026-05-04T01:00:17.073+0300] {dagbag.py:588} INFO - Filling up the DagBag from /home/nikita/airflow-setup/ENV/lib/python3.12/site-packages/airflow/example_dags/example_sla_dag.py
[2026-05-04T01:00:17.082+0300] {processor.py:925} INFO - DAG(s) 'example_sla_dag' retrieved from /home/nikita/airflow-setup/ENV/lib/python3.12/site-packages/airflow/example_dags/example_sla_dag.py
[2026-05-04T01:00:17.094+0300] {logging_mixin.py:190} INFO - [2026-05-04T01:00:17.093+0300] {dag.py:3239} INFO - Sync 1 DAGs
[2026-05-04T01:00:17.109+0300] {logging_mixin.py:190} INFO - [2026-05-04T01:00:17.109+0300] {dag.py:4180} INFO - Setting next_dagrun for example_sla_dag to 2026-05-03 21:58:00+00:00, run_after=2026-05-03 22:00:00+00:00
[2026-05-04T01:00:17.124+0300] {processor.py:208} INFO - Processing /home/nikita/airflow-setup/ENV/lib/python3.12/site-packages/airflow/example_dags/example_sla_dag.py took 0.058 seconds
[2026-05-04T01:01:22.574+0300] {processor.py:186} INFO - Started process (PID=8715) to work on /home/nikita/airflow-setup/ENV/lib/python3.12/site-packages/airflow/example_dags/example_sla_dag.py
[2026-05-04T01:01:22.576+0300] {processor.py:914} INFO - Processing file /home/nikita/airflow-setup/ENV/lib/python3.12/site-packages/airflow/example_dags/example_sla_dag.py for tasks to queue
[2026-05-04T01:01:22.577+0300] {logging_mixin.py:190} INFO - [2026-05-04T01:01:22.576+0300] {dagbag.py:588} INFO - Filling up the DagBag from /home/nikita/airflow-setup/ENV/lib/python3.12/site-packages/airflow/example_dags/example_sla_dag.py
[2026-05-04T01:01:22.584+0300] {processor.py:925} INFO - DAG(s) 'example_sla_dag' retrieved from /home/nikita/airflow-setup/ENV/lib/python3.12/site-packages/airflow/example_dags/example_sla_dag.py
[2026-05-04T01:01:22.594+0300] {logging_mixin.py:190} INFO - [2026-05-04T01:01:22.594+0300] {dag.py:3239} INFO - Sync 1 DAGs
[2026-05-04T01:01:22.609+0300] {logging_mixin.py:190} INFO - [2026-05-04T01:01:22.608+0300] {dag.py:4180} INFO - Setting next_dagrun for example_sla_dag to 2026-05-03 21:58:00+00:00, run_after=2026-05-03 22:00:00+00:00
[2026-05-04T01:01:22.626+0300] {processor.py:208} INFO - Processing /home/nikita/airflow-setup/ENV/lib/python3.12/site-packages/airflow/example_dags/example_sla_dag.py took 0.056 seconds
[2026-05-04T01:02:30.848+0300] {processor.py:186} INFO - Started process (PID=9358) to work on /home/nikita/airflow-setup/ENV/lib/python3.12/site-packages/airflow/example_dags/example_sla_dag.py
[2026-05-04T01:02:30.857+0300] {processor.py:914} INFO - Processing file /home/nikita/airflow-setup/ENV/lib/python3.12/site-packages/airflow/example_dags/example_sla_dag.py for tasks to queue
[2026-05-04T01:02:30.858+0300] {logging_mixin.py:190} INFO - [2026-05-04T01:02:30.857+0300] {dagbag.py:588} INFO - Filling up the DagBag from /home/nikita/airflow-setup/ENV/lib/python3.12/site-packages/airflow/example_dags/example_sla_dag.py
[2026-05-04T01:02:30.865+0300] {processor.py:925} INFO - DAG(s) 'example_sla_dag' retrieved from /home/nikita/airflow-setup/ENV/lib/python3.12/site-packages/airflow/example_dags/example_sla_dag.py
[2026-05-04T01:02:30.876+0300] {logging_mixin.py:190} INFO - [2026-05-04T01:02:30.876+0300] {dag.py:3239} INFO - Sync 1 DAGs
[2026-05-04T01:02:30.891+0300] {logging_mixin.py:190} INFO - [2026-05-04T01:02:30.891+0300] {dag.py:4180} INFO - Setting next_dagrun for example_sla_dag to 2026-05-03 22:00:00+00:00, run_after=2026-05-03 22:02:00+00:00
[2026-05-04T01:02:30.906+0300] {processor.py:208} INFO - Processing /home/nikita/airflow-setup/ENV/lib/python3.12/site-packages/airflow/example_dags/example_sla_dag.py took 0.062 seconds
[2026-05-04T01:03:34.845+0300] {processor.py:186} INFO - Started process (PID=9732) to work on /home/nikita/airflow-setup/ENV/lib/python3.12/site-packages/airflow/example_dags/example_sla_dag.py
[2026-05-04T01:03:34.854+0300] {processor.py:914} INFO - Processing file /home/nikita/airflow-setup/ENV/lib/python3.12/site-packages/airflow/example_dags/example_sla_dag.py for tasks to queue
[2026-05-04T01:03:34.855+0300] {logging_mixin.py:190} INFO - [2026-05-04T01:03:34.855+0300] {dagbag.py:588} INFO - Filling up the DagBag from /home/nikita/airflow-setup/ENV/lib/python3.12/site-packages/airflow/example_dags/example_sla_dag.py
[2026-05-04T01:03:34.864+0300] {processor.py:925} INFO - DAG(s) 'example_sla_dag' retrieved from /home/nikita/airflow-setup/ENV/lib/python3.12/site-packages/airflow/example_dags/example_sla_dag.py
[2026-05-04T01:03:34.875+0300] {logging_mixin.py:190} INFO - [2026-05-04T01:03:34.874+0300] {dag.py:3239} INFO - Sync 1 DAGs
[2026-05-04T01:03:34.892+0300] {logging_mixin.py:190} INFO - [2026-05-04T01:03:34.892+0300] {dag.py:4180} INFO - Setting next_dagrun for example_sla_dag to 2026-05-03 22:00:00+00:00, run_after=2026-05-03 22:02:00+00:00
[2026-05-04T01:03:34.908+0300] {processor.py:208} INFO - Processing /home/nikita/airflow-setup/ENV/lib/python3.12/site-packages/airflow/example_dags/example_sla_dag.py took 0.068 seconds
[2026-05-04T01:04:37.867+0300] {processor.py:186} INFO - Started process (PID=10006) to work on /home/nikita/airflow-setup/ENV/lib/python3.12/site-packages/airflow/example_dags/example_sla_dag.py
[2026-05-04T01:04:37.868+0300] {processor.py:914} INFO - Processing file /home/nikita/airflow-setup/ENV/lib/python3.12/site-packages/airflow/example_dags/example_sla_dag.py for tasks to queue
[2026-05-04T01:04:37.869+0300] {logging_mixin.py:190} INFO - [2026-05-04T01:04:37.868+0300] {dagbag.py:588} INFO - Filling up the DagBag from /home/nikita/airflow-setup/ENV/lib/python3.12/site-packages/airflow/example_dags/example_sla_dag.py
[2026-05-04T01:04:37.878+0300] {processor.py:925} INFO - DAG(s) 'example_sla_dag' retrieved from /home/nikita/airflow-setup/ENV/lib/python3.12/site-packages/airflow/example_dags/example_sla_dag.py
[2026-05-04T01:04:37.892+0300] {logging_mixin.py:190} INFO - [2026-05-04T01:04:37.891+0300] {dag.py:3239} INFO - Sync 1 DAGs
[2026-05-04T01:04:37.922+0300] {logging_mixin.py:190} INFO - [2026-05-04T01:04:37.922+0300] {dag.py:4180} INFO - Setting next_dagrun for example_sla_dag to 2026-05-03 22:02:00+00:00, run_after=2026-05-03 22:04:00+00:00
[2026-05-04T01:04:37.950+0300] {processor.py:208} INFO - Processing /home/nikita/airflow-setup/ENV/lib/python3.12/site-packages/airflow/example_dags/example_sla_dag.py took 0.088 seconds
[2026-05-04T01:05:45.676+0300] {processor.py:186} INFO - Started process (PID=10271) to work on /home/nikita/airflow-setup/ENV/lib/python3.12/site-packages/airflow/example_dags/example_sla_dag.py
[2026-05-04T01:05:45.685+0300] {processor.py:914} INFO - Processing file /home/nikita/airflow-setup/ENV/lib/python3.12/site-packages/airflow/example_dags/example_sla_dag.py for tasks to queue
[2026-05-04T01:05:45.686+0300] {logging_mixin.py:190} INFO - [2026-05-04T01:05:45.686+0300] {dagbag.py:588} INFO - Filling up the DagBag from /home/nikita/airflow-setup/ENV/lib/python3.12/site-packages/airflow/example_dags/example_sla_dag.py
[2026-05-04T01:05:45.695+0300] {processor.py:925} INFO - DAG(s) 'example_sla_dag' retrieved from /home/nikita/airflow-setup/ENV/lib/python3.12/site-packages/airflow/example_dags/example_sla_dag.py
[2026-05-04T01:05:45.706+0300] {logging_mixin.py:190} INFO - [2026-05-04T01:05:45.706+0300] {dag.py:3239} INFO - Sync 1 DAGs
[2026-05-04T01:05:45.723+0300] {logging_mixin.py:190} INFO - [2026-05-04T01:05:45.722+0300] {dag.py:4180} INFO - Setting next_dagrun for example_sla_dag to 2026-05-03 22:02:00+00:00, run_after=2026-05-03 22:04:00+00:00
[2026-05-04T01:05:45.740+0300] {processor.py:208} INFO - Processing /home/nikita/airflow-setup/ENV/lib/python3.12/site-packages/airflow/example_dags/example_sla_dag.py took 0.068 seconds
[2026-05-04T01:06:49.549+0300] {processor.py:186} INFO - Started process (PID=10532) to work on /home/nikita/airflow-setup/ENV/lib/python3.12/site-packages/airflow/example_dags/example_sla_dag.py
[2026-05-04T01:06:49.552+0300] {processor.py:914} INFO - Processing file /home/nikita/airflow-setup/ENV/lib/python3.12/site-packages/airflow/example_dags/example_sla_dag.py for tasks to queue
[2026-05-04T01:06:49.556+0300] {logging_mixin.py:190} INFO - [2026-05-04T01:06:49.555+0300] {dagbag.py:588} INFO - Filling up the DagBag from /home/nikita/airflow-setup/ENV/lib/python3.12/site-packages/airflow/example_dags/example_sla_dag.py
[2026-05-04T01:06:49.579+0300] {processor.py:925} INFO - DAG(s) 'example_sla_dag' retrieved from /home/nikita/airflow-setup/ENV/lib/python3.12/site-packages/airflow/example_dags/example_sla_dag.py
[2026-05-04T01:06:49.595+0300] {logging_mixin.py:190} INFO - [2026-05-04T01:06:49.595+0300] {dag.py:3239} INFO - Sync 1 DAGs
[2026-05-04T01:06:49.613+0300] {logging_mixin.py:190} INFO - [2026-05-04T01:06:49.613+0300] {dag.py:4180} INFO - Setting next_dagrun for example_sla_dag to 2026-05-03 22:04:00+00:00, run_after=2026-05-03 22:06:00+00:00
[2026-05-04T01:06:49.640+0300] {processor.py:208} INFO - Processing /home/nikita/airflow-setup/ENV/lib/python3.12/site-packages/airflow/example_dags/example_sla_dag.py took 0.099 seconds
[2026-05-04T01:07:58.833+0300] {processor.py:186} INFO - Started process (PID=10790) to work on /home/nikita/airflow-setup/ENV/lib/python3.12/site-packages/airflow/example_dags/example_sla_dag.py
[2026-05-04T01:07:58.843+0300] {processor.py:914} INFO - Processing file /home/nikita/airflow-setup/ENV/lib/python3.12/site-packages/airflow/example_dags/example_sla_dag.py for tasks to queue
[2026-05-04T01:07:58.844+0300] {logging_mixin.py:190} INFO - [2026-05-04T01:07:58.844+0300] {dagbag.py:588} INFO - Filling up the DagBag from /home/nikita/airflow-setup/ENV/lib/python3.12/site-packages/airflow/example_dags/example_sla_dag.py
[2026-05-04T01:07:58.852+0300] {processor.py:925} INFO - DAG(s) 'example_sla_dag' retrieved from /home/nikita/airflow-setup/ENV/lib/python3.12/site-packages/airflow/example_dags/example_sla_dag.py
[2026-05-04T01:07:58.864+0300] {logging_mixin.py:190} INFO - [2026-05-04T01:07:58.864+0300] {dag.py:3239} INFO - Sync 1 DAGs
[2026-05-04T01:07:58.881+0300] {logging_mixin.py:190} INFO - [2026-05-04T01:07:58.881+0300] {dag.py:4180} INFO - Setting next_dagrun for example_sla_dag to 2026-05-03 22:04:00+00:00, run_after=2026-05-03 22:06:00+00:00
[2026-05-04T01:07:58.897+0300] {processor.py:208} INFO - Processing /home/nikita/airflow-setup/ENV/lib/python3.12/site-packages/airflow/example_dags/example_sla_dag.py took 0.068 seconds
[2026-05-04T01:09:04.099+0300] {processor.py:186} INFO - Started process (PID=11930) to work on /home/nikita/airflow-setup/ENV/lib/python3.12/site-packages/airflow/example_dags/example_sla_dag.py
[2026-05-04T01:09:04.101+0300] {processor.py:914} INFO - Processing file /home/nikita/airflow-setup/ENV/lib/python3.12/site-packages/airflow/example_dags/example_sla_dag.py for tasks to queue
[2026-05-04T01:09:04.104+0300] {logging_mixin.py:190} INFO - [2026-05-04T01:09:04.103+0300] {dagbag.py:588} INFO - Filling up the DagBag from /home/nikita/airflow-setup/ENV/lib/python3.12/site-packages/airflow/example_dags/example_sla_dag.py
[2026-05-04T01:09:04.122+0300] {processor.py:925} INFO - DAG(s) 'example_sla_dag' retrieved from /home/nikita/airflow-setup/ENV/lib/python3.12/site-packages/airflow/example_dags/example_sla_dag.py
[2026-05-04T01:09:04.139+0300] {logging_mixin.py:190} INFO - [2026-05-04T01:09:04.139+0300] {dag.py:3239} INFO - Sync 1 DAGs
[2026-05-04T01:09:04.164+0300] {logging_mixin.py:190} INFO - [2026-05-04T01:09:04.164+0300] {dag.py:4180} INFO - Setting next_dagrun for example_sla_dag to 2026-05-03 22:06:00+00:00, run_after=2026-05-03 22:08:00+00:00
[2026-05-04T01:09:04.191+0300] {processor.py:208} INFO - Processing /home/nikita/airflow-setup/ENV/lib/python3.12/site-packages/airflow/example_dags/example_sla_dag.py took 0.101 seconds
[2026-05-04T01:10:14.753+0300] {processor.py:186} INFO - Started process (PID=12251) to work on /home/nikita/airflow-setup/ENV/lib/python3.12/site-packages/airflow/example_dags/example_sla_dag.py
[2026-05-04T01:10:14.762+0300] {processor.py:914} INFO - Processing file /home/nikita/airflow-setup/ENV/lib/python3.12/site-packages/airflow/example_dags/example_sla_dag.py for tasks to queue
[2026-05-04T01:10:14.763+0300] {logging_mixin.py:190} INFO - [2026-05-04T01:10:14.763+0300] {dagbag.py:588} INFO - Filling up the DagBag from /home/nikita/airflow-setup/ENV/lib/python3.12/site-packages/airflow/example_dags/example_sla_dag.py
[2026-05-04T01:10:14.772+0300] {processor.py:925} INFO - DAG(s) 'example_sla_dag' retrieved from /home/nikita/airflow-setup/ENV/lib/python3.12/site-packages/airflow/example_dags/example_sla_dag.py
[2026-05-04T01:10:14.783+0300] {logging_mixin.py:190} INFO - [2026-05-04T01:10:14.783+0300] {dag.py:3239} INFO - Sync 1 DAGs
[2026-05-04T01:10:14.799+0300] {logging_mixin.py:190} INFO - [2026-05-04T01:10:14.799+0300] {dag.py:4180} INFO - Setting next_dagrun for example_sla_dag to 2026-05-03 22:08:00+00:00, run_after=2026-05-03 22:10:00+00:00
[2026-05-04T01:10:14.816+0300] {processor.py:208} INFO - Processing /home/nikita/airflow-setup/ENV/lib/python3.12/site-packages/airflow/example_dags/example_sla_dag.py took 0.067 seconds
[2026-05-04T01:11:24.146+0300] {processor.py:186} INFO - Started process (PID=12516) to work on /home/nikita/airflow-setup/ENV/lib/python3.12/site-packages/airflow/example_dags/example_sla_dag.py
[2026-05-04T01:11:24.148+0300] {processor.py:914} INFO - Processing file /home/nikita/airflow-setup/ENV/lib/python3.12/site-packages/airflow/example_dags/example_sla_dag.py for tasks to queue
[2026-05-04T01:11:24.149+0300] {logging_mixin.py:190} INFO - [2026-05-04T01:11:24.149+0300] {dagbag.py:588} INFO - Filling up the DagBag from /home/nikita/airflow-setup/ENV/lib/python3.12/site-packages/airflow/example_dags/example_sla_dag.py
[2026-05-04T01:11:24.157+0300] {processor.py:925} INFO - DAG(s) 'example_sla_dag' retrieved from /home/nikita/airflow-setup/ENV/lib/python3.12/site-packages/airflow/example_dags/example_sla_dag.py
[2026-05-04T01:11:24.168+0300] {logging_mixin.py:190} INFO - [2026-05-04T01:11:24.168+0300] {dag.py:3239} INFO - Sync 1 DAGs
[2026-05-04T01:11:24.185+0300] {logging_mixin.py:190} INFO - [2026-05-04T01:11:24.184+0300] {dag.py:4180} INFO - Setting next_dagrun for example_sla_dag to 2026-05-03 22:08:00+00:00, run_after=2026-05-03 22:10:00+00:00
[2026-05-04T01:11:24.202+0300] {processor.py:208} INFO - Processing /home/nikita/airflow-setup/ENV/lib/python3.12/site-packages/airflow/example_dags/example_sla_dag.py took 0.060 seconds
[2026-05-04T01:12:24.328+0300] {processor.py:186} INFO - Started process (PID=12747) to work on /home/nikita/airflow-setup/ENV/lib/python3.12/site-packages/airflow/example_dags/example_sla_dag.py
[2026-05-04T01:12:24.330+0300] {processor.py:914} INFO - Processing file /home/nikita/airflow-setup/ENV/lib/python3.12/site-packages/airflow/example_dags/example_sla_dag.py for tasks to queue
[2026-05-04T01:12:24.330+0300] {logging_mixin.py:190} INFO - [2026-05-04T01:12:24.330+0300] {dagbag.py:588} INFO - Filling up the DagBag from /home/nikita/airflow-setup/ENV/lib/python3.12/site-packages/airflow/example_dags/example_sla_dag.py
[2026-05-04T01:12:24.338+0300] {processor.py:925} INFO - DAG(s) 'example_sla_dag' retrieved from /home/nikita/airflow-setup/ENV/lib/python3.12/site-packages/airflow/example_dags/example_sla_dag.py
[2026-05-04T01:12:24.349+0300] {logging_mixin.py:190} INFO - [2026-05-04T01:12:24.349+0300] {dag.py:3239} INFO - Sync 1 DAGs
[2026-05-04T01:12:24.366+0300] {logging_mixin.py:190} INFO - [2026-05-04T01:12:24.366+0300] {dag.py:4180} INFO - Setting next_dagrun for example_sla_dag to 2026-05-03 22:10:00+00:00, run_after=2026-05-03 22:12:00+00:00
[2026-05-04T01:12:24.383+0300] {processor.py:208} INFO - Processing /home/nikita/airflow-setup/ENV/lib/python3.12/site-packages/airflow/example_dags/example_sla_dag.py took 0.060 seconds
[2026-05-04T01:13:24.545+0300] {processor.py:186} INFO - Started process (PID=13258) to work on /home/nikita/airflow-setup/ENV/lib/python3.12/site-packages/airflow/example_dags/example_sla_dag.py
[2026-05-04T01:13:24.547+0300] {processor.py:914} INFO - Processing file /home/nikita/airflow-setup/ENV/lib/python3.12/site-packages/airflow/example_dags/example_sla_dag.py for tasks to queue
[2026-05-04T01:13:24.548+0300] {logging_mixin.py:190} INFO - [2026-05-04T01:13:24.548+0300] {dagbag.py:588} INFO - Filling up the DagBag from /home/nikita/airflow-setup/ENV/lib/python3.12/site-packages/airflow/example_dags/example_sla_dag.py
[2026-05-04T01:13:24.557+0300] {processor.py:925} INFO - DAG(s) 'example_sla_dag' retrieved from /home/nikita/airflow-setup/ENV/lib/python3.12/site-packages/airflow/example_dags/example_sla_dag.py
[2026-05-04T01:13:24.569+0300] {logging_mixin.py:190} INFO - [2026-05-04T01:13:24.569+0300] {dag.py:3239} INFO - Sync 1 DAGs
[2026-05-04T01:13:24.585+0300] {logging_mixin.py:190} INFO - [2026-05-04T01:13:24.585+0300] {dag.py:4180} INFO - Setting next_dagrun for example_sla_dag to 2026-05-03 22:10:00+00:00, run_after=2026-05-03 22:12:00+00:00
[2026-05-04T01:13:24.600+0300] {processor.py:208} INFO - Processing /home/nikita/airflow-setup/ENV/lib/python3.12/site-packages/airflow/example_dags/example_sla_dag.py took 0.059 seconds
[2026-05-04T01:14:30.170+0300] {processor.py:186} INFO - Started process (PID=14294) to work on /home/nikita/airflow-setup/ENV/lib/python3.12/site-packages/airflow/example_dags/example_sla_dag.py
[2026-05-04T01:14:30.172+0300] {processor.py:914} INFO - Processing file /home/nikita/airflow-setup/ENV/lib/python3.12/site-packages/airflow/example_dags/example_sla_dag.py for tasks to queue
[2026-05-04T01:14:30.173+0300] {logging_mixin.py:190} INFO - [2026-05-04T01:14:30.173+0300] {dagbag.py:588} INFO - Filling up the DagBag from /home/nikita/airflow-setup/ENV/lib/python3.12/site-packages/airflow/example_dags/example_sla_dag.py
[2026-05-04T01:14:30.185+0300] {processor.py:925} INFO - DAG(s) 'example_sla_dag' retrieved from /home/nikita/airflow-setup/ENV/lib/python3.12/site-packages/airflow/example_dags/example_sla_dag.py
[2026-05-04T01:14:30.199+0300] {logging_mixin.py:190} INFO - [2026-05-04T01:14:30.198+0300] {dag.py:3239} INFO - Sync 1 DAGs
[2026-05-04T01:14:30.218+0300] {logging_mixin.py:190} INFO - [2026-05-04T01:14:30.218+0300] {dag.py:4180} INFO - Setting next_dagrun for example_sla_dag to 2026-05-03 22:12:00+00:00, run_after=2026-05-03 22:14:00+00:00
[2026-05-04T01:14:30.236+0300] {processor.py:208} INFO - Processing /home/nikita/airflow-setup/ENV/lib/python3.12/site-packages/airflow/example_dags/example_sla_dag.py took 0.071 seconds
[2026-05-04T01:15:39.678+0300] {processor.py:186} INFO - Started process (PID=14553) to work on /home/nikita/airflow-setup/ENV/lib/python3.12/site-packages/airflow/example_dags/example_sla_dag.py
[2026-05-04T01:15:39.679+0300] {processor.py:914} INFO - Processing file /home/nikita/airflow-setup/ENV/lib/python3.12/site-packages/airflow/example_dags/example_sla_dag.py for tasks to queue
[2026-05-04T01:15:39.680+0300] {logging_mixin.py:190} INFO - [2026-05-04T01:15:39.680+0300] {dagbag.py:588} INFO - Filling up the DagBag from /home/nikita/airflow-setup/ENV/lib/python3.12/site-packages/airflow/example_dags/example_sla_dag.py
[2026-05-04T01:15:39.688+0300] {processor.py:925} INFO - DAG(s) 'example_sla_dag' retrieved from /home/nikita/airflow-setup/ENV/lib/python3.12/site-packages/airflow/example_dags/example_sla_dag.py
[2026-05-04T01:15:39.698+0300] {logging_mixin.py:190} INFO - [2026-05-04T01:15:39.698+0300] {dag.py:3239} INFO - Sync 1 DAGs
[2026-05-04T01:15:39.714+0300] {logging_mixin.py:190} INFO - [2026-05-04T01:15:39.714+0300] {dag.py:4180} INFO - Setting next_dagrun for example_sla_dag to 2026-05-03 22:12:00+00:00, run_after=2026-05-03 22:14:00+00:00
[2026-05-04T01:15:39.730+0300] {processor.py:208} INFO - Processing /home/nikita/airflow-setup/ENV/lib/python3.12/site-packages/airflow/example_dags/example_sla_dag.py took 0.056 seconds
[2026-05-04T01:16:47.798+0300] {processor.py:186} INFO - Started process (PID=15769) to work on /home/nikita/airflow-setup/ENV/lib/python3.12/site-packages/airflow/example_dags/example_sla_dag.py
[2026-05-04T01:16:47.806+0300] {processor.py:914} INFO - Processing file /home/nikita/airflow-setup/ENV/lib/python3.12/site-packages/airflow/example_dags/example_sla_dag.py for tasks to queue
[2026-05-04T01:16:47.807+0300] {logging_mixin.py:190} INFO - [2026-05-04T01:16:47.807+0300] {dagbag.py:588} INFO - Filling up the DagBag from /home/nikita/airflow-setup/ENV/lib/python3.12/site-packages/airflow/example_dags/example_sla_dag.py
[2026-05-04T01:16:47.815+0300] {processor.py:925} INFO - DAG(s) 'example_sla_dag' retrieved from /home/nikita/airflow-setup/ENV/lib/python3.12/site-packages/airflow/example_dags/example_sla_dag.py
[2026-05-04T01:16:47.826+0300] {logging_mixin.py:190} INFO - [2026-05-04T01:16:47.826+0300] {dag.py:3239} INFO - Sync 1 DAGs
[2026-05-04T01:16:47.840+0300] {logging_mixin.py:190} INFO - [2026-05-04T01:16:47.840+0300] {dag.py:4180} INFO - Setting next_dagrun for example_sla_dag to 2026-05-03 22:14:00+00:00, run_after=2026-05-03 22:16:00+00:00
[2026-05-04T01:16:47.856+0300] {processor.py:208} INFO - Processing /home/nikita/airflow-setup/ENV/lib/python3.12/site-packages/airflow/example_dags/example_sla_dag.py took 0.062 seconds
[2026-05-04T01:17:56.882+0300] {processor.py:186} INFO - Started process (PID=16029) to work on /home/nikita/airflow-setup/ENV/lib/python3.12/site-packages/airflow/example_dags/example_sla_dag.py
[2026-05-04T01:17:56.891+0300] {processor.py:914} INFO - Processing file /home/nikita/airflow-setup/ENV/lib/python3.12/site-packages/airflow/example_dags/example_sla_dag.py for tasks to queue
[2026-05-04T01:17:56.893+0300] {logging_mixin.py:190} INFO - [2026-05-04T01:17:56.892+0300] {dagbag.py:588} INFO - Filling up the DagBag from /home/nikita/airflow-setup/ENV/lib/python3.12/site-packages/airflow/example_dags/example_sla_dag.py
[2026-05-04T01:17:56.902+0300] {processor.py:925} INFO - DAG(s) 'example_sla_dag' retrieved from /home/nikita/airflow-setup/ENV/lib/python3.12/site-packages/airflow/example_dags/example_sla_dag.py
[2026-05-04T01:17:56.914+0300] {logging_mixin.py:190} INFO - [2026-05-04T01:17:56.914+0300] {dag.py:3239} INFO - Sync 1 DAGs
[2026-05-04T01:17:56.932+0300] {logging_mixin.py:190} INFO - [2026-05-04T01:17:56.932+0300] {dag.py:4180} INFO - Setting next_dagrun for example_sla_dag to 2026-05-03 22:14:00+00:00, run_after=2026-05-03 22:16:00+00:00
[2026-05-04T01:17:56.951+0300] {processor.py:208} INFO - Processing /home/nikita/airflow-setup/ENV/lib/python3.12/site-packages/airflow/example_dags/example_sla_dag.py took 0.074 seconds
[2026-05-04T01:19:04.748+0300] {processor.py:186} INFO - Started process (PID=16287) to work on /home/nikita/airflow-setup/ENV/lib/python3.12/site-packages/airflow/example_dags/example_sla_dag.py
[2026-05-04T01:19:04.758+0300] {processor.py:914} INFO - Processing file /home/nikita/airflow-setup/ENV/lib/python3.12/site-packages/airflow/example_dags/example_sla_dag.py for tasks to queue
[2026-05-04T01:19:04.759+0300] {logging_mixin.py:190} INFO - [2026-05-04T01:19:04.758+0300] {dagbag.py:588} INFO - Filling up the DagBag from /home/nikita/airflow-setup/ENV/lib/python3.12/site-packages/airflow/example_dags/example_sla_dag.py
[2026-05-04T01:19:04.767+0300] {processor.py:925} INFO - DAG(s) 'example_sla_dag' retrieved from /home/nikita/airflow-setup/ENV/lib/python3.12/site-packages/airflow/example_dags/example_sla_dag.py
[2026-05-04T01:19:04.777+0300] {logging_mixin.py:190} INFO - [2026-05-04T01:19:04.777+0300] {dag.py:3239} INFO - Sync 1 DAGs
[2026-05-04T01:19:04.792+0300] {logging_mixin.py:190} INFO - [2026-05-04T01:19:04.792+0300] {dag.py:4180} INFO - Setting next_dagrun for example_sla_dag to 2026-05-03 22:16:00+00:00, run_after=2026-05-03 22:18:00+00:00
[2026-05-04T01:19:04.809+0300] {processor.py:208} INFO - Processing /home/nikita/airflow-setup/ENV/lib/python3.12/site-packages/airflow/example_dags/example_sla_dag.py took 0.065 seconds
[2026-05-04T01:20:07.644+0300] {processor.py:186} INFO - Started process (PID=16543) to work on /home/nikita/airflow-setup/ENV/lib/python3.12/site-packages/airflow/example_dags/example_sla_dag.py
[2026-05-04T01:20:07.647+0300] {processor.py:914} INFO - Processing file /home/nikita/airflow-setup/ENV/lib/python3.12/site-packages/airflow/example_dags/example_sla_dag.py for tasks to queue
[2026-05-04T01:20:07.648+0300] {logging_mixin.py:190} INFO - [2026-05-04T01:20:07.648+0300] {dagbag.py:588} INFO - Filling up the DagBag from /home/nikita/airflow-setup/ENV/lib/python3.12/site-packages/airflow/example_dags/example_sla_dag.py
[2026-05-04T01:20:07.659+0300] {processor.py:925} INFO - DAG(s) 'example_sla_dag' retrieved from /home/nikita/airflow-setup/ENV/lib/python3.12/site-packages/airflow/example_dags/example_sla_dag.py
[2026-05-04T01:20:07.677+0300] {logging_mixin.py:190} INFO - [2026-05-04T01:20:07.677+0300] {dag.py:3239} INFO - Sync 1 DAGs
[2026-05-04T01:20:07.699+0300] {logging_mixin.py:190} INFO - [2026-05-04T01:20:07.699+0300] {dag.py:4180} INFO - Setting next_dagrun for example_sla_dag to 2026-05-03 22:18:00+00:00, run_after=2026-05-03 22:20:00+00:00
[2026-05-04T01:20:07.719+0300] {processor.py:208} INFO - Processing /home/nikita/airflow-setup/ENV/lib/python3.12/site-packages/airflow/example_dags/example_sla_dag.py took 0.078 seconds
[2026-05-04T01:21:15.255+0300] {processor.py:186} INFO - Started process (PID=16803) to work on /home/nikita/airflow-setup/ENV/lib/python3.12/site-packages/airflow/example_dags/example_sla_dag.py
[2026-05-04T01:21:15.256+0300] {processor.py:914} INFO - Processing file /home/nikita/airflow-setup/ENV/lib/python3.12/site-packages/airflow/example_dags/example_sla_dag.py for tasks to queue
[2026-05-04T01:21:15.258+0300] {logging_mixin.py:190} INFO - [2026-05-04T01:21:15.257+0300] {dagbag.py:588} INFO - Filling up the DagBag from /home/nikita/airflow-setup/ENV/lib/python3.12/site-packages/airflow/example_dags/example_sla_dag.py
[2026-05-04T01:21:15.269+0300] {processor.py:925} INFO - DAG(s) 'example_sla_dag' retrieved from /home/nikita/airflow-setup/ENV/lib/python3.12/site-packages/airflow/example_dags/example_sla_dag.py
[2026-05-04T01:21:15.284+0300] {logging_mixin.py:190} INFO - [2026-05-04T01:21:15.283+0300] {dag.py:3239} INFO - Sync 1 DAGs
[2026-05-04T01:21:15.304+0300] {logging_mixin.py:190} INFO - [2026-05-04T01:21:15.304+0300] {dag.py:4180} INFO - Setting next_dagrun for example_sla_dag to 2026-05-03 22:18:00+00:00, run_after=2026-05-03 22:20:00+00:00
[2026-05-04T01:21:15.325+0300] {processor.py:208} INFO - Processing /home/nikita/airflow-setup/ENV/lib/python3.12/site-packages/airflow/example_dags/example_sla_dag.py took 0.076 seconds
[2026-05-04T01:22:26.748+0300] {processor.py:186} INFO - Started process (PID=17069) to work on /home/nikita/airflow-setup/ENV/lib/python3.12/site-packages/airflow/example_dags/example_sla_dag.py
[2026-05-04T01:22:26.749+0300] {processor.py:914} INFO - Processing file /home/nikita/airflow-setup/ENV/lib/python3.12/site-packages/airflow/example_dags/example_sla_dag.py for tasks to queue
[2026-05-04T01:22:26.750+0300] {logging_mixin.py:190} INFO - [2026-05-04T01:22:26.750+0300] {dagbag.py:588} INFO - Filling up the DagBag from /home/nikita/airflow-setup/ENV/lib/python3.12/site-packages/airflow/example_dags/example_sla_dag.py
[2026-05-04T01:22:26.759+0300] {processor.py:925} INFO - DAG(s) 'example_sla_dag' retrieved from /home/nikita/airflow-setup/ENV/lib/python3.12/site-packages/airflow/example_dags/example_sla_dag.py
[2026-05-04T01:22:26.769+0300] {logging_mixin.py:190} INFO - [2026-05-04T01:22:26.768+0300] {dag.py:3239} INFO - Sync 1 DAGs
[2026-05-04T01:22:26.785+0300] {logging_mixin.py:190} INFO - [2026-05-04T01:22:26.785+0300] {dag.py:4180} INFO - Setting next_dagrun for example_sla_dag to 2026-05-03 22:20:00+00:00, run_after=2026-05-03 22:22:00+00:00
[2026-05-04T01:22:26.803+0300] {processor.py:208} INFO - Processing /home/nikita/airflow-setup/ENV/lib/python3.12/site-packages/airflow/example_dags/example_sla_dag.py took 0.060 seconds
[2026-05-04T01:23:35.513+0300] {processor.py:186} INFO - Started process (PID=17327) to work on /home/nikita/airflow-setup/ENV/lib/python3.12/site-packages/airflow/example_dags/example_sla_dag.py
[2026-05-04T01:23:35.514+0300] {processor.py:914} INFO - Processing file /home/nikita/airflow-setup/ENV/lib/python3.12/site-packages/airflow/example_dags/example_sla_dag.py for tasks to queue
[2026-05-04T01:23:35.516+0300] {logging_mixin.py:190} INFO - [2026-05-04T01:23:35.515+0300] {dagbag.py:588} INFO - Filling up the DagBag from /home/nikita/airflow-setup/ENV/lib/python3.12/site-packages/airflow/example_dags/example_sla_dag.py
[2026-05-04T01:23:35.525+0300] {processor.py:925} INFO - DAG(s) 'example_sla_dag' retrieved from /home/nikita/airflow-setup/ENV/lib/python3.12/site-packages/airflow/example_dags/example_sla_dag.py
[2026-05-04T01:23:35.538+0300] {logging_mixin.py:190} INFO - [2026-05-04T01:23:35.538+0300] {dag.py:3239} INFO - Sync 1 DAGs
[2026-05-04T01:23:35.555+0300] {logging_mixin.py:190} INFO - [2026-05-04T01:23:35.554+0300] {dag.py:4180} INFO - Setting next_dagrun for example_sla_dag to 2026-05-03 22:20:00+00:00, run_after=2026-05-03 22:22:00+00:00
[2026-05-04T01:23:35.571+0300] {processor.py:208} INFO - Processing /home/nikita/airflow-setup/ENV/lib/python3.12/site-packages/airflow/example_dags/example_sla_dag.py took 0.064 seconds
[2026-05-04T01:24:41.363+0300] {processor.py:186} INFO - Started process (PID=17892) to work on /home/nikita/airflow-setup/ENV/lib/python3.12/site-packages/airflow/example_dags/example_sla_dag.py
[2026-05-04T01:24:41.365+0300] {processor.py:914} INFO - Processing file /home/nikita/airflow-setup/ENV/lib/python3.12/site-packages/airflow/example_dags/example_sla_dag.py for tasks to queue
[2026-05-04T01:24:41.366+0300] {logging_mixin.py:190} INFO - [2026-05-04T01:24:41.366+0300] {dagbag.py:588} INFO - Filling up the DagBag from /home/nikita/airflow-setup/ENV/lib/python3.12/site-packages/airflow/example_dags/example_sla_dag.py
[2026-05-04T01:24:41.375+0300] {processor.py:925} INFO - DAG(s) 'example_sla_dag' retrieved from /home/nikita/airflow-setup/ENV/lib/python3.12/site-packages/airflow/example_dags/example_sla_dag.py
[2026-05-04T01:24:41.387+0300] {logging_mixin.py:190} INFO - [2026-05-04T01:24:41.387+0300] {dag.py:3239} INFO - Sync 1 DAGs
[2026-05-04T01:24:41.408+0300] {logging_mixin.py:190} INFO - [2026-05-04T01:24:41.408+0300] {dag.py:4180} INFO - Setting next_dagrun for example_sla_dag to 2026-05-03 22:22:00+00:00, run_after=2026-05-03 22:24:00+00:00
[2026-05-04T01:24:41.540+0300] {processor.py:208} INFO - Processing /home/nikita/airflow-setup/ENV/lib/python3.12/site-packages/airflow/example_dags/example_sla_dag.py took 0.182 seconds
[2026-05-04T01:25:51.707+0300] {processor.py:186} INFO - Started process (PID=18508) to work on /home/nikita/airflow-setup/ENV/lib/python3.12/site-packages/airflow/example_dags/example_sla_dag.py
[2026-05-04T01:25:51.715+0300] {processor.py:914} INFO - Processing file /home/nikita/airflow-setup/ENV/lib/python3.12/site-packages/airflow/example_dags/example_sla_dag.py for tasks to queue
[2026-05-04T01:25:51.716+0300] {logging_mixin.py:190} INFO - [2026-05-04T01:25:51.716+0300] {dagbag.py:588} INFO - Filling up the DagBag from /home/nikita/airflow-setup/ENV/lib/python3.12/site-packages/airflow/example_dags/example_sla_dag.py
[2026-05-04T01:25:51.724+0300] {processor.py:925} INFO - DAG(s) 'example_sla_dag' retrieved from /home/nikita/airflow-setup/ENV/lib/python3.12/site-packages/airflow/example_dags/example_sla_dag.py
[2026-05-04T01:25:51.735+0300] {logging_mixin.py:190} INFO - [2026-05-04T01:25:51.734+0300] {dag.py:3239} INFO - Sync 1 DAGs
[2026-05-04T01:25:51.751+0300] {logging_mixin.py:190} INFO - [2026-05-04T01:25:51.751+0300] {dag.py:4180} INFO - Setting next_dagrun for example_sla_dag to 2026-05-03 22:22:00+00:00, run_after=2026-05-03 22:24:00+00:00
[2026-05-04T01:25:51.767+0300] {processor.py:208} INFO - Processing /home/nikita/airflow-setup/ENV/lib/python3.12/site-packages/airflow/example_dags/example_sla_dag.py took 0.065 seconds
[2026-05-04T01:27:04.971+0300] {processor.py:186} INFO - Started process (PID=19457) to work on /home/nikita/airflow-setup/ENV/lib/python3.12/site-packages/airflow/example_dags/example_sla_dag.py
[2026-05-04T01:27:04.982+0300] {processor.py:914} INFO - Processing file /home/nikita/airflow-setup/ENV/lib/python3.12/site-packages/airflow/example_dags/example_sla_dag.py for tasks to queue
[2026-05-04T01:27:04.986+0300] {logging_mixin.py:190} INFO - [2026-05-04T01:27:04.984+0300] {dagbag.py:588} INFO - Filling up the DagBag from /home/nikita/airflow-setup/ENV/lib/python3.12/site-packages/airflow/example_dags/example_sla_dag.py
[2026-05-04T01:27:05.010+0300] {processor.py:925} INFO - DAG(s) 'example_sla_dag' retrieved from /home/nikita/airflow-setup/ENV/lib/python3.12/site-packages/airflow/example_dags/example_sla_dag.py
[2026-05-04T01:27:05.054+0300] {logging_mixin.py:190} INFO - [2026-05-04T01:27:05.053+0300] {dag.py:3239} INFO - Sync 1 DAGs
[2026-05-04T01:27:05.092+0300] {logging_mixin.py:190} INFO - [2026-05-04T01:27:05.091+0300] {dag.py:4180} INFO - Setting next_dagrun for example_sla_dag to 2026-05-03 22:24:00+00:00, run_after=2026-05-03 22:26:00+00:00
[2026-05-04T01:27:05.131+0300] {processor.py:208} INFO - Processing /home/nikita/airflow-setup/ENV/lib/python3.12/site-packages/airflow/example_dags/example_sla_dag.py took 0.176 seconds
[2026-05-04T01:28:16.491+0300] {processor.py:186} INFO - Started process (PID=19728) to work on /home/nikita/airflow-setup/ENV/lib/python3.12/site-packages/airflow/example_dags/example_sla_dag.py
[2026-05-04T01:28:16.500+0300] {processor.py:914} INFO - Processing file /home/nikita/airflow-setup/ENV/lib/python3.12/site-packages/airflow/example_dags/example_sla_dag.py for tasks to queue
[2026-05-04T01:28:16.501+0300] {logging_mixin.py:190} INFO - [2026-05-04T01:28:16.501+0300] {dagbag.py:588} INFO - Filling up the DagBag from /home/nikita/airflow-setup/ENV/lib/python3.12/site-packages/airflow/example_dags/example_sla_dag.py
[2026-05-04T01:28:16.512+0300] {processor.py:925} INFO - DAG(s) 'example_sla_dag' retrieved from /home/nikita/airflow-setup/ENV/lib/python3.12/site-packages/airflow/example_dags/example_sla_dag.py
[2026-05-04T01:28:16.524+0300] {logging_mixin.py:190} INFO - [2026-05-04T01:28:16.524+0300] {dag.py:3239} INFO - Sync 1 DAGs
[2026-05-04T01:28:16.660+0300] {logging_mixin.py:190} INFO - [2026-05-04T01:28:16.660+0300] {dag.py:4180} INFO - Setting next_dagrun for example_sla_dag to 2026-05-03 22:26:00+00:00, run_after=2026-05-03 22:28:00+00:00
[2026-05-04T01:28:16.676+0300] {processor.py:208} INFO - Processing /home/nikita/airflow-setup/ENV/lib/python3.12/site-packages/airflow/example_dags/example_sla_dag.py took 0.190 seconds
[2026-05-04T01:29:25.158+0300] {processor.py:186} INFO - Started process (PID=19990) to work on /home/nikita/airflow-setup/ENV/lib/python3.12/site-packages/airflow/example_dags/example_sla_dag.py
[2026-05-04T01:29:25.159+0300] {processor.py:914} INFO - Processing file /home/nikita/airflow-setup/ENV/lib/python3.12/site-packages/airflow/example_dags/example_sla_dag.py for tasks to queue
[2026-05-04T01:29:25.160+0300] {logging_mixin.py:190} INFO - [2026-05-04T01:29:25.160+0300] {dagbag.py:588} INFO - Filling up the DagBag from /home/nikita/airflow-setup/ENV/lib/python3.12/site-packages/airflow/example_dags/example_sla_dag.py
[2026-05-04T01:29:25.168+0300] {processor.py:925} INFO - DAG(s) 'example_sla_dag' retrieved from /home/nikita/airflow-setup/ENV/lib/python3.12/site-packages/airflow/example_dags/example_sla_dag.py
[2026-05-04T01:29:25.179+0300] {logging_mixin.py:190} INFO - [2026-05-04T01:29:25.178+0300] {dag.py:3239} INFO - Sync 1 DAGs
[2026-05-04T01:29:25.195+0300] {logging_mixin.py:190} INFO - [2026-05-04T01:29:25.195+0300] {dag.py:4180} INFO - Setting next_dagrun for example_sla_dag to 2026-05-03 22:26:00+00:00, run_after=2026-05-03 22:28:00+00:00
[2026-05-04T01:29:25.326+0300] {processor.py:208} INFO - Processing /home/nikita/airflow-setup/ENV/lib/python3.12/site-packages/airflow/example_dags/example_sla_dag.py took 0.172 seconds
[2026-05-04T01:30:36.979+0300] {processor.py:186} INFO - Started process (PID=20261) to work on /home/nikita/airflow-setup/ENV/lib/python3.12/site-packages/airflow/example_dags/example_sla_dag.py
[2026-05-04T01:30:36.987+0300] {processor.py:914} INFO - Processing file /home/nikita/airflow-setup/ENV/lib/python3.12/site-packages/airflow/example_dags/example_sla_dag.py for tasks to queue
[2026-05-04T01:30:36.988+0300] {logging_mixin.py:190} INFO - [2026-05-04T01:30:36.988+0300] {dagbag.py:588} INFO - Filling up the DagBag from /home/nikita/airflow-setup/ENV/lib/python3.12/site-packages/airflow/example_dags/example_sla_dag.py
[2026-05-04T01:30:36.997+0300] {processor.py:925} INFO - DAG(s) 'example_sla_dag' retrieved from /home/nikita/airflow-setup/ENV/lib/python3.12/site-packages/airflow/example_dags/example_sla_dag.py
[2026-05-04T01:30:37.008+0300] {logging_mixin.py:190} INFO - [2026-05-04T01:30:37.008+0300] {dag.py:3239} INFO - Sync 1 DAGs
[2026-05-04T01:30:37.025+0300] {logging_mixin.py:190} INFO - [2026-05-04T01:30:37.025+0300] {dag.py:4180} INFO - Setting next_dagrun for example_sla_dag to 2026-05-03 22:28:00+00:00, run_after=2026-05-03 22:30:00+00:00
[2026-05-04T01:30:37.043+0300] {processor.py:208} INFO - Processing /home/nikita/airflow-setup/ENV/lib/python3.12/site-packages/airflow/example_dags/example_sla_dag.py took 0.069 seconds
[2026-05-04T01:31:58.229+0300] {processor.py:186} INFO - Started process (PID=20559) to work on /home/nikita/airflow-setup/ENV/lib/python3.12/site-packages/airflow/example_dags/example_sla_dag.py
[2026-05-04T01:31:58.238+0300] {processor.py:914} INFO - Processing file /home/nikita/airflow-setup/ENV/lib/python3.12/site-packages/airflow/example_dags/example_sla_dag.py for tasks to queue
[2026-05-04T01:31:58.240+0300] {logging_mixin.py:190} INFO - [2026-05-04T01:31:58.239+0300] {dagbag.py:588} INFO - Filling up the DagBag from /home/nikita/airflow-setup/ENV/lib/python3.12/site-packages/airflow/example_dags/example_sla_dag.py
[2026-05-04T01:31:58.362+0300] {processor.py:925} INFO - DAG(s) 'example_sla_dag' retrieved from /home/nikita/airflow-setup/ENV/lib/python3.12/site-packages/airflow/example_dags/example_sla_dag.py
[2026-05-04T01:31:58.371+0300] {logging_mixin.py:190} INFO - [2026-05-04T01:31:58.370+0300] {dag.py:3239} INFO - Sync 1 DAGs
[2026-05-04T01:31:58.386+0300] {logging_mixin.py:190} INFO - [2026-05-04T01:31:58.385+0300] {dag.py:4180} INFO - Setting next_dagrun for example_sla_dag to 2026-05-03 22:28:00+00:00, run_after=2026-05-03 22:30:00+00:00
[2026-05-04T01:31:58.404+0300] {processor.py:208} INFO - Processing /home/nikita/airflow-setup/ENV/lib/python3.12/site-packages/airflow/example_dags/example_sla_dag.py took 0.179 seconds
[2026-05-04T01:33:08.665+0300] {processor.py:186} INFO - Started process (PID=20971) to work on /home/nikita/airflow-setup/ENV/lib/python3.12/site-packages/airflow/example_dags/example_sla_dag.py
[2026-05-04T01:33:08.674+0300] {processor.py:914} INFO - Processing file /home/nikita/airflow-setup/ENV/lib/python3.12/site-packages/airflow/example_dags/example_sla_dag.py for tasks to queue
[2026-05-04T01:33:08.675+0300] {logging_mixin.py:190} INFO - [2026-05-04T01:33:08.675+0300] {dagbag.py:588} INFO - Filling up the DagBag from /home/nikita/airflow-setup/ENV/lib/python3.12/site-packages/airflow/example_dags/example_sla_dag.py
[2026-05-04T01:33:08.683+0300] {processor.py:925} INFO - DAG(s) 'example_sla_dag' retrieved from /home/nikita/airflow-setup/ENV/lib/python3.12/site-packages/airflow/example_dags/example_sla_dag.py
[2026-05-04T01:33:08.693+0300] {logging_mixin.py:190} INFO - [2026-05-04T01:33:08.693+0300] {dag.py:3239} INFO - Sync 1 DAGs
[2026-05-04T01:33:08.708+0300] {logging_mixin.py:190} INFO - [2026-05-04T01:33:08.708+0300] {dag.py:4180} INFO - Setting next_dagrun for example_sla_dag to 2026-05-03 22:30:00+00:00, run_after=2026-05-03 22:32:00+00:00
[2026-05-04T01:33:08.724+0300] {processor.py:208} INFO - Processing /home/nikita/airflow-setup/ENV/lib/python3.12/site-packages/airflow/example_dags/example_sla_dag.py took 0.063 seconds
[2026-05-04T01:34:10.586+0300] {processor.py:186} INFO - Started process (PID=21337) to work on /home/nikita/airflow-setup/ENV/lib/python3.12/site-packages/airflow/example_dags/example_sla_dag.py
[2026-05-04T01:34:10.587+0300] {processor.py:914} INFO - Processing file /home/nikita/airflow-setup/ENV/lib/python3.12/site-packages/airflow/example_dags/example_sla_dag.py for tasks to queue
[2026-05-04T01:34:10.588+0300] {logging_mixin.py:190} INFO - [2026-05-04T01:34:10.587+0300] {dagbag.py:588} INFO - Filling up the DagBag from /home/nikita/airflow-setup/ENV/lib/python3.12/site-packages/airflow/example_dags/example_sla_dag.py
[2026-05-04T01:34:10.595+0300] {processor.py:925} INFO - DAG(s) 'example_sla_dag' retrieved from /home/nikita/airflow-setup/ENV/lib/python3.12/site-packages/airflow/example_dags/example_sla_dag.py
[2026-05-04T01:34:10.605+0300] {logging_mixin.py:190} INFO - [2026-05-04T01:34:10.605+0300] {dag.py:3239} INFO - Sync 1 DAGs
[2026-05-04T01:34:10.620+0300] {logging_mixin.py:190} INFO - [2026-05-04T01:34:10.620+0300] {dag.py:4180} INFO - Setting next_dagrun for example_sla_dag to 2026-05-03 22:32:00+00:00, run_after=2026-05-03 22:34:00+00:00
[2026-05-04T01:34:10.635+0300] {processor.py:208} INFO - Processing /home/nikita/airflow-setup/ENV/lib/python3.12/site-packages/airflow/example_dags/example_sla_dag.py took 0.054 seconds
[2026-05-04T01:35:16.196+0300] {processor.py:186} INFO - Started process (PID=21591) to work on /home/nikita/airflow-setup/ENV/lib/python3.12/site-packages/airflow/example_dags/example_sla_dag.py
[2026-05-04T01:35:16.197+0300] {processor.py:914} INFO - Processing file /home/nikita/airflow-setup/ENV/lib/python3.12/site-packages/airflow/example_dags/example_sla_dag.py for tasks to queue
[2026-05-04T01:35:16.198+0300] {logging_mixin.py:190} INFO - [2026-05-04T01:35:16.198+0300] {dagbag.py:588} INFO - Filling up the DagBag from /home/nikita/airflow-setup/ENV/lib/python3.12/site-packages/airflow/example_dags/example_sla_dag.py
[2026-05-04T01:35:16.207+0300] {processor.py:925} INFO - DAG(s) 'example_sla_dag' retrieved from /home/nikita/airflow-setup/ENV/lib/python3.12/site-packages/airflow/example_dags/example_sla_dag.py
[2026-05-04T01:35:16.218+0300] {logging_mixin.py:190} INFO - [2026-05-04T01:35:16.217+0300] {dag.py:3239} INFO - Sync 1 DAGs
[2026-05-04T01:35:16.234+0300] {logging_mixin.py:190} INFO - [2026-05-04T01:35:16.234+0300] {dag.py:4180} INFO - Setting next_dagrun for example_sla_dag to 2026-05-03 22:32:00+00:00, run_after=2026-05-03 22:34:00+00:00
[2026-05-04T01:35:16.250+0300] {processor.py:208} INFO - Processing /home/nikita/airflow-setup/ENV/lib/python3.12/site-packages/airflow/example_dags/example_sla_dag.py took 0.059 seconds
[2026-05-04T01:36:17.658+0300] {processor.py:186} INFO - Started process (PID=21831) to work on /home/nikita/airflow-setup/ENV/lib/python3.12/site-packages/airflow/example_dags/example_sla_dag.py
[2026-05-04T01:36:17.667+0300] {processor.py:914} INFO - Processing file /home/nikita/airflow-setup/ENV/lib/python3.12/site-packages/airflow/example_dags/example_sla_dag.py for tasks to queue
[2026-05-04T01:36:17.668+0300] {logging_mixin.py:190} INFO - [2026-05-04T01:36:17.668+0300] {dagbag.py:588} INFO - Filling up the DagBag from /home/nikita/airflow-setup/ENV/lib/python3.12/site-packages/airflow/example_dags/example_sla_dag.py
[2026-05-04T01:36:17.679+0300] {processor.py:925} INFO - DAG(s) 'example_sla_dag' retrieved from /home/nikita/airflow-setup/ENV/lib/python3.12/site-packages/airflow/example_dags/example_sla_dag.py
[2026-05-04T01:36:17.692+0300] {logging_mixin.py:190} INFO - [2026-05-04T01:36:17.692+0300] {dag.py:3239} INFO - Sync 1 DAGs
[2026-05-04T01:36:17.708+0300] {logging_mixin.py:190} INFO - [2026-05-04T01:36:17.708+0300] {dag.py:4180} INFO - Setting next_dagrun for example_sla_dag to 2026-05-03 22:34:00+00:00, run_after=2026-05-03 22:36:00+00:00
[2026-05-04T01:36:17.724+0300] {processor.py:208} INFO - Processing /home/nikita/airflow-setup/ENV/lib/python3.12/site-packages/airflow/example_dags/example_sla_dag.py took 0.071 seconds
