[2026-05-04T00:45:43.548+0300] {processor.py:186} INFO - Started process (PID=5940) to work on /home/nikita/airflow-setup/ENV/lib/python3.12/site-packages/airflow/example_dags/example_xcom.py
[2026-05-04T00:45:43.548+0300] {processor.py:914} INFO - Processing file /home/nikita/airflow-setup/ENV/lib/python3.12/site-packages/airflow/example_dags/example_xcom.py for tasks to queue
[2026-05-04T00:45:43.550+0300] {logging_mixin.py:190} INFO - [2026-05-04T00:45:43.550+0300] {dagbag.py:588} INFO - Filling up the DagBag from /home/nikita/airflow-setup/ENV/lib/python3.12/site-packages/airflow/example_dags/example_xcom.py
[2026-05-04T00:45:43.556+0300] {processor.py:925} INFO - DAG(s) 'example_xcom' retrieved from /home/nikita/airflow-setup/ENV/lib/python3.12/site-packages/airflow/example_dags/example_xcom.py
[2026-05-04T00:45:43.642+0300] {logging_mixin.py:190} INFO - [2026-05-04T00:45:43.641+0300] {override.py:1930} INFO - Created Permission View: can read on DAG:example_xcom
[2026-05-04T00:45:43.651+0300] {logging_mixin.py:190} INFO - [2026-05-04T00:45:43.651+0300] {override.py:1930} INFO - Created Permission View: can delete on DAG:example_xcom
[2026-05-04T00:45:43.657+0300] {logging_mixin.py:190} INFO - [2026-05-04T00:45:43.657+0300] {override.py:1930} INFO - Created Permission View: can edit on DAG:example_xcom
[2026-05-04T00:45:43.667+0300] {logging_mixin.py:190} INFO - [2026-05-04T00:45:43.667+0300] {override.py:1930} INFO - Created Permission View: can read on DAG Run:example_xcom
[2026-05-04T00:45:43.674+0300] {logging_mixin.py:190} INFO - [2026-05-04T00:45:43.674+0300] {override.py:1930} INFO - Created Permission View: can delete on DAG Run:example_xcom
[2026-05-04T00:45:43.680+0300] {logging_mixin.py:190} INFO - [2026-05-04T00:45:43.680+0300] {override.py:1930} INFO - Created Permission View: menu access on DAG Run:example_xcom
[2026-05-04T00:45:43.686+0300] {logging_mixin.py:190} INFO - [2026-05-04T00:45:43.686+0300] {override.py:1930} INFO - Created Permission View: can create on DAG Run:example_xcom
[2026-05-04T00:45:43.686+0300] {logging_mixin.py:190} INFO - [2026-05-04T00:45:43.686+0300] {dag.py:3239} INFO - Sync 1 DAGs
[2026-05-04T00:45:43.695+0300] {logging_mixin.py:190} INFO - [2026-05-04T00:45:43.694+0300] {dag.py:3262} INFO - Creating ORM DAG for example_xcom
[2026-05-04T00:45:43.701+0300] {logging_mixin.py:190} INFO - [2026-05-04T00:45:43.701+0300] {dag.py:4180} INFO - Setting next_dagrun for example_xcom to 2021-01-01 00:00:00+00:00, run_after=2021-01-01 00:00:00+00:00
[2026-05-04T00:45:43.715+0300] {processor.py:208} INFO - Processing /home/nikita/airflow-setup/ENV/lib/python3.12/site-packages/airflow/example_dags/example_xcom.py took 0.171 seconds
[2026-05-04T00:46:47.272+0300] {processor.py:186} INFO - Started process (PID=6001) to work on /home/nikita/airflow-setup/ENV/lib/python3.12/site-packages/airflow/example_dags/example_xcom.py
[2026-05-04T00:46:47.280+0300] {processor.py:914} INFO - Processing file /home/nikita/airflow-setup/ENV/lib/python3.12/site-packages/airflow/example_dags/example_xcom.py for tasks to queue
[2026-05-04T00:46:47.282+0300] {logging_mixin.py:190} INFO - [2026-05-04T00:46:47.282+0300] {dagbag.py:588} INFO - Filling up the DagBag from /home/nikita/airflow-setup/ENV/lib/python3.12/site-packages/airflow/example_dags/example_xcom.py
[2026-05-04T00:46:47.290+0300] {processor.py:925} INFO - DAG(s) 'example_xcom' retrieved from /home/nikita/airflow-setup/ENV/lib/python3.12/site-packages/airflow/example_dags/example_xcom.py
[2026-05-04T00:46:47.303+0300] {logging_mixin.py:190} INFO - [2026-05-04T00:46:47.303+0300] {dag.py:3239} INFO - Sync 1 DAGs
[2026-05-04T00:46:47.318+0300] {logging_mixin.py:190} INFO - [2026-05-04T00:46:47.318+0300] {dag.py:4180} INFO - Setting next_dagrun for example_xcom to 2021-01-01 00:00:00+00:00, run_after=2021-01-01 00:00:00+00:00
[2026-05-04T00:46:47.339+0300] {processor.py:208} INFO - Processing /home/nikita/airflow-setup/ENV/lib/python3.12/site-packages/airflow/example_dags/example_xcom.py took 0.072 seconds
[2026-05-04T00:47:48.417+0300] {processor.py:186} INFO - Started process (PID=6076) to work on /home/nikita/airflow-setup/ENV/lib/python3.12/site-packages/airflow/example_dags/example_xcom.py
[2026-05-04T00:47:48.420+0300] {processor.py:914} INFO - Processing file /home/nikita/airflow-setup/ENV/lib/python3.12/site-packages/airflow/example_dags/example_xcom.py for tasks to queue
[2026-05-04T00:47:48.421+0300] {logging_mixin.py:190} INFO - [2026-05-04T00:47:48.421+0300] {dagbag.py:588} INFO - Filling up the DagBag from /home/nikita/airflow-setup/ENV/lib/python3.12/site-packages/airflow/example_dags/example_xcom.py
[2026-05-04T00:47:48.428+0300] {processor.py:925} INFO - DAG(s) 'example_xcom' retrieved from /home/nikita/airflow-setup/ENV/lib/python3.12/site-packages/airflow/example_dags/example_xcom.py
[2026-05-04T00:47:48.438+0300] {logging_mixin.py:190} INFO - [2026-05-04T00:47:48.438+0300] {dag.py:3239} INFO - Sync 1 DAGs
[2026-05-04T00:47:48.450+0300] {logging_mixin.py:190} INFO - [2026-05-04T00:47:48.450+0300] {dag.py:4180} INFO - Setting next_dagrun for example_xcom to 2021-01-01 00:00:00+00:00, run_after=2021-01-01 00:00:00+00:00
[2026-05-04T00:47:48.466+0300] {processor.py:208} INFO - Processing /home/nikita/airflow-setup/ENV/lib/python3.12/site-packages/airflow/example_dags/example_xcom.py took 0.053 seconds
[2026-05-04T00:48:49.933+0300] {processor.py:186} INFO - Started process (PID=6134) to work on /home/nikita/airflow-setup/ENV/lib/python3.12/site-packages/airflow/example_dags/example_xcom.py
[2026-05-04T00:48:49.936+0300] {processor.py:914} INFO - Processing file /home/nikita/airflow-setup/ENV/lib/python3.12/site-packages/airflow/example_dags/example_xcom.py for tasks to queue
[2026-05-04T00:48:49.939+0300] {logging_mixin.py:190} INFO - [2026-05-04T00:48:49.938+0300] {dagbag.py:588} INFO - Filling up the DagBag from /home/nikita/airflow-setup/ENV/lib/python3.12/site-packages/airflow/example_dags/example_xcom.py
[2026-05-04T00:48:49.947+0300] {processor.py:925} INFO - DAG(s) 'example_xcom' retrieved from /home/nikita/airflow-setup/ENV/lib/python3.12/site-packages/airflow/example_dags/example_xcom.py
[2026-05-04T00:48:49.960+0300] {logging_mixin.py:190} INFO - [2026-05-04T00:48:49.960+0300] {dag.py:3239} INFO - Sync 1 DAGs
[2026-05-04T00:48:49.974+0300] {logging_mixin.py:190} INFO - [2026-05-04T00:48:49.974+0300] {dag.py:4180} INFO - Setting next_dagrun for example_xcom to 2021-01-01 00:00:00+00:00, run_after=2021-01-01 00:00:00+00:00
[2026-05-04T00:48:49.994+0300] {processor.py:208} INFO - Processing /home/nikita/airflow-setup/ENV/lib/python3.12/site-packages/airflow/example_dags/example_xcom.py took 0.068 seconds
[2026-05-04T00:49:45.604+0300] {processor.py:186} INFO - Started process (PID=6191) to work on /home/nikita/airflow-setup/ENV/lib/python3.12/site-packages/airflow/example_dags/example_xcom.py
[2026-05-04T00:49:45.613+0300] {processor.py:914} INFO - Processing file /home/nikita/airflow-setup/ENV/lib/python3.12/site-packages/airflow/example_dags/example_xcom.py for tasks to queue
[2026-05-04T00:49:45.615+0300] {logging_mixin.py:190} INFO - [2026-05-04T00:49:45.615+0300] {dagbag.py:588} INFO - Filling up the DagBag from /home/nikita/airflow-setup/ENV/lib/python3.12/site-packages/airflow/example_dags/example_xcom.py
[2026-05-04T00:49:45.623+0300] {processor.py:925} INFO - DAG(s) 'example_xcom' retrieved from /home/nikita/airflow-setup/ENV/lib/python3.12/site-packages/airflow/example_dags/example_xcom.py
[2026-05-04T00:49:45.636+0300] {logging_mixin.py:190} INFO - [2026-05-04T00:49:45.635+0300] {dag.py:3239} INFO - Sync 1 DAGs
[2026-05-04T00:49:45.649+0300] {logging_mixin.py:190} INFO - [2026-05-04T00:49:45.649+0300] {dag.py:4180} INFO - Setting next_dagrun for example_xcom to 2021-01-01 00:00:00+00:00, run_after=2021-01-01 00:00:00+00:00
[2026-05-04T00:49:45.666+0300] {processor.py:208} INFO - Processing /home/nikita/airflow-setup/ENV/lib/python3.12/site-packages/airflow/example_dags/example_xcom.py took 0.066 seconds
[2026-05-04T00:50:41.692+0300] {processor.py:186} INFO - Started process (PID=6267) to work on /home/nikita/airflow-setup/ENV/lib/python3.12/site-packages/airflow/example_dags/example_xcom.py
[2026-05-04T00:50:41.701+0300] {processor.py:914} INFO - Processing file /home/nikita/airflow-setup/ENV/lib/python3.12/site-packages/airflow/example_dags/example_xcom.py for tasks to queue
[2026-05-04T00:50:41.703+0300] {logging_mixin.py:190} INFO - [2026-05-04T00:50:41.702+0300] {dagbag.py:588} INFO - Filling up the DagBag from /home/nikita/airflow-setup/ENV/lib/python3.12/site-packages/airflow/example_dags/example_xcom.py
[2026-05-04T00:50:41.710+0300] {processor.py:925} INFO - DAG(s) 'example_xcom' retrieved from /home/nikita/airflow-setup/ENV/lib/python3.12/site-packages/airflow/example_dags/example_xcom.py
[2026-05-04T00:50:41.721+0300] {logging_mixin.py:190} INFO - [2026-05-04T00:50:41.721+0300] {dag.py:3239} INFO - Sync 1 DAGs
[2026-05-04T00:50:41.734+0300] {logging_mixin.py:190} INFO - [2026-05-04T00:50:41.734+0300] {dag.py:4180} INFO - Setting next_dagrun for example_xcom to 2021-01-01 00:00:00+00:00, run_after=2021-01-01 00:00:00+00:00
[2026-05-04T00:50:41.750+0300] {processor.py:208} INFO - Processing /home/nikita/airflow-setup/ENV/lib/python3.12/site-packages/airflow/example_dags/example_xcom.py took 0.062 seconds
[2026-05-04T00:51:35.518+0300] {processor.py:186} INFO - Started process (PID=6323) to work on /home/nikita/airflow-setup/ENV/lib/python3.12/site-packages/airflow/example_dags/example_xcom.py
[2026-05-04T00:51:35.520+0300] {processor.py:914} INFO - Processing file /home/nikita/airflow-setup/ENV/lib/python3.12/site-packages/airflow/example_dags/example_xcom.py for tasks to queue
[2026-05-04T00:51:35.522+0300] {logging_mixin.py:190} INFO - [2026-05-04T00:51:35.522+0300] {dagbag.py:588} INFO - Filling up the DagBag from /home/nikita/airflow-setup/ENV/lib/python3.12/site-packages/airflow/example_dags/example_xcom.py
[2026-05-04T00:51:35.531+0300] {processor.py:925} INFO - DAG(s) 'example_xcom' retrieved from /home/nikita/airflow-setup/ENV/lib/python3.12/site-packages/airflow/example_dags/example_xcom.py
[2026-05-04T00:51:35.544+0300] {logging_mixin.py:190} INFO - [2026-05-04T00:51:35.544+0300] {dag.py:3239} INFO - Sync 1 DAGs
[2026-05-04T00:51:35.560+0300] {logging_mixin.py:190} INFO - [2026-05-04T00:51:35.560+0300] {dag.py:4180} INFO - Setting next_dagrun for example_xcom to 2021-01-01 00:00:00+00:00, run_after=2021-01-01 00:00:00+00:00
[2026-05-04T00:51:35.580+0300] {processor.py:208} INFO - Processing /home/nikita/airflow-setup/ENV/lib/python3.12/site-packages/airflow/example_dags/example_xcom.py took 0.067 seconds
[2026-05-04T00:52:34.280+0300] {processor.py:186} INFO - Started process (PID=6380) to work on /home/nikita/airflow-setup/ENV/lib/python3.12/site-packages/airflow/example_dags/example_xcom.py
[2026-05-04T00:52:34.282+0300] {processor.py:914} INFO - Processing file /home/nikita/airflow-setup/ENV/lib/python3.12/site-packages/airflow/example_dags/example_xcom.py for tasks to queue
[2026-05-04T00:52:34.283+0300] {logging_mixin.py:190} INFO - [2026-05-04T00:52:34.283+0300] {dagbag.py:588} INFO - Filling up the DagBag from /home/nikita/airflow-setup/ENV/lib/python3.12/site-packages/airflow/example_dags/example_xcom.py
[2026-05-04T00:52:34.291+0300] {processor.py:925} INFO - DAG(s) 'example_xcom' retrieved from /home/nikita/airflow-setup/ENV/lib/python3.12/site-packages/airflow/example_dags/example_xcom.py
[2026-05-04T00:52:34.303+0300] {logging_mixin.py:190} INFO - [2026-05-04T00:52:34.303+0300] {dag.py:3239} INFO - Sync 1 DAGs
[2026-05-04T00:52:34.320+0300] {logging_mixin.py:190} INFO - [2026-05-04T00:52:34.320+0300] {dag.py:4180} INFO - Setting next_dagrun for example_xcom to 2021-01-01 00:00:00+00:00, run_after=2021-01-01 00:00:00+00:00
[2026-05-04T00:52:34.337+0300] {processor.py:208} INFO - Processing /home/nikita/airflow-setup/ENV/lib/python3.12/site-packages/airflow/example_dags/example_xcom.py took 0.062 seconds
[2026-05-04T00:53:38.820+0300] {processor.py:186} INFO - Started process (PID=6460) to work on /home/nikita/airflow-setup/ENV/lib/python3.12/site-packages/airflow/example_dags/example_xcom.py
[2026-05-04T00:53:38.828+0300] {processor.py:914} INFO - Processing file /home/nikita/airflow-setup/ENV/lib/python3.12/site-packages/airflow/example_dags/example_xcom.py for tasks to queue
[2026-05-04T00:53:38.830+0300] {logging_mixin.py:190} INFO - [2026-05-04T00:53:38.830+0300] {dagbag.py:588} INFO - Filling up the DagBag from /home/nikita/airflow-setup/ENV/lib/python3.12/site-packages/airflow/example_dags/example_xcom.py
[2026-05-04T00:53:38.837+0300] {processor.py:925} INFO - DAG(s) 'example_xcom' retrieved from /home/nikita/airflow-setup/ENV/lib/python3.12/site-packages/airflow/example_dags/example_xcom.py
[2026-05-04T00:53:38.847+0300] {logging_mixin.py:190} INFO - [2026-05-04T00:53:38.847+0300] {dag.py:3239} INFO - Sync 1 DAGs
[2026-05-04T00:53:38.859+0300] {logging_mixin.py:190} INFO - [2026-05-04T00:53:38.859+0300] {dag.py:4180} INFO - Setting next_dagrun for example_xcom to 2021-01-01 00:00:00+00:00, run_after=2021-01-01 00:00:00+00:00
[2026-05-04T00:53:38.876+0300] {processor.py:208} INFO - Processing /home/nikita/airflow-setup/ENV/lib/python3.12/site-packages/airflow/example_dags/example_xcom.py took 0.060 seconds
[2026-05-04T00:54:39.391+0300] {processor.py:186} INFO - Started process (PID=6524) to work on /home/nikita/airflow-setup/ENV/lib/python3.12/site-packages/airflow/example_dags/example_xcom.py
[2026-05-04T00:54:39.399+0300] {processor.py:914} INFO - Processing file /home/nikita/airflow-setup/ENV/lib/python3.12/site-packages/airflow/example_dags/example_xcom.py for tasks to queue
[2026-05-04T00:54:39.401+0300] {logging_mixin.py:190} INFO - [2026-05-04T00:54:39.401+0300] {dagbag.py:588} INFO - Filling up the DagBag from /home/nikita/airflow-setup/ENV/lib/python3.12/site-packages/airflow/example_dags/example_xcom.py
[2026-05-04T00:54:39.409+0300] {processor.py:925} INFO - DAG(s) 'example_xcom' retrieved from /home/nikita/airflow-setup/ENV/lib/python3.12/site-packages/airflow/example_dags/example_xcom.py
[2026-05-04T00:54:39.421+0300] {logging_mixin.py:190} INFO - [2026-05-04T00:54:39.421+0300] {dag.py:3239} INFO - Sync 1 DAGs
[2026-05-04T00:54:39.434+0300] {logging_mixin.py:190} INFO - [2026-05-04T00:54:39.434+0300] {dag.py:4180} INFO - Setting next_dagrun for example_xcom to 2021-01-01 00:00:00+00:00, run_after=2021-01-01 00:00:00+00:00
[2026-05-04T00:54:39.450+0300] {processor.py:208} INFO - Processing /home/nikita/airflow-setup/ENV/lib/python3.12/site-packages/airflow/example_dags/example_xcom.py took 0.064 seconds
[2026-05-04T00:55:42.702+0300] {processor.py:186} INFO - Started process (PID=6586) to work on /home/nikita/airflow-setup/ENV/lib/python3.12/site-packages/airflow/example_dags/example_xcom.py
[2026-05-04T00:55:42.712+0300] {processor.py:914} INFO - Processing file /home/nikita/airflow-setup/ENV/lib/python3.12/site-packages/airflow/example_dags/example_xcom.py for tasks to queue
[2026-05-04T00:55:42.714+0300] {logging_mixin.py:190} INFO - [2026-05-04T00:55:42.713+0300] {dagbag.py:588} INFO - Filling up the DagBag from /home/nikita/airflow-setup/ENV/lib/python3.12/site-packages/airflow/example_dags/example_xcom.py
[2026-05-04T00:55:42.722+0300] {processor.py:925} INFO - DAG(s) 'example_xcom' retrieved from /home/nikita/airflow-setup/ENV/lib/python3.12/site-packages/airflow/example_dags/example_xcom.py
[2026-05-04T00:55:42.735+0300] {logging_mixin.py:190} INFO - [2026-05-04T00:55:42.734+0300] {dag.py:3239} INFO - Sync 1 DAGs
[2026-05-04T00:55:42.749+0300] {logging_mixin.py:190} INFO - [2026-05-04T00:55:42.749+0300] {dag.py:4180} INFO - Setting next_dagrun for example_xcom to 2021-01-01 00:00:00+00:00, run_after=2021-01-01 00:00:00+00:00
[2026-05-04T00:55:42.766+0300] {processor.py:208} INFO - Processing /home/nikita/airflow-setup/ENV/lib/python3.12/site-packages/airflow/example_dags/example_xcom.py took 0.068 seconds
[2026-05-04T00:56:41.139+0300] {processor.py:186} INFO - Started process (PID=6806) to work on /home/nikita/airflow-setup/ENV/lib/python3.12/site-packages/airflow/example_dags/example_xcom.py
[2026-05-04T00:56:41.142+0300] {processor.py:914} INFO - Processing file /home/nikita/airflow-setup/ENV/lib/python3.12/site-packages/airflow/example_dags/example_xcom.py for tasks to queue
[2026-05-04T00:56:41.145+0300] {logging_mixin.py:190} INFO - [2026-05-04T00:56:41.144+0300] {dagbag.py:588} INFO - Filling up the DagBag from /home/nikita/airflow-setup/ENV/lib/python3.12/site-packages/airflow/example_dags/example_xcom.py
[2026-05-04T00:56:41.159+0300] {processor.py:925} INFO - DAG(s) 'example_xcom' retrieved from /home/nikita/airflow-setup/ENV/lib/python3.12/site-packages/airflow/example_dags/example_xcom.py
[2026-05-04T00:56:41.182+0300] {logging_mixin.py:190} INFO - [2026-05-04T00:56:41.182+0300] {dag.py:3239} INFO - Sync 1 DAGs
[2026-05-04T00:56:41.201+0300] {logging_mixin.py:190} INFO - [2026-05-04T00:56:41.201+0300] {dag.py:4180} INFO - Setting next_dagrun for example_xcom to 2021-01-01 00:00:00+00:00, run_after=2021-01-01 00:00:00+00:00
[2026-05-04T00:56:41.229+0300] {processor.py:208} INFO - Processing /home/nikita/airflow-setup/ENV/lib/python3.12/site-packages/airflow/example_dags/example_xcom.py took 0.099 seconds
[2026-05-04T00:57:42.869+0300] {processor.py:186} INFO - Started process (PID=7117) to work on /home/nikita/airflow-setup/ENV/lib/python3.12/site-packages/airflow/example_dags/example_xcom.py
[2026-05-04T00:57:42.871+0300] {processor.py:914} INFO - Processing file /home/nikita/airflow-setup/ENV/lib/python3.12/site-packages/airflow/example_dags/example_xcom.py for tasks to queue
[2026-05-04T00:57:42.873+0300] {logging_mixin.py:190} INFO - [2026-05-04T00:57:42.873+0300] {dagbag.py:588} INFO - Filling up the DagBag from /home/nikita/airflow-setup/ENV/lib/python3.12/site-packages/airflow/example_dags/example_xcom.py
[2026-05-04T00:57:42.881+0300] {processor.py:925} INFO - DAG(s) 'example_xcom' retrieved from /home/nikita/airflow-setup/ENV/lib/python3.12/site-packages/airflow/example_dags/example_xcom.py
[2026-05-04T00:57:42.893+0300] {logging_mixin.py:190} INFO - [2026-05-04T00:57:42.893+0300] {dag.py:3239} INFO - Sync 1 DAGs
[2026-05-04T00:57:42.906+0300] {logging_mixin.py:190} INFO - [2026-05-04T00:57:42.906+0300] {dag.py:4180} INFO - Setting next_dagrun for example_xcom to 2021-01-01 00:00:00+00:00, run_after=2021-01-01 00:00:00+00:00
[2026-05-04T00:57:42.922+0300] {processor.py:208} INFO - Processing /home/nikita/airflow-setup/ENV/lib/python3.12/site-packages/airflow/example_dags/example_xcom.py took 0.057 seconds
[2026-05-04T00:58:40.480+0300] {processor.py:186} INFO - Started process (PID=7337) to work on /home/nikita/airflow-setup/ENV/lib/python3.12/site-packages/airflow/example_dags/example_xcom.py
[2026-05-04T00:58:40.490+0300] {processor.py:914} INFO - Processing file /home/nikita/airflow-setup/ENV/lib/python3.12/site-packages/airflow/example_dags/example_xcom.py for tasks to queue
[2026-05-04T00:58:40.492+0300] {logging_mixin.py:190} INFO - [2026-05-04T00:58:40.491+0300] {dagbag.py:588} INFO - Filling up the DagBag from /home/nikita/airflow-setup/ENV/lib/python3.12/site-packages/airflow/example_dags/example_xcom.py
[2026-05-04T00:58:40.499+0300] {processor.py:925} INFO - DAG(s) 'example_xcom' retrieved from /home/nikita/airflow-setup/ENV/lib/python3.12/site-packages/airflow/example_dags/example_xcom.py
[2026-05-04T00:58:40.512+0300] {logging_mixin.py:190} INFO - [2026-05-04T00:58:40.511+0300] {dag.py:3239} INFO - Sync 1 DAGs
[2026-05-04T00:58:40.526+0300] {logging_mixin.py:190} INFO - [2026-05-04T00:58:40.526+0300] {dag.py:4180} INFO - Setting next_dagrun for example_xcom to 2021-01-01 00:00:00+00:00, run_after=2021-01-01 00:00:00+00:00
[2026-05-04T00:58:40.542+0300] {processor.py:208} INFO - Processing /home/nikita/airflow-setup/ENV/lib/python3.12/site-packages/airflow/example_dags/example_xcom.py took 0.067 seconds
[2026-05-04T00:59:40.565+0300] {processor.py:186} INFO - Started process (PID=8156) to work on /home/nikita/airflow-setup/ENV/lib/python3.12/site-packages/airflow/example_dags/example_xcom.py
[2026-05-04T00:59:40.574+0300] {processor.py:914} INFO - Processing file /home/nikita/airflow-setup/ENV/lib/python3.12/site-packages/airflow/example_dags/example_xcom.py for tasks to queue
[2026-05-04T00:59:40.576+0300] {logging_mixin.py:190} INFO - [2026-05-04T00:59:40.576+0300] {dagbag.py:588} INFO - Filling up the DagBag from /home/nikita/airflow-setup/ENV/lib/python3.12/site-packages/airflow/example_dags/example_xcom.py
[2026-05-04T00:59:40.585+0300] {processor.py:925} INFO - DAG(s) 'example_xcom' retrieved from /home/nikita/airflow-setup/ENV/lib/python3.12/site-packages/airflow/example_dags/example_xcom.py
[2026-05-04T00:59:40.598+0300] {logging_mixin.py:190} INFO - [2026-05-04T00:59:40.598+0300] {dag.py:3239} INFO - Sync 1 DAGs
[2026-05-04T00:59:40.613+0300] {logging_mixin.py:190} INFO - [2026-05-04T00:59:40.613+0300] {dag.py:4180} INFO - Setting next_dagrun for example_xcom to 2021-01-01 00:00:00+00:00, run_after=2021-01-01 00:00:00+00:00
[2026-05-04T00:59:40.630+0300] {processor.py:208} INFO - Processing /home/nikita/airflow-setup/ENV/lib/python3.12/site-packages/airflow/example_dags/example_xcom.py took 0.069 seconds
[2026-05-04T01:00:45.042+0300] {processor.py:186} INFO - Started process (PID=8422) to work on /home/nikita/airflow-setup/ENV/lib/python3.12/site-packages/airflow/example_dags/example_xcom.py
[2026-05-04T01:00:45.050+0300] {processor.py:914} INFO - Processing file /home/nikita/airflow-setup/ENV/lib/python3.12/site-packages/airflow/example_dags/example_xcom.py for tasks to queue
[2026-05-04T01:00:45.051+0300] {logging_mixin.py:190} INFO - [2026-05-04T01:00:45.051+0300] {dagbag.py:588} INFO - Filling up the DagBag from /home/nikita/airflow-setup/ENV/lib/python3.12/site-packages/airflow/example_dags/example_xcom.py
[2026-05-04T01:00:45.060+0300] {processor.py:925} INFO - DAG(s) 'example_xcom' retrieved from /home/nikita/airflow-setup/ENV/lib/python3.12/site-packages/airflow/example_dags/example_xcom.py
[2026-05-04T01:00:45.072+0300] {logging_mixin.py:190} INFO - [2026-05-04T01:00:45.072+0300] {dag.py:3239} INFO - Sync 1 DAGs
[2026-05-04T01:00:45.087+0300] {logging_mixin.py:190} INFO - [2026-05-04T01:00:45.086+0300] {dag.py:4180} INFO - Setting next_dagrun for example_xcom to 2021-01-01 00:00:00+00:00, run_after=2021-01-01 00:00:00+00:00
[2026-05-04T01:00:45.105+0300] {processor.py:208} INFO - Processing /home/nikita/airflow-setup/ENV/lib/python3.12/site-packages/airflow/example_dags/example_xcom.py took 0.067 seconds
[2026-05-04T01:01:52.021+0300] {processor.py:186} INFO - Started process (PID=9013) to work on /home/nikita/airflow-setup/ENV/lib/python3.12/site-packages/airflow/example_dags/example_xcom.py
[2026-05-04T01:01:52.029+0300] {processor.py:914} INFO - Processing file /home/nikita/airflow-setup/ENV/lib/python3.12/site-packages/airflow/example_dags/example_xcom.py for tasks to queue
[2026-05-04T01:01:52.030+0300] {logging_mixin.py:190} INFO - [2026-05-04T01:01:52.030+0300] {dagbag.py:588} INFO - Filling up the DagBag from /home/nikita/airflow-setup/ENV/lib/python3.12/site-packages/airflow/example_dags/example_xcom.py
[2026-05-04T01:01:52.037+0300] {processor.py:925} INFO - DAG(s) 'example_xcom' retrieved from /home/nikita/airflow-setup/ENV/lib/python3.12/site-packages/airflow/example_dags/example_xcom.py
[2026-05-04T01:01:52.049+0300] {logging_mixin.py:190} INFO - [2026-05-04T01:01:52.049+0300] {dag.py:3239} INFO - Sync 1 DAGs
[2026-05-04T01:01:52.064+0300] {logging_mixin.py:190} INFO - [2026-05-04T01:01:52.064+0300] {dag.py:4180} INFO - Setting next_dagrun for example_xcom to 2021-01-01 00:00:00+00:00, run_after=2021-01-01 00:00:00+00:00
[2026-05-04T01:01:52.081+0300] {processor.py:208} INFO - Processing /home/nikita/airflow-setup/ENV/lib/python3.12/site-packages/airflow/example_dags/example_xcom.py took 0.064 seconds
[2026-05-04T01:02:59.153+0300] {processor.py:186} INFO - Started process (PID=9593) to work on /home/nikita/airflow-setup/ENV/lib/python3.12/site-packages/airflow/example_dags/example_xcom.py
[2026-05-04T01:02:59.161+0300] {processor.py:914} INFO - Processing file /home/nikita/airflow-setup/ENV/lib/python3.12/site-packages/airflow/example_dags/example_xcom.py for tasks to queue
[2026-05-04T01:02:59.162+0300] {logging_mixin.py:190} INFO - [2026-05-04T01:02:59.162+0300] {dagbag.py:588} INFO - Filling up the DagBag from /home/nikita/airflow-setup/ENV/lib/python3.12/site-packages/airflow/example_dags/example_xcom.py
[2026-05-04T01:02:59.169+0300] {processor.py:925} INFO - DAG(s) 'example_xcom' retrieved from /home/nikita/airflow-setup/ENV/lib/python3.12/site-packages/airflow/example_dags/example_xcom.py
[2026-05-04T01:02:59.181+0300] {logging_mixin.py:190} INFO - [2026-05-04T01:02:59.180+0300] {dag.py:3239} INFO - Sync 1 DAGs
[2026-05-04T01:02:59.197+0300] {logging_mixin.py:190} INFO - [2026-05-04T01:02:59.197+0300] {dag.py:4180} INFO - Setting next_dagrun for example_xcom to 2021-01-01 00:00:00+00:00, run_after=2021-01-01 00:00:00+00:00
[2026-05-04T01:02:59.214+0300] {processor.py:208} INFO - Processing /home/nikita/airflow-setup/ENV/lib/python3.12/site-packages/airflow/example_dags/example_xcom.py took 0.066 seconds
[2026-05-04T01:04:01.763+0300] {processor.py:186} INFO - Started process (PID=9858) to work on /home/nikita/airflow-setup/ENV/lib/python3.12/site-packages/airflow/example_dags/example_xcom.py
[2026-05-04T01:04:01.765+0300] {processor.py:914} INFO - Processing file /home/nikita/airflow-setup/ENV/lib/python3.12/site-packages/airflow/example_dags/example_xcom.py for tasks to queue
[2026-05-04T01:04:01.766+0300] {logging_mixin.py:190} INFO - [2026-05-04T01:04:01.766+0300] {dagbag.py:588} INFO - Filling up the DagBag from /home/nikita/airflow-setup/ENV/lib/python3.12/site-packages/airflow/example_dags/example_xcom.py
[2026-05-04T01:04:01.773+0300] {processor.py:925} INFO - DAG(s) 'example_xcom' retrieved from /home/nikita/airflow-setup/ENV/lib/python3.12/site-packages/airflow/example_dags/example_xcom.py
[2026-05-04T01:04:01.784+0300] {logging_mixin.py:190} INFO - [2026-05-04T01:04:01.784+0300] {dag.py:3239} INFO - Sync 1 DAGs
[2026-05-04T01:04:01.797+0300] {logging_mixin.py:190} INFO - [2026-05-04T01:04:01.797+0300] {dag.py:4180} INFO - Setting next_dagrun for example_xcom to 2021-01-01 00:00:00+00:00, run_after=2021-01-01 00:00:00+00:00
[2026-05-04T01:04:01.813+0300] {processor.py:208} INFO - Processing /home/nikita/airflow-setup/ENV/lib/python3.12/site-packages/airflow/example_dags/example_xcom.py took 0.054 seconds
[2026-05-04T01:05:06.460+0300] {processor.py:186} INFO - Started process (PID=10116) to work on /home/nikita/airflow-setup/ENV/lib/python3.12/site-packages/airflow/example_dags/example_xcom.py
[2026-05-04T01:05:06.469+0300] {processor.py:914} INFO - Processing file /home/nikita/airflow-setup/ENV/lib/python3.12/site-packages/airflow/example_dags/example_xcom.py for tasks to queue
[2026-05-04T01:05:06.470+0300] {logging_mixin.py:190} INFO - [2026-05-04T01:05:06.470+0300] {dagbag.py:588} INFO - Filling up the DagBag from /home/nikita/airflow-setup/ENV/lib/python3.12/site-packages/airflow/example_dags/example_xcom.py
[2026-05-04T01:05:06.477+0300] {processor.py:925} INFO - DAG(s) 'example_xcom' retrieved from /home/nikita/airflow-setup/ENV/lib/python3.12/site-packages/airflow/example_dags/example_xcom.py
[2026-05-04T01:05:06.488+0300] {logging_mixin.py:190} INFO - [2026-05-04T01:05:06.488+0300] {dag.py:3239} INFO - Sync 1 DAGs
[2026-05-04T01:05:06.501+0300] {logging_mixin.py:190} INFO - [2026-05-04T01:05:06.501+0300] {dag.py:4180} INFO - Setting next_dagrun for example_xcom to 2021-01-01 00:00:00+00:00, run_after=2021-01-01 00:00:00+00:00
[2026-05-04T01:05:06.516+0300] {processor.py:208} INFO - Processing /home/nikita/airflow-setup/ENV/lib/python3.12/site-packages/airflow/example_dags/example_xcom.py took 0.060 seconds
[2026-05-04T01:06:13.308+0300] {processor.py:186} INFO - Started process (PID=10391) to work on /home/nikita/airflow-setup/ENV/lib/python3.12/site-packages/airflow/example_dags/example_xcom.py
[2026-05-04T01:06:13.318+0300] {processor.py:914} INFO - Processing file /home/nikita/airflow-setup/ENV/lib/python3.12/site-packages/airflow/example_dags/example_xcom.py for tasks to queue
[2026-05-04T01:06:13.319+0300] {logging_mixin.py:190} INFO - [2026-05-04T01:06:13.319+0300] {dagbag.py:588} INFO - Filling up the DagBag from /home/nikita/airflow-setup/ENV/lib/python3.12/site-packages/airflow/example_dags/example_xcom.py
[2026-05-04T01:06:13.326+0300] {processor.py:925} INFO - DAG(s) 'example_xcom' retrieved from /home/nikita/airflow-setup/ENV/lib/python3.12/site-packages/airflow/example_dags/example_xcom.py
[2026-05-04T01:06:13.338+0300] {logging_mixin.py:190} INFO - [2026-05-04T01:06:13.338+0300] {dag.py:3239} INFO - Sync 1 DAGs
[2026-05-04T01:06:13.355+0300] {logging_mixin.py:190} INFO - [2026-05-04T01:06:13.354+0300] {dag.py:4180} INFO - Setting next_dagrun for example_xcom to 2021-01-01 00:00:00+00:00, run_after=2021-01-01 00:00:00+00:00
[2026-05-04T01:06:13.372+0300] {processor.py:208} INFO - Processing /home/nikita/airflow-setup/ENV/lib/python3.12/site-packages/airflow/example_dags/example_xcom.py took 0.068 seconds
[2026-05-04T01:07:19.007+0300] {processor.py:186} INFO - Started process (PID=10642) to work on /home/nikita/airflow-setup/ENV/lib/python3.12/site-packages/airflow/example_dags/example_xcom.py
[2026-05-04T01:07:19.009+0300] {processor.py:914} INFO - Processing file /home/nikita/airflow-setup/ENV/lib/python3.12/site-packages/airflow/example_dags/example_xcom.py for tasks to queue
[2026-05-04T01:07:19.010+0300] {logging_mixin.py:190} INFO - [2026-05-04T01:07:19.010+0300] {dagbag.py:588} INFO - Filling up the DagBag from /home/nikita/airflow-setup/ENV/lib/python3.12/site-packages/airflow/example_dags/example_xcom.py
[2026-05-04T01:07:19.018+0300] {processor.py:925} INFO - DAG(s) 'example_xcom' retrieved from /home/nikita/airflow-setup/ENV/lib/python3.12/site-packages/airflow/example_dags/example_xcom.py
[2026-05-04T01:07:19.029+0300] {logging_mixin.py:190} INFO - [2026-05-04T01:07:19.029+0300] {dag.py:3239} INFO - Sync 1 DAGs
[2026-05-04T01:07:19.045+0300] {logging_mixin.py:190} INFO - [2026-05-04T01:07:19.045+0300] {dag.py:4180} INFO - Setting next_dagrun for example_xcom to 2021-01-01 00:00:00+00:00, run_after=2021-01-01 00:00:00+00:00
[2026-05-04T01:07:19.063+0300] {processor.py:208} INFO - Processing /home/nikita/airflow-setup/ENV/lib/python3.12/site-packages/airflow/example_dags/example_xcom.py took 0.060 seconds
[2026-05-04T01:08:26.724+0300] {processor.py:186} INFO - Started process (PID=11203) to work on /home/nikita/airflow-setup/ENV/lib/python3.12/site-packages/airflow/example_dags/example_xcom.py
[2026-05-04T01:08:26.733+0300] {processor.py:914} INFO - Processing file /home/nikita/airflow-setup/ENV/lib/python3.12/site-packages/airflow/example_dags/example_xcom.py for tasks to queue
[2026-05-04T01:08:26.735+0300] {logging_mixin.py:190} INFO - [2026-05-04T01:08:26.734+0300] {dagbag.py:588} INFO - Filling up the DagBag from /home/nikita/airflow-setup/ENV/lib/python3.12/site-packages/airflow/example_dags/example_xcom.py
[2026-05-04T01:08:26.746+0300] {processor.py:925} INFO - DAG(s) 'example_xcom' retrieved from /home/nikita/airflow-setup/ENV/lib/python3.12/site-packages/airflow/example_dags/example_xcom.py
[2026-05-04T01:08:26.762+0300] {logging_mixin.py:190} INFO - [2026-05-04T01:08:26.762+0300] {dag.py:3239} INFO - Sync 1 DAGs
[2026-05-04T01:08:26.778+0300] {logging_mixin.py:190} INFO - [2026-05-04T01:08:26.778+0300] {dag.py:4180} INFO - Setting next_dagrun for example_xcom to 2021-01-01 00:00:00+00:00, run_after=2021-01-01 00:00:00+00:00
[2026-05-04T01:08:26.814+0300] {processor.py:208} INFO - Processing /home/nikita/airflow-setup/ENV/lib/python3.12/site-packages/airflow/example_dags/example_xcom.py took 0.095 seconds
[2026-05-04T01:09:33.597+0300] {processor.py:186} INFO - Started process (PID=12052) to work on /home/nikita/airflow-setup/ENV/lib/python3.12/site-packages/airflow/example_dags/example_xcom.py
[2026-05-04T01:09:33.601+0300] {processor.py:914} INFO - Processing file /home/nikita/airflow-setup/ENV/lib/python3.12/site-packages/airflow/example_dags/example_xcom.py for tasks to queue
[2026-05-04T01:09:33.602+0300] {logging_mixin.py:190} INFO - [2026-05-04T01:09:33.602+0300] {dagbag.py:588} INFO - Filling up the DagBag from /home/nikita/airflow-setup/ENV/lib/python3.12/site-packages/airflow/example_dags/example_xcom.py
[2026-05-04T01:09:33.610+0300] {processor.py:925} INFO - DAG(s) 'example_xcom' retrieved from /home/nikita/airflow-setup/ENV/lib/python3.12/site-packages/airflow/example_dags/example_xcom.py
[2026-05-04T01:09:33.621+0300] {logging_mixin.py:190} INFO - [2026-05-04T01:09:33.621+0300] {dag.py:3239} INFO - Sync 1 DAGs
[2026-05-04T01:09:33.636+0300] {logging_mixin.py:190} INFO - [2026-05-04T01:09:33.635+0300] {dag.py:4180} INFO - Setting next_dagrun for example_xcom to 2021-01-01 00:00:00+00:00, run_after=2021-01-01 00:00:00+00:00
[2026-05-04T01:09:33.652+0300] {processor.py:208} INFO - Processing /home/nikita/airflow-setup/ENV/lib/python3.12/site-packages/airflow/example_dags/example_xcom.py took 0.059 seconds
[2026-05-04T01:10:42.457+0300] {processor.py:186} INFO - Started process (PID=12356) to work on /home/nikita/airflow-setup/ENV/lib/python3.12/site-packages/airflow/example_dags/example_xcom.py
[2026-05-04T01:10:42.458+0300] {processor.py:914} INFO - Processing file /home/nikita/airflow-setup/ENV/lib/python3.12/site-packages/airflow/example_dags/example_xcom.py for tasks to queue
[2026-05-04T01:10:42.459+0300] {logging_mixin.py:190} INFO - [2026-05-04T01:10:42.459+0300] {dagbag.py:588} INFO - Filling up the DagBag from /home/nikita/airflow-setup/ENV/lib/python3.12/site-packages/airflow/example_dags/example_xcom.py
[2026-05-04T01:10:42.467+0300] {processor.py:925} INFO - DAG(s) 'example_xcom' retrieved from /home/nikita/airflow-setup/ENV/lib/python3.12/site-packages/airflow/example_dags/example_xcom.py
[2026-05-04T01:10:42.481+0300] {logging_mixin.py:190} INFO - [2026-05-04T01:10:42.481+0300] {dag.py:3239} INFO - Sync 1 DAGs
[2026-05-04T01:10:42.496+0300] {logging_mixin.py:190} INFO - [2026-05-04T01:10:42.496+0300] {dag.py:4180} INFO - Setting next_dagrun for example_xcom to 2021-01-01 00:00:00+00:00, run_after=2021-01-01 00:00:00+00:00
[2026-05-04T01:10:42.512+0300] {processor.py:208} INFO - Processing /home/nikita/airflow-setup/ENV/lib/python3.12/site-packages/airflow/example_dags/example_xcom.py took 0.060 seconds
[2026-05-04T01:11:49.740+0300] {processor.py:186} INFO - Started process (PID=12614) to work on /home/nikita/airflow-setup/ENV/lib/python3.12/site-packages/airflow/example_dags/example_xcom.py
[2026-05-04T01:11:49.742+0300] {processor.py:914} INFO - Processing file /home/nikita/airflow-setup/ENV/lib/python3.12/site-packages/airflow/example_dags/example_xcom.py for tasks to queue
[2026-05-04T01:11:49.743+0300] {logging_mixin.py:190} INFO - [2026-05-04T01:11:49.742+0300] {dagbag.py:588} INFO - Filling up the DagBag from /home/nikita/airflow-setup/ENV/lib/python3.12/site-packages/airflow/example_dags/example_xcom.py
[2026-05-04T01:11:49.750+0300] {processor.py:925} INFO - DAG(s) 'example_xcom' retrieved from /home/nikita/airflow-setup/ENV/lib/python3.12/site-packages/airflow/example_dags/example_xcom.py
[2026-05-04T01:11:49.762+0300] {logging_mixin.py:190} INFO - [2026-05-04T01:11:49.761+0300] {dag.py:3239} INFO - Sync 1 DAGs
[2026-05-04T01:11:49.776+0300] {logging_mixin.py:190} INFO - [2026-05-04T01:11:49.776+0300] {dag.py:4180} INFO - Setting next_dagrun for example_xcom to 2021-01-01 00:00:00+00:00, run_after=2021-01-01 00:00:00+00:00
[2026-05-04T01:11:49.795+0300] {processor.py:208} INFO - Processing /home/nikita/airflow-setup/ENV/lib/python3.12/site-packages/airflow/example_dags/example_xcom.py took 0.059 seconds
[2026-05-04T01:12:48.919+0300] {processor.py:186} INFO - Started process (PID=12837) to work on /home/nikita/airflow-setup/ENV/lib/python3.12/site-packages/airflow/example_dags/example_xcom.py
[2026-05-04T01:12:48.929+0300] {processor.py:914} INFO - Processing file /home/nikita/airflow-setup/ENV/lib/python3.12/site-packages/airflow/example_dags/example_xcom.py for tasks to queue
[2026-05-04T01:12:48.930+0300] {logging_mixin.py:190} INFO - [2026-05-04T01:12:48.930+0300] {dagbag.py:588} INFO - Filling up the DagBag from /home/nikita/airflow-setup/ENV/lib/python3.12/site-packages/airflow/example_dags/example_xcom.py
[2026-05-04T01:12:48.938+0300] {processor.py:925} INFO - DAG(s) 'example_xcom' retrieved from /home/nikita/airflow-setup/ENV/lib/python3.12/site-packages/airflow/example_dags/example_xcom.py
[2026-05-04T01:12:48.950+0300] {logging_mixin.py:190} INFO - [2026-05-04T01:12:48.950+0300] {dag.py:3239} INFO - Sync 1 DAGs
[2026-05-04T01:12:48.969+0300] {logging_mixin.py:190} INFO - [2026-05-04T01:12:48.968+0300] {dag.py:4180} INFO - Setting next_dagrun for example_xcom to 2021-01-01 00:00:00+00:00, run_after=2021-01-01 00:00:00+00:00
[2026-05-04T01:12:48.988+0300] {processor.py:208} INFO - Processing /home/nikita/airflow-setup/ENV/lib/python3.12/site-packages/airflow/example_dags/example_xcom.py took 0.074 seconds
[2026-05-04T01:13:51.715+0300] {processor.py:186} INFO - Started process (PID=13443) to work on /home/nikita/airflow-setup/ENV/lib/python3.12/site-packages/airflow/example_dags/example_xcom.py
[2026-05-04T01:13:51.717+0300] {processor.py:914} INFO - Processing file /home/nikita/airflow-setup/ENV/lib/python3.12/site-packages/airflow/example_dags/example_xcom.py for tasks to queue
[2026-05-04T01:13:51.718+0300] {logging_mixin.py:190} INFO - [2026-05-04T01:13:51.718+0300] {dagbag.py:588} INFO - Filling up the DagBag from /home/nikita/airflow-setup/ENV/lib/python3.12/site-packages/airflow/example_dags/example_xcom.py
[2026-05-04T01:13:51.725+0300] {processor.py:925} INFO - DAG(s) 'example_xcom' retrieved from /home/nikita/airflow-setup/ENV/lib/python3.12/site-packages/airflow/example_dags/example_xcom.py
[2026-05-04T01:13:51.736+0300] {logging_mixin.py:190} INFO - [2026-05-04T01:13:51.736+0300] {dag.py:3239} INFO - Sync 1 DAGs
[2026-05-04T01:13:51.750+0300] {logging_mixin.py:190} INFO - [2026-05-04T01:13:51.750+0300] {dag.py:4180} INFO - Setting next_dagrun for example_xcom to 2021-01-01 00:00:00+00:00, run_after=2021-01-01 00:00:00+00:00
[2026-05-04T01:13:51.766+0300] {processor.py:208} INFO - Processing /home/nikita/airflow-setup/ENV/lib/python3.12/site-packages/airflow/example_dags/example_xcom.py took 0.055 seconds
[2026-05-04T01:14:58.765+0300] {processor.py:186} INFO - Started process (PID=14400) to work on /home/nikita/airflow-setup/ENV/lib/python3.12/site-packages/airflow/example_dags/example_xcom.py
[2026-05-04T01:14:58.767+0300] {processor.py:914} INFO - Processing file /home/nikita/airflow-setup/ENV/lib/python3.12/site-packages/airflow/example_dags/example_xcom.py for tasks to queue
[2026-05-04T01:14:58.768+0300] {logging_mixin.py:190} INFO - [2026-05-04T01:14:58.768+0300] {dagbag.py:588} INFO - Filling up the DagBag from /home/nikita/airflow-setup/ENV/lib/python3.12/site-packages/airflow/example_dags/example_xcom.py
[2026-05-04T01:14:58.776+0300] {processor.py:925} INFO - DAG(s) 'example_xcom' retrieved from /home/nikita/airflow-setup/ENV/lib/python3.12/site-packages/airflow/example_dags/example_xcom.py
[2026-05-04T01:14:58.787+0300] {logging_mixin.py:190} INFO - [2026-05-04T01:14:58.787+0300] {dag.py:3239} INFO - Sync 1 DAGs
[2026-05-04T01:14:58.800+0300] {logging_mixin.py:190} INFO - [2026-05-04T01:14:58.799+0300] {dag.py:4180} INFO - Setting next_dagrun for example_xcom to 2021-01-01 00:00:00+00:00, run_after=2021-01-01 00:00:00+00:00
[2026-05-04T01:14:58.815+0300] {processor.py:208} INFO - Processing /home/nikita/airflow-setup/ENV/lib/python3.12/site-packages/airflow/example_dags/example_xcom.py took 0.054 seconds
[2026-05-04T01:16:06.411+0300] {processor.py:186} INFO - Started process (PID=15601) to work on /home/nikita/airflow-setup/ENV/lib/python3.12/site-packages/airflow/example_dags/example_xcom.py
[2026-05-04T01:16:06.420+0300] {processor.py:914} INFO - Processing file /home/nikita/airflow-setup/ENV/lib/python3.12/site-packages/airflow/example_dags/example_xcom.py for tasks to queue
[2026-05-04T01:16:06.421+0300] {logging_mixin.py:190} INFO - [2026-05-04T01:16:06.421+0300] {dagbag.py:588} INFO - Filling up the DagBag from /home/nikita/airflow-setup/ENV/lib/python3.12/site-packages/airflow/example_dags/example_xcom.py
[2026-05-04T01:16:06.430+0300] {processor.py:925} INFO - DAG(s) 'example_xcom' retrieved from /home/nikita/airflow-setup/ENV/lib/python3.12/site-packages/airflow/example_dags/example_xcom.py
[2026-05-04T01:16:06.443+0300] {logging_mixin.py:190} INFO - [2026-05-04T01:16:06.443+0300] {dag.py:3239} INFO - Sync 1 DAGs
[2026-05-04T01:16:06.457+0300] {logging_mixin.py:190} INFO - [2026-05-04T01:16:06.457+0300] {dag.py:4180} INFO - Setting next_dagrun for example_xcom to 2021-01-01 00:00:00+00:00, run_after=2021-01-01 00:00:00+00:00
[2026-05-04T01:16:06.473+0300] {processor.py:208} INFO - Processing /home/nikita/airflow-setup/ENV/lib/python3.12/site-packages/airflow/example_dags/example_xcom.py took 0.067 seconds
[2026-05-04T01:17:16.526+0300] {processor.py:186} INFO - Started process (PID=15875) to work on /home/nikita/airflow-setup/ENV/lib/python3.12/site-packages/airflow/example_dags/example_xcom.py
[2026-05-04T01:17:16.536+0300] {processor.py:914} INFO - Processing file /home/nikita/airflow-setup/ENV/lib/python3.12/site-packages/airflow/example_dags/example_xcom.py for tasks to queue
[2026-05-04T01:17:16.538+0300] {logging_mixin.py:190} INFO - [2026-05-04T01:17:16.537+0300] {dagbag.py:588} INFO - Filling up the DagBag from /home/nikita/airflow-setup/ENV/lib/python3.12/site-packages/airflow/example_dags/example_xcom.py
[2026-05-04T01:17:16.552+0300] {processor.py:925} INFO - DAG(s) 'example_xcom' retrieved from /home/nikita/airflow-setup/ENV/lib/python3.12/site-packages/airflow/example_dags/example_xcom.py
[2026-05-04T01:17:16.566+0300] {logging_mixin.py:190} INFO - [2026-05-04T01:17:16.566+0300] {dag.py:3239} INFO - Sync 1 DAGs
[2026-05-04T01:17:16.583+0300] {logging_mixin.py:190} INFO - [2026-05-04T01:17:16.583+0300] {dag.py:4180} INFO - Setting next_dagrun for example_xcom to 2021-01-01 00:00:00+00:00, run_after=2021-01-01 00:00:00+00:00
[2026-05-04T01:17:16.602+0300] {processor.py:208} INFO - Processing /home/nikita/airflow-setup/ENV/lib/python3.12/site-packages/airflow/example_dags/example_xcom.py took 0.085 seconds
[2026-05-04T01:18:24.385+0300] {processor.py:186} INFO - Started process (PID=16132) to work on /home/nikita/airflow-setup/ENV/lib/python3.12/site-packages/airflow/example_dags/example_xcom.py
[2026-05-04T01:18:24.393+0300] {processor.py:914} INFO - Processing file /home/nikita/airflow-setup/ENV/lib/python3.12/site-packages/airflow/example_dags/example_xcom.py for tasks to queue
[2026-05-04T01:18:24.394+0300] {logging_mixin.py:190} INFO - [2026-05-04T01:18:24.394+0300] {dagbag.py:588} INFO - Filling up the DagBag from /home/nikita/airflow-setup/ENV/lib/python3.12/site-packages/airflow/example_dags/example_xcom.py
[2026-05-04T01:18:24.402+0300] {processor.py:925} INFO - DAG(s) 'example_xcom' retrieved from /home/nikita/airflow-setup/ENV/lib/python3.12/site-packages/airflow/example_dags/example_xcom.py
[2026-05-04T01:18:24.416+0300] {logging_mixin.py:190} INFO - [2026-05-04T01:18:24.416+0300] {dag.py:3239} INFO - Sync 1 DAGs
[2026-05-04T01:18:24.432+0300] {logging_mixin.py:190} INFO - [2026-05-04T01:18:24.432+0300] {dag.py:4180} INFO - Setting next_dagrun for example_xcom to 2021-01-01 00:00:00+00:00, run_after=2021-01-01 00:00:00+00:00
[2026-05-04T01:18:24.450+0300] {processor.py:208} INFO - Processing /home/nikita/airflow-setup/ENV/lib/python3.12/site-packages/airflow/example_dags/example_xcom.py took 0.070 seconds
[2026-05-04T01:19:29.151+0300] {processor.py:186} INFO - Started process (PID=16383) to work on /home/nikita/airflow-setup/ENV/lib/python3.12/site-packages/airflow/example_dags/example_xcom.py
[2026-05-04T01:19:29.153+0300] {processor.py:914} INFO - Processing file /home/nikita/airflow-setup/ENV/lib/python3.12/site-packages/airflow/example_dags/example_xcom.py for tasks to queue
[2026-05-04T01:19:29.154+0300] {logging_mixin.py:190} INFO - [2026-05-04T01:19:29.154+0300] {dagbag.py:588} INFO - Filling up the DagBag from /home/nikita/airflow-setup/ENV/lib/python3.12/site-packages/airflow/example_dags/example_xcom.py
[2026-05-04T01:19:29.165+0300] {processor.py:925} INFO - DAG(s) 'example_xcom' retrieved from /home/nikita/airflow-setup/ENV/lib/python3.12/site-packages/airflow/example_dags/example_xcom.py
[2026-05-04T01:19:29.181+0300] {logging_mixin.py:190} INFO - [2026-05-04T01:19:29.181+0300] {dag.py:3239} INFO - Sync 1 DAGs
[2026-05-04T01:19:29.199+0300] {logging_mixin.py:190} INFO - [2026-05-04T01:19:29.199+0300] {dag.py:4180} INFO - Setting next_dagrun for example_xcom to 2021-01-01 00:00:00+00:00, run_after=2021-01-01 00:00:00+00:00
[2026-05-04T01:19:29.217+0300] {processor.py:208} INFO - Processing /home/nikita/airflow-setup/ENV/lib/python3.12/site-packages/airflow/example_dags/example_xcom.py took 0.071 seconds
[2026-05-04T01:20:36.215+0300] {processor.py:186} INFO - Started process (PID=16650) to work on /home/nikita/airflow-setup/ENV/lib/python3.12/site-packages/airflow/example_dags/example_xcom.py
[2026-05-04T01:20:36.223+0300] {processor.py:914} INFO - Processing file /home/nikita/airflow-setup/ENV/lib/python3.12/site-packages/airflow/example_dags/example_xcom.py for tasks to queue
[2026-05-04T01:20:36.224+0300] {logging_mixin.py:190} INFO - [2026-05-04T01:20:36.224+0300] {dagbag.py:588} INFO - Filling up the DagBag from /home/nikita/airflow-setup/ENV/lib/python3.12/site-packages/airflow/example_dags/example_xcom.py
[2026-05-04T01:20:36.231+0300] {processor.py:925} INFO - DAG(s) 'example_xcom' retrieved from /home/nikita/airflow-setup/ENV/lib/python3.12/site-packages/airflow/example_dags/example_xcom.py
[2026-05-04T01:20:36.242+0300] {logging_mixin.py:190} INFO - [2026-05-04T01:20:36.242+0300] {dag.py:3239} INFO - Sync 1 DAGs
[2026-05-04T01:20:36.256+0300] {logging_mixin.py:190} INFO - [2026-05-04T01:20:36.256+0300] {dag.py:4180} INFO - Setting next_dagrun for example_xcom to 2021-01-01 00:00:00+00:00, run_after=2021-01-01 00:00:00+00:00
[2026-05-04T01:20:36.273+0300] {processor.py:208} INFO - Processing /home/nikita/airflow-setup/ENV/lib/python3.12/site-packages/airflow/example_dags/example_xcom.py took 0.062 seconds
[2026-05-04T01:21:42.238+0300] {processor.py:186} INFO - Started process (PID=16901) to work on /home/nikita/airflow-setup/ENV/lib/python3.12/site-packages/airflow/example_dags/example_xcom.py
[2026-05-04T01:21:42.239+0300] {processor.py:914} INFO - Processing file /home/nikita/airflow-setup/ENV/lib/python3.12/site-packages/airflow/example_dags/example_xcom.py for tasks to queue
[2026-05-04T01:21:42.240+0300] {logging_mixin.py:190} INFO - [2026-05-04T01:21:42.240+0300] {dagbag.py:588} INFO - Filling up the DagBag from /home/nikita/airflow-setup/ENV/lib/python3.12/site-packages/airflow/example_dags/example_xcom.py
[2026-05-04T01:21:42.248+0300] {processor.py:925} INFO - DAG(s) 'example_xcom' retrieved from /home/nikita/airflow-setup/ENV/lib/python3.12/site-packages/airflow/example_dags/example_xcom.py
[2026-05-04T01:21:42.259+0300] {logging_mixin.py:190} INFO - [2026-05-04T01:21:42.259+0300] {dag.py:3239} INFO - Sync 1 DAGs
[2026-05-04T01:21:42.273+0300] {logging_mixin.py:190} INFO - [2026-05-04T01:21:42.272+0300] {dag.py:4180} INFO - Setting next_dagrun for example_xcom to 2021-01-01 00:00:00+00:00, run_after=2021-01-01 00:00:00+00:00
[2026-05-04T01:21:42.289+0300] {processor.py:208} INFO - Processing /home/nikita/airflow-setup/ENV/lib/python3.12/site-packages/airflow/example_dags/example_xcom.py took 0.055 seconds
[2026-05-04T01:22:57.664+0300] {processor.py:186} INFO - Started process (PID=17181) to work on /home/nikita/airflow-setup/ENV/lib/python3.12/site-packages/airflow/example_dags/example_xcom.py
[2026-05-04T01:22:57.666+0300] {processor.py:914} INFO - Processing file /home/nikita/airflow-setup/ENV/lib/python3.12/site-packages/airflow/example_dags/example_xcom.py for tasks to queue
[2026-05-04T01:22:57.667+0300] {logging_mixin.py:190} INFO - [2026-05-04T01:22:57.667+0300] {dagbag.py:588} INFO - Filling up the DagBag from /home/nikita/airflow-setup/ENV/lib/python3.12/site-packages/airflow/example_dags/example_xcom.py
[2026-05-04T01:22:57.675+0300] {processor.py:925} INFO - DAG(s) 'example_xcom' retrieved from /home/nikita/airflow-setup/ENV/lib/python3.12/site-packages/airflow/example_dags/example_xcom.py
[2026-05-04T01:22:57.687+0300] {logging_mixin.py:190} INFO - [2026-05-04T01:22:57.687+0300] {dag.py:3239} INFO - Sync 1 DAGs
[2026-05-04T01:22:57.701+0300] {logging_mixin.py:190} INFO - [2026-05-04T01:22:57.701+0300] {dag.py:4180} INFO - Setting next_dagrun for example_xcom to 2021-01-01 00:00:00+00:00, run_after=2021-01-01 00:00:00+00:00
[2026-05-04T01:22:57.718+0300] {processor.py:208} INFO - Processing /home/nikita/airflow-setup/ENV/lib/python3.12/site-packages/airflow/example_dags/example_xcom.py took 0.058 seconds
[2026-05-04T01:24:02.613+0300] {processor.py:186} INFO - Started process (PID=17431) to work on /home/nikita/airflow-setup/ENV/lib/python3.12/site-packages/airflow/example_dags/example_xcom.py
[2026-05-04T01:24:02.623+0300] {processor.py:914} INFO - Processing file /home/nikita/airflow-setup/ENV/lib/python3.12/site-packages/airflow/example_dags/example_xcom.py for tasks to queue
[2026-05-04T01:24:02.624+0300] {logging_mixin.py:190} INFO - [2026-05-04T01:24:02.624+0300] {dagbag.py:588} INFO - Filling up the DagBag from /home/nikita/airflow-setup/ENV/lib/python3.12/site-packages/airflow/example_dags/example_xcom.py
[2026-05-04T01:24:02.632+0300] {processor.py:925} INFO - DAG(s) 'example_xcom' retrieved from /home/nikita/airflow-setup/ENV/lib/python3.12/site-packages/airflow/example_dags/example_xcom.py
[2026-05-04T01:24:02.644+0300] {logging_mixin.py:190} INFO - [2026-05-04T01:24:02.644+0300] {dag.py:3239} INFO - Sync 1 DAGs
[2026-05-04T01:24:02.657+0300] {logging_mixin.py:190} INFO - [2026-05-04T01:24:02.657+0300] {dag.py:4180} INFO - Setting next_dagrun for example_xcom to 2021-01-01 00:00:00+00:00, run_after=2021-01-01 00:00:00+00:00
[2026-05-04T01:24:02.673+0300] {processor.py:208} INFO - Processing /home/nikita/airflow-setup/ENV/lib/python3.12/site-packages/airflow/example_dags/example_xcom.py took 0.065 seconds
[2026-05-04T01:25:12.471+0300] {processor.py:186} INFO - Started process (PID=18010) to work on /home/nikita/airflow-setup/ENV/lib/python3.12/site-packages/airflow/example_dags/example_xcom.py
[2026-05-04T01:25:12.474+0300] {processor.py:914} INFO - Processing file /home/nikita/airflow-setup/ENV/lib/python3.12/site-packages/airflow/example_dags/example_xcom.py for tasks to queue
[2026-05-04T01:25:12.476+0300] {logging_mixin.py:190} INFO - [2026-05-04T01:25:12.475+0300] {dagbag.py:588} INFO - Filling up the DagBag from /home/nikita/airflow-setup/ENV/lib/python3.12/site-packages/airflow/example_dags/example_xcom.py
[2026-05-04T01:25:12.496+0300] {processor.py:925} INFO - DAG(s) 'example_xcom' retrieved from /home/nikita/airflow-setup/ENV/lib/python3.12/site-packages/airflow/example_dags/example_xcom.py
[2026-05-04T01:25:12.526+0300] {logging_mixin.py:190} INFO - [2026-05-04T01:25:12.526+0300] {dag.py:3239} INFO - Sync 1 DAGs
[2026-05-04T01:25:12.560+0300] {logging_mixin.py:190} INFO - [2026-05-04T01:25:12.560+0300] {dag.py:4180} INFO - Setting next_dagrun for example_xcom to 2021-01-01 00:00:00+00:00, run_after=2021-01-01 00:00:00+00:00
[2026-05-04T01:25:12.600+0300] {processor.py:208} INFO - Processing /home/nikita/airflow-setup/ENV/lib/python3.12/site-packages/airflow/example_dags/example_xcom.py took 0.134 seconds
[2026-05-04T01:26:21.771+0300] {processor.py:186} INFO - Started process (PID=19267) to work on /home/nikita/airflow-setup/ENV/lib/python3.12/site-packages/airflow/example_dags/example_xcom.py
[2026-05-04T01:26:21.781+0300] {processor.py:914} INFO - Processing file /home/nikita/airflow-setup/ENV/lib/python3.12/site-packages/airflow/example_dags/example_xcom.py for tasks to queue
[2026-05-04T01:26:21.782+0300] {logging_mixin.py:190} INFO - [2026-05-04T01:26:21.781+0300] {dagbag.py:588} INFO - Filling up the DagBag from /home/nikita/airflow-setup/ENV/lib/python3.12/site-packages/airflow/example_dags/example_xcom.py
[2026-05-04T01:26:21.792+0300] {processor.py:925} INFO - DAG(s) 'example_xcom' retrieved from /home/nikita/airflow-setup/ENV/lib/python3.12/site-packages/airflow/example_dags/example_xcom.py
[2026-05-04T01:26:21.807+0300] {logging_mixin.py:190} INFO - [2026-05-04T01:26:21.807+0300] {dag.py:3239} INFO - Sync 1 DAGs
[2026-05-04T01:26:22.012+0300] {logging_mixin.py:190} INFO - [2026-05-04T01:26:22.012+0300] {dag.py:4180} INFO - Setting next_dagrun for example_xcom to 2021-01-01 00:00:00+00:00, run_after=2021-01-01 00:00:00+00:00
[2026-05-04T01:26:22.037+0300] {processor.py:208} INFO - Processing /home/nikita/airflow-setup/ENV/lib/python3.12/site-packages/airflow/example_dags/example_xcom.py took 0.273 seconds
[2026-05-04T01:27:29.346+0300] {processor.py:186} INFO - Started process (PID=19555) to work on /home/nikita/airflow-setup/ENV/lib/python3.12/site-packages/airflow/example_dags/example_xcom.py
[2026-05-04T01:27:29.347+0300] {processor.py:914} INFO - Processing file /home/nikita/airflow-setup/ENV/lib/python3.12/site-packages/airflow/example_dags/example_xcom.py for tasks to queue
[2026-05-04T01:27:29.348+0300] {logging_mixin.py:190} INFO - [2026-05-04T01:27:29.348+0300] {dagbag.py:588} INFO - Filling up the DagBag from /home/nikita/airflow-setup/ENV/lib/python3.12/site-packages/airflow/example_dags/example_xcom.py
[2026-05-04T01:27:29.355+0300] {processor.py:925} INFO - DAG(s) 'example_xcom' retrieved from /home/nikita/airflow-setup/ENV/lib/python3.12/site-packages/airflow/example_dags/example_xcom.py
[2026-05-04T01:27:29.368+0300] {logging_mixin.py:190} INFO - [2026-05-04T01:27:29.368+0300] {dag.py:3239} INFO - Sync 1 DAGs
[2026-05-04T01:27:29.382+0300] {logging_mixin.py:190} INFO - [2026-05-04T01:27:29.381+0300] {dag.py:4180} INFO - Setting next_dagrun for example_xcom to 2021-01-01 00:00:00+00:00, run_after=2021-01-01 00:00:00+00:00
[2026-05-04T01:27:29.519+0300] {processor.py:208} INFO - Processing /home/nikita/airflow-setup/ENV/lib/python3.12/site-packages/airflow/example_dags/example_xcom.py took 0.178 seconds
[2026-05-04T01:28:44.571+0300] {processor.py:186} INFO - Started process (PID=19837) to work on /home/nikita/airflow-setup/ENV/lib/python3.12/site-packages/airflow/example_dags/example_xcom.py
[2026-05-04T01:28:44.573+0300] {processor.py:914} INFO - Processing file /home/nikita/airflow-setup/ENV/lib/python3.12/site-packages/airflow/example_dags/example_xcom.py for tasks to queue
[2026-05-04T01:28:44.574+0300] {logging_mixin.py:190} INFO - [2026-05-04T01:28:44.574+0300] {dagbag.py:588} INFO - Filling up the DagBag from /home/nikita/airflow-setup/ENV/lib/python3.12/site-packages/airflow/example_dags/example_xcom.py
[2026-05-04T01:28:44.582+0300] {processor.py:925} INFO - DAG(s) 'example_xcom' retrieved from /home/nikita/airflow-setup/ENV/lib/python3.12/site-packages/airflow/example_dags/example_xcom.py
[2026-05-04T01:28:44.593+0300] {logging_mixin.py:190} INFO - [2026-05-04T01:28:44.593+0300] {dag.py:3239} INFO - Sync 1 DAGs
[2026-05-04T01:28:44.610+0300] {logging_mixin.py:190} INFO - [2026-05-04T01:28:44.610+0300] {dag.py:4180} INFO - Setting next_dagrun for example_xcom to 2021-01-01 00:00:00+00:00, run_after=2021-01-01 00:00:00+00:00
[2026-05-04T01:28:44.626+0300] {processor.py:208} INFO - Processing /home/nikita/airflow-setup/ENV/lib/python3.12/site-packages/airflow/example_dags/example_xcom.py took 0.060 seconds
[2026-05-04T01:29:52.519+0300] {processor.py:186} INFO - Started process (PID=20094) to work on /home/nikita/airflow-setup/ENV/lib/python3.12/site-packages/airflow/example_dags/example_xcom.py
[2026-05-04T01:29:52.528+0300] {processor.py:914} INFO - Processing file /home/nikita/airflow-setup/ENV/lib/python3.12/site-packages/airflow/example_dags/example_xcom.py for tasks to queue
[2026-05-04T01:29:52.529+0300] {logging_mixin.py:190} INFO - [2026-05-04T01:29:52.529+0300] {dagbag.py:588} INFO - Filling up the DagBag from /home/nikita/airflow-setup/ENV/lib/python3.12/site-packages/airflow/example_dags/example_xcom.py
[2026-05-04T01:29:52.536+0300] {processor.py:925} INFO - DAG(s) 'example_xcom' retrieved from /home/nikita/airflow-setup/ENV/lib/python3.12/site-packages/airflow/example_dags/example_xcom.py
[2026-05-04T01:29:52.646+0300] {logging_mixin.py:190} INFO - [2026-05-04T01:29:52.646+0300] {dag.py:3239} INFO - Sync 1 DAGs
[2026-05-04T01:29:52.657+0300] {logging_mixin.py:190} INFO - [2026-05-04T01:29:52.657+0300] {dag.py:4180} INFO - Setting next_dagrun for example_xcom to 2021-01-01 00:00:00+00:00, run_after=2021-01-01 00:00:00+00:00
[2026-05-04T01:29:52.674+0300] {processor.py:208} INFO - Processing /home/nikita/airflow-setup/ENV/lib/python3.12/site-packages/airflow/example_dags/example_xcom.py took 0.159 seconds
[2026-05-04T01:31:06.218+0300] {processor.py:186} INFO - Started process (PID=20371) to work on /home/nikita/airflow-setup/ENV/lib/python3.12/site-packages/airflow/example_dags/example_xcom.py
[2026-05-04T01:31:06.222+0300] {processor.py:914} INFO - Processing file /home/nikita/airflow-setup/ENV/lib/python3.12/site-packages/airflow/example_dags/example_xcom.py for tasks to queue
[2026-05-04T01:31:06.223+0300] {logging_mixin.py:190} INFO - [2026-05-04T01:31:06.223+0300] {dagbag.py:588} INFO - Filling up the DagBag from /home/nikita/airflow-setup/ENV/lib/python3.12/site-packages/airflow/example_dags/example_xcom.py
[2026-05-04T01:31:06.231+0300] {processor.py:925} INFO - DAG(s) 'example_xcom' retrieved from /home/nikita/airflow-setup/ENV/lib/python3.12/site-packages/airflow/example_dags/example_xcom.py
[2026-05-04T01:31:06.244+0300] {logging_mixin.py:190} INFO - [2026-05-04T01:31:06.243+0300] {dag.py:3239} INFO - Sync 1 DAGs
[2026-05-04T01:31:06.380+0300] {logging_mixin.py:190} INFO - [2026-05-04T01:31:06.380+0300] {dag.py:4180} INFO - Setting next_dagrun for example_xcom to 2021-01-01 00:00:00+00:00, run_after=2021-01-01 00:00:00+00:00
[2026-05-04T01:31:06.403+0300] {processor.py:208} INFO - Processing /home/nikita/airflow-setup/ENV/lib/python3.12/site-packages/airflow/example_dags/example_xcom.py took 0.189 seconds
[2026-05-04T01:32:26.794+0300] {processor.py:186} INFO - Started process (PID=20666) to work on /home/nikita/airflow-setup/ENV/lib/python3.12/site-packages/airflow/example_dags/example_xcom.py
[2026-05-04T01:32:26.804+0300] {processor.py:914} INFO - Processing file /home/nikita/airflow-setup/ENV/lib/python3.12/site-packages/airflow/example_dags/example_xcom.py for tasks to queue
[2026-05-04T01:32:26.805+0300] {logging_mixin.py:190} INFO - [2026-05-04T01:32:26.804+0300] {dagbag.py:588} INFO - Filling up the DagBag from /home/nikita/airflow-setup/ENV/lib/python3.12/site-packages/airflow/example_dags/example_xcom.py
[2026-05-04T01:32:26.812+0300] {processor.py:925} INFO - DAG(s) 'example_xcom' retrieved from /home/nikita/airflow-setup/ENV/lib/python3.12/site-packages/airflow/example_dags/example_xcom.py
[2026-05-04T01:32:26.825+0300] {logging_mixin.py:190} INFO - [2026-05-04T01:32:26.825+0300] {dag.py:3239} INFO - Sync 1 DAGs
[2026-05-04T01:32:26.841+0300] {logging_mixin.py:190} INFO - [2026-05-04T01:32:26.841+0300] {dag.py:4180} INFO - Setting next_dagrun for example_xcom to 2021-01-01 00:00:00+00:00, run_after=2021-01-01 00:00:00+00:00
[2026-05-04T01:32:26.859+0300] {processor.py:208} INFO - Processing /home/nikita/airflow-setup/ENV/lib/python3.12/site-packages/airflow/example_dags/example_xcom.py took 0.069 seconds
[2026-05-04T01:33:33.197+0300] {processor.py:186} INFO - Started process (PID=21067) to work on /home/nikita/airflow-setup/ENV/lib/python3.12/site-packages/airflow/example_dags/example_xcom.py
[2026-05-04T01:33:33.206+0300] {processor.py:914} INFO - Processing file /home/nikita/airflow-setup/ENV/lib/python3.12/site-packages/airflow/example_dags/example_xcom.py for tasks to queue
[2026-05-04T01:33:33.207+0300] {logging_mixin.py:190} INFO - [2026-05-04T01:33:33.207+0300] {dagbag.py:588} INFO - Filling up the DagBag from /home/nikita/airflow-setup/ENV/lib/python3.12/site-packages/airflow/example_dags/example_xcom.py
[2026-05-04T01:33:33.214+0300] {processor.py:925} INFO - DAG(s) 'example_xcom' retrieved from /home/nikita/airflow-setup/ENV/lib/python3.12/site-packages/airflow/example_dags/example_xcom.py
[2026-05-04T01:33:33.225+0300] {logging_mixin.py:190} INFO - [2026-05-04T01:33:33.225+0300] {dag.py:3239} INFO - Sync 1 DAGs
[2026-05-04T01:33:33.238+0300] {logging_mixin.py:190} INFO - [2026-05-04T01:33:33.238+0300] {dag.py:4180} INFO - Setting next_dagrun for example_xcom to 2021-01-01 00:00:00+00:00, run_after=2021-01-01 00:00:00+00:00
[2026-05-04T01:33:33.255+0300] {processor.py:208} INFO - Processing /home/nikita/airflow-setup/ENV/lib/python3.12/site-packages/airflow/example_dags/example_xcom.py took 0.061 seconds
[2026-05-04T01:34:36.278+0300] {processor.py:186} INFO - Started process (PID=21433) to work on /home/nikita/airflow-setup/ENV/lib/python3.12/site-packages/airflow/example_dags/example_xcom.py
[2026-05-04T01:34:36.286+0300] {processor.py:914} INFO - Processing file /home/nikita/airflow-setup/ENV/lib/python3.12/site-packages/airflow/example_dags/example_xcom.py for tasks to queue
[2026-05-04T01:34:36.288+0300] {logging_mixin.py:190} INFO - [2026-05-04T01:34:36.287+0300] {dagbag.py:588} INFO - Filling up the DagBag from /home/nikita/airflow-setup/ENV/lib/python3.12/site-packages/airflow/example_dags/example_xcom.py
[2026-05-04T01:34:36.297+0300] {processor.py:925} INFO - DAG(s) 'example_xcom' retrieved from /home/nikita/airflow-setup/ENV/lib/python3.12/site-packages/airflow/example_dags/example_xcom.py
[2026-05-04T01:34:36.311+0300] {logging_mixin.py:190} INFO - [2026-05-04T01:34:36.311+0300] {dag.py:3239} INFO - Sync 1 DAGs
[2026-05-04T01:34:36.327+0300] {logging_mixin.py:190} INFO - [2026-05-04T01:34:36.327+0300] {dag.py:4180} INFO - Setting next_dagrun for example_xcom to 2021-01-01 00:00:00+00:00, run_after=2021-01-01 00:00:00+00:00
[2026-05-04T01:34:36.343+0300] {processor.py:208} INFO - Processing /home/nikita/airflow-setup/ENV/lib/python3.12/site-packages/airflow/example_dags/example_xcom.py took 0.070 seconds
[2026-05-04T01:35:38.850+0300] {processor.py:186} INFO - Started process (PID=21680) to work on /home/nikita/airflow-setup/ENV/lib/python3.12/site-packages/airflow/example_dags/example_xcom.py
[2026-05-04T01:35:38.859+0300] {processor.py:914} INFO - Processing file /home/nikita/airflow-setup/ENV/lib/python3.12/site-packages/airflow/example_dags/example_xcom.py for tasks to queue
[2026-05-04T01:35:38.860+0300] {logging_mixin.py:190} INFO - [2026-05-04T01:35:38.860+0300] {dagbag.py:588} INFO - Filling up the DagBag from /home/nikita/airflow-setup/ENV/lib/python3.12/site-packages/airflow/example_dags/example_xcom.py
[2026-05-04T01:35:38.868+0300] {processor.py:925} INFO - DAG(s) 'example_xcom' retrieved from /home/nikita/airflow-setup/ENV/lib/python3.12/site-packages/airflow/example_dags/example_xcom.py
[2026-05-04T01:35:38.879+0300] {logging_mixin.py:190} INFO - [2026-05-04T01:35:38.878+0300] {dag.py:3239} INFO - Sync 1 DAGs
[2026-05-04T01:35:38.892+0300] {logging_mixin.py:190} INFO - [2026-05-04T01:35:38.891+0300] {dag.py:4180} INFO - Setting next_dagrun for example_xcom to 2021-01-01 00:00:00+00:00, run_after=2021-01-01 00:00:00+00:00
[2026-05-04T01:35:38.907+0300] {processor.py:208} INFO - Processing /home/nikita/airflow-setup/ENV/lib/python3.12/site-packages/airflow/example_dags/example_xcom.py took 0.061 seconds
