[2026-05-04T00:46:28.228+0300] {processor.py:186} INFO - Started process (PID=5985) to work on /home/nikita/airflow-setup/ENV/lib/python3.12/site-packages/airflow/example_dags/example_bash_decorator.py
[2026-05-04T00:46:28.229+0300] {processor.py:914} INFO - Processing file /home/nikita/airflow-setup/ENV/lib/python3.12/site-packages/airflow/example_dags/example_bash_decorator.py for tasks to queue
[2026-05-04T00:46:28.232+0300] {logging_mixin.py:190} INFO - [2026-05-04T00:46:28.232+0300] {dagbag.py:588} INFO - Filling up the DagBag from /home/nikita/airflow-setup/ENV/lib/python3.12/site-packages/airflow/example_dags/example_bash_decorator.py
[2026-05-04T00:46:28.252+0300] {processor.py:925} INFO - DAG(s) 'example_bash_decorator' retrieved from /home/nikita/airflow-setup/ENV/lib/python3.12/site-packages/airflow/example_dags/example_bash_decorator.py
[2026-05-04T00:46:28.363+0300] {logging_mixin.py:190} INFO - [2026-05-04T00:46:28.362+0300] {override.py:1930} INFO - Created Permission View: can read on DAG:example_bash_decorator
[2026-05-04T00:46:28.378+0300] {logging_mixin.py:190} INFO - [2026-05-04T00:46:28.377+0300] {override.py:1930} INFO - Created Permission View: can delete on DAG:example_bash_decorator
[2026-05-04T00:46:28.388+0300] {logging_mixin.py:190} INFO - [2026-05-04T00:46:28.388+0300] {override.py:1930} INFO - Created Permission View: can edit on DAG:example_bash_decorator
[2026-05-04T00:46:28.404+0300] {logging_mixin.py:190} INFO - [2026-05-04T00:46:28.403+0300] {override.py:1930} INFO - Created Permission View: can read on DAG Run:example_bash_decorator
[2026-05-04T00:46:28.413+0300] {logging_mixin.py:190} INFO - [2026-05-04T00:46:28.412+0300] {override.py:1930} INFO - Created Permission View: can delete on DAG Run:example_bash_decorator
[2026-05-04T00:46:28.423+0300] {logging_mixin.py:190} INFO - [2026-05-04T00:46:28.422+0300] {override.py:1930} INFO - Created Permission View: menu access on DAG Run:example_bash_decorator
[2026-05-04T00:46:28.435+0300] {logging_mixin.py:190} INFO - [2026-05-04T00:46:28.434+0300] {override.py:1930} INFO - Created Permission View: can create on DAG Run:example_bash_decorator
[2026-05-04T00:46:28.436+0300] {logging_mixin.py:190} INFO - [2026-05-04T00:46:28.436+0300] {dag.py:3239} INFO - Sync 1 DAGs
[2026-05-04T00:46:28.449+0300] {logging_mixin.py:190} INFO - [2026-05-04T00:46:28.449+0300] {dag.py:3262} INFO - Creating ORM DAG for example_bash_decorator
[2026-05-04T00:46:28.450+0300] {logging_mixin.py:190} INFO - [2026-05-04T00:46:28.450+0300] {dag.py:4180} INFO - Setting next_dagrun for example_bash_decorator to None, run_after=None
[2026-05-04T00:46:28.470+0300] {processor.py:208} INFO - Processing /home/nikita/airflow-setup/ENV/lib/python3.12/site-packages/airflow/example_dags/example_bash_decorator.py took 0.250 seconds
[2026-05-04T00:47:35.305+0300] {processor.py:186} INFO - Started process (PID=6063) to work on /home/nikita/airflow-setup/ENV/lib/python3.12/site-packages/airflow/example_dags/example_bash_decorator.py
[2026-05-04T00:47:35.307+0300] {processor.py:914} INFO - Processing file /home/nikita/airflow-setup/ENV/lib/python3.12/site-packages/airflow/example_dags/example_bash_decorator.py for tasks to queue
[2026-05-04T00:47:35.308+0300] {logging_mixin.py:190} INFO - [2026-05-04T00:47:35.308+0300] {dagbag.py:588} INFO - Filling up the DagBag from /home/nikita/airflow-setup/ENV/lib/python3.12/site-packages/airflow/example_dags/example_bash_decorator.py
[2026-05-04T00:47:35.318+0300] {processor.py:925} INFO - DAG(s) 'example_bash_decorator' retrieved from /home/nikita/airflow-setup/ENV/lib/python3.12/site-packages/airflow/example_dags/example_bash_decorator.py
[2026-05-04T00:47:35.330+0300] {logging_mixin.py:190} INFO - [2026-05-04T00:47:35.330+0300] {dag.py:3239} INFO - Sync 1 DAGs
[2026-05-04T00:47:35.338+0300] {logging_mixin.py:190} INFO - [2026-05-04T00:47:35.338+0300] {dag.py:4180} INFO - Setting next_dagrun for example_bash_decorator to None, run_after=None
[2026-05-04T00:47:35.353+0300] {processor.py:208} INFO - Processing /home/nikita/airflow-setup/ENV/lib/python3.12/site-packages/airflow/example_dags/example_bash_decorator.py took 0.052 seconds
[2026-05-04T00:48:33.129+0300] {processor.py:186} INFO - Started process (PID=6120) to work on /home/nikita/airflow-setup/ENV/lib/python3.12/site-packages/airflow/example_dags/example_bash_decorator.py
[2026-05-04T00:48:33.140+0300] {processor.py:914} INFO - Processing file /home/nikita/airflow-setup/ENV/lib/python3.12/site-packages/airflow/example_dags/example_bash_decorator.py for tasks to queue
[2026-05-04T00:48:33.143+0300] {logging_mixin.py:190} INFO - [2026-05-04T00:48:33.142+0300] {dagbag.py:588} INFO - Filling up the DagBag from /home/nikita/airflow-setup/ENV/lib/python3.12/site-packages/airflow/example_dags/example_bash_decorator.py
[2026-05-04T00:48:33.167+0300] {processor.py:925} INFO - DAG(s) 'example_bash_decorator' retrieved from /home/nikita/airflow-setup/ENV/lib/python3.12/site-packages/airflow/example_dags/example_bash_decorator.py
[2026-05-04T00:48:33.196+0300] {logging_mixin.py:190} INFO - [2026-05-04T00:48:33.195+0300] {dag.py:3239} INFO - Sync 1 DAGs
[2026-05-04T00:48:33.215+0300] {logging_mixin.py:190} INFO - [2026-05-04T00:48:33.214+0300] {dag.py:4180} INFO - Setting next_dagrun for example_bash_decorator to None, run_after=None
[2026-05-04T00:48:33.252+0300] {processor.py:208} INFO - Processing /home/nikita/airflow-setup/ENV/lib/python3.12/site-packages/airflow/example_dags/example_bash_decorator.py took 0.134 seconds
[2026-05-04T00:49:32.267+0300] {processor.py:186} INFO - Started process (PID=6178) to work on /home/nikita/airflow-setup/ENV/lib/python3.12/site-packages/airflow/example_dags/example_bash_decorator.py
[2026-05-04T00:49:32.276+0300] {processor.py:914} INFO - Processing file /home/nikita/airflow-setup/ENV/lib/python3.12/site-packages/airflow/example_dags/example_bash_decorator.py for tasks to queue
[2026-05-04T00:49:32.277+0300] {logging_mixin.py:190} INFO - [2026-05-04T00:49:32.277+0300] {dagbag.py:588} INFO - Filling up the DagBag from /home/nikita/airflow-setup/ENV/lib/python3.12/site-packages/airflow/example_dags/example_bash_decorator.py
[2026-05-04T00:49:32.287+0300] {processor.py:925} INFO - DAG(s) 'example_bash_decorator' retrieved from /home/nikita/airflow-setup/ENV/lib/python3.12/site-packages/airflow/example_dags/example_bash_decorator.py
[2026-05-04T00:49:32.299+0300] {logging_mixin.py:190} INFO - [2026-05-04T00:49:32.299+0300] {dag.py:3239} INFO - Sync 1 DAGs
[2026-05-04T00:49:32.307+0300] {logging_mixin.py:190} INFO - [2026-05-04T00:49:32.307+0300] {dag.py:4180} INFO - Setting next_dagrun for example_bash_decorator to None, run_after=None
[2026-05-04T00:49:32.322+0300] {processor.py:208} INFO - Processing /home/nikita/airflow-setup/ENV/lib/python3.12/site-packages/airflow/example_dags/example_bash_decorator.py took 0.059 seconds
[2026-05-04T00:50:30.116+0300] {processor.py:186} INFO - Started process (PID=6254) to work on /home/nikita/airflow-setup/ENV/lib/python3.12/site-packages/airflow/example_dags/example_bash_decorator.py
[2026-05-04T00:50:30.124+0300] {processor.py:914} INFO - Processing file /home/nikita/airflow-setup/ENV/lib/python3.12/site-packages/airflow/example_dags/example_bash_decorator.py for tasks to queue
[2026-05-04T00:50:30.126+0300] {logging_mixin.py:190} INFO - [2026-05-04T00:50:30.126+0300] {dagbag.py:588} INFO - Filling up the DagBag from /home/nikita/airflow-setup/ENV/lib/python3.12/site-packages/airflow/example_dags/example_bash_decorator.py
[2026-05-04T00:50:30.137+0300] {processor.py:925} INFO - DAG(s) 'example_bash_decorator' retrieved from /home/nikita/airflow-setup/ENV/lib/python3.12/site-packages/airflow/example_dags/example_bash_decorator.py
[2026-05-04T00:50:30.149+0300] {logging_mixin.py:190} INFO - [2026-05-04T00:50:30.148+0300] {dag.py:3239} INFO - Sync 1 DAGs
[2026-05-04T00:50:30.158+0300] {logging_mixin.py:190} INFO - [2026-05-04T00:50:30.157+0300] {dag.py:4180} INFO - Setting next_dagrun for example_bash_decorator to None, run_after=None
[2026-05-04T00:50:30.174+0300] {processor.py:208} INFO - Processing /home/nikita/airflow-setup/ENV/lib/python3.12/site-packages/airflow/example_dags/example_bash_decorator.py took 0.062 seconds
[2026-05-04T00:51:53.738+0300] {processor.py:186} INFO - Started process (PID=6341) to work on /home/nikita/airflow-setup/ENV/lib/python3.12/site-packages/airflow/example_dags/example_bash_decorator.py
[2026-05-04T00:51:53.748+0300] {processor.py:914} INFO - Processing file /home/nikita/airflow-setup/ENV/lib/python3.12/site-packages/airflow/example_dags/example_bash_decorator.py for tasks to queue
[2026-05-04T00:51:53.752+0300] {logging_mixin.py:190} INFO - [2026-05-04T00:51:53.751+0300] {dagbag.py:588} INFO - Filling up the DagBag from /home/nikita/airflow-setup/ENV/lib/python3.12/site-packages/airflow/example_dags/example_bash_decorator.py
[2026-05-04T00:51:53.770+0300] {processor.py:925} INFO - DAG(s) 'example_bash_decorator' retrieved from /home/nikita/airflow-setup/ENV/lib/python3.12/site-packages/airflow/example_dags/example_bash_decorator.py
[2026-05-04T00:51:53.796+0300] {logging_mixin.py:190} INFO - [2026-05-04T00:51:53.795+0300] {dag.py:3239} INFO - Sync 1 DAGs
[2026-05-04T00:51:53.812+0300] {logging_mixin.py:190} INFO - [2026-05-04T00:51:53.811+0300] {dag.py:4180} INFO - Setting next_dagrun for example_bash_decorator to None, run_after=None
[2026-05-04T00:51:53.836+0300] {processor.py:208} INFO - Processing /home/nikita/airflow-setup/ENV/lib/python3.12/site-packages/airflow/example_dags/example_bash_decorator.py took 0.112 seconds
[2026-05-04T00:52:54.620+0300] {processor.py:186} INFO - Started process (PID=6398) to work on /home/nikita/airflow-setup/ENV/lib/python3.12/site-packages/airflow/example_dags/example_bash_decorator.py
[2026-05-04T00:52:54.629+0300] {processor.py:914} INFO - Processing file /home/nikita/airflow-setup/ENV/lib/python3.12/site-packages/airflow/example_dags/example_bash_decorator.py for tasks to queue
[2026-05-04T00:52:54.631+0300] {logging_mixin.py:190} INFO - [2026-05-04T00:52:54.630+0300] {dagbag.py:588} INFO - Filling up the DagBag from /home/nikita/airflow-setup/ENV/lib/python3.12/site-packages/airflow/example_dags/example_bash_decorator.py
[2026-05-04T00:52:54.648+0300] {processor.py:925} INFO - DAG(s) 'example_bash_decorator' retrieved from /home/nikita/airflow-setup/ENV/lib/python3.12/site-packages/airflow/example_dags/example_bash_decorator.py
[2026-05-04T00:52:54.664+0300] {logging_mixin.py:190} INFO - [2026-05-04T00:52:54.664+0300] {dag.py:3239} INFO - Sync 1 DAGs
[2026-05-04T00:52:54.676+0300] {logging_mixin.py:190} INFO - [2026-05-04T00:52:54.676+0300] {dag.py:4180} INFO - Setting next_dagrun for example_bash_decorator to None, run_after=None
[2026-05-04T00:52:54.698+0300] {processor.py:208} INFO - Processing /home/nikita/airflow-setup/ENV/lib/python3.12/site-packages/airflow/example_dags/example_bash_decorator.py took 0.083 seconds
[2026-05-04T00:53:57.161+0300] {processor.py:186} INFO - Started process (PID=6478) to work on /home/nikita/airflow-setup/ENV/lib/python3.12/site-packages/airflow/example_dags/example_bash_decorator.py
[2026-05-04T00:53:57.164+0300] {processor.py:914} INFO - Processing file /home/nikita/airflow-setup/ENV/lib/python3.12/site-packages/airflow/example_dags/example_bash_decorator.py for tasks to queue
[2026-05-04T00:53:57.167+0300] {logging_mixin.py:190} INFO - [2026-05-04T00:53:57.167+0300] {dagbag.py:588} INFO - Filling up the DagBag from /home/nikita/airflow-setup/ENV/lib/python3.12/site-packages/airflow/example_dags/example_bash_decorator.py
[2026-05-04T00:53:57.180+0300] {processor.py:925} INFO - DAG(s) 'example_bash_decorator' retrieved from /home/nikita/airflow-setup/ENV/lib/python3.12/site-packages/airflow/example_dags/example_bash_decorator.py
[2026-05-04T00:53:57.194+0300] {logging_mixin.py:190} INFO - [2026-05-04T00:53:57.194+0300] {dag.py:3239} INFO - Sync 1 DAGs
[2026-05-04T00:53:57.204+0300] {logging_mixin.py:190} INFO - [2026-05-04T00:53:57.204+0300] {dag.py:4180} INFO - Setting next_dagrun for example_bash_decorator to None, run_after=None
[2026-05-04T00:53:57.221+0300] {processor.py:208} INFO - Processing /home/nikita/airflow-setup/ENV/lib/python3.12/site-packages/airflow/example_dags/example_bash_decorator.py took 0.066 seconds
[2026-05-04T00:54:59.359+0300] {processor.py:186} INFO - Started process (PID=6545) to work on /home/nikita/airflow-setup/ENV/lib/python3.12/site-packages/airflow/example_dags/example_bash_decorator.py
[2026-05-04T00:54:59.361+0300] {processor.py:914} INFO - Processing file /home/nikita/airflow-setup/ENV/lib/python3.12/site-packages/airflow/example_dags/example_bash_decorator.py for tasks to queue
[2026-05-04T00:54:59.362+0300] {logging_mixin.py:190} INFO - [2026-05-04T00:54:59.362+0300] {dagbag.py:588} INFO - Filling up the DagBag from /home/nikita/airflow-setup/ENV/lib/python3.12/site-packages/airflow/example_dags/example_bash_decorator.py
[2026-05-04T00:54:59.376+0300] {processor.py:925} INFO - DAG(s) 'example_bash_decorator' retrieved from /home/nikita/airflow-setup/ENV/lib/python3.12/site-packages/airflow/example_dags/example_bash_decorator.py
[2026-05-04T00:54:59.392+0300] {logging_mixin.py:190} INFO - [2026-05-04T00:54:59.392+0300] {dag.py:3239} INFO - Sync 1 DAGs
[2026-05-04T00:54:59.403+0300] {logging_mixin.py:190} INFO - [2026-05-04T00:54:59.403+0300] {dag.py:4180} INFO - Setting next_dagrun for example_bash_decorator to None, run_after=None
[2026-05-04T00:54:59.421+0300] {processor.py:208} INFO - Processing /home/nikita/airflow-setup/ENV/lib/python3.12/site-packages/airflow/example_dags/example_bash_decorator.py took 0.067 seconds
[2026-05-04T00:56:01.047+0300] {processor.py:186} INFO - Started process (PID=6605) to work on /home/nikita/airflow-setup/ENV/lib/python3.12/site-packages/airflow/example_dags/example_bash_decorator.py
[2026-05-04T00:56:01.048+0300] {processor.py:914} INFO - Processing file /home/nikita/airflow-setup/ENV/lib/python3.12/site-packages/airflow/example_dags/example_bash_decorator.py for tasks to queue
[2026-05-04T00:56:01.049+0300] {logging_mixin.py:190} INFO - [2026-05-04T00:56:01.049+0300] {dagbag.py:588} INFO - Filling up the DagBag from /home/nikita/airflow-setup/ENV/lib/python3.12/site-packages/airflow/example_dags/example_bash_decorator.py
[2026-05-04T00:56:01.061+0300] {processor.py:925} INFO - DAG(s) 'example_bash_decorator' retrieved from /home/nikita/airflow-setup/ENV/lib/python3.12/site-packages/airflow/example_dags/example_bash_decorator.py
[2026-05-04T00:56:01.076+0300] {logging_mixin.py:190} INFO - [2026-05-04T00:56:01.075+0300] {dag.py:3239} INFO - Sync 1 DAGs
[2026-05-04T00:56:01.085+0300] {logging_mixin.py:190} INFO - [2026-05-04T00:56:01.085+0300] {dag.py:4180} INFO - Setting next_dagrun for example_bash_decorator to None, run_after=None
[2026-05-04T00:56:01.103+0300] {processor.py:208} INFO - Processing /home/nikita/airflow-setup/ENV/lib/python3.12/site-packages/airflow/example_dags/example_bash_decorator.py took 0.061 seconds
[2026-05-04T00:57:00.386+0300] {processor.py:186} INFO - Started process (PID=6886) to work on /home/nikita/airflow-setup/ENV/lib/python3.12/site-packages/airflow/example_dags/example_bash_decorator.py
[2026-05-04T00:57:00.395+0300] {processor.py:914} INFO - Processing file /home/nikita/airflow-setup/ENV/lib/python3.12/site-packages/airflow/example_dags/example_bash_decorator.py for tasks to queue
[2026-05-04T00:57:00.398+0300] {logging_mixin.py:190} INFO - [2026-05-04T00:57:00.397+0300] {dagbag.py:588} INFO - Filling up the DagBag from /home/nikita/airflow-setup/ENV/lib/python3.12/site-packages/airflow/example_dags/example_bash_decorator.py
[2026-05-04T00:57:00.412+0300] {processor.py:925} INFO - DAG(s) 'example_bash_decorator' retrieved from /home/nikita/airflow-setup/ENV/lib/python3.12/site-packages/airflow/example_dags/example_bash_decorator.py
[2026-05-04T00:57:00.430+0300] {logging_mixin.py:190} INFO - [2026-05-04T00:57:00.430+0300] {dag.py:3239} INFO - Sync 1 DAGs
[2026-05-04T00:57:00.442+0300] {logging_mixin.py:190} INFO - [2026-05-04T00:57:00.442+0300] {dag.py:4180} INFO - Setting next_dagrun for example_bash_decorator to None, run_after=None
[2026-05-04T00:57:00.461+0300] {processor.py:208} INFO - Processing /home/nikita/airflow-setup/ENV/lib/python3.12/site-packages/airflow/example_dags/example_bash_decorator.py took 0.080 seconds
[2026-05-04T00:58:01.245+0300] {processor.py:186} INFO - Started process (PID=7189) to work on /home/nikita/airflow-setup/ENV/lib/python3.12/site-packages/airflow/example_dags/example_bash_decorator.py
[2026-05-04T00:58:01.247+0300] {processor.py:914} INFO - Processing file /home/nikita/airflow-setup/ENV/lib/python3.12/site-packages/airflow/example_dags/example_bash_decorator.py for tasks to queue
[2026-05-04T00:58:01.249+0300] {logging_mixin.py:190} INFO - [2026-05-04T00:58:01.248+0300] {dagbag.py:588} INFO - Filling up the DagBag from /home/nikita/airflow-setup/ENV/lib/python3.12/site-packages/airflow/example_dags/example_bash_decorator.py
[2026-05-04T00:58:01.262+0300] {processor.py:925} INFO - DAG(s) 'example_bash_decorator' retrieved from /home/nikita/airflow-setup/ENV/lib/python3.12/site-packages/airflow/example_dags/example_bash_decorator.py
[2026-05-04T00:58:01.277+0300] {logging_mixin.py:190} INFO - [2026-05-04T00:58:01.276+0300] {dag.py:3239} INFO - Sync 1 DAGs
[2026-05-04T00:58:01.286+0300] {logging_mixin.py:190} INFO - [2026-05-04T00:58:01.285+0300] {dag.py:4180} INFO - Setting next_dagrun for example_bash_decorator to None, run_after=None
[2026-05-04T00:58:01.302+0300] {processor.py:208} INFO - Processing /home/nikita/airflow-setup/ENV/lib/python3.12/site-packages/airflow/example_dags/example_bash_decorator.py took 0.063 seconds
[2026-05-04T00:58:59.718+0300] {processor.py:186} INFO - Started process (PID=7409) to work on /home/nikita/airflow-setup/ENV/lib/python3.12/site-packages/airflow/example_dags/example_bash_decorator.py
[2026-05-04T00:58:59.727+0300] {processor.py:914} INFO - Processing file /home/nikita/airflow-setup/ENV/lib/python3.12/site-packages/airflow/example_dags/example_bash_decorator.py for tasks to queue
[2026-05-04T00:58:59.729+0300] {logging_mixin.py:190} INFO - [2026-05-04T00:58:59.729+0300] {dagbag.py:588} INFO - Filling up the DagBag from /home/nikita/airflow-setup/ENV/lib/python3.12/site-packages/airflow/example_dags/example_bash_decorator.py
[2026-05-04T00:58:59.740+0300] {processor.py:925} INFO - DAG(s) 'example_bash_decorator' retrieved from /home/nikita/airflow-setup/ENV/lib/python3.12/site-packages/airflow/example_dags/example_bash_decorator.py
[2026-05-04T00:58:59.754+0300] {logging_mixin.py:190} INFO - [2026-05-04T00:58:59.754+0300] {dag.py:3239} INFO - Sync 1 DAGs
[2026-05-04T00:58:59.763+0300] {logging_mixin.py:190} INFO - [2026-05-04T00:58:59.762+0300] {dag.py:4180} INFO - Setting next_dagrun for example_bash_decorator to None, run_after=None
[2026-05-04T00:58:59.780+0300] {processor.py:208} INFO - Processing /home/nikita/airflow-setup/ENV/lib/python3.12/site-packages/airflow/example_dags/example_bash_decorator.py took 0.067 seconds
[2026-05-04T00:59:58.517+0300] {processor.py:186} INFO - Started process (PID=8247) to work on /home/nikita/airflow-setup/ENV/lib/python3.12/site-packages/airflow/example_dags/example_bash_decorator.py
[2026-05-04T00:59:58.519+0300] {processor.py:914} INFO - Processing file /home/nikita/airflow-setup/ENV/lib/python3.12/site-packages/airflow/example_dags/example_bash_decorator.py for tasks to queue
[2026-05-04T00:59:58.521+0300] {logging_mixin.py:190} INFO - [2026-05-04T00:59:58.521+0300] {dagbag.py:588} INFO - Filling up the DagBag from /home/nikita/airflow-setup/ENV/lib/python3.12/site-packages/airflow/example_dags/example_bash_decorator.py
[2026-05-04T00:59:58.531+0300] {processor.py:925} INFO - DAG(s) 'example_bash_decorator' retrieved from /home/nikita/airflow-setup/ENV/lib/python3.12/site-packages/airflow/example_dags/example_bash_decorator.py
[2026-05-04T00:59:58.543+0300] {logging_mixin.py:190} INFO - [2026-05-04T00:59:58.543+0300] {dag.py:3239} INFO - Sync 1 DAGs
[2026-05-04T00:59:58.551+0300] {logging_mixin.py:190} INFO - [2026-05-04T00:59:58.551+0300] {dag.py:4180} INFO - Setting next_dagrun for example_bash_decorator to None, run_after=None
[2026-05-04T00:59:58.566+0300] {processor.py:208} INFO - Processing /home/nikita/airflow-setup/ENV/lib/python3.12/site-packages/airflow/example_dags/example_bash_decorator.py took 0.053 seconds
[2026-05-04T01:01:03.616+0300] {processor.py:186} INFO - Started process (PID=8541) to work on /home/nikita/airflow-setup/ENV/lib/python3.12/site-packages/airflow/example_dags/example_bash_decorator.py
[2026-05-04T01:01:03.617+0300] {processor.py:914} INFO - Processing file /home/nikita/airflow-setup/ENV/lib/python3.12/site-packages/airflow/example_dags/example_bash_decorator.py for tasks to queue
[2026-05-04T01:01:03.618+0300] {logging_mixin.py:190} INFO - [2026-05-04T01:01:03.618+0300] {dagbag.py:588} INFO - Filling up the DagBag from /home/nikita/airflow-setup/ENV/lib/python3.12/site-packages/airflow/example_dags/example_bash_decorator.py
[2026-05-04T01:01:03.629+0300] {processor.py:925} INFO - DAG(s) 'example_bash_decorator' retrieved from /home/nikita/airflow-setup/ENV/lib/python3.12/site-packages/airflow/example_dags/example_bash_decorator.py
[2026-05-04T01:01:03.640+0300] {logging_mixin.py:190} INFO - [2026-05-04T01:01:03.640+0300] {dag.py:3239} INFO - Sync 1 DAGs
[2026-05-04T01:01:03.649+0300] {logging_mixin.py:190} INFO - [2026-05-04T01:01:03.649+0300] {dag.py:4180} INFO - Setting next_dagrun for example_bash_decorator to None, run_after=None
[2026-05-04T01:01:03.664+0300] {processor.py:208} INFO - Processing /home/nikita/airflow-setup/ENV/lib/python3.12/site-packages/airflow/example_dags/example_bash_decorator.py took 0.052 seconds
[2026-05-04T01:02:10.049+0300] {processor.py:186} INFO - Started process (PID=9163) to work on /home/nikita/airflow-setup/ENV/lib/python3.12/site-packages/airflow/example_dags/example_bash_decorator.py
[2026-05-04T01:02:10.060+0300] {processor.py:914} INFO - Processing file /home/nikita/airflow-setup/ENV/lib/python3.12/site-packages/airflow/example_dags/example_bash_decorator.py for tasks to queue
[2026-05-04T01:02:10.061+0300] {logging_mixin.py:190} INFO - [2026-05-04T01:02:10.060+0300] {dagbag.py:588} INFO - Filling up the DagBag from /home/nikita/airflow-setup/ENV/lib/python3.12/site-packages/airflow/example_dags/example_bash_decorator.py
[2026-05-04T01:02:10.072+0300] {processor.py:925} INFO - DAG(s) 'example_bash_decorator' retrieved from /home/nikita/airflow-setup/ENV/lib/python3.12/site-packages/airflow/example_dags/example_bash_decorator.py
[2026-05-04T01:02:10.085+0300] {logging_mixin.py:190} INFO - [2026-05-04T01:02:10.085+0300] {dag.py:3239} INFO - Sync 1 DAGs
[2026-05-04T01:02:10.094+0300] {logging_mixin.py:190} INFO - [2026-05-04T01:02:10.094+0300] {dag.py:4180} INFO - Setting next_dagrun for example_bash_decorator to None, run_after=None
[2026-05-04T01:02:10.111+0300] {processor.py:208} INFO - Processing /home/nikita/airflow-setup/ENV/lib/python3.12/site-packages/airflow/example_dags/example_bash_decorator.py took 0.066 seconds
[2026-05-04T01:03:17.450+0300] {processor.py:186} INFO - Started process (PID=9659) to work on /home/nikita/airflow-setup/ENV/lib/python3.12/site-packages/airflow/example_dags/example_bash_decorator.py
[2026-05-04T01:03:17.456+0300] {processor.py:914} INFO - Processing file /home/nikita/airflow-setup/ENV/lib/python3.12/site-packages/airflow/example_dags/example_bash_decorator.py for tasks to queue
[2026-05-04T01:03:17.457+0300] {logging_mixin.py:190} INFO - [2026-05-04T01:03:17.457+0300] {dagbag.py:588} INFO - Filling up the DagBag from /home/nikita/airflow-setup/ENV/lib/python3.12/site-packages/airflow/example_dags/example_bash_decorator.py
[2026-05-04T01:03:17.469+0300] {processor.py:925} INFO - DAG(s) 'example_bash_decorator' retrieved from /home/nikita/airflow-setup/ENV/lib/python3.12/site-packages/airflow/example_dags/example_bash_decorator.py
[2026-05-04T01:03:17.482+0300] {logging_mixin.py:190} INFO - [2026-05-04T01:03:17.482+0300] {dag.py:3239} INFO - Sync 1 DAGs
[2026-05-04T01:03:17.491+0300] {logging_mixin.py:190} INFO - [2026-05-04T01:03:17.490+0300] {dag.py:4180} INFO - Setting next_dagrun for example_bash_decorator to None, run_after=None
[2026-05-04T01:03:17.507+0300] {processor.py:208} INFO - Processing /home/nikita/airflow-setup/ENV/lib/python3.12/site-packages/airflow/example_dags/example_bash_decorator.py took 0.061 seconds
[2026-05-04T01:04:18.948+0300] {processor.py:186} INFO - Started process (PID=9925) to work on /home/nikita/airflow-setup/ENV/lib/python3.12/site-packages/airflow/example_dags/example_bash_decorator.py
[2026-05-04T01:04:18.957+0300] {processor.py:914} INFO - Processing file /home/nikita/airflow-setup/ENV/lib/python3.12/site-packages/airflow/example_dags/example_bash_decorator.py for tasks to queue
[2026-05-04T01:04:18.958+0300] {logging_mixin.py:190} INFO - [2026-05-04T01:04:18.958+0300] {dagbag.py:588} INFO - Filling up the DagBag from /home/nikita/airflow-setup/ENV/lib/python3.12/site-packages/airflow/example_dags/example_bash_decorator.py
[2026-05-04T01:04:18.969+0300] {processor.py:925} INFO - DAG(s) 'example_bash_decorator' retrieved from /home/nikita/airflow-setup/ENV/lib/python3.12/site-packages/airflow/example_dags/example_bash_decorator.py
[2026-05-04T01:04:18.981+0300] {logging_mixin.py:190} INFO - [2026-05-04T01:04:18.981+0300] {dag.py:3239} INFO - Sync 1 DAGs
[2026-05-04T01:04:18.990+0300] {logging_mixin.py:190} INFO - [2026-05-04T01:04:18.990+0300] {dag.py:4180} INFO - Setting next_dagrun for example_bash_decorator to None, run_after=None
[2026-05-04T01:04:19.005+0300] {processor.py:208} INFO - Processing /home/nikita/airflow-setup/ENV/lib/python3.12/site-packages/airflow/example_dags/example_bash_decorator.py took 0.061 seconds
[2026-05-04T01:05:24.199+0300] {processor.py:186} INFO - Started process (PID=10182) to work on /home/nikita/airflow-setup/ENV/lib/python3.12/site-packages/airflow/example_dags/example_bash_decorator.py
[2026-05-04T01:05:24.207+0300] {processor.py:914} INFO - Processing file /home/nikita/airflow-setup/ENV/lib/python3.12/site-packages/airflow/example_dags/example_bash_decorator.py for tasks to queue
[2026-05-04T01:05:24.208+0300] {logging_mixin.py:190} INFO - [2026-05-04T01:05:24.208+0300] {dagbag.py:588} INFO - Filling up the DagBag from /home/nikita/airflow-setup/ENV/lib/python3.12/site-packages/airflow/example_dags/example_bash_decorator.py
[2026-05-04T01:05:24.222+0300] {processor.py:925} INFO - DAG(s) 'example_bash_decorator' retrieved from /home/nikita/airflow-setup/ENV/lib/python3.12/site-packages/airflow/example_dags/example_bash_decorator.py
[2026-05-04T01:05:24.237+0300] {logging_mixin.py:190} INFO - [2026-05-04T01:05:24.237+0300] {dag.py:3239} INFO - Sync 1 DAGs
[2026-05-04T01:05:24.248+0300] {logging_mixin.py:190} INFO - [2026-05-04T01:05:24.247+0300] {dag.py:4180} INFO - Setting next_dagrun for example_bash_decorator to None, run_after=None
[2026-05-04T01:05:24.267+0300] {processor.py:208} INFO - Processing /home/nikita/airflow-setup/ENV/lib/python3.12/site-packages/airflow/example_dags/example_bash_decorator.py took 0.074 seconds
[2026-05-04T01:06:30.337+0300] {processor.py:186} INFO - Started process (PID=10459) to work on /home/nikita/airflow-setup/ENV/lib/python3.12/site-packages/airflow/example_dags/example_bash_decorator.py
[2026-05-04T01:06:30.340+0300] {processor.py:914} INFO - Processing file /home/nikita/airflow-setup/ENV/lib/python3.12/site-packages/airflow/example_dags/example_bash_decorator.py for tasks to queue
[2026-05-04T01:06:30.341+0300] {logging_mixin.py:190} INFO - [2026-05-04T01:06:30.341+0300] {dagbag.py:588} INFO - Filling up the DagBag from /home/nikita/airflow-setup/ENV/lib/python3.12/site-packages/airflow/example_dags/example_bash_decorator.py
[2026-05-04T01:06:30.353+0300] {processor.py:925} INFO - DAG(s) 'example_bash_decorator' retrieved from /home/nikita/airflow-setup/ENV/lib/python3.12/site-packages/airflow/example_dags/example_bash_decorator.py
[2026-05-04T01:06:30.367+0300] {logging_mixin.py:190} INFO - [2026-05-04T01:06:30.367+0300] {dag.py:3239} INFO - Sync 1 DAGs
[2026-05-04T01:06:30.377+0300] {logging_mixin.py:190} INFO - [2026-05-04T01:06:30.377+0300] {dag.py:4180} INFO - Setting next_dagrun for example_bash_decorator to None, run_after=None
[2026-05-04T01:06:30.394+0300] {processor.py:208} INFO - Processing /home/nikita/airflow-setup/ENV/lib/python3.12/site-packages/airflow/example_dags/example_bash_decorator.py took 0.061 seconds
[2026-05-04T01:07:36.400+0300] {processor.py:186} INFO - Started process (PID=10708) to work on /home/nikita/airflow-setup/ENV/lib/python3.12/site-packages/airflow/example_dags/example_bash_decorator.py
[2026-05-04T01:07:36.410+0300] {processor.py:914} INFO - Processing file /home/nikita/airflow-setup/ENV/lib/python3.12/site-packages/airflow/example_dags/example_bash_decorator.py for tasks to queue
[2026-05-04T01:07:36.411+0300] {logging_mixin.py:190} INFO - [2026-05-04T01:07:36.411+0300] {dagbag.py:588} INFO - Filling up the DagBag from /home/nikita/airflow-setup/ENV/lib/python3.12/site-packages/airflow/example_dags/example_bash_decorator.py
[2026-05-04T01:07:36.423+0300] {processor.py:925} INFO - DAG(s) 'example_bash_decorator' retrieved from /home/nikita/airflow-setup/ENV/lib/python3.12/site-packages/airflow/example_dags/example_bash_decorator.py
[2026-05-04T01:07:36.436+0300] {logging_mixin.py:190} INFO - [2026-05-04T01:07:36.436+0300] {dag.py:3239} INFO - Sync 1 DAGs
[2026-05-04T01:07:36.445+0300] {logging_mixin.py:190} INFO - [2026-05-04T01:07:36.444+0300] {dag.py:4180} INFO - Setting next_dagrun for example_bash_decorator to None, run_after=None
[2026-05-04T01:07:36.462+0300] {processor.py:208} INFO - Processing /home/nikita/airflow-setup/ENV/lib/python3.12/site-packages/airflow/example_dags/example_bash_decorator.py took 0.066 seconds
[2026-05-04T01:08:44.318+0300] {processor.py:186} INFO - Started process (PID=11272) to work on /home/nikita/airflow-setup/ENV/lib/python3.12/site-packages/airflow/example_dags/example_bash_decorator.py
[2026-05-04T01:08:44.328+0300] {processor.py:914} INFO - Processing file /home/nikita/airflow-setup/ENV/lib/python3.12/site-packages/airflow/example_dags/example_bash_decorator.py for tasks to queue
[2026-05-04T01:08:44.329+0300] {logging_mixin.py:190} INFO - [2026-05-04T01:08:44.329+0300] {dagbag.py:588} INFO - Filling up the DagBag from /home/nikita/airflow-setup/ENV/lib/python3.12/site-packages/airflow/example_dags/example_bash_decorator.py
[2026-05-04T01:08:44.341+0300] {processor.py:925} INFO - DAG(s) 'example_bash_decorator' retrieved from /home/nikita/airflow-setup/ENV/lib/python3.12/site-packages/airflow/example_dags/example_bash_decorator.py
[2026-05-04T01:08:44.355+0300] {logging_mixin.py:190} INFO - [2026-05-04T01:08:44.354+0300] {dag.py:3239} INFO - Sync 1 DAGs
[2026-05-04T01:08:44.365+0300] {logging_mixin.py:190} INFO - [2026-05-04T01:08:44.364+0300] {dag.py:4180} INFO - Setting next_dagrun for example_bash_decorator to None, run_after=None
[2026-05-04T01:08:44.381+0300] {processor.py:208} INFO - Processing /home/nikita/airflow-setup/ENV/lib/python3.12/site-packages/airflow/example_dags/example_bash_decorator.py took 0.067 seconds
[2026-05-04T01:09:51.859+0300] {processor.py:186} INFO - Started process (PID=12164) to work on /home/nikita/airflow-setup/ENV/lib/python3.12/site-packages/airflow/example_dags/example_bash_decorator.py
[2026-05-04T01:09:51.868+0300] {processor.py:914} INFO - Processing file /home/nikita/airflow-setup/ENV/lib/python3.12/site-packages/airflow/example_dags/example_bash_decorator.py for tasks to queue
[2026-05-04T01:09:51.869+0300] {logging_mixin.py:190} INFO - [2026-05-04T01:09:51.869+0300] {dagbag.py:588} INFO - Filling up the DagBag from /home/nikita/airflow-setup/ENV/lib/python3.12/site-packages/airflow/example_dags/example_bash_decorator.py
[2026-05-04T01:09:51.880+0300] {processor.py:925} INFO - DAG(s) 'example_bash_decorator' retrieved from /home/nikita/airflow-setup/ENV/lib/python3.12/site-packages/airflow/example_dags/example_bash_decorator.py
[2026-05-04T01:09:51.892+0300] {logging_mixin.py:190} INFO - [2026-05-04T01:09:51.892+0300] {dag.py:3239} INFO - Sync 1 DAGs
[2026-05-04T01:09:51.900+0300] {logging_mixin.py:190} INFO - [2026-05-04T01:09:51.900+0300] {dag.py:4180} INFO - Setting next_dagrun for example_bash_decorator to None, run_after=None
[2026-05-04T01:09:51.917+0300] {processor.py:208} INFO - Processing /home/nikita/airflow-setup/ENV/lib/python3.12/site-packages/airflow/example_dags/example_bash_decorator.py took 0.062 seconds
[2026-05-04T01:11:02.580+0300] {processor.py:186} INFO - Started process (PID=12428) to work on /home/nikita/airflow-setup/ENV/lib/python3.12/site-packages/airflow/example_dags/example_bash_decorator.py
[2026-05-04T01:11:02.589+0300] {processor.py:914} INFO - Processing file /home/nikita/airflow-setup/ENV/lib/python3.12/site-packages/airflow/example_dags/example_bash_decorator.py for tasks to queue
[2026-05-04T01:11:02.590+0300] {logging_mixin.py:190} INFO - [2026-05-04T01:11:02.590+0300] {dagbag.py:588} INFO - Filling up the DagBag from /home/nikita/airflow-setup/ENV/lib/python3.12/site-packages/airflow/example_dags/example_bash_decorator.py
[2026-05-04T01:11:02.601+0300] {processor.py:925} INFO - DAG(s) 'example_bash_decorator' retrieved from /home/nikita/airflow-setup/ENV/lib/python3.12/site-packages/airflow/example_dags/example_bash_decorator.py
[2026-05-04T01:11:02.613+0300] {logging_mixin.py:190} INFO - [2026-05-04T01:11:02.613+0300] {dag.py:3239} INFO - Sync 1 DAGs
[2026-05-04T01:11:02.622+0300] {logging_mixin.py:190} INFO - [2026-05-04T01:11:02.622+0300] {dag.py:4180} INFO - Setting next_dagrun for example_bash_decorator to None, run_after=None
[2026-05-04T01:11:02.639+0300] {processor.py:208} INFO - Processing /home/nikita/airflow-setup/ENV/lib/python3.12/site-packages/airflow/example_dags/example_bash_decorator.py took 0.064 seconds
[2026-05-04T01:12:07.181+0300] {processor.py:186} INFO - Started process (PID=12680) to work on /home/nikita/airflow-setup/ENV/lib/python3.12/site-packages/airflow/example_dags/example_bash_decorator.py
[2026-05-04T01:12:07.183+0300] {processor.py:914} INFO - Processing file /home/nikita/airflow-setup/ENV/lib/python3.12/site-packages/airflow/example_dags/example_bash_decorator.py for tasks to queue
[2026-05-04T01:12:07.184+0300] {logging_mixin.py:190} INFO - [2026-05-04T01:12:07.184+0300] {dagbag.py:588} INFO - Filling up the DagBag from /home/nikita/airflow-setup/ENV/lib/python3.12/site-packages/airflow/example_dags/example_bash_decorator.py
[2026-05-04T01:12:07.195+0300] {processor.py:925} INFO - DAG(s) 'example_bash_decorator' retrieved from /home/nikita/airflow-setup/ENV/lib/python3.12/site-packages/airflow/example_dags/example_bash_decorator.py
[2026-05-04T01:12:07.209+0300] {logging_mixin.py:190} INFO - [2026-05-04T01:12:07.209+0300] {dag.py:3239} INFO - Sync 1 DAGs
[2026-05-04T01:12:07.218+0300] {logging_mixin.py:190} INFO - [2026-05-04T01:12:07.218+0300] {dag.py:4180} INFO - Setting next_dagrun for example_bash_decorator to None, run_after=None
[2026-05-04T01:12:07.236+0300] {processor.py:208} INFO - Processing /home/nikita/airflow-setup/ENV/lib/python3.12/site-packages/airflow/example_dags/example_bash_decorator.py took 0.059 seconds
[2026-05-04T01:13:33.478+0300] {processor.py:186} INFO - Started process (PID=13310) to work on /home/nikita/airflow-setup/ENV/lib/python3.12/site-packages/airflow/example_dags/example_bash_decorator.py
[2026-05-04T01:13:33.487+0300] {processor.py:914} INFO - Processing file /home/nikita/airflow-setup/ENV/lib/python3.12/site-packages/airflow/example_dags/example_bash_decorator.py for tasks to queue
[2026-05-04T01:13:33.488+0300] {logging_mixin.py:190} INFO - [2026-05-04T01:13:33.488+0300] {dagbag.py:588} INFO - Filling up the DagBag from /home/nikita/airflow-setup/ENV/lib/python3.12/site-packages/airflow/example_dags/example_bash_decorator.py
[2026-05-04T01:13:33.500+0300] {processor.py:925} INFO - DAG(s) 'example_bash_decorator' retrieved from /home/nikita/airflow-setup/ENV/lib/python3.12/site-packages/airflow/example_dags/example_bash_decorator.py
[2026-05-04T01:13:33.512+0300] {logging_mixin.py:190} INFO - [2026-05-04T01:13:33.512+0300] {dag.py:3239} INFO - Sync 1 DAGs
[2026-05-04T01:13:33.520+0300] {logging_mixin.py:190} INFO - [2026-05-04T01:13:33.520+0300] {dag.py:4180} INFO - Setting next_dagrun for example_bash_decorator to None, run_after=None
[2026-05-04T01:13:33.536+0300] {processor.py:208} INFO - Processing /home/nikita/airflow-setup/ENV/lib/python3.12/site-packages/airflow/example_dags/example_bash_decorator.py took 0.062 seconds
[2026-05-04T01:14:39.362+0300] {processor.py:186} INFO - Started process (PID=14326) to work on /home/nikita/airflow-setup/ENV/lib/python3.12/site-packages/airflow/example_dags/example_bash_decorator.py
[2026-05-04T01:14:39.370+0300] {processor.py:914} INFO - Processing file /home/nikita/airflow-setup/ENV/lib/python3.12/site-packages/airflow/example_dags/example_bash_decorator.py for tasks to queue
[2026-05-04T01:14:39.371+0300] {logging_mixin.py:190} INFO - [2026-05-04T01:14:39.371+0300] {dagbag.py:588} INFO - Filling up the DagBag from /home/nikita/airflow-setup/ENV/lib/python3.12/site-packages/airflow/example_dags/example_bash_decorator.py
[2026-05-04T01:14:39.385+0300] {processor.py:925} INFO - DAG(s) 'example_bash_decorator' retrieved from /home/nikita/airflow-setup/ENV/lib/python3.12/site-packages/airflow/example_dags/example_bash_decorator.py
[2026-05-04T01:14:39.399+0300] {logging_mixin.py:190} INFO - [2026-05-04T01:14:39.399+0300] {dag.py:3239} INFO - Sync 1 DAGs
[2026-05-04T01:14:39.408+0300] {logging_mixin.py:190} INFO - [2026-05-04T01:14:39.408+0300] {dag.py:4180} INFO - Setting next_dagrun for example_bash_decorator to None, run_after=None
[2026-05-04T01:14:39.423+0300] {processor.py:208} INFO - Processing /home/nikita/airflow-setup/ENV/lib/python3.12/site-packages/airflow/example_dags/example_bash_decorator.py took 0.066 seconds
[2026-05-04T01:15:47.180+0300] {processor.py:186} INFO - Started process (PID=14653) to work on /home/nikita/airflow-setup/ENV/lib/python3.12/site-packages/airflow/example_dags/example_bash_decorator.py
[2026-05-04T01:15:47.188+0300] {processor.py:914} INFO - Processing file /home/nikita/airflow-setup/ENV/lib/python3.12/site-packages/airflow/example_dags/example_bash_decorator.py for tasks to queue
[2026-05-04T01:15:47.190+0300] {logging_mixin.py:190} INFO - [2026-05-04T01:15:47.189+0300] {dagbag.py:588} INFO - Filling up the DagBag from /home/nikita/airflow-setup/ENV/lib/python3.12/site-packages/airflow/example_dags/example_bash_decorator.py
[2026-05-04T01:15:47.201+0300] {processor.py:925} INFO - DAG(s) 'example_bash_decorator' retrieved from /home/nikita/airflow-setup/ENV/lib/python3.12/site-packages/airflow/example_dags/example_bash_decorator.py
[2026-05-04T01:15:47.215+0300] {logging_mixin.py:190} INFO - [2026-05-04T01:15:47.214+0300] {dag.py:3239} INFO - Sync 1 DAGs
[2026-05-04T01:15:47.225+0300] {logging_mixin.py:190} INFO - [2026-05-04T01:15:47.224+0300] {dag.py:4180} INFO - Setting next_dagrun for example_bash_decorator to None, run_after=None
[2026-05-04T01:15:47.242+0300] {processor.py:208} INFO - Processing /home/nikita/airflow-setup/ENV/lib/python3.12/site-packages/airflow/example_dags/example_bash_decorator.py took 0.067 seconds
[2026-05-04T01:16:55.835+0300] {processor.py:186} INFO - Started process (PID=15801) to work on /home/nikita/airflow-setup/ENV/lib/python3.12/site-packages/airflow/example_dags/example_bash_decorator.py
[2026-05-04T01:16:55.836+0300] {processor.py:914} INFO - Processing file /home/nikita/airflow-setup/ENV/lib/python3.12/site-packages/airflow/example_dags/example_bash_decorator.py for tasks to queue
[2026-05-04T01:16:55.837+0300] {logging_mixin.py:190} INFO - [2026-05-04T01:16:55.837+0300] {dagbag.py:588} INFO - Filling up the DagBag from /home/nikita/airflow-setup/ENV/lib/python3.12/site-packages/airflow/example_dags/example_bash_decorator.py
[2026-05-04T01:16:55.851+0300] {processor.py:925} INFO - DAG(s) 'example_bash_decorator' retrieved from /home/nikita/airflow-setup/ENV/lib/python3.12/site-packages/airflow/example_dags/example_bash_decorator.py
[2026-05-04T01:16:55.868+0300] {logging_mixin.py:190} INFO - [2026-05-04T01:16:55.867+0300] {dag.py:3239} INFO - Sync 1 DAGs
[2026-05-04T01:16:55.878+0300] {logging_mixin.py:190} INFO - [2026-05-04T01:16:55.878+0300] {dag.py:4180} INFO - Setting next_dagrun for example_bash_decorator to None, run_after=None
[2026-05-04T01:16:55.896+0300] {processor.py:208} INFO - Processing /home/nikita/airflow-setup/ENV/lib/python3.12/site-packages/airflow/example_dags/example_bash_decorator.py took 0.067 seconds
[2026-05-04T01:18:03.901+0300] {processor.py:186} INFO - Started process (PID=16061) to work on /home/nikita/airflow-setup/ENV/lib/python3.12/site-packages/airflow/example_dags/example_bash_decorator.py
[2026-05-04T01:18:03.911+0300] {processor.py:914} INFO - Processing file /home/nikita/airflow-setup/ENV/lib/python3.12/site-packages/airflow/example_dags/example_bash_decorator.py for tasks to queue
[2026-05-04T01:18:03.913+0300] {logging_mixin.py:190} INFO - [2026-05-04T01:18:03.912+0300] {dagbag.py:588} INFO - Filling up the DagBag from /home/nikita/airflow-setup/ENV/lib/python3.12/site-packages/airflow/example_dags/example_bash_decorator.py
[2026-05-04T01:18:03.933+0300] {processor.py:925} INFO - DAG(s) 'example_bash_decorator' retrieved from /home/nikita/airflow-setup/ENV/lib/python3.12/site-packages/airflow/example_dags/example_bash_decorator.py
[2026-05-04T01:18:03.949+0300] {logging_mixin.py:190} INFO - [2026-05-04T01:18:03.949+0300] {dag.py:3239} INFO - Sync 1 DAGs
[2026-05-04T01:18:03.961+0300] {logging_mixin.py:190} INFO - [2026-05-04T01:18:03.960+0300] {dag.py:4180} INFO - Setting next_dagrun for example_bash_decorator to None, run_after=None
[2026-05-04T01:18:03.981+0300] {processor.py:208} INFO - Processing /home/nikita/airflow-setup/ENV/lib/python3.12/site-packages/airflow/example_dags/example_bash_decorator.py took 0.094 seconds
[2026-05-04T01:19:12.323+0300] {processor.py:186} INFO - Started process (PID=16321) to work on /home/nikita/airflow-setup/ENV/lib/python3.12/site-packages/airflow/example_dags/example_bash_decorator.py
[2026-05-04T01:19:12.332+0300] {processor.py:914} INFO - Processing file /home/nikita/airflow-setup/ENV/lib/python3.12/site-packages/airflow/example_dags/example_bash_decorator.py for tasks to queue
[2026-05-04T01:19:12.333+0300] {logging_mixin.py:190} INFO - [2026-05-04T01:19:12.333+0300] {dagbag.py:588} INFO - Filling up the DagBag from /home/nikita/airflow-setup/ENV/lib/python3.12/site-packages/airflow/example_dags/example_bash_decorator.py
[2026-05-04T01:19:12.345+0300] {processor.py:925} INFO - DAG(s) 'example_bash_decorator' retrieved from /home/nikita/airflow-setup/ENV/lib/python3.12/site-packages/airflow/example_dags/example_bash_decorator.py
[2026-05-04T01:19:12.360+0300] {logging_mixin.py:190} INFO - [2026-05-04T01:19:12.359+0300] {dag.py:3239} INFO - Sync 1 DAGs
[2026-05-04T01:19:12.371+0300] {logging_mixin.py:190} INFO - [2026-05-04T01:19:12.371+0300] {dag.py:4180} INFO - Setting next_dagrun for example_bash_decorator to None, run_after=None
[2026-05-04T01:19:12.390+0300] {processor.py:208} INFO - Processing /home/nikita/airflow-setup/ENV/lib/python3.12/site-packages/airflow/example_dags/example_bash_decorator.py took 0.072 seconds
[2026-05-04T01:20:14.882+0300] {processor.py:186} INFO - Started process (PID=16571) to work on /home/nikita/airflow-setup/ENV/lib/python3.12/site-packages/airflow/example_dags/example_bash_decorator.py
[2026-05-04T01:20:14.891+0300] {processor.py:914} INFO - Processing file /home/nikita/airflow-setup/ENV/lib/python3.12/site-packages/airflow/example_dags/example_bash_decorator.py for tasks to queue
[2026-05-04T01:20:14.892+0300] {logging_mixin.py:190} INFO - [2026-05-04T01:20:14.892+0300] {dagbag.py:588} INFO - Filling up the DagBag from /home/nikita/airflow-setup/ENV/lib/python3.12/site-packages/airflow/example_dags/example_bash_decorator.py
[2026-05-04T01:20:14.904+0300] {processor.py:925} INFO - DAG(s) 'example_bash_decorator' retrieved from /home/nikita/airflow-setup/ENV/lib/python3.12/site-packages/airflow/example_dags/example_bash_decorator.py
[2026-05-04T01:20:14.918+0300] {logging_mixin.py:190} INFO - [2026-05-04T01:20:14.918+0300] {dag.py:3239} INFO - Sync 1 DAGs
[2026-05-04T01:20:14.928+0300] {logging_mixin.py:190} INFO - [2026-05-04T01:20:14.928+0300] {dag.py:4180} INFO - Setting next_dagrun for example_bash_decorator to None, run_after=None
[2026-05-04T01:20:14.945+0300] {processor.py:208} INFO - Processing /home/nikita/airflow-setup/ENV/lib/python3.12/site-packages/airflow/example_dags/example_bash_decorator.py took 0.068 seconds
[2026-05-04T01:21:22.994+0300] {processor.py:186} INFO - Started process (PID=16829) to work on /home/nikita/airflow-setup/ENV/lib/python3.12/site-packages/airflow/example_dags/example_bash_decorator.py
[2026-05-04T01:21:22.996+0300] {processor.py:914} INFO - Processing file /home/nikita/airflow-setup/ENV/lib/python3.12/site-packages/airflow/example_dags/example_bash_decorator.py for tasks to queue
[2026-05-04T01:21:22.998+0300] {logging_mixin.py:190} INFO - [2026-05-04T01:21:22.997+0300] {dagbag.py:588} INFO - Filling up the DagBag from /home/nikita/airflow-setup/ENV/lib/python3.12/site-packages/airflow/example_dags/example_bash_decorator.py
[2026-05-04T01:21:23.013+0300] {processor.py:925} INFO - DAG(s) 'example_bash_decorator' retrieved from /home/nikita/airflow-setup/ENV/lib/python3.12/site-packages/airflow/example_dags/example_bash_decorator.py
[2026-05-04T01:21:23.028+0300] {logging_mixin.py:190} INFO - [2026-05-04T01:21:23.028+0300] {dag.py:3239} INFO - Sync 1 DAGs
[2026-05-04T01:21:23.039+0300] {logging_mixin.py:190} INFO - [2026-05-04T01:21:23.038+0300] {dag.py:4180} INFO - Setting next_dagrun for example_bash_decorator to None, run_after=None
[2026-05-04T01:21:23.057+0300] {processor.py:208} INFO - Processing /home/nikita/airflow-setup/ENV/lib/python3.12/site-packages/airflow/example_dags/example_bash_decorator.py took 0.070 seconds
[2026-05-04T01:22:34.597+0300] {processor.py:186} INFO - Started process (PID=17101) to work on /home/nikita/airflow-setup/ENV/lib/python3.12/site-packages/airflow/example_dags/example_bash_decorator.py
[2026-05-04T01:22:34.606+0300] {processor.py:914} INFO - Processing file /home/nikita/airflow-setup/ENV/lib/python3.12/site-packages/airflow/example_dags/example_bash_decorator.py for tasks to queue
[2026-05-04T01:22:34.607+0300] {logging_mixin.py:190} INFO - [2026-05-04T01:22:34.607+0300] {dagbag.py:588} INFO - Filling up the DagBag from /home/nikita/airflow-setup/ENV/lib/python3.12/site-packages/airflow/example_dags/example_bash_decorator.py
[2026-05-04T01:22:34.619+0300] {processor.py:925} INFO - DAG(s) 'example_bash_decorator' retrieved from /home/nikita/airflow-setup/ENV/lib/python3.12/site-packages/airflow/example_dags/example_bash_decorator.py
[2026-05-04T01:22:34.633+0300] {logging_mixin.py:190} INFO - [2026-05-04T01:22:34.633+0300] {dag.py:3239} INFO - Sync 1 DAGs
[2026-05-04T01:22:34.643+0300] {logging_mixin.py:190} INFO - [2026-05-04T01:22:34.643+0300] {dag.py:4180} INFO - Setting next_dagrun for example_bash_decorator to None, run_after=None
[2026-05-04T01:22:34.660+0300] {processor.py:208} INFO - Processing /home/nikita/airflow-setup/ENV/lib/python3.12/site-packages/airflow/example_dags/example_bash_decorator.py took 0.066 seconds
[2026-05-04T01:23:43.403+0300] {processor.py:186} INFO - Started process (PID=17359) to work on /home/nikita/airflow-setup/ENV/lib/python3.12/site-packages/airflow/example_dags/example_bash_decorator.py
[2026-05-04T01:23:43.412+0300] {processor.py:914} INFO - Processing file /home/nikita/airflow-setup/ENV/lib/python3.12/site-packages/airflow/example_dags/example_bash_decorator.py for tasks to queue
[2026-05-04T01:23:43.414+0300] {logging_mixin.py:190} INFO - [2026-05-04T01:23:43.413+0300] {dagbag.py:588} INFO - Filling up the DagBag from /home/nikita/airflow-setup/ENV/lib/python3.12/site-packages/airflow/example_dags/example_bash_decorator.py
[2026-05-04T01:23:43.427+0300] {processor.py:925} INFO - DAG(s) 'example_bash_decorator' retrieved from /home/nikita/airflow-setup/ENV/lib/python3.12/site-packages/airflow/example_dags/example_bash_decorator.py
[2026-05-04T01:23:43.441+0300] {logging_mixin.py:190} INFO - [2026-05-04T01:23:43.441+0300] {dag.py:3239} INFO - Sync 1 DAGs
[2026-05-04T01:23:43.451+0300] {logging_mixin.py:190} INFO - [2026-05-04T01:23:43.451+0300] {dag.py:4180} INFO - Setting next_dagrun for example_bash_decorator to None, run_after=None
[2026-05-04T01:23:43.469+0300] {processor.py:208} INFO - Processing /home/nikita/airflow-setup/ENV/lib/python3.12/site-packages/airflow/example_dags/example_bash_decorator.py took 0.071 seconds
[2026-05-04T01:24:50.193+0300] {processor.py:186} INFO - Started process (PID=17927) to work on /home/nikita/airflow-setup/ENV/lib/python3.12/site-packages/airflow/example_dags/example_bash_decorator.py
[2026-05-04T01:24:50.202+0300] {processor.py:914} INFO - Processing file /home/nikita/airflow-setup/ENV/lib/python3.12/site-packages/airflow/example_dags/example_bash_decorator.py for tasks to queue
[2026-05-04T01:24:50.203+0300] {logging_mixin.py:190} INFO - [2026-05-04T01:24:50.203+0300] {dagbag.py:588} INFO - Filling up the DagBag from /home/nikita/airflow-setup/ENV/lib/python3.12/site-packages/airflow/example_dags/example_bash_decorator.py
[2026-05-04T01:24:50.215+0300] {processor.py:925} INFO - DAG(s) 'example_bash_decorator' retrieved from /home/nikita/airflow-setup/ENV/lib/python3.12/site-packages/airflow/example_dags/example_bash_decorator.py
[2026-05-04T01:24:50.228+0300] {logging_mixin.py:190} INFO - [2026-05-04T01:24:50.227+0300] {dag.py:3239} INFO - Sync 1 DAGs
[2026-05-04T01:24:50.237+0300] {logging_mixin.py:190} INFO - [2026-05-04T01:24:50.237+0300] {dag.py:4180} INFO - Setting next_dagrun for example_bash_decorator to None, run_after=None
[2026-05-04T01:24:50.355+0300] {processor.py:208} INFO - Processing /home/nikita/airflow-setup/ENV/lib/python3.12/site-packages/airflow/example_dags/example_bash_decorator.py took 0.167 seconds
[2026-05-04T01:25:59.189+0300] {processor.py:186} INFO - Started process (PID=18552) to work on /home/nikita/airflow-setup/ENV/lib/python3.12/site-packages/airflow/example_dags/example_bash_decorator.py
[2026-05-04T01:25:59.190+0300] {processor.py:914} INFO - Processing file /home/nikita/airflow-setup/ENV/lib/python3.12/site-packages/airflow/example_dags/example_bash_decorator.py for tasks to queue
[2026-05-04T01:25:59.192+0300] {logging_mixin.py:190} INFO - [2026-05-04T01:25:59.191+0300] {dagbag.py:588} INFO - Filling up the DagBag from /home/nikita/airflow-setup/ENV/lib/python3.12/site-packages/airflow/example_dags/example_bash_decorator.py
[2026-05-04T01:25:59.212+0300] {processor.py:925} INFO - DAG(s) 'example_bash_decorator' retrieved from /home/nikita/airflow-setup/ENV/lib/python3.12/site-packages/airflow/example_dags/example_bash_decorator.py
[2026-05-04T01:25:59.232+0300] {logging_mixin.py:190} INFO - [2026-05-04T01:25:59.231+0300] {dag.py:3239} INFO - Sync 1 DAGs
[2026-05-04T01:25:59.246+0300] {logging_mixin.py:190} INFO - [2026-05-04T01:25:59.246+0300] {dag.py:4180} INFO - Setting next_dagrun for example_bash_decorator to None, run_after=None
[2026-05-04T01:25:59.280+0300] {processor.py:208} INFO - Processing /home/nikita/airflow-setup/ENV/lib/python3.12/site-packages/airflow/example_dags/example_bash_decorator.py took 0.099 seconds
[2026-05-04T01:27:11.624+0300] {processor.py:186} INFO - Started process (PID=19483) to work on /home/nikita/airflow-setup/ENV/lib/python3.12/site-packages/airflow/example_dags/example_bash_decorator.py
[2026-05-04T01:27:11.633+0300] {processor.py:914} INFO - Processing file /home/nikita/airflow-setup/ENV/lib/python3.12/site-packages/airflow/example_dags/example_bash_decorator.py for tasks to queue
[2026-05-04T01:27:11.634+0300] {logging_mixin.py:190} INFO - [2026-05-04T01:27:11.634+0300] {dagbag.py:588} INFO - Filling up the DagBag from /home/nikita/airflow-setup/ENV/lib/python3.12/site-packages/airflow/example_dags/example_bash_decorator.py
[2026-05-04T01:27:11.647+0300] {processor.py:925} INFO - DAG(s) 'example_bash_decorator' retrieved from /home/nikita/airflow-setup/ENV/lib/python3.12/site-packages/airflow/example_dags/example_bash_decorator.py
[2026-05-04T01:27:11.664+0300] {logging_mixin.py:190} INFO - [2026-05-04T01:27:11.664+0300] {dag.py:3239} INFO - Sync 1 DAGs
[2026-05-04T01:27:11.675+0300] {logging_mixin.py:190} INFO - [2026-05-04T01:27:11.675+0300] {dag.py:4180} INFO - Setting next_dagrun for example_bash_decorator to None, run_after=None
[2026-05-04T01:27:11.691+0300] {processor.py:208} INFO - Processing /home/nikita/airflow-setup/ENV/lib/python3.12/site-packages/airflow/example_dags/example_bash_decorator.py took 0.073 seconds
[2026-05-04T01:28:23.514+0300] {processor.py:186} INFO - Started process (PID=19754) to work on /home/nikita/airflow-setup/ENV/lib/python3.12/site-packages/airflow/example_dags/example_bash_decorator.py
[2026-05-04T01:28:23.516+0300] {processor.py:914} INFO - Processing file /home/nikita/airflow-setup/ENV/lib/python3.12/site-packages/airflow/example_dags/example_bash_decorator.py for tasks to queue
[2026-05-04T01:28:23.517+0300] {logging_mixin.py:190} INFO - [2026-05-04T01:28:23.516+0300] {dagbag.py:588} INFO - Filling up the DagBag from /home/nikita/airflow-setup/ENV/lib/python3.12/site-packages/airflow/example_dags/example_bash_decorator.py
[2026-05-04T01:28:23.529+0300] {processor.py:925} INFO - DAG(s) 'example_bash_decorator' retrieved from /home/nikita/airflow-setup/ENV/lib/python3.12/site-packages/airflow/example_dags/example_bash_decorator.py
[2026-05-04T01:28:23.543+0300] {logging_mixin.py:190} INFO - [2026-05-04T01:28:23.542+0300] {dag.py:3239} INFO - Sync 1 DAGs
[2026-05-04T01:28:23.552+0300] {logging_mixin.py:190} INFO - [2026-05-04T01:28:23.552+0300] {dag.py:4180} INFO - Setting next_dagrun for example_bash_decorator to None, run_after=None
[2026-05-04T01:28:23.569+0300] {processor.py:208} INFO - Processing /home/nikita/airflow-setup/ENV/lib/python3.12/site-packages/airflow/example_dags/example_bash_decorator.py took 0.059 seconds
[2026-05-04T01:29:32.658+0300] {processor.py:186} INFO - Started process (PID=20022) to work on /home/nikita/airflow-setup/ENV/lib/python3.12/site-packages/airflow/example_dags/example_bash_decorator.py
[2026-05-04T01:29:32.660+0300] {processor.py:914} INFO - Processing file /home/nikita/airflow-setup/ENV/lib/python3.12/site-packages/airflow/example_dags/example_bash_decorator.py for tasks to queue
[2026-05-04T01:29:32.660+0300] {logging_mixin.py:190} INFO - [2026-05-04T01:29:32.660+0300] {dagbag.py:588} INFO - Filling up the DagBag from /home/nikita/airflow-setup/ENV/lib/python3.12/site-packages/airflow/example_dags/example_bash_decorator.py
[2026-05-04T01:29:32.671+0300] {processor.py:925} INFO - DAG(s) 'example_bash_decorator' retrieved from /home/nikita/airflow-setup/ENV/lib/python3.12/site-packages/airflow/example_dags/example_bash_decorator.py
[2026-05-04T01:29:32.684+0300] {logging_mixin.py:190} INFO - [2026-05-04T01:29:32.684+0300] {dag.py:3239} INFO - Sync 1 DAGs
[2026-05-04T01:29:32.693+0300] {logging_mixin.py:190} INFO - [2026-05-04T01:29:32.693+0300] {dag.py:4180} INFO - Setting next_dagrun for example_bash_decorator to None, run_after=None
[2026-05-04T01:29:32.825+0300] {processor.py:208} INFO - Processing /home/nikita/airflow-setup/ENV/lib/python3.12/site-packages/airflow/example_dags/example_bash_decorator.py took 0.171 seconds
[2026-05-04T01:30:45.482+0300] {processor.py:186} INFO - Started process (PID=20293) to work on /home/nikita/airflow-setup/ENV/lib/python3.12/site-packages/airflow/example_dags/example_bash_decorator.py
[2026-05-04T01:30:45.484+0300] {processor.py:914} INFO - Processing file /home/nikita/airflow-setup/ENV/lib/python3.12/site-packages/airflow/example_dags/example_bash_decorator.py for tasks to queue
[2026-05-04T01:30:45.485+0300] {logging_mixin.py:190} INFO - [2026-05-04T01:30:45.485+0300] {dagbag.py:588} INFO - Filling up the DagBag from /home/nikita/airflow-setup/ENV/lib/python3.12/site-packages/airflow/example_dags/example_bash_decorator.py
[2026-05-04T01:30:45.498+0300] {processor.py:925} INFO - DAG(s) 'example_bash_decorator' retrieved from /home/nikita/airflow-setup/ENV/lib/python3.12/site-packages/airflow/example_dags/example_bash_decorator.py
[2026-05-04T01:30:45.515+0300] {logging_mixin.py:190} INFO - [2026-05-04T01:30:45.515+0300] {dag.py:3239} INFO - Sync 1 DAGs
[2026-05-04T01:30:45.527+0300] {logging_mixin.py:190} INFO - [2026-05-04T01:30:45.527+0300] {dag.py:4180} INFO - Setting next_dagrun for example_bash_decorator to None, run_after=None
[2026-05-04T01:30:45.545+0300] {processor.py:208} INFO - Processing /home/nikita/airflow-setup/ENV/lib/python3.12/site-packages/airflow/example_dags/example_bash_decorator.py took 0.070 seconds
[2026-05-04T01:32:05.991+0300] {processor.py:186} INFO - Started process (PID=20591) to work on /home/nikita/airflow-setup/ENV/lib/python3.12/site-packages/airflow/example_dags/example_bash_decorator.py
[2026-05-04T01:32:06.001+0300] {processor.py:914} INFO - Processing file /home/nikita/airflow-setup/ENV/lib/python3.12/site-packages/airflow/example_dags/example_bash_decorator.py for tasks to queue
[2026-05-04T01:32:06.002+0300] {logging_mixin.py:190} INFO - [2026-05-04T01:32:06.002+0300] {dagbag.py:588} INFO - Filling up the DagBag from /home/nikita/airflow-setup/ENV/lib/python3.12/site-packages/airflow/example_dags/example_bash_decorator.py
[2026-05-04T01:32:06.012+0300] {processor.py:925} INFO - DAG(s) 'example_bash_decorator' retrieved from /home/nikita/airflow-setup/ENV/lib/python3.12/site-packages/airflow/example_dags/example_bash_decorator.py
[2026-05-04T01:32:06.024+0300] {logging_mixin.py:190} INFO - [2026-05-04T01:32:06.024+0300] {dag.py:3239} INFO - Sync 1 DAGs
[2026-05-04T01:32:06.032+0300] {logging_mixin.py:190} INFO - [2026-05-04T01:32:06.032+0300] {dag.py:4180} INFO - Setting next_dagrun for example_bash_decorator to None, run_after=None
[2026-05-04T01:32:06.049+0300] {processor.py:208} INFO - Processing /home/nikita/airflow-setup/ENV/lib/python3.12/site-packages/airflow/example_dags/example_bash_decorator.py took 0.062 seconds
[2026-05-04T01:33:15.271+0300] {processor.py:186} INFO - Started process (PID=20997) to work on /home/nikita/airflow-setup/ENV/lib/python3.12/site-packages/airflow/example_dags/example_bash_decorator.py
[2026-05-04T01:33:15.280+0300] {processor.py:914} INFO - Processing file /home/nikita/airflow-setup/ENV/lib/python3.12/site-packages/airflow/example_dags/example_bash_decorator.py for tasks to queue
[2026-05-04T01:33:15.281+0300] {logging_mixin.py:190} INFO - [2026-05-04T01:33:15.281+0300] {dagbag.py:588} INFO - Filling up the DagBag from /home/nikita/airflow-setup/ENV/lib/python3.12/site-packages/airflow/example_dags/example_bash_decorator.py
[2026-05-04T01:33:15.292+0300] {processor.py:925} INFO - DAG(s) 'example_bash_decorator' retrieved from /home/nikita/airflow-setup/ENV/lib/python3.12/site-packages/airflow/example_dags/example_bash_decorator.py
[2026-05-04T01:33:15.305+0300] {logging_mixin.py:190} INFO - [2026-05-04T01:33:15.305+0300] {dag.py:3239} INFO - Sync 1 DAGs
[2026-05-04T01:33:15.315+0300] {logging_mixin.py:190} INFO - [2026-05-04T01:33:15.315+0300] {dag.py:4180} INFO - Setting next_dagrun for example_bash_decorator to None, run_after=None
[2026-05-04T01:33:15.330+0300] {processor.py:208} INFO - Processing /home/nikita/airflow-setup/ENV/lib/python3.12/site-packages/airflow/example_dags/example_bash_decorator.py took 0.064 seconds
[2026-05-04T01:34:18.265+0300] {processor.py:186} INFO - Started process (PID=21369) to work on /home/nikita/airflow-setup/ENV/lib/python3.12/site-packages/airflow/example_dags/example_bash_decorator.py
[2026-05-04T01:34:18.266+0300] {processor.py:914} INFO - Processing file /home/nikita/airflow-setup/ENV/lib/python3.12/site-packages/airflow/example_dags/example_bash_decorator.py for tasks to queue
[2026-05-04T01:34:18.267+0300] {logging_mixin.py:190} INFO - [2026-05-04T01:34:18.267+0300] {dagbag.py:588} INFO - Filling up the DagBag from /home/nikita/airflow-setup/ENV/lib/python3.12/site-packages/airflow/example_dags/example_bash_decorator.py
[2026-05-04T01:34:18.278+0300] {processor.py:925} INFO - DAG(s) 'example_bash_decorator' retrieved from /home/nikita/airflow-setup/ENV/lib/python3.12/site-packages/airflow/example_dags/example_bash_decorator.py
[2026-05-04T01:34:18.291+0300] {logging_mixin.py:190} INFO - [2026-05-04T01:34:18.290+0300] {dag.py:3239} INFO - Sync 1 DAGs
[2026-05-04T01:34:18.300+0300] {logging_mixin.py:190} INFO - [2026-05-04T01:34:18.300+0300] {dag.py:4180} INFO - Setting next_dagrun for example_bash_decorator to None, run_after=None
[2026-05-04T01:34:18.316+0300] {processor.py:208} INFO - Processing /home/nikita/airflow-setup/ENV/lib/python3.12/site-packages/airflow/example_dags/example_bash_decorator.py took 0.055 seconds
[2026-05-04T01:35:25.013+0300] {processor.py:186} INFO - Started process (PID=21623) to work on /home/nikita/airflow-setup/ENV/lib/python3.12/site-packages/airflow/example_dags/example_bash_decorator.py
[2026-05-04T01:35:25.015+0300] {processor.py:914} INFO - Processing file /home/nikita/airflow-setup/ENV/lib/python3.12/site-packages/airflow/example_dags/example_bash_decorator.py for tasks to queue
[2026-05-04T01:35:25.016+0300] {logging_mixin.py:190} INFO - [2026-05-04T01:35:25.016+0300] {dagbag.py:588} INFO - Filling up the DagBag from /home/nikita/airflow-setup/ENV/lib/python3.12/site-packages/airflow/example_dags/example_bash_decorator.py
[2026-05-04T01:35:25.027+0300] {processor.py:925} INFO - DAG(s) 'example_bash_decorator' retrieved from /home/nikita/airflow-setup/ENV/lib/python3.12/site-packages/airflow/example_dags/example_bash_decorator.py
[2026-05-04T01:35:25.041+0300] {logging_mixin.py:190} INFO - [2026-05-04T01:35:25.041+0300] {dag.py:3239} INFO - Sync 1 DAGs
[2026-05-04T01:35:25.052+0300] {logging_mixin.py:190} INFO - [2026-05-04T01:35:25.051+0300] {dag.py:4180} INFO - Setting next_dagrun for example_bash_decorator to None, run_after=None
[2026-05-04T01:35:25.068+0300] {processor.py:208} INFO - Processing /home/nikita/airflow-setup/ENV/lib/python3.12/site-packages/airflow/example_dags/example_bash_decorator.py took 0.060 seconds
