[2026-05-04T00:45:51.548+0300] {processor.py:186} INFO - Started process (PID=5948) to work on /home/nikita/airflow-setup/ENV/lib/python3.12/site-packages/airflow/example_dags/example_workday_timetable.py
[2026-05-04T00:45:51.549+0300] {processor.py:914} INFO - Processing file /home/nikita/airflow-setup/ENV/lib/python3.12/site-packages/airflow/example_dags/example_workday_timetable.py for tasks to queue
[2026-05-04T00:45:51.551+0300] {logging_mixin.py:190} INFO - [2026-05-04T00:45:51.550+0300] {dagbag.py:588} INFO - Filling up the DagBag from /home/nikita/airflow-setup/ENV/lib/python3.12/site-packages/airflow/example_dags/example_workday_timetable.py
[2026-05-04T00:45:51.555+0300] {processor.py:925} INFO - DAG(s) 'example_workday_timetable' retrieved from /home/nikita/airflow-setup/ENV/lib/python3.12/site-packages/airflow/example_dags/example_workday_timetable.py
[2026-05-04T00:45:51.628+0300] {logging_mixin.py:190} INFO - [2026-05-04T00:45:51.627+0300] {override.py:1930} INFO - Created Permission View: can read on DAG:example_workday_timetable
[2026-05-04T00:45:51.637+0300] {logging_mixin.py:190} INFO - [2026-05-04T00:45:51.637+0300] {override.py:1930} INFO - Created Permission View: can delete on DAG:example_workday_timetable
[2026-05-04T00:45:51.644+0300] {logging_mixin.py:190} INFO - [2026-05-04T00:45:51.643+0300] {override.py:1930} INFO - Created Permission View: can edit on DAG:example_workday_timetable
[2026-05-04T00:45:51.653+0300] {logging_mixin.py:190} INFO - [2026-05-04T00:45:51.653+0300] {override.py:1930} INFO - Created Permission View: can read on DAG Run:example_workday_timetable
[2026-05-04T00:45:51.659+0300] {logging_mixin.py:190} INFO - [2026-05-04T00:45:51.659+0300] {override.py:1930} INFO - Created Permission View: can delete on DAG Run:example_workday_timetable
[2026-05-04T00:45:51.665+0300] {logging_mixin.py:190} INFO - [2026-05-04T00:45:51.665+0300] {override.py:1930} INFO - Created Permission View: menu access on DAG Run:example_workday_timetable
[2026-05-04T00:45:51.671+0300] {logging_mixin.py:190} INFO - [2026-05-04T00:45:51.671+0300] {override.py:1930} INFO - Created Permission View: can create on DAG Run:example_workday_timetable
[2026-05-04T00:45:51.671+0300] {logging_mixin.py:190} INFO - [2026-05-04T00:45:51.671+0300] {dag.py:3239} INFO - Sync 1 DAGs
[2026-05-04T00:45:51.681+0300] {logging_mixin.py:190} INFO - [2026-05-04T00:45:51.681+0300] {dag.py:3262} INFO - Creating ORM DAG for example_workday_timetable
[2026-05-04T00:45:51.721+0300] {logging_mixin.py:190} INFO - [2026-05-04T00:45:51.721+0300] {dag.py:4180} INFO - Setting next_dagrun for example_workday_timetable to 2021-01-04 00:00:00+00:00, run_after=2021-01-05 00:00:00+00:00
[2026-05-04T00:45:51.735+0300] {processor.py:208} INFO - Processing /home/nikita/airflow-setup/ENV/lib/python3.12/site-packages/airflow/example_dags/example_workday_timetable.py took 0.191 seconds
[2026-05-04T00:46:56.464+0300] {processor.py:186} INFO - Started process (PID=6009) to work on /home/nikita/airflow-setup/ENV/lib/python3.12/site-packages/airflow/example_dags/example_workday_timetable.py
[2026-05-04T00:46:56.473+0300] {processor.py:914} INFO - Processing file /home/nikita/airflow-setup/ENV/lib/python3.12/site-packages/airflow/example_dags/example_workday_timetable.py for tasks to queue
[2026-05-04T00:46:56.475+0300] {logging_mixin.py:190} INFO - [2026-05-04T00:46:56.475+0300] {dagbag.py:588} INFO - Filling up the DagBag from /home/nikita/airflow-setup/ENV/lib/python3.12/site-packages/airflow/example_dags/example_workday_timetable.py
[2026-05-04T00:46:56.479+0300] {processor.py:925} INFO - DAG(s) 'example_workday_timetable' retrieved from /home/nikita/airflow-setup/ENV/lib/python3.12/site-packages/airflow/example_dags/example_workday_timetable.py
[2026-05-04T00:46:56.490+0300] {logging_mixin.py:190} INFO - [2026-05-04T00:46:56.489+0300] {dag.py:3239} INFO - Sync 1 DAGs
[2026-05-04T00:46:56.526+0300] {logging_mixin.py:190} INFO - [2026-05-04T00:46:56.526+0300] {dag.py:4180} INFO - Setting next_dagrun for example_workday_timetable to 2021-01-04 00:00:00+00:00, run_after=2021-01-05 00:00:00+00:00
[2026-05-04T00:46:56.543+0300] {processor.py:208} INFO - Processing /home/nikita/airflow-setup/ENV/lib/python3.12/site-packages/airflow/example_dags/example_workday_timetable.py took 0.084 seconds
[2026-05-04T00:47:56.972+0300] {processor.py:186} INFO - Started process (PID=6084) to work on /home/nikita/airflow-setup/ENV/lib/python3.12/site-packages/airflow/example_dags/example_workday_timetable.py
[2026-05-04T00:47:56.980+0300] {processor.py:914} INFO - Processing file /home/nikita/airflow-setup/ENV/lib/python3.12/site-packages/airflow/example_dags/example_workday_timetable.py for tasks to queue
[2026-05-04T00:47:56.982+0300] {logging_mixin.py:190} INFO - [2026-05-04T00:47:56.982+0300] {dagbag.py:588} INFO - Filling up the DagBag from /home/nikita/airflow-setup/ENV/lib/python3.12/site-packages/airflow/example_dags/example_workday_timetable.py
[2026-05-04T00:47:56.987+0300] {processor.py:925} INFO - DAG(s) 'example_workday_timetable' retrieved from /home/nikita/airflow-setup/ENV/lib/python3.12/site-packages/airflow/example_dags/example_workday_timetable.py
[2026-05-04T00:47:57.000+0300] {logging_mixin.py:190} INFO - [2026-05-04T00:47:56.999+0300] {dag.py:3239} INFO - Sync 1 DAGs
[2026-05-04T00:47:57.040+0300] {logging_mixin.py:190} INFO - [2026-05-04T00:47:57.039+0300] {dag.py:4180} INFO - Setting next_dagrun for example_workday_timetable to 2021-01-04 00:00:00+00:00, run_after=2021-01-05 00:00:00+00:00
[2026-05-04T00:47:57.059+0300] {processor.py:208} INFO - Processing /home/nikita/airflow-setup/ENV/lib/python3.12/site-packages/airflow/example_dags/example_workday_timetable.py took 0.090 seconds
[2026-05-04T00:48:57.710+0300] {processor.py:186} INFO - Started process (PID=6142) to work on /home/nikita/airflow-setup/ENV/lib/python3.12/site-packages/airflow/example_dags/example_workday_timetable.py
[2026-05-04T00:48:57.718+0300] {processor.py:914} INFO - Processing file /home/nikita/airflow-setup/ENV/lib/python3.12/site-packages/airflow/example_dags/example_workday_timetable.py for tasks to queue
[2026-05-04T00:48:57.720+0300] {logging_mixin.py:190} INFO - [2026-05-04T00:48:57.720+0300] {dagbag.py:588} INFO - Filling up the DagBag from /home/nikita/airflow-setup/ENV/lib/python3.12/site-packages/airflow/example_dags/example_workday_timetable.py
[2026-05-04T00:48:57.725+0300] {processor.py:925} INFO - DAG(s) 'example_workday_timetable' retrieved from /home/nikita/airflow-setup/ENV/lib/python3.12/site-packages/airflow/example_dags/example_workday_timetable.py
[2026-05-04T00:48:57.735+0300] {logging_mixin.py:190} INFO - [2026-05-04T00:48:57.735+0300] {dag.py:3239} INFO - Sync 1 DAGs
[2026-05-04T00:48:57.770+0300] {logging_mixin.py:190} INFO - [2026-05-04T00:48:57.770+0300] {dag.py:4180} INFO - Setting next_dagrun for example_workday_timetable to 2021-01-04 00:00:00+00:00, run_after=2021-01-05 00:00:00+00:00
[2026-05-04T00:48:57.788+0300] {processor.py:208} INFO - Processing /home/nikita/airflow-setup/ENV/lib/python3.12/site-packages/airflow/example_dags/example_workday_timetable.py took 0.082 seconds
[2026-05-04T00:49:54.139+0300] {processor.py:186} INFO - Started process (PID=6199) to work on /home/nikita/airflow-setup/ENV/lib/python3.12/site-packages/airflow/example_dags/example_workday_timetable.py
[2026-05-04T00:49:54.140+0300] {processor.py:914} INFO - Processing file /home/nikita/airflow-setup/ENV/lib/python3.12/site-packages/airflow/example_dags/example_workday_timetable.py for tasks to queue
[2026-05-04T00:49:54.142+0300] {logging_mixin.py:190} INFO - [2026-05-04T00:49:54.142+0300] {dagbag.py:588} INFO - Filling up the DagBag from /home/nikita/airflow-setup/ENV/lib/python3.12/site-packages/airflow/example_dags/example_workday_timetable.py
[2026-05-04T00:49:54.146+0300] {processor.py:925} INFO - DAG(s) 'example_workday_timetable' retrieved from /home/nikita/airflow-setup/ENV/lib/python3.12/site-packages/airflow/example_dags/example_workday_timetable.py
[2026-05-04T00:49:54.156+0300] {logging_mixin.py:190} INFO - [2026-05-04T00:49:54.156+0300] {dag.py:3239} INFO - Sync 1 DAGs
[2026-05-04T00:49:54.193+0300] {logging_mixin.py:190} INFO - [2026-05-04T00:49:54.193+0300] {dag.py:4180} INFO - Setting next_dagrun for example_workday_timetable to 2021-01-04 00:00:00+00:00, run_after=2021-01-05 00:00:00+00:00
[2026-05-04T00:49:54.210+0300] {processor.py:208} INFO - Processing /home/nikita/airflow-setup/ENV/lib/python3.12/site-packages/airflow/example_dags/example_workday_timetable.py took 0.075 seconds
[2026-05-04T00:50:48.126+0300] {processor.py:186} INFO - Started process (PID=6278) to work on /home/nikita/airflow-setup/ENV/lib/python3.12/site-packages/airflow/example_dags/example_workday_timetable.py
[2026-05-04T00:50:48.135+0300] {processor.py:914} INFO - Processing file /home/nikita/airflow-setup/ENV/lib/python3.12/site-packages/airflow/example_dags/example_workday_timetable.py for tasks to queue
[2026-05-04T00:50:48.138+0300] {logging_mixin.py:190} INFO - [2026-05-04T00:50:48.137+0300] {dagbag.py:588} INFO - Filling up the DagBag from /home/nikita/airflow-setup/ENV/lib/python3.12/site-packages/airflow/example_dags/example_workday_timetable.py
[2026-05-04T00:50:48.144+0300] {processor.py:925} INFO - DAG(s) 'example_workday_timetable' retrieved from /home/nikita/airflow-setup/ENV/lib/python3.12/site-packages/airflow/example_dags/example_workday_timetable.py
[2026-05-04T00:50:48.157+0300] {logging_mixin.py:190} INFO - [2026-05-04T00:50:48.157+0300] {dag.py:3239} INFO - Sync 1 DAGs
[2026-05-04T00:50:48.205+0300] {logging_mixin.py:190} INFO - [2026-05-04T00:50:48.205+0300] {dag.py:4180} INFO - Setting next_dagrun for example_workday_timetable to 2021-01-04 00:00:00+00:00, run_after=2021-01-05 00:00:00+00:00
[2026-05-04T00:50:48.227+0300] {processor.py:208} INFO - Processing /home/nikita/airflow-setup/ENV/lib/python3.12/site-packages/airflow/example_dags/example_workday_timetable.py took 0.107 seconds
[2026-05-04T00:51:44.534+0300] {processor.py:186} INFO - Started process (PID=6331) to work on /home/nikita/airflow-setup/ENV/lib/python3.12/site-packages/airflow/example_dags/example_workday_timetable.py
[2026-05-04T00:51:44.544+0300] {processor.py:914} INFO - Processing file /home/nikita/airflow-setup/ENV/lib/python3.12/site-packages/airflow/example_dags/example_workday_timetable.py for tasks to queue
[2026-05-04T00:51:44.547+0300] {logging_mixin.py:190} INFO - [2026-05-04T00:51:44.546+0300] {dagbag.py:588} INFO - Filling up the DagBag from /home/nikita/airflow-setup/ENV/lib/python3.12/site-packages/airflow/example_dags/example_workday_timetable.py
[2026-05-04T00:51:44.554+0300] {processor.py:925} INFO - DAG(s) 'example_workday_timetable' retrieved from /home/nikita/airflow-setup/ENV/lib/python3.12/site-packages/airflow/example_dags/example_workday_timetable.py
[2026-05-04T00:51:44.568+0300] {logging_mixin.py:190} INFO - [2026-05-04T00:51:44.568+0300] {dag.py:3239} INFO - Sync 1 DAGs
[2026-05-04T00:51:44.616+0300] {logging_mixin.py:190} INFO - [2026-05-04T00:51:44.616+0300] {dag.py:4180} INFO - Setting next_dagrun for example_workday_timetable to 2021-01-04 00:00:00+00:00, run_after=2021-01-05 00:00:00+00:00
[2026-05-04T00:51:44.634+0300] {processor.py:208} INFO - Processing /home/nikita/airflow-setup/ENV/lib/python3.12/site-packages/airflow/example_dags/example_workday_timetable.py took 0.107 seconds
[2026-05-04T00:52:43.281+0300] {processor.py:186} INFO - Started process (PID=6388) to work on /home/nikita/airflow-setup/ENV/lib/python3.12/site-packages/airflow/example_dags/example_workday_timetable.py
[2026-05-04T00:52:43.290+0300] {processor.py:914} INFO - Processing file /home/nikita/airflow-setup/ENV/lib/python3.12/site-packages/airflow/example_dags/example_workday_timetable.py for tasks to queue
[2026-05-04T00:52:43.293+0300] {logging_mixin.py:190} INFO - [2026-05-04T00:52:43.292+0300] {dagbag.py:588} INFO - Filling up the DagBag from /home/nikita/airflow-setup/ENV/lib/python3.12/site-packages/airflow/example_dags/example_workday_timetable.py
[2026-05-04T00:52:43.298+0300] {processor.py:925} INFO - DAG(s) 'example_workday_timetable' retrieved from /home/nikita/airflow-setup/ENV/lib/python3.12/site-packages/airflow/example_dags/example_workday_timetable.py
[2026-05-04T00:52:43.309+0300] {logging_mixin.py:190} INFO - [2026-05-04T00:52:43.309+0300] {dag.py:3239} INFO - Sync 1 DAGs
[2026-05-04T00:52:43.354+0300] {logging_mixin.py:190} INFO - [2026-05-04T00:52:43.354+0300] {dag.py:4180} INFO - Setting next_dagrun for example_workday_timetable to 2021-01-04 00:00:00+00:00, run_after=2021-01-05 00:00:00+00:00
[2026-05-04T00:52:43.372+0300] {processor.py:208} INFO - Processing /home/nikita/airflow-setup/ENV/lib/python3.12/site-packages/airflow/example_dags/example_workday_timetable.py took 0.096 seconds
[2026-05-04T00:53:45.615+0300] {processor.py:186} INFO - Started process (PID=6468) to work on /home/nikita/airflow-setup/ENV/lib/python3.12/site-packages/airflow/example_dags/example_workday_timetable.py
[2026-05-04T00:53:45.616+0300] {processor.py:914} INFO - Processing file /home/nikita/airflow-setup/ENV/lib/python3.12/site-packages/airflow/example_dags/example_workday_timetable.py for tasks to queue
[2026-05-04T00:53:45.619+0300] {logging_mixin.py:190} INFO - [2026-05-04T00:53:45.618+0300] {dagbag.py:588} INFO - Filling up the DagBag from /home/nikita/airflow-setup/ENV/lib/python3.12/site-packages/airflow/example_dags/example_workday_timetable.py
[2026-05-04T00:53:45.623+0300] {processor.py:925} INFO - DAG(s) 'example_workday_timetable' retrieved from /home/nikita/airflow-setup/ENV/lib/python3.12/site-packages/airflow/example_dags/example_workday_timetable.py
[2026-05-04T00:53:45.634+0300] {logging_mixin.py:190} INFO - [2026-05-04T00:53:45.634+0300] {dag.py:3239} INFO - Sync 1 DAGs
[2026-05-04T00:53:45.675+0300] {logging_mixin.py:190} INFO - [2026-05-04T00:53:45.675+0300] {dag.py:4180} INFO - Setting next_dagrun for example_workday_timetable to 2021-01-04 00:00:00+00:00, run_after=2021-01-05 00:00:00+00:00
[2026-05-04T00:53:45.694+0300] {processor.py:208} INFO - Processing /home/nikita/airflow-setup/ENV/lib/python3.12/site-packages/airflow/example_dags/example_workday_timetable.py took 0.083 seconds
[2026-05-04T00:54:47.989+0300] {processor.py:186} INFO - Started process (PID=6535) to work on /home/nikita/airflow-setup/ENV/lib/python3.12/site-packages/airflow/example_dags/example_workday_timetable.py
[2026-05-04T00:54:47.998+0300] {processor.py:914} INFO - Processing file /home/nikita/airflow-setup/ENV/lib/python3.12/site-packages/airflow/example_dags/example_workday_timetable.py for tasks to queue
[2026-05-04T00:54:48.001+0300] {logging_mixin.py:190} INFO - [2026-05-04T00:54:48.001+0300] {dagbag.py:588} INFO - Filling up the DagBag from /home/nikita/airflow-setup/ENV/lib/python3.12/site-packages/airflow/example_dags/example_workday_timetable.py
[2026-05-04T00:54:48.008+0300] {processor.py:925} INFO - DAG(s) 'example_workday_timetable' retrieved from /home/nikita/airflow-setup/ENV/lib/python3.12/site-packages/airflow/example_dags/example_workday_timetable.py
[2026-05-04T00:54:48.026+0300] {logging_mixin.py:190} INFO - [2026-05-04T00:54:48.025+0300] {dag.py:3239} INFO - Sync 1 DAGs
[2026-05-04T00:54:48.082+0300] {logging_mixin.py:190} INFO - [2026-05-04T00:54:48.082+0300] {dag.py:4180} INFO - Setting next_dagrun for example_workday_timetable to 2021-01-04 00:00:00+00:00, run_after=2021-01-05 00:00:00+00:00
[2026-05-04T00:54:48.107+0300] {processor.py:208} INFO - Processing /home/nikita/airflow-setup/ENV/lib/python3.12/site-packages/airflow/example_dags/example_workday_timetable.py took 0.124 seconds
[2026-05-04T00:55:53.101+0300] {processor.py:186} INFO - Started process (PID=6595) to work on /home/nikita/airflow-setup/ENV/lib/python3.12/site-packages/airflow/example_dags/example_workday_timetable.py
[2026-05-04T00:55:53.110+0300] {processor.py:914} INFO - Processing file /home/nikita/airflow-setup/ENV/lib/python3.12/site-packages/airflow/example_dags/example_workday_timetable.py for tasks to queue
[2026-05-04T00:55:53.112+0300] {logging_mixin.py:190} INFO - [2026-05-04T00:55:53.112+0300] {dagbag.py:588} INFO - Filling up the DagBag from /home/nikita/airflow-setup/ENV/lib/python3.12/site-packages/airflow/example_dags/example_workday_timetable.py
[2026-05-04T00:55:53.117+0300] {processor.py:925} INFO - DAG(s) 'example_workday_timetable' retrieved from /home/nikita/airflow-setup/ENV/lib/python3.12/site-packages/airflow/example_dags/example_workday_timetable.py
[2026-05-04T00:55:53.132+0300] {logging_mixin.py:190} INFO - [2026-05-04T00:55:53.132+0300] {dag.py:3239} INFO - Sync 1 DAGs
[2026-05-04T00:55:53.178+0300] {logging_mixin.py:190} INFO - [2026-05-04T00:55:53.178+0300] {dag.py:4180} INFO - Setting next_dagrun for example_workday_timetable to 2021-01-04 00:00:00+00:00, run_after=2021-01-05 00:00:00+00:00
[2026-05-04T00:55:53.195+0300] {processor.py:208} INFO - Processing /home/nikita/airflow-setup/ENV/lib/python3.12/site-packages/airflow/example_dags/example_workday_timetable.py took 0.098 seconds
[2026-05-04T00:56:50.420+0300] {processor.py:186} INFO - Started process (PID=6852) to work on /home/nikita/airflow-setup/ENV/lib/python3.12/site-packages/airflow/example_dags/example_workday_timetable.py
[2026-05-04T00:56:50.421+0300] {processor.py:914} INFO - Processing file /home/nikita/airflow-setup/ENV/lib/python3.12/site-packages/airflow/example_dags/example_workday_timetable.py for tasks to queue
[2026-05-04T00:56:50.424+0300] {logging_mixin.py:190} INFO - [2026-05-04T00:56:50.423+0300] {dagbag.py:588} INFO - Filling up the DagBag from /home/nikita/airflow-setup/ENV/lib/python3.12/site-packages/airflow/example_dags/example_workday_timetable.py
[2026-05-04T00:56:50.430+0300] {processor.py:925} INFO - DAG(s) 'example_workday_timetable' retrieved from /home/nikita/airflow-setup/ENV/lib/python3.12/site-packages/airflow/example_dags/example_workday_timetable.py
[2026-05-04T00:56:50.445+0300] {logging_mixin.py:190} INFO - [2026-05-04T00:56:50.445+0300] {dag.py:3239} INFO - Sync 1 DAGs
[2026-05-04T00:56:50.491+0300] {logging_mixin.py:190} INFO - [2026-05-04T00:56:50.491+0300] {dag.py:4180} INFO - Setting next_dagrun for example_workday_timetable to 2021-01-04 00:00:00+00:00, run_after=2021-01-05 00:00:00+00:00
[2026-05-04T00:56:50.511+0300] {processor.py:208} INFO - Processing /home/nikita/airflow-setup/ENV/lib/python3.12/site-packages/airflow/example_dags/example_workday_timetable.py took 0.095 seconds
[2026-05-04T00:57:50.866+0300] {processor.py:186} INFO - Started process (PID=7149) to work on /home/nikita/airflow-setup/ENV/lib/python3.12/site-packages/airflow/example_dags/example_workday_timetable.py
[2026-05-04T00:57:50.868+0300] {processor.py:914} INFO - Processing file /home/nikita/airflow-setup/ENV/lib/python3.12/site-packages/airflow/example_dags/example_workday_timetable.py for tasks to queue
[2026-05-04T00:57:50.870+0300] {logging_mixin.py:190} INFO - [2026-05-04T00:57:50.869+0300] {dagbag.py:588} INFO - Filling up the DagBag from /home/nikita/airflow-setup/ENV/lib/python3.12/site-packages/airflow/example_dags/example_workday_timetable.py
[2026-05-04T00:57:50.874+0300] {processor.py:925} INFO - DAG(s) 'example_workday_timetable' retrieved from /home/nikita/airflow-setup/ENV/lib/python3.12/site-packages/airflow/example_dags/example_workday_timetable.py
[2026-05-04T00:57:50.885+0300] {logging_mixin.py:190} INFO - [2026-05-04T00:57:50.885+0300] {dag.py:3239} INFO - Sync 1 DAGs
[2026-05-04T00:57:50.923+0300] {logging_mixin.py:190} INFO - [2026-05-04T00:57:50.923+0300] {dag.py:4180} INFO - Setting next_dagrun for example_workday_timetable to 2021-01-04 00:00:00+00:00, run_after=2021-01-05 00:00:00+00:00
[2026-05-04T00:57:50.939+0300] {processor.py:208} INFO - Processing /home/nikita/airflow-setup/ENV/lib/python3.12/site-packages/airflow/example_dags/example_workday_timetable.py took 0.077 seconds
[2026-05-04T00:58:49.407+0300] {processor.py:186} INFO - Started process (PID=7375) to work on /home/nikita/airflow-setup/ENV/lib/python3.12/site-packages/airflow/example_dags/example_workday_timetable.py
[2026-05-04T00:58:49.416+0300] {processor.py:914} INFO - Processing file /home/nikita/airflow-setup/ENV/lib/python3.12/site-packages/airflow/example_dags/example_workday_timetable.py for tasks to queue
[2026-05-04T00:58:49.418+0300] {logging_mixin.py:190} INFO - [2026-05-04T00:58:49.418+0300] {dagbag.py:588} INFO - Filling up the DagBag from /home/nikita/airflow-setup/ENV/lib/python3.12/site-packages/airflow/example_dags/example_workday_timetable.py
[2026-05-04T00:58:49.423+0300] {processor.py:925} INFO - DAG(s) 'example_workday_timetable' retrieved from /home/nikita/airflow-setup/ENV/lib/python3.12/site-packages/airflow/example_dags/example_workday_timetable.py
[2026-05-04T00:58:49.434+0300] {logging_mixin.py:190} INFO - [2026-05-04T00:58:49.434+0300] {dag.py:3239} INFO - Sync 1 DAGs
[2026-05-04T00:58:49.476+0300] {logging_mixin.py:190} INFO - [2026-05-04T00:58:49.476+0300] {dag.py:4180} INFO - Setting next_dagrun for example_workday_timetable to 2021-01-04 00:00:00+00:00, run_after=2021-01-05 00:00:00+00:00
[2026-05-04T00:58:49.494+0300] {processor.py:208} INFO - Processing /home/nikita/airflow-setup/ENV/lib/python3.12/site-packages/airflow/example_dags/example_workday_timetable.py took 0.091 seconds
[2026-05-04T00:59:49.281+0300] {processor.py:186} INFO - Started process (PID=8207) to work on /home/nikita/airflow-setup/ENV/lib/python3.12/site-packages/airflow/example_dags/example_workday_timetable.py
[2026-05-04T00:59:49.283+0300] {processor.py:914} INFO - Processing file /home/nikita/airflow-setup/ENV/lib/python3.12/site-packages/airflow/example_dags/example_workday_timetable.py for tasks to queue
[2026-05-04T00:59:49.285+0300] {logging_mixin.py:190} INFO - [2026-05-04T00:59:49.284+0300] {dagbag.py:588} INFO - Filling up the DagBag from /home/nikita/airflow-setup/ENV/lib/python3.12/site-packages/airflow/example_dags/example_workday_timetable.py
[2026-05-04T00:59:49.289+0300] {processor.py:925} INFO - DAG(s) 'example_workday_timetable' retrieved from /home/nikita/airflow-setup/ENV/lib/python3.12/site-packages/airflow/example_dags/example_workday_timetable.py
[2026-05-04T00:59:49.299+0300] {logging_mixin.py:190} INFO - [2026-05-04T00:59:49.299+0300] {dag.py:3239} INFO - Sync 1 DAGs
[2026-05-04T00:59:49.338+0300] {logging_mixin.py:190} INFO - [2026-05-04T00:59:49.338+0300] {dag.py:4180} INFO - Setting next_dagrun for example_workday_timetable to 2021-01-04 00:00:00+00:00, run_after=2021-01-05 00:00:00+00:00
[2026-05-04T00:59:49.357+0300] {processor.py:208} INFO - Processing /home/nikita/airflow-setup/ENV/lib/python3.12/site-packages/airflow/example_dags/example_workday_timetable.py took 0.080 seconds
[2026-05-04T01:00:53.971+0300] {processor.py:186} INFO - Started process (PID=8481) to work on /home/nikita/airflow-setup/ENV/lib/python3.12/site-packages/airflow/example_dags/example_workday_timetable.py
[2026-05-04T01:00:53.973+0300] {processor.py:914} INFO - Processing file /home/nikita/airflow-setup/ENV/lib/python3.12/site-packages/airflow/example_dags/example_workday_timetable.py for tasks to queue
[2026-05-04T01:00:53.974+0300] {logging_mixin.py:190} INFO - [2026-05-04T01:00:53.974+0300] {dagbag.py:588} INFO - Filling up the DagBag from /home/nikita/airflow-setup/ENV/lib/python3.12/site-packages/airflow/example_dags/example_workday_timetable.py
[2026-05-04T01:00:53.978+0300] {processor.py:925} INFO - DAG(s) 'example_workday_timetable' retrieved from /home/nikita/airflow-setup/ENV/lib/python3.12/site-packages/airflow/example_dags/example_workday_timetable.py
[2026-05-04T01:00:53.990+0300] {logging_mixin.py:190} INFO - [2026-05-04T01:00:53.989+0300] {dag.py:3239} INFO - Sync 1 DAGs
[2026-05-04T01:00:54.031+0300] {logging_mixin.py:190} INFO - [2026-05-04T01:00:54.030+0300] {dag.py:4180} INFO - Setting next_dagrun for example_workday_timetable to 2021-01-04 00:00:00+00:00, run_after=2021-01-05 00:00:00+00:00
[2026-05-04T01:00:54.048+0300] {processor.py:208} INFO - Processing /home/nikita/airflow-setup/ENV/lib/python3.12/site-packages/airflow/example_dags/example_workday_timetable.py took 0.081 seconds
[2026-05-04T01:01:59.748+0300] {processor.py:186} INFO - Started process (PID=9080) to work on /home/nikita/airflow-setup/ENV/lib/python3.12/site-packages/airflow/example_dags/example_workday_timetable.py
[2026-05-04T01:01:59.757+0300] {processor.py:914} INFO - Processing file /home/nikita/airflow-setup/ENV/lib/python3.12/site-packages/airflow/example_dags/example_workday_timetable.py for tasks to queue
[2026-05-04T01:01:59.759+0300] {logging_mixin.py:190} INFO - [2026-05-04T01:01:59.759+0300] {dagbag.py:588} INFO - Filling up the DagBag from /home/nikita/airflow-setup/ENV/lib/python3.12/site-packages/airflow/example_dags/example_workday_timetable.py
[2026-05-04T01:01:59.764+0300] {processor.py:925} INFO - DAG(s) 'example_workday_timetable' retrieved from /home/nikita/airflow-setup/ENV/lib/python3.12/site-packages/airflow/example_dags/example_workday_timetable.py
[2026-05-04T01:01:59.777+0300] {logging_mixin.py:190} INFO - [2026-05-04T01:01:59.777+0300] {dag.py:3239} INFO - Sync 1 DAGs
[2026-05-04T01:01:59.819+0300] {logging_mixin.py:190} INFO - [2026-05-04T01:01:59.819+0300] {dag.py:4180} INFO - Setting next_dagrun for example_workday_timetable to 2021-01-04 00:00:00+00:00, run_after=2021-01-05 00:00:00+00:00
[2026-05-04T01:01:59.838+0300] {processor.py:208} INFO - Processing /home/nikita/airflow-setup/ENV/lib/python3.12/site-packages/airflow/example_dags/example_workday_timetable.py took 0.095 seconds
[2026-05-04T01:03:06.341+0300] {processor.py:186} INFO - Started process (PID=9619) to work on /home/nikita/airflow-setup/ENV/lib/python3.12/site-packages/airflow/example_dags/example_workday_timetable.py
[2026-05-04T01:03:06.342+0300] {processor.py:914} INFO - Processing file /home/nikita/airflow-setup/ENV/lib/python3.12/site-packages/airflow/example_dags/example_workday_timetable.py for tasks to queue
[2026-05-04T01:03:06.343+0300] {logging_mixin.py:190} INFO - [2026-05-04T01:03:06.343+0300] {dagbag.py:588} INFO - Filling up the DagBag from /home/nikita/airflow-setup/ENV/lib/python3.12/site-packages/airflow/example_dags/example_workday_timetable.py
[2026-05-04T01:03:06.348+0300] {processor.py:925} INFO - DAG(s) 'example_workday_timetable' retrieved from /home/nikita/airflow-setup/ENV/lib/python3.12/site-packages/airflow/example_dags/example_workday_timetable.py
[2026-05-04T01:03:06.358+0300] {logging_mixin.py:190} INFO - [2026-05-04T01:03:06.358+0300] {dag.py:3239} INFO - Sync 1 DAGs
[2026-05-04T01:03:06.397+0300] {logging_mixin.py:190} INFO - [2026-05-04T01:03:06.397+0300] {dag.py:4180} INFO - Setting next_dagrun for example_workday_timetable to 2021-01-04 00:00:00+00:00, run_after=2021-01-05 00:00:00+00:00
[2026-05-04T01:03:06.415+0300] {processor.py:208} INFO - Processing /home/nikita/airflow-setup/ENV/lib/python3.12/site-packages/airflow/example_dags/example_workday_timetable.py took 0.078 seconds
[2026-05-04T01:04:09.206+0300] {processor.py:186} INFO - Started process (PID=9891) to work on /home/nikita/airflow-setup/ENV/lib/python3.12/site-packages/airflow/example_dags/example_workday_timetable.py
[2026-05-04T01:04:09.216+0300] {processor.py:914} INFO - Processing file /home/nikita/airflow-setup/ENV/lib/python3.12/site-packages/airflow/example_dags/example_workday_timetable.py for tasks to queue
[2026-05-04T01:04:09.218+0300] {logging_mixin.py:190} INFO - [2026-05-04T01:04:09.217+0300] {dagbag.py:588} INFO - Filling up the DagBag from /home/nikita/airflow-setup/ENV/lib/python3.12/site-packages/airflow/example_dags/example_workday_timetable.py
[2026-05-04T01:04:09.222+0300] {processor.py:925} INFO - DAG(s) 'example_workday_timetable' retrieved from /home/nikita/airflow-setup/ENV/lib/python3.12/site-packages/airflow/example_dags/example_workday_timetable.py
[2026-05-04T01:04:09.232+0300] {logging_mixin.py:190} INFO - [2026-05-04T01:04:09.232+0300] {dag.py:3239} INFO - Sync 1 DAGs
[2026-05-04T01:04:09.268+0300] {logging_mixin.py:190} INFO - [2026-05-04T01:04:09.268+0300] {dag.py:4180} INFO - Setting next_dagrun for example_workday_timetable to 2021-01-04 00:00:00+00:00, run_after=2021-01-05 00:00:00+00:00
[2026-05-04T01:04:09.287+0300] {processor.py:208} INFO - Processing /home/nikita/airflow-setup/ENV/lib/python3.12/site-packages/airflow/example_dags/example_workday_timetable.py took 0.085 seconds
[2026-05-04T01:05:15.318+0300] {processor.py:186} INFO - Started process (PID=10148) to work on /home/nikita/airflow-setup/ENV/lib/python3.12/site-packages/airflow/example_dags/example_workday_timetable.py
[2026-05-04T01:05:15.326+0300] {processor.py:914} INFO - Processing file /home/nikita/airflow-setup/ENV/lib/python3.12/site-packages/airflow/example_dags/example_workday_timetable.py for tasks to queue
[2026-05-04T01:05:15.327+0300] {logging_mixin.py:190} INFO - [2026-05-04T01:05:15.327+0300] {dagbag.py:588} INFO - Filling up the DagBag from /home/nikita/airflow-setup/ENV/lib/python3.12/site-packages/airflow/example_dags/example_workday_timetable.py
[2026-05-04T01:05:15.332+0300] {processor.py:925} INFO - DAG(s) 'example_workday_timetable' retrieved from /home/nikita/airflow-setup/ENV/lib/python3.12/site-packages/airflow/example_dags/example_workday_timetable.py
[2026-05-04T01:05:15.344+0300] {logging_mixin.py:190} INFO - [2026-05-04T01:05:15.343+0300] {dag.py:3239} INFO - Sync 1 DAGs
[2026-05-04T01:05:15.389+0300] {logging_mixin.py:190} INFO - [2026-05-04T01:05:15.389+0300] {dag.py:4180} INFO - Setting next_dagrun for example_workday_timetable to 2021-01-04 00:00:00+00:00, run_after=2021-01-05 00:00:00+00:00
[2026-05-04T01:05:15.408+0300] {processor.py:208} INFO - Processing /home/nikita/airflow-setup/ENV/lib/python3.12/site-packages/airflow/example_dags/example_workday_timetable.py took 0.095 seconds
[2026-05-04T01:06:20.706+0300] {processor.py:186} INFO - Started process (PID=10419) to work on /home/nikita/airflow-setup/ENV/lib/python3.12/site-packages/airflow/example_dags/example_workday_timetable.py
[2026-05-04T01:06:20.715+0300] {processor.py:914} INFO - Processing file /home/nikita/airflow-setup/ENV/lib/python3.12/site-packages/airflow/example_dags/example_workday_timetable.py for tasks to queue
[2026-05-04T01:06:20.717+0300] {logging_mixin.py:190} INFO - [2026-05-04T01:06:20.716+0300] {dagbag.py:588} INFO - Filling up the DagBag from /home/nikita/airflow-setup/ENV/lib/python3.12/site-packages/airflow/example_dags/example_workday_timetable.py
[2026-05-04T01:06:20.722+0300] {processor.py:925} INFO - DAG(s) 'example_workday_timetable' retrieved from /home/nikita/airflow-setup/ENV/lib/python3.12/site-packages/airflow/example_dags/example_workday_timetable.py
[2026-05-04T01:06:20.733+0300] {logging_mixin.py:190} INFO - [2026-05-04T01:06:20.733+0300] {dag.py:3239} INFO - Sync 1 DAGs
[2026-05-04T01:06:20.782+0300] {logging_mixin.py:190} INFO - [2026-05-04T01:06:20.782+0300] {dag.py:4180} INFO - Setting next_dagrun for example_workday_timetable to 2021-01-04 00:00:00+00:00, run_after=2021-01-05 00:00:00+00:00
[2026-05-04T01:06:20.801+0300] {processor.py:208} INFO - Processing /home/nikita/airflow-setup/ENV/lib/python3.12/site-packages/airflow/example_dags/example_workday_timetable.py took 0.099 seconds
[2026-05-04T01:07:26.727+0300] {processor.py:186} INFO - Started process (PID=10668) to work on /home/nikita/airflow-setup/ENV/lib/python3.12/site-packages/airflow/example_dags/example_workday_timetable.py
[2026-05-04T01:07:26.728+0300] {processor.py:914} INFO - Processing file /home/nikita/airflow-setup/ENV/lib/python3.12/site-packages/airflow/example_dags/example_workday_timetable.py for tasks to queue
[2026-05-04T01:07:26.729+0300] {logging_mixin.py:190} INFO - [2026-05-04T01:07:26.729+0300] {dagbag.py:588} INFO - Filling up the DagBag from /home/nikita/airflow-setup/ENV/lib/python3.12/site-packages/airflow/example_dags/example_workday_timetable.py
[2026-05-04T01:07:26.734+0300] {processor.py:925} INFO - DAG(s) 'example_workday_timetable' retrieved from /home/nikita/airflow-setup/ENV/lib/python3.12/site-packages/airflow/example_dags/example_workday_timetable.py
[2026-05-04T01:07:26.747+0300] {logging_mixin.py:190} INFO - [2026-05-04T01:07:26.746+0300] {dag.py:3239} INFO - Sync 1 DAGs
[2026-05-04T01:07:26.789+0300] {logging_mixin.py:190} INFO - [2026-05-04T01:07:26.789+0300] {dag.py:4180} INFO - Setting next_dagrun for example_workday_timetable to 2021-01-04 00:00:00+00:00, run_after=2021-01-05 00:00:00+00:00
[2026-05-04T01:07:26.809+0300] {processor.py:208} INFO - Processing /home/nikita/airflow-setup/ENV/lib/python3.12/site-packages/airflow/example_dags/example_workday_timetable.py took 0.087 seconds
[2026-05-04T01:08:35.243+0300] {processor.py:186} INFO - Started process (PID=11238) to work on /home/nikita/airflow-setup/ENV/lib/python3.12/site-packages/airflow/example_dags/example_workday_timetable.py
[2026-05-04T01:08:35.253+0300] {processor.py:914} INFO - Processing file /home/nikita/airflow-setup/ENV/lib/python3.12/site-packages/airflow/example_dags/example_workday_timetable.py for tasks to queue
[2026-05-04T01:08:35.254+0300] {logging_mixin.py:190} INFO - [2026-05-04T01:08:35.254+0300] {dagbag.py:588} INFO - Filling up the DagBag from /home/nikita/airflow-setup/ENV/lib/python3.12/site-packages/airflow/example_dags/example_workday_timetable.py
[2026-05-04T01:08:35.260+0300] {processor.py:925} INFO - DAG(s) 'example_workday_timetable' retrieved from /home/nikita/airflow-setup/ENV/lib/python3.12/site-packages/airflow/example_dags/example_workday_timetable.py
[2026-05-04T01:08:35.272+0300] {logging_mixin.py:190} INFO - [2026-05-04T01:08:35.272+0300] {dag.py:3239} INFO - Sync 1 DAGs
[2026-05-04T01:08:35.313+0300] {logging_mixin.py:190} INFO - [2026-05-04T01:08:35.313+0300] {dag.py:4180} INFO - Setting next_dagrun for example_workday_timetable to 2021-01-04 00:00:00+00:00, run_after=2021-01-05 00:00:00+00:00
[2026-05-04T01:08:35.337+0300] {processor.py:208} INFO - Processing /home/nikita/airflow-setup/ENV/lib/python3.12/site-packages/airflow/example_dags/example_workday_timetable.py took 0.098 seconds
[2026-05-04T01:09:41.593+0300] {processor.py:186} INFO - Started process (PID=12109) to work on /home/nikita/airflow-setup/ENV/lib/python3.12/site-packages/airflow/example_dags/example_workday_timetable.py
[2026-05-04T01:09:41.602+0300] {processor.py:914} INFO - Processing file /home/nikita/airflow-setup/ENV/lib/python3.12/site-packages/airflow/example_dags/example_workday_timetable.py for tasks to queue
[2026-05-04T01:09:41.603+0300] {logging_mixin.py:190} INFO - [2026-05-04T01:09:41.603+0300] {dagbag.py:588} INFO - Filling up the DagBag from /home/nikita/airflow-setup/ENV/lib/python3.12/site-packages/airflow/example_dags/example_workday_timetable.py
[2026-05-04T01:09:41.608+0300] {processor.py:925} INFO - DAG(s) 'example_workday_timetable' retrieved from /home/nikita/airflow-setup/ENV/lib/python3.12/site-packages/airflow/example_dags/example_workday_timetable.py
[2026-05-04T01:09:41.620+0300] {logging_mixin.py:190} INFO - [2026-05-04T01:09:41.620+0300] {dag.py:3239} INFO - Sync 1 DAGs
[2026-05-04T01:09:41.663+0300] {logging_mixin.py:190} INFO - [2026-05-04T01:09:41.663+0300] {dag.py:4180} INFO - Setting next_dagrun for example_workday_timetable to 2021-01-04 00:00:00+00:00, run_after=2021-01-05 00:00:00+00:00
[2026-05-04T01:09:41.682+0300] {processor.py:208} INFO - Processing /home/nikita/airflow-setup/ENV/lib/python3.12/site-packages/airflow/example_dags/example_workday_timetable.py took 0.094 seconds
[2026-05-04T01:10:51.052+0300] {processor.py:186} INFO - Started process (PID=12388) to work on /home/nikita/airflow-setup/ENV/lib/python3.12/site-packages/airflow/example_dags/example_workday_timetable.py
[2026-05-04T01:10:51.061+0300] {processor.py:914} INFO - Processing file /home/nikita/airflow-setup/ENV/lib/python3.12/site-packages/airflow/example_dags/example_workday_timetable.py for tasks to queue
[2026-05-04T01:10:51.062+0300] {logging_mixin.py:190} INFO - [2026-05-04T01:10:51.062+0300] {dagbag.py:588} INFO - Filling up the DagBag from /home/nikita/airflow-setup/ENV/lib/python3.12/site-packages/airflow/example_dags/example_workday_timetable.py
[2026-05-04T01:10:51.067+0300] {processor.py:925} INFO - DAG(s) 'example_workday_timetable' retrieved from /home/nikita/airflow-setup/ENV/lib/python3.12/site-packages/airflow/example_dags/example_workday_timetable.py
[2026-05-04T01:10:51.079+0300] {logging_mixin.py:190} INFO - [2026-05-04T01:10:51.078+0300] {dag.py:3239} INFO - Sync 1 DAGs
[2026-05-04T01:10:51.119+0300] {logging_mixin.py:190} INFO - [2026-05-04T01:10:51.119+0300] {dag.py:4180} INFO - Setting next_dagrun for example_workday_timetable to 2021-01-04 00:00:00+00:00, run_after=2021-01-05 00:00:00+00:00
[2026-05-04T01:10:51.138+0300] {processor.py:208} INFO - Processing /home/nikita/airflow-setup/ENV/lib/python3.12/site-packages/airflow/example_dags/example_workday_timetable.py took 0.091 seconds
[2026-05-04T01:11:56.320+0300] {processor.py:186} INFO - Started process (PID=12640) to work on /home/nikita/airflow-setup/ENV/lib/python3.12/site-packages/airflow/example_dags/example_workday_timetable.py
[2026-05-04T01:11:56.322+0300] {processor.py:914} INFO - Processing file /home/nikita/airflow-setup/ENV/lib/python3.12/site-packages/airflow/example_dags/example_workday_timetable.py for tasks to queue
[2026-05-04T01:11:56.323+0300] {logging_mixin.py:190} INFO - [2026-05-04T01:11:56.322+0300] {dagbag.py:588} INFO - Filling up the DagBag from /home/nikita/airflow-setup/ENV/lib/python3.12/site-packages/airflow/example_dags/example_workday_timetable.py
[2026-05-04T01:11:56.328+0300] {processor.py:925} INFO - DAG(s) 'example_workday_timetable' retrieved from /home/nikita/airflow-setup/ENV/lib/python3.12/site-packages/airflow/example_dags/example_workday_timetable.py
[2026-05-04T01:11:56.338+0300] {logging_mixin.py:190} INFO - [2026-05-04T01:11:56.338+0300] {dag.py:3239} INFO - Sync 1 DAGs
[2026-05-04T01:11:56.376+0300] {logging_mixin.py:190} INFO - [2026-05-04T01:11:56.376+0300] {dag.py:4180} INFO - Setting next_dagrun for example_workday_timetable to 2021-01-04 00:00:00+00:00, run_after=2021-01-05 00:00:00+00:00
[2026-05-04T01:11:56.393+0300] {processor.py:208} INFO - Processing /home/nikita/airflow-setup/ENV/lib/python3.12/site-packages/airflow/example_dags/example_workday_timetable.py took 0.077 seconds
[2026-05-04T01:12:56.608+0300] {processor.py:186} INFO - Started process (PID=12869) to work on /home/nikita/airflow-setup/ENV/lib/python3.12/site-packages/airflow/example_dags/example_workday_timetable.py
[2026-05-04T01:12:56.617+0300] {processor.py:914} INFO - Processing file /home/nikita/airflow-setup/ENV/lib/python3.12/site-packages/airflow/example_dags/example_workday_timetable.py for tasks to queue
[2026-05-04T01:12:56.618+0300] {logging_mixin.py:190} INFO - [2026-05-04T01:12:56.618+0300] {dagbag.py:588} INFO - Filling up the DagBag from /home/nikita/airflow-setup/ENV/lib/python3.12/site-packages/airflow/example_dags/example_workday_timetable.py
[2026-05-04T01:12:56.623+0300] {processor.py:925} INFO - DAG(s) 'example_workday_timetable' retrieved from /home/nikita/airflow-setup/ENV/lib/python3.12/site-packages/airflow/example_dags/example_workday_timetable.py
[2026-05-04T01:12:56.635+0300] {logging_mixin.py:190} INFO - [2026-05-04T01:12:56.635+0300] {dag.py:3239} INFO - Sync 1 DAGs
[2026-05-04T01:12:56.675+0300] {logging_mixin.py:190} INFO - [2026-05-04T01:12:56.675+0300] {dag.py:4180} INFO - Setting next_dagrun for example_workday_timetable to 2021-01-04 00:00:00+00:00, run_after=2021-01-05 00:00:00+00:00
[2026-05-04T01:12:56.692+0300] {processor.py:208} INFO - Processing /home/nikita/airflow-setup/ENV/lib/python3.12/site-packages/airflow/example_dags/example_workday_timetable.py took 0.088 seconds
[2026-05-04T01:13:59.419+0300] {processor.py:186} INFO - Started process (PID=13501) to work on /home/nikita/airflow-setup/ENV/lib/python3.12/site-packages/airflow/example_dags/example_workday_timetable.py
[2026-05-04T01:13:59.420+0300] {processor.py:914} INFO - Processing file /home/nikita/airflow-setup/ENV/lib/python3.12/site-packages/airflow/example_dags/example_workday_timetable.py for tasks to queue
[2026-05-04T01:13:59.421+0300] {logging_mixin.py:190} INFO - [2026-05-04T01:13:59.421+0300] {dagbag.py:588} INFO - Filling up the DagBag from /home/nikita/airflow-setup/ENV/lib/python3.12/site-packages/airflow/example_dags/example_workday_timetable.py
[2026-05-04T01:13:59.426+0300] {processor.py:925} INFO - DAG(s) 'example_workday_timetable' retrieved from /home/nikita/airflow-setup/ENV/lib/python3.12/site-packages/airflow/example_dags/example_workday_timetable.py
[2026-05-04T01:13:59.438+0300] {logging_mixin.py:190} INFO - [2026-05-04T01:13:59.437+0300] {dag.py:3239} INFO - Sync 1 DAGs
[2026-05-04T01:13:59.477+0300] {logging_mixin.py:190} INFO - [2026-05-04T01:13:59.477+0300] {dag.py:4180} INFO - Setting next_dagrun for example_workday_timetable to 2021-01-04 00:00:00+00:00, run_after=2021-01-05 00:00:00+00:00
[2026-05-04T01:13:59.494+0300] {processor.py:208} INFO - Processing /home/nikita/airflow-setup/ENV/lib/python3.12/site-packages/airflow/example_dags/example_workday_timetable.py took 0.079 seconds
[2026-05-04T01:15:07.883+0300] {processor.py:186} INFO - Started process (PID=14432) to work on /home/nikita/airflow-setup/ENV/lib/python3.12/site-packages/airflow/example_dags/example_workday_timetable.py
[2026-05-04T01:15:07.893+0300] {processor.py:914} INFO - Processing file /home/nikita/airflow-setup/ENV/lib/python3.12/site-packages/airflow/example_dags/example_workday_timetable.py for tasks to queue
[2026-05-04T01:15:07.894+0300] {logging_mixin.py:190} INFO - [2026-05-04T01:15:07.894+0300] {dagbag.py:588} INFO - Filling up the DagBag from /home/nikita/airflow-setup/ENV/lib/python3.12/site-packages/airflow/example_dags/example_workday_timetable.py
[2026-05-04T01:15:07.900+0300] {processor.py:925} INFO - DAG(s) 'example_workday_timetable' retrieved from /home/nikita/airflow-setup/ENV/lib/python3.12/site-packages/airflow/example_dags/example_workday_timetable.py
[2026-05-04T01:15:07.912+0300] {logging_mixin.py:190} INFO - [2026-05-04T01:15:07.912+0300] {dag.py:3239} INFO - Sync 1 DAGs
[2026-05-04T01:15:07.955+0300] {logging_mixin.py:190} INFO - [2026-05-04T01:15:07.955+0300] {dag.py:4180} INFO - Setting next_dagrun for example_workday_timetable to 2021-01-04 00:00:00+00:00, run_after=2021-01-05 00:00:00+00:00
[2026-05-04T01:15:07.976+0300] {processor.py:208} INFO - Processing /home/nikita/airflow-setup/ENV/lib/python3.12/site-packages/airflow/example_dags/example_workday_timetable.py took 0.097 seconds
[2026-05-04T01:16:15.145+0300] {processor.py:186} INFO - Started process (PID=15645) to work on /home/nikita/airflow-setup/ENV/lib/python3.12/site-packages/airflow/example_dags/example_workday_timetable.py
[2026-05-04T01:16:15.155+0300] {processor.py:914} INFO - Processing file /home/nikita/airflow-setup/ENV/lib/python3.12/site-packages/airflow/example_dags/example_workday_timetable.py for tasks to queue
[2026-05-04T01:16:15.156+0300] {logging_mixin.py:190} INFO - [2026-05-04T01:16:15.156+0300] {dagbag.py:588} INFO - Filling up the DagBag from /home/nikita/airflow-setup/ENV/lib/python3.12/site-packages/airflow/example_dags/example_workday_timetable.py
[2026-05-04T01:16:15.162+0300] {processor.py:925} INFO - DAG(s) 'example_workday_timetable' retrieved from /home/nikita/airflow-setup/ENV/lib/python3.12/site-packages/airflow/example_dags/example_workday_timetable.py
[2026-05-04T01:16:15.173+0300] {logging_mixin.py:190} INFO - [2026-05-04T01:16:15.172+0300] {dag.py:3239} INFO - Sync 1 DAGs
[2026-05-04T01:16:15.210+0300] {logging_mixin.py:190} INFO - [2026-05-04T01:16:15.210+0300] {dag.py:4180} INFO - Setting next_dagrun for example_workday_timetable to 2021-01-04 00:00:00+00:00, run_after=2021-01-05 00:00:00+00:00
[2026-05-04T01:16:15.228+0300] {processor.py:208} INFO - Processing /home/nikita/airflow-setup/ENV/lib/python3.12/site-packages/airflow/example_dags/example_workday_timetable.py took 0.087 seconds
[2026-05-04T01:17:24.928+0300] {processor.py:186} INFO - Started process (PID=15907) to work on /home/nikita/airflow-setup/ENV/lib/python3.12/site-packages/airflow/example_dags/example_workday_timetable.py
[2026-05-04T01:17:24.937+0300] {processor.py:914} INFO - Processing file /home/nikita/airflow-setup/ENV/lib/python3.12/site-packages/airflow/example_dags/example_workday_timetable.py for tasks to queue
[2026-05-04T01:17:24.938+0300] {logging_mixin.py:190} INFO - [2026-05-04T01:17:24.938+0300] {dagbag.py:588} INFO - Filling up the DagBag from /home/nikita/airflow-setup/ENV/lib/python3.12/site-packages/airflow/example_dags/example_workday_timetable.py
[2026-05-04T01:17:24.944+0300] {processor.py:925} INFO - DAG(s) 'example_workday_timetable' retrieved from /home/nikita/airflow-setup/ENV/lib/python3.12/site-packages/airflow/example_dags/example_workday_timetable.py
[2026-05-04T01:17:24.955+0300] {logging_mixin.py:190} INFO - [2026-05-04T01:17:24.955+0300] {dag.py:3239} INFO - Sync 1 DAGs
[2026-05-04T01:17:24.998+0300] {logging_mixin.py:190} INFO - [2026-05-04T01:17:24.997+0300] {dag.py:4180} INFO - Setting next_dagrun for example_workday_timetable to 2021-01-04 00:00:00+00:00, run_after=2021-01-05 00:00:00+00:00
[2026-05-04T01:17:25.014+0300] {processor.py:208} INFO - Processing /home/nikita/airflow-setup/ENV/lib/python3.12/site-packages/airflow/example_dags/example_workday_timetable.py took 0.091 seconds
[2026-05-04T01:18:33.868+0300] {processor.py:186} INFO - Started process (PID=16170) to work on /home/nikita/airflow-setup/ENV/lib/python3.12/site-packages/airflow/example_dags/example_workday_timetable.py
[2026-05-04T01:18:33.870+0300] {processor.py:914} INFO - Processing file /home/nikita/airflow-setup/ENV/lib/python3.12/site-packages/airflow/example_dags/example_workday_timetable.py for tasks to queue
[2026-05-04T01:18:33.871+0300] {logging_mixin.py:190} INFO - [2026-05-04T01:18:33.871+0300] {dagbag.py:588} INFO - Filling up the DagBag from /home/nikita/airflow-setup/ENV/lib/python3.12/site-packages/airflow/example_dags/example_workday_timetable.py
[2026-05-04T01:18:33.876+0300] {processor.py:925} INFO - DAG(s) 'example_workday_timetable' retrieved from /home/nikita/airflow-setup/ENV/lib/python3.12/site-packages/airflow/example_dags/example_workday_timetable.py
[2026-05-04T01:18:33.887+0300] {logging_mixin.py:190} INFO - [2026-05-04T01:18:33.887+0300] {dag.py:3239} INFO - Sync 1 DAGs
[2026-05-04T01:18:33.926+0300] {logging_mixin.py:190} INFO - [2026-05-04T01:18:33.925+0300] {dag.py:4180} INFO - Setting next_dagrun for example_workday_timetable to 2021-01-04 00:00:00+00:00, run_after=2021-01-05 00:00:00+00:00
[2026-05-04T01:18:33.944+0300] {processor.py:208} INFO - Processing /home/nikita/airflow-setup/ENV/lib/python3.12/site-packages/airflow/example_dags/example_workday_timetable.py took 0.080 seconds
[2026-05-04T01:19:36.848+0300] {processor.py:186} INFO - Started process (PID=16412) to work on /home/nikita/airflow-setup/ENV/lib/python3.12/site-packages/airflow/example_dags/example_workday_timetable.py
[2026-05-04T01:19:36.850+0300] {processor.py:914} INFO - Processing file /home/nikita/airflow-setup/ENV/lib/python3.12/site-packages/airflow/example_dags/example_workday_timetable.py for tasks to queue
[2026-05-04T01:19:36.851+0300] {logging_mixin.py:190} INFO - [2026-05-04T01:19:36.851+0300] {dagbag.py:588} INFO - Filling up the DagBag from /home/nikita/airflow-setup/ENV/lib/python3.12/site-packages/airflow/example_dags/example_workday_timetable.py
[2026-05-04T01:19:36.856+0300] {processor.py:925} INFO - DAG(s) 'example_workday_timetable' retrieved from /home/nikita/airflow-setup/ENV/lib/python3.12/site-packages/airflow/example_dags/example_workday_timetable.py
[2026-05-04T01:19:36.869+0300] {logging_mixin.py:190} INFO - [2026-05-04T01:19:36.869+0300] {dag.py:3239} INFO - Sync 1 DAGs
[2026-05-04T01:19:36.909+0300] {logging_mixin.py:190} INFO - [2026-05-04T01:19:36.909+0300] {dag.py:4180} INFO - Setting next_dagrun for example_workday_timetable to 2021-01-04 00:00:00+00:00, run_after=2021-01-05 00:00:00+00:00
[2026-05-04T01:19:36.927+0300] {processor.py:208} INFO - Processing /home/nikita/airflow-setup/ENV/lib/python3.12/site-packages/airflow/example_dags/example_workday_timetable.py took 0.084 seconds
[2026-05-04T01:20:43.739+0300] {processor.py:186} INFO - Started process (PID=16682) to work on /home/nikita/airflow-setup/ENV/lib/python3.12/site-packages/airflow/example_dags/example_workday_timetable.py
[2026-05-04T01:20:43.750+0300] {processor.py:914} INFO - Processing file /home/nikita/airflow-setup/ENV/lib/python3.12/site-packages/airflow/example_dags/example_workday_timetable.py for tasks to queue
[2026-05-04T01:20:43.751+0300] {logging_mixin.py:190} INFO - [2026-05-04T01:20:43.751+0300] {dagbag.py:588} INFO - Filling up the DagBag from /home/nikita/airflow-setup/ENV/lib/python3.12/site-packages/airflow/example_dags/example_workday_timetable.py
[2026-05-04T01:20:43.757+0300] {processor.py:925} INFO - DAG(s) 'example_workday_timetable' retrieved from /home/nikita/airflow-setup/ENV/lib/python3.12/site-packages/airflow/example_dags/example_workday_timetable.py
[2026-05-04T01:20:43.770+0300] {logging_mixin.py:190} INFO - [2026-05-04T01:20:43.770+0300] {dag.py:3239} INFO - Sync 1 DAGs
[2026-05-04T01:20:43.810+0300] {logging_mixin.py:190} INFO - [2026-05-04T01:20:43.810+0300] {dag.py:4180} INFO - Setting next_dagrun for example_workday_timetable to 2021-01-04 00:00:00+00:00, run_after=2021-01-05 00:00:00+00:00
[2026-05-04T01:20:43.828+0300] {processor.py:208} INFO - Processing /home/nikita/airflow-setup/ENV/lib/python3.12/site-packages/airflow/example_dags/example_workday_timetable.py took 0.092 seconds
[2026-05-04T01:21:49.993+0300] {processor.py:186} INFO - Started process (PID=16933) to work on /home/nikita/airflow-setup/ENV/lib/python3.12/site-packages/airflow/example_dags/example_workday_timetable.py
[2026-05-04T01:21:49.994+0300] {processor.py:914} INFO - Processing file /home/nikita/airflow-setup/ENV/lib/python3.12/site-packages/airflow/example_dags/example_workday_timetable.py for tasks to queue
[2026-05-04T01:21:49.995+0300] {logging_mixin.py:190} INFO - [2026-05-04T01:21:49.995+0300] {dagbag.py:588} INFO - Filling up the DagBag from /home/nikita/airflow-setup/ENV/lib/python3.12/site-packages/airflow/example_dags/example_workday_timetable.py
[2026-05-04T01:21:50.000+0300] {processor.py:925} INFO - DAG(s) 'example_workday_timetable' retrieved from /home/nikita/airflow-setup/ENV/lib/python3.12/site-packages/airflow/example_dags/example_workday_timetable.py
[2026-05-04T01:21:50.011+0300] {logging_mixin.py:190} INFO - [2026-05-04T01:21:50.011+0300] {dag.py:3239} INFO - Sync 1 DAGs
[2026-05-04T01:21:50.052+0300] {logging_mixin.py:190} INFO - [2026-05-04T01:21:50.052+0300] {dag.py:4180} INFO - Setting next_dagrun for example_workday_timetable to 2021-01-04 00:00:00+00:00, run_after=2021-01-05 00:00:00+00:00
[2026-05-04T01:21:50.070+0300] {processor.py:208} INFO - Processing /home/nikita/airflow-setup/ENV/lib/python3.12/site-packages/airflow/example_dags/example_workday_timetable.py took 0.082 seconds
[2026-05-04T01:23:05.155+0300] {processor.py:186} INFO - Started process (PID=17213) to work on /home/nikita/airflow-setup/ENV/lib/python3.12/site-packages/airflow/example_dags/example_workday_timetable.py
[2026-05-04T01:23:05.165+0300] {processor.py:914} INFO - Processing file /home/nikita/airflow-setup/ENV/lib/python3.12/site-packages/airflow/example_dags/example_workday_timetable.py for tasks to queue
[2026-05-04T01:23:05.166+0300] {logging_mixin.py:190} INFO - [2026-05-04T01:23:05.165+0300] {dagbag.py:588} INFO - Filling up the DagBag from /home/nikita/airflow-setup/ENV/lib/python3.12/site-packages/airflow/example_dags/example_workday_timetable.py
[2026-05-04T01:23:05.171+0300] {processor.py:925} INFO - DAG(s) 'example_workday_timetable' retrieved from /home/nikita/airflow-setup/ENV/lib/python3.12/site-packages/airflow/example_dags/example_workday_timetable.py
[2026-05-04T01:23:05.182+0300] {logging_mixin.py:190} INFO - [2026-05-04T01:23:05.182+0300] {dag.py:3239} INFO - Sync 1 DAGs
[2026-05-04T01:23:05.219+0300] {logging_mixin.py:190} INFO - [2026-05-04T01:23:05.219+0300] {dag.py:4180} INFO - Setting next_dagrun for example_workday_timetable to 2021-01-04 00:00:00+00:00, run_after=2021-01-05 00:00:00+00:00
[2026-05-04T01:23:05.236+0300] {processor.py:208} INFO - Processing /home/nikita/airflow-setup/ENV/lib/python3.12/site-packages/airflow/example_dags/example_workday_timetable.py took 0.086 seconds
[2026-05-04T01:24:09.238+0300] {processor.py:186} INFO - Started process (PID=17457) to work on /home/nikita/airflow-setup/ENV/lib/python3.12/site-packages/airflow/example_dags/example_workday_timetable.py
[2026-05-04T01:24:09.240+0300] {processor.py:914} INFO - Processing file /home/nikita/airflow-setup/ENV/lib/python3.12/site-packages/airflow/example_dags/example_workday_timetable.py for tasks to queue
[2026-05-04T01:24:09.241+0300] {logging_mixin.py:190} INFO - [2026-05-04T01:24:09.241+0300] {dagbag.py:588} INFO - Filling up the DagBag from /home/nikita/airflow-setup/ENV/lib/python3.12/site-packages/airflow/example_dags/example_workday_timetable.py
[2026-05-04T01:24:09.248+0300] {processor.py:925} INFO - DAG(s) 'example_workday_timetable' retrieved from /home/nikita/airflow-setup/ENV/lib/python3.12/site-packages/airflow/example_dags/example_workday_timetable.py
[2026-05-04T01:24:09.265+0300] {logging_mixin.py:190} INFO - [2026-05-04T01:24:09.265+0300] {dag.py:3239} INFO - Sync 1 DAGs
[2026-05-04T01:24:09.311+0300] {logging_mixin.py:190} INFO - [2026-05-04T01:24:09.311+0300] {dag.py:4180} INFO - Setting next_dagrun for example_workday_timetable to 2021-01-04 00:00:00+00:00, run_after=2021-01-05 00:00:00+00:00
[2026-05-04T01:24:09.346+0300] {processor.py:208} INFO - Processing /home/nikita/airflow-setup/ENV/lib/python3.12/site-packages/airflow/example_dags/example_workday_timetable.py took 0.114 seconds
[2026-05-04T01:25:20.243+0300] {processor.py:186} INFO - Started process (PID=18062) to work on /home/nikita/airflow-setup/ENV/lib/python3.12/site-packages/airflow/example_dags/example_workday_timetable.py
[2026-05-04T01:25:20.253+0300] {processor.py:914} INFO - Processing file /home/nikita/airflow-setup/ENV/lib/python3.12/site-packages/airflow/example_dags/example_workday_timetable.py for tasks to queue
[2026-05-04T01:25:20.254+0300] {logging_mixin.py:190} INFO - [2026-05-04T01:25:20.253+0300] {dagbag.py:588} INFO - Filling up the DagBag from /home/nikita/airflow-setup/ENV/lib/python3.12/site-packages/airflow/example_dags/example_workday_timetable.py
[2026-05-04T01:25:20.258+0300] {processor.py:925} INFO - DAG(s) 'example_workday_timetable' retrieved from /home/nikita/airflow-setup/ENV/lib/python3.12/site-packages/airflow/example_dags/example_workday_timetable.py
[2026-05-04T01:25:20.269+0300] {logging_mixin.py:190} INFO - [2026-05-04T01:25:20.269+0300] {dag.py:3239} INFO - Sync 1 DAGs
[2026-05-04T01:25:20.305+0300] {logging_mixin.py:190} INFO - [2026-05-04T01:25:20.305+0300] {dag.py:4180} INFO - Setting next_dagrun for example_workday_timetable to 2021-01-04 00:00:00+00:00, run_after=2021-01-05 00:00:00+00:00
[2026-05-04T01:25:20.322+0300] {processor.py:208} INFO - Processing /home/nikita/airflow-setup/ENV/lib/python3.12/site-packages/airflow/example_dags/example_workday_timetable.py took 0.083 seconds
[2026-05-04T01:26:30.912+0300] {processor.py:186} INFO - Started process (PID=19332) to work on /home/nikita/airflow-setup/ENV/lib/python3.12/site-packages/airflow/example_dags/example_workday_timetable.py
[2026-05-04T01:26:30.921+0300] {processor.py:914} INFO - Processing file /home/nikita/airflow-setup/ENV/lib/python3.12/site-packages/airflow/example_dags/example_workday_timetable.py for tasks to queue
[2026-05-04T01:26:30.922+0300] {logging_mixin.py:190} INFO - [2026-05-04T01:26:30.922+0300] {dagbag.py:588} INFO - Filling up the DagBag from /home/nikita/airflow-setup/ENV/lib/python3.12/site-packages/airflow/example_dags/example_workday_timetable.py
[2026-05-04T01:26:30.927+0300] {processor.py:925} INFO - DAG(s) 'example_workday_timetable' retrieved from /home/nikita/airflow-setup/ENV/lib/python3.12/site-packages/airflow/example_dags/example_workday_timetable.py
[2026-05-04T01:26:30.938+0300] {logging_mixin.py:190} INFO - [2026-05-04T01:26:30.938+0300] {dag.py:3239} INFO - Sync 1 DAGs
[2026-05-04T01:26:30.975+0300] {logging_mixin.py:190} INFO - [2026-05-04T01:26:30.975+0300] {dag.py:4180} INFO - Setting next_dagrun for example_workday_timetable to 2021-01-04 00:00:00+00:00, run_after=2021-01-05 00:00:00+00:00
[2026-05-04T01:26:30.993+0300] {processor.py:208} INFO - Processing /home/nikita/airflow-setup/ENV/lib/python3.12/site-packages/airflow/example_dags/example_workday_timetable.py took 0.085 seconds
[2026-05-04T01:27:40.102+0300] {processor.py:186} INFO - Started process (PID=19593) to work on /home/nikita/airflow-setup/ENV/lib/python3.12/site-packages/airflow/example_dags/example_workday_timetable.py
[2026-05-04T01:27:40.104+0300] {processor.py:914} INFO - Processing file /home/nikita/airflow-setup/ENV/lib/python3.12/site-packages/airflow/example_dags/example_workday_timetable.py for tasks to queue
[2026-05-04T01:27:40.104+0300] {logging_mixin.py:190} INFO - [2026-05-04T01:27:40.104+0300] {dagbag.py:588} INFO - Filling up the DagBag from /home/nikita/airflow-setup/ENV/lib/python3.12/site-packages/airflow/example_dags/example_workday_timetable.py
[2026-05-04T01:27:40.109+0300] {processor.py:925} INFO - DAG(s) 'example_workday_timetable' retrieved from /home/nikita/airflow-setup/ENV/lib/python3.12/site-packages/airflow/example_dags/example_workday_timetable.py
[2026-05-04T01:27:40.121+0300] {logging_mixin.py:190} INFO - [2026-05-04T01:27:40.121+0300] {dag.py:3239} INFO - Sync 1 DAGs
[2026-05-04T01:27:40.160+0300] {logging_mixin.py:190} INFO - [2026-05-04T01:27:40.160+0300] {dag.py:4180} INFO - Setting next_dagrun for example_workday_timetable to 2021-01-04 00:00:00+00:00, run_after=2021-01-05 00:00:00+00:00
[2026-05-04T01:27:40.299+0300] {processor.py:208} INFO - Processing /home/nikita/airflow-setup/ENV/lib/python3.12/site-packages/airflow/example_dags/example_workday_timetable.py took 0.202 seconds
[2026-05-04T01:28:52.718+0300] {processor.py:186} INFO - Started process (PID=19869) to work on /home/nikita/airflow-setup/ENV/lib/python3.12/site-packages/airflow/example_dags/example_workday_timetable.py
[2026-05-04T01:28:52.720+0300] {processor.py:914} INFO - Processing file /home/nikita/airflow-setup/ENV/lib/python3.12/site-packages/airflow/example_dags/example_workday_timetable.py for tasks to queue
[2026-05-04T01:28:52.721+0300] {logging_mixin.py:190} INFO - [2026-05-04T01:28:52.720+0300] {dagbag.py:588} INFO - Filling up the DagBag from /home/nikita/airflow-setup/ENV/lib/python3.12/site-packages/airflow/example_dags/example_workday_timetable.py
[2026-05-04T01:28:52.725+0300] {processor.py:925} INFO - DAG(s) 'example_workday_timetable' retrieved from /home/nikita/airflow-setup/ENV/lib/python3.12/site-packages/airflow/example_dags/example_workday_timetable.py
[2026-05-04T01:28:52.736+0300] {logging_mixin.py:190} INFO - [2026-05-04T01:28:52.735+0300] {dag.py:3239} INFO - Sync 1 DAGs
[2026-05-04T01:28:52.775+0300] {logging_mixin.py:190} INFO - [2026-05-04T01:28:52.775+0300] {dag.py:4180} INFO - Setting next_dagrun for example_workday_timetable to 2021-01-04 00:00:00+00:00, run_after=2021-01-05 00:00:00+00:00
[2026-05-04T01:28:52.792+0300] {processor.py:208} INFO - Processing /home/nikita/airflow-setup/ENV/lib/python3.12/site-packages/airflow/example_dags/example_workday_timetable.py took 0.079 seconds
[2026-05-04T01:30:01.803+0300] {processor.py:186} INFO - Started process (PID=20132) to work on /home/nikita/airflow-setup/ENV/lib/python3.12/site-packages/airflow/example_dags/example_workday_timetable.py
[2026-05-04T01:30:01.804+0300] {processor.py:914} INFO - Processing file /home/nikita/airflow-setup/ENV/lib/python3.12/site-packages/airflow/example_dags/example_workday_timetable.py for tasks to queue
[2026-05-04T01:30:01.805+0300] {logging_mixin.py:190} INFO - [2026-05-04T01:30:01.805+0300] {dagbag.py:588} INFO - Filling up the DagBag from /home/nikita/airflow-setup/ENV/lib/python3.12/site-packages/airflow/example_dags/example_workday_timetable.py
[2026-05-04T01:30:01.810+0300] {processor.py:925} INFO - DAG(s) 'example_workday_timetable' retrieved from /home/nikita/airflow-setup/ENV/lib/python3.12/site-packages/airflow/example_dags/example_workday_timetable.py
[2026-05-04T01:30:01.824+0300] {logging_mixin.py:190} INFO - [2026-05-04T01:30:01.824+0300] {dag.py:3239} INFO - Sync 1 DAGs
[2026-05-04T01:30:02.059+0300] {logging_mixin.py:190} INFO - [2026-05-04T01:30:02.058+0300] {dag.py:4180} INFO - Setting next_dagrun for example_workday_timetable to 2021-01-04 00:00:00+00:00, run_after=2021-01-05 00:00:00+00:00
[2026-05-04T01:30:02.083+0300] {processor.py:208} INFO - Processing /home/nikita/airflow-setup/ENV/lib/python3.12/site-packages/airflow/example_dags/example_workday_timetable.py took 0.286 seconds
[2026-05-04T01:31:16.737+0300] {processor.py:186} INFO - Started process (PID=20403) to work on /home/nikita/airflow-setup/ENV/lib/python3.12/site-packages/airflow/example_dags/example_workday_timetable.py
[2026-05-04T01:31:16.738+0300] {processor.py:914} INFO - Processing file /home/nikita/airflow-setup/ENV/lib/python3.12/site-packages/airflow/example_dags/example_workday_timetable.py for tasks to queue
[2026-05-04T01:31:16.739+0300] {logging_mixin.py:190} INFO - [2026-05-04T01:31:16.739+0300] {dagbag.py:588} INFO - Filling up the DagBag from /home/nikita/airflow-setup/ENV/lib/python3.12/site-packages/airflow/example_dags/example_workday_timetable.py
[2026-05-04T01:31:16.746+0300] {processor.py:925} INFO - DAG(s) 'example_workday_timetable' retrieved from /home/nikita/airflow-setup/ENV/lib/python3.12/site-packages/airflow/example_dags/example_workday_timetable.py
[2026-05-04T01:31:16.760+0300] {logging_mixin.py:190} INFO - [2026-05-04T01:31:16.759+0300] {dag.py:3239} INFO - Sync 1 DAGs
[2026-05-04T01:31:16.961+0300] {logging_mixin.py:190} INFO - [2026-05-04T01:31:16.961+0300] {dag.py:4180} INFO - Setting next_dagrun for example_workday_timetable to 2021-01-04 00:00:00+00:00, run_after=2021-01-05 00:00:00+00:00
[2026-05-04T01:31:16.986+0300] {processor.py:208} INFO - Processing /home/nikita/airflow-setup/ENV/lib/python3.12/site-packages/airflow/example_dags/example_workday_timetable.py took 0.256 seconds
[2026-05-04T01:32:35.316+0300] {processor.py:186} INFO - Started process (PID=20721) to work on /home/nikita/airflow-setup/ENV/lib/python3.12/site-packages/airflow/example_dags/example_workday_timetable.py
[2026-05-04T01:32:35.318+0300] {processor.py:914} INFO - Processing file /home/nikita/airflow-setup/ENV/lib/python3.12/site-packages/airflow/example_dags/example_workday_timetable.py for tasks to queue
[2026-05-04T01:32:35.319+0300] {logging_mixin.py:190} INFO - [2026-05-04T01:32:35.319+0300] {dagbag.py:588} INFO - Filling up the DagBag from /home/nikita/airflow-setup/ENV/lib/python3.12/site-packages/airflow/example_dags/example_workday_timetable.py
[2026-05-04T01:32:35.323+0300] {processor.py:925} INFO - DAG(s) 'example_workday_timetable' retrieved from /home/nikita/airflow-setup/ENV/lib/python3.12/site-packages/airflow/example_dags/example_workday_timetable.py
[2026-05-04T01:32:35.334+0300] {logging_mixin.py:190} INFO - [2026-05-04T01:32:35.334+0300] {dag.py:3239} INFO - Sync 1 DAGs
[2026-05-04T01:32:35.374+0300] {logging_mixin.py:190} INFO - [2026-05-04T01:32:35.373+0300] {dag.py:4180} INFO - Setting next_dagrun for example_workday_timetable to 2021-01-04 00:00:00+00:00, run_after=2021-01-05 00:00:00+00:00
[2026-05-04T01:32:35.393+0300] {processor.py:208} INFO - Processing /home/nikita/airflow-setup/ENV/lib/python3.12/site-packages/airflow/example_dags/example_workday_timetable.py took 0.081 seconds
[2026-05-04T01:33:41.060+0300] {processor.py:186} INFO - Started process (PID=21221) to work on /home/nikita/airflow-setup/ENV/lib/python3.12/site-packages/airflow/example_dags/example_workday_timetable.py
[2026-05-04T01:33:41.069+0300] {processor.py:914} INFO - Processing file /home/nikita/airflow-setup/ENV/lib/python3.12/site-packages/airflow/example_dags/example_workday_timetable.py for tasks to queue
[2026-05-04T01:33:41.070+0300] {logging_mixin.py:190} INFO - [2026-05-04T01:33:41.070+0300] {dagbag.py:588} INFO - Filling up the DagBag from /home/nikita/airflow-setup/ENV/lib/python3.12/site-packages/airflow/example_dags/example_workday_timetable.py
[2026-05-04T01:33:41.076+0300] {processor.py:925} INFO - DAG(s) 'example_workday_timetable' retrieved from /home/nikita/airflow-setup/ENV/lib/python3.12/site-packages/airflow/example_dags/example_workday_timetable.py
[2026-05-04T01:33:41.089+0300] {logging_mixin.py:190} INFO - [2026-05-04T01:33:41.088+0300] {dag.py:3239} INFO - Sync 1 DAGs
[2026-05-04T01:33:41.129+0300] {logging_mixin.py:190} INFO - [2026-05-04T01:33:41.129+0300] {dag.py:4180} INFO - Setting next_dagrun for example_workday_timetable to 2021-01-04 00:00:00+00:00, run_after=2021-01-05 00:00:00+00:00
[2026-05-04T01:33:41.147+0300] {processor.py:208} INFO - Processing /home/nikita/airflow-setup/ENV/lib/python3.12/site-packages/airflow/example_dags/example_workday_timetable.py took 0.093 seconds
[2026-05-04T01:34:44.343+0300] {processor.py:186} INFO - Started process (PID=21465) to work on /home/nikita/airflow-setup/ENV/lib/python3.12/site-packages/airflow/example_dags/example_workday_timetable.py
[2026-05-04T01:34:44.344+0300] {processor.py:914} INFO - Processing file /home/nikita/airflow-setup/ENV/lib/python3.12/site-packages/airflow/example_dags/example_workday_timetable.py for tasks to queue
[2026-05-04T01:34:44.345+0300] {logging_mixin.py:190} INFO - [2026-05-04T01:34:44.345+0300] {dagbag.py:588} INFO - Filling up the DagBag from /home/nikita/airflow-setup/ENV/lib/python3.12/site-packages/airflow/example_dags/example_workday_timetable.py
[2026-05-04T01:34:44.350+0300] {processor.py:925} INFO - DAG(s) 'example_workday_timetable' retrieved from /home/nikita/airflow-setup/ENV/lib/python3.12/site-packages/airflow/example_dags/example_workday_timetable.py
[2026-05-04T01:34:44.361+0300] {logging_mixin.py:190} INFO - [2026-05-04T01:34:44.361+0300] {dag.py:3239} INFO - Sync 1 DAGs
[2026-05-04T01:34:44.400+0300] {logging_mixin.py:190} INFO - [2026-05-04T01:34:44.400+0300] {dag.py:4180} INFO - Setting next_dagrun for example_workday_timetable to 2021-01-04 00:00:00+00:00, run_after=2021-01-05 00:00:00+00:00
[2026-05-04T01:34:44.416+0300] {processor.py:208} INFO - Processing /home/nikita/airflow-setup/ENV/lib/python3.12/site-packages/airflow/example_dags/example_workday_timetable.py took 0.078 seconds
[2026-05-04T01:35:46.137+0300] {processor.py:186} INFO - Started process (PID=21706) to work on /home/nikita/airflow-setup/ENV/lib/python3.12/site-packages/airflow/example_dags/example_workday_timetable.py
[2026-05-04T01:35:46.145+0300] {processor.py:914} INFO - Processing file /home/nikita/airflow-setup/ENV/lib/python3.12/site-packages/airflow/example_dags/example_workday_timetable.py for tasks to queue
[2026-05-04T01:35:46.147+0300] {logging_mixin.py:190} INFO - [2026-05-04T01:35:46.146+0300] {dagbag.py:588} INFO - Filling up the DagBag from /home/nikita/airflow-setup/ENV/lib/python3.12/site-packages/airflow/example_dags/example_workday_timetable.py
[2026-05-04T01:35:46.152+0300] {processor.py:925} INFO - DAG(s) 'example_workday_timetable' retrieved from /home/nikita/airflow-setup/ENV/lib/python3.12/site-packages/airflow/example_dags/example_workday_timetable.py
[2026-05-04T01:35:46.166+0300] {logging_mixin.py:190} INFO - [2026-05-04T01:35:46.166+0300] {dag.py:3239} INFO - Sync 1 DAGs
[2026-05-04T01:35:46.204+0300] {logging_mixin.py:190} INFO - [2026-05-04T01:35:46.204+0300] {dag.py:4180} INFO - Setting next_dagrun for example_workday_timetable to 2021-01-04 00:00:00+00:00, run_after=2021-01-05 00:00:00+00:00
[2026-05-04T01:35:46.221+0300] {processor.py:208} INFO - Processing /home/nikita/airflow-setup/ENV/lib/python3.12/site-packages/airflow/example_dags/example_workday_timetable.py took 0.089 seconds
