[2026-05-04T00:46:25.746+0300] {processor.py:186} INFO - Started process (PID=5983) to work on /home/nikita/airflow-setup/ENV/lib/python3.12/site-packages/airflow/example_dags/example_bash_operator.py
[2026-05-04T00:46:25.746+0300] {processor.py:914} INFO - Processing file /home/nikita/airflow-setup/ENV/lib/python3.12/site-packages/airflow/example_dags/example_bash_operator.py for tasks to queue
[2026-05-04T00:46:25.748+0300] {logging_mixin.py:190} INFO - [2026-05-04T00:46:25.748+0300] {dagbag.py:588} INFO - Filling up the DagBag from /home/nikita/airflow-setup/ENV/lib/python3.12/site-packages/airflow/example_dags/example_bash_operator.py
[2026-05-04T00:46:25.759+0300] {processor.py:925} INFO - DAG(s) 'example_bash_operator' retrieved from /home/nikita/airflow-setup/ENV/lib/python3.12/site-packages/airflow/example_dags/example_bash_operator.py
[2026-05-04T00:46:25.848+0300] {logging_mixin.py:190} INFO - [2026-05-04T00:46:25.848+0300] {override.py:1930} INFO - Created Permission View: can read on DAG:example_bash_operator
[2026-05-04T00:46:25.859+0300] {logging_mixin.py:190} INFO - [2026-05-04T00:46:25.858+0300] {override.py:1930} INFO - Created Permission View: can delete on DAG:example_bash_operator
[2026-05-04T00:46:25.867+0300] {logging_mixin.py:190} INFO - [2026-05-04T00:46:25.867+0300] {override.py:1930} INFO - Created Permission View: can edit on DAG:example_bash_operator
[2026-05-04T00:46:25.879+0300] {logging_mixin.py:190} INFO - [2026-05-04T00:46:25.879+0300] {override.py:1930} INFO - Created Permission View: can read on DAG Run:example_bash_operator
[2026-05-04T00:46:25.887+0300] {logging_mixin.py:190} INFO - [2026-05-04T00:46:25.887+0300] {override.py:1930} INFO - Created Permission View: can delete on DAG Run:example_bash_operator
[2026-05-04T00:46:25.894+0300] {logging_mixin.py:190} INFO - [2026-05-04T00:46:25.893+0300] {override.py:1930} INFO - Created Permission View: menu access on DAG Run:example_bash_operator
[2026-05-04T00:46:25.901+0300] {logging_mixin.py:190} INFO - [2026-05-04T00:46:25.900+0300] {override.py:1930} INFO - Created Permission View: can create on DAG Run:example_bash_operator
[2026-05-04T00:46:25.901+0300] {logging_mixin.py:190} INFO - [2026-05-04T00:46:25.901+0300] {dag.py:3239} INFO - Sync 1 DAGs
[2026-05-04T00:46:25.909+0300] {logging_mixin.py:190} INFO - [2026-05-04T00:46:25.909+0300] {dag.py:3262} INFO - Creating ORM DAG for example_bash_operator
[2026-05-04T00:46:25.918+0300] {logging_mixin.py:190} INFO - [2026-05-04T00:46:25.918+0300] {dag.py:4180} INFO - Setting next_dagrun for example_bash_operator to 2026-05-02 00:00:00+00:00, run_after=2026-05-03 00:00:00+00:00
[2026-05-04T00:46:25.937+0300] {processor.py:208} INFO - Processing /home/nikita/airflow-setup/ENV/lib/python3.12/site-packages/airflow/example_dags/example_bash_operator.py took 0.196 seconds
[2026-05-04T00:47:33.558+0300] {processor.py:186} INFO - Started process (PID=6061) to work on /home/nikita/airflow-setup/ENV/lib/python3.12/site-packages/airflow/example_dags/example_bash_operator.py
[2026-05-04T00:47:33.560+0300] {processor.py:914} INFO - Processing file /home/nikita/airflow-setup/ENV/lib/python3.12/site-packages/airflow/example_dags/example_bash_operator.py for tasks to queue
[2026-05-04T00:47:33.562+0300] {logging_mixin.py:190} INFO - [2026-05-04T00:47:33.562+0300] {dagbag.py:588} INFO - Filling up the DagBag from /home/nikita/airflow-setup/ENV/lib/python3.12/site-packages/airflow/example_dags/example_bash_operator.py
[2026-05-04T00:47:33.571+0300] {processor.py:925} INFO - DAG(s) 'example_bash_operator' retrieved from /home/nikita/airflow-setup/ENV/lib/python3.12/site-packages/airflow/example_dags/example_bash_operator.py
[2026-05-04T00:47:33.584+0300] {logging_mixin.py:190} INFO - [2026-05-04T00:47:33.584+0300] {dag.py:3239} INFO - Sync 1 DAGs
[2026-05-04T00:47:33.598+0300] {logging_mixin.py:190} INFO - [2026-05-04T00:47:33.597+0300] {dag.py:4180} INFO - Setting next_dagrun for example_bash_operator to 2026-05-02 00:00:00+00:00, run_after=2026-05-03 00:00:00+00:00
[2026-05-04T00:47:33.615+0300] {processor.py:208} INFO - Processing /home/nikita/airflow-setup/ENV/lib/python3.12/site-packages/airflow/example_dags/example_bash_operator.py took 0.060 seconds
[2026-05-04T00:48:31.262+0300] {processor.py:186} INFO - Started process (PID=6118) to work on /home/nikita/airflow-setup/ENV/lib/python3.12/site-packages/airflow/example_dags/example_bash_operator.py
[2026-05-04T00:48:31.264+0300] {processor.py:914} INFO - Processing file /home/nikita/airflow-setup/ENV/lib/python3.12/site-packages/airflow/example_dags/example_bash_operator.py for tasks to queue
[2026-05-04T00:48:31.265+0300] {logging_mixin.py:190} INFO - [2026-05-04T00:48:31.265+0300] {dagbag.py:588} INFO - Filling up the DagBag from /home/nikita/airflow-setup/ENV/lib/python3.12/site-packages/airflow/example_dags/example_bash_operator.py
[2026-05-04T00:48:31.275+0300] {processor.py:925} INFO - DAG(s) 'example_bash_operator' retrieved from /home/nikita/airflow-setup/ENV/lib/python3.12/site-packages/airflow/example_dags/example_bash_operator.py
[2026-05-04T00:48:31.291+0300] {logging_mixin.py:190} INFO - [2026-05-04T00:48:31.291+0300] {dag.py:3239} INFO - Sync 1 DAGs
[2026-05-04T00:48:31.306+0300] {logging_mixin.py:190} INFO - [2026-05-04T00:48:31.306+0300] {dag.py:4180} INFO - Setting next_dagrun for example_bash_operator to 2026-05-02 00:00:00+00:00, run_after=2026-05-03 00:00:00+00:00
[2026-05-04T00:48:31.323+0300] {processor.py:208} INFO - Processing /home/nikita/airflow-setup/ENV/lib/python3.12/site-packages/airflow/example_dags/example_bash_operator.py took 0.065 seconds
[2026-05-04T00:49:30.530+0300] {processor.py:186} INFO - Started process (PID=6176) to work on /home/nikita/airflow-setup/ENV/lib/python3.12/site-packages/airflow/example_dags/example_bash_operator.py
[2026-05-04T00:49:30.532+0300] {processor.py:914} INFO - Processing file /home/nikita/airflow-setup/ENV/lib/python3.12/site-packages/airflow/example_dags/example_bash_operator.py for tasks to queue
[2026-05-04T00:49:30.534+0300] {logging_mixin.py:190} INFO - [2026-05-04T00:49:30.534+0300] {dagbag.py:588} INFO - Filling up the DagBag from /home/nikita/airflow-setup/ENV/lib/python3.12/site-packages/airflow/example_dags/example_bash_operator.py
[2026-05-04T00:49:30.543+0300] {processor.py:925} INFO - DAG(s) 'example_bash_operator' retrieved from /home/nikita/airflow-setup/ENV/lib/python3.12/site-packages/airflow/example_dags/example_bash_operator.py
[2026-05-04T00:49:30.557+0300] {logging_mixin.py:190} INFO - [2026-05-04T00:49:30.557+0300] {dag.py:3239} INFO - Sync 1 DAGs
[2026-05-04T00:49:30.572+0300] {logging_mixin.py:190} INFO - [2026-05-04T00:49:30.571+0300] {dag.py:4180} INFO - Setting next_dagrun for example_bash_operator to 2026-05-02 00:00:00+00:00, run_after=2026-05-03 00:00:00+00:00
[2026-05-04T00:49:30.588+0300] {processor.py:208} INFO - Processing /home/nikita/airflow-setup/ENV/lib/python3.12/site-packages/airflow/example_dags/example_bash_operator.py took 0.061 seconds
[2026-05-04T00:50:28.672+0300] {processor.py:186} INFO - Started process (PID=6252) to work on /home/nikita/airflow-setup/ENV/lib/python3.12/site-packages/airflow/example_dags/example_bash_operator.py
[2026-05-04T00:50:28.681+0300] {processor.py:914} INFO - Processing file /home/nikita/airflow-setup/ENV/lib/python3.12/site-packages/airflow/example_dags/example_bash_operator.py for tasks to queue
[2026-05-04T00:50:28.682+0300] {logging_mixin.py:190} INFO - [2026-05-04T00:50:28.682+0300] {dagbag.py:588} INFO - Filling up the DagBag from /home/nikita/airflow-setup/ENV/lib/python3.12/site-packages/airflow/example_dags/example_bash_operator.py
[2026-05-04T00:50:28.693+0300] {processor.py:925} INFO - DAG(s) 'example_bash_operator' retrieved from /home/nikita/airflow-setup/ENV/lib/python3.12/site-packages/airflow/example_dags/example_bash_operator.py
[2026-05-04T00:50:28.708+0300] {logging_mixin.py:190} INFO - [2026-05-04T00:50:28.708+0300] {dag.py:3239} INFO - Sync 1 DAGs
[2026-05-04T00:50:28.723+0300] {logging_mixin.py:190} INFO - [2026-05-04T00:50:28.723+0300] {dag.py:4180} INFO - Setting next_dagrun for example_bash_operator to 2026-05-02 00:00:00+00:00, run_after=2026-05-03 00:00:00+00:00
[2026-05-04T00:50:28.740+0300] {processor.py:208} INFO - Processing /home/nikita/airflow-setup/ENV/lib/python3.12/site-packages/airflow/example_dags/example_bash_operator.py took 0.072 seconds
[2026-05-04T00:51:26.754+0300] {processor.py:186} INFO - Started process (PID=6315) to work on /home/nikita/airflow-setup/ENV/lib/python3.12/site-packages/airflow/example_dags/example_bash_operator.py
[2026-05-04T00:51:26.763+0300] {processor.py:914} INFO - Processing file /home/nikita/airflow-setup/ENV/lib/python3.12/site-packages/airflow/example_dags/example_bash_operator.py for tasks to queue
[2026-05-04T00:51:26.765+0300] {logging_mixin.py:190} INFO - [2026-05-04T00:51:26.765+0300] {dagbag.py:588} INFO - Filling up the DagBag from /home/nikita/airflow-setup/ENV/lib/python3.12/site-packages/airflow/example_dags/example_bash_operator.py
[2026-05-04T00:51:26.775+0300] {processor.py:925} INFO - DAG(s) 'example_bash_operator' retrieved from /home/nikita/airflow-setup/ENV/lib/python3.12/site-packages/airflow/example_dags/example_bash_operator.py
[2026-05-04T00:51:26.791+0300] {logging_mixin.py:190} INFO - [2026-05-04T00:51:26.791+0300] {dag.py:3239} INFO - Sync 1 DAGs
[2026-05-04T00:51:26.811+0300] {logging_mixin.py:190} INFO - [2026-05-04T00:51:26.811+0300] {dag.py:4180} INFO - Setting next_dagrun for example_bash_operator to 2026-05-02 00:00:00+00:00, run_after=2026-05-03 00:00:00+00:00
[2026-05-04T00:51:26.831+0300] {processor.py:208} INFO - Processing /home/nikita/airflow-setup/ENV/lib/python3.12/site-packages/airflow/example_dags/example_bash_operator.py took 0.081 seconds
[2026-05-04T00:52:23.013+0300] {processor.py:186} INFO - Started process (PID=6369) to work on /home/nikita/airflow-setup/ENV/lib/python3.12/site-packages/airflow/example_dags/example_bash_operator.py
[2026-05-04T00:52:23.015+0300] {processor.py:914} INFO - Processing file /home/nikita/airflow-setup/ENV/lib/python3.12/site-packages/airflow/example_dags/example_bash_operator.py for tasks to queue
[2026-05-04T00:52:23.017+0300] {logging_mixin.py:190} INFO - [2026-05-04T00:52:23.017+0300] {dagbag.py:588} INFO - Filling up the DagBag from /home/nikita/airflow-setup/ENV/lib/python3.12/site-packages/airflow/example_dags/example_bash_operator.py
[2026-05-04T00:52:23.029+0300] {processor.py:925} INFO - DAG(s) 'example_bash_operator' retrieved from /home/nikita/airflow-setup/ENV/lib/python3.12/site-packages/airflow/example_dags/example_bash_operator.py
[2026-05-04T00:52:23.051+0300] {logging_mixin.py:190} INFO - [2026-05-04T00:52:23.051+0300] {dag.py:3239} INFO - Sync 1 DAGs
[2026-05-04T00:52:23.072+0300] {logging_mixin.py:190} INFO - [2026-05-04T00:52:23.071+0300] {dag.py:4180} INFO - Setting next_dagrun for example_bash_operator to 2026-05-02 00:00:00+00:00, run_after=2026-05-03 00:00:00+00:00
[2026-05-04T00:52:23.094+0300] {processor.py:208} INFO - Processing /home/nikita/airflow-setup/ENV/lib/python3.12/site-packages/airflow/example_dags/example_bash_operator.py took 0.086 seconds
[2026-05-04T00:53:26.122+0300] {processor.py:186} INFO - Started process (PID=6448) to work on /home/nikita/airflow-setup/ENV/lib/python3.12/site-packages/airflow/example_dags/example_bash_operator.py
[2026-05-04T00:53:26.132+0300] {processor.py:914} INFO - Processing file /home/nikita/airflow-setup/ENV/lib/python3.12/site-packages/airflow/example_dags/example_bash_operator.py for tasks to queue
[2026-05-04T00:53:26.134+0300] {logging_mixin.py:190} INFO - [2026-05-04T00:53:26.134+0300] {dagbag.py:588} INFO - Filling up the DagBag from /home/nikita/airflow-setup/ENV/lib/python3.12/site-packages/airflow/example_dags/example_bash_operator.py
[2026-05-04T00:53:26.144+0300] {processor.py:925} INFO - DAG(s) 'example_bash_operator' retrieved from /home/nikita/airflow-setup/ENV/lib/python3.12/site-packages/airflow/example_dags/example_bash_operator.py
[2026-05-04T00:53:26.158+0300] {logging_mixin.py:190} INFO - [2026-05-04T00:53:26.158+0300] {dag.py:3239} INFO - Sync 1 DAGs
[2026-05-04T00:53:26.174+0300] {logging_mixin.py:190} INFO - [2026-05-04T00:53:26.174+0300] {dag.py:4180} INFO - Setting next_dagrun for example_bash_operator to 2026-05-02 00:00:00+00:00, run_after=2026-05-03 00:00:00+00:00
[2026-05-04T00:53:26.193+0300] {processor.py:208} INFO - Processing /home/nikita/airflow-setup/ENV/lib/python3.12/site-packages/airflow/example_dags/example_bash_operator.py took 0.075 seconds
[2026-05-04T00:54:26.216+0300] {processor.py:186} INFO - Started process (PID=6505) to work on /home/nikita/airflow-setup/ENV/lib/python3.12/site-packages/airflow/example_dags/example_bash_operator.py
[2026-05-04T00:54:26.225+0300] {processor.py:914} INFO - Processing file /home/nikita/airflow-setup/ENV/lib/python3.12/site-packages/airflow/example_dags/example_bash_operator.py for tasks to queue
[2026-05-04T00:54:26.227+0300] {logging_mixin.py:190} INFO - [2026-05-04T00:54:26.227+0300] {dagbag.py:588} INFO - Filling up the DagBag from /home/nikita/airflow-setup/ENV/lib/python3.12/site-packages/airflow/example_dags/example_bash_operator.py
[2026-05-04T00:54:26.238+0300] {processor.py:925} INFO - DAG(s) 'example_bash_operator' retrieved from /home/nikita/airflow-setup/ENV/lib/python3.12/site-packages/airflow/example_dags/example_bash_operator.py
[2026-05-04T00:54:26.253+0300] {logging_mixin.py:190} INFO - [2026-05-04T00:54:26.253+0300] {dag.py:3239} INFO - Sync 1 DAGs
[2026-05-04T00:54:26.273+0300] {logging_mixin.py:190} INFO - [2026-05-04T00:54:26.272+0300] {dag.py:4180} INFO - Setting next_dagrun for example_bash_operator to 2026-05-02 00:00:00+00:00, run_after=2026-05-03 00:00:00+00:00
[2026-05-04T00:54:26.291+0300] {processor.py:208} INFO - Processing /home/nikita/airflow-setup/ENV/lib/python3.12/site-packages/airflow/example_dags/example_bash_operator.py took 0.079 seconds
[2026-05-04T00:55:29.635+0300] {processor.py:186} INFO - Started process (PID=6574) to work on /home/nikita/airflow-setup/ENV/lib/python3.12/site-packages/airflow/example_dags/example_bash_operator.py
[2026-05-04T00:55:29.645+0300] {processor.py:914} INFO - Processing file /home/nikita/airflow-setup/ENV/lib/python3.12/site-packages/airflow/example_dags/example_bash_operator.py for tasks to queue
[2026-05-04T00:55:29.647+0300] {logging_mixin.py:190} INFO - [2026-05-04T00:55:29.646+0300] {dagbag.py:588} INFO - Filling up the DagBag from /home/nikita/airflow-setup/ENV/lib/python3.12/site-packages/airflow/example_dags/example_bash_operator.py
[2026-05-04T00:55:29.658+0300] {processor.py:925} INFO - DAG(s) 'example_bash_operator' retrieved from /home/nikita/airflow-setup/ENV/lib/python3.12/site-packages/airflow/example_dags/example_bash_operator.py
[2026-05-04T00:55:29.676+0300] {logging_mixin.py:190} INFO - [2026-05-04T00:55:29.676+0300] {dag.py:3239} INFO - Sync 1 DAGs
[2026-05-04T00:55:29.692+0300] {logging_mixin.py:190} INFO - [2026-05-04T00:55:29.692+0300] {dag.py:4180} INFO - Setting next_dagrun for example_bash_operator to 2026-05-02 00:00:00+00:00, run_after=2026-05-03 00:00:00+00:00
[2026-05-04T00:55:29.712+0300] {processor.py:208} INFO - Processing /home/nikita/airflow-setup/ENV/lib/python3.12/site-packages/airflow/example_dags/example_bash_operator.py took 0.081 seconds
[2026-05-04T00:56:29.124+0300] {processor.py:186} INFO - Started process (PID=6633) to work on /home/nikita/airflow-setup/ENV/lib/python3.12/site-packages/airflow/example_dags/example_bash_operator.py
[2026-05-04T00:56:29.134+0300] {processor.py:914} INFO - Processing file /home/nikita/airflow-setup/ENV/lib/python3.12/site-packages/airflow/example_dags/example_bash_operator.py for tasks to queue
[2026-05-04T00:56:29.138+0300] {logging_mixin.py:190} INFO - [2026-05-04T00:56:29.137+0300] {dagbag.py:588} INFO - Filling up the DagBag from /home/nikita/airflow-setup/ENV/lib/python3.12/site-packages/airflow/example_dags/example_bash_operator.py
[2026-05-04T00:56:29.154+0300] {processor.py:925} INFO - DAG(s) 'example_bash_operator' retrieved from /home/nikita/airflow-setup/ENV/lib/python3.12/site-packages/airflow/example_dags/example_bash_operator.py
[2026-05-04T00:56:29.174+0300] {logging_mixin.py:190} INFO - [2026-05-04T00:56:29.173+0300] {dag.py:3239} INFO - Sync 1 DAGs
[2026-05-04T00:56:29.193+0300] {logging_mixin.py:190} INFO - [2026-05-04T00:56:29.192+0300] {dag.py:4180} INFO - Setting next_dagrun for example_bash_operator to 2026-05-02 00:00:00+00:00, run_after=2026-05-03 00:00:00+00:00
[2026-05-04T00:56:29.214+0300] {processor.py:208} INFO - Processing /home/nikita/airflow-setup/ENV/lib/python3.12/site-packages/airflow/example_dags/example_bash_operator.py took 0.096 seconds
[2026-05-04T00:57:28.200+0300] {processor.py:186} INFO - Started process (PID=7061) to work on /home/nikita/airflow-setup/ENV/lib/python3.12/site-packages/airflow/example_dags/example_bash_operator.py
[2026-05-04T00:57:28.202+0300] {processor.py:914} INFO - Processing file /home/nikita/airflow-setup/ENV/lib/python3.12/site-packages/airflow/example_dags/example_bash_operator.py for tasks to queue
[2026-05-04T00:57:28.203+0300] {logging_mixin.py:190} INFO - [2026-05-04T00:57:28.203+0300] {dagbag.py:588} INFO - Filling up the DagBag from /home/nikita/airflow-setup/ENV/lib/python3.12/site-packages/airflow/example_dags/example_bash_operator.py
[2026-05-04T00:57:28.213+0300] {processor.py:925} INFO - DAG(s) 'example_bash_operator' retrieved from /home/nikita/airflow-setup/ENV/lib/python3.12/site-packages/airflow/example_dags/example_bash_operator.py
[2026-05-04T00:57:28.231+0300] {logging_mixin.py:190} INFO - [2026-05-04T00:57:28.230+0300] {dag.py:3239} INFO - Sync 1 DAGs
[2026-05-04T00:57:28.246+0300] {logging_mixin.py:190} INFO - [2026-05-04T00:57:28.246+0300] {dag.py:4180} INFO - Setting next_dagrun for example_bash_operator to 2026-05-02 00:00:00+00:00, run_after=2026-05-03 00:00:00+00:00
[2026-05-04T00:57:28.262+0300] {processor.py:208} INFO - Processing /home/nikita/airflow-setup/ENV/lib/python3.12/site-packages/airflow/example_dags/example_bash_operator.py took 0.067 seconds
[2026-05-04T00:58:25.289+0300] {processor.py:186} INFO - Started process (PID=7288) to work on /home/nikita/airflow-setup/ENV/lib/python3.12/site-packages/airflow/example_dags/example_bash_operator.py
[2026-05-04T00:58:25.298+0300] {processor.py:914} INFO - Processing file /home/nikita/airflow-setup/ENV/lib/python3.12/site-packages/airflow/example_dags/example_bash_operator.py for tasks to queue
[2026-05-04T00:58:25.299+0300] {logging_mixin.py:190} INFO - [2026-05-04T00:58:25.299+0300] {dagbag.py:588} INFO - Filling up the DagBag from /home/nikita/airflow-setup/ENV/lib/python3.12/site-packages/airflow/example_dags/example_bash_operator.py
[2026-05-04T00:58:25.309+0300] {processor.py:925} INFO - DAG(s) 'example_bash_operator' retrieved from /home/nikita/airflow-setup/ENV/lib/python3.12/site-packages/airflow/example_dags/example_bash_operator.py
[2026-05-04T00:58:25.326+0300] {logging_mixin.py:190} INFO - [2026-05-04T00:58:25.325+0300] {dag.py:3239} INFO - Sync 1 DAGs
[2026-05-04T00:58:25.341+0300] {logging_mixin.py:190} INFO - [2026-05-04T00:58:25.341+0300] {dag.py:4180} INFO - Setting next_dagrun for example_bash_operator to 2026-05-02 00:00:00+00:00, run_after=2026-05-03 00:00:00+00:00
[2026-05-04T00:58:25.359+0300] {processor.py:208} INFO - Processing /home/nikita/airflow-setup/ENV/lib/python3.12/site-packages/airflow/example_dags/example_bash_operator.py took 0.074 seconds
[2026-05-04T00:59:24.420+0300] {processor.py:186} INFO - Started process (PID=7548) to work on /home/nikita/airflow-setup/ENV/lib/python3.12/site-packages/airflow/example_dags/example_bash_operator.py
[2026-05-04T00:59:24.429+0300] {processor.py:914} INFO - Processing file /home/nikita/airflow-setup/ENV/lib/python3.12/site-packages/airflow/example_dags/example_bash_operator.py for tasks to queue
[2026-05-04T00:59:24.431+0300] {logging_mixin.py:190} INFO - [2026-05-04T00:59:24.431+0300] {dagbag.py:588} INFO - Filling up the DagBag from /home/nikita/airflow-setup/ENV/lib/python3.12/site-packages/airflow/example_dags/example_bash_operator.py
[2026-05-04T00:59:24.441+0300] {processor.py:925} INFO - DAG(s) 'example_bash_operator' retrieved from /home/nikita/airflow-setup/ENV/lib/python3.12/site-packages/airflow/example_dags/example_bash_operator.py
[2026-05-04T00:59:24.457+0300] {logging_mixin.py:190} INFO - [2026-05-04T00:59:24.457+0300] {dag.py:3239} INFO - Sync 1 DAGs
[2026-05-04T00:59:24.472+0300] {logging_mixin.py:190} INFO - [2026-05-04T00:59:24.472+0300] {dag.py:4180} INFO - Setting next_dagrun for example_bash_operator to 2026-05-02 00:00:00+00:00, run_after=2026-05-03 00:00:00+00:00
[2026-05-04T00:59:24.489+0300] {processor.py:208} INFO - Processing /home/nikita/airflow-setup/ENV/lib/python3.12/site-packages/airflow/example_dags/example_bash_operator.py took 0.073 seconds
[2026-05-04T01:00:23.348+0300] {processor.py:186} INFO - Started process (PID=8343) to work on /home/nikita/airflow-setup/ENV/lib/python3.12/site-packages/airflow/example_dags/example_bash_operator.py
[2026-05-04T01:00:23.357+0300] {processor.py:914} INFO - Processing file /home/nikita/airflow-setup/ENV/lib/python3.12/site-packages/airflow/example_dags/example_bash_operator.py for tasks to queue
[2026-05-04T01:00:23.359+0300] {logging_mixin.py:190} INFO - [2026-05-04T01:00:23.358+0300] {dagbag.py:588} INFO - Filling up the DagBag from /home/nikita/airflow-setup/ENV/lib/python3.12/site-packages/airflow/example_dags/example_bash_operator.py
[2026-05-04T01:00:23.369+0300] {processor.py:925} INFO - DAG(s) 'example_bash_operator' retrieved from /home/nikita/airflow-setup/ENV/lib/python3.12/site-packages/airflow/example_dags/example_bash_operator.py
[2026-05-04T01:00:23.384+0300] {logging_mixin.py:190} INFO - [2026-05-04T01:00:23.384+0300] {dag.py:3239} INFO - Sync 1 DAGs
[2026-05-04T01:00:23.399+0300] {logging_mixin.py:190} INFO - [2026-05-04T01:00:23.399+0300] {dag.py:4180} INFO - Setting next_dagrun for example_bash_operator to 2026-05-02 00:00:00+00:00, run_after=2026-05-03 00:00:00+00:00
[2026-05-04T01:00:23.416+0300] {processor.py:208} INFO - Processing /home/nikita/airflow-setup/ENV/lib/python3.12/site-packages/airflow/example_dags/example_bash_operator.py took 0.073 seconds
[2026-05-04T01:01:29.973+0300] {processor.py:186} INFO - Started process (PID=8825) to work on /home/nikita/airflow-setup/ENV/lib/python3.12/site-packages/airflow/example_dags/example_bash_operator.py
[2026-05-04T01:01:29.983+0300] {processor.py:914} INFO - Processing file /home/nikita/airflow-setup/ENV/lib/python3.12/site-packages/airflow/example_dags/example_bash_operator.py for tasks to queue
[2026-05-04T01:01:29.984+0300] {logging_mixin.py:190} INFO - [2026-05-04T01:01:29.983+0300] {dagbag.py:588} INFO - Filling up the DagBag from /home/nikita/airflow-setup/ENV/lib/python3.12/site-packages/airflow/example_dags/example_bash_operator.py
[2026-05-04T01:01:29.994+0300] {processor.py:925} INFO - DAG(s) 'example_bash_operator' retrieved from /home/nikita/airflow-setup/ENV/lib/python3.12/site-packages/airflow/example_dags/example_bash_operator.py
[2026-05-04T01:01:30.010+0300] {logging_mixin.py:190} INFO - [2026-05-04T01:01:30.009+0300] {dag.py:3239} INFO - Sync 1 DAGs
[2026-05-04T01:01:30.024+0300] {logging_mixin.py:190} INFO - [2026-05-04T01:01:30.024+0300] {dag.py:4180} INFO - Setting next_dagrun for example_bash_operator to 2026-05-02 00:00:00+00:00, run_after=2026-05-03 00:00:00+00:00
[2026-05-04T01:01:30.039+0300] {processor.py:208} INFO - Processing /home/nikita/airflow-setup/ENV/lib/python3.12/site-packages/airflow/example_dags/example_bash_operator.py took 0.071 seconds
[2026-05-04T01:02:39.435+0300] {processor.py:186} INFO - Started process (PID=9424) to work on /home/nikita/airflow-setup/ENV/lib/python3.12/site-packages/airflow/example_dags/example_bash_operator.py
[2026-05-04T01:02:39.436+0300] {processor.py:914} INFO - Processing file /home/nikita/airflow-setup/ENV/lib/python3.12/site-packages/airflow/example_dags/example_bash_operator.py for tasks to queue
[2026-05-04T01:02:39.437+0300] {logging_mixin.py:190} INFO - [2026-05-04T01:02:39.437+0300] {dagbag.py:588} INFO - Filling up the DagBag from /home/nikita/airflow-setup/ENV/lib/python3.12/site-packages/airflow/example_dags/example_bash_operator.py
[2026-05-04T01:02:39.446+0300] {processor.py:925} INFO - DAG(s) 'example_bash_operator' retrieved from /home/nikita/airflow-setup/ENV/lib/python3.12/site-packages/airflow/example_dags/example_bash_operator.py
[2026-05-04T01:02:39.460+0300] {logging_mixin.py:190} INFO - [2026-05-04T01:02:39.460+0300] {dag.py:3239} INFO - Sync 1 DAGs
[2026-05-04T01:02:39.478+0300] {logging_mixin.py:190} INFO - [2026-05-04T01:02:39.477+0300] {dag.py:4180} INFO - Setting next_dagrun for example_bash_operator to 2026-05-02 00:00:00+00:00, run_after=2026-05-03 00:00:00+00:00
[2026-05-04T01:02:39.493+0300] {processor.py:208} INFO - Processing /home/nikita/airflow-setup/ENV/lib/python3.12/site-packages/airflow/example_dags/example_bash_operator.py took 0.063 seconds
[2026-05-04T01:03:42.955+0300] {processor.py:186} INFO - Started process (PID=9757) to work on /home/nikita/airflow-setup/ENV/lib/python3.12/site-packages/airflow/example_dags/example_bash_operator.py
[2026-05-04T01:03:42.963+0300] {processor.py:914} INFO - Processing file /home/nikita/airflow-setup/ENV/lib/python3.12/site-packages/airflow/example_dags/example_bash_operator.py for tasks to queue
[2026-05-04T01:03:42.964+0300] {logging_mixin.py:190} INFO - [2026-05-04T01:03:42.964+0300] {dagbag.py:588} INFO - Filling up the DagBag from /home/nikita/airflow-setup/ENV/lib/python3.12/site-packages/airflow/example_dags/example_bash_operator.py
[2026-05-04T01:03:42.977+0300] {processor.py:925} INFO - DAG(s) 'example_bash_operator' retrieved from /home/nikita/airflow-setup/ENV/lib/python3.12/site-packages/airflow/example_dags/example_bash_operator.py
[2026-05-04T01:03:42.994+0300] {logging_mixin.py:190} INFO - [2026-05-04T01:03:42.994+0300] {dag.py:3239} INFO - Sync 1 DAGs
[2026-05-04T01:03:43.011+0300] {logging_mixin.py:190} INFO - [2026-05-04T01:03:43.011+0300] {dag.py:4180} INFO - Setting next_dagrun for example_bash_operator to 2026-05-02 00:00:00+00:00, run_after=2026-05-03 00:00:00+00:00
[2026-05-04T01:03:43.031+0300] {processor.py:208} INFO - Processing /home/nikita/airflow-setup/ENV/lib/python3.12/site-packages/airflow/example_dags/example_bash_operator.py took 0.081 seconds
[2026-05-04T01:04:45.824+0300] {processor.py:186} INFO - Started process (PID=10036) to work on /home/nikita/airflow-setup/ENV/lib/python3.12/site-packages/airflow/example_dags/example_bash_operator.py
[2026-05-04T01:04:45.833+0300] {processor.py:914} INFO - Processing file /home/nikita/airflow-setup/ENV/lib/python3.12/site-packages/airflow/example_dags/example_bash_operator.py for tasks to queue
[2026-05-04T01:04:45.835+0300] {logging_mixin.py:190} INFO - [2026-05-04T01:04:45.834+0300] {dagbag.py:588} INFO - Filling up the DagBag from /home/nikita/airflow-setup/ENV/lib/python3.12/site-packages/airflow/example_dags/example_bash_operator.py
[2026-05-04T01:04:45.850+0300] {processor.py:925} INFO - DAG(s) 'example_bash_operator' retrieved from /home/nikita/airflow-setup/ENV/lib/python3.12/site-packages/airflow/example_dags/example_bash_operator.py
[2026-05-04T01:04:45.872+0300] {logging_mixin.py:190} INFO - [2026-05-04T01:04:45.872+0300] {dag.py:3239} INFO - Sync 1 DAGs
[2026-05-04T01:04:45.892+0300] {logging_mixin.py:190} INFO - [2026-05-04T01:04:45.891+0300] {dag.py:4180} INFO - Setting next_dagrun for example_bash_operator to 2026-05-02 00:00:00+00:00, run_after=2026-05-03 00:00:00+00:00
[2026-05-04T01:04:45.915+0300] {processor.py:208} INFO - Processing /home/nikita/airflow-setup/ENV/lib/python3.12/site-packages/airflow/example_dags/example_bash_operator.py took 0.097 seconds
[2026-05-04T01:05:53.486+0300] {processor.py:186} INFO - Started process (PID=10317) to work on /home/nikita/airflow-setup/ENV/lib/python3.12/site-packages/airflow/example_dags/example_bash_operator.py
[2026-05-04T01:05:53.495+0300] {processor.py:914} INFO - Processing file /home/nikita/airflow-setup/ENV/lib/python3.12/site-packages/airflow/example_dags/example_bash_operator.py for tasks to queue
[2026-05-04T01:05:53.496+0300] {logging_mixin.py:190} INFO - [2026-05-04T01:05:53.496+0300] {dagbag.py:588} INFO - Filling up the DagBag from /home/nikita/airflow-setup/ENV/lib/python3.12/site-packages/airflow/example_dags/example_bash_operator.py
[2026-05-04T01:05:53.508+0300] {processor.py:925} INFO - DAG(s) 'example_bash_operator' retrieved from /home/nikita/airflow-setup/ENV/lib/python3.12/site-packages/airflow/example_dags/example_bash_operator.py
[2026-05-04T01:05:53.526+0300] {logging_mixin.py:190} INFO - [2026-05-04T01:05:53.525+0300] {dag.py:3239} INFO - Sync 1 DAGs
[2026-05-04T01:05:53.543+0300] {logging_mixin.py:190} INFO - [2026-05-04T01:05:53.543+0300] {dag.py:4180} INFO - Setting next_dagrun for example_bash_operator to 2026-05-02 00:00:00+00:00, run_after=2026-05-03 00:00:00+00:00
[2026-05-04T01:05:53.561+0300] {processor.py:208} INFO - Processing /home/nikita/airflow-setup/ENV/lib/python3.12/site-packages/airflow/example_dags/example_bash_operator.py took 0.080 seconds
[2026-05-04T01:06:57.760+0300] {processor.py:186} INFO - Started process (PID=10563) to work on /home/nikita/airflow-setup/ENV/lib/python3.12/site-packages/airflow/example_dags/example_bash_operator.py
[2026-05-04T01:06:57.768+0300] {processor.py:914} INFO - Processing file /home/nikita/airflow-setup/ENV/lib/python3.12/site-packages/airflow/example_dags/example_bash_operator.py for tasks to queue
[2026-05-04T01:06:57.769+0300] {logging_mixin.py:190} INFO - [2026-05-04T01:06:57.769+0300] {dagbag.py:588} INFO - Filling up the DagBag from /home/nikita/airflow-setup/ENV/lib/python3.12/site-packages/airflow/example_dags/example_bash_operator.py
[2026-05-04T01:06:57.780+0300] {processor.py:925} INFO - DAG(s) 'example_bash_operator' retrieved from /home/nikita/airflow-setup/ENV/lib/python3.12/site-packages/airflow/example_dags/example_bash_operator.py
[2026-05-04T01:06:57.794+0300] {logging_mixin.py:190} INFO - [2026-05-04T01:06:57.794+0300] {dag.py:3239} INFO - Sync 1 DAGs
[2026-05-04T01:06:57.808+0300] {logging_mixin.py:190} INFO - [2026-05-04T01:06:57.808+0300] {dag.py:4180} INFO - Setting next_dagrun for example_bash_operator to 2026-05-02 00:00:00+00:00, run_after=2026-05-03 00:00:00+00:00
[2026-05-04T01:06:57.826+0300] {processor.py:208} INFO - Processing /home/nikita/airflow-setup/ENV/lib/python3.12/site-packages/airflow/example_dags/example_bash_operator.py took 0.071 seconds
[2026-05-04T01:08:05.606+0300] {processor.py:186} INFO - Started process (PID=10821) to work on /home/nikita/airflow-setup/ENV/lib/python3.12/site-packages/airflow/example_dags/example_bash_operator.py
[2026-05-04T01:08:05.608+0300] {processor.py:914} INFO - Processing file /home/nikita/airflow-setup/ENV/lib/python3.12/site-packages/airflow/example_dags/example_bash_operator.py for tasks to queue
[2026-05-04T01:08:05.609+0300] {logging_mixin.py:190} INFO - [2026-05-04T01:08:05.609+0300] {dagbag.py:588} INFO - Filling up the DagBag from /home/nikita/airflow-setup/ENV/lib/python3.12/site-packages/airflow/example_dags/example_bash_operator.py
[2026-05-04T01:08:05.619+0300] {processor.py:925} INFO - DAG(s) 'example_bash_operator' retrieved from /home/nikita/airflow-setup/ENV/lib/python3.12/site-packages/airflow/example_dags/example_bash_operator.py
[2026-05-04T01:08:05.632+0300] {logging_mixin.py:190} INFO - [2026-05-04T01:08:05.632+0300] {dag.py:3239} INFO - Sync 1 DAGs
[2026-05-04T01:08:05.646+0300] {logging_mixin.py:190} INFO - [2026-05-04T01:08:05.645+0300] {dag.py:4180} INFO - Setting next_dagrun for example_bash_operator to 2026-05-02 00:00:00+00:00, run_after=2026-05-03 00:00:00+00:00
[2026-05-04T01:08:05.661+0300] {processor.py:208} INFO - Processing /home/nikita/airflow-setup/ENV/lib/python3.12/site-packages/airflow/example_dags/example_bash_operator.py took 0.059 seconds
[2026-05-04T01:09:11.603+0300] {processor.py:186} INFO - Started process (PID=11967) to work on /home/nikita/airflow-setup/ENV/lib/python3.12/site-packages/airflow/example_dags/example_bash_operator.py
[2026-05-04T01:09:11.612+0300] {processor.py:914} INFO - Processing file /home/nikita/airflow-setup/ENV/lib/python3.12/site-packages/airflow/example_dags/example_bash_operator.py for tasks to queue
[2026-05-04T01:09:11.612+0300] {logging_mixin.py:190} INFO - [2026-05-04T01:09:11.612+0300] {dagbag.py:588} INFO - Filling up the DagBag from /home/nikita/airflow-setup/ENV/lib/python3.12/site-packages/airflow/example_dags/example_bash_operator.py
[2026-05-04T01:09:11.622+0300] {processor.py:925} INFO - DAG(s) 'example_bash_operator' retrieved from /home/nikita/airflow-setup/ENV/lib/python3.12/site-packages/airflow/example_dags/example_bash_operator.py
[2026-05-04T01:09:11.636+0300] {logging_mixin.py:190} INFO - [2026-05-04T01:09:11.636+0300] {dag.py:3239} INFO - Sync 1 DAGs
[2026-05-04T01:09:11.649+0300] {logging_mixin.py:190} INFO - [2026-05-04T01:09:11.649+0300] {dag.py:4180} INFO - Setting next_dagrun for example_bash_operator to 2026-05-02 00:00:00+00:00, run_after=2026-05-03 00:00:00+00:00
[2026-05-04T01:09:11.667+0300] {processor.py:208} INFO - Processing /home/nikita/airflow-setup/ENV/lib/python3.12/site-packages/airflow/example_dags/example_bash_operator.py took 0.068 seconds
[2026-05-04T01:10:22.128+0300] {processor.py:186} INFO - Started process (PID=12282) to work on /home/nikita/airflow-setup/ENV/lib/python3.12/site-packages/airflow/example_dags/example_bash_operator.py
[2026-05-04T01:10:22.138+0300] {processor.py:914} INFO - Processing file /home/nikita/airflow-setup/ENV/lib/python3.12/site-packages/airflow/example_dags/example_bash_operator.py for tasks to queue
[2026-05-04T01:10:22.139+0300] {logging_mixin.py:190} INFO - [2026-05-04T01:10:22.139+0300] {dagbag.py:588} INFO - Filling up the DagBag from /home/nikita/airflow-setup/ENV/lib/python3.12/site-packages/airflow/example_dags/example_bash_operator.py
[2026-05-04T01:10:22.150+0300] {processor.py:925} INFO - DAG(s) 'example_bash_operator' retrieved from /home/nikita/airflow-setup/ENV/lib/python3.12/site-packages/airflow/example_dags/example_bash_operator.py
[2026-05-04T01:10:22.166+0300] {logging_mixin.py:190} INFO - [2026-05-04T01:10:22.166+0300] {dag.py:3239} INFO - Sync 1 DAGs
[2026-05-04T01:10:22.184+0300] {logging_mixin.py:190} INFO - [2026-05-04T01:10:22.184+0300] {dag.py:4180} INFO - Setting next_dagrun for example_bash_operator to 2026-05-02 00:00:00+00:00, run_after=2026-05-03 00:00:00+00:00
[2026-05-04T01:10:22.203+0300] {processor.py:208} INFO - Processing /home/nikita/airflow-setup/ENV/lib/python3.12/site-packages/airflow/example_dags/example_bash_operator.py took 0.079 seconds
[2026-05-04T01:11:30.662+0300] {processor.py:186} INFO - Started process (PID=12536) to work on /home/nikita/airflow-setup/ENV/lib/python3.12/site-packages/airflow/example_dags/example_bash_operator.py
[2026-05-04T01:11:30.664+0300] {processor.py:914} INFO - Processing file /home/nikita/airflow-setup/ENV/lib/python3.12/site-packages/airflow/example_dags/example_bash_operator.py for tasks to queue
[2026-05-04T01:11:30.665+0300] {logging_mixin.py:190} INFO - [2026-05-04T01:11:30.665+0300] {dagbag.py:588} INFO - Filling up the DagBag from /home/nikita/airflow-setup/ENV/lib/python3.12/site-packages/airflow/example_dags/example_bash_operator.py
[2026-05-04T01:11:30.675+0300] {processor.py:925} INFO - DAG(s) 'example_bash_operator' retrieved from /home/nikita/airflow-setup/ENV/lib/python3.12/site-packages/airflow/example_dags/example_bash_operator.py
[2026-05-04T01:11:30.690+0300] {logging_mixin.py:190} INFO - [2026-05-04T01:11:30.689+0300] {dag.py:3239} INFO - Sync 1 DAGs
[2026-05-04T01:11:30.705+0300] {logging_mixin.py:190} INFO - [2026-05-04T01:11:30.705+0300] {dag.py:4180} INFO - Setting next_dagrun for example_bash_operator to 2026-05-02 00:00:00+00:00, run_after=2026-05-03 00:00:00+00:00
[2026-05-04T01:11:30.723+0300] {processor.py:208} INFO - Processing /home/nikita/airflow-setup/ENV/lib/python3.12/site-packages/airflow/example_dags/example_bash_operator.py took 0.064 seconds
[2026-05-04T01:12:32.920+0300] {processor.py:186} INFO - Started process (PID=12778) to work on /home/nikita/airflow-setup/ENV/lib/python3.12/site-packages/airflow/example_dags/example_bash_operator.py
[2026-05-04T01:12:32.929+0300] {processor.py:914} INFO - Processing file /home/nikita/airflow-setup/ENV/lib/python3.12/site-packages/airflow/example_dags/example_bash_operator.py for tasks to queue
[2026-05-04T01:12:32.930+0300] {logging_mixin.py:190} INFO - [2026-05-04T01:12:32.929+0300] {dagbag.py:588} INFO - Filling up the DagBag from /home/nikita/airflow-setup/ENV/lib/python3.12/site-packages/airflow/example_dags/example_bash_operator.py
[2026-05-04T01:12:32.941+0300] {processor.py:925} INFO - DAG(s) 'example_bash_operator' retrieved from /home/nikita/airflow-setup/ENV/lib/python3.12/site-packages/airflow/example_dags/example_bash_operator.py
[2026-05-04T01:12:32.956+0300] {logging_mixin.py:190} INFO - [2026-05-04T01:12:32.956+0300] {dag.py:3239} INFO - Sync 1 DAGs
[2026-05-04T01:12:32.972+0300] {logging_mixin.py:190} INFO - [2026-05-04T01:12:32.972+0300] {dag.py:4180} INFO - Setting next_dagrun for example_bash_operator to 2026-05-02 00:00:00+00:00, run_after=2026-05-03 00:00:00+00:00
[2026-05-04T01:12:32.991+0300] {processor.py:208} INFO - Processing /home/nikita/airflow-setup/ENV/lib/python3.12/site-packages/airflow/example_dags/example_bash_operator.py took 0.076 seconds
[2026-05-04T01:13:31.666+0300] {processor.py:186} INFO - Started process (PID=13303) to work on /home/nikita/airflow-setup/ENV/lib/python3.12/site-packages/airflow/example_dags/example_bash_operator.py
[2026-05-04T01:13:31.675+0300] {processor.py:914} INFO - Processing file /home/nikita/airflow-setup/ENV/lib/python3.12/site-packages/airflow/example_dags/example_bash_operator.py for tasks to queue
[2026-05-04T01:13:31.676+0300] {logging_mixin.py:190} INFO - [2026-05-04T01:13:31.676+0300] {dagbag.py:588} INFO - Filling up the DagBag from /home/nikita/airflow-setup/ENV/lib/python3.12/site-packages/airflow/example_dags/example_bash_operator.py
[2026-05-04T01:13:31.688+0300] {processor.py:925} INFO - DAG(s) 'example_bash_operator' retrieved from /home/nikita/airflow-setup/ENV/lib/python3.12/site-packages/airflow/example_dags/example_bash_operator.py
[2026-05-04T01:13:31.704+0300] {logging_mixin.py:190} INFO - [2026-05-04T01:13:31.704+0300] {dag.py:3239} INFO - Sync 1 DAGs
[2026-05-04T01:13:32.405+0300] {logging_mixin.py:190} INFO - [2026-05-04T01:13:32.405+0300] {dag.py:4180} INFO - Setting next_dagrun for example_bash_operator to 2026-05-02 00:00:00+00:00, run_after=2026-05-03 00:00:00+00:00
[2026-05-04T01:13:32.424+0300] {processor.py:208} INFO - Processing /home/nikita/airflow-setup/ENV/lib/python3.12/site-packages/airflow/example_dags/example_bash_operator.py took 0.078 seconds
[2026-05-04T01:14:38.227+0300] {processor.py:186} INFO - Started process (PID=14319) to work on /home/nikita/airflow-setup/ENV/lib/python3.12/site-packages/airflow/example_dags/example_bash_operator.py
[2026-05-04T01:14:38.236+0300] {processor.py:914} INFO - Processing file /home/nikita/airflow-setup/ENV/lib/python3.12/site-packages/airflow/example_dags/example_bash_operator.py for tasks to queue
[2026-05-04T01:14:38.237+0300] {logging_mixin.py:190} INFO - [2026-05-04T01:14:38.237+0300] {dagbag.py:588} INFO - Filling up the DagBag from /home/nikita/airflow-setup/ENV/lib/python3.12/site-packages/airflow/example_dags/example_bash_operator.py
[2026-05-04T01:14:38.247+0300] {processor.py:925} INFO - DAG(s) 'example_bash_operator' retrieved from /home/nikita/airflow-setup/ENV/lib/python3.12/site-packages/airflow/example_dags/example_bash_operator.py
[2026-05-04T01:14:38.261+0300] {logging_mixin.py:190} INFO - [2026-05-04T01:14:38.261+0300] {dag.py:3239} INFO - Sync 1 DAGs
[2026-05-04T01:14:38.275+0300] {logging_mixin.py:190} INFO - [2026-05-04T01:14:38.275+0300] {dag.py:4180} INFO - Setting next_dagrun for example_bash_operator to 2026-05-02 00:00:00+00:00, run_after=2026-05-03 00:00:00+00:00
[2026-05-04T01:14:38.291+0300] {processor.py:208} INFO - Processing /home/nikita/airflow-setup/ENV/lib/python3.12/site-packages/airflow/example_dags/example_bash_operator.py took 0.068 seconds
[2026-05-04T01:15:46.073+0300] {processor.py:186} INFO - Started process (PID=14652) to work on /home/nikita/airflow-setup/ENV/lib/python3.12/site-packages/airflow/example_dags/example_bash_operator.py
[2026-05-04T01:15:46.074+0300] {processor.py:914} INFO - Processing file /home/nikita/airflow-setup/ENV/lib/python3.12/site-packages/airflow/example_dags/example_bash_operator.py for tasks to queue
[2026-05-04T01:15:46.076+0300] {logging_mixin.py:190} INFO - [2026-05-04T01:15:46.075+0300] {dagbag.py:588} INFO - Filling up the DagBag from /home/nikita/airflow-setup/ENV/lib/python3.12/site-packages/airflow/example_dags/example_bash_operator.py
[2026-05-04T01:15:46.091+0300] {processor.py:925} INFO - DAG(s) 'example_bash_operator' retrieved from /home/nikita/airflow-setup/ENV/lib/python3.12/site-packages/airflow/example_dags/example_bash_operator.py
[2026-05-04T01:15:46.111+0300] {logging_mixin.py:190} INFO - [2026-05-04T01:15:46.111+0300] {dag.py:3239} INFO - Sync 1 DAGs
[2026-05-04T01:15:46.133+0300] {logging_mixin.py:190} INFO - [2026-05-04T01:15:46.132+0300] {dag.py:4180} INFO - Setting next_dagrun for example_bash_operator to 2026-05-02 00:00:00+00:00, run_after=2026-05-03 00:00:00+00:00
[2026-05-04T01:15:46.152+0300] {processor.py:208} INFO - Processing /home/nikita/airflow-setup/ENV/lib/python3.12/site-packages/airflow/example_dags/example_bash_operator.py took 0.086 seconds
[2026-05-04T01:16:54.701+0300] {processor.py:186} INFO - Started process (PID=15794) to work on /home/nikita/airflow-setup/ENV/lib/python3.12/site-packages/airflow/example_dags/example_bash_operator.py
[2026-05-04T01:16:54.712+0300] {processor.py:914} INFO - Processing file /home/nikita/airflow-setup/ENV/lib/python3.12/site-packages/airflow/example_dags/example_bash_operator.py for tasks to queue
[2026-05-04T01:16:54.713+0300] {logging_mixin.py:190} INFO - [2026-05-04T01:16:54.712+0300] {dagbag.py:588} INFO - Filling up the DagBag from /home/nikita/airflow-setup/ENV/lib/python3.12/site-packages/airflow/example_dags/example_bash_operator.py
[2026-05-04T01:16:54.722+0300] {processor.py:925} INFO - DAG(s) 'example_bash_operator' retrieved from /home/nikita/airflow-setup/ENV/lib/python3.12/site-packages/airflow/example_dags/example_bash_operator.py
[2026-05-04T01:16:54.736+0300] {logging_mixin.py:190} INFO - [2026-05-04T01:16:54.736+0300] {dag.py:3239} INFO - Sync 1 DAGs
[2026-05-04T01:16:54.751+0300] {logging_mixin.py:190} INFO - [2026-05-04T01:16:54.750+0300] {dag.py:4180} INFO - Setting next_dagrun for example_bash_operator to 2026-05-02 00:00:00+00:00, run_after=2026-05-03 00:00:00+00:00
[2026-05-04T01:16:54.768+0300] {processor.py:208} INFO - Processing /home/nikita/airflow-setup/ENV/lib/python3.12/site-packages/airflow/example_dags/example_bash_operator.py took 0.071 seconds
[2026-05-04T01:18:02.644+0300] {processor.py:186} INFO - Started process (PID=16054) to work on /home/nikita/airflow-setup/ENV/lib/python3.12/site-packages/airflow/example_dags/example_bash_operator.py
[2026-05-04T01:18:02.656+0300] {processor.py:914} INFO - Processing file /home/nikita/airflow-setup/ENV/lib/python3.12/site-packages/airflow/example_dags/example_bash_operator.py for tasks to queue
[2026-05-04T01:18:02.659+0300] {logging_mixin.py:190} INFO - [2026-05-04T01:18:02.659+0300] {dagbag.py:588} INFO - Filling up the DagBag from /home/nikita/airflow-setup/ENV/lib/python3.12/site-packages/airflow/example_dags/example_bash_operator.py
[2026-05-04T01:18:02.689+0300] {processor.py:925} INFO - DAG(s) 'example_bash_operator' retrieved from /home/nikita/airflow-setup/ENV/lib/python3.12/site-packages/airflow/example_dags/example_bash_operator.py
[2026-05-04T01:18:02.730+0300] {logging_mixin.py:190} INFO - [2026-05-04T01:18:02.729+0300] {dag.py:3239} INFO - Sync 1 DAGs
[2026-05-04T01:18:02.768+0300] {logging_mixin.py:190} INFO - [2026-05-04T01:18:02.768+0300] {dag.py:4180} INFO - Setting next_dagrun for example_bash_operator to 2026-05-02 00:00:00+00:00, run_after=2026-05-03 00:00:00+00:00
[2026-05-04T01:18:02.810+0300] {processor.py:208} INFO - Processing /home/nikita/airflow-setup/ENV/lib/python3.12/site-packages/airflow/example_dags/example_bash_operator.py took 0.178 seconds
[2026-05-04T01:19:11.197+0300] {processor.py:186} INFO - Started process (PID=16314) to work on /home/nikita/airflow-setup/ENV/lib/python3.12/site-packages/airflow/example_dags/example_bash_operator.py
[2026-05-04T01:19:11.200+0300] {processor.py:914} INFO - Processing file /home/nikita/airflow-setup/ENV/lib/python3.12/site-packages/airflow/example_dags/example_bash_operator.py for tasks to queue
[2026-05-04T01:19:11.202+0300] {logging_mixin.py:190} INFO - [2026-05-04T01:19:11.201+0300] {dagbag.py:588} INFO - Filling up the DagBag from /home/nikita/airflow-setup/ENV/lib/python3.12/site-packages/airflow/example_dags/example_bash_operator.py
[2026-05-04T01:19:11.217+0300] {processor.py:925} INFO - DAG(s) 'example_bash_operator' retrieved from /home/nikita/airflow-setup/ENV/lib/python3.12/site-packages/airflow/example_dags/example_bash_operator.py
[2026-05-04T01:19:11.237+0300] {logging_mixin.py:190} INFO - [2026-05-04T01:19:11.237+0300] {dag.py:3239} INFO - Sync 1 DAGs
[2026-05-04T01:19:11.255+0300] {logging_mixin.py:190} INFO - [2026-05-04T01:19:11.254+0300] {dag.py:4180} INFO - Setting next_dagrun for example_bash_operator to 2026-05-02 00:00:00+00:00, run_after=2026-05-03 00:00:00+00:00
[2026-05-04T01:19:11.274+0300] {processor.py:208} INFO - Processing /home/nikita/airflow-setup/ENV/lib/python3.12/site-packages/airflow/example_dags/example_bash_operator.py took 0.093 seconds
[2026-05-04T01:20:14.236+0300] {processor.py:186} INFO - Started process (PID=16570) to work on /home/nikita/airflow-setup/ENV/lib/python3.12/site-packages/airflow/example_dags/example_bash_operator.py
[2026-05-04T01:20:14.238+0300] {processor.py:914} INFO - Processing file /home/nikita/airflow-setup/ENV/lib/python3.12/site-packages/airflow/example_dags/example_bash_operator.py for tasks to queue
[2026-05-04T01:20:14.239+0300] {logging_mixin.py:190} INFO - [2026-05-04T01:20:14.239+0300] {dagbag.py:588} INFO - Filling up the DagBag from /home/nikita/airflow-setup/ENV/lib/python3.12/site-packages/airflow/example_dags/example_bash_operator.py
[2026-05-04T01:20:14.253+0300] {processor.py:925} INFO - DAG(s) 'example_bash_operator' retrieved from /home/nikita/airflow-setup/ENV/lib/python3.12/site-packages/airflow/example_dags/example_bash_operator.py
[2026-05-04T01:20:14.271+0300] {logging_mixin.py:190} INFO - [2026-05-04T01:20:14.271+0300] {dag.py:3239} INFO - Sync 1 DAGs
[2026-05-04T01:20:14.289+0300] {logging_mixin.py:190} INFO - [2026-05-04T01:20:14.289+0300] {dag.py:4180} INFO - Setting next_dagrun for example_bash_operator to 2026-05-02 00:00:00+00:00, run_after=2026-05-03 00:00:00+00:00
[2026-05-04T01:20:14.307+0300] {processor.py:208} INFO - Processing /home/nikita/airflow-setup/ENV/lib/python3.12/site-packages/airflow/example_dags/example_bash_operator.py took 0.077 seconds
[2026-05-04T01:21:22.821+0300] {processor.py:186} INFO - Started process (PID=16828) to work on /home/nikita/airflow-setup/ENV/lib/python3.12/site-packages/airflow/example_dags/example_bash_operator.py
[2026-05-04T01:21:22.822+0300] {processor.py:914} INFO - Processing file /home/nikita/airflow-setup/ENV/lib/python3.12/site-packages/airflow/example_dags/example_bash_operator.py for tasks to queue
[2026-05-04T01:21:22.824+0300] {logging_mixin.py:190} INFO - [2026-05-04T01:21:22.823+0300] {dagbag.py:588} INFO - Filling up the DagBag from /home/nikita/airflow-setup/ENV/lib/python3.12/site-packages/airflow/example_dags/example_bash_operator.py
[2026-05-04T01:21:22.840+0300] {processor.py:925} INFO - DAG(s) 'example_bash_operator' retrieved from /home/nikita/airflow-setup/ENV/lib/python3.12/site-packages/airflow/example_dags/example_bash_operator.py
[2026-05-04T01:21:22.865+0300] {logging_mixin.py:190} INFO - [2026-05-04T01:21:22.865+0300] {dag.py:3239} INFO - Sync 1 DAGs
[2026-05-04T01:21:22.885+0300] {logging_mixin.py:190} INFO - [2026-05-04T01:21:22.885+0300] {dag.py:4180} INFO - Setting next_dagrun for example_bash_operator to 2026-05-02 00:00:00+00:00, run_after=2026-05-03 00:00:00+00:00
[2026-05-04T01:21:22.908+0300] {processor.py:208} INFO - Processing /home/nikita/airflow-setup/ENV/lib/python3.12/site-packages/airflow/example_dags/example_bash_operator.py took 0.092 seconds
[2026-05-04T01:22:33.487+0300] {processor.py:186} INFO - Started process (PID=17094) to work on /home/nikita/airflow-setup/ENV/lib/python3.12/site-packages/airflow/example_dags/example_bash_operator.py
[2026-05-04T01:22:33.496+0300] {processor.py:914} INFO - Processing file /home/nikita/airflow-setup/ENV/lib/python3.12/site-packages/airflow/example_dags/example_bash_operator.py for tasks to queue
[2026-05-04T01:22:33.496+0300] {logging_mixin.py:190} INFO - [2026-05-04T01:22:33.496+0300] {dagbag.py:588} INFO - Filling up the DagBag from /home/nikita/airflow-setup/ENV/lib/python3.12/site-packages/airflow/example_dags/example_bash_operator.py
[2026-05-04T01:22:33.506+0300] {processor.py:925} INFO - DAG(s) 'example_bash_operator' retrieved from /home/nikita/airflow-setup/ENV/lib/python3.12/site-packages/airflow/example_dags/example_bash_operator.py
[2026-05-04T01:22:33.520+0300] {logging_mixin.py:190} INFO - [2026-05-04T01:22:33.520+0300] {dag.py:3239} INFO - Sync 1 DAGs
[2026-05-04T01:22:33.534+0300] {logging_mixin.py:190} INFO - [2026-05-04T01:22:33.534+0300] {dag.py:4180} INFO - Setting next_dagrun for example_bash_operator to 2026-05-02 00:00:00+00:00, run_after=2026-05-03 00:00:00+00:00
[2026-05-04T01:22:33.549+0300] {processor.py:208} INFO - Processing /home/nikita/airflow-setup/ENV/lib/python3.12/site-packages/airflow/example_dags/example_bash_operator.py took 0.067 seconds
[2026-05-04T01:23:42.262+0300] {processor.py:186} INFO - Started process (PID=17352) to work on /home/nikita/airflow-setup/ENV/lib/python3.12/site-packages/airflow/example_dags/example_bash_operator.py
[2026-05-04T01:23:42.263+0300] {processor.py:914} INFO - Processing file /home/nikita/airflow-setup/ENV/lib/python3.12/site-packages/airflow/example_dags/example_bash_operator.py for tasks to queue
[2026-05-04T01:23:42.264+0300] {logging_mixin.py:190} INFO - [2026-05-04T01:23:42.264+0300] {dagbag.py:588} INFO - Filling up the DagBag from /home/nikita/airflow-setup/ENV/lib/python3.12/site-packages/airflow/example_dags/example_bash_operator.py
[2026-05-04T01:23:42.275+0300] {processor.py:925} INFO - DAG(s) 'example_bash_operator' retrieved from /home/nikita/airflow-setup/ENV/lib/python3.12/site-packages/airflow/example_dags/example_bash_operator.py
[2026-05-04T01:23:42.292+0300] {logging_mixin.py:190} INFO - [2026-05-04T01:23:42.292+0300] {dag.py:3239} INFO - Sync 1 DAGs
[2026-05-04T01:23:42.310+0300] {logging_mixin.py:190} INFO - [2026-05-04T01:23:42.310+0300] {dag.py:4180} INFO - Setting next_dagrun for example_bash_operator to 2026-05-02 00:00:00+00:00, run_after=2026-05-03 00:00:00+00:00
[2026-05-04T01:23:42.328+0300] {processor.py:208} INFO - Processing /home/nikita/airflow-setup/ENV/lib/python3.12/site-packages/airflow/example_dags/example_bash_operator.py took 0.071 seconds
[2026-05-04T01:24:48.962+0300] {processor.py:186} INFO - Started process (PID=17923) to work on /home/nikita/airflow-setup/ENV/lib/python3.12/site-packages/airflow/example_dags/example_bash_operator.py
[2026-05-04T01:24:48.972+0300] {processor.py:914} INFO - Processing file /home/nikita/airflow-setup/ENV/lib/python3.12/site-packages/airflow/example_dags/example_bash_operator.py for tasks to queue
[2026-05-04T01:24:48.973+0300] {logging_mixin.py:190} INFO - [2026-05-04T01:24:48.973+0300] {dagbag.py:588} INFO - Filling up the DagBag from /home/nikita/airflow-setup/ENV/lib/python3.12/site-packages/airflow/example_dags/example_bash_operator.py
[2026-05-04T01:24:48.983+0300] {processor.py:925} INFO - DAG(s) 'example_bash_operator' retrieved from /home/nikita/airflow-setup/ENV/lib/python3.12/site-packages/airflow/example_dags/example_bash_operator.py
[2026-05-04T01:24:48.997+0300] {logging_mixin.py:190} INFO - [2026-05-04T01:24:48.997+0300] {dag.py:3239} INFO - Sync 1 DAGs
[2026-05-04T01:24:49.121+0300] {logging_mixin.py:190} INFO - [2026-05-04T01:24:49.120+0300] {dag.py:4180} INFO - Setting next_dagrun for example_bash_operator to 2026-05-02 00:00:00+00:00, run_after=2026-05-03 00:00:00+00:00
[2026-05-04T01:24:49.136+0300] {processor.py:208} INFO - Processing /home/nikita/airflow-setup/ENV/lib/python3.12/site-packages/airflow/example_dags/example_bash_operator.py took 0.178 seconds
[2026-05-04T01:25:57.989+0300] {processor.py:186} INFO - Started process (PID=18533) to work on /home/nikita/airflow-setup/ENV/lib/python3.12/site-packages/airflow/example_dags/example_bash_operator.py
[2026-05-04T01:25:57.991+0300] {processor.py:914} INFO - Processing file /home/nikita/airflow-setup/ENV/lib/python3.12/site-packages/airflow/example_dags/example_bash_operator.py for tasks to queue
[2026-05-04T01:25:57.992+0300] {logging_mixin.py:190} INFO - [2026-05-04T01:25:57.992+0300] {dagbag.py:588} INFO - Filling up the DagBag from /home/nikita/airflow-setup/ENV/lib/python3.12/site-packages/airflow/example_dags/example_bash_operator.py
[2026-05-04T01:25:58.002+0300] {processor.py:925} INFO - DAG(s) 'example_bash_operator' retrieved from /home/nikita/airflow-setup/ENV/lib/python3.12/site-packages/airflow/example_dags/example_bash_operator.py
[2026-05-04T01:25:58.017+0300] {logging_mixin.py:190} INFO - [2026-05-04T01:25:58.016+0300] {dag.py:3239} INFO - Sync 1 DAGs
[2026-05-04T01:25:58.032+0300] {logging_mixin.py:190} INFO - [2026-05-04T01:25:58.032+0300] {dag.py:4180} INFO - Setting next_dagrun for example_bash_operator to 2026-05-02 00:00:00+00:00, run_after=2026-05-03 00:00:00+00:00
[2026-05-04T01:25:58.183+0300] {processor.py:208} INFO - Processing /home/nikita/airflow-setup/ENV/lib/python3.12/site-packages/airflow/example_dags/example_bash_operator.py took 0.198 seconds
[2026-05-04T01:27:10.492+0300] {processor.py:186} INFO - Started process (PID=19482) to work on /home/nikita/airflow-setup/ENV/lib/python3.12/site-packages/airflow/example_dags/example_bash_operator.py
[2026-05-04T01:27:10.501+0300] {processor.py:914} INFO - Processing file /home/nikita/airflow-setup/ENV/lib/python3.12/site-packages/airflow/example_dags/example_bash_operator.py for tasks to queue
[2026-05-04T01:27:10.503+0300] {logging_mixin.py:190} INFO - [2026-05-04T01:27:10.502+0300] {dagbag.py:588} INFO - Filling up the DagBag from /home/nikita/airflow-setup/ENV/lib/python3.12/site-packages/airflow/example_dags/example_bash_operator.py
[2026-05-04T01:27:10.515+0300] {processor.py:925} INFO - DAG(s) 'example_bash_operator' retrieved from /home/nikita/airflow-setup/ENV/lib/python3.12/site-packages/airflow/example_dags/example_bash_operator.py
[2026-05-04T01:27:10.533+0300] {logging_mixin.py:190} INFO - [2026-05-04T01:27:10.533+0300] {dag.py:3239} INFO - Sync 1 DAGs
[2026-05-04T01:27:10.550+0300] {logging_mixin.py:190} INFO - [2026-05-04T01:27:10.550+0300] {dag.py:4180} INFO - Setting next_dagrun for example_bash_operator to 2026-05-02 00:00:00+00:00, run_after=2026-05-03 00:00:00+00:00
[2026-05-04T01:27:10.568+0300] {processor.py:208} INFO - Processing /home/nikita/airflow-setup/ENV/lib/python3.12/site-packages/airflow/example_dags/example_bash_operator.py took 0.083 seconds
[2026-05-04T01:28:23.135+0300] {processor.py:186} INFO - Started process (PID=19753) to work on /home/nikita/airflow-setup/ENV/lib/python3.12/site-packages/airflow/example_dags/example_bash_operator.py
[2026-05-04T01:28:23.145+0300] {processor.py:914} INFO - Processing file /home/nikita/airflow-setup/ENV/lib/python3.12/site-packages/airflow/example_dags/example_bash_operator.py for tasks to queue
[2026-05-04T01:28:23.146+0300] {logging_mixin.py:190} INFO - [2026-05-04T01:28:23.146+0300] {dagbag.py:588} INFO - Filling up the DagBag from /home/nikita/airflow-setup/ENV/lib/python3.12/site-packages/airflow/example_dags/example_bash_operator.py
[2026-05-04T01:28:23.157+0300] {processor.py:925} INFO - DAG(s) 'example_bash_operator' retrieved from /home/nikita/airflow-setup/ENV/lib/python3.12/site-packages/airflow/example_dags/example_bash_operator.py
[2026-05-04T01:28:23.173+0300] {logging_mixin.py:190} INFO - [2026-05-04T01:28:23.173+0300] {dag.py:3239} INFO - Sync 1 DAGs
[2026-05-04T01:28:23.190+0300] {logging_mixin.py:190} INFO - [2026-05-04T01:28:23.190+0300] {dag.py:4180} INFO - Setting next_dagrun for example_bash_operator to 2026-05-02 00:00:00+00:00, run_after=2026-05-03 00:00:00+00:00
[2026-05-04T01:28:23.209+0300] {processor.py:208} INFO - Processing /home/nikita/airflow-setup/ENV/lib/python3.12/site-packages/airflow/example_dags/example_bash_operator.py took 0.078 seconds
[2026-05-04T01:29:31.427+0300] {processor.py:186} INFO - Started process (PID=20015) to work on /home/nikita/airflow-setup/ENV/lib/python3.12/site-packages/airflow/example_dags/example_bash_operator.py
[2026-05-04T01:29:31.435+0300] {processor.py:914} INFO - Processing file /home/nikita/airflow-setup/ENV/lib/python3.12/site-packages/airflow/example_dags/example_bash_operator.py for tasks to queue
[2026-05-04T01:29:31.436+0300] {logging_mixin.py:190} INFO - [2026-05-04T01:29:31.436+0300] {dagbag.py:588} INFO - Filling up the DagBag from /home/nikita/airflow-setup/ENV/lib/python3.12/site-packages/airflow/example_dags/example_bash_operator.py
[2026-05-04T01:29:31.446+0300] {processor.py:925} INFO - DAG(s) 'example_bash_operator' retrieved from /home/nikita/airflow-setup/ENV/lib/python3.12/site-packages/airflow/example_dags/example_bash_operator.py
[2026-05-04T01:29:31.459+0300] {logging_mixin.py:190} INFO - [2026-05-04T01:29:31.459+0300] {dag.py:3239} INFO - Sync 1 DAGs
[2026-05-04T01:29:31.576+0300] {logging_mixin.py:190} INFO - [2026-05-04T01:29:31.575+0300] {dag.py:4180} INFO - Setting next_dagrun for example_bash_operator to 2026-05-02 00:00:00+00:00, run_after=2026-05-03 00:00:00+00:00
[2026-05-04T01:29:31.591+0300] {processor.py:208} INFO - Processing /home/nikita/airflow-setup/ENV/lib/python3.12/site-packages/airflow/example_dags/example_bash_operator.py took 0.168 seconds
[2026-05-04T01:30:44.146+0300] {processor.py:186} INFO - Started process (PID=20286) to work on /home/nikita/airflow-setup/ENV/lib/python3.12/site-packages/airflow/example_dags/example_bash_operator.py
[2026-05-04T01:30:44.148+0300] {processor.py:914} INFO - Processing file /home/nikita/airflow-setup/ENV/lib/python3.12/site-packages/airflow/example_dags/example_bash_operator.py for tasks to queue
[2026-05-04T01:30:44.149+0300] {logging_mixin.py:190} INFO - [2026-05-04T01:30:44.149+0300] {dagbag.py:588} INFO - Filling up the DagBag from /home/nikita/airflow-setup/ENV/lib/python3.12/site-packages/airflow/example_dags/example_bash_operator.py
[2026-05-04T01:30:44.163+0300] {processor.py:925} INFO - DAG(s) 'example_bash_operator' retrieved from /home/nikita/airflow-setup/ENV/lib/python3.12/site-packages/airflow/example_dags/example_bash_operator.py
[2026-05-04T01:30:44.181+0300] {logging_mixin.py:190} INFO - [2026-05-04T01:30:44.181+0300] {dag.py:3239} INFO - Sync 1 DAGs
[2026-05-04T01:30:44.197+0300] {logging_mixin.py:190} INFO - [2026-05-04T01:30:44.197+0300] {dag.py:4180} INFO - Setting next_dagrun for example_bash_operator to 2026-05-02 00:00:00+00:00, run_after=2026-05-03 00:00:00+00:00
[2026-05-04T01:30:44.362+0300] {processor.py:208} INFO - Processing /home/nikita/airflow-setup/ENV/lib/python3.12/site-packages/airflow/example_dags/example_bash_operator.py took 0.221 seconds
[2026-05-04T01:32:05.016+0300] {processor.py:186} INFO - Started process (PID=20584) to work on /home/nikita/airflow-setup/ENV/lib/python3.12/site-packages/airflow/example_dags/example_bash_operator.py
[2026-05-04T01:32:05.018+0300] {processor.py:914} INFO - Processing file /home/nikita/airflow-setup/ENV/lib/python3.12/site-packages/airflow/example_dags/example_bash_operator.py for tasks to queue
[2026-05-04T01:32:05.019+0300] {logging_mixin.py:190} INFO - [2026-05-04T01:32:05.018+0300] {dagbag.py:588} INFO - Filling up the DagBag from /home/nikita/airflow-setup/ENV/lib/python3.12/site-packages/airflow/example_dags/example_bash_operator.py
[2026-05-04T01:32:05.030+0300] {processor.py:925} INFO - DAG(s) 'example_bash_operator' retrieved from /home/nikita/airflow-setup/ENV/lib/python3.12/site-packages/airflow/example_dags/example_bash_operator.py
[2026-05-04T01:32:05.048+0300] {logging_mixin.py:190} INFO - [2026-05-04T01:32:05.048+0300] {dag.py:3239} INFO - Sync 1 DAGs
[2026-05-04T01:32:05.065+0300] {logging_mixin.py:190} INFO - [2026-05-04T01:32:05.065+0300] {dag.py:4180} INFO - Setting next_dagrun for example_bash_operator to 2026-05-02 00:00:00+00:00, run_after=2026-05-03 00:00:00+00:00
[2026-05-04T01:32:05.082+0300] {processor.py:208} INFO - Processing /home/nikita/airflow-setup/ENV/lib/python3.12/site-packages/airflow/example_dags/example_bash_operator.py took 0.070 seconds
[2026-05-04T01:33:14.130+0300] {processor.py:186} INFO - Started process (PID=20996) to work on /home/nikita/airflow-setup/ENV/lib/python3.12/site-packages/airflow/example_dags/example_bash_operator.py
[2026-05-04T01:33:14.139+0300] {processor.py:914} INFO - Processing file /home/nikita/airflow-setup/ENV/lib/python3.12/site-packages/airflow/example_dags/example_bash_operator.py for tasks to queue
[2026-05-04T01:33:14.140+0300] {logging_mixin.py:190} INFO - [2026-05-04T01:33:14.140+0300] {dagbag.py:588} INFO - Filling up the DagBag from /home/nikita/airflow-setup/ENV/lib/python3.12/site-packages/airflow/example_dags/example_bash_operator.py
[2026-05-04T01:33:14.151+0300] {processor.py:925} INFO - DAG(s) 'example_bash_operator' retrieved from /home/nikita/airflow-setup/ENV/lib/python3.12/site-packages/airflow/example_dags/example_bash_operator.py
[2026-05-04T01:33:14.168+0300] {logging_mixin.py:190} INFO - [2026-05-04T01:33:14.168+0300] {dag.py:3239} INFO - Sync 1 DAGs
[2026-05-04T01:33:14.184+0300] {logging_mixin.py:190} INFO - [2026-05-04T01:33:14.184+0300] {dag.py:4180} INFO - Setting next_dagrun for example_bash_operator to 2026-05-02 00:00:00+00:00, run_after=2026-05-03 00:00:00+00:00
[2026-05-04T01:33:14.199+0300] {processor.py:208} INFO - Processing /home/nikita/airflow-setup/ENV/lib/python3.12/site-packages/airflow/example_dags/example_bash_operator.py took 0.074 seconds
[2026-05-04T01:34:17.657+0300] {processor.py:186} INFO - Started process (PID=21368) to work on /home/nikita/airflow-setup/ENV/lib/python3.12/site-packages/airflow/example_dags/example_bash_operator.py
[2026-05-04T01:34:17.665+0300] {processor.py:914} INFO - Processing file /home/nikita/airflow-setup/ENV/lib/python3.12/site-packages/airflow/example_dags/example_bash_operator.py for tasks to queue
[2026-05-04T01:34:17.666+0300] {logging_mixin.py:190} INFO - [2026-05-04T01:34:17.666+0300] {dagbag.py:588} INFO - Filling up the DagBag from /home/nikita/airflow-setup/ENV/lib/python3.12/site-packages/airflow/example_dags/example_bash_operator.py
[2026-05-04T01:34:17.676+0300] {processor.py:925} INFO - DAG(s) 'example_bash_operator' retrieved from /home/nikita/airflow-setup/ENV/lib/python3.12/site-packages/airflow/example_dags/example_bash_operator.py
[2026-05-04T01:34:17.690+0300] {logging_mixin.py:190} INFO - [2026-05-04T01:34:17.690+0300] {dag.py:3239} INFO - Sync 1 DAGs
[2026-05-04T01:34:17.703+0300] {logging_mixin.py:190} INFO - [2026-05-04T01:34:17.703+0300] {dag.py:4180} INFO - Setting next_dagrun for example_bash_operator to 2026-05-02 00:00:00+00:00, run_after=2026-05-03 00:00:00+00:00
[2026-05-04T01:34:17.718+0300] {processor.py:208} INFO - Processing /home/nikita/airflow-setup/ENV/lib/python3.12/site-packages/airflow/example_dags/example_bash_operator.py took 0.066 seconds
[2026-05-04T01:35:22.621+0300] {processor.py:186} INFO - Started process (PID=21616) to work on /home/nikita/airflow-setup/ENV/lib/python3.12/site-packages/airflow/example_dags/example_bash_operator.py
[2026-05-04T01:35:22.623+0300] {processor.py:914} INFO - Processing file /home/nikita/airflow-setup/ENV/lib/python3.12/site-packages/airflow/example_dags/example_bash_operator.py for tasks to queue
[2026-05-04T01:35:22.624+0300] {logging_mixin.py:190} INFO - [2026-05-04T01:35:22.624+0300] {dagbag.py:588} INFO - Filling up the DagBag from /home/nikita/airflow-setup/ENV/lib/python3.12/site-packages/airflow/example_dags/example_bash_operator.py
[2026-05-04T01:35:22.635+0300] {processor.py:925} INFO - DAG(s) 'example_bash_operator' retrieved from /home/nikita/airflow-setup/ENV/lib/python3.12/site-packages/airflow/example_dags/example_bash_operator.py
[2026-05-04T01:35:22.651+0300] {logging_mixin.py:190} INFO - [2026-05-04T01:35:22.650+0300] {dag.py:3239} INFO - Sync 1 DAGs
[2026-05-04T01:35:22.667+0300] {logging_mixin.py:190} INFO - [2026-05-04T01:35:22.667+0300] {dag.py:4180} INFO - Setting next_dagrun for example_bash_operator to 2026-05-02 00:00:00+00:00, run_after=2026-05-03 00:00:00+00:00
[2026-05-04T01:35:22.685+0300] {processor.py:208} INFO - Processing /home/nikita/airflow-setup/ENV/lib/python3.12/site-packages/airflow/example_dags/example_bash_operator.py took 0.068 seconds
