[2026-05-04T00:45:50.538+0300] {processor.py:186} INFO - Started process (PID=5946) to work on /home/nikita/airflow-setup/ENV/lib/python3.12/site-packages/airflow/example_dags/example_short_circuit_decorator.py
[2026-05-04T00:45:50.539+0300] {processor.py:914} INFO - Processing file /home/nikita/airflow-setup/ENV/lib/python3.12/site-packages/airflow/example_dags/example_short_circuit_decorator.py for tasks to queue
[2026-05-04T00:45:50.540+0300] {logging_mixin.py:190} INFO - [2026-05-04T00:45:50.540+0300] {dagbag.py:588} INFO - Filling up the DagBag from /home/nikita/airflow-setup/ENV/lib/python3.12/site-packages/airflow/example_dags/example_short_circuit_decorator.py
[2026-05-04T00:45:50.547+0300] {processor.py:925} INFO - DAG(s) 'example_short_circuit_decorator' retrieved from /home/nikita/airflow-setup/ENV/lib/python3.12/site-packages/airflow/example_dags/example_short_circuit_decorator.py
[2026-05-04T00:45:50.631+0300] {logging_mixin.py:190} INFO - [2026-05-04T00:45:50.631+0300] {override.py:1930} INFO - Created Permission View: can read on DAG:example_short_circuit_decorator
[2026-05-04T00:45:50.640+0300] {logging_mixin.py:190} INFO - [2026-05-04T00:45:50.640+0300] {override.py:1930} INFO - Created Permission View: can delete on DAG:example_short_circuit_decorator
[2026-05-04T00:45:50.647+0300] {logging_mixin.py:190} INFO - [2026-05-04T00:45:50.647+0300] {override.py:1930} INFO - Created Permission View: can edit on DAG:example_short_circuit_decorator
[2026-05-04T00:45:50.660+0300] {logging_mixin.py:190} INFO - [2026-05-04T00:45:50.660+0300] {override.py:1930} INFO - Created Permission View: can read on DAG Run:example_short_circuit_decorator
[2026-05-04T00:45:50.668+0300] {logging_mixin.py:190} INFO - [2026-05-04T00:45:50.668+0300] {override.py:1930} INFO - Created Permission View: can delete on DAG Run:example_short_circuit_decorator
[2026-05-04T00:45:50.675+0300] {logging_mixin.py:190} INFO - [2026-05-04T00:45:50.674+0300] {override.py:1930} INFO - Created Permission View: menu access on DAG Run:example_short_circuit_decorator
[2026-05-04T00:45:50.680+0300] {logging_mixin.py:190} INFO - [2026-05-04T00:45:50.680+0300] {override.py:1930} INFO - Created Permission View: can create on DAG Run:example_short_circuit_decorator
[2026-05-04T00:45:50.681+0300] {logging_mixin.py:190} INFO - [2026-05-04T00:45:50.680+0300] {dag.py:3239} INFO - Sync 1 DAGs
[2026-05-04T00:45:50.689+0300] {logging_mixin.py:190} INFO - [2026-05-04T00:45:50.689+0300] {dag.py:3262} INFO - Creating ORM DAG for example_short_circuit_decorator
[2026-05-04T00:45:50.689+0300] {logging_mixin.py:190} INFO - [2026-05-04T00:45:50.689+0300] {dag.py:4180} INFO - Setting next_dagrun for example_short_circuit_decorator to None, run_after=None
[2026-05-04T00:45:50.704+0300] {processor.py:208} INFO - Processing /home/nikita/airflow-setup/ENV/lib/python3.12/site-packages/airflow/example_dags/example_short_circuit_decorator.py took 0.170 seconds
[2026-05-04T00:46:54.172+0300] {processor.py:186} INFO - Started process (PID=6007) to work on /home/nikita/airflow-setup/ENV/lib/python3.12/site-packages/airflow/example_dags/example_short_circuit_decorator.py
[2026-05-04T00:46:54.182+0300] {processor.py:914} INFO - Processing file /home/nikita/airflow-setup/ENV/lib/python3.12/site-packages/airflow/example_dags/example_short_circuit_decorator.py for tasks to queue
[2026-05-04T00:46:54.188+0300] {logging_mixin.py:190} INFO - [2026-05-04T00:46:54.187+0300] {dagbag.py:588} INFO - Filling up the DagBag from /home/nikita/airflow-setup/ENV/lib/python3.12/site-packages/airflow/example_dags/example_short_circuit_decorator.py
[2026-05-04T00:46:54.208+0300] {processor.py:925} INFO - DAG(s) 'example_short_circuit_decorator' retrieved from /home/nikita/airflow-setup/ENV/lib/python3.12/site-packages/airflow/example_dags/example_short_circuit_decorator.py
[2026-05-04T00:46:54.234+0300] {logging_mixin.py:190} INFO - [2026-05-04T00:46:54.233+0300] {dag.py:3239} INFO - Sync 1 DAGs
[2026-05-04T00:46:54.249+0300] {logging_mixin.py:190} INFO - [2026-05-04T00:46:54.249+0300] {dag.py:4180} INFO - Setting next_dagrun for example_short_circuit_decorator to None, run_after=None
[2026-05-04T00:46:54.272+0300] {processor.py:208} INFO - Processing /home/nikita/airflow-setup/ENV/lib/python3.12/site-packages/airflow/example_dags/example_short_circuit_decorator.py took 0.106 seconds
[2026-05-04T00:47:54.875+0300] {processor.py:186} INFO - Started process (PID=6082) to work on /home/nikita/airflow-setup/ENV/lib/python3.12/site-packages/airflow/example_dags/example_short_circuit_decorator.py
[2026-05-04T00:47:54.876+0300] {processor.py:914} INFO - Processing file /home/nikita/airflow-setup/ENV/lib/python3.12/site-packages/airflow/example_dags/example_short_circuit_decorator.py for tasks to queue
[2026-05-04T00:47:54.878+0300] {logging_mixin.py:190} INFO - [2026-05-04T00:47:54.878+0300] {dagbag.py:588} INFO - Filling up the DagBag from /home/nikita/airflow-setup/ENV/lib/python3.12/site-packages/airflow/example_dags/example_short_circuit_decorator.py
[2026-05-04T00:47:54.886+0300] {processor.py:925} INFO - DAG(s) 'example_short_circuit_decorator' retrieved from /home/nikita/airflow-setup/ENV/lib/python3.12/site-packages/airflow/example_dags/example_short_circuit_decorator.py
[2026-05-04T00:47:54.900+0300] {logging_mixin.py:190} INFO - [2026-05-04T00:47:54.900+0300] {dag.py:3239} INFO - Sync 1 DAGs
[2026-05-04T00:47:54.910+0300] {logging_mixin.py:190} INFO - [2026-05-04T00:47:54.910+0300] {dag.py:4180} INFO - Setting next_dagrun for example_short_circuit_decorator to None, run_after=None
[2026-05-04T00:47:54.927+0300] {processor.py:208} INFO - Processing /home/nikita/airflow-setup/ENV/lib/python3.12/site-packages/airflow/example_dags/example_short_circuit_decorator.py took 0.057 seconds
[2026-05-04T00:48:55.454+0300] {processor.py:186} INFO - Started process (PID=6140) to work on /home/nikita/airflow-setup/ENV/lib/python3.12/site-packages/airflow/example_dags/example_short_circuit_decorator.py
[2026-05-04T00:48:55.455+0300] {processor.py:914} INFO - Processing file /home/nikita/airflow-setup/ENV/lib/python3.12/site-packages/airflow/example_dags/example_short_circuit_decorator.py for tasks to queue
[2026-05-04T00:48:55.457+0300] {logging_mixin.py:190} INFO - [2026-05-04T00:48:55.457+0300] {dagbag.py:588} INFO - Filling up the DagBag from /home/nikita/airflow-setup/ENV/lib/python3.12/site-packages/airflow/example_dags/example_short_circuit_decorator.py
[2026-05-04T00:48:55.464+0300] {processor.py:925} INFO - DAG(s) 'example_short_circuit_decorator' retrieved from /home/nikita/airflow-setup/ENV/lib/python3.12/site-packages/airflow/example_dags/example_short_circuit_decorator.py
[2026-05-04T00:48:55.477+0300] {logging_mixin.py:190} INFO - [2026-05-04T00:48:55.476+0300] {dag.py:3239} INFO - Sync 1 DAGs
[2026-05-04T00:48:55.486+0300] {logging_mixin.py:190} INFO - [2026-05-04T00:48:55.485+0300] {dag.py:4180} INFO - Setting next_dagrun for example_short_circuit_decorator to None, run_after=None
[2026-05-04T00:48:55.503+0300] {processor.py:208} INFO - Processing /home/nikita/airflow-setup/ENV/lib/python3.12/site-packages/airflow/example_dags/example_short_circuit_decorator.py took 0.053 seconds
[2026-05-04T00:49:52.807+0300] {processor.py:186} INFO - Started process (PID=6197) to work on /home/nikita/airflow-setup/ENV/lib/python3.12/site-packages/airflow/example_dags/example_short_circuit_decorator.py
[2026-05-04T00:49:52.817+0300] {processor.py:914} INFO - Processing file /home/nikita/airflow-setup/ENV/lib/python3.12/site-packages/airflow/example_dags/example_short_circuit_decorator.py for tasks to queue
[2026-05-04T00:49:52.819+0300] {logging_mixin.py:190} INFO - [2026-05-04T00:49:52.819+0300] {dagbag.py:588} INFO - Filling up the DagBag from /home/nikita/airflow-setup/ENV/lib/python3.12/site-packages/airflow/example_dags/example_short_circuit_decorator.py
[2026-05-04T00:49:52.825+0300] {processor.py:925} INFO - DAG(s) 'example_short_circuit_decorator' retrieved from /home/nikita/airflow-setup/ENV/lib/python3.12/site-packages/airflow/example_dags/example_short_circuit_decorator.py
[2026-05-04T00:49:52.837+0300] {logging_mixin.py:190} INFO - [2026-05-04T00:49:52.837+0300] {dag.py:3239} INFO - Sync 1 DAGs
[2026-05-04T00:49:52.846+0300] {logging_mixin.py:190} INFO - [2026-05-04T00:49:52.845+0300] {dag.py:4180} INFO - Setting next_dagrun for example_short_circuit_decorator to None, run_after=None
[2026-05-04T00:49:52.865+0300] {processor.py:208} INFO - Processing /home/nikita/airflow-setup/ENV/lib/python3.12/site-packages/airflow/example_dags/example_short_circuit_decorator.py took 0.062 seconds
[2026-05-04T00:50:46.395+0300] {processor.py:186} INFO - Started process (PID=6276) to work on /home/nikita/airflow-setup/ENV/lib/python3.12/site-packages/airflow/example_dags/example_short_circuit_decorator.py
[2026-05-04T00:50:46.397+0300] {processor.py:914} INFO - Processing file /home/nikita/airflow-setup/ENV/lib/python3.12/site-packages/airflow/example_dags/example_short_circuit_decorator.py for tasks to queue
[2026-05-04T00:50:46.400+0300] {logging_mixin.py:190} INFO - [2026-05-04T00:50:46.399+0300] {dagbag.py:588} INFO - Filling up the DagBag from /home/nikita/airflow-setup/ENV/lib/python3.12/site-packages/airflow/example_dags/example_short_circuit_decorator.py
[2026-05-04T00:50:46.410+0300] {processor.py:925} INFO - DAG(s) 'example_short_circuit_decorator' retrieved from /home/nikita/airflow-setup/ENV/lib/python3.12/site-packages/airflow/example_dags/example_short_circuit_decorator.py
[2026-05-04T00:50:46.427+0300] {logging_mixin.py:190} INFO - [2026-05-04T00:50:46.427+0300] {dag.py:3239} INFO - Sync 1 DAGs
[2026-05-04T00:50:46.438+0300] {logging_mixin.py:190} INFO - [2026-05-04T00:50:46.438+0300] {dag.py:4180} INFO - Setting next_dagrun for example_short_circuit_decorator to None, run_after=None
[2026-05-04T00:50:46.457+0300] {processor.py:208} INFO - Processing /home/nikita/airflow-setup/ENV/lib/python3.12/site-packages/airflow/example_dags/example_short_circuit_decorator.py took 0.068 seconds
[2026-05-04T00:51:41.042+0300] {processor.py:186} INFO - Started process (PID=6329) to work on /home/nikita/airflow-setup/ENV/lib/python3.12/site-packages/airflow/example_dags/example_short_circuit_decorator.py
[2026-05-04T00:51:41.052+0300] {processor.py:914} INFO - Processing file /home/nikita/airflow-setup/ENV/lib/python3.12/site-packages/airflow/example_dags/example_short_circuit_decorator.py for tasks to queue
[2026-05-04T00:51:41.054+0300] {logging_mixin.py:190} INFO - [2026-05-04T00:51:41.053+0300] {dagbag.py:588} INFO - Filling up the DagBag from /home/nikita/airflow-setup/ENV/lib/python3.12/site-packages/airflow/example_dags/example_short_circuit_decorator.py
[2026-05-04T00:51:41.061+0300] {processor.py:925} INFO - DAG(s) 'example_short_circuit_decorator' retrieved from /home/nikita/airflow-setup/ENV/lib/python3.12/site-packages/airflow/example_dags/example_short_circuit_decorator.py
[2026-05-04T00:51:41.074+0300] {logging_mixin.py:190} INFO - [2026-05-04T00:51:41.074+0300] {dag.py:3239} INFO - Sync 1 DAGs
[2026-05-04T00:51:41.083+0300] {logging_mixin.py:190} INFO - [2026-05-04T00:51:41.083+0300] {dag.py:4180} INFO - Setting next_dagrun for example_short_circuit_decorator to None, run_after=None
[2026-05-04T00:51:41.099+0300] {processor.py:208} INFO - Processing /home/nikita/airflow-setup/ENV/lib/python3.12/site-packages/airflow/example_dags/example_short_circuit_decorator.py took 0.062 seconds
[2026-05-04T00:52:41.410+0300] {processor.py:186} INFO - Started process (PID=6386) to work on /home/nikita/airflow-setup/ENV/lib/python3.12/site-packages/airflow/example_dags/example_short_circuit_decorator.py
[2026-05-04T00:52:41.412+0300] {processor.py:914} INFO - Processing file /home/nikita/airflow-setup/ENV/lib/python3.12/site-packages/airflow/example_dags/example_short_circuit_decorator.py for tasks to queue
[2026-05-04T00:52:41.415+0300] {logging_mixin.py:190} INFO - [2026-05-04T00:52:41.415+0300] {dagbag.py:588} INFO - Filling up the DagBag from /home/nikita/airflow-setup/ENV/lib/python3.12/site-packages/airflow/example_dags/example_short_circuit_decorator.py
[2026-05-04T00:52:41.428+0300] {processor.py:925} INFO - DAG(s) 'example_short_circuit_decorator' retrieved from /home/nikita/airflow-setup/ENV/lib/python3.12/site-packages/airflow/example_dags/example_short_circuit_decorator.py
[2026-05-04T00:52:41.442+0300] {logging_mixin.py:190} INFO - [2026-05-04T00:52:41.442+0300] {dag.py:3239} INFO - Sync 1 DAGs
[2026-05-04T00:52:41.453+0300] {logging_mixin.py:190} INFO - [2026-05-04T00:52:41.453+0300] {dag.py:4180} INFO - Setting next_dagrun for example_short_circuit_decorator to None, run_after=None
[2026-05-04T00:52:41.476+0300] {processor.py:208} INFO - Processing /home/nikita/airflow-setup/ENV/lib/python3.12/site-packages/airflow/example_dags/example_short_circuit_decorator.py took 0.072 seconds
[2026-05-04T00:53:44.287+0300] {processor.py:186} INFO - Started process (PID=6466) to work on /home/nikita/airflow-setup/ENV/lib/python3.12/site-packages/airflow/example_dags/example_short_circuit_decorator.py
[2026-05-04T00:53:44.296+0300] {processor.py:914} INFO - Processing file /home/nikita/airflow-setup/ENV/lib/python3.12/site-packages/airflow/example_dags/example_short_circuit_decorator.py for tasks to queue
[2026-05-04T00:53:44.298+0300] {logging_mixin.py:190} INFO - [2026-05-04T00:53:44.298+0300] {dagbag.py:588} INFO - Filling up the DagBag from /home/nikita/airflow-setup/ENV/lib/python3.12/site-packages/airflow/example_dags/example_short_circuit_decorator.py
[2026-05-04T00:53:44.305+0300] {processor.py:925} INFO - DAG(s) 'example_short_circuit_decorator' retrieved from /home/nikita/airflow-setup/ENV/lib/python3.12/site-packages/airflow/example_dags/example_short_circuit_decorator.py
[2026-05-04T00:53:44.317+0300] {logging_mixin.py:190} INFO - [2026-05-04T00:53:44.317+0300] {dag.py:3239} INFO - Sync 1 DAGs
[2026-05-04T00:53:44.325+0300] {logging_mixin.py:190} INFO - [2026-05-04T00:53:44.325+0300] {dag.py:4180} INFO - Setting next_dagrun for example_short_circuit_decorator to None, run_after=None
[2026-05-04T00:53:44.342+0300] {processor.py:208} INFO - Processing /home/nikita/airflow-setup/ENV/lib/python3.12/site-packages/airflow/example_dags/example_short_circuit_decorator.py took 0.059 seconds
[2026-05-04T00:54:45.719+0300] {processor.py:186} INFO - Started process (PID=6533) to work on /home/nikita/airflow-setup/ENV/lib/python3.12/site-packages/airflow/example_dags/example_short_circuit_decorator.py
[2026-05-04T00:54:45.728+0300] {processor.py:914} INFO - Processing file /home/nikita/airflow-setup/ENV/lib/python3.12/site-packages/airflow/example_dags/example_short_circuit_decorator.py for tasks to queue
[2026-05-04T00:54:45.730+0300] {logging_mixin.py:190} INFO - [2026-05-04T00:54:45.730+0300] {dagbag.py:588} INFO - Filling up the DagBag from /home/nikita/airflow-setup/ENV/lib/python3.12/site-packages/airflow/example_dags/example_short_circuit_decorator.py
[2026-05-04T00:54:45.738+0300] {processor.py:925} INFO - DAG(s) 'example_short_circuit_decorator' retrieved from /home/nikita/airflow-setup/ENV/lib/python3.12/site-packages/airflow/example_dags/example_short_circuit_decorator.py
[2026-05-04T00:54:45.754+0300] {logging_mixin.py:190} INFO - [2026-05-04T00:54:45.754+0300] {dag.py:3239} INFO - Sync 1 DAGs
[2026-05-04T00:54:45.766+0300] {logging_mixin.py:190} INFO - [2026-05-04T00:54:45.766+0300] {dag.py:4180} INFO - Setting next_dagrun for example_short_circuit_decorator to None, run_after=None
[2026-05-04T00:54:45.784+0300] {processor.py:208} INFO - Processing /home/nikita/airflow-setup/ENV/lib/python3.12/site-packages/airflow/example_dags/example_short_circuit_decorator.py took 0.070 seconds
[2026-05-04T00:55:49.700+0300] {processor.py:186} INFO - Started process (PID=6592) to work on /home/nikita/airflow-setup/ENV/lib/python3.12/site-packages/airflow/example_dags/example_short_circuit_decorator.py
[2026-05-04T00:55:49.709+0300] {processor.py:914} INFO - Processing file /home/nikita/airflow-setup/ENV/lib/python3.12/site-packages/airflow/example_dags/example_short_circuit_decorator.py for tasks to queue
[2026-05-04T00:55:49.711+0300] {logging_mixin.py:190} INFO - [2026-05-04T00:55:49.711+0300] {dagbag.py:588} INFO - Filling up the DagBag from /home/nikita/airflow-setup/ENV/lib/python3.12/site-packages/airflow/example_dags/example_short_circuit_decorator.py
[2026-05-04T00:55:49.719+0300] {processor.py:925} INFO - DAG(s) 'example_short_circuit_decorator' retrieved from /home/nikita/airflow-setup/ENV/lib/python3.12/site-packages/airflow/example_dags/example_short_circuit_decorator.py
[2026-05-04T00:55:49.735+0300] {logging_mixin.py:190} INFO - [2026-05-04T00:55:49.735+0300] {dag.py:3239} INFO - Sync 1 DAGs
[2026-05-04T00:55:49.746+0300] {logging_mixin.py:190} INFO - [2026-05-04T00:55:49.746+0300] {dag.py:4180} INFO - Setting next_dagrun for example_short_circuit_decorator to None, run_after=None
[2026-05-04T00:55:49.763+0300] {processor.py:208} INFO - Processing /home/nikita/airflow-setup/ENV/lib/python3.12/site-packages/airflow/example_dags/example_short_circuit_decorator.py took 0.068 seconds
[2026-05-04T00:56:48.152+0300] {processor.py:186} INFO - Started process (PID=6844) to work on /home/nikita/airflow-setup/ENV/lib/python3.12/site-packages/airflow/example_dags/example_short_circuit_decorator.py
[2026-05-04T00:56:48.162+0300] {processor.py:914} INFO - Processing file /home/nikita/airflow-setup/ENV/lib/python3.12/site-packages/airflow/example_dags/example_short_circuit_decorator.py for tasks to queue
[2026-05-04T00:56:48.164+0300] {logging_mixin.py:190} INFO - [2026-05-04T00:56:48.164+0300] {dagbag.py:588} INFO - Filling up the DagBag from /home/nikita/airflow-setup/ENV/lib/python3.12/site-packages/airflow/example_dags/example_short_circuit_decorator.py
[2026-05-04T00:56:48.177+0300] {processor.py:925} INFO - DAG(s) 'example_short_circuit_decorator' retrieved from /home/nikita/airflow-setup/ENV/lib/python3.12/site-packages/airflow/example_dags/example_short_circuit_decorator.py
[2026-05-04T00:56:48.196+0300] {logging_mixin.py:190} INFO - [2026-05-04T00:56:48.196+0300] {dag.py:3239} INFO - Sync 1 DAGs
[2026-05-04T00:56:48.210+0300] {logging_mixin.py:190} INFO - [2026-05-04T00:56:48.209+0300] {dag.py:4180} INFO - Setting next_dagrun for example_short_circuit_decorator to None, run_after=None
[2026-05-04T00:56:48.234+0300] {processor.py:208} INFO - Processing /home/nikita/airflow-setup/ENV/lib/python3.12/site-packages/airflow/example_dags/example_short_circuit_decorator.py took 0.087 seconds
[2026-05-04T00:57:49.427+0300] {processor.py:186} INFO - Started process (PID=7144) to work on /home/nikita/airflow-setup/ENV/lib/python3.12/site-packages/airflow/example_dags/example_short_circuit_decorator.py
[2026-05-04T00:57:49.436+0300] {processor.py:914} INFO - Processing file /home/nikita/airflow-setup/ENV/lib/python3.12/site-packages/airflow/example_dags/example_short_circuit_decorator.py for tasks to queue
[2026-05-04T00:57:49.438+0300] {logging_mixin.py:190} INFO - [2026-05-04T00:57:49.438+0300] {dagbag.py:588} INFO - Filling up the DagBag from /home/nikita/airflow-setup/ENV/lib/python3.12/site-packages/airflow/example_dags/example_short_circuit_decorator.py
[2026-05-04T00:57:49.447+0300] {processor.py:925} INFO - DAG(s) 'example_short_circuit_decorator' retrieved from /home/nikita/airflow-setup/ENV/lib/python3.12/site-packages/airflow/example_dags/example_short_circuit_decorator.py
[2026-05-04T00:57:49.460+0300] {logging_mixin.py:190} INFO - [2026-05-04T00:57:49.460+0300] {dag.py:3239} INFO - Sync 1 DAGs
[2026-05-04T00:57:49.470+0300] {logging_mixin.py:190} INFO - [2026-05-04T00:57:49.469+0300] {dag.py:4180} INFO - Setting next_dagrun for example_short_circuit_decorator to None, run_after=None
[2026-05-04T00:57:49.485+0300] {processor.py:208} INFO - Processing /home/nikita/airflow-setup/ENV/lib/python3.12/site-packages/airflow/example_dags/example_short_circuit_decorator.py took 0.062 seconds
[2026-05-04T00:58:47.147+0300] {processor.py:186} INFO - Started process (PID=7367) to work on /home/nikita/airflow-setup/ENV/lib/python3.12/site-packages/airflow/example_dags/example_short_circuit_decorator.py
[2026-05-04T00:58:47.149+0300] {processor.py:914} INFO - Processing file /home/nikita/airflow-setup/ENV/lib/python3.12/site-packages/airflow/example_dags/example_short_circuit_decorator.py for tasks to queue
[2026-05-04T00:58:47.151+0300] {logging_mixin.py:190} INFO - [2026-05-04T00:58:47.151+0300] {dagbag.py:588} INFO - Filling up the DagBag from /home/nikita/airflow-setup/ENV/lib/python3.12/site-packages/airflow/example_dags/example_short_circuit_decorator.py
[2026-05-04T00:58:47.158+0300] {processor.py:925} INFO - DAG(s) 'example_short_circuit_decorator' retrieved from /home/nikita/airflow-setup/ENV/lib/python3.12/site-packages/airflow/example_dags/example_short_circuit_decorator.py
[2026-05-04T00:58:47.172+0300] {logging_mixin.py:190} INFO - [2026-05-04T00:58:47.172+0300] {dag.py:3239} INFO - Sync 1 DAGs
[2026-05-04T00:58:47.181+0300] {logging_mixin.py:190} INFO - [2026-05-04T00:58:47.181+0300] {dag.py:4180} INFO - Setting next_dagrun for example_short_circuit_decorator to None, run_after=None
[2026-05-04T00:58:47.198+0300] {processor.py:208} INFO - Processing /home/nikita/airflow-setup/ENV/lib/python3.12/site-packages/airflow/example_dags/example_short_circuit_decorator.py took 0.055 seconds
[2026-05-04T00:59:47.026+0300] {processor.py:186} INFO - Started process (PID=8194) to work on /home/nikita/airflow-setup/ENV/lib/python3.12/site-packages/airflow/example_dags/example_short_circuit_decorator.py
[2026-05-04T00:59:47.035+0300] {processor.py:914} INFO - Processing file /home/nikita/airflow-setup/ENV/lib/python3.12/site-packages/airflow/example_dags/example_short_circuit_decorator.py for tasks to queue
[2026-05-04T00:59:47.039+0300] {logging_mixin.py:190} INFO - [2026-05-04T00:59:47.038+0300] {dagbag.py:588} INFO - Filling up the DagBag from /home/nikita/airflow-setup/ENV/lib/python3.12/site-packages/airflow/example_dags/example_short_circuit_decorator.py
[2026-05-04T00:59:47.049+0300] {processor.py:925} INFO - DAG(s) 'example_short_circuit_decorator' retrieved from /home/nikita/airflow-setup/ENV/lib/python3.12/site-packages/airflow/example_dags/example_short_circuit_decorator.py
[2026-05-04T00:59:47.064+0300] {logging_mixin.py:190} INFO - [2026-05-04T00:59:47.064+0300] {dag.py:3239} INFO - Sync 1 DAGs
[2026-05-04T00:59:47.074+0300] {logging_mixin.py:190} INFO - [2026-05-04T00:59:47.074+0300] {dag.py:4180} INFO - Setting next_dagrun for example_short_circuit_decorator to None, run_after=None
[2026-05-04T00:59:47.092+0300] {processor.py:208} INFO - Processing /home/nikita/airflow-setup/ENV/lib/python3.12/site-packages/airflow/example_dags/example_short_circuit_decorator.py took 0.071 seconds
[2026-05-04T01:00:51.709+0300] {processor.py:186} INFO - Started process (PID=8461) to work on /home/nikita/airflow-setup/ENV/lib/python3.12/site-packages/airflow/example_dags/example_short_circuit_decorator.py
[2026-05-04T01:00:51.710+0300] {processor.py:914} INFO - Processing file /home/nikita/airflow-setup/ENV/lib/python3.12/site-packages/airflow/example_dags/example_short_circuit_decorator.py for tasks to queue
[2026-05-04T01:00:51.713+0300] {logging_mixin.py:190} INFO - [2026-05-04T01:00:51.712+0300] {dagbag.py:588} INFO - Filling up the DagBag from /home/nikita/airflow-setup/ENV/lib/python3.12/site-packages/airflow/example_dags/example_short_circuit_decorator.py
[2026-05-04T01:00:51.721+0300] {processor.py:925} INFO - DAG(s) 'example_short_circuit_decorator' retrieved from /home/nikita/airflow-setup/ENV/lib/python3.12/site-packages/airflow/example_dags/example_short_circuit_decorator.py
[2026-05-04T01:00:51.734+0300] {logging_mixin.py:190} INFO - [2026-05-04T01:00:51.734+0300] {dag.py:3239} INFO - Sync 1 DAGs
[2026-05-04T01:00:51.745+0300] {logging_mixin.py:190} INFO - [2026-05-04T01:00:51.745+0300] {dag.py:4180} INFO - Setting next_dagrun for example_short_circuit_decorator to None, run_after=None
[2026-05-04T01:00:51.762+0300] {processor.py:208} INFO - Processing /home/nikita/airflow-setup/ENV/lib/python3.12/site-packages/airflow/example_dags/example_short_circuit_decorator.py took 0.058 seconds
[2026-05-04T01:01:58.406+0300] {processor.py:186} INFO - Started process (PID=9072) to work on /home/nikita/airflow-setup/ENV/lib/python3.12/site-packages/airflow/example_dags/example_short_circuit_decorator.py
[2026-05-04T01:01:58.408+0300] {processor.py:914} INFO - Processing file /home/nikita/airflow-setup/ENV/lib/python3.12/site-packages/airflow/example_dags/example_short_circuit_decorator.py for tasks to queue
[2026-05-04T01:01:58.409+0300] {logging_mixin.py:190} INFO - [2026-05-04T01:01:58.409+0300] {dagbag.py:588} INFO - Filling up the DagBag from /home/nikita/airflow-setup/ENV/lib/python3.12/site-packages/airflow/example_dags/example_short_circuit_decorator.py
[2026-05-04T01:01:58.417+0300] {processor.py:925} INFO - DAG(s) 'example_short_circuit_decorator' retrieved from /home/nikita/airflow-setup/ENV/lib/python3.12/site-packages/airflow/example_dags/example_short_circuit_decorator.py
[2026-05-04T01:01:58.431+0300] {logging_mixin.py:190} INFO - [2026-05-04T01:01:58.431+0300] {dag.py:3239} INFO - Sync 1 DAGs
[2026-05-04T01:01:58.440+0300] {logging_mixin.py:190} INFO - [2026-05-04T01:01:58.440+0300] {dag.py:4180} INFO - Setting next_dagrun for example_short_circuit_decorator to None, run_after=None
[2026-05-04T01:01:58.456+0300] {processor.py:208} INFO - Processing /home/nikita/airflow-setup/ENV/lib/python3.12/site-packages/airflow/example_dags/example_short_circuit_decorator.py took 0.054 seconds
[2026-05-04T01:03:05.722+0300] {processor.py:186} INFO - Started process (PID=9617) to work on /home/nikita/airflow-setup/ENV/lib/python3.12/site-packages/airflow/example_dags/example_short_circuit_decorator.py
[2026-05-04T01:03:05.724+0300] {processor.py:914} INFO - Processing file /home/nikita/airflow-setup/ENV/lib/python3.12/site-packages/airflow/example_dags/example_short_circuit_decorator.py for tasks to queue
[2026-05-04T01:03:05.725+0300] {logging_mixin.py:190} INFO - [2026-05-04T01:03:05.725+0300] {dagbag.py:588} INFO - Filling up the DagBag from /home/nikita/airflow-setup/ENV/lib/python3.12/site-packages/airflow/example_dags/example_short_circuit_decorator.py
[2026-05-04T01:03:05.733+0300] {processor.py:925} INFO - DAG(s) 'example_short_circuit_decorator' retrieved from /home/nikita/airflow-setup/ENV/lib/python3.12/site-packages/airflow/example_dags/example_short_circuit_decorator.py
[2026-05-04T01:03:05.745+0300] {logging_mixin.py:190} INFO - [2026-05-04T01:03:05.745+0300] {dag.py:3239} INFO - Sync 1 DAGs
[2026-05-04T01:03:05.756+0300] {logging_mixin.py:190} INFO - [2026-05-04T01:03:05.755+0300] {dag.py:4180} INFO - Setting next_dagrun for example_short_circuit_decorator to None, run_after=None
[2026-05-04T01:03:05.772+0300] {processor.py:208} INFO - Processing /home/nikita/airflow-setup/ENV/lib/python3.12/site-packages/airflow/example_dags/example_short_circuit_decorator.py took 0.054 seconds
[2026-05-04T01:04:07.499+0300] {processor.py:186} INFO - Started process (PID=9883) to work on /home/nikita/airflow-setup/ENV/lib/python3.12/site-packages/airflow/example_dags/example_short_circuit_decorator.py
[2026-05-04T01:04:07.501+0300] {processor.py:914} INFO - Processing file /home/nikita/airflow-setup/ENV/lib/python3.12/site-packages/airflow/example_dags/example_short_circuit_decorator.py for tasks to queue
[2026-05-04T01:04:07.502+0300] {logging_mixin.py:190} INFO - [2026-05-04T01:04:07.502+0300] {dagbag.py:588} INFO - Filling up the DagBag from /home/nikita/airflow-setup/ENV/lib/python3.12/site-packages/airflow/example_dags/example_short_circuit_decorator.py
[2026-05-04T01:04:07.510+0300] {processor.py:925} INFO - DAG(s) 'example_short_circuit_decorator' retrieved from /home/nikita/airflow-setup/ENV/lib/python3.12/site-packages/airflow/example_dags/example_short_circuit_decorator.py
[2026-05-04T01:04:07.522+0300] {logging_mixin.py:190} INFO - [2026-05-04T01:04:07.522+0300] {dag.py:3239} INFO - Sync 1 DAGs
[2026-05-04T01:04:07.531+0300] {logging_mixin.py:190} INFO - [2026-05-04T01:04:07.531+0300] {dag.py:4180} INFO - Setting next_dagrun for example_short_circuit_decorator to None, run_after=None
[2026-05-04T01:04:07.547+0300] {processor.py:208} INFO - Processing /home/nikita/airflow-setup/ENV/lib/python3.12/site-packages/airflow/example_dags/example_short_circuit_decorator.py took 0.051 seconds
[2026-05-04T01:05:13.305+0300] {processor.py:186} INFO - Started process (PID=10140) to work on /home/nikita/airflow-setup/ENV/lib/python3.12/site-packages/airflow/example_dags/example_short_circuit_decorator.py
[2026-05-04T01:05:13.315+0300] {processor.py:914} INFO - Processing file /home/nikita/airflow-setup/ENV/lib/python3.12/site-packages/airflow/example_dags/example_short_circuit_decorator.py for tasks to queue
[2026-05-04T01:05:13.316+0300] {logging_mixin.py:190} INFO - [2026-05-04T01:05:13.316+0300] {dagbag.py:588} INFO - Filling up the DagBag from /home/nikita/airflow-setup/ENV/lib/python3.12/site-packages/airflow/example_dags/example_short_circuit_decorator.py
[2026-05-04T01:05:13.324+0300] {processor.py:925} INFO - DAG(s) 'example_short_circuit_decorator' retrieved from /home/nikita/airflow-setup/ENV/lib/python3.12/site-packages/airflow/example_dags/example_short_circuit_decorator.py
[2026-05-04T01:05:13.337+0300] {logging_mixin.py:190} INFO - [2026-05-04T01:05:13.337+0300] {dag.py:3239} INFO - Sync 1 DAGs
[2026-05-04T01:05:13.346+0300] {logging_mixin.py:190} INFO - [2026-05-04T01:05:13.346+0300] {dag.py:4180} INFO - Setting next_dagrun for example_short_circuit_decorator to None, run_after=None
[2026-05-04T01:05:13.363+0300] {processor.py:208} INFO - Processing /home/nikita/airflow-setup/ENV/lib/python3.12/site-packages/airflow/example_dags/example_short_circuit_decorator.py took 0.062 seconds
[2026-05-04T01:06:19.208+0300] {processor.py:186} INFO - Started process (PID=10417) to work on /home/nikita/airflow-setup/ENV/lib/python3.12/site-packages/airflow/example_dags/example_short_circuit_decorator.py
[2026-05-04T01:06:19.217+0300] {processor.py:914} INFO - Processing file /home/nikita/airflow-setup/ENV/lib/python3.12/site-packages/airflow/example_dags/example_short_circuit_decorator.py for tasks to queue
[2026-05-04T01:06:19.218+0300] {logging_mixin.py:190} INFO - [2026-05-04T01:06:19.218+0300] {dagbag.py:588} INFO - Filling up the DagBag from /home/nikita/airflow-setup/ENV/lib/python3.12/site-packages/airflow/example_dags/example_short_circuit_decorator.py
[2026-05-04T01:06:19.226+0300] {processor.py:925} INFO - DAG(s) 'example_short_circuit_decorator' retrieved from /home/nikita/airflow-setup/ENV/lib/python3.12/site-packages/airflow/example_dags/example_short_circuit_decorator.py
[2026-05-04T01:06:19.240+0300] {logging_mixin.py:190} INFO - [2026-05-04T01:06:19.240+0300] {dag.py:3239} INFO - Sync 1 DAGs
[2026-05-04T01:06:19.249+0300] {logging_mixin.py:190} INFO - [2026-05-04T01:06:19.249+0300] {dag.py:4180} INFO - Setting next_dagrun for example_short_circuit_decorator to None, run_after=None
[2026-05-04T01:06:19.266+0300] {processor.py:208} INFO - Processing /home/nikita/airflow-setup/ENV/lib/python3.12/site-packages/airflow/example_dags/example_short_circuit_decorator.py took 0.062 seconds
[2026-05-04T01:07:24.467+0300] {processor.py:186} INFO - Started process (PID=10660) to work on /home/nikita/airflow-setup/ENV/lib/python3.12/site-packages/airflow/example_dags/example_short_circuit_decorator.py
[2026-05-04T01:07:24.476+0300] {processor.py:914} INFO - Processing file /home/nikita/airflow-setup/ENV/lib/python3.12/site-packages/airflow/example_dags/example_short_circuit_decorator.py for tasks to queue
[2026-05-04T01:07:24.477+0300] {logging_mixin.py:190} INFO - [2026-05-04T01:07:24.477+0300] {dagbag.py:588} INFO - Filling up the DagBag from /home/nikita/airflow-setup/ENV/lib/python3.12/site-packages/airflow/example_dags/example_short_circuit_decorator.py
[2026-05-04T01:07:24.487+0300] {processor.py:925} INFO - DAG(s) 'example_short_circuit_decorator' retrieved from /home/nikita/airflow-setup/ENV/lib/python3.12/site-packages/airflow/example_dags/example_short_circuit_decorator.py
[2026-05-04T01:07:24.503+0300] {logging_mixin.py:190} INFO - [2026-05-04T01:07:24.503+0300] {dag.py:3239} INFO - Sync 1 DAGs
[2026-05-04T01:07:24.514+0300] {logging_mixin.py:190} INFO - [2026-05-04T01:07:24.514+0300] {dag.py:4180} INFO - Setting next_dagrun for example_short_circuit_decorator to None, run_after=None
[2026-05-04T01:07:24.537+0300] {processor.py:208} INFO - Processing /home/nikita/airflow-setup/ENV/lib/python3.12/site-packages/airflow/example_dags/example_short_circuit_decorator.py took 0.075 seconds
[2026-05-04T01:08:32.983+0300] {processor.py:186} INFO - Started process (PID=11230) to work on /home/nikita/airflow-setup/ENV/lib/python3.12/site-packages/airflow/example_dags/example_short_circuit_decorator.py
[2026-05-04T01:08:32.992+0300] {processor.py:914} INFO - Processing file /home/nikita/airflow-setup/ENV/lib/python3.12/site-packages/airflow/example_dags/example_short_circuit_decorator.py for tasks to queue
[2026-05-04T01:08:32.993+0300] {logging_mixin.py:190} INFO - [2026-05-04T01:08:32.993+0300] {dagbag.py:588} INFO - Filling up the DagBag from /home/nikita/airflow-setup/ENV/lib/python3.12/site-packages/airflow/example_dags/example_short_circuit_decorator.py
[2026-05-04T01:08:33.001+0300] {processor.py:925} INFO - DAG(s) 'example_short_circuit_decorator' retrieved from /home/nikita/airflow-setup/ENV/lib/python3.12/site-packages/airflow/example_dags/example_short_circuit_decorator.py
[2026-05-04T01:08:33.015+0300] {logging_mixin.py:190} INFO - [2026-05-04T01:08:33.015+0300] {dag.py:3239} INFO - Sync 1 DAGs
[2026-05-04T01:08:33.026+0300] {logging_mixin.py:190} INFO - [2026-05-04T01:08:33.025+0300] {dag.py:4180} INFO - Setting next_dagrun for example_short_circuit_decorator to None, run_after=None
[2026-05-04T01:08:33.051+0300] {processor.py:208} INFO - Processing /home/nikita/airflow-setup/ENV/lib/python3.12/site-packages/airflow/example_dags/example_short_circuit_decorator.py took 0.072 seconds
[2026-05-04T01:09:39.900+0300] {processor.py:186} INFO - Started process (PID=12098) to work on /home/nikita/airflow-setup/ENV/lib/python3.12/site-packages/airflow/example_dags/example_short_circuit_decorator.py
[2026-05-04T01:09:39.906+0300] {processor.py:914} INFO - Processing file /home/nikita/airflow-setup/ENV/lib/python3.12/site-packages/airflow/example_dags/example_short_circuit_decorator.py for tasks to queue
[2026-05-04T01:09:39.907+0300] {logging_mixin.py:190} INFO - [2026-05-04T01:09:39.907+0300] {dagbag.py:588} INFO - Filling up the DagBag from /home/nikita/airflow-setup/ENV/lib/python3.12/site-packages/airflow/example_dags/example_short_circuit_decorator.py
[2026-05-04T01:09:39.916+0300] {processor.py:925} INFO - DAG(s) 'example_short_circuit_decorator' retrieved from /home/nikita/airflow-setup/ENV/lib/python3.12/site-packages/airflow/example_dags/example_short_circuit_decorator.py
[2026-05-04T01:09:39.929+0300] {logging_mixin.py:190} INFO - [2026-05-04T01:09:39.929+0300] {dag.py:3239} INFO - Sync 1 DAGs
[2026-05-04T01:09:39.938+0300] {logging_mixin.py:190} INFO - [2026-05-04T01:09:39.938+0300] {dag.py:4180} INFO - Setting next_dagrun for example_short_circuit_decorator to None, run_after=None
[2026-05-04T01:09:39.955+0300] {processor.py:208} INFO - Processing /home/nikita/airflow-setup/ENV/lib/python3.12/site-packages/airflow/example_dags/example_short_circuit_decorator.py took 0.059 seconds
[2026-05-04T01:10:48.793+0300] {processor.py:186} INFO - Started process (PID=12380) to work on /home/nikita/airflow-setup/ENV/lib/python3.12/site-packages/airflow/example_dags/example_short_circuit_decorator.py
[2026-05-04T01:10:48.795+0300] {processor.py:914} INFO - Processing file /home/nikita/airflow-setup/ENV/lib/python3.12/site-packages/airflow/example_dags/example_short_circuit_decorator.py for tasks to queue
[2026-05-04T01:10:48.796+0300] {logging_mixin.py:190} INFO - [2026-05-04T01:10:48.795+0300] {dagbag.py:588} INFO - Filling up the DagBag from /home/nikita/airflow-setup/ENV/lib/python3.12/site-packages/airflow/example_dags/example_short_circuit_decorator.py
[2026-05-04T01:10:48.804+0300] {processor.py:925} INFO - DAG(s) 'example_short_circuit_decorator' retrieved from /home/nikita/airflow-setup/ENV/lib/python3.12/site-packages/airflow/example_dags/example_short_circuit_decorator.py
[2026-05-04T01:10:48.818+0300] {logging_mixin.py:190} INFO - [2026-05-04T01:10:48.818+0300] {dag.py:3239} INFO - Sync 1 DAGs
[2026-05-04T01:10:48.827+0300] {logging_mixin.py:190} INFO - [2026-05-04T01:10:48.827+0300] {dag.py:4180} INFO - Setting next_dagrun for example_short_circuit_decorator to None, run_after=None
[2026-05-04T01:10:48.843+0300] {processor.py:208} INFO - Processing /home/nikita/airflow-setup/ENV/lib/python3.12/site-packages/airflow/example_dags/example_short_circuit_decorator.py took 0.055 seconds
[2026-05-04T01:11:56.007+0300] {processor.py:186} INFO - Started process (PID=12638) to work on /home/nikita/airflow-setup/ENV/lib/python3.12/site-packages/airflow/example_dags/example_short_circuit_decorator.py
[2026-05-04T01:11:56.009+0300] {processor.py:914} INFO - Processing file /home/nikita/airflow-setup/ENV/lib/python3.12/site-packages/airflow/example_dags/example_short_circuit_decorator.py for tasks to queue
[2026-05-04T01:11:56.010+0300] {logging_mixin.py:190} INFO - [2026-05-04T01:11:56.010+0300] {dagbag.py:588} INFO - Filling up the DagBag from /home/nikita/airflow-setup/ENV/lib/python3.12/site-packages/airflow/example_dags/example_short_circuit_decorator.py
[2026-05-04T01:11:56.018+0300] {processor.py:925} INFO - DAG(s) 'example_short_circuit_decorator' retrieved from /home/nikita/airflow-setup/ENV/lib/python3.12/site-packages/airflow/example_dags/example_short_circuit_decorator.py
[2026-05-04T01:11:56.031+0300] {logging_mixin.py:190} INFO - [2026-05-04T01:11:56.031+0300] {dag.py:3239} INFO - Sync 1 DAGs
[2026-05-04T01:11:56.040+0300] {logging_mixin.py:190} INFO - [2026-05-04T01:11:56.040+0300] {dag.py:4180} INFO - Setting next_dagrun for example_short_circuit_decorator to None, run_after=None
[2026-05-04T01:11:56.058+0300] {processor.py:208} INFO - Processing /home/nikita/airflow-setup/ENV/lib/python3.12/site-packages/airflow/example_dags/example_short_circuit_decorator.py took 0.055 seconds
[2026-05-04T01:12:55.150+0300] {processor.py:186} INFO - Started process (PID=12861) to work on /home/nikita/airflow-setup/ENV/lib/python3.12/site-packages/airflow/example_dags/example_short_circuit_decorator.py
[2026-05-04T01:12:55.158+0300] {processor.py:914} INFO - Processing file /home/nikita/airflow-setup/ENV/lib/python3.12/site-packages/airflow/example_dags/example_short_circuit_decorator.py for tasks to queue
[2026-05-04T01:12:55.159+0300] {logging_mixin.py:190} INFO - [2026-05-04T01:12:55.159+0300] {dagbag.py:588} INFO - Filling up the DagBag from /home/nikita/airflow-setup/ENV/lib/python3.12/site-packages/airflow/example_dags/example_short_circuit_decorator.py
[2026-05-04T01:12:55.167+0300] {processor.py:925} INFO - DAG(s) 'example_short_circuit_decorator' retrieved from /home/nikita/airflow-setup/ENV/lib/python3.12/site-packages/airflow/example_dags/example_short_circuit_decorator.py
[2026-05-04T01:12:55.179+0300] {logging_mixin.py:190} INFO - [2026-05-04T01:12:55.179+0300] {dag.py:3239} INFO - Sync 1 DAGs
[2026-05-04T01:12:55.188+0300] {logging_mixin.py:190} INFO - [2026-05-04T01:12:55.187+0300] {dag.py:4180} INFO - Setting next_dagrun for example_short_circuit_decorator to None, run_after=None
[2026-05-04T01:12:55.204+0300] {processor.py:208} INFO - Processing /home/nikita/airflow-setup/ENV/lib/python3.12/site-packages/airflow/example_dags/example_short_circuit_decorator.py took 0.058 seconds
[2026-05-04T01:13:57.160+0300] {processor.py:186} INFO - Started process (PID=13477) to work on /home/nikita/airflow-setup/ENV/lib/python3.12/site-packages/airflow/example_dags/example_short_circuit_decorator.py
[2026-05-04T01:13:57.169+0300] {processor.py:914} INFO - Processing file /home/nikita/airflow-setup/ENV/lib/python3.12/site-packages/airflow/example_dags/example_short_circuit_decorator.py for tasks to queue
[2026-05-04T01:13:57.170+0300] {logging_mixin.py:190} INFO - [2026-05-04T01:13:57.169+0300] {dagbag.py:588} INFO - Filling up the DagBag from /home/nikita/airflow-setup/ENV/lib/python3.12/site-packages/airflow/example_dags/example_short_circuit_decorator.py
[2026-05-04T01:13:57.178+0300] {processor.py:925} INFO - DAG(s) 'example_short_circuit_decorator' retrieved from /home/nikita/airflow-setup/ENV/lib/python3.12/site-packages/airflow/example_dags/example_short_circuit_decorator.py
[2026-05-04T01:13:57.191+0300] {logging_mixin.py:190} INFO - [2026-05-04T01:13:57.191+0300] {dag.py:3239} INFO - Sync 1 DAGs
[2026-05-04T01:13:57.202+0300] {logging_mixin.py:190} INFO - [2026-05-04T01:13:57.202+0300] {dag.py:4180} INFO - Setting next_dagrun for example_short_circuit_decorator to None, run_after=None
[2026-05-04T01:13:57.221+0300] {processor.py:208} INFO - Processing /home/nikita/airflow-setup/ENV/lib/python3.12/site-packages/airflow/example_dags/example_short_circuit_decorator.py took 0.066 seconds
[2026-05-04T01:15:06.278+0300] {processor.py:186} INFO - Started process (PID=14424) to work on /home/nikita/airflow-setup/ENV/lib/python3.12/site-packages/airflow/example_dags/example_short_circuit_decorator.py
[2026-05-04T01:15:06.287+0300] {processor.py:914} INFO - Processing file /home/nikita/airflow-setup/ENV/lib/python3.12/site-packages/airflow/example_dags/example_short_circuit_decorator.py for tasks to queue
[2026-05-04T01:15:06.288+0300] {logging_mixin.py:190} INFO - [2026-05-04T01:15:06.288+0300] {dagbag.py:588} INFO - Filling up the DagBag from /home/nikita/airflow-setup/ENV/lib/python3.12/site-packages/airflow/example_dags/example_short_circuit_decorator.py
[2026-05-04T01:15:06.298+0300] {processor.py:925} INFO - DAG(s) 'example_short_circuit_decorator' retrieved from /home/nikita/airflow-setup/ENV/lib/python3.12/site-packages/airflow/example_dags/example_short_circuit_decorator.py
[2026-05-04T01:15:06.313+0300] {logging_mixin.py:190} INFO - [2026-05-04T01:15:06.313+0300] {dag.py:3239} INFO - Sync 1 DAGs
[2026-05-04T01:15:06.323+0300] {logging_mixin.py:190} INFO - [2026-05-04T01:15:06.323+0300] {dag.py:4180} INFO - Setting next_dagrun for example_short_circuit_decorator to None, run_after=None
[2026-05-04T01:15:06.342+0300] {processor.py:208} INFO - Processing /home/nikita/airflow-setup/ENV/lib/python3.12/site-packages/airflow/example_dags/example_short_circuit_decorator.py took 0.068 seconds
[2026-05-04T01:16:13.850+0300] {processor.py:186} INFO - Started process (PID=15637) to work on /home/nikita/airflow-setup/ENV/lib/python3.12/site-packages/airflow/example_dags/example_short_circuit_decorator.py
[2026-05-04T01:16:13.860+0300] {processor.py:914} INFO - Processing file /home/nikita/airflow-setup/ENV/lib/python3.12/site-packages/airflow/example_dags/example_short_circuit_decorator.py for tasks to queue
[2026-05-04T01:16:13.861+0300] {logging_mixin.py:190} INFO - [2026-05-04T01:16:13.860+0300] {dagbag.py:588} INFO - Filling up the DagBag from /home/nikita/airflow-setup/ENV/lib/python3.12/site-packages/airflow/example_dags/example_short_circuit_decorator.py
[2026-05-04T01:16:13.868+0300] {processor.py:925} INFO - DAG(s) 'example_short_circuit_decorator' retrieved from /home/nikita/airflow-setup/ENV/lib/python3.12/site-packages/airflow/example_dags/example_short_circuit_decorator.py
[2026-05-04T01:16:13.881+0300] {logging_mixin.py:190} INFO - [2026-05-04T01:16:13.881+0300] {dag.py:3239} INFO - Sync 1 DAGs
[2026-05-04T01:16:13.890+0300] {logging_mixin.py:190} INFO - [2026-05-04T01:16:13.889+0300] {dag.py:4180} INFO - Setting next_dagrun for example_short_circuit_decorator to None, run_after=None
[2026-05-04T01:16:13.905+0300] {processor.py:208} INFO - Processing /home/nikita/airflow-setup/ENV/lib/python3.12/site-packages/airflow/example_dags/example_short_circuit_decorator.py took 0.059 seconds
[2026-05-04T01:17:22.660+0300] {processor.py:186} INFO - Started process (PID=15899) to work on /home/nikita/airflow-setup/ENV/lib/python3.12/site-packages/airflow/example_dags/example_short_circuit_decorator.py
[2026-05-04T01:17:22.670+0300] {processor.py:914} INFO - Processing file /home/nikita/airflow-setup/ENV/lib/python3.12/site-packages/airflow/example_dags/example_short_circuit_decorator.py for tasks to queue
[2026-05-04T01:17:22.671+0300] {logging_mixin.py:190} INFO - [2026-05-04T01:17:22.671+0300] {dagbag.py:588} INFO - Filling up the DagBag from /home/nikita/airflow-setup/ENV/lib/python3.12/site-packages/airflow/example_dags/example_short_circuit_decorator.py
[2026-05-04T01:17:22.679+0300] {processor.py:925} INFO - DAG(s) 'example_short_circuit_decorator' retrieved from /home/nikita/airflow-setup/ENV/lib/python3.12/site-packages/airflow/example_dags/example_short_circuit_decorator.py
[2026-05-04T01:17:22.693+0300] {logging_mixin.py:190} INFO - [2026-05-04T01:17:22.692+0300] {dag.py:3239} INFO - Sync 1 DAGs
[2026-05-04T01:17:22.703+0300] {logging_mixin.py:190} INFO - [2026-05-04T01:17:22.703+0300] {dag.py:4180} INFO - Setting next_dagrun for example_short_circuit_decorator to None, run_after=None
[2026-05-04T01:17:22.720+0300] {processor.py:208} INFO - Processing /home/nikita/airflow-setup/ENV/lib/python3.12/site-packages/airflow/example_dags/example_short_circuit_decorator.py took 0.064 seconds
[2026-05-04T01:18:31.613+0300] {processor.py:186} INFO - Started process (PID=16162) to work on /home/nikita/airflow-setup/ENV/lib/python3.12/site-packages/airflow/example_dags/example_short_circuit_decorator.py
[2026-05-04T01:18:31.615+0300] {processor.py:914} INFO - Processing file /home/nikita/airflow-setup/ENV/lib/python3.12/site-packages/airflow/example_dags/example_short_circuit_decorator.py for tasks to queue
[2026-05-04T01:18:31.616+0300] {logging_mixin.py:190} INFO - [2026-05-04T01:18:31.615+0300] {dagbag.py:588} INFO - Filling up the DagBag from /home/nikita/airflow-setup/ENV/lib/python3.12/site-packages/airflow/example_dags/example_short_circuit_decorator.py
[2026-05-04T01:18:31.624+0300] {processor.py:925} INFO - DAG(s) 'example_short_circuit_decorator' retrieved from /home/nikita/airflow-setup/ENV/lib/python3.12/site-packages/airflow/example_dags/example_short_circuit_decorator.py
[2026-05-04T01:18:31.636+0300] {logging_mixin.py:190} INFO - [2026-05-04T01:18:31.636+0300] {dag.py:3239} INFO - Sync 1 DAGs
[2026-05-04T01:18:31.645+0300] {logging_mixin.py:190} INFO - [2026-05-04T01:18:31.645+0300] {dag.py:4180} INFO - Setting next_dagrun for example_short_circuit_decorator to None, run_after=None
[2026-05-04T01:18:31.665+0300] {processor.py:208} INFO - Processing /home/nikita/airflow-setup/ENV/lib/python3.12/site-packages/airflow/example_dags/example_short_circuit_decorator.py took 0.056 seconds
[2026-05-04T01:19:34.576+0300] {processor.py:186} INFO - Started process (PID=16404) to work on /home/nikita/airflow-setup/ENV/lib/python3.12/site-packages/airflow/example_dags/example_short_circuit_decorator.py
[2026-05-04T01:19:34.578+0300] {processor.py:914} INFO - Processing file /home/nikita/airflow-setup/ENV/lib/python3.12/site-packages/airflow/example_dags/example_short_circuit_decorator.py for tasks to queue
[2026-05-04T01:19:34.579+0300] {logging_mixin.py:190} INFO - [2026-05-04T01:19:34.579+0300] {dagbag.py:588} INFO - Filling up the DagBag from /home/nikita/airflow-setup/ENV/lib/python3.12/site-packages/airflow/example_dags/example_short_circuit_decorator.py
[2026-05-04T01:19:34.589+0300] {processor.py:925} INFO - DAG(s) 'example_short_circuit_decorator' retrieved from /home/nikita/airflow-setup/ENV/lib/python3.12/site-packages/airflow/example_dags/example_short_circuit_decorator.py
[2026-05-04T01:19:34.603+0300] {logging_mixin.py:190} INFO - [2026-05-04T01:19:34.603+0300] {dag.py:3239} INFO - Sync 1 DAGs
[2026-05-04T01:19:34.616+0300] {logging_mixin.py:190} INFO - [2026-05-04T01:19:34.616+0300] {dag.py:4180} INFO - Setting next_dagrun for example_short_circuit_decorator to None, run_after=None
[2026-05-04T01:19:34.633+0300] {processor.py:208} INFO - Processing /home/nikita/airflow-setup/ENV/lib/python3.12/site-packages/airflow/example_dags/example_short_circuit_decorator.py took 0.062 seconds
[2026-05-04T01:20:41.634+0300] {processor.py:186} INFO - Started process (PID=16674) to work on /home/nikita/airflow-setup/ENV/lib/python3.12/site-packages/airflow/example_dags/example_short_circuit_decorator.py
[2026-05-04T01:20:41.644+0300] {processor.py:914} INFO - Processing file /home/nikita/airflow-setup/ENV/lib/python3.12/site-packages/airflow/example_dags/example_short_circuit_decorator.py for tasks to queue
[2026-05-04T01:20:41.645+0300] {logging_mixin.py:190} INFO - [2026-05-04T01:20:41.645+0300] {dagbag.py:588} INFO - Filling up the DagBag from /home/nikita/airflow-setup/ENV/lib/python3.12/site-packages/airflow/example_dags/example_short_circuit_decorator.py
[2026-05-04T01:20:41.654+0300] {processor.py:925} INFO - DAG(s) 'example_short_circuit_decorator' retrieved from /home/nikita/airflow-setup/ENV/lib/python3.12/site-packages/airflow/example_dags/example_short_circuit_decorator.py
[2026-05-04T01:20:41.669+0300] {logging_mixin.py:190} INFO - [2026-05-04T01:20:41.669+0300] {dag.py:3239} INFO - Sync 1 DAGs
[2026-05-04T01:20:41.679+0300] {logging_mixin.py:190} INFO - [2026-05-04T01:20:41.679+0300] {dag.py:4180} INFO - Setting next_dagrun for example_short_circuit_decorator to None, run_after=None
[2026-05-04T01:20:41.696+0300] {processor.py:208} INFO - Processing /home/nikita/airflow-setup/ENV/lib/python3.12/site-packages/airflow/example_dags/example_short_circuit_decorator.py took 0.066 seconds
[2026-05-04T01:21:47.922+0300] {processor.py:186} INFO - Started process (PID=16925) to work on /home/nikita/airflow-setup/ENV/lib/python3.12/site-packages/airflow/example_dags/example_short_circuit_decorator.py
[2026-05-04T01:21:47.924+0300] {processor.py:914} INFO - Processing file /home/nikita/airflow-setup/ENV/lib/python3.12/site-packages/airflow/example_dags/example_short_circuit_decorator.py for tasks to queue
[2026-05-04T01:21:47.925+0300] {logging_mixin.py:190} INFO - [2026-05-04T01:21:47.925+0300] {dagbag.py:588} INFO - Filling up the DagBag from /home/nikita/airflow-setup/ENV/lib/python3.12/site-packages/airflow/example_dags/example_short_circuit_decorator.py
[2026-05-04T01:21:47.932+0300] {processor.py:925} INFO - DAG(s) 'example_short_circuit_decorator' retrieved from /home/nikita/airflow-setup/ENV/lib/python3.12/site-packages/airflow/example_dags/example_short_circuit_decorator.py
[2026-05-04T01:21:47.944+0300] {logging_mixin.py:190} INFO - [2026-05-04T01:21:47.944+0300] {dag.py:3239} INFO - Sync 1 DAGs
[2026-05-04T01:21:47.953+0300] {logging_mixin.py:190} INFO - [2026-05-04T01:21:47.953+0300] {dag.py:4180} INFO - Setting next_dagrun for example_short_circuit_decorator to None, run_after=None
[2026-05-04T01:21:47.970+0300] {processor.py:208} INFO - Processing /home/nikita/airflow-setup/ENV/lib/python3.12/site-packages/airflow/example_dags/example_short_circuit_decorator.py took 0.052 seconds
[2026-05-04T01:23:03.242+0300] {processor.py:186} INFO - Started process (PID=17205) to work on /home/nikita/airflow-setup/ENV/lib/python3.12/site-packages/airflow/example_dags/example_short_circuit_decorator.py
[2026-05-04T01:23:03.244+0300] {processor.py:914} INFO - Processing file /home/nikita/airflow-setup/ENV/lib/python3.12/site-packages/airflow/example_dags/example_short_circuit_decorator.py for tasks to queue
[2026-05-04T01:23:03.246+0300] {logging_mixin.py:190} INFO - [2026-05-04T01:23:03.245+0300] {dagbag.py:588} INFO - Filling up the DagBag from /home/nikita/airflow-setup/ENV/lib/python3.12/site-packages/airflow/example_dags/example_short_circuit_decorator.py
[2026-05-04T01:23:03.255+0300] {processor.py:925} INFO - DAG(s) 'example_short_circuit_decorator' retrieved from /home/nikita/airflow-setup/ENV/lib/python3.12/site-packages/airflow/example_dags/example_short_circuit_decorator.py
[2026-05-04T01:23:03.269+0300] {logging_mixin.py:190} INFO - [2026-05-04T01:23:03.269+0300] {dag.py:3239} INFO - Sync 1 DAGs
[2026-05-04T01:23:03.280+0300] {logging_mixin.py:190} INFO - [2026-05-04T01:23:03.280+0300] {dag.py:4180} INFO - Setting next_dagrun for example_short_circuit_decorator to None, run_after=None
[2026-05-04T01:23:03.297+0300] {processor.py:208} INFO - Processing /home/nikita/airflow-setup/ENV/lib/python3.12/site-packages/airflow/example_dags/example_short_circuit_decorator.py took 0.059 seconds
[2026-05-04T01:24:08.430+0300] {processor.py:186} INFO - Started process (PID=17455) to work on /home/nikita/airflow-setup/ENV/lib/python3.12/site-packages/airflow/example_dags/example_short_circuit_decorator.py
[2026-05-04T01:24:08.438+0300] {processor.py:914} INFO - Processing file /home/nikita/airflow-setup/ENV/lib/python3.12/site-packages/airflow/example_dags/example_short_circuit_decorator.py for tasks to queue
[2026-05-04T01:24:08.440+0300] {logging_mixin.py:190} INFO - [2026-05-04T01:24:08.439+0300] {dagbag.py:588} INFO - Filling up the DagBag from /home/nikita/airflow-setup/ENV/lib/python3.12/site-packages/airflow/example_dags/example_short_circuit_decorator.py
[2026-05-04T01:24:08.447+0300] {processor.py:925} INFO - DAG(s) 'example_short_circuit_decorator' retrieved from /home/nikita/airflow-setup/ENV/lib/python3.12/site-packages/airflow/example_dags/example_short_circuit_decorator.py
[2026-05-04T01:24:08.460+0300] {logging_mixin.py:190} INFO - [2026-05-04T01:24:08.460+0300] {dag.py:3239} INFO - Sync 1 DAGs
[2026-05-04T01:24:08.469+0300] {logging_mixin.py:190} INFO - [2026-05-04T01:24:08.469+0300] {dag.py:4180} INFO - Setting next_dagrun for example_short_circuit_decorator to None, run_after=None
[2026-05-04T01:24:08.485+0300] {processor.py:208} INFO - Processing /home/nikita/airflow-setup/ENV/lib/python3.12/site-packages/airflow/example_dags/example_short_circuit_decorator.py took 0.059 seconds
[2026-05-04T01:25:18.797+0300] {processor.py:186} INFO - Started process (PID=18054) to work on /home/nikita/airflow-setup/ENV/lib/python3.12/site-packages/airflow/example_dags/example_short_circuit_decorator.py
[2026-05-04T01:25:18.799+0300] {processor.py:914} INFO - Processing file /home/nikita/airflow-setup/ENV/lib/python3.12/site-packages/airflow/example_dags/example_short_circuit_decorator.py for tasks to queue
[2026-05-04T01:25:18.801+0300] {logging_mixin.py:190} INFO - [2026-05-04T01:25:18.800+0300] {dagbag.py:588} INFO - Filling up the DagBag from /home/nikita/airflow-setup/ENV/lib/python3.12/site-packages/airflow/example_dags/example_short_circuit_decorator.py
[2026-05-04T01:25:18.811+0300] {processor.py:925} INFO - DAG(s) 'example_short_circuit_decorator' retrieved from /home/nikita/airflow-setup/ENV/lib/python3.12/site-packages/airflow/example_dags/example_short_circuit_decorator.py
[2026-05-04T01:25:18.828+0300] {logging_mixin.py:190} INFO - [2026-05-04T01:25:18.827+0300] {dag.py:3239} INFO - Sync 1 DAGs
[2026-05-04T01:25:18.842+0300] {logging_mixin.py:190} INFO - [2026-05-04T01:25:18.841+0300] {dag.py:4180} INFO - Setting next_dagrun for example_short_circuit_decorator to None, run_after=None
[2026-05-04T01:25:18.862+0300] {processor.py:208} INFO - Processing /home/nikita/airflow-setup/ENV/lib/python3.12/site-packages/airflow/example_dags/example_short_circuit_decorator.py took 0.070 seconds
[2026-05-04T01:26:28.442+0300] {processor.py:186} INFO - Started process (PID=19323) to work on /home/nikita/airflow-setup/ENV/lib/python3.12/site-packages/airflow/example_dags/example_short_circuit_decorator.py
[2026-05-04T01:26:28.451+0300] {processor.py:914} INFO - Processing file /home/nikita/airflow-setup/ENV/lib/python3.12/site-packages/airflow/example_dags/example_short_circuit_decorator.py for tasks to queue
[2026-05-04T01:26:28.452+0300] {logging_mixin.py:190} INFO - [2026-05-04T01:26:28.452+0300] {dagbag.py:588} INFO - Filling up the DagBag from /home/nikita/airflow-setup/ENV/lib/python3.12/site-packages/airflow/example_dags/example_short_circuit_decorator.py
[2026-05-04T01:26:28.462+0300] {processor.py:925} INFO - DAG(s) 'example_short_circuit_decorator' retrieved from /home/nikita/airflow-setup/ENV/lib/python3.12/site-packages/airflow/example_dags/example_short_circuit_decorator.py
[2026-05-04T01:26:28.477+0300] {logging_mixin.py:190} INFO - [2026-05-04T01:26:28.477+0300] {dag.py:3239} INFO - Sync 1 DAGs
[2026-05-04T01:26:28.648+0300] {logging_mixin.py:190} INFO - [2026-05-04T01:26:28.647+0300] {dag.py:4180} INFO - Setting next_dagrun for example_short_circuit_decorator to None, run_after=None
[2026-05-04T01:26:28.671+0300] {processor.py:208} INFO - Processing /home/nikita/airflow-setup/ENV/lib/python3.12/site-packages/airflow/example_dags/example_short_circuit_decorator.py took 0.234 seconds
[2026-05-04T01:27:37.836+0300] {processor.py:186} INFO - Started process (PID=19585) to work on /home/nikita/airflow-setup/ENV/lib/python3.12/site-packages/airflow/example_dags/example_short_circuit_decorator.py
[2026-05-04T01:27:37.845+0300] {processor.py:914} INFO - Processing file /home/nikita/airflow-setup/ENV/lib/python3.12/site-packages/airflow/example_dags/example_short_circuit_decorator.py for tasks to queue
[2026-05-04T01:27:37.846+0300] {logging_mixin.py:190} INFO - [2026-05-04T01:27:37.845+0300] {dagbag.py:588} INFO - Filling up the DagBag from /home/nikita/airflow-setup/ENV/lib/python3.12/site-packages/airflow/example_dags/example_short_circuit_decorator.py
[2026-05-04T01:27:37.854+0300] {processor.py:925} INFO - DAG(s) 'example_short_circuit_decorator' retrieved from /home/nikita/airflow-setup/ENV/lib/python3.12/site-packages/airflow/example_dags/example_short_circuit_decorator.py
[2026-05-04T01:27:37.869+0300] {logging_mixin.py:190} INFO - [2026-05-04T01:27:37.869+0300] {dag.py:3239} INFO - Sync 1 DAGs
[2026-05-04T01:27:37.880+0300] {logging_mixin.py:190} INFO - [2026-05-04T01:27:37.880+0300] {dag.py:4180} INFO - Setting next_dagrun for example_short_circuit_decorator to None, run_after=None
[2026-05-04T01:27:37.899+0300] {processor.py:208} INFO - Processing /home/nikita/airflow-setup/ENV/lib/python3.12/site-packages/airflow/example_dags/example_short_circuit_decorator.py took 0.068 seconds
[2026-05-04T01:28:50.453+0300] {processor.py:186} INFO - Started process (PID=19861) to work on /home/nikita/airflow-setup/ENV/lib/python3.12/site-packages/airflow/example_dags/example_short_circuit_decorator.py
[2026-05-04T01:28:50.455+0300] {processor.py:914} INFO - Processing file /home/nikita/airflow-setup/ENV/lib/python3.12/site-packages/airflow/example_dags/example_short_circuit_decorator.py for tasks to queue
[2026-05-04T01:28:50.457+0300] {logging_mixin.py:190} INFO - [2026-05-04T01:28:50.456+0300] {dagbag.py:588} INFO - Filling up the DagBag from /home/nikita/airflow-setup/ENV/lib/python3.12/site-packages/airflow/example_dags/example_short_circuit_decorator.py
[2026-05-04T01:28:50.464+0300] {processor.py:925} INFO - DAG(s) 'example_short_circuit_decorator' retrieved from /home/nikita/airflow-setup/ENV/lib/python3.12/site-packages/airflow/example_dags/example_short_circuit_decorator.py
[2026-05-04T01:28:50.476+0300] {logging_mixin.py:190} INFO - [2026-05-04T01:28:50.476+0300] {dag.py:3239} INFO - Sync 1 DAGs
[2026-05-04T01:28:50.485+0300] {logging_mixin.py:190} INFO - [2026-05-04T01:28:50.485+0300] {dag.py:4180} INFO - Setting next_dagrun for example_short_circuit_decorator to None, run_after=None
[2026-05-04T01:28:50.503+0300] {processor.py:208} INFO - Processing /home/nikita/airflow-setup/ENV/lib/python3.12/site-packages/airflow/example_dags/example_short_circuit_decorator.py took 0.054 seconds
[2026-05-04T01:29:59.545+0300] {processor.py:186} INFO - Started process (PID=20118) to work on /home/nikita/airflow-setup/ENV/lib/python3.12/site-packages/airflow/example_dags/example_short_circuit_decorator.py
[2026-05-04T01:29:59.547+0300] {processor.py:914} INFO - Processing file /home/nikita/airflow-setup/ENV/lib/python3.12/site-packages/airflow/example_dags/example_short_circuit_decorator.py for tasks to queue
[2026-05-04T01:29:59.549+0300] {logging_mixin.py:190} INFO - [2026-05-04T01:29:59.549+0300] {dagbag.py:588} INFO - Filling up the DagBag from /home/nikita/airflow-setup/ENV/lib/python3.12/site-packages/airflow/example_dags/example_short_circuit_decorator.py
[2026-05-04T01:29:59.560+0300] {processor.py:925} INFO - DAG(s) 'example_short_circuit_decorator' retrieved from /home/nikita/airflow-setup/ENV/lib/python3.12/site-packages/airflow/example_dags/example_short_circuit_decorator.py
[2026-05-04T01:29:59.716+0300] {logging_mixin.py:190} INFO - [2026-05-04T01:29:59.716+0300] {dag.py:3239} INFO - Sync 1 DAGs
[2026-05-04T01:29:59.724+0300] {logging_mixin.py:190} INFO - [2026-05-04T01:29:59.724+0300] {dag.py:4180} INFO - Setting next_dagrun for example_short_circuit_decorator to None, run_after=None
[2026-05-04T01:29:59.744+0300] {processor.py:208} INFO - Processing /home/nikita/airflow-setup/ENV/lib/python3.12/site-packages/airflow/example_dags/example_short_circuit_decorator.py took 0.204 seconds
[2026-05-04T01:31:14.829+0300] {processor.py:186} INFO - Started process (PID=20395) to work on /home/nikita/airflow-setup/ENV/lib/python3.12/site-packages/airflow/example_dags/example_short_circuit_decorator.py
[2026-05-04T01:31:14.840+0300] {processor.py:914} INFO - Processing file /home/nikita/airflow-setup/ENV/lib/python3.12/site-packages/airflow/example_dags/example_short_circuit_decorator.py for tasks to queue
[2026-05-04T01:31:14.842+0300] {logging_mixin.py:190} INFO - [2026-05-04T01:31:14.841+0300] {dagbag.py:588} INFO - Filling up the DagBag from /home/nikita/airflow-setup/ENV/lib/python3.12/site-packages/airflow/example_dags/example_short_circuit_decorator.py
[2026-05-04T01:31:14.859+0300] {processor.py:925} INFO - DAG(s) 'example_short_circuit_decorator' retrieved from /home/nikita/airflow-setup/ENV/lib/python3.12/site-packages/airflow/example_dags/example_short_circuit_decorator.py
[2026-05-04T01:31:14.883+0300] {logging_mixin.py:190} INFO - [2026-05-04T01:31:14.883+0300] {dag.py:3239} INFO - Sync 1 DAGs
[2026-05-04T01:31:15.079+0300] {logging_mixin.py:190} INFO - [2026-05-04T01:31:15.079+0300] {dag.py:4180} INFO - Setting next_dagrun for example_short_circuit_decorator to None, run_after=None
[2026-05-04T01:31:15.106+0300] {processor.py:208} INFO - Processing /home/nikita/airflow-setup/ENV/lib/python3.12/site-packages/airflow/example_dags/example_short_circuit_decorator.py took 0.284 seconds
[2026-05-04T01:32:33.061+0300] {processor.py:186} INFO - Started process (PID=20690) to work on /home/nikita/airflow-setup/ENV/lib/python3.12/site-packages/airflow/example_dags/example_short_circuit_decorator.py
[2026-05-04T01:32:33.070+0300] {processor.py:914} INFO - Processing file /home/nikita/airflow-setup/ENV/lib/python3.12/site-packages/airflow/example_dags/example_short_circuit_decorator.py for tasks to queue
[2026-05-04T01:32:33.073+0300] {logging_mixin.py:190} INFO - [2026-05-04T01:32:33.072+0300] {dagbag.py:588} INFO - Filling up the DagBag from /home/nikita/airflow-setup/ENV/lib/python3.12/site-packages/airflow/example_dags/example_short_circuit_decorator.py
[2026-05-04T01:32:33.084+0300] {processor.py:925} INFO - DAG(s) 'example_short_circuit_decorator' retrieved from /home/nikita/airflow-setup/ENV/lib/python3.12/site-packages/airflow/example_dags/example_short_circuit_decorator.py
[2026-05-04T01:32:33.098+0300] {logging_mixin.py:190} INFO - [2026-05-04T01:32:33.098+0300] {dag.py:3239} INFO - Sync 1 DAGs
[2026-05-04T01:32:33.109+0300] {logging_mixin.py:190} INFO - [2026-05-04T01:32:33.108+0300] {dag.py:4180} INFO - Setting next_dagrun for example_short_circuit_decorator to None, run_after=None
[2026-05-04T01:32:33.128+0300] {processor.py:208} INFO - Processing /home/nikita/airflow-setup/ENV/lib/python3.12/site-packages/airflow/example_dags/example_short_circuit_decorator.py took 0.073 seconds
[2026-05-04T01:33:39.118+0300] {processor.py:186} INFO - Started process (PID=21191) to work on /home/nikita/airflow-setup/ENV/lib/python3.12/site-packages/airflow/example_dags/example_short_circuit_decorator.py
[2026-05-04T01:33:39.119+0300] {processor.py:914} INFO - Processing file /home/nikita/airflow-setup/ENV/lib/python3.12/site-packages/airflow/example_dags/example_short_circuit_decorator.py for tasks to queue
[2026-05-04T01:33:39.120+0300] {logging_mixin.py:190} INFO - [2026-05-04T01:33:39.119+0300] {dagbag.py:588} INFO - Filling up the DagBag from /home/nikita/airflow-setup/ENV/lib/python3.12/site-packages/airflow/example_dags/example_short_circuit_decorator.py
[2026-05-04T01:33:39.128+0300] {processor.py:925} INFO - DAG(s) 'example_short_circuit_decorator' retrieved from /home/nikita/airflow-setup/ENV/lib/python3.12/site-packages/airflow/example_dags/example_short_circuit_decorator.py
[2026-05-04T01:33:39.144+0300] {logging_mixin.py:190} INFO - [2026-05-04T01:33:39.143+0300] {dag.py:3239} INFO - Sync 1 DAGs
[2026-05-04T01:33:39.157+0300] {logging_mixin.py:190} INFO - [2026-05-04T01:33:39.157+0300] {dag.py:4180} INFO - Setting next_dagrun for example_short_circuit_decorator to None, run_after=None
[2026-05-04T01:33:39.174+0300] {processor.py:208} INFO - Processing /home/nikita/airflow-setup/ENV/lib/python3.12/site-packages/airflow/example_dags/example_short_circuit_decorator.py took 0.061 seconds
[2026-05-04T01:34:42.079+0300] {processor.py:186} INFO - Started process (PID=21457) to work on /home/nikita/airflow-setup/ENV/lib/python3.12/site-packages/airflow/example_dags/example_short_circuit_decorator.py
[2026-05-04T01:34:42.088+0300] {processor.py:914} INFO - Processing file /home/nikita/airflow-setup/ENV/lib/python3.12/site-packages/airflow/example_dags/example_short_circuit_decorator.py for tasks to queue
[2026-05-04T01:34:42.089+0300] {logging_mixin.py:190} INFO - [2026-05-04T01:34:42.089+0300] {dagbag.py:588} INFO - Filling up the DagBag from /home/nikita/airflow-setup/ENV/lib/python3.12/site-packages/airflow/example_dags/example_short_circuit_decorator.py
[2026-05-04T01:34:42.097+0300] {processor.py:925} INFO - DAG(s) 'example_short_circuit_decorator' retrieved from /home/nikita/airflow-setup/ENV/lib/python3.12/site-packages/airflow/example_dags/example_short_circuit_decorator.py
[2026-05-04T01:34:42.110+0300] {logging_mixin.py:190} INFO - [2026-05-04T01:34:42.109+0300] {dag.py:3239} INFO - Sync 1 DAGs
[2026-05-04T01:34:42.119+0300] {logging_mixin.py:190} INFO - [2026-05-04T01:34:42.119+0300] {dag.py:4180} INFO - Setting next_dagrun for example_short_circuit_decorator to None, run_after=None
[2026-05-04T01:34:42.136+0300] {processor.py:208} INFO - Processing /home/nikita/airflow-setup/ENV/lib/python3.12/site-packages/airflow/example_dags/example_short_circuit_decorator.py took 0.061 seconds
[2026-05-04T01:35:44.415+0300] {processor.py:186} INFO - Started process (PID=21698) to work on /home/nikita/airflow-setup/ENV/lib/python3.12/site-packages/airflow/example_dags/example_short_circuit_decorator.py
[2026-05-04T01:35:44.417+0300] {processor.py:914} INFO - Processing file /home/nikita/airflow-setup/ENV/lib/python3.12/site-packages/airflow/example_dags/example_short_circuit_decorator.py for tasks to queue
[2026-05-04T01:35:44.418+0300] {logging_mixin.py:190} INFO - [2026-05-04T01:35:44.418+0300] {dagbag.py:588} INFO - Filling up the DagBag from /home/nikita/airflow-setup/ENV/lib/python3.12/site-packages/airflow/example_dags/example_short_circuit_decorator.py
[2026-05-04T01:35:44.428+0300] {processor.py:925} INFO - DAG(s) 'example_short_circuit_decorator' retrieved from /home/nikita/airflow-setup/ENV/lib/python3.12/site-packages/airflow/example_dags/example_short_circuit_decorator.py
[2026-05-04T01:35:44.441+0300] {logging_mixin.py:190} INFO - [2026-05-04T01:35:44.441+0300] {dag.py:3239} INFO - Sync 1 DAGs
[2026-05-04T01:35:44.451+0300] {logging_mixin.py:190} INFO - [2026-05-04T01:35:44.451+0300] {dag.py:4180} INFO - Setting next_dagrun for example_short_circuit_decorator to None, run_after=None
[2026-05-04T01:35:44.467+0300] {processor.py:208} INFO - Processing /home/nikita/airflow-setup/ENV/lib/python3.12/site-packages/airflow/example_dags/example_short_circuit_decorator.py took 0.056 seconds
