[2026-05-04T00:46:03.156+0300] {processor.py:186} INFO - Started process (PID=5963) to work on /home/nikita/airflow-setup/ENV/lib/python3.12/site-packages/airflow/example_dags/example_setup_teardown.py
[2026-05-04T00:46:03.157+0300] {processor.py:914} INFO - Processing file /home/nikita/airflow-setup/ENV/lib/python3.12/site-packages/airflow/example_dags/example_setup_teardown.py for tasks to queue
[2026-05-04T00:46:03.158+0300] {logging_mixin.py:190} INFO - [2026-05-04T00:46:03.158+0300] {dagbag.py:588} INFO - Filling up the DagBag from /home/nikita/airflow-setup/ENV/lib/python3.12/site-packages/airflow/example_dags/example_setup_teardown.py
[2026-05-04T00:46:03.164+0300] {processor.py:925} INFO - DAG(s) 'example_setup_teardown' retrieved from /home/nikita/airflow-setup/ENV/lib/python3.12/site-packages/airflow/example_dags/example_setup_teardown.py
[2026-05-04T00:46:03.234+0300] {logging_mixin.py:190} INFO - [2026-05-04T00:46:03.234+0300] {override.py:1930} INFO - Created Permission View: can read on DAG:example_setup_teardown
[2026-05-04T00:46:03.242+0300] {logging_mixin.py:190} INFO - [2026-05-04T00:46:03.242+0300] {override.py:1930} INFO - Created Permission View: can delete on DAG:example_setup_teardown
[2026-05-04T00:46:03.248+0300] {logging_mixin.py:190} INFO - [2026-05-04T00:46:03.248+0300] {override.py:1930} INFO - Created Permission View: can edit on DAG:example_setup_teardown
[2026-05-04T00:46:03.257+0300] {logging_mixin.py:190} INFO - [2026-05-04T00:46:03.257+0300] {override.py:1930} INFO - Created Permission View: can read on DAG Run:example_setup_teardown
[2026-05-04T00:46:03.262+0300] {logging_mixin.py:190} INFO - [2026-05-04T00:46:03.262+0300] {override.py:1930} INFO - Created Permission View: can delete on DAG Run:example_setup_teardown
[2026-05-04T00:46:03.267+0300] {logging_mixin.py:190} INFO - [2026-05-04T00:46:03.267+0300] {override.py:1930} INFO - Created Permission View: menu access on DAG Run:example_setup_teardown
[2026-05-04T00:46:03.275+0300] {logging_mixin.py:190} INFO - [2026-05-04T00:46:03.275+0300] {override.py:1930} INFO - Created Permission View: can create on DAG Run:example_setup_teardown
[2026-05-04T00:46:03.275+0300] {logging_mixin.py:190} INFO - [2026-05-04T00:46:03.275+0300] {dag.py:3239} INFO - Sync 1 DAGs
[2026-05-04T00:46:03.283+0300] {logging_mixin.py:190} INFO - [2026-05-04T00:46:03.283+0300] {dag.py:3262} INFO - Creating ORM DAG for example_setup_teardown
[2026-05-04T00:46:03.283+0300] {logging_mixin.py:190} INFO - [2026-05-04T00:46:03.283+0300] {dag.py:4180} INFO - Setting next_dagrun for example_setup_teardown to None, run_after=None
[2026-05-04T00:46:03.296+0300] {processor.py:208} INFO - Processing /home/nikita/airflow-setup/ENV/lib/python3.12/site-packages/airflow/example_dags/example_setup_teardown.py took 0.144 seconds
[2026-05-04T00:47:07.879+0300] {processor.py:186} INFO - Started process (PID=6020) to work on /home/nikita/airflow-setup/ENV/lib/python3.12/site-packages/airflow/example_dags/example_setup_teardown.py
[2026-05-04T00:47:07.881+0300] {processor.py:914} INFO - Processing file /home/nikita/airflow-setup/ENV/lib/python3.12/site-packages/airflow/example_dags/example_setup_teardown.py for tasks to queue
[2026-05-04T00:47:07.884+0300] {logging_mixin.py:190} INFO - [2026-05-04T00:47:07.884+0300] {dagbag.py:588} INFO - Filling up the DagBag from /home/nikita/airflow-setup/ENV/lib/python3.12/site-packages/airflow/example_dags/example_setup_teardown.py
[2026-05-04T00:47:07.891+0300] {processor.py:925} INFO - DAG(s) 'example_setup_teardown' retrieved from /home/nikita/airflow-setup/ENV/lib/python3.12/site-packages/airflow/example_dags/example_setup_teardown.py
[2026-05-04T00:47:07.903+0300] {logging_mixin.py:190} INFO - [2026-05-04T00:47:07.903+0300] {dag.py:3239} INFO - Sync 1 DAGs
[2026-05-04T00:47:07.912+0300] {logging_mixin.py:190} INFO - [2026-05-04T00:47:07.912+0300] {dag.py:4180} INFO - Setting next_dagrun for example_setup_teardown to None, run_after=None
[2026-05-04T00:47:07.930+0300] {processor.py:208} INFO - Processing /home/nikita/airflow-setup/ENV/lib/python3.12/site-packages/airflow/example_dags/example_setup_teardown.py took 0.057 seconds
[2026-05-04T00:48:08.547+0300] {processor.py:186} INFO - Started process (PID=6095) to work on /home/nikita/airflow-setup/ENV/lib/python3.12/site-packages/airflow/example_dags/example_setup_teardown.py
[2026-05-04T00:48:08.556+0300] {processor.py:914} INFO - Processing file /home/nikita/airflow-setup/ENV/lib/python3.12/site-packages/airflow/example_dags/example_setup_teardown.py for tasks to queue
[2026-05-04T00:48:08.558+0300] {logging_mixin.py:190} INFO - [2026-05-04T00:48:08.558+0300] {dagbag.py:588} INFO - Filling up the DagBag from /home/nikita/airflow-setup/ENV/lib/python3.12/site-packages/airflow/example_dags/example_setup_teardown.py
[2026-05-04T00:48:08.566+0300] {processor.py:925} INFO - DAG(s) 'example_setup_teardown' retrieved from /home/nikita/airflow-setup/ENV/lib/python3.12/site-packages/airflow/example_dags/example_setup_teardown.py
[2026-05-04T00:48:08.579+0300] {logging_mixin.py:190} INFO - [2026-05-04T00:48:08.578+0300] {dag.py:3239} INFO - Sync 1 DAGs
[2026-05-04T00:48:08.588+0300] {logging_mixin.py:190} INFO - [2026-05-04T00:48:08.588+0300] {dag.py:4180} INFO - Setting next_dagrun for example_setup_teardown to None, run_after=None
[2026-05-04T00:48:08.606+0300] {processor.py:208} INFO - Processing /home/nikita/airflow-setup/ENV/lib/python3.12/site-packages/airflow/example_dags/example_setup_teardown.py took 0.063 seconds
[2026-05-04T00:49:08.916+0300] {processor.py:186} INFO - Started process (PID=6153) to work on /home/nikita/airflow-setup/ENV/lib/python3.12/site-packages/airflow/example_dags/example_setup_teardown.py
[2026-05-04T00:49:08.925+0300] {processor.py:914} INFO - Processing file /home/nikita/airflow-setup/ENV/lib/python3.12/site-packages/airflow/example_dags/example_setup_teardown.py for tasks to queue
[2026-05-04T00:49:08.927+0300] {logging_mixin.py:190} INFO - [2026-05-04T00:49:08.927+0300] {dagbag.py:588} INFO - Filling up the DagBag from /home/nikita/airflow-setup/ENV/lib/python3.12/site-packages/airflow/example_dags/example_setup_teardown.py
[2026-05-04T00:49:08.933+0300] {processor.py:925} INFO - DAG(s) 'example_setup_teardown' retrieved from /home/nikita/airflow-setup/ENV/lib/python3.12/site-packages/airflow/example_dags/example_setup_teardown.py
[2026-05-04T00:49:08.943+0300] {logging_mixin.py:190} INFO - [2026-05-04T00:49:08.943+0300] {dag.py:3239} INFO - Sync 1 DAGs
[2026-05-04T00:49:08.951+0300] {logging_mixin.py:190} INFO - [2026-05-04T00:49:08.951+0300] {dag.py:4180} INFO - Setting next_dagrun for example_setup_teardown to None, run_after=None
[2026-05-04T00:49:08.966+0300] {processor.py:208} INFO - Processing /home/nikita/airflow-setup/ENV/lib/python3.12/site-packages/airflow/example_dags/example_setup_teardown.py took 0.054 seconds
[2026-05-04T00:50:04.418+0300] {processor.py:186} INFO - Started process (PID=6214) to work on /home/nikita/airflow-setup/ENV/lib/python3.12/site-packages/airflow/example_dags/example_setup_teardown.py
[2026-05-04T00:50:04.427+0300] {processor.py:914} INFO - Processing file /home/nikita/airflow-setup/ENV/lib/python3.12/site-packages/airflow/example_dags/example_setup_teardown.py for tasks to queue
[2026-05-04T00:50:04.429+0300] {logging_mixin.py:190} INFO - [2026-05-04T00:50:04.429+0300] {dagbag.py:588} INFO - Filling up the DagBag from /home/nikita/airflow-setup/ENV/lib/python3.12/site-packages/airflow/example_dags/example_setup_teardown.py
[2026-05-04T00:50:04.435+0300] {processor.py:925} INFO - DAG(s) 'example_setup_teardown' retrieved from /home/nikita/airflow-setup/ENV/lib/python3.12/site-packages/airflow/example_dags/example_setup_teardown.py
[2026-05-04T00:50:04.447+0300] {logging_mixin.py:190} INFO - [2026-05-04T00:50:04.446+0300] {dag.py:3239} INFO - Sync 1 DAGs
[2026-05-04T00:50:04.455+0300] {logging_mixin.py:190} INFO - [2026-05-04T00:50:04.455+0300] {dag.py:4180} INFO - Setting next_dagrun for example_setup_teardown to None, run_after=None
[2026-05-04T00:50:04.471+0300] {processor.py:208} INFO - Processing /home/nikita/airflow-setup/ENV/lib/python3.12/site-packages/airflow/example_dags/example_setup_teardown.py took 0.058 seconds
[2026-05-04T00:51:04.904+0300] {processor.py:186} INFO - Started process (PID=6295) to work on /home/nikita/airflow-setup/ENV/lib/python3.12/site-packages/airflow/example_dags/example_setup_teardown.py
[2026-05-04T00:51:04.908+0300] {processor.py:914} INFO - Processing file /home/nikita/airflow-setup/ENV/lib/python3.12/site-packages/airflow/example_dags/example_setup_teardown.py for tasks to queue
[2026-05-04T00:51:04.911+0300] {logging_mixin.py:190} INFO - [2026-05-04T00:51:04.910+0300] {dagbag.py:588} INFO - Filling up the DagBag from /home/nikita/airflow-setup/ENV/lib/python3.12/site-packages/airflow/example_dags/example_setup_teardown.py
[2026-05-04T00:51:04.923+0300] {processor.py:925} INFO - DAG(s) 'example_setup_teardown' retrieved from /home/nikita/airflow-setup/ENV/lib/python3.12/site-packages/airflow/example_dags/example_setup_teardown.py
[2026-05-04T00:51:04.946+0300] {logging_mixin.py:190} INFO - [2026-05-04T00:51:04.946+0300] {dag.py:3239} INFO - Sync 1 DAGs
[2026-05-04T00:51:04.964+0300] {logging_mixin.py:190} INFO - [2026-05-04T00:51:04.963+0300] {dag.py:4180} INFO - Setting next_dagrun for example_setup_teardown to None, run_after=None
[2026-05-04T00:51:04.990+0300] {processor.py:208} INFO - Processing /home/nikita/airflow-setup/ENV/lib/python3.12/site-packages/airflow/example_dags/example_setup_teardown.py took 0.094 seconds
[2026-05-04T00:52:01.611+0300] {processor.py:186} INFO - Started process (PID=6349) to work on /home/nikita/airflow-setup/ENV/lib/python3.12/site-packages/airflow/example_dags/example_setup_teardown.py
[2026-05-04T00:52:01.621+0300] {processor.py:914} INFO - Processing file /home/nikita/airflow-setup/ENV/lib/python3.12/site-packages/airflow/example_dags/example_setup_teardown.py for tasks to queue
[2026-05-04T00:52:01.623+0300] {logging_mixin.py:190} INFO - [2026-05-04T00:52:01.623+0300] {dagbag.py:588} INFO - Filling up the DagBag from /home/nikita/airflow-setup/ENV/lib/python3.12/site-packages/airflow/example_dags/example_setup_teardown.py
[2026-05-04T00:52:01.630+0300] {processor.py:925} INFO - DAG(s) 'example_setup_teardown' retrieved from /home/nikita/airflow-setup/ENV/lib/python3.12/site-packages/airflow/example_dags/example_setup_teardown.py
[2026-05-04T00:52:01.642+0300] {logging_mixin.py:190} INFO - [2026-05-04T00:52:01.642+0300] {dag.py:3239} INFO - Sync 1 DAGs
[2026-05-04T00:52:01.651+0300] {logging_mixin.py:190} INFO - [2026-05-04T00:52:01.651+0300] {dag.py:4180} INFO - Setting next_dagrun for example_setup_teardown to None, run_after=None
[2026-05-04T00:52:01.671+0300] {processor.py:208} INFO - Processing /home/nikita/airflow-setup/ENV/lib/python3.12/site-packages/airflow/example_dags/example_setup_teardown.py took 0.065 seconds
[2026-05-04T00:53:04.336+0300] {processor.py:186} INFO - Started process (PID=6426) to work on /home/nikita/airflow-setup/ENV/lib/python3.12/site-packages/airflow/example_dags/example_setup_teardown.py
[2026-05-04T00:53:04.337+0300] {processor.py:914} INFO - Processing file /home/nikita/airflow-setup/ENV/lib/python3.12/site-packages/airflow/example_dags/example_setup_teardown.py for tasks to queue
[2026-05-04T00:53:04.339+0300] {logging_mixin.py:190} INFO - [2026-05-04T00:53:04.339+0300] {dagbag.py:588} INFO - Filling up the DagBag from /home/nikita/airflow-setup/ENV/lib/python3.12/site-packages/airflow/example_dags/example_setup_teardown.py
[2026-05-04T00:53:04.345+0300] {processor.py:925} INFO - DAG(s) 'example_setup_teardown' retrieved from /home/nikita/airflow-setup/ENV/lib/python3.12/site-packages/airflow/example_dags/example_setup_teardown.py
[2026-05-04T00:53:04.357+0300] {logging_mixin.py:190} INFO - [2026-05-04T00:53:04.357+0300] {dag.py:3239} INFO - Sync 1 DAGs
[2026-05-04T00:53:04.367+0300] {logging_mixin.py:190} INFO - [2026-05-04T00:53:04.367+0300] {dag.py:4180} INFO - Setting next_dagrun for example_setup_teardown to None, run_after=None
[2026-05-04T00:53:04.386+0300] {processor.py:208} INFO - Processing /home/nikita/airflow-setup/ENV/lib/python3.12/site-packages/airflow/example_dags/example_setup_teardown.py took 0.054 seconds
[2026-05-04T00:54:04.667+0300] {processor.py:186} INFO - Started process (PID=6485) to work on /home/nikita/airflow-setup/ENV/lib/python3.12/site-packages/airflow/example_dags/example_setup_teardown.py
[2026-05-04T00:54:04.675+0300] {processor.py:914} INFO - Processing file /home/nikita/airflow-setup/ENV/lib/python3.12/site-packages/airflow/example_dags/example_setup_teardown.py for tasks to queue
[2026-05-04T00:54:04.677+0300] {logging_mixin.py:190} INFO - [2026-05-04T00:54:04.676+0300] {dagbag.py:588} INFO - Filling up the DagBag from /home/nikita/airflow-setup/ENV/lib/python3.12/site-packages/airflow/example_dags/example_setup_teardown.py
[2026-05-04T00:54:04.683+0300] {processor.py:925} INFO - DAG(s) 'example_setup_teardown' retrieved from /home/nikita/airflow-setup/ENV/lib/python3.12/site-packages/airflow/example_dags/example_setup_teardown.py
[2026-05-04T00:54:04.694+0300] {logging_mixin.py:190} INFO - [2026-05-04T00:54:04.694+0300] {dag.py:3239} INFO - Sync 1 DAGs
[2026-05-04T00:54:04.704+0300] {logging_mixin.py:190} INFO - [2026-05-04T00:54:04.704+0300] {dag.py:4180} INFO - Setting next_dagrun for example_setup_teardown to None, run_after=None
[2026-05-04T00:54:04.719+0300] {processor.py:208} INFO - Processing /home/nikita/airflow-setup/ENV/lib/python3.12/site-packages/airflow/example_dags/example_setup_teardown.py took 0.056 seconds
[2026-05-04T00:55:08.683+0300] {processor.py:186} INFO - Started process (PID=6554) to work on /home/nikita/airflow-setup/ENV/lib/python3.12/site-packages/airflow/example_dags/example_setup_teardown.py
[2026-05-04T00:55:08.692+0300] {processor.py:914} INFO - Processing file /home/nikita/airflow-setup/ENV/lib/python3.12/site-packages/airflow/example_dags/example_setup_teardown.py for tasks to queue
[2026-05-04T00:55:08.694+0300] {logging_mixin.py:190} INFO - [2026-05-04T00:55:08.694+0300] {dagbag.py:588} INFO - Filling up the DagBag from /home/nikita/airflow-setup/ENV/lib/python3.12/site-packages/airflow/example_dags/example_setup_teardown.py
[2026-05-04T00:55:08.702+0300] {processor.py:925} INFO - DAG(s) 'example_setup_teardown' retrieved from /home/nikita/airflow-setup/ENV/lib/python3.12/site-packages/airflow/example_dags/example_setup_teardown.py
[2026-05-04T00:55:08.717+0300] {logging_mixin.py:190} INFO - [2026-05-04T00:55:08.716+0300] {dag.py:3239} INFO - Sync 1 DAGs
[2026-05-04T00:55:08.727+0300] {logging_mixin.py:190} INFO - [2026-05-04T00:55:08.727+0300] {dag.py:4180} INFO - Setting next_dagrun for example_setup_teardown to None, run_after=None
[2026-05-04T00:55:08.744+0300] {processor.py:208} INFO - Processing /home/nikita/airflow-setup/ENV/lib/python3.12/site-packages/airflow/example_dags/example_setup_teardown.py took 0.065 seconds
[2026-05-04T00:56:09.122+0300] {processor.py:186} INFO - Started process (PID=6613) to work on /home/nikita/airflow-setup/ENV/lib/python3.12/site-packages/airflow/example_dags/example_setup_teardown.py
[2026-05-04T00:56:09.124+0300] {processor.py:914} INFO - Processing file /home/nikita/airflow-setup/ENV/lib/python3.12/site-packages/airflow/example_dags/example_setup_teardown.py for tasks to queue
[2026-05-04T00:56:09.127+0300] {logging_mixin.py:190} INFO - [2026-05-04T00:56:09.126+0300] {dagbag.py:588} INFO - Filling up the DagBag from /home/nikita/airflow-setup/ENV/lib/python3.12/site-packages/airflow/example_dags/example_setup_teardown.py
[2026-05-04T00:56:09.134+0300] {processor.py:925} INFO - DAG(s) 'example_setup_teardown' retrieved from /home/nikita/airflow-setup/ENV/lib/python3.12/site-packages/airflow/example_dags/example_setup_teardown.py
[2026-05-04T00:56:09.147+0300] {logging_mixin.py:190} INFO - [2026-05-04T00:56:09.147+0300] {dag.py:3239} INFO - Sync 1 DAGs
[2026-05-04T00:56:09.157+0300] {logging_mixin.py:190} INFO - [2026-05-04T00:56:09.157+0300] {dag.py:4180} INFO - Setting next_dagrun for example_setup_teardown to None, run_after=None
[2026-05-04T00:56:09.174+0300] {processor.py:208} INFO - Processing /home/nikita/airflow-setup/ENV/lib/python3.12/site-packages/airflow/example_dags/example_setup_teardown.py took 0.057 seconds
[2026-05-04T00:57:06.991+0300] {processor.py:186} INFO - Started process (PID=6974) to work on /home/nikita/airflow-setup/ENV/lib/python3.12/site-packages/airflow/example_dags/example_setup_teardown.py
[2026-05-04T00:57:06.992+0300] {processor.py:914} INFO - Processing file /home/nikita/airflow-setup/ENV/lib/python3.12/site-packages/airflow/example_dags/example_setup_teardown.py for tasks to queue
[2026-05-04T00:57:06.993+0300] {logging_mixin.py:190} INFO - [2026-05-04T00:57:06.993+0300] {dagbag.py:588} INFO - Filling up the DagBag from /home/nikita/airflow-setup/ENV/lib/python3.12/site-packages/airflow/example_dags/example_setup_teardown.py
[2026-05-04T00:57:07.001+0300] {processor.py:925} INFO - DAG(s) 'example_setup_teardown' retrieved from /home/nikita/airflow-setup/ENV/lib/python3.12/site-packages/airflow/example_dags/example_setup_teardown.py
[2026-05-04T00:57:07.016+0300] {logging_mixin.py:190} INFO - [2026-05-04T00:57:07.016+0300] {dag.py:3239} INFO - Sync 1 DAGs
[2026-05-04T00:57:07.026+0300] {logging_mixin.py:190} INFO - [2026-05-04T00:57:07.026+0300] {dag.py:4180} INFO - Setting next_dagrun for example_setup_teardown to None, run_after=None
[2026-05-04T00:57:07.044+0300] {processor.py:208} INFO - Processing /home/nikita/airflow-setup/ENV/lib/python3.12/site-packages/airflow/example_dags/example_setup_teardown.py took 0.058 seconds
[2026-05-04T00:58:07.449+0300] {processor.py:186} INFO - Started process (PID=7213) to work on /home/nikita/airflow-setup/ENV/lib/python3.12/site-packages/airflow/example_dags/example_setup_teardown.py
[2026-05-04T00:58:07.451+0300] {processor.py:914} INFO - Processing file /home/nikita/airflow-setup/ENV/lib/python3.12/site-packages/airflow/example_dags/example_setup_teardown.py for tasks to queue
[2026-05-04T00:58:07.453+0300] {logging_mixin.py:190} INFO - [2026-05-04T00:58:07.453+0300] {dagbag.py:588} INFO - Filling up the DagBag from /home/nikita/airflow-setup/ENV/lib/python3.12/site-packages/airflow/example_dags/example_setup_teardown.py
[2026-05-04T00:58:07.460+0300] {processor.py:925} INFO - DAG(s) 'example_setup_teardown' retrieved from /home/nikita/airflow-setup/ENV/lib/python3.12/site-packages/airflow/example_dags/example_setup_teardown.py
[2026-05-04T00:58:07.472+0300] {logging_mixin.py:190} INFO - [2026-05-04T00:58:07.472+0300] {dag.py:3239} INFO - Sync 1 DAGs
[2026-05-04T00:58:07.481+0300] {logging_mixin.py:190} INFO - [2026-05-04T00:58:07.480+0300] {dag.py:4180} INFO - Setting next_dagrun for example_setup_teardown to None, run_after=None
[2026-05-04T00:58:07.497+0300] {processor.py:208} INFO - Processing /home/nikita/airflow-setup/ENV/lib/python3.12/site-packages/airflow/example_dags/example_setup_teardown.py took 0.053 seconds
[2026-05-04T00:59:04.156+0300] {processor.py:186} INFO - Started process (PID=7426) to work on /home/nikita/airflow-setup/ENV/lib/python3.12/site-packages/airflow/example_dags/example_setup_teardown.py
[2026-05-04T00:59:04.164+0300] {processor.py:914} INFO - Processing file /home/nikita/airflow-setup/ENV/lib/python3.12/site-packages/airflow/example_dags/example_setup_teardown.py for tasks to queue
[2026-05-04T00:59:04.166+0300] {logging_mixin.py:190} INFO - [2026-05-04T00:59:04.166+0300] {dagbag.py:588} INFO - Filling up the DagBag from /home/nikita/airflow-setup/ENV/lib/python3.12/site-packages/airflow/example_dags/example_setup_teardown.py
[2026-05-04T00:59:04.173+0300] {processor.py:925} INFO - DAG(s) 'example_setup_teardown' retrieved from /home/nikita/airflow-setup/ENV/lib/python3.12/site-packages/airflow/example_dags/example_setup_teardown.py
[2026-05-04T00:59:04.186+0300] {logging_mixin.py:190} INFO - [2026-05-04T00:59:04.185+0300] {dag.py:3239} INFO - Sync 1 DAGs
[2026-05-04T00:59:04.195+0300] {logging_mixin.py:190} INFO - [2026-05-04T00:59:04.195+0300] {dag.py:4180} INFO - Setting next_dagrun for example_setup_teardown to None, run_after=None
[2026-05-04T00:59:04.211+0300] {processor.py:208} INFO - Processing /home/nikita/airflow-setup/ENV/lib/python3.12/site-packages/airflow/example_dags/example_setup_teardown.py took 0.059 seconds
[2026-05-04T01:00:03.860+0300] {processor.py:186} INFO - Started process (PID=8263) to work on /home/nikita/airflow-setup/ENV/lib/python3.12/site-packages/airflow/example_dags/example_setup_teardown.py
[2026-05-04T01:00:03.862+0300] {processor.py:914} INFO - Processing file /home/nikita/airflow-setup/ENV/lib/python3.12/site-packages/airflow/example_dags/example_setup_teardown.py for tasks to queue
[2026-05-04T01:00:03.864+0300] {logging_mixin.py:190} INFO - [2026-05-04T01:00:03.863+0300] {dagbag.py:588} INFO - Filling up the DagBag from /home/nikita/airflow-setup/ENV/lib/python3.12/site-packages/airflow/example_dags/example_setup_teardown.py
[2026-05-04T01:00:03.870+0300] {processor.py:925} INFO - DAG(s) 'example_setup_teardown' retrieved from /home/nikita/airflow-setup/ENV/lib/python3.12/site-packages/airflow/example_dags/example_setup_teardown.py
[2026-05-04T01:00:03.881+0300] {logging_mixin.py:190} INFO - [2026-05-04T01:00:03.881+0300] {dag.py:3239} INFO - Sync 1 DAGs
[2026-05-04T01:00:03.889+0300] {logging_mixin.py:190} INFO - [2026-05-04T01:00:03.889+0300] {dag.py:4180} INFO - Setting next_dagrun for example_setup_teardown to None, run_after=None
[2026-05-04T01:00:03.904+0300] {processor.py:208} INFO - Processing /home/nikita/airflow-setup/ENV/lib/python3.12/site-packages/airflow/example_dags/example_setup_teardown.py took 0.049 seconds
[2026-05-04T01:01:10.888+0300] {processor.py:186} INFO - Started process (PID=8626) to work on /home/nikita/airflow-setup/ENV/lib/python3.12/site-packages/airflow/example_dags/example_setup_teardown.py
[2026-05-04T01:01:10.897+0300] {processor.py:914} INFO - Processing file /home/nikita/airflow-setup/ENV/lib/python3.12/site-packages/airflow/example_dags/example_setup_teardown.py for tasks to queue
[2026-05-04T01:01:10.899+0300] {logging_mixin.py:190} INFO - [2026-05-04T01:01:10.898+0300] {dagbag.py:588} INFO - Filling up the DagBag from /home/nikita/airflow-setup/ENV/lib/python3.12/site-packages/airflow/example_dags/example_setup_teardown.py
[2026-05-04T01:01:10.906+0300] {processor.py:925} INFO - DAG(s) 'example_setup_teardown' retrieved from /home/nikita/airflow-setup/ENV/lib/python3.12/site-packages/airflow/example_dags/example_setup_teardown.py
[2026-05-04T01:01:10.918+0300] {logging_mixin.py:190} INFO - [2026-05-04T01:01:10.918+0300] {dag.py:3239} INFO - Sync 1 DAGs
[2026-05-04T01:01:10.927+0300] {logging_mixin.py:190} INFO - [2026-05-04T01:01:10.927+0300] {dag.py:4180} INFO - Setting next_dagrun for example_setup_teardown to None, run_after=None
[2026-05-04T01:01:10.943+0300] {processor.py:208} INFO - Processing /home/nikita/airflow-setup/ENV/lib/python3.12/site-packages/airflow/example_dags/example_setup_teardown.py took 0.060 seconds
[2026-05-04T01:02:18.729+0300] {processor.py:186} INFO - Started process (PID=9255) to work on /home/nikita/airflow-setup/ENV/lib/python3.12/site-packages/airflow/example_dags/example_setup_teardown.py
[2026-05-04T01:02:18.737+0300] {processor.py:914} INFO - Processing file /home/nikita/airflow-setup/ENV/lib/python3.12/site-packages/airflow/example_dags/example_setup_teardown.py for tasks to queue
[2026-05-04T01:02:18.738+0300] {logging_mixin.py:190} INFO - [2026-05-04T01:02:18.738+0300] {dagbag.py:588} INFO - Filling up the DagBag from /home/nikita/airflow-setup/ENV/lib/python3.12/site-packages/airflow/example_dags/example_setup_teardown.py
[2026-05-04T01:02:18.745+0300] {processor.py:925} INFO - DAG(s) 'example_setup_teardown' retrieved from /home/nikita/airflow-setup/ENV/lib/python3.12/site-packages/airflow/example_dags/example_setup_teardown.py
[2026-05-04T01:02:18.756+0300] {logging_mixin.py:190} INFO - [2026-05-04T01:02:18.755+0300] {dag.py:3239} INFO - Sync 1 DAGs
[2026-05-04T01:02:18.764+0300] {logging_mixin.py:190} INFO - [2026-05-04T01:02:18.764+0300] {dag.py:4180} INFO - Setting next_dagrun for example_setup_teardown to None, run_after=None
[2026-05-04T01:02:18.780+0300] {processor.py:208} INFO - Processing /home/nikita/airflow-setup/ENV/lib/python3.12/site-packages/airflow/example_dags/example_setup_teardown.py took 0.055 seconds
[2026-05-04T01:03:22.662+0300] {processor.py:186} INFO - Started process (PID=9683) to work on /home/nikita/airflow-setup/ENV/lib/python3.12/site-packages/airflow/example_dags/example_setup_teardown.py
[2026-05-04T01:03:22.664+0300] {processor.py:914} INFO - Processing file /home/nikita/airflow-setup/ENV/lib/python3.12/site-packages/airflow/example_dags/example_setup_teardown.py for tasks to queue
[2026-05-04T01:03:22.665+0300] {logging_mixin.py:190} INFO - [2026-05-04T01:03:22.664+0300] {dagbag.py:588} INFO - Filling up the DagBag from /home/nikita/airflow-setup/ENV/lib/python3.12/site-packages/airflow/example_dags/example_setup_teardown.py
[2026-05-04T01:03:22.671+0300] {processor.py:925} INFO - DAG(s) 'example_setup_teardown' retrieved from /home/nikita/airflow-setup/ENV/lib/python3.12/site-packages/airflow/example_dags/example_setup_teardown.py
[2026-05-04T01:03:22.682+0300] {logging_mixin.py:190} INFO - [2026-05-04T01:03:22.682+0300] {dag.py:3239} INFO - Sync 1 DAGs
[2026-05-04T01:03:22.691+0300] {logging_mixin.py:190} INFO - [2026-05-04T01:03:22.690+0300] {dag.py:4180} INFO - Setting next_dagrun for example_setup_teardown to None, run_after=None
[2026-05-04T01:03:22.706+0300] {processor.py:208} INFO - Processing /home/nikita/airflow-setup/ENV/lib/python3.12/site-packages/airflow/example_dags/example_setup_teardown.py took 0.048 seconds
[2026-05-04T01:04:25.323+0300] {processor.py:186} INFO - Started process (PID=9951) to work on /home/nikita/airflow-setup/ENV/lib/python3.12/site-packages/airflow/example_dags/example_setup_teardown.py
[2026-05-04T01:04:25.332+0300] {processor.py:914} INFO - Processing file /home/nikita/airflow-setup/ENV/lib/python3.12/site-packages/airflow/example_dags/example_setup_teardown.py for tasks to queue
[2026-05-04T01:04:25.333+0300] {logging_mixin.py:190} INFO - [2026-05-04T01:04:25.332+0300] {dagbag.py:588} INFO - Filling up the DagBag from /home/nikita/airflow-setup/ENV/lib/python3.12/site-packages/airflow/example_dags/example_setup_teardown.py
[2026-05-04T01:04:25.340+0300] {processor.py:925} INFO - DAG(s) 'example_setup_teardown' retrieved from /home/nikita/airflow-setup/ENV/lib/python3.12/site-packages/airflow/example_dags/example_setup_teardown.py
[2026-05-04T01:04:25.353+0300] {logging_mixin.py:190} INFO - [2026-05-04T01:04:25.353+0300] {dag.py:3239} INFO - Sync 1 DAGs
[2026-05-04T01:04:25.366+0300] {logging_mixin.py:190} INFO - [2026-05-04T01:04:25.366+0300] {dag.py:4180} INFO - Setting next_dagrun for example_setup_teardown to None, run_after=None
[2026-05-04T01:04:25.393+0300] {processor.py:208} INFO - Processing /home/nikita/airflow-setup/ENV/lib/python3.12/site-packages/airflow/example_dags/example_setup_teardown.py took 0.075 seconds
[2026-05-04T01:05:31.811+0300] {processor.py:186} INFO - Started process (PID=10213) to work on /home/nikita/airflow-setup/ENV/lib/python3.12/site-packages/airflow/example_dags/example_setup_teardown.py
[2026-05-04T01:05:31.813+0300] {processor.py:914} INFO - Processing file /home/nikita/airflow-setup/ENV/lib/python3.12/site-packages/airflow/example_dags/example_setup_teardown.py for tasks to queue
[2026-05-04T01:05:31.814+0300] {logging_mixin.py:190} INFO - [2026-05-04T01:05:31.813+0300] {dagbag.py:588} INFO - Filling up the DagBag from /home/nikita/airflow-setup/ENV/lib/python3.12/site-packages/airflow/example_dags/example_setup_teardown.py
[2026-05-04T01:05:31.821+0300] {processor.py:925} INFO - DAG(s) 'example_setup_teardown' retrieved from /home/nikita/airflow-setup/ENV/lib/python3.12/site-packages/airflow/example_dags/example_setup_teardown.py
[2026-05-04T01:05:31.832+0300] {logging_mixin.py:190} INFO - [2026-05-04T01:05:31.832+0300] {dag.py:3239} INFO - Sync 1 DAGs
[2026-05-04T01:05:31.841+0300] {logging_mixin.py:190} INFO - [2026-05-04T01:05:31.841+0300] {dag.py:4180} INFO - Setting next_dagrun for example_setup_teardown to None, run_after=None
[2026-05-04T01:05:31.857+0300] {processor.py:208} INFO - Processing /home/nikita/airflow-setup/ENV/lib/python3.12/site-packages/airflow/example_dags/example_setup_teardown.py took 0.050 seconds
[2026-05-04T01:06:36.258+0300] {processor.py:186} INFO - Started process (PID=10483) to work on /home/nikita/airflow-setup/ENV/lib/python3.12/site-packages/airflow/example_dags/example_setup_teardown.py
[2026-05-04T01:06:36.267+0300] {processor.py:914} INFO - Processing file /home/nikita/airflow-setup/ENV/lib/python3.12/site-packages/airflow/example_dags/example_setup_teardown.py for tasks to queue
[2026-05-04T01:06:36.269+0300] {logging_mixin.py:190} INFO - [2026-05-04T01:06:36.268+0300] {dagbag.py:588} INFO - Filling up the DagBag from /home/nikita/airflow-setup/ENV/lib/python3.12/site-packages/airflow/example_dags/example_setup_teardown.py
[2026-05-04T01:06:36.279+0300] {processor.py:925} INFO - DAG(s) 'example_setup_teardown' retrieved from /home/nikita/airflow-setup/ENV/lib/python3.12/site-packages/airflow/example_dags/example_setup_teardown.py
[2026-05-04T01:06:36.293+0300] {logging_mixin.py:190} INFO - [2026-05-04T01:06:36.292+0300] {dag.py:3239} INFO - Sync 1 DAGs
[2026-05-04T01:06:36.308+0300] {logging_mixin.py:190} INFO - [2026-05-04T01:06:36.308+0300] {dag.py:4180} INFO - Setting next_dagrun for example_setup_teardown to None, run_after=None
[2026-05-04T01:06:36.330+0300] {processor.py:208} INFO - Processing /home/nikita/airflow-setup/ENV/lib/python3.12/site-packages/airflow/example_dags/example_setup_teardown.py took 0.078 seconds
[2026-05-04T01:07:45.195+0300] {processor.py:186} INFO - Started process (PID=10741) to work on /home/nikita/airflow-setup/ENV/lib/python3.12/site-packages/airflow/example_dags/example_setup_teardown.py
[2026-05-04T01:07:45.203+0300] {processor.py:914} INFO - Processing file /home/nikita/airflow-setup/ENV/lib/python3.12/site-packages/airflow/example_dags/example_setup_teardown.py for tasks to queue
[2026-05-04T01:07:45.205+0300] {logging_mixin.py:190} INFO - [2026-05-04T01:07:45.204+0300] {dagbag.py:588} INFO - Filling up the DagBag from /home/nikita/airflow-setup/ENV/lib/python3.12/site-packages/airflow/example_dags/example_setup_teardown.py
[2026-05-04T01:07:45.211+0300] {processor.py:925} INFO - DAG(s) 'example_setup_teardown' retrieved from /home/nikita/airflow-setup/ENV/lib/python3.12/site-packages/airflow/example_dags/example_setup_teardown.py
[2026-05-04T01:07:45.223+0300] {logging_mixin.py:190} INFO - [2026-05-04T01:07:45.223+0300] {dag.py:3239} INFO - Sync 1 DAGs
[2026-05-04T01:07:45.232+0300] {logging_mixin.py:190} INFO - [2026-05-04T01:07:45.232+0300] {dag.py:4180} INFO - Setting next_dagrun for example_setup_teardown to None, run_after=None
[2026-05-04T01:07:45.247+0300] {processor.py:208} INFO - Processing /home/nikita/airflow-setup/ENV/lib/python3.12/site-packages/airflow/example_dags/example_setup_teardown.py took 0.057 seconds
[2026-05-04T01:08:52.093+0300] {processor.py:186} INFO - Started process (PID=11295) to work on /home/nikita/airflow-setup/ENV/lib/python3.12/site-packages/airflow/example_dags/example_setup_teardown.py
[2026-05-04T01:08:52.094+0300] {processor.py:914} INFO - Processing file /home/nikita/airflow-setup/ENV/lib/python3.12/site-packages/airflow/example_dags/example_setup_teardown.py for tasks to queue
[2026-05-04T01:08:52.095+0300] {logging_mixin.py:190} INFO - [2026-05-04T01:08:52.095+0300] {dagbag.py:588} INFO - Filling up the DagBag from /home/nikita/airflow-setup/ENV/lib/python3.12/site-packages/airflow/example_dags/example_setup_teardown.py
[2026-05-04T01:08:52.102+0300] {processor.py:925} INFO - DAG(s) 'example_setup_teardown' retrieved from /home/nikita/airflow-setup/ENV/lib/python3.12/site-packages/airflow/example_dags/example_setup_teardown.py
[2026-05-04T01:08:52.113+0300] {logging_mixin.py:190} INFO - [2026-05-04T01:08:52.113+0300] {dag.py:3239} INFO - Sync 1 DAGs
[2026-05-04T01:08:52.123+0300] {logging_mixin.py:190} INFO - [2026-05-04T01:08:52.122+0300] {dag.py:4180} INFO - Setting next_dagrun for example_setup_teardown to None, run_after=None
[2026-05-04T01:08:52.138+0300] {processor.py:208} INFO - Processing /home/nikita/airflow-setup/ENV/lib/python3.12/site-packages/airflow/example_dags/example_setup_teardown.py took 0.049 seconds
[2026-05-04T01:10:01.756+0300] {processor.py:186} INFO - Started process (PID=12202) to work on /home/nikita/airflow-setup/ENV/lib/python3.12/site-packages/airflow/example_dags/example_setup_teardown.py
[2026-05-04T01:10:01.758+0300] {processor.py:914} INFO - Processing file /home/nikita/airflow-setup/ENV/lib/python3.12/site-packages/airflow/example_dags/example_setup_teardown.py for tasks to queue
[2026-05-04T01:10:01.759+0300] {logging_mixin.py:190} INFO - [2026-05-04T01:10:01.759+0300] {dagbag.py:588} INFO - Filling up the DagBag from /home/nikita/airflow-setup/ENV/lib/python3.12/site-packages/airflow/example_dags/example_setup_teardown.py
[2026-05-04T01:10:01.767+0300] {processor.py:925} INFO - DAG(s) 'example_setup_teardown' retrieved from /home/nikita/airflow-setup/ENV/lib/python3.12/site-packages/airflow/example_dags/example_setup_teardown.py
[2026-05-04T01:10:01.780+0300] {logging_mixin.py:190} INFO - [2026-05-04T01:10:01.780+0300] {dag.py:3239} INFO - Sync 1 DAGs
[2026-05-04T01:10:01.790+0300] {logging_mixin.py:190} INFO - [2026-05-04T01:10:01.790+0300] {dag.py:4180} INFO - Setting next_dagrun for example_setup_teardown to None, run_after=None
[2026-05-04T01:10:01.809+0300] {processor.py:208} INFO - Processing /home/nikita/airflow-setup/ENV/lib/python3.12/site-packages/airflow/example_dags/example_setup_teardown.py took 0.057 seconds
[2026-05-04T01:11:12.030+0300] {processor.py:186} INFO - Started process (PID=12467) to work on /home/nikita/airflow-setup/ENV/lib/python3.12/site-packages/airflow/example_dags/example_setup_teardown.py
[2026-05-04T01:11:12.039+0300] {processor.py:914} INFO - Processing file /home/nikita/airflow-setup/ENV/lib/python3.12/site-packages/airflow/example_dags/example_setup_teardown.py for tasks to queue
[2026-05-04T01:11:12.040+0300] {logging_mixin.py:190} INFO - [2026-05-04T01:11:12.040+0300] {dagbag.py:588} INFO - Filling up the DagBag from /home/nikita/airflow-setup/ENV/lib/python3.12/site-packages/airflow/example_dags/example_setup_teardown.py
[2026-05-04T01:11:12.048+0300] {processor.py:925} INFO - DAG(s) 'example_setup_teardown' retrieved from /home/nikita/airflow-setup/ENV/lib/python3.12/site-packages/airflow/example_dags/example_setup_teardown.py
[2026-05-04T01:11:12.059+0300] {logging_mixin.py:190} INFO - [2026-05-04T01:11:12.059+0300] {dag.py:3239} INFO - Sync 1 DAGs
[2026-05-04T01:11:12.069+0300] {logging_mixin.py:190} INFO - [2026-05-04T01:11:12.069+0300] {dag.py:4180} INFO - Setting next_dagrun for example_setup_teardown to None, run_after=None
[2026-05-04T01:11:12.087+0300] {processor.py:208} INFO - Processing /home/nikita/airflow-setup/ENV/lib/python3.12/site-packages/airflow/example_dags/example_setup_teardown.py took 0.061 seconds
[2026-05-04T01:12:12.613+0300] {processor.py:186} INFO - Started process (PID=12698) to work on /home/nikita/airflow-setup/ENV/lib/python3.12/site-packages/airflow/example_dags/example_setup_teardown.py
[2026-05-04T01:12:12.622+0300] {processor.py:914} INFO - Processing file /home/nikita/airflow-setup/ENV/lib/python3.12/site-packages/airflow/example_dags/example_setup_teardown.py for tasks to queue
[2026-05-04T01:12:12.623+0300] {logging_mixin.py:190} INFO - [2026-05-04T01:12:12.623+0300] {dagbag.py:588} INFO - Filling up the DagBag from /home/nikita/airflow-setup/ENV/lib/python3.12/site-packages/airflow/example_dags/example_setup_teardown.py
[2026-05-04T01:12:12.631+0300] {processor.py:925} INFO - DAG(s) 'example_setup_teardown' retrieved from /home/nikita/airflow-setup/ENV/lib/python3.12/site-packages/airflow/example_dags/example_setup_teardown.py
[2026-05-04T01:12:12.642+0300] {logging_mixin.py:190} INFO - [2026-05-04T01:12:12.642+0300] {dag.py:3239} INFO - Sync 1 DAGs
[2026-05-04T01:12:12.651+0300] {logging_mixin.py:190} INFO - [2026-05-04T01:12:12.651+0300] {dag.py:4180} INFO - Setting next_dagrun for example_setup_teardown to None, run_after=None
[2026-05-04T01:12:12.668+0300] {processor.py:208} INFO - Processing /home/nikita/airflow-setup/ENV/lib/python3.12/site-packages/airflow/example_dags/example_setup_teardown.py took 0.060 seconds
[2026-05-04T01:13:12.000+0300] {processor.py:186} INFO - Started process (PID=13020) to work on /home/nikita/airflow-setup/ENV/lib/python3.12/site-packages/airflow/example_dags/example_setup_teardown.py
[2026-05-04T01:13:12.002+0300] {processor.py:914} INFO - Processing file /home/nikita/airflow-setup/ENV/lib/python3.12/site-packages/airflow/example_dags/example_setup_teardown.py for tasks to queue
[2026-05-04T01:13:12.004+0300] {logging_mixin.py:190} INFO - [2026-05-04T01:13:12.003+0300] {dagbag.py:588} INFO - Filling up the DagBag from /home/nikita/airflow-setup/ENV/lib/python3.12/site-packages/airflow/example_dags/example_setup_teardown.py
[2026-05-04T01:13:12.010+0300] {processor.py:925} INFO - DAG(s) 'example_setup_teardown' retrieved from /home/nikita/airflow-setup/ENV/lib/python3.12/site-packages/airflow/example_dags/example_setup_teardown.py
[2026-05-04T01:13:12.021+0300] {logging_mixin.py:190} INFO - [2026-05-04T01:13:12.021+0300] {dag.py:3239} INFO - Sync 1 DAGs
[2026-05-04T01:13:12.029+0300] {logging_mixin.py:190} INFO - [2026-05-04T01:13:12.029+0300] {dag.py:4180} INFO - Setting next_dagrun for example_setup_teardown to None, run_after=None
[2026-05-04T01:13:12.045+0300] {processor.py:208} INFO - Processing /home/nikita/airflow-setup/ENV/lib/python3.12/site-packages/airflow/example_dags/example_setup_teardown.py took 0.049 seconds
[2026-05-04T01:14:16.473+0300] {processor.py:186} INFO - Started process (PID=14237) to work on /home/nikita/airflow-setup/ENV/lib/python3.12/site-packages/airflow/example_dags/example_setup_teardown.py
[2026-05-04T01:14:16.474+0300] {processor.py:914} INFO - Processing file /home/nikita/airflow-setup/ENV/lib/python3.12/site-packages/airflow/example_dags/example_setup_teardown.py for tasks to queue
[2026-05-04T01:14:16.475+0300] {logging_mixin.py:190} INFO - [2026-05-04T01:14:16.475+0300] {dagbag.py:588} INFO - Filling up the DagBag from /home/nikita/airflow-setup/ENV/lib/python3.12/site-packages/airflow/example_dags/example_setup_teardown.py
[2026-05-04T01:14:16.482+0300] {processor.py:925} INFO - DAG(s) 'example_setup_teardown' retrieved from /home/nikita/airflow-setup/ENV/lib/python3.12/site-packages/airflow/example_dags/example_setup_teardown.py
[2026-05-04T01:14:16.495+0300] {logging_mixin.py:190} INFO - [2026-05-04T01:14:16.495+0300] {dag.py:3239} INFO - Sync 1 DAGs
[2026-05-04T01:14:16.505+0300] {logging_mixin.py:190} INFO - [2026-05-04T01:14:16.505+0300] {dag.py:4180} INFO - Setting next_dagrun for example_setup_teardown to None, run_after=None
[2026-05-04T01:14:16.527+0300] {processor.py:208} INFO - Processing /home/nikita/airflow-setup/ENV/lib/python3.12/site-packages/airflow/example_dags/example_setup_teardown.py took 0.058 seconds
[2026-05-04T01:15:26.695+0300] {processor.py:186} INFO - Started process (PID=14504) to work on /home/nikita/airflow-setup/ENV/lib/python3.12/site-packages/airflow/example_dags/example_setup_teardown.py
[2026-05-04T01:15:26.704+0300] {processor.py:914} INFO - Processing file /home/nikita/airflow-setup/ENV/lib/python3.12/site-packages/airflow/example_dags/example_setup_teardown.py for tasks to queue
[2026-05-04T01:15:26.705+0300] {logging_mixin.py:190} INFO - [2026-05-04T01:15:26.705+0300] {dagbag.py:588} INFO - Filling up the DagBag from /home/nikita/airflow-setup/ENV/lib/python3.12/site-packages/airflow/example_dags/example_setup_teardown.py
[2026-05-04T01:15:26.713+0300] {processor.py:925} INFO - DAG(s) 'example_setup_teardown' retrieved from /home/nikita/airflow-setup/ENV/lib/python3.12/site-packages/airflow/example_dags/example_setup_teardown.py
[2026-05-04T01:15:26.724+0300] {logging_mixin.py:190} INFO - [2026-05-04T01:15:26.724+0300] {dag.py:3239} INFO - Sync 1 DAGs
[2026-05-04T01:15:26.735+0300] {logging_mixin.py:190} INFO - [2026-05-04T01:15:26.735+0300] {dag.py:4180} INFO - Setting next_dagrun for example_setup_teardown to None, run_after=None
[2026-05-04T01:15:26.754+0300] {processor.py:208} INFO - Processing /home/nikita/airflow-setup/ENV/lib/python3.12/site-packages/airflow/example_dags/example_setup_teardown.py took 0.063 seconds
[2026-05-04T01:16:34.775+0300] {processor.py:186} INFO - Started process (PID=15719) to work on /home/nikita/airflow-setup/ENV/lib/python3.12/site-packages/airflow/example_dags/example_setup_teardown.py
[2026-05-04T01:16:34.778+0300] {processor.py:914} INFO - Processing file /home/nikita/airflow-setup/ENV/lib/python3.12/site-packages/airflow/example_dags/example_setup_teardown.py for tasks to queue
[2026-05-04T01:16:34.779+0300] {logging_mixin.py:190} INFO - [2026-05-04T01:16:34.778+0300] {dagbag.py:588} INFO - Filling up the DagBag from /home/nikita/airflow-setup/ENV/lib/python3.12/site-packages/airflow/example_dags/example_setup_teardown.py
[2026-05-04T01:16:34.785+0300] {processor.py:925} INFO - DAG(s) 'example_setup_teardown' retrieved from /home/nikita/airflow-setup/ENV/lib/python3.12/site-packages/airflow/example_dags/example_setup_teardown.py
[2026-05-04T01:16:34.796+0300] {logging_mixin.py:190} INFO - [2026-05-04T01:16:34.796+0300] {dag.py:3239} INFO - Sync 1 DAGs
[2026-05-04T01:16:34.805+0300] {logging_mixin.py:190} INFO - [2026-05-04T01:16:34.805+0300] {dag.py:4180} INFO - Setting next_dagrun for example_setup_teardown to None, run_after=None
[2026-05-04T01:16:34.821+0300] {processor.py:208} INFO - Processing /home/nikita/airflow-setup/ENV/lib/python3.12/site-packages/airflow/example_dags/example_setup_teardown.py took 0.050 seconds
[2026-05-04T01:17:44.387+0300] {processor.py:186} INFO - Started process (PID=15980) to work on /home/nikita/airflow-setup/ENV/lib/python3.12/site-packages/airflow/example_dags/example_setup_teardown.py
[2026-05-04T01:17:44.397+0300] {processor.py:914} INFO - Processing file /home/nikita/airflow-setup/ENV/lib/python3.12/site-packages/airflow/example_dags/example_setup_teardown.py for tasks to queue
[2026-05-04T01:17:44.398+0300] {logging_mixin.py:190} INFO - [2026-05-04T01:17:44.398+0300] {dagbag.py:588} INFO - Filling up the DagBag from /home/nikita/airflow-setup/ENV/lib/python3.12/site-packages/airflow/example_dags/example_setup_teardown.py
[2026-05-04T01:17:44.405+0300] {processor.py:925} INFO - DAG(s) 'example_setup_teardown' retrieved from /home/nikita/airflow-setup/ENV/lib/python3.12/site-packages/airflow/example_dags/example_setup_teardown.py
[2026-05-04T01:17:44.421+0300] {logging_mixin.py:190} INFO - [2026-05-04T01:17:44.420+0300] {dag.py:3239} INFO - Sync 1 DAGs
[2026-05-04T01:17:44.430+0300] {logging_mixin.py:190} INFO - [2026-05-04T01:17:44.430+0300] {dag.py:4180} INFO - Setting next_dagrun for example_setup_teardown to None, run_after=None
[2026-05-04T01:17:44.447+0300] {processor.py:208} INFO - Processing /home/nikita/airflow-setup/ENV/lib/python3.12/site-packages/airflow/example_dags/example_setup_teardown.py took 0.065 seconds
[2026-05-04T01:18:52.200+0300] {processor.py:186} INFO - Started process (PID=16238) to work on /home/nikita/airflow-setup/ENV/lib/python3.12/site-packages/airflow/example_dags/example_setup_teardown.py
[2026-05-04T01:18:52.202+0300] {processor.py:914} INFO - Processing file /home/nikita/airflow-setup/ENV/lib/python3.12/site-packages/airflow/example_dags/example_setup_teardown.py for tasks to queue
[2026-05-04T01:18:52.203+0300] {logging_mixin.py:190} INFO - [2026-05-04T01:18:52.203+0300] {dagbag.py:588} INFO - Filling up the DagBag from /home/nikita/airflow-setup/ENV/lib/python3.12/site-packages/airflow/example_dags/example_setup_teardown.py
[2026-05-04T01:18:52.209+0300] {processor.py:925} INFO - DAG(s) 'example_setup_teardown' retrieved from /home/nikita/airflow-setup/ENV/lib/python3.12/site-packages/airflow/example_dags/example_setup_teardown.py
[2026-05-04T01:18:52.220+0300] {logging_mixin.py:190} INFO - [2026-05-04T01:18:52.220+0300] {dag.py:3239} INFO - Sync 1 DAGs
[2026-05-04T01:18:52.231+0300] {logging_mixin.py:190} INFO - [2026-05-04T01:18:52.231+0300] {dag.py:4180} INFO - Setting next_dagrun for example_setup_teardown to None, run_after=None
[2026-05-04T01:18:52.248+0300] {processor.py:208} INFO - Processing /home/nikita/airflow-setup/ENV/lib/python3.12/site-packages/airflow/example_dags/example_setup_teardown.py took 0.053 seconds
[2026-05-04T01:19:54.619+0300] {processor.py:186} INFO - Started process (PID=16486) to work on /home/nikita/airflow-setup/ENV/lib/python3.12/site-packages/airflow/example_dags/example_setup_teardown.py
[2026-05-04T01:19:54.628+0300] {processor.py:914} INFO - Processing file /home/nikita/airflow-setup/ENV/lib/python3.12/site-packages/airflow/example_dags/example_setup_teardown.py for tasks to queue
[2026-05-04T01:19:54.630+0300] {logging_mixin.py:190} INFO - [2026-05-04T01:19:54.629+0300] {dagbag.py:588} INFO - Filling up the DagBag from /home/nikita/airflow-setup/ENV/lib/python3.12/site-packages/airflow/example_dags/example_setup_teardown.py
[2026-05-04T01:19:54.638+0300] {processor.py:925} INFO - DAG(s) 'example_setup_teardown' retrieved from /home/nikita/airflow-setup/ENV/lib/python3.12/site-packages/airflow/example_dags/example_setup_teardown.py
[2026-05-04T01:19:54.653+0300] {logging_mixin.py:190} INFO - [2026-05-04T01:19:54.653+0300] {dag.py:3239} INFO - Sync 1 DAGs
[2026-05-04T01:19:54.666+0300] {logging_mixin.py:190} INFO - [2026-05-04T01:19:54.666+0300] {dag.py:4180} INFO - Setting next_dagrun for example_setup_teardown to None, run_after=None
[2026-05-04T01:19:54.686+0300] {processor.py:208} INFO - Processing /home/nikita/airflow-setup/ENV/lib/python3.12/site-packages/airflow/example_dags/example_setup_teardown.py took 0.071 seconds
[2026-05-04T01:21:02.298+0300] {processor.py:186} INFO - Started process (PID=16748) to work on /home/nikita/airflow-setup/ENV/lib/python3.12/site-packages/airflow/example_dags/example_setup_teardown.py
[2026-05-04T01:21:02.308+0300] {processor.py:914} INFO - Processing file /home/nikita/airflow-setup/ENV/lib/python3.12/site-packages/airflow/example_dags/example_setup_teardown.py for tasks to queue
[2026-05-04T01:21:02.309+0300] {logging_mixin.py:190} INFO - [2026-05-04T01:21:02.309+0300] {dagbag.py:588} INFO - Filling up the DagBag from /home/nikita/airflow-setup/ENV/lib/python3.12/site-packages/airflow/example_dags/example_setup_teardown.py
[2026-05-04T01:21:02.316+0300] {processor.py:925} INFO - DAG(s) 'example_setup_teardown' retrieved from /home/nikita/airflow-setup/ENV/lib/python3.12/site-packages/airflow/example_dags/example_setup_teardown.py
[2026-05-04T01:21:02.329+0300] {logging_mixin.py:190} INFO - [2026-05-04T01:21:02.328+0300] {dag.py:3239} INFO - Sync 1 DAGs
[2026-05-04T01:21:02.339+0300] {logging_mixin.py:190} INFO - [2026-05-04T01:21:02.339+0300] {dag.py:4180} INFO - Setting next_dagrun for example_setup_teardown to None, run_after=None
[2026-05-04T01:21:02.355+0300] {processor.py:208} INFO - Processing /home/nikita/airflow-setup/ENV/lib/python3.12/site-packages/airflow/example_dags/example_setup_teardown.py took 0.064 seconds
[2026-05-04T01:22:11.994+0300] {processor.py:186} INFO - Started process (PID=17014) to work on /home/nikita/airflow-setup/ENV/lib/python3.12/site-packages/airflow/example_dags/example_setup_teardown.py
[2026-05-04T01:22:11.996+0300] {processor.py:914} INFO - Processing file /home/nikita/airflow-setup/ENV/lib/python3.12/site-packages/airflow/example_dags/example_setup_teardown.py for tasks to queue
[2026-05-04T01:22:11.997+0300] {logging_mixin.py:190} INFO - [2026-05-04T01:22:11.997+0300] {dagbag.py:588} INFO - Filling up the DagBag from /home/nikita/airflow-setup/ENV/lib/python3.12/site-packages/airflow/example_dags/example_setup_teardown.py
[2026-05-04T01:22:12.004+0300] {processor.py:925} INFO - DAG(s) 'example_setup_teardown' retrieved from /home/nikita/airflow-setup/ENV/lib/python3.12/site-packages/airflow/example_dags/example_setup_teardown.py
[2026-05-04T01:22:12.016+0300] {logging_mixin.py:190} INFO - [2026-05-04T01:22:12.015+0300] {dag.py:3239} INFO - Sync 1 DAGs
[2026-05-04T01:22:12.026+0300] {logging_mixin.py:190} INFO - [2026-05-04T01:22:12.026+0300] {dag.py:4180} INFO - Setting next_dagrun for example_setup_teardown to None, run_after=None
[2026-05-04T01:22:12.044+0300] {processor.py:208} INFO - Processing /home/nikita/airflow-setup/ENV/lib/python3.12/site-packages/airflow/example_dags/example_setup_teardown.py took 0.053 seconds
[2026-05-04T01:23:20.580+0300] {processor.py:186} INFO - Started process (PID=17272) to work on /home/nikita/airflow-setup/ENV/lib/python3.12/site-packages/airflow/example_dags/example_setup_teardown.py
[2026-05-04T01:23:20.582+0300] {processor.py:914} INFO - Processing file /home/nikita/airflow-setup/ENV/lib/python3.12/site-packages/airflow/example_dags/example_setup_teardown.py for tasks to queue
[2026-05-04T01:23:20.584+0300] {logging_mixin.py:190} INFO - [2026-05-04T01:23:20.583+0300] {dagbag.py:588} INFO - Filling up the DagBag from /home/nikita/airflow-setup/ENV/lib/python3.12/site-packages/airflow/example_dags/example_setup_teardown.py
[2026-05-04T01:23:20.595+0300] {processor.py:925} INFO - DAG(s) 'example_setup_teardown' retrieved from /home/nikita/airflow-setup/ENV/lib/python3.12/site-packages/airflow/example_dags/example_setup_teardown.py
[2026-05-04T01:23:20.611+0300] {logging_mixin.py:190} INFO - [2026-05-04T01:23:20.611+0300] {dag.py:3239} INFO - Sync 1 DAGs
[2026-05-04T01:23:20.625+0300] {logging_mixin.py:190} INFO - [2026-05-04T01:23:20.624+0300] {dag.py:4180} INFO - Setting next_dagrun for example_setup_teardown to None, run_after=None
[2026-05-04T01:23:20.647+0300] {processor.py:208} INFO - Processing /home/nikita/airflow-setup/ENV/lib/python3.12/site-packages/airflow/example_dags/example_setup_teardown.py took 0.073 seconds
[2026-05-04T01:24:26.741+0300] {processor.py:186} INFO - Started process (PID=17843) to work on /home/nikita/airflow-setup/ENV/lib/python3.12/site-packages/airflow/example_dags/example_setup_teardown.py
[2026-05-04T01:24:26.750+0300] {processor.py:914} INFO - Processing file /home/nikita/airflow-setup/ENV/lib/python3.12/site-packages/airflow/example_dags/example_setup_teardown.py for tasks to queue
[2026-05-04T01:24:26.752+0300] {logging_mixin.py:190} INFO - [2026-05-04T01:24:26.751+0300] {dagbag.py:588} INFO - Filling up the DagBag from /home/nikita/airflow-setup/ENV/lib/python3.12/site-packages/airflow/example_dags/example_setup_teardown.py
[2026-05-04T01:24:26.758+0300] {processor.py:925} INFO - DAG(s) 'example_setup_teardown' retrieved from /home/nikita/airflow-setup/ENV/lib/python3.12/site-packages/airflow/example_dags/example_setup_teardown.py
[2026-05-04T01:24:26.769+0300] {logging_mixin.py:190} INFO - [2026-05-04T01:24:26.768+0300] {dag.py:3239} INFO - Sync 1 DAGs
[2026-05-04T01:24:26.777+0300] {logging_mixin.py:190} INFO - [2026-05-04T01:24:26.777+0300] {dag.py:4180} INFO - Setting next_dagrun for example_setup_teardown to None, run_after=None
[2026-05-04T01:24:26.793+0300] {processor.py:208} INFO - Processing /home/nikita/airflow-setup/ENV/lib/python3.12/site-packages/airflow/example_dags/example_setup_teardown.py took 0.055 seconds
[2026-05-04T01:25:39.403+0300] {processor.py:186} INFO - Started process (PID=18459) to work on /home/nikita/airflow-setup/ENV/lib/python3.12/site-packages/airflow/example_dags/example_setup_teardown.py
[2026-05-04T01:25:39.411+0300] {processor.py:914} INFO - Processing file /home/nikita/airflow-setup/ENV/lib/python3.12/site-packages/airflow/example_dags/example_setup_teardown.py for tasks to queue
[2026-05-04T01:25:39.412+0300] {logging_mixin.py:190} INFO - [2026-05-04T01:25:39.412+0300] {dagbag.py:588} INFO - Filling up the DagBag from /home/nikita/airflow-setup/ENV/lib/python3.12/site-packages/airflow/example_dags/example_setup_teardown.py
[2026-05-04T01:25:39.419+0300] {processor.py:925} INFO - DAG(s) 'example_setup_teardown' retrieved from /home/nikita/airflow-setup/ENV/lib/python3.12/site-packages/airflow/example_dags/example_setup_teardown.py
[2026-05-04T01:25:39.431+0300] {logging_mixin.py:190} INFO - [2026-05-04T01:25:39.431+0300] {dag.py:3239} INFO - Sync 1 DAGs
[2026-05-04T01:25:39.441+0300] {logging_mixin.py:190} INFO - [2026-05-04T01:25:39.441+0300] {dag.py:4180} INFO - Setting next_dagrun for example_setup_teardown to None, run_after=None
[2026-05-04T01:25:39.458+0300] {processor.py:208} INFO - Processing /home/nikita/airflow-setup/ENV/lib/python3.12/site-packages/airflow/example_dags/example_setup_teardown.py took 0.060 seconds
[2026-05-04T01:26:51.077+0300] {processor.py:186} INFO - Started process (PID=19407) to work on /home/nikita/airflow-setup/ENV/lib/python3.12/site-packages/airflow/example_dags/example_setup_teardown.py
[2026-05-04T01:26:51.079+0300] {processor.py:914} INFO - Processing file /home/nikita/airflow-setup/ENV/lib/python3.12/site-packages/airflow/example_dags/example_setup_teardown.py for tasks to queue
[2026-05-04T01:26:51.080+0300] {logging_mixin.py:190} INFO - [2026-05-04T01:26:51.079+0300] {dagbag.py:588} INFO - Filling up the DagBag from /home/nikita/airflow-setup/ENV/lib/python3.12/site-packages/airflow/example_dags/example_setup_teardown.py
[2026-05-04T01:26:51.087+0300] {processor.py:925} INFO - DAG(s) 'example_setup_teardown' retrieved from /home/nikita/airflow-setup/ENV/lib/python3.12/site-packages/airflow/example_dags/example_setup_teardown.py
[2026-05-04T01:26:51.099+0300] {logging_mixin.py:190} INFO - [2026-05-04T01:26:51.099+0300] {dag.py:3239} INFO - Sync 1 DAGs
[2026-05-04T01:26:51.109+0300] {logging_mixin.py:190} INFO - [2026-05-04T01:26:51.109+0300] {dag.py:4180} INFO - Setting next_dagrun for example_setup_teardown to None, run_after=None
[2026-05-04T01:26:51.129+0300] {processor.py:208} INFO - Processing /home/nikita/airflow-setup/ENV/lib/python3.12/site-packages/airflow/example_dags/example_setup_teardown.py took 0.056 seconds
[2026-05-04T01:28:01.317+0300] {processor.py:186} INFO - Started process (PID=19673) to work on /home/nikita/airflow-setup/ENV/lib/python3.12/site-packages/airflow/example_dags/example_setup_teardown.py
[2026-05-04T01:28:01.325+0300] {processor.py:914} INFO - Processing file /home/nikita/airflow-setup/ENV/lib/python3.12/site-packages/airflow/example_dags/example_setup_teardown.py for tasks to queue
[2026-05-04T01:28:01.327+0300] {logging_mixin.py:190} INFO - [2026-05-04T01:28:01.326+0300] {dagbag.py:588} INFO - Filling up the DagBag from /home/nikita/airflow-setup/ENV/lib/python3.12/site-packages/airflow/example_dags/example_setup_teardown.py
[2026-05-04T01:28:01.334+0300] {processor.py:925} INFO - DAG(s) 'example_setup_teardown' retrieved from /home/nikita/airflow-setup/ENV/lib/python3.12/site-packages/airflow/example_dags/example_setup_teardown.py
[2026-05-04T01:28:01.347+0300] {logging_mixin.py:190} INFO - [2026-05-04T01:28:01.346+0300] {dag.py:3239} INFO - Sync 1 DAGs
[2026-05-04T01:28:01.357+0300] {logging_mixin.py:190} INFO - [2026-05-04T01:28:01.357+0300] {dag.py:4180} INFO - Setting next_dagrun for example_setup_teardown to None, run_after=None
[2026-05-04T01:28:01.502+0300] {processor.py:208} INFO - Processing /home/nikita/airflow-setup/ENV/lib/python3.12/site-packages/airflow/example_dags/example_setup_teardown.py took 0.190 seconds
[2026-05-04T01:29:11.509+0300] {processor.py:186} INFO - Started process (PID=19941) to work on /home/nikita/airflow-setup/ENV/lib/python3.12/site-packages/airflow/example_dags/example_setup_teardown.py
[2026-05-04T01:29:11.518+0300] {processor.py:914} INFO - Processing file /home/nikita/airflow-setup/ENV/lib/python3.12/site-packages/airflow/example_dags/example_setup_teardown.py for tasks to queue
[2026-05-04T01:29:11.520+0300] {logging_mixin.py:190} INFO - [2026-05-04T01:29:11.519+0300] {dagbag.py:588} INFO - Filling up the DagBag from /home/nikita/airflow-setup/ENV/lib/python3.12/site-packages/airflow/example_dags/example_setup_teardown.py
[2026-05-04T01:29:11.526+0300] {processor.py:925} INFO - DAG(s) 'example_setup_teardown' retrieved from /home/nikita/airflow-setup/ENV/lib/python3.12/site-packages/airflow/example_dags/example_setup_teardown.py
[2026-05-04T01:29:11.538+0300] {logging_mixin.py:190} INFO - [2026-05-04T01:29:11.538+0300] {dag.py:3239} INFO - Sync 1 DAGs
[2026-05-04T01:29:11.548+0300] {logging_mixin.py:190} INFO - [2026-05-04T01:29:11.548+0300] {dag.py:4180} INFO - Setting next_dagrun for example_setup_teardown to None, run_after=None
[2026-05-04T01:29:11.565+0300] {processor.py:208} INFO - Processing /home/nikita/airflow-setup/ENV/lib/python3.12/site-packages/airflow/example_dags/example_setup_teardown.py took 0.061 seconds
[2026-05-04T01:30:23.279+0300] {processor.py:186} INFO - Started process (PID=20212) to work on /home/nikita/airflow-setup/ENV/lib/python3.12/site-packages/airflow/example_dags/example_setup_teardown.py
[2026-05-04T01:30:23.281+0300] {processor.py:914} INFO - Processing file /home/nikita/airflow-setup/ENV/lib/python3.12/site-packages/airflow/example_dags/example_setup_teardown.py for tasks to queue
[2026-05-04T01:30:23.282+0300] {logging_mixin.py:190} INFO - [2026-05-04T01:30:23.282+0300] {dagbag.py:588} INFO - Filling up the DagBag from /home/nikita/airflow-setup/ENV/lib/python3.12/site-packages/airflow/example_dags/example_setup_teardown.py
[2026-05-04T01:30:23.290+0300] {processor.py:925} INFO - DAG(s) 'example_setup_teardown' retrieved from /home/nikita/airflow-setup/ENV/lib/python3.12/site-packages/airflow/example_dags/example_setup_teardown.py
[2026-05-04T01:30:23.302+0300] {logging_mixin.py:190} INFO - [2026-05-04T01:30:23.302+0300] {dag.py:3239} INFO - Sync 1 DAGs
[2026-05-04T01:30:23.314+0300] {logging_mixin.py:190} INFO - [2026-05-04T01:30:23.314+0300] {dag.py:4180} INFO - Setting next_dagrun for example_setup_teardown to None, run_after=None
[2026-05-04T01:30:23.336+0300] {processor.py:208} INFO - Processing /home/nikita/airflow-setup/ENV/lib/python3.12/site-packages/airflow/example_dags/example_setup_teardown.py took 0.061 seconds
[2026-05-04T01:31:40.483+0300] {processor.py:186} INFO - Started process (PID=20496) to work on /home/nikita/airflow-setup/ENV/lib/python3.12/site-packages/airflow/example_dags/example_setup_teardown.py
[2026-05-04T01:31:40.484+0300] {processor.py:914} INFO - Processing file /home/nikita/airflow-setup/ENV/lib/python3.12/site-packages/airflow/example_dags/example_setup_teardown.py for tasks to queue
[2026-05-04T01:31:40.486+0300] {logging_mixin.py:190} INFO - [2026-05-04T01:31:40.485+0300] {dagbag.py:588} INFO - Filling up the DagBag from /home/nikita/airflow-setup/ENV/lib/python3.12/site-packages/airflow/example_dags/example_setup_teardown.py
[2026-05-04T01:31:40.493+0300] {processor.py:925} INFO - DAG(s) 'example_setup_teardown' retrieved from /home/nikita/airflow-setup/ENV/lib/python3.12/site-packages/airflow/example_dags/example_setup_teardown.py
[2026-05-04T01:31:40.612+0300] {logging_mixin.py:190} INFO - [2026-05-04T01:31:40.611+0300] {dag.py:3239} INFO - Sync 1 DAGs
[2026-05-04T01:31:40.618+0300] {logging_mixin.py:190} INFO - [2026-05-04T01:31:40.618+0300] {dag.py:4180} INFO - Setting next_dagrun for example_setup_teardown to None, run_after=None
[2026-05-04T01:31:40.634+0300] {processor.py:208} INFO - Processing /home/nikita/airflow-setup/ENV/lib/python3.12/site-packages/airflow/example_dags/example_setup_teardown.py took 0.155 seconds
[2026-05-04T01:32:46.791+0300] {processor.py:186} INFO - Started process (PID=20887) to work on /home/nikita/airflow-setup/ENV/lib/python3.12/site-packages/airflow/example_dags/example_setup_teardown.py
[2026-05-04T01:32:46.793+0300] {processor.py:914} INFO - Processing file /home/nikita/airflow-setup/ENV/lib/python3.12/site-packages/airflow/example_dags/example_setup_teardown.py for tasks to queue
[2026-05-04T01:32:46.794+0300] {logging_mixin.py:190} INFO - [2026-05-04T01:32:46.793+0300] {dagbag.py:588} INFO - Filling up the DagBag from /home/nikita/airflow-setup/ENV/lib/python3.12/site-packages/airflow/example_dags/example_setup_teardown.py
[2026-05-04T01:32:46.803+0300] {processor.py:925} INFO - DAG(s) 'example_setup_teardown' retrieved from /home/nikita/airflow-setup/ENV/lib/python3.12/site-packages/airflow/example_dags/example_setup_teardown.py
[2026-05-04T01:32:46.817+0300] {logging_mixin.py:190} INFO - [2026-05-04T01:32:46.817+0300] {dag.py:3239} INFO - Sync 1 DAGs
[2026-05-04T01:32:46.828+0300] {logging_mixin.py:190} INFO - [2026-05-04T01:32:46.828+0300] {dag.py:4180} INFO - Setting next_dagrun for example_setup_teardown to None, run_after=None
[2026-05-04T01:32:46.846+0300] {processor.py:208} INFO - Processing /home/nikita/airflow-setup/ENV/lib/python3.12/site-packages/airflow/example_dags/example_setup_teardown.py took 0.059 seconds
[2026-05-04T01:33:52.390+0300] {processor.py:186} INFO - Started process (PID=21262) to work on /home/nikita/airflow-setup/ENV/lib/python3.12/site-packages/airflow/example_dags/example_setup_teardown.py
[2026-05-04T01:33:52.392+0300] {processor.py:914} INFO - Processing file /home/nikita/airflow-setup/ENV/lib/python3.12/site-packages/airflow/example_dags/example_setup_teardown.py for tasks to queue
[2026-05-04T01:33:52.393+0300] {logging_mixin.py:190} INFO - [2026-05-04T01:33:52.393+0300] {dagbag.py:588} INFO - Filling up the DagBag from /home/nikita/airflow-setup/ENV/lib/python3.12/site-packages/airflow/example_dags/example_setup_teardown.py
[2026-05-04T01:33:52.400+0300] {processor.py:925} INFO - DAG(s) 'example_setup_teardown' retrieved from /home/nikita/airflow-setup/ENV/lib/python3.12/site-packages/airflow/example_dags/example_setup_teardown.py
[2026-05-04T01:33:52.412+0300] {logging_mixin.py:190} INFO - [2026-05-04T01:33:52.412+0300] {dag.py:3239} INFO - Sync 1 DAGs
[2026-05-04T01:33:52.422+0300] {logging_mixin.py:190} INFO - [2026-05-04T01:33:52.422+0300] {dag.py:4180} INFO - Setting next_dagrun for example_setup_teardown to None, run_after=None
[2026-05-04T01:33:52.439+0300] {processor.py:208} INFO - Processing /home/nikita/airflow-setup/ENV/lib/python3.12/site-packages/airflow/example_dags/example_setup_teardown.py took 0.053 seconds
[2026-05-04T01:34:55.924+0300] {processor.py:186} INFO - Started process (PID=21506) to work on /home/nikita/airflow-setup/ENV/lib/python3.12/site-packages/airflow/example_dags/example_setup_teardown.py
[2026-05-04T01:34:55.933+0300] {processor.py:914} INFO - Processing file /home/nikita/airflow-setup/ENV/lib/python3.12/site-packages/airflow/example_dags/example_setup_teardown.py for tasks to queue
[2026-05-04T01:34:55.934+0300] {logging_mixin.py:190} INFO - [2026-05-04T01:34:55.934+0300] {dagbag.py:588} INFO - Filling up the DagBag from /home/nikita/airflow-setup/ENV/lib/python3.12/site-packages/airflow/example_dags/example_setup_teardown.py
[2026-05-04T01:34:55.941+0300] {processor.py:925} INFO - DAG(s) 'example_setup_teardown' retrieved from /home/nikita/airflow-setup/ENV/lib/python3.12/site-packages/airflow/example_dags/example_setup_teardown.py
[2026-05-04T01:34:55.951+0300] {logging_mixin.py:190} INFO - [2026-05-04T01:34:55.951+0300] {dag.py:3239} INFO - Sync 1 DAGs
[2026-05-04T01:34:55.961+0300] {logging_mixin.py:190} INFO - [2026-05-04T01:34:55.960+0300] {dag.py:4180} INFO - Setting next_dagrun for example_setup_teardown to None, run_after=None
[2026-05-04T01:34:55.977+0300] {processor.py:208} INFO - Processing /home/nikita/airflow-setup/ENV/lib/python3.12/site-packages/airflow/example_dags/example_setup_teardown.py took 0.057 seconds
[2026-05-04T01:35:58.318+0300] {processor.py:186} INFO - Started process (PID=21752) to work on /home/nikita/airflow-setup/ENV/lib/python3.12/site-packages/airflow/example_dags/example_setup_teardown.py
[2026-05-04T01:35:58.327+0300] {processor.py:914} INFO - Processing file /home/nikita/airflow-setup/ENV/lib/python3.12/site-packages/airflow/example_dags/example_setup_teardown.py for tasks to queue
[2026-05-04T01:35:58.328+0300] {logging_mixin.py:190} INFO - [2026-05-04T01:35:58.328+0300] {dagbag.py:588} INFO - Filling up the DagBag from /home/nikita/airflow-setup/ENV/lib/python3.12/site-packages/airflow/example_dags/example_setup_teardown.py
[2026-05-04T01:35:58.337+0300] {processor.py:925} INFO - DAG(s) 'example_setup_teardown' retrieved from /home/nikita/airflow-setup/ENV/lib/python3.12/site-packages/airflow/example_dags/example_setup_teardown.py
[2026-05-04T01:35:58.350+0300] {logging_mixin.py:190} INFO - [2026-05-04T01:35:58.350+0300] {dag.py:3239} INFO - Sync 1 DAGs
[2026-05-04T01:35:58.360+0300] {logging_mixin.py:190} INFO - [2026-05-04T01:35:58.360+0300] {dag.py:4180} INFO - Setting next_dagrun for example_setup_teardown to None, run_after=None
[2026-05-04T01:35:58.376+0300] {processor.py:208} INFO - Processing /home/nikita/airflow-setup/ENV/lib/python3.12/site-packages/airflow/example_dags/example_setup_teardown.py took 0.063 seconds
