[2026-05-04T00:45:42.313+0300] {processor.py:186} INFO - Started process (PID=5939) to work on /home/nikita/airflow-setup/ENV/lib/python3.12/site-packages/airflow/example_dags/example_setup_teardown_taskflow.py
[2026-05-04T00:45:42.314+0300] {processor.py:914} INFO - Processing file /home/nikita/airflow-setup/ENV/lib/python3.12/site-packages/airflow/example_dags/example_setup_teardown_taskflow.py for tasks to queue
[2026-05-04T00:45:42.315+0300] {logging_mixin.py:190} INFO - [2026-05-04T00:45:42.315+0300] {dagbag.py:588} INFO - Filling up the DagBag from /home/nikita/airflow-setup/ENV/lib/python3.12/site-packages/airflow/example_dags/example_setup_teardown_taskflow.py
[2026-05-04T00:45:42.322+0300] {processor.py:925} INFO - DAG(s) 'example_setup_teardown_taskflow' retrieved from /home/nikita/airflow-setup/ENV/lib/python3.12/site-packages/airflow/example_dags/example_setup_teardown_taskflow.py
[2026-05-04T00:45:42.402+0300] {logging_mixin.py:190} INFO - [2026-05-04T00:45:42.401+0300] {override.py:1930} INFO - Created Permission View: can read on DAG:example_setup_teardown_taskflow
[2026-05-04T00:45:42.410+0300] {logging_mixin.py:190} INFO - [2026-05-04T00:45:42.410+0300] {override.py:1930} INFO - Created Permission View: can delete on DAG:example_setup_teardown_taskflow
[2026-05-04T00:45:42.415+0300] {logging_mixin.py:190} INFO - [2026-05-04T00:45:42.415+0300] {override.py:1930} INFO - Created Permission View: can edit on DAG:example_setup_teardown_taskflow
[2026-05-04T00:45:42.424+0300] {logging_mixin.py:190} INFO - [2026-05-04T00:45:42.423+0300] {override.py:1930} INFO - Created Permission View: can read on DAG Run:example_setup_teardown_taskflow
[2026-05-04T00:45:42.429+0300] {logging_mixin.py:190} INFO - [2026-05-04T00:45:42.429+0300] {override.py:1930} INFO - Created Permission View: can delete on DAG Run:example_setup_teardown_taskflow
[2026-05-04T00:45:42.434+0300] {logging_mixin.py:190} INFO - [2026-05-04T00:45:42.434+0300] {override.py:1930} INFO - Created Permission View: menu access on DAG Run:example_setup_teardown_taskflow
[2026-05-04T00:45:42.439+0300] {logging_mixin.py:190} INFO - [2026-05-04T00:45:42.439+0300] {override.py:1930} INFO - Created Permission View: can create on DAG Run:example_setup_teardown_taskflow
[2026-05-04T00:45:42.439+0300] {logging_mixin.py:190} INFO - [2026-05-04T00:45:42.439+0300] {dag.py:3239} INFO - Sync 1 DAGs
[2026-05-04T00:45:42.447+0300] {logging_mixin.py:190} INFO - [2026-05-04T00:45:42.446+0300] {dag.py:3262} INFO - Creating ORM DAG for example_setup_teardown_taskflow
[2026-05-04T00:45:42.447+0300] {logging_mixin.py:190} INFO - [2026-05-04T00:45:42.447+0300] {dag.py:4180} INFO - Setting next_dagrun for example_setup_teardown_taskflow to None, run_after=None
[2026-05-04T00:45:42.461+0300] {processor.py:208} INFO - Processing /home/nikita/airflow-setup/ENV/lib/python3.12/site-packages/airflow/example_dags/example_setup_teardown_taskflow.py took 0.152 seconds
[2026-05-04T00:46:46.131+0300] {processor.py:186} INFO - Started process (PID=6000) to work on /home/nikita/airflow-setup/ENV/lib/python3.12/site-packages/airflow/example_dags/example_setup_teardown_taskflow.py
[2026-05-04T00:46:46.141+0300] {processor.py:914} INFO - Processing file /home/nikita/airflow-setup/ENV/lib/python3.12/site-packages/airflow/example_dags/example_setup_teardown_taskflow.py for tasks to queue
[2026-05-04T00:46:46.143+0300] {logging_mixin.py:190} INFO - [2026-05-04T00:46:46.143+0300] {dagbag.py:588} INFO - Filling up the DagBag from /home/nikita/airflow-setup/ENV/lib/python3.12/site-packages/airflow/example_dags/example_setup_teardown_taskflow.py
[2026-05-04T00:46:46.151+0300] {processor.py:925} INFO - DAG(s) 'example_setup_teardown_taskflow' retrieved from /home/nikita/airflow-setup/ENV/lib/python3.12/site-packages/airflow/example_dags/example_setup_teardown_taskflow.py
[2026-05-04T00:46:46.164+0300] {logging_mixin.py:190} INFO - [2026-05-04T00:46:46.164+0300] {dag.py:3239} INFO - Sync 1 DAGs
[2026-05-04T00:46:46.174+0300] {logging_mixin.py:190} INFO - [2026-05-04T00:46:46.173+0300] {dag.py:4180} INFO - Setting next_dagrun for example_setup_teardown_taskflow to None, run_after=None
[2026-05-04T00:46:46.192+0300] {processor.py:208} INFO - Processing /home/nikita/airflow-setup/ENV/lib/python3.12/site-packages/airflow/example_dags/example_setup_teardown_taskflow.py took 0.065 seconds
[2026-05-04T00:47:48.136+0300] {processor.py:186} INFO - Started process (PID=6075) to work on /home/nikita/airflow-setup/ENV/lib/python3.12/site-packages/airflow/example_dags/example_setup_teardown_taskflow.py
[2026-05-04T00:47:48.144+0300] {processor.py:914} INFO - Processing file /home/nikita/airflow-setup/ENV/lib/python3.12/site-packages/airflow/example_dags/example_setup_teardown_taskflow.py for tasks to queue
[2026-05-04T00:47:48.146+0300] {logging_mixin.py:190} INFO - [2026-05-04T00:47:48.145+0300] {dagbag.py:588} INFO - Filling up the DagBag from /home/nikita/airflow-setup/ENV/lib/python3.12/site-packages/airflow/example_dags/example_setup_teardown_taskflow.py
[2026-05-04T00:47:48.153+0300] {processor.py:925} INFO - DAG(s) 'example_setup_teardown_taskflow' retrieved from /home/nikita/airflow-setup/ENV/lib/python3.12/site-packages/airflow/example_dags/example_setup_teardown_taskflow.py
[2026-05-04T00:47:48.164+0300] {logging_mixin.py:190} INFO - [2026-05-04T00:47:48.164+0300] {dag.py:3239} INFO - Sync 1 DAGs
[2026-05-04T00:47:48.172+0300] {logging_mixin.py:190} INFO - [2026-05-04T00:47:48.172+0300] {dag.py:4180} INFO - Setting next_dagrun for example_setup_teardown_taskflow to None, run_after=None
[2026-05-04T00:47:48.188+0300] {processor.py:208} INFO - Processing /home/nikita/airflow-setup/ENV/lib/python3.12/site-packages/airflow/example_dags/example_setup_teardown_taskflow.py took 0.056 seconds
[2026-05-04T00:48:49.658+0300] {processor.py:186} INFO - Started process (PID=6133) to work on /home/nikita/airflow-setup/ENV/lib/python3.12/site-packages/airflow/example_dags/example_setup_teardown_taskflow.py
[2026-05-04T00:48:49.661+0300] {processor.py:914} INFO - Processing file /home/nikita/airflow-setup/ENV/lib/python3.12/site-packages/airflow/example_dags/example_setup_teardown_taskflow.py for tasks to queue
[2026-05-04T00:48:49.664+0300] {logging_mixin.py:190} INFO - [2026-05-04T00:48:49.664+0300] {dagbag.py:588} INFO - Filling up the DagBag from /home/nikita/airflow-setup/ENV/lib/python3.12/site-packages/airflow/example_dags/example_setup_teardown_taskflow.py
[2026-05-04T00:48:49.679+0300] {processor.py:925} INFO - DAG(s) 'example_setup_teardown_taskflow' retrieved from /home/nikita/airflow-setup/ENV/lib/python3.12/site-packages/airflow/example_dags/example_setup_teardown_taskflow.py
[2026-05-04T00:48:49.706+0300] {logging_mixin.py:190} INFO - [2026-05-04T00:48:49.706+0300] {dag.py:3239} INFO - Sync 1 DAGs
[2026-05-04T00:48:49.722+0300] {logging_mixin.py:190} INFO - [2026-05-04T00:48:49.722+0300] {dag.py:4180} INFO - Setting next_dagrun for example_setup_teardown_taskflow to None, run_after=None
[2026-05-04T00:48:49.749+0300] {processor.py:208} INFO - Processing /home/nikita/airflow-setup/ENV/lib/python3.12/site-packages/airflow/example_dags/example_setup_teardown_taskflow.py took 0.099 seconds
[2026-05-04T00:49:44.467+0300] {processor.py:186} INFO - Started process (PID=6190) to work on /home/nikita/airflow-setup/ENV/lib/python3.12/site-packages/airflow/example_dags/example_setup_teardown_taskflow.py
[2026-05-04T00:49:44.469+0300] {processor.py:914} INFO - Processing file /home/nikita/airflow-setup/ENV/lib/python3.12/site-packages/airflow/example_dags/example_setup_teardown_taskflow.py for tasks to queue
[2026-05-04T00:49:44.470+0300] {logging_mixin.py:190} INFO - [2026-05-04T00:49:44.470+0300] {dagbag.py:588} INFO - Filling up the DagBag from /home/nikita/airflow-setup/ENV/lib/python3.12/site-packages/airflow/example_dags/example_setup_teardown_taskflow.py
[2026-05-04T00:49:44.478+0300] {processor.py:925} INFO - DAG(s) 'example_setup_teardown_taskflow' retrieved from /home/nikita/airflow-setup/ENV/lib/python3.12/site-packages/airflow/example_dags/example_setup_teardown_taskflow.py
[2026-05-04T00:49:44.490+0300] {logging_mixin.py:190} INFO - [2026-05-04T00:49:44.490+0300] {dag.py:3239} INFO - Sync 1 DAGs
[2026-05-04T00:49:44.500+0300] {logging_mixin.py:190} INFO - [2026-05-04T00:49:44.500+0300] {dag.py:4180} INFO - Setting next_dagrun for example_setup_teardown_taskflow to None, run_after=None
[2026-05-04T00:49:44.518+0300] {processor.py:208} INFO - Processing /home/nikita/airflow-setup/ENV/lib/python3.12/site-packages/airflow/example_dags/example_setup_teardown_taskflow.py took 0.055 seconds
[2026-05-04T00:50:40.557+0300] {processor.py:186} INFO - Started process (PID=6266) to work on /home/nikita/airflow-setup/ENV/lib/python3.12/site-packages/airflow/example_dags/example_setup_teardown_taskflow.py
[2026-05-04T00:50:40.558+0300] {processor.py:914} INFO - Processing file /home/nikita/airflow-setup/ENV/lib/python3.12/site-packages/airflow/example_dags/example_setup_teardown_taskflow.py for tasks to queue
[2026-05-04T00:50:40.560+0300] {logging_mixin.py:190} INFO - [2026-05-04T00:50:40.559+0300] {dagbag.py:588} INFO - Filling up the DagBag from /home/nikita/airflow-setup/ENV/lib/python3.12/site-packages/airflow/example_dags/example_setup_teardown_taskflow.py
[2026-05-04T00:50:40.567+0300] {processor.py:925} INFO - DAG(s) 'example_setup_teardown_taskflow' retrieved from /home/nikita/airflow-setup/ENV/lib/python3.12/site-packages/airflow/example_dags/example_setup_teardown_taskflow.py
[2026-05-04T00:50:40.579+0300] {logging_mixin.py:190} INFO - [2026-05-04T00:50:40.578+0300] {dag.py:3239} INFO - Sync 1 DAGs
[2026-05-04T00:50:40.588+0300] {logging_mixin.py:190} INFO - [2026-05-04T00:50:40.587+0300] {dag.py:4180} INFO - Setting next_dagrun for example_setup_teardown_taskflow to None, run_after=None
[2026-05-04T00:50:40.604+0300] {processor.py:208} INFO - Processing /home/nikita/airflow-setup/ENV/lib/python3.12/site-packages/airflow/example_dags/example_setup_teardown_taskflow.py took 0.052 seconds
[2026-05-04T00:51:34.391+0300] {processor.py:186} INFO - Started process (PID=6322) to work on /home/nikita/airflow-setup/ENV/lib/python3.12/site-packages/airflow/example_dags/example_setup_teardown_taskflow.py
[2026-05-04T00:51:34.394+0300] {processor.py:914} INFO - Processing file /home/nikita/airflow-setup/ENV/lib/python3.12/site-packages/airflow/example_dags/example_setup_teardown_taskflow.py for tasks to queue
[2026-05-04T00:51:34.399+0300] {logging_mixin.py:190} INFO - [2026-05-04T00:51:34.398+0300] {dagbag.py:588} INFO - Filling up the DagBag from /home/nikita/airflow-setup/ENV/lib/python3.12/site-packages/airflow/example_dags/example_setup_teardown_taskflow.py
[2026-05-04T00:51:34.416+0300] {processor.py:925} INFO - DAG(s) 'example_setup_teardown_taskflow' retrieved from /home/nikita/airflow-setup/ENV/lib/python3.12/site-packages/airflow/example_dags/example_setup_teardown_taskflow.py
[2026-05-04T00:51:34.433+0300] {logging_mixin.py:190} INFO - [2026-05-04T00:51:34.432+0300] {dag.py:3239} INFO - Sync 1 DAGs
[2026-05-04T00:51:34.445+0300] {logging_mixin.py:190} INFO - [2026-05-04T00:51:34.445+0300] {dag.py:4180} INFO - Setting next_dagrun for example_setup_teardown_taskflow to None, run_after=None
[2026-05-04T00:51:34.472+0300] {processor.py:208} INFO - Processing /home/nikita/airflow-setup/ENV/lib/python3.12/site-packages/airflow/example_dags/example_setup_teardown_taskflow.py took 0.090 seconds
[2026-05-04T00:52:33.149+0300] {processor.py:186} INFO - Started process (PID=6379) to work on /home/nikita/airflow-setup/ENV/lib/python3.12/site-packages/airflow/example_dags/example_setup_teardown_taskflow.py
[2026-05-04T00:52:33.150+0300] {processor.py:914} INFO - Processing file /home/nikita/airflow-setup/ENV/lib/python3.12/site-packages/airflow/example_dags/example_setup_teardown_taskflow.py for tasks to queue
[2026-05-04T00:52:33.152+0300] {logging_mixin.py:190} INFO - [2026-05-04T00:52:33.151+0300] {dagbag.py:588} INFO - Filling up the DagBag from /home/nikita/airflow-setup/ENV/lib/python3.12/site-packages/airflow/example_dags/example_setup_teardown_taskflow.py
[2026-05-04T00:52:33.160+0300] {processor.py:925} INFO - DAG(s) 'example_setup_teardown_taskflow' retrieved from /home/nikita/airflow-setup/ENV/lib/python3.12/site-packages/airflow/example_dags/example_setup_teardown_taskflow.py
[2026-05-04T00:52:33.173+0300] {logging_mixin.py:190} INFO - [2026-05-04T00:52:33.173+0300] {dag.py:3239} INFO - Sync 1 DAGs
[2026-05-04T00:52:33.183+0300] {logging_mixin.py:190} INFO - [2026-05-04T00:52:33.183+0300] {dag.py:4180} INFO - Setting next_dagrun for example_setup_teardown_taskflow to None, run_after=None
[2026-05-04T00:52:33.199+0300] {processor.py:208} INFO - Processing /home/nikita/airflow-setup/ENV/lib/python3.12/site-packages/airflow/example_dags/example_setup_teardown_taskflow.py took 0.055 seconds
[2026-05-04T00:53:37.684+0300] {processor.py:186} INFO - Started process (PID=6459) to work on /home/nikita/airflow-setup/ENV/lib/python3.12/site-packages/airflow/example_dags/example_setup_teardown_taskflow.py
[2026-05-04T00:53:37.693+0300] {processor.py:914} INFO - Processing file /home/nikita/airflow-setup/ENV/lib/python3.12/site-packages/airflow/example_dags/example_setup_teardown_taskflow.py for tasks to queue
[2026-05-04T00:53:37.695+0300] {logging_mixin.py:190} INFO - [2026-05-04T00:53:37.694+0300] {dagbag.py:588} INFO - Filling up the DagBag from /home/nikita/airflow-setup/ENV/lib/python3.12/site-packages/airflow/example_dags/example_setup_teardown_taskflow.py
[2026-05-04T00:53:37.702+0300] {processor.py:925} INFO - DAG(s) 'example_setup_teardown_taskflow' retrieved from /home/nikita/airflow-setup/ENV/lib/python3.12/site-packages/airflow/example_dags/example_setup_teardown_taskflow.py
[2026-05-04T00:53:37.714+0300] {logging_mixin.py:190} INFO - [2026-05-04T00:53:37.714+0300] {dag.py:3239} INFO - Sync 1 DAGs
[2026-05-04T00:53:37.722+0300] {logging_mixin.py:190} INFO - [2026-05-04T00:53:37.722+0300] {dag.py:4180} INFO - Setting next_dagrun for example_setup_teardown_taskflow to None, run_after=None
[2026-05-04T00:53:37.738+0300] {processor.py:208} INFO - Processing /home/nikita/airflow-setup/ENV/lib/python3.12/site-packages/airflow/example_dags/example_setup_teardown_taskflow.py took 0.059 seconds
[2026-05-04T00:54:38.255+0300] {processor.py:186} INFO - Started process (PID=6523) to work on /home/nikita/airflow-setup/ENV/lib/python3.12/site-packages/airflow/example_dags/example_setup_teardown_taskflow.py
[2026-05-04T00:54:38.256+0300] {processor.py:914} INFO - Processing file /home/nikita/airflow-setup/ENV/lib/python3.12/site-packages/airflow/example_dags/example_setup_teardown_taskflow.py for tasks to queue
[2026-05-04T00:54:38.258+0300] {logging_mixin.py:190} INFO - [2026-05-04T00:54:38.258+0300] {dagbag.py:588} INFO - Filling up the DagBag from /home/nikita/airflow-setup/ENV/lib/python3.12/site-packages/airflow/example_dags/example_setup_teardown_taskflow.py
[2026-05-04T00:54:38.266+0300] {processor.py:925} INFO - DAG(s) 'example_setup_teardown_taskflow' retrieved from /home/nikita/airflow-setup/ENV/lib/python3.12/site-packages/airflow/example_dags/example_setup_teardown_taskflow.py
[2026-05-04T00:54:38.278+0300] {logging_mixin.py:190} INFO - [2026-05-04T00:54:38.278+0300] {dag.py:3239} INFO - Sync 1 DAGs
[2026-05-04T00:54:38.289+0300] {logging_mixin.py:190} INFO - [2026-05-04T00:54:38.289+0300] {dag.py:4180} INFO - Setting next_dagrun for example_setup_teardown_taskflow to None, run_after=None
[2026-05-04T00:54:38.306+0300] {processor.py:208} INFO - Processing /home/nikita/airflow-setup/ENV/lib/python3.12/site-packages/airflow/example_dags/example_setup_teardown_taskflow.py took 0.055 seconds
[2026-05-04T00:55:42.196+0300] {processor.py:186} INFO - Started process (PID=6585) to work on /home/nikita/airflow-setup/ENV/lib/python3.12/site-packages/airflow/example_dags/example_setup_teardown_taskflow.py
[2026-05-04T00:55:42.198+0300] {processor.py:914} INFO - Processing file /home/nikita/airflow-setup/ENV/lib/python3.12/site-packages/airflow/example_dags/example_setup_teardown_taskflow.py for tasks to queue
[2026-05-04T00:55:42.199+0300] {logging_mixin.py:190} INFO - [2026-05-04T00:55:42.199+0300] {dagbag.py:588} INFO - Filling up the DagBag from /home/nikita/airflow-setup/ENV/lib/python3.12/site-packages/airflow/example_dags/example_setup_teardown_taskflow.py
[2026-05-04T00:55:42.208+0300] {processor.py:925} INFO - DAG(s) 'example_setup_teardown_taskflow' retrieved from /home/nikita/airflow-setup/ENV/lib/python3.12/site-packages/airflow/example_dags/example_setup_teardown_taskflow.py
[2026-05-04T00:55:42.224+0300] {logging_mixin.py:190} INFO - [2026-05-04T00:55:42.223+0300] {dag.py:3239} INFO - Sync 1 DAGs
[2026-05-04T00:55:42.235+0300] {logging_mixin.py:190} INFO - [2026-05-04T00:55:42.235+0300] {dag.py:4180} INFO - Setting next_dagrun for example_setup_teardown_taskflow to None, run_after=None
[2026-05-04T00:55:42.252+0300] {processor.py:208} INFO - Processing /home/nikita/airflow-setup/ENV/lib/python3.12/site-packages/airflow/example_dags/example_setup_teardown_taskflow.py took 0.060 seconds
[2026-05-04T00:56:40.626+0300] {processor.py:186} INFO - Started process (PID=6789) to work on /home/nikita/airflow-setup/ENV/lib/python3.12/site-packages/airflow/example_dags/example_setup_teardown_taskflow.py
[2026-05-04T00:56:40.628+0300] {processor.py:914} INFO - Processing file /home/nikita/airflow-setup/ENV/lib/python3.12/site-packages/airflow/example_dags/example_setup_teardown_taskflow.py for tasks to queue
[2026-05-04T00:56:40.632+0300] {logging_mixin.py:190} INFO - [2026-05-04T00:56:40.631+0300] {dagbag.py:588} INFO - Filling up the DagBag from /home/nikita/airflow-setup/ENV/lib/python3.12/site-packages/airflow/example_dags/example_setup_teardown_taskflow.py
[2026-05-04T00:56:40.651+0300] {processor.py:925} INFO - DAG(s) 'example_setup_teardown_taskflow' retrieved from /home/nikita/airflow-setup/ENV/lib/python3.12/site-packages/airflow/example_dags/example_setup_teardown_taskflow.py
[2026-05-04T00:56:40.681+0300] {logging_mixin.py:190} INFO - [2026-05-04T00:56:40.681+0300] {dag.py:3239} INFO - Sync 1 DAGs
[2026-05-04T00:56:40.699+0300] {logging_mixin.py:190} INFO - [2026-05-04T00:56:40.698+0300] {dag.py:4180} INFO - Setting next_dagrun for example_setup_teardown_taskflow to None, run_after=None
[2026-05-04T00:56:40.733+0300] {processor.py:208} INFO - Processing /home/nikita/airflow-setup/ENV/lib/python3.12/site-packages/airflow/example_dags/example_setup_teardown_taskflow.py took 0.118 seconds
[2026-05-04T00:57:41.738+0300] {processor.py:186} INFO - Started process (PID=7116) to work on /home/nikita/airflow-setup/ENV/lib/python3.12/site-packages/airflow/example_dags/example_setup_teardown_taskflow.py
[2026-05-04T00:57:41.747+0300] {processor.py:914} INFO - Processing file /home/nikita/airflow-setup/ENV/lib/python3.12/site-packages/airflow/example_dags/example_setup_teardown_taskflow.py for tasks to queue
[2026-05-04T00:57:41.749+0300] {logging_mixin.py:190} INFO - [2026-05-04T00:57:41.749+0300] {dagbag.py:588} INFO - Filling up the DagBag from /home/nikita/airflow-setup/ENV/lib/python3.12/site-packages/airflow/example_dags/example_setup_teardown_taskflow.py
[2026-05-04T00:57:41.759+0300] {processor.py:925} INFO - DAG(s) 'example_setup_teardown_taskflow' retrieved from /home/nikita/airflow-setup/ENV/lib/python3.12/site-packages/airflow/example_dags/example_setup_teardown_taskflow.py
[2026-05-04T00:57:41.772+0300] {logging_mixin.py:190} INFO - [2026-05-04T00:57:41.772+0300] {dag.py:3239} INFO - Sync 1 DAGs
[2026-05-04T00:57:41.782+0300] {logging_mixin.py:190} INFO - [2026-05-04T00:57:41.782+0300] {dag.py:4180} INFO - Setting next_dagrun for example_setup_teardown_taskflow to None, run_after=None
[2026-05-04T00:57:41.799+0300] {processor.py:208} INFO - Processing /home/nikita/airflow-setup/ENV/lib/python3.12/site-packages/airflow/example_dags/example_setup_teardown_taskflow.py took 0.066 seconds
[2026-05-04T00:58:39.335+0300] {processor.py:186} INFO - Started process (PID=7336) to work on /home/nikita/airflow-setup/ENV/lib/python3.12/site-packages/airflow/example_dags/example_setup_teardown_taskflow.py
[2026-05-04T00:58:39.345+0300] {processor.py:914} INFO - Processing file /home/nikita/airflow-setup/ENV/lib/python3.12/site-packages/airflow/example_dags/example_setup_teardown_taskflow.py for tasks to queue
[2026-05-04T00:58:39.347+0300] {logging_mixin.py:190} INFO - [2026-05-04T00:58:39.347+0300] {dagbag.py:588} INFO - Filling up the DagBag from /home/nikita/airflow-setup/ENV/lib/python3.12/site-packages/airflow/example_dags/example_setup_teardown_taskflow.py
[2026-05-04T00:58:39.355+0300] {processor.py:925} INFO - DAG(s) 'example_setup_teardown_taskflow' retrieved from /home/nikita/airflow-setup/ENV/lib/python3.12/site-packages/airflow/example_dags/example_setup_teardown_taskflow.py
[2026-05-04T00:58:39.371+0300] {logging_mixin.py:190} INFO - [2026-05-04T00:58:39.370+0300] {dag.py:3239} INFO - Sync 1 DAGs
[2026-05-04T00:58:39.382+0300] {logging_mixin.py:190} INFO - [2026-05-04T00:58:39.381+0300] {dag.py:4180} INFO - Setting next_dagrun for example_setup_teardown_taskflow to None, run_after=None
[2026-05-04T00:58:39.400+0300] {processor.py:208} INFO - Processing /home/nikita/airflow-setup/ENV/lib/python3.12/site-packages/airflow/example_dags/example_setup_teardown_taskflow.py took 0.069 seconds
[2026-05-04T00:59:39.434+0300] {processor.py:186} INFO - Started process (PID=8155) to work on /home/nikita/airflow-setup/ENV/lib/python3.12/site-packages/airflow/example_dags/example_setup_teardown_taskflow.py
[2026-05-04T00:59:39.443+0300] {processor.py:914} INFO - Processing file /home/nikita/airflow-setup/ENV/lib/python3.12/site-packages/airflow/example_dags/example_setup_teardown_taskflow.py for tasks to queue
[2026-05-04T00:59:39.445+0300] {logging_mixin.py:190} INFO - [2026-05-04T00:59:39.445+0300] {dagbag.py:588} INFO - Filling up the DagBag from /home/nikita/airflow-setup/ENV/lib/python3.12/site-packages/airflow/example_dags/example_setup_teardown_taskflow.py
[2026-05-04T00:59:39.454+0300] {processor.py:925} INFO - DAG(s) 'example_setup_teardown_taskflow' retrieved from /home/nikita/airflow-setup/ENV/lib/python3.12/site-packages/airflow/example_dags/example_setup_teardown_taskflow.py
[2026-05-04T00:59:39.468+0300] {logging_mixin.py:190} INFO - [2026-05-04T00:59:39.468+0300] {dag.py:3239} INFO - Sync 1 DAGs
[2026-05-04T00:59:39.478+0300] {logging_mixin.py:190} INFO - [2026-05-04T00:59:39.478+0300] {dag.py:4180} INFO - Setting next_dagrun for example_setup_teardown_taskflow to None, run_after=None
[2026-05-04T00:59:39.495+0300] {processor.py:208} INFO - Processing /home/nikita/airflow-setup/ENV/lib/python3.12/site-packages/airflow/example_dags/example_setup_teardown_taskflow.py took 0.066 seconds
[2026-05-04T01:00:43.902+0300] {processor.py:186} INFO - Started process (PID=8415) to work on /home/nikita/airflow-setup/ENV/lib/python3.12/site-packages/airflow/example_dags/example_setup_teardown_taskflow.py
[2026-05-04T01:00:43.911+0300] {processor.py:914} INFO - Processing file /home/nikita/airflow-setup/ENV/lib/python3.12/site-packages/airflow/example_dags/example_setup_teardown_taskflow.py for tasks to queue
[2026-05-04T01:00:43.912+0300] {logging_mixin.py:190} INFO - [2026-05-04T01:00:43.912+0300] {dagbag.py:588} INFO - Filling up the DagBag from /home/nikita/airflow-setup/ENV/lib/python3.12/site-packages/airflow/example_dags/example_setup_teardown_taskflow.py
[2026-05-04T01:00:43.922+0300] {processor.py:925} INFO - DAG(s) 'example_setup_teardown_taskflow' retrieved from /home/nikita/airflow-setup/ENV/lib/python3.12/site-packages/airflow/example_dags/example_setup_teardown_taskflow.py
[2026-05-04T01:00:43.935+0300] {logging_mixin.py:190} INFO - [2026-05-04T01:00:43.935+0300] {dag.py:3239} INFO - Sync 1 DAGs
[2026-05-04T01:00:43.944+0300] {logging_mixin.py:190} INFO - [2026-05-04T01:00:43.944+0300] {dag.py:4180} INFO - Setting next_dagrun for example_setup_teardown_taskflow to None, run_after=None
[2026-05-04T01:00:43.961+0300] {processor.py:208} INFO - Processing /home/nikita/airflow-setup/ENV/lib/python3.12/site-packages/airflow/example_dags/example_setup_teardown_taskflow.py took 0.064 seconds
[2026-05-04T01:01:50.893+0300] {processor.py:186} INFO - Started process (PID=8999) to work on /home/nikita/airflow-setup/ENV/lib/python3.12/site-packages/airflow/example_dags/example_setup_teardown_taskflow.py
[2026-05-04T01:01:50.895+0300] {processor.py:914} INFO - Processing file /home/nikita/airflow-setup/ENV/lib/python3.12/site-packages/airflow/example_dags/example_setup_teardown_taskflow.py for tasks to queue
[2026-05-04T01:01:50.895+0300] {logging_mixin.py:190} INFO - [2026-05-04T01:01:50.895+0300] {dagbag.py:588} INFO - Filling up the DagBag from /home/nikita/airflow-setup/ENV/lib/python3.12/site-packages/airflow/example_dags/example_setup_teardown_taskflow.py
[2026-05-04T01:01:50.903+0300] {processor.py:925} INFO - DAG(s) 'example_setup_teardown_taskflow' retrieved from /home/nikita/airflow-setup/ENV/lib/python3.12/site-packages/airflow/example_dags/example_setup_teardown_taskflow.py
[2026-05-04T01:01:50.917+0300] {logging_mixin.py:190} INFO - [2026-05-04T01:01:50.917+0300] {dag.py:3239} INFO - Sync 1 DAGs
[2026-05-04T01:01:50.926+0300] {logging_mixin.py:190} INFO - [2026-05-04T01:01:50.926+0300] {dag.py:4180} INFO - Setting next_dagrun for example_setup_teardown_taskflow to None, run_after=None
[2026-05-04T01:01:50.942+0300] {processor.py:208} INFO - Processing /home/nikita/airflow-setup/ENV/lib/python3.12/site-packages/airflow/example_dags/example_setup_teardown_taskflow.py took 0.052 seconds
[2026-05-04T01:02:58.008+0300] {processor.py:186} INFO - Started process (PID=9586) to work on /home/nikita/airflow-setup/ENV/lib/python3.12/site-packages/airflow/example_dags/example_setup_teardown_taskflow.py
[2026-05-04T01:02:58.017+0300] {processor.py:914} INFO - Processing file /home/nikita/airflow-setup/ENV/lib/python3.12/site-packages/airflow/example_dags/example_setup_teardown_taskflow.py for tasks to queue
[2026-05-04T01:02:58.018+0300] {logging_mixin.py:190} INFO - [2026-05-04T01:02:58.018+0300] {dagbag.py:588} INFO - Filling up the DagBag from /home/nikita/airflow-setup/ENV/lib/python3.12/site-packages/airflow/example_dags/example_setup_teardown_taskflow.py
[2026-05-04T01:02:58.026+0300] {processor.py:925} INFO - DAG(s) 'example_setup_teardown_taskflow' retrieved from /home/nikita/airflow-setup/ENV/lib/python3.12/site-packages/airflow/example_dags/example_setup_teardown_taskflow.py
[2026-05-04T01:02:58.037+0300] {logging_mixin.py:190} INFO - [2026-05-04T01:02:58.037+0300] {dag.py:3239} INFO - Sync 1 DAGs
[2026-05-04T01:02:58.046+0300] {logging_mixin.py:190} INFO - [2026-05-04T01:02:58.046+0300] {dag.py:4180} INFO - Setting next_dagrun for example_setup_teardown_taskflow to None, run_after=None
[2026-05-04T01:02:58.062+0300] {processor.py:208} INFO - Processing /home/nikita/airflow-setup/ENV/lib/python3.12/site-packages/airflow/example_dags/example_setup_teardown_taskflow.py took 0.058 seconds
[2026-05-04T01:04:00.635+0300] {processor.py:186} INFO - Started process (PID=9857) to work on /home/nikita/airflow-setup/ENV/lib/python3.12/site-packages/airflow/example_dags/example_setup_teardown_taskflow.py
[2026-05-04T01:04:00.645+0300] {processor.py:914} INFO - Processing file /home/nikita/airflow-setup/ENV/lib/python3.12/site-packages/airflow/example_dags/example_setup_teardown_taskflow.py for tasks to queue
[2026-05-04T01:04:00.646+0300] {logging_mixin.py:190} INFO - [2026-05-04T01:04:00.646+0300] {dagbag.py:588} INFO - Filling up the DagBag from /home/nikita/airflow-setup/ENV/lib/python3.12/site-packages/airflow/example_dags/example_setup_teardown_taskflow.py
[2026-05-04T01:04:00.654+0300] {processor.py:925} INFO - DAG(s) 'example_setup_teardown_taskflow' retrieved from /home/nikita/airflow-setup/ENV/lib/python3.12/site-packages/airflow/example_dags/example_setup_teardown_taskflow.py
[2026-05-04T01:04:00.666+0300] {logging_mixin.py:190} INFO - [2026-05-04T01:04:00.666+0300] {dag.py:3239} INFO - Sync 1 DAGs
[2026-05-04T01:04:00.677+0300] {logging_mixin.py:190} INFO - [2026-05-04T01:04:00.677+0300] {dag.py:4180} INFO - Setting next_dagrun for example_setup_teardown_taskflow to None, run_after=None
[2026-05-04T01:04:00.694+0300] {processor.py:208} INFO - Processing /home/nikita/airflow-setup/ENV/lib/python3.12/site-packages/airflow/example_dags/example_setup_teardown_taskflow.py took 0.063 seconds
[2026-05-04T01:05:05.428+0300] {processor.py:186} INFO - Started process (PID=10109) to work on /home/nikita/airflow-setup/ENV/lib/python3.12/site-packages/airflow/example_dags/example_setup_teardown_taskflow.py
[2026-05-04T01:05:05.438+0300] {processor.py:914} INFO - Processing file /home/nikita/airflow-setup/ENV/lib/python3.12/site-packages/airflow/example_dags/example_setup_teardown_taskflow.py for tasks to queue
[2026-05-04T01:05:05.439+0300] {logging_mixin.py:190} INFO - [2026-05-04T01:05:05.439+0300] {dagbag.py:588} INFO - Filling up the DagBag from /home/nikita/airflow-setup/ENV/lib/python3.12/site-packages/airflow/example_dags/example_setup_teardown_taskflow.py
[2026-05-04T01:05:05.447+0300] {processor.py:925} INFO - DAG(s) 'example_setup_teardown_taskflow' retrieved from /home/nikita/airflow-setup/ENV/lib/python3.12/site-packages/airflow/example_dags/example_setup_teardown_taskflow.py
[2026-05-04T01:05:05.458+0300] {logging_mixin.py:190} INFO - [2026-05-04T01:05:05.458+0300] {dag.py:3239} INFO - Sync 1 DAGs
[2026-05-04T01:05:05.467+0300] {logging_mixin.py:190} INFO - [2026-05-04T01:05:05.467+0300] {dag.py:4180} INFO - Setting next_dagrun for example_setup_teardown_taskflow to None, run_after=None
[2026-05-04T01:05:05.483+0300] {processor.py:208} INFO - Processing /home/nikita/airflow-setup/ENV/lib/python3.12/site-packages/airflow/example_dags/example_setup_teardown_taskflow.py took 0.059 seconds
[2026-05-04T01:06:12.181+0300] {processor.py:186} INFO - Started process (PID=10390) to work on /home/nikita/airflow-setup/ENV/lib/python3.12/site-packages/airflow/example_dags/example_setup_teardown_taskflow.py
[2026-05-04T01:06:12.190+0300] {processor.py:914} INFO - Processing file /home/nikita/airflow-setup/ENV/lib/python3.12/site-packages/airflow/example_dags/example_setup_teardown_taskflow.py for tasks to queue
[2026-05-04T01:06:12.192+0300] {logging_mixin.py:190} INFO - [2026-05-04T01:06:12.191+0300] {dagbag.py:588} INFO - Filling up the DagBag from /home/nikita/airflow-setup/ENV/lib/python3.12/site-packages/airflow/example_dags/example_setup_teardown_taskflow.py
[2026-05-04T01:06:12.202+0300] {processor.py:925} INFO - DAG(s) 'example_setup_teardown_taskflow' retrieved from /home/nikita/airflow-setup/ENV/lib/python3.12/site-packages/airflow/example_dags/example_setup_teardown_taskflow.py
[2026-05-04T01:06:12.215+0300] {logging_mixin.py:190} INFO - [2026-05-04T01:06:12.214+0300] {dag.py:3239} INFO - Sync 1 DAGs
[2026-05-04T01:06:12.224+0300] {logging_mixin.py:190} INFO - [2026-05-04T01:06:12.224+0300] {dag.py:4180} INFO - Setting next_dagrun for example_setup_teardown_taskflow to None, run_after=None
[2026-05-04T01:06:12.241+0300] {processor.py:208} INFO - Processing /home/nikita/airflow-setup/ENV/lib/python3.12/site-packages/airflow/example_dags/example_setup_teardown_taskflow.py took 0.065 seconds
[2026-05-04T01:07:17.201+0300] {processor.py:186} INFO - Started process (PID=10635) to work on /home/nikita/airflow-setup/ENV/lib/python3.12/site-packages/airflow/example_dags/example_setup_teardown_taskflow.py
[2026-05-04T01:07:17.210+0300] {processor.py:914} INFO - Processing file /home/nikita/airflow-setup/ENV/lib/python3.12/site-packages/airflow/example_dags/example_setup_teardown_taskflow.py for tasks to queue
[2026-05-04T01:07:17.890+0300] {logging_mixin.py:190} INFO - [2026-05-04T01:07:17.889+0300] {dagbag.py:588} INFO - Filling up the DagBag from /home/nikita/airflow-setup/ENV/lib/python3.12/site-packages/airflow/example_dags/example_setup_teardown_taskflow.py
[2026-05-04T01:07:17.898+0300] {processor.py:925} INFO - DAG(s) 'example_setup_teardown_taskflow' retrieved from /home/nikita/airflow-setup/ENV/lib/python3.12/site-packages/airflow/example_dags/example_setup_teardown_taskflow.py
[2026-05-04T01:07:17.912+0300] {logging_mixin.py:190} INFO - [2026-05-04T01:07:17.911+0300] {dag.py:3239} INFO - Sync 1 DAGs
[2026-05-04T01:07:17.922+0300] {logging_mixin.py:190} INFO - [2026-05-04T01:07:17.922+0300] {dag.py:4180} INFO - Setting next_dagrun for example_setup_teardown_taskflow to None, run_after=None
[2026-05-04T01:07:17.938+0300] {processor.py:208} INFO - Processing /home/nikita/airflow-setup/ENV/lib/python3.12/site-packages/airflow/example_dags/example_setup_teardown_taskflow.py took 0.063 seconds
[2026-05-04T01:08:25.857+0300] {processor.py:186} INFO - Started process (PID=11199) to work on /home/nikita/airflow-setup/ENV/lib/python3.12/site-packages/airflow/example_dags/example_setup_teardown_taskflow.py
[2026-05-04T01:08:25.878+0300] {processor.py:914} INFO - Processing file /home/nikita/airflow-setup/ENV/lib/python3.12/site-packages/airflow/example_dags/example_setup_teardown_taskflow.py for tasks to queue
[2026-05-04T01:08:25.879+0300] {logging_mixin.py:190} INFO - [2026-05-04T01:08:25.879+0300] {dagbag.py:588} INFO - Filling up the DagBag from /home/nikita/airflow-setup/ENV/lib/python3.12/site-packages/airflow/example_dags/example_setup_teardown_taskflow.py
[2026-05-04T01:08:25.888+0300] {processor.py:925} INFO - DAG(s) 'example_setup_teardown_taskflow' retrieved from /home/nikita/airflow-setup/ENV/lib/python3.12/site-packages/airflow/example_dags/example_setup_teardown_taskflow.py
[2026-05-04T01:08:25.902+0300] {logging_mixin.py:190} INFO - [2026-05-04T01:08:25.901+0300] {dag.py:3239} INFO - Sync 1 DAGs
[2026-05-04T01:08:25.912+0300] {logging_mixin.py:190} INFO - [2026-05-04T01:08:25.911+0300] {dag.py:4180} INFO - Setting next_dagrun for example_setup_teardown_taskflow to None, run_after=None
[2026-05-04T01:08:25.932+0300] {processor.py:208} INFO - Processing /home/nikita/airflow-setup/ENV/lib/python3.12/site-packages/airflow/example_dags/example_setup_teardown_taskflow.py took 0.080 seconds
[2026-05-04T01:09:32.463+0300] {processor.py:186} INFO - Started process (PID=12051) to work on /home/nikita/airflow-setup/ENV/lib/python3.12/site-packages/airflow/example_dags/example_setup_teardown_taskflow.py
[2026-05-04T01:09:32.471+0300] {processor.py:914} INFO - Processing file /home/nikita/airflow-setup/ENV/lib/python3.12/site-packages/airflow/example_dags/example_setup_teardown_taskflow.py for tasks to queue
[2026-05-04T01:09:32.472+0300] {logging_mixin.py:190} INFO - [2026-05-04T01:09:32.471+0300] {dagbag.py:588} INFO - Filling up the DagBag from /home/nikita/airflow-setup/ENV/lib/python3.12/site-packages/airflow/example_dags/example_setup_teardown_taskflow.py
[2026-05-04T01:09:32.480+0300] {processor.py:925} INFO - DAG(s) 'example_setup_teardown_taskflow' retrieved from /home/nikita/airflow-setup/ENV/lib/python3.12/site-packages/airflow/example_dags/example_setup_teardown_taskflow.py
[2026-05-04T01:09:32.491+0300] {logging_mixin.py:190} INFO - [2026-05-04T01:09:32.491+0300] {dag.py:3239} INFO - Sync 1 DAGs
[2026-05-04T01:09:32.500+0300] {logging_mixin.py:190} INFO - [2026-05-04T01:09:32.500+0300] {dag.py:4180} INFO - Setting next_dagrun for example_setup_teardown_taskflow to None, run_after=None
[2026-05-04T01:09:32.517+0300] {processor.py:208} INFO - Processing /home/nikita/airflow-setup/ENV/lib/python3.12/site-packages/airflow/example_dags/example_setup_teardown_taskflow.py took 0.058 seconds
[2026-05-04T01:10:42.260+0300] {processor.py:186} INFO - Started process (PID=12355) to work on /home/nikita/airflow-setup/ENV/lib/python3.12/site-packages/airflow/example_dags/example_setup_teardown_taskflow.py
[2026-05-04T01:10:42.261+0300] {processor.py:914} INFO - Processing file /home/nikita/airflow-setup/ENV/lib/python3.12/site-packages/airflow/example_dags/example_setup_teardown_taskflow.py for tasks to queue
[2026-05-04T01:10:42.262+0300] {logging_mixin.py:190} INFO - [2026-05-04T01:10:42.262+0300] {dagbag.py:588} INFO - Filling up the DagBag from /home/nikita/airflow-setup/ENV/lib/python3.12/site-packages/airflow/example_dags/example_setup_teardown_taskflow.py
[2026-05-04T01:10:42.270+0300] {processor.py:925} INFO - DAG(s) 'example_setup_teardown_taskflow' retrieved from /home/nikita/airflow-setup/ENV/lib/python3.12/site-packages/airflow/example_dags/example_setup_teardown_taskflow.py
[2026-05-04T01:10:42.283+0300] {logging_mixin.py:190} INFO - [2026-05-04T01:10:42.283+0300] {dag.py:3239} INFO - Sync 1 DAGs
[2026-05-04T01:10:42.295+0300] {logging_mixin.py:190} INFO - [2026-05-04T01:10:42.295+0300] {dag.py:4180} INFO - Setting next_dagrun for example_setup_teardown_taskflow to None, run_after=None
[2026-05-04T01:10:42.312+0300] {processor.py:208} INFO - Processing /home/nikita/airflow-setup/ENV/lib/python3.12/site-packages/airflow/example_dags/example_setup_teardown_taskflow.py took 0.057 seconds
[2026-05-04T01:11:48.611+0300] {processor.py:186} INFO - Started process (PID=12607) to work on /home/nikita/airflow-setup/ENV/lib/python3.12/site-packages/airflow/example_dags/example_setup_teardown_taskflow.py
[2026-05-04T01:11:48.619+0300] {processor.py:914} INFO - Processing file /home/nikita/airflow-setup/ENV/lib/python3.12/site-packages/airflow/example_dags/example_setup_teardown_taskflow.py for tasks to queue
[2026-05-04T01:11:48.621+0300] {logging_mixin.py:190} INFO - [2026-05-04T01:11:48.620+0300] {dagbag.py:588} INFO - Filling up the DagBag from /home/nikita/airflow-setup/ENV/lib/python3.12/site-packages/airflow/example_dags/example_setup_teardown_taskflow.py
[2026-05-04T01:11:48.629+0300] {processor.py:925} INFO - DAG(s) 'example_setup_teardown_taskflow' retrieved from /home/nikita/airflow-setup/ENV/lib/python3.12/site-packages/airflow/example_dags/example_setup_teardown_taskflow.py
[2026-05-04T01:11:48.642+0300] {logging_mixin.py:190} INFO - [2026-05-04T01:11:48.642+0300] {dag.py:3239} INFO - Sync 1 DAGs
[2026-05-04T01:11:48.652+0300] {logging_mixin.py:190} INFO - [2026-05-04T01:11:48.652+0300] {dag.py:4180} INFO - Setting next_dagrun for example_setup_teardown_taskflow to None, run_after=None
[2026-05-04T01:11:48.670+0300] {processor.py:208} INFO - Processing /home/nikita/airflow-setup/ENV/lib/python3.12/site-packages/airflow/example_dags/example_setup_teardown_taskflow.py took 0.063 seconds
[2026-05-04T01:12:47.785+0300] {processor.py:186} INFO - Started process (PID=12836) to work on /home/nikita/airflow-setup/ENV/lib/python3.12/site-packages/airflow/example_dags/example_setup_teardown_taskflow.py
[2026-05-04T01:12:47.787+0300] {processor.py:914} INFO - Processing file /home/nikita/airflow-setup/ENV/lib/python3.12/site-packages/airflow/example_dags/example_setup_teardown_taskflow.py for tasks to queue
[2026-05-04T01:12:47.788+0300] {logging_mixin.py:190} INFO - [2026-05-04T01:12:47.787+0300] {dagbag.py:588} INFO - Filling up the DagBag from /home/nikita/airflow-setup/ENV/lib/python3.12/site-packages/airflow/example_dags/example_setup_teardown_taskflow.py
[2026-05-04T01:12:47.796+0300] {processor.py:925} INFO - DAG(s) 'example_setup_teardown_taskflow' retrieved from /home/nikita/airflow-setup/ENV/lib/python3.12/site-packages/airflow/example_dags/example_setup_teardown_taskflow.py
[2026-05-04T01:12:47.808+0300] {logging_mixin.py:190} INFO - [2026-05-04T01:12:47.808+0300] {dag.py:3239} INFO - Sync 1 DAGs
[2026-05-04T01:12:47.817+0300] {logging_mixin.py:190} INFO - [2026-05-04T01:12:47.817+0300] {dag.py:4180} INFO - Setting next_dagrun for example_setup_teardown_taskflow to None, run_after=None
[2026-05-04T01:12:47.833+0300] {processor.py:208} INFO - Processing /home/nikita/airflow-setup/ENV/lib/python3.12/site-packages/airflow/example_dags/example_setup_teardown_taskflow.py took 0.053 seconds
[2026-05-04T01:13:50.584+0300] {processor.py:186} INFO - Started process (PID=13436) to work on /home/nikita/airflow-setup/ENV/lib/python3.12/site-packages/airflow/example_dags/example_setup_teardown_taskflow.py
[2026-05-04T01:13:50.586+0300] {processor.py:914} INFO - Processing file /home/nikita/airflow-setup/ENV/lib/python3.12/site-packages/airflow/example_dags/example_setup_teardown_taskflow.py for tasks to queue
[2026-05-04T01:13:50.587+0300] {logging_mixin.py:190} INFO - [2026-05-04T01:13:50.586+0300] {dagbag.py:588} INFO - Filling up the DagBag from /home/nikita/airflow-setup/ENV/lib/python3.12/site-packages/airflow/example_dags/example_setup_teardown_taskflow.py
[2026-05-04T01:13:50.595+0300] {processor.py:925} INFO - DAG(s) 'example_setup_teardown_taskflow' retrieved from /home/nikita/airflow-setup/ENV/lib/python3.12/site-packages/airflow/example_dags/example_setup_teardown_taskflow.py
[2026-05-04T01:13:50.606+0300] {logging_mixin.py:190} INFO - [2026-05-04T01:13:50.606+0300] {dag.py:3239} INFO - Sync 1 DAGs
[2026-05-04T01:13:50.615+0300] {logging_mixin.py:190} INFO - [2026-05-04T01:13:50.615+0300] {dag.py:4180} INFO - Setting next_dagrun for example_setup_teardown_taskflow to None, run_after=None
[2026-05-04T01:13:50.632+0300] {processor.py:208} INFO - Processing /home/nikita/airflow-setup/ENV/lib/python3.12/site-packages/airflow/example_dags/example_setup_teardown_taskflow.py took 0.052 seconds
[2026-05-04T01:14:57.649+0300] {processor.py:186} INFO - Started process (PID=14393) to work on /home/nikita/airflow-setup/ENV/lib/python3.12/site-packages/airflow/example_dags/example_setup_teardown_taskflow.py
[2026-05-04T01:14:57.657+0300] {processor.py:914} INFO - Processing file /home/nikita/airflow-setup/ENV/lib/python3.12/site-packages/airflow/example_dags/example_setup_teardown_taskflow.py for tasks to queue
[2026-05-04T01:14:57.659+0300] {logging_mixin.py:190} INFO - [2026-05-04T01:14:57.658+0300] {dagbag.py:588} INFO - Filling up the DagBag from /home/nikita/airflow-setup/ENV/lib/python3.12/site-packages/airflow/example_dags/example_setup_teardown_taskflow.py
[2026-05-04T01:14:57.666+0300] {processor.py:925} INFO - DAG(s) 'example_setup_teardown_taskflow' retrieved from /home/nikita/airflow-setup/ENV/lib/python3.12/site-packages/airflow/example_dags/example_setup_teardown_taskflow.py
[2026-05-04T01:14:57.678+0300] {logging_mixin.py:190} INFO - [2026-05-04T01:14:57.678+0300] {dag.py:3239} INFO - Sync 1 DAGs
[2026-05-04T01:14:57.686+0300] {logging_mixin.py:190} INFO - [2026-05-04T01:14:57.686+0300] {dag.py:4180} INFO - Setting next_dagrun for example_setup_teardown_taskflow to None, run_after=None
[2026-05-04T01:14:57.702+0300] {processor.py:208} INFO - Processing /home/nikita/airflow-setup/ENV/lib/python3.12/site-packages/airflow/example_dags/example_setup_teardown_taskflow.py took 0.057 seconds
[2026-05-04T01:16:05.283+0300] {processor.py:186} INFO - Started process (PID=15600) to work on /home/nikita/airflow-setup/ENV/lib/python3.12/site-packages/airflow/example_dags/example_setup_teardown_taskflow.py
[2026-05-04T01:16:05.292+0300] {processor.py:914} INFO - Processing file /home/nikita/airflow-setup/ENV/lib/python3.12/site-packages/airflow/example_dags/example_setup_teardown_taskflow.py for tasks to queue
[2026-05-04T01:16:05.293+0300] {logging_mixin.py:190} INFO - [2026-05-04T01:16:05.293+0300] {dagbag.py:588} INFO - Filling up the DagBag from /home/nikita/airflow-setup/ENV/lib/python3.12/site-packages/airflow/example_dags/example_setup_teardown_taskflow.py
[2026-05-04T01:16:05.301+0300] {processor.py:925} INFO - DAG(s) 'example_setup_teardown_taskflow' retrieved from /home/nikita/airflow-setup/ENV/lib/python3.12/site-packages/airflow/example_dags/example_setup_teardown_taskflow.py
[2026-05-04T01:16:05.314+0300] {logging_mixin.py:190} INFO - [2026-05-04T01:16:05.314+0300] {dag.py:3239} INFO - Sync 1 DAGs
[2026-05-04T01:16:05.323+0300] {logging_mixin.py:190} INFO - [2026-05-04T01:16:05.323+0300] {dag.py:4180} INFO - Setting next_dagrun for example_setup_teardown_taskflow to None, run_after=None
[2026-05-04T01:16:05.340+0300] {processor.py:208} INFO - Processing /home/nikita/airflow-setup/ENV/lib/python3.12/site-packages/airflow/example_dags/example_setup_teardown_taskflow.py took 0.061 seconds
[2026-05-04T01:17:15.274+0300] {processor.py:186} INFO - Started process (PID=15874) to work on /home/nikita/airflow-setup/ENV/lib/python3.12/site-packages/airflow/example_dags/example_setup_teardown_taskflow.py
[2026-05-04T01:17:15.284+0300] {processor.py:914} INFO - Processing file /home/nikita/airflow-setup/ENV/lib/python3.12/site-packages/airflow/example_dags/example_setup_teardown_taskflow.py for tasks to queue
[2026-05-04T01:17:15.285+0300] {logging_mixin.py:190} INFO - [2026-05-04T01:17:15.284+0300] {dagbag.py:588} INFO - Filling up the DagBag from /home/nikita/airflow-setup/ENV/lib/python3.12/site-packages/airflow/example_dags/example_setup_teardown_taskflow.py
[2026-05-04T01:17:15.294+0300] {processor.py:925} INFO - DAG(s) 'example_setup_teardown_taskflow' retrieved from /home/nikita/airflow-setup/ENV/lib/python3.12/site-packages/airflow/example_dags/example_setup_teardown_taskflow.py
[2026-05-04T01:17:15.319+0300] {logging_mixin.py:190} INFO - [2026-05-04T01:17:15.318+0300] {dag.py:3239} INFO - Sync 1 DAGs
[2026-05-04T01:17:15.343+0300] {logging_mixin.py:190} INFO - [2026-05-04T01:17:15.343+0300] {dag.py:4180} INFO - Setting next_dagrun for example_setup_teardown_taskflow to None, run_after=None
[2026-05-04T01:17:15.373+0300] {processor.py:208} INFO - Processing /home/nikita/airflow-setup/ENV/lib/python3.12/site-packages/airflow/example_dags/example_setup_teardown_taskflow.py took 0.107 seconds
[2026-05-04T01:18:23.145+0300] {processor.py:186} INFO - Started process (PID=16128) to work on /home/nikita/airflow-setup/ENV/lib/python3.12/site-packages/airflow/example_dags/example_setup_teardown_taskflow.py
[2026-05-04T01:18:23.156+0300] {processor.py:914} INFO - Processing file /home/nikita/airflow-setup/ENV/lib/python3.12/site-packages/airflow/example_dags/example_setup_teardown_taskflow.py for tasks to queue
[2026-05-04T01:18:23.159+0300] {logging_mixin.py:190} INFO - [2026-05-04T01:18:23.158+0300] {dagbag.py:588} INFO - Filling up the DagBag from /home/nikita/airflow-setup/ENV/lib/python3.12/site-packages/airflow/example_dags/example_setup_teardown_taskflow.py
[2026-05-04T01:18:23.175+0300] {processor.py:925} INFO - DAG(s) 'example_setup_teardown_taskflow' retrieved from /home/nikita/airflow-setup/ENV/lib/python3.12/site-packages/airflow/example_dags/example_setup_teardown_taskflow.py
[2026-05-04T01:18:23.204+0300] {logging_mixin.py:190} INFO - [2026-05-04T01:18:23.204+0300] {dag.py:3239} INFO - Sync 1 DAGs
[2026-05-04T01:18:23.225+0300] {logging_mixin.py:190} INFO - [2026-05-04T01:18:23.224+0300] {dag.py:4180} INFO - Setting next_dagrun for example_setup_teardown_taskflow to None, run_after=None
[2026-05-04T01:18:23.247+0300] {processor.py:208} INFO - Processing /home/nikita/airflow-setup/ENV/lib/python3.12/site-packages/airflow/example_dags/example_setup_teardown_taskflow.py took 0.112 seconds
[2026-05-04T01:19:28.023+0300] {processor.py:186} INFO - Started process (PID=16379) to work on /home/nikita/airflow-setup/ENV/lib/python3.12/site-packages/airflow/example_dags/example_setup_teardown_taskflow.py
[2026-05-04T01:19:28.031+0300] {processor.py:914} INFO - Processing file /home/nikita/airflow-setup/ENV/lib/python3.12/site-packages/airflow/example_dags/example_setup_teardown_taskflow.py for tasks to queue
[2026-05-04T01:19:28.032+0300] {logging_mixin.py:190} INFO - [2026-05-04T01:19:28.032+0300] {dagbag.py:588} INFO - Filling up the DagBag from /home/nikita/airflow-setup/ENV/lib/python3.12/site-packages/airflow/example_dags/example_setup_teardown_taskflow.py
[2026-05-04T01:19:28.041+0300] {processor.py:925} INFO - DAG(s) 'example_setup_teardown_taskflow' retrieved from /home/nikita/airflow-setup/ENV/lib/python3.12/site-packages/airflow/example_dags/example_setup_teardown_taskflow.py
[2026-05-04T01:19:28.054+0300] {logging_mixin.py:190} INFO - [2026-05-04T01:19:28.054+0300] {dag.py:3239} INFO - Sync 1 DAGs
[2026-05-04T01:19:28.064+0300] {logging_mixin.py:190} INFO - [2026-05-04T01:19:28.064+0300] {dag.py:4180} INFO - Setting next_dagrun for example_setup_teardown_taskflow to None, run_after=None
[2026-05-04T01:19:28.080+0300] {processor.py:208} INFO - Processing /home/nikita/airflow-setup/ENV/lib/python3.12/site-packages/airflow/example_dags/example_setup_teardown_taskflow.py took 0.062 seconds
[2026-05-04T01:20:35.085+0300] {processor.py:186} INFO - Started process (PID=16649) to work on /home/nikita/airflow-setup/ENV/lib/python3.12/site-packages/airflow/example_dags/example_setup_teardown_taskflow.py
[2026-05-04T01:20:35.095+0300] {processor.py:914} INFO - Processing file /home/nikita/airflow-setup/ENV/lib/python3.12/site-packages/airflow/example_dags/example_setup_teardown_taskflow.py for tasks to queue
[2026-05-04T01:20:35.096+0300] {logging_mixin.py:190} INFO - [2026-05-04T01:20:35.096+0300] {dagbag.py:588} INFO - Filling up the DagBag from /home/nikita/airflow-setup/ENV/lib/python3.12/site-packages/airflow/example_dags/example_setup_teardown_taskflow.py
[2026-05-04T01:20:35.107+0300] {processor.py:925} INFO - DAG(s) 'example_setup_teardown_taskflow' retrieved from /home/nikita/airflow-setup/ENV/lib/python3.12/site-packages/airflow/example_dags/example_setup_teardown_taskflow.py
[2026-05-04T01:20:35.123+0300] {logging_mixin.py:190} INFO - [2026-05-04T01:20:35.123+0300] {dag.py:3239} INFO - Sync 1 DAGs
[2026-05-04T01:20:35.135+0300] {logging_mixin.py:190} INFO - [2026-05-04T01:20:35.134+0300] {dag.py:4180} INFO - Setting next_dagrun for example_setup_teardown_taskflow to None, run_after=None
[2026-05-04T01:20:35.154+0300] {processor.py:208} INFO - Processing /home/nikita/airflow-setup/ENV/lib/python3.12/site-packages/airflow/example_dags/example_setup_teardown_taskflow.py took 0.074 seconds
[2026-05-04T01:21:41.105+0300] {processor.py:186} INFO - Started process (PID=16900) to work on /home/nikita/airflow-setup/ENV/lib/python3.12/site-packages/airflow/example_dags/example_setup_teardown_taskflow.py
[2026-05-04T01:21:41.106+0300] {processor.py:914} INFO - Processing file /home/nikita/airflow-setup/ENV/lib/python3.12/site-packages/airflow/example_dags/example_setup_teardown_taskflow.py for tasks to queue
[2026-05-04T01:21:41.108+0300] {logging_mixin.py:190} INFO - [2026-05-04T01:21:41.107+0300] {dagbag.py:588} INFO - Filling up the DagBag from /home/nikita/airflow-setup/ENV/lib/python3.12/site-packages/airflow/example_dags/example_setup_teardown_taskflow.py
[2026-05-04T01:21:41.118+0300] {processor.py:925} INFO - DAG(s) 'example_setup_teardown_taskflow' retrieved from /home/nikita/airflow-setup/ENV/lib/python3.12/site-packages/airflow/example_dags/example_setup_teardown_taskflow.py
[2026-05-04T01:21:41.137+0300] {logging_mixin.py:190} INFO - [2026-05-04T01:21:41.137+0300] {dag.py:3239} INFO - Sync 1 DAGs
[2026-05-04T01:21:41.147+0300] {logging_mixin.py:190} INFO - [2026-05-04T01:21:41.147+0300] {dag.py:4180} INFO - Setting next_dagrun for example_setup_teardown_taskflow to None, run_after=None
[2026-05-04T01:21:41.165+0300] {processor.py:208} INFO - Processing /home/nikita/airflow-setup/ENV/lib/python3.12/site-packages/airflow/example_dags/example_setup_teardown_taskflow.py took 0.064 seconds
[2026-05-04T01:22:56.532+0300] {processor.py:186} INFO - Started process (PID=17180) to work on /home/nikita/airflow-setup/ENV/lib/python3.12/site-packages/airflow/example_dags/example_setup_teardown_taskflow.py
[2026-05-04T01:22:56.534+0300] {processor.py:914} INFO - Processing file /home/nikita/airflow-setup/ENV/lib/python3.12/site-packages/airflow/example_dags/example_setup_teardown_taskflow.py for tasks to queue
[2026-05-04T01:22:56.535+0300] {logging_mixin.py:190} INFO - [2026-05-04T01:22:56.535+0300] {dagbag.py:588} INFO - Filling up the DagBag from /home/nikita/airflow-setup/ENV/lib/python3.12/site-packages/airflow/example_dags/example_setup_teardown_taskflow.py
[2026-05-04T01:22:56.543+0300] {processor.py:925} INFO - DAG(s) 'example_setup_teardown_taskflow' retrieved from /home/nikita/airflow-setup/ENV/lib/python3.12/site-packages/airflow/example_dags/example_setup_teardown_taskflow.py
[2026-05-04T01:22:56.554+0300] {logging_mixin.py:190} INFO - [2026-05-04T01:22:56.554+0300] {dag.py:3239} INFO - Sync 1 DAGs
[2026-05-04T01:22:56.563+0300] {logging_mixin.py:190} INFO - [2026-05-04T01:22:56.563+0300] {dag.py:4180} INFO - Setting next_dagrun for example_setup_teardown_taskflow to None, run_after=None
[2026-05-04T01:22:56.579+0300] {processor.py:208} INFO - Processing /home/nikita/airflow-setup/ENV/lib/python3.12/site-packages/airflow/example_dags/example_setup_teardown_taskflow.py took 0.052 seconds
[2026-05-04T01:24:01.485+0300] {processor.py:186} INFO - Started process (PID=17424) to work on /home/nikita/airflow-setup/ENV/lib/python3.12/site-packages/airflow/example_dags/example_setup_teardown_taskflow.py
[2026-05-04T01:24:01.487+0300] {processor.py:914} INFO - Processing file /home/nikita/airflow-setup/ENV/lib/python3.12/site-packages/airflow/example_dags/example_setup_teardown_taskflow.py for tasks to queue
[2026-05-04T01:24:01.488+0300] {logging_mixin.py:190} INFO - [2026-05-04T01:24:01.487+0300] {dagbag.py:588} INFO - Filling up the DagBag from /home/nikita/airflow-setup/ENV/lib/python3.12/site-packages/airflow/example_dags/example_setup_teardown_taskflow.py
[2026-05-04T01:24:01.496+0300] {processor.py:925} INFO - DAG(s) 'example_setup_teardown_taskflow' retrieved from /home/nikita/airflow-setup/ENV/lib/python3.12/site-packages/airflow/example_dags/example_setup_teardown_taskflow.py
[2026-05-04T01:24:01.509+0300] {logging_mixin.py:190} INFO - [2026-05-04T01:24:01.508+0300] {dag.py:3239} INFO - Sync 1 DAGs
[2026-05-04T01:24:01.518+0300] {logging_mixin.py:190} INFO - [2026-05-04T01:24:01.518+0300] {dag.py:4180} INFO - Setting next_dagrun for example_setup_teardown_taskflow to None, run_after=None
[2026-05-04T01:24:01.533+0300] {processor.py:208} INFO - Processing /home/nikita/airflow-setup/ENV/lib/python3.12/site-packages/airflow/example_dags/example_setup_teardown_taskflow.py took 0.053 seconds
[2026-05-04T01:25:11.492+0300] {processor.py:186} INFO - Started process (PID=18003) to work on /home/nikita/airflow-setup/ENV/lib/python3.12/site-packages/airflow/example_dags/example_setup_teardown_taskflow.py
[2026-05-04T01:25:11.493+0300] {processor.py:914} INFO - Processing file /home/nikita/airflow-setup/ENV/lib/python3.12/site-packages/airflow/example_dags/example_setup_teardown_taskflow.py for tasks to queue
[2026-05-04T01:25:11.494+0300] {logging_mixin.py:190} INFO - [2026-05-04T01:25:11.494+0300] {dagbag.py:588} INFO - Filling up the DagBag from /home/nikita/airflow-setup/ENV/lib/python3.12/site-packages/airflow/example_dags/example_setup_teardown_taskflow.py
[2026-05-04T01:25:11.507+0300] {processor.py:925} INFO - DAG(s) 'example_setup_teardown_taskflow' retrieved from /home/nikita/airflow-setup/ENV/lib/python3.12/site-packages/airflow/example_dags/example_setup_teardown_taskflow.py
[2026-05-04T01:25:11.543+0300] {logging_mixin.py:190} INFO - [2026-05-04T01:25:11.542+0300] {dag.py:3239} INFO - Sync 1 DAGs
[2026-05-04T01:25:11.574+0300] {logging_mixin.py:190} INFO - [2026-05-04T01:25:11.573+0300] {dag.py:4180} INFO - Setting next_dagrun for example_setup_teardown_taskflow to None, run_after=None
[2026-05-04T01:25:11.617+0300] {processor.py:208} INFO - Processing /home/nikita/airflow-setup/ENV/lib/python3.12/site-packages/airflow/example_dags/example_setup_teardown_taskflow.py took 0.130 seconds
[2026-05-04T01:26:20.534+0300] {processor.py:186} INFO - Started process (PID=19263) to work on /home/nikita/airflow-setup/ENV/lib/python3.12/site-packages/airflow/example_dags/example_setup_teardown_taskflow.py
[2026-05-04T01:26:20.545+0300] {processor.py:914} INFO - Processing file /home/nikita/airflow-setup/ENV/lib/python3.12/site-packages/airflow/example_dags/example_setup_teardown_taskflow.py for tasks to queue
[2026-05-04T01:26:20.546+0300] {logging_mixin.py:190} INFO - [2026-05-04T01:26:20.546+0300] {dagbag.py:588} INFO - Filling up the DagBag from /home/nikita/airflow-setup/ENV/lib/python3.12/site-packages/airflow/example_dags/example_setup_teardown_taskflow.py
[2026-05-04T01:26:20.564+0300] {processor.py:925} INFO - DAG(s) 'example_setup_teardown_taskflow' retrieved from /home/nikita/airflow-setup/ENV/lib/python3.12/site-packages/airflow/example_dags/example_setup_teardown_taskflow.py
[2026-05-04T01:26:20.592+0300] {logging_mixin.py:190} INFO - [2026-05-04T01:26:20.592+0300] {dag.py:3239} INFO - Sync 1 DAGs
[2026-05-04T01:26:20.613+0300] {logging_mixin.py:190} INFO - [2026-05-04T01:26:20.612+0300] {dag.py:4180} INFO - Setting next_dagrun for example_setup_teardown_taskflow to None, run_after=None
[2026-05-04T01:26:20.650+0300] {processor.py:208} INFO - Processing /home/nikita/airflow-setup/ENV/lib/python3.12/site-packages/airflow/example_dags/example_setup_teardown_taskflow.py took 0.124 seconds
[2026-05-04T01:27:28.753+0300] {processor.py:186} INFO - Started process (PID=19554) to work on /home/nikita/airflow-setup/ENV/lib/python3.12/site-packages/airflow/example_dags/example_setup_teardown_taskflow.py
[2026-05-04T01:27:28.763+0300] {processor.py:914} INFO - Processing file /home/nikita/airflow-setup/ENV/lib/python3.12/site-packages/airflow/example_dags/example_setup_teardown_taskflow.py for tasks to queue
[2026-05-04T01:27:28.764+0300] {logging_mixin.py:190} INFO - [2026-05-04T01:27:28.764+0300] {dagbag.py:588} INFO - Filling up the DagBag from /home/nikita/airflow-setup/ENV/lib/python3.12/site-packages/airflow/example_dags/example_setup_teardown_taskflow.py
[2026-05-04T01:27:28.773+0300] {processor.py:925} INFO - DAG(s) 'example_setup_teardown_taskflow' retrieved from /home/nikita/airflow-setup/ENV/lib/python3.12/site-packages/airflow/example_dags/example_setup_teardown_taskflow.py
[2026-05-04T01:27:28.785+0300] {logging_mixin.py:190} INFO - [2026-05-04T01:27:28.785+0300] {dag.py:3239} INFO - Sync 1 DAGs
[2026-05-04T01:27:28.795+0300] {logging_mixin.py:190} INFO - [2026-05-04T01:27:28.794+0300] {dag.py:4180} INFO - Setting next_dagrun for example_setup_teardown_taskflow to None, run_after=None
[2026-05-04T01:27:28.811+0300] {processor.py:208} INFO - Processing /home/nikita/airflow-setup/ENV/lib/python3.12/site-packages/airflow/example_dags/example_setup_teardown_taskflow.py took 0.062 seconds
[2026-05-04T01:28:44.381+0300] {processor.py:186} INFO - Started process (PID=19836) to work on /home/nikita/airflow-setup/ENV/lib/python3.12/site-packages/airflow/example_dags/example_setup_teardown_taskflow.py
[2026-05-04T01:28:44.390+0300] {processor.py:914} INFO - Processing file /home/nikita/airflow-setup/ENV/lib/python3.12/site-packages/airflow/example_dags/example_setup_teardown_taskflow.py for tasks to queue
[2026-05-04T01:28:44.391+0300] {logging_mixin.py:190} INFO - [2026-05-04T01:28:44.390+0300] {dagbag.py:588} INFO - Filling up the DagBag from /home/nikita/airflow-setup/ENV/lib/python3.12/site-packages/airflow/example_dags/example_setup_teardown_taskflow.py
[2026-05-04T01:28:44.400+0300] {processor.py:925} INFO - DAG(s) 'example_setup_teardown_taskflow' retrieved from /home/nikita/airflow-setup/ENV/lib/python3.12/site-packages/airflow/example_dags/example_setup_teardown_taskflow.py
[2026-05-04T01:28:44.415+0300] {logging_mixin.py:190} INFO - [2026-05-04T01:28:44.415+0300] {dag.py:3239} INFO - Sync 1 DAGs
[2026-05-04T01:28:44.426+0300] {logging_mixin.py:190} INFO - [2026-05-04T01:28:44.426+0300] {dag.py:4180} INFO - Setting next_dagrun for example_setup_teardown_taskflow to None, run_after=None
[2026-05-04T01:28:44.445+0300] {processor.py:208} INFO - Processing /home/nikita/airflow-setup/ENV/lib/python3.12/site-packages/airflow/example_dags/example_setup_teardown_taskflow.py took 0.068 seconds
[2026-05-04T01:29:51.287+0300] {processor.py:186} INFO - Started process (PID=20087) to work on /home/nikita/airflow-setup/ENV/lib/python3.12/site-packages/airflow/example_dags/example_setup_teardown_taskflow.py
[2026-05-04T01:29:51.297+0300] {processor.py:914} INFO - Processing file /home/nikita/airflow-setup/ENV/lib/python3.12/site-packages/airflow/example_dags/example_setup_teardown_taskflow.py for tasks to queue
[2026-05-04T01:29:51.298+0300] {logging_mixin.py:190} INFO - [2026-05-04T01:29:51.298+0300] {dagbag.py:588} INFO - Filling up the DagBag from /home/nikita/airflow-setup/ENV/lib/python3.12/site-packages/airflow/example_dags/example_setup_teardown_taskflow.py
[2026-05-04T01:29:51.307+0300] {processor.py:925} INFO - DAG(s) 'example_setup_teardown_taskflow' retrieved from /home/nikita/airflow-setup/ENV/lib/python3.12/site-packages/airflow/example_dags/example_setup_teardown_taskflow.py
[2026-05-04T01:29:51.437+0300] {logging_mixin.py:190} INFO - [2026-05-04T01:29:51.437+0300] {dag.py:3239} INFO - Sync 1 DAGs
[2026-05-04T01:29:51.444+0300] {logging_mixin.py:190} INFO - [2026-05-04T01:29:51.444+0300] {dag.py:4180} INFO - Setting next_dagrun for example_setup_teardown_taskflow to None, run_after=None
[2026-05-04T01:29:51.460+0300] {processor.py:208} INFO - Processing /home/nikita/airflow-setup/ENV/lib/python3.12/site-packages/airflow/example_dags/example_setup_teardown_taskflow.py took 0.177 seconds
[2026-05-04T01:31:04.876+0300] {processor.py:186} INFO - Started process (PID=20364) to work on /home/nikita/airflow-setup/ENV/lib/python3.12/site-packages/airflow/example_dags/example_setup_teardown_taskflow.py
[2026-05-04T01:31:04.886+0300] {processor.py:914} INFO - Processing file /home/nikita/airflow-setup/ENV/lib/python3.12/site-packages/airflow/example_dags/example_setup_teardown_taskflow.py for tasks to queue
[2026-05-04T01:31:04.887+0300] {logging_mixin.py:190} INFO - [2026-05-04T01:31:04.887+0300] {dagbag.py:588} INFO - Filling up the DagBag from /home/nikita/airflow-setup/ENV/lib/python3.12/site-packages/airflow/example_dags/example_setup_teardown_taskflow.py
[2026-05-04T01:31:04.897+0300] {processor.py:925} INFO - DAG(s) 'example_setup_teardown_taskflow' retrieved from /home/nikita/airflow-setup/ENV/lib/python3.12/site-packages/airflow/example_dags/example_setup_teardown_taskflow.py
[2026-05-04T01:31:04.910+0300] {logging_mixin.py:190} INFO - [2026-05-04T01:31:04.910+0300] {dag.py:3239} INFO - Sync 1 DAGs
[2026-05-04T01:31:05.068+0300] {logging_mixin.py:190} INFO - [2026-05-04T01:31:05.068+0300] {dag.py:4180} INFO - Setting next_dagrun for example_setup_teardown_taskflow to None, run_after=None
[2026-05-04T01:31:05.090+0300] {processor.py:208} INFO - Processing /home/nikita/airflow-setup/ENV/lib/python3.12/site-packages/airflow/example_dags/example_setup_teardown_taskflow.py took 0.218 seconds
[2026-05-04T01:32:25.870+0300] {processor.py:186} INFO - Started process (PID=20665) to work on /home/nikita/airflow-setup/ENV/lib/python3.12/site-packages/airflow/example_dags/example_setup_teardown_taskflow.py
[2026-05-04T01:32:25.872+0300] {processor.py:914} INFO - Processing file /home/nikita/airflow-setup/ENV/lib/python3.12/site-packages/airflow/example_dags/example_setup_teardown_taskflow.py for tasks to queue
[2026-05-04T01:32:25.873+0300] {logging_mixin.py:190} INFO - [2026-05-04T01:32:25.873+0300] {dagbag.py:588} INFO - Filling up the DagBag from /home/nikita/airflow-setup/ENV/lib/python3.12/site-packages/airflow/example_dags/example_setup_teardown_taskflow.py
[2026-05-04T01:32:25.881+0300] {processor.py:925} INFO - DAG(s) 'example_setup_teardown_taskflow' retrieved from /home/nikita/airflow-setup/ENV/lib/python3.12/site-packages/airflow/example_dags/example_setup_teardown_taskflow.py
[2026-05-04T01:32:25.894+0300] {logging_mixin.py:190} INFO - [2026-05-04T01:32:25.893+0300] {dag.py:3239} INFO - Sync 1 DAGs
[2026-05-04T01:32:25.903+0300] {logging_mixin.py:190} INFO - [2026-05-04T01:32:25.902+0300] {dag.py:4180} INFO - Setting next_dagrun for example_setup_teardown_taskflow to None, run_after=None
[2026-05-04T01:32:25.919+0300] {processor.py:208} INFO - Processing /home/nikita/airflow-setup/ENV/lib/python3.12/site-packages/airflow/example_dags/example_setup_teardown_taskflow.py took 0.053 seconds
[2026-05-04T01:33:32.061+0300] {processor.py:186} INFO - Started process (PID=21060) to work on /home/nikita/airflow-setup/ENV/lib/python3.12/site-packages/airflow/example_dags/example_setup_teardown_taskflow.py
[2026-05-04T01:33:32.070+0300] {processor.py:914} INFO - Processing file /home/nikita/airflow-setup/ENV/lib/python3.12/site-packages/airflow/example_dags/example_setup_teardown_taskflow.py for tasks to queue
[2026-05-04T01:33:32.071+0300] {logging_mixin.py:190} INFO - [2026-05-04T01:33:32.071+0300] {dagbag.py:588} INFO - Filling up the DagBag from /home/nikita/airflow-setup/ENV/lib/python3.12/site-packages/airflow/example_dags/example_setup_teardown_taskflow.py
[2026-05-04T01:33:32.079+0300] {processor.py:925} INFO - DAG(s) 'example_setup_teardown_taskflow' retrieved from /home/nikita/airflow-setup/ENV/lib/python3.12/site-packages/airflow/example_dags/example_setup_teardown_taskflow.py
[2026-05-04T01:33:32.094+0300] {logging_mixin.py:190} INFO - [2026-05-04T01:33:32.093+0300] {dag.py:3239} INFO - Sync 1 DAGs
[2026-05-04T01:33:32.104+0300] {logging_mixin.py:190} INFO - [2026-05-04T01:33:32.104+0300] {dag.py:4180} INFO - Setting next_dagrun for example_setup_teardown_taskflow to None, run_after=None
[2026-05-04T01:33:32.121+0300] {processor.py:208} INFO - Processing /home/nikita/airflow-setup/ENV/lib/python3.12/site-packages/airflow/example_dags/example_setup_teardown_taskflow.py took 0.063 seconds
[2026-05-04T01:34:35.146+0300] {processor.py:186} INFO - Started process (PID=21432) to work on /home/nikita/airflow-setup/ENV/lib/python3.12/site-packages/airflow/example_dags/example_setup_teardown_taskflow.py
[2026-05-04T01:34:35.154+0300] {processor.py:914} INFO - Processing file /home/nikita/airflow-setup/ENV/lib/python3.12/site-packages/airflow/example_dags/example_setup_teardown_taskflow.py for tasks to queue
[2026-05-04T01:34:35.156+0300] {logging_mixin.py:190} INFO - [2026-05-04T01:34:35.155+0300] {dagbag.py:588} INFO - Filling up the DagBag from /home/nikita/airflow-setup/ENV/lib/python3.12/site-packages/airflow/example_dags/example_setup_teardown_taskflow.py
[2026-05-04T01:34:35.165+0300] {processor.py:925} INFO - DAG(s) 'example_setup_teardown_taskflow' retrieved from /home/nikita/airflow-setup/ENV/lib/python3.12/site-packages/airflow/example_dags/example_setup_teardown_taskflow.py
[2026-05-04T01:34:35.178+0300] {logging_mixin.py:190} INFO - [2026-05-04T01:34:35.177+0300] {dag.py:3239} INFO - Sync 1 DAGs
[2026-05-04T01:34:35.188+0300] {logging_mixin.py:190} INFO - [2026-05-04T01:34:35.187+0300] {dag.py:4180} INFO - Setting next_dagrun for example_setup_teardown_taskflow to None, run_after=None
[2026-05-04T01:34:35.205+0300] {processor.py:208} INFO - Processing /home/nikita/airflow-setup/ENV/lib/python3.12/site-packages/airflow/example_dags/example_setup_teardown_taskflow.py took 0.064 seconds
[2026-05-04T01:35:37.715+0300] {processor.py:186} INFO - Started process (PID=21673) to work on /home/nikita/airflow-setup/ENV/lib/python3.12/site-packages/airflow/example_dags/example_setup_teardown_taskflow.py
[2026-05-04T01:35:37.724+0300] {processor.py:914} INFO - Processing file /home/nikita/airflow-setup/ENV/lib/python3.12/site-packages/airflow/example_dags/example_setup_teardown_taskflow.py for tasks to queue
[2026-05-04T01:35:37.725+0300] {logging_mixin.py:190} INFO - [2026-05-04T01:35:37.725+0300] {dagbag.py:588} INFO - Filling up the DagBag from /home/nikita/airflow-setup/ENV/lib/python3.12/site-packages/airflow/example_dags/example_setup_teardown_taskflow.py
[2026-05-04T01:35:37.733+0300] {processor.py:925} INFO - DAG(s) 'example_setup_teardown_taskflow' retrieved from /home/nikita/airflow-setup/ENV/lib/python3.12/site-packages/airflow/example_dags/example_setup_teardown_taskflow.py
[2026-05-04T01:35:37.747+0300] {logging_mixin.py:190} INFO - [2026-05-04T01:35:37.746+0300] {dag.py:3239} INFO - Sync 1 DAGs
[2026-05-04T01:35:37.757+0300] {logging_mixin.py:190} INFO - [2026-05-04T01:35:37.757+0300] {dag.py:4180} INFO - Setting next_dagrun for example_setup_teardown_taskflow to None, run_after=None
[2026-05-04T01:35:37.773+0300] {processor.py:208} INFO - Processing /home/nikita/airflow-setup/ENV/lib/python3.12/site-packages/airflow/example_dags/example_setup_teardown_taskflow.py took 0.063 seconds
