[2026-05-04T00:46:14.982+0300] {processor.py:186} INFO - Started process (PID=5974) to work on /home/nikita/airflow-setup/ENV/lib/python3.12/site-packages/airflow/example_dags/example_skip_dag.py
[2026-05-04T00:46:14.983+0300] {processor.py:914} INFO - Processing file /home/nikita/airflow-setup/ENV/lib/python3.12/site-packages/airflow/example_dags/example_skip_dag.py for tasks to queue
[2026-05-04T00:46:14.985+0300] {logging_mixin.py:190} INFO - [2026-05-04T00:46:14.984+0300] {dagbag.py:588} INFO - Filling up the DagBag from /home/nikita/airflow-setup/ENV/lib/python3.12/site-packages/airflow/example_dags/example_skip_dag.py
[2026-05-04T00:46:15.001+0300] {processor.py:925} INFO - DAG(s) 'example_skip_dag' retrieved from /home/nikita/airflow-setup/ENV/lib/python3.12/site-packages/airflow/example_dags/example_skip_dag.py
[2026-05-04T00:46:15.119+0300] {logging_mixin.py:190} INFO - [2026-05-04T00:46:15.118+0300] {override.py:1930} INFO - Created Permission View: can read on DAG:example_skip_dag
[2026-05-04T00:46:15.136+0300] {logging_mixin.py:190} INFO - [2026-05-04T00:46:15.135+0300] {override.py:1930} INFO - Created Permission View: can delete on DAG:example_skip_dag
[2026-05-04T00:46:15.146+0300] {logging_mixin.py:190} INFO - [2026-05-04T00:46:15.145+0300] {override.py:1930} INFO - Created Permission View: can edit on DAG:example_skip_dag
[2026-05-04T00:46:15.170+0300] {logging_mixin.py:190} INFO - [2026-05-04T00:46:15.170+0300] {override.py:1930} INFO - Created Permission View: can read on DAG Run:example_skip_dag
[2026-05-04T00:46:15.182+0300] {logging_mixin.py:190} INFO - [2026-05-04T00:46:15.182+0300] {override.py:1930} INFO - Created Permission View: can delete on DAG Run:example_skip_dag
[2026-05-04T00:46:15.195+0300] {logging_mixin.py:190} INFO - [2026-05-04T00:46:15.194+0300] {override.py:1930} INFO - Created Permission View: menu access on DAG Run:example_skip_dag
[2026-05-04T00:46:15.209+0300] {logging_mixin.py:190} INFO - [2026-05-04T00:46:15.209+0300] {override.py:1930} INFO - Created Permission View: can create on DAG Run:example_skip_dag
[2026-05-04T00:46:15.210+0300] {logging_mixin.py:190} INFO - [2026-05-04T00:46:15.210+0300] {dag.py:3239} INFO - Sync 1 DAGs
[2026-05-04T00:46:15.218+0300] {logging_mixin.py:190} INFO - [2026-05-04T00:46:15.218+0300] {dag.py:3262} INFO - Creating ORM DAG for example_skip_dag
[2026-05-04T00:46:15.225+0300] {logging_mixin.py:190} INFO - [2026-05-04T00:46:15.225+0300] {dag.py:4180} INFO - Setting next_dagrun for example_skip_dag to 2026-05-02 00:00:00+00:00, run_after=2026-05-03 00:00:00+00:00
[2026-05-04T00:46:15.243+0300] {processor.py:208} INFO - Processing /home/nikita/airflow-setup/ENV/lib/python3.12/site-packages/airflow/example_dags/example_skip_dag.py took 0.265 seconds
[2026-05-04T00:47:23.173+0300] {processor.py:186} INFO - Started process (PID=6052) to work on /home/nikita/airflow-setup/ENV/lib/python3.12/site-packages/airflow/example_dags/example_skip_dag.py
[2026-05-04T00:47:23.182+0300] {processor.py:914} INFO - Processing file /home/nikita/airflow-setup/ENV/lib/python3.12/site-packages/airflow/example_dags/example_skip_dag.py for tasks to queue
[2026-05-04T00:47:23.184+0300] {logging_mixin.py:190} INFO - [2026-05-04T00:47:23.183+0300] {dagbag.py:588} INFO - Filling up the DagBag from /home/nikita/airflow-setup/ENV/lib/python3.12/site-packages/airflow/example_dags/example_skip_dag.py
[2026-05-04T00:47:23.190+0300] {processor.py:925} INFO - DAG(s) 'example_skip_dag' retrieved from /home/nikita/airflow-setup/ENV/lib/python3.12/site-packages/airflow/example_dags/example_skip_dag.py
[2026-05-04T00:47:23.201+0300] {logging_mixin.py:190} INFO - [2026-05-04T00:47:23.201+0300] {dag.py:3239} INFO - Sync 1 DAGs
[2026-05-04T00:47:23.214+0300] {logging_mixin.py:190} INFO - [2026-05-04T00:47:23.214+0300] {dag.py:4180} INFO - Setting next_dagrun for example_skip_dag to 2026-05-02 00:00:00+00:00, run_after=2026-05-03 00:00:00+00:00
[2026-05-04T00:47:23.229+0300] {processor.py:208} INFO - Processing /home/nikita/airflow-setup/ENV/lib/python3.12/site-packages/airflow/example_dags/example_skip_dag.py took 0.060 seconds
[2026-05-04T00:48:22.263+0300] {processor.py:186} INFO - Started process (PID=6109) to work on /home/nikita/airflow-setup/ENV/lib/python3.12/site-packages/airflow/example_dags/example_skip_dag.py
[2026-05-04T00:48:22.264+0300] {processor.py:914} INFO - Processing file /home/nikita/airflow-setup/ENV/lib/python3.12/site-packages/airflow/example_dags/example_skip_dag.py for tasks to queue
[2026-05-04T00:48:22.266+0300] {logging_mixin.py:190} INFO - [2026-05-04T00:48:22.265+0300] {dagbag.py:588} INFO - Filling up the DagBag from /home/nikita/airflow-setup/ENV/lib/python3.12/site-packages/airflow/example_dags/example_skip_dag.py
[2026-05-04T00:48:22.271+0300] {processor.py:925} INFO - DAG(s) 'example_skip_dag' retrieved from /home/nikita/airflow-setup/ENV/lib/python3.12/site-packages/airflow/example_dags/example_skip_dag.py
[2026-05-04T00:48:22.282+0300] {logging_mixin.py:190} INFO - [2026-05-04T00:48:22.282+0300] {dag.py:3239} INFO - Sync 1 DAGs
[2026-05-04T00:48:22.295+0300] {logging_mixin.py:190} INFO - [2026-05-04T00:48:22.295+0300] {dag.py:4180} INFO - Setting next_dagrun for example_skip_dag to 2026-05-02 00:00:00+00:00, run_after=2026-05-03 00:00:00+00:00
[2026-05-04T00:48:22.310+0300] {processor.py:208} INFO - Processing /home/nikita/airflow-setup/ENV/lib/python3.12/site-packages/airflow/example_dags/example_skip_dag.py took 0.051 seconds
[2026-05-04T00:49:21.977+0300] {processor.py:186} INFO - Started process (PID=6167) to work on /home/nikita/airflow-setup/ENV/lib/python3.12/site-packages/airflow/example_dags/example_skip_dag.py
[2026-05-04T00:49:21.985+0300] {processor.py:914} INFO - Processing file /home/nikita/airflow-setup/ENV/lib/python3.12/site-packages/airflow/example_dags/example_skip_dag.py for tasks to queue
[2026-05-04T00:49:21.987+0300] {logging_mixin.py:190} INFO - [2026-05-04T00:49:21.987+0300] {dagbag.py:588} INFO - Filling up the DagBag from /home/nikita/airflow-setup/ENV/lib/python3.12/site-packages/airflow/example_dags/example_skip_dag.py
[2026-05-04T00:49:21.993+0300] {processor.py:925} INFO - DAG(s) 'example_skip_dag' retrieved from /home/nikita/airflow-setup/ENV/lib/python3.12/site-packages/airflow/example_dags/example_skip_dag.py
[2026-05-04T00:49:22.004+0300] {logging_mixin.py:190} INFO - [2026-05-04T00:49:22.003+0300] {dag.py:3239} INFO - Sync 1 DAGs
[2026-05-04T00:49:22.017+0300] {logging_mixin.py:190} INFO - [2026-05-04T00:49:22.016+0300] {dag.py:4180} INFO - Setting next_dagrun for example_skip_dag to 2026-05-02 00:00:00+00:00, run_after=2026-05-03 00:00:00+00:00
[2026-05-04T00:49:22.031+0300] {processor.py:208} INFO - Processing /home/nikita/airflow-setup/ENV/lib/python3.12/site-packages/airflow/example_dags/example_skip_dag.py took 0.058 seconds
[2026-05-04T00:50:19.651+0300] {processor.py:186} INFO - Started process (PID=6243) to work on /home/nikita/airflow-setup/ENV/lib/python3.12/site-packages/airflow/example_dags/example_skip_dag.py
[2026-05-04T00:50:19.653+0300] {processor.py:914} INFO - Processing file /home/nikita/airflow-setup/ENV/lib/python3.12/site-packages/airflow/example_dags/example_skip_dag.py for tasks to queue
[2026-05-04T00:50:19.655+0300] {logging_mixin.py:190} INFO - [2026-05-04T00:50:19.654+0300] {dagbag.py:588} INFO - Filling up the DagBag from /home/nikita/airflow-setup/ENV/lib/python3.12/site-packages/airflow/example_dags/example_skip_dag.py
[2026-05-04T00:50:19.662+0300] {processor.py:925} INFO - DAG(s) 'example_skip_dag' retrieved from /home/nikita/airflow-setup/ENV/lib/python3.12/site-packages/airflow/example_dags/example_skip_dag.py
[2026-05-04T00:50:19.675+0300] {logging_mixin.py:190} INFO - [2026-05-04T00:50:19.675+0300] {dag.py:3239} INFO - Sync 1 DAGs
[2026-05-04T00:50:19.690+0300] {logging_mixin.py:190} INFO - [2026-05-04T00:50:19.690+0300] {dag.py:4180} INFO - Setting next_dagrun for example_skip_dag to 2026-05-02 00:00:00+00:00, run_after=2026-05-03 00:00:00+00:00
[2026-05-04T00:50:19.708+0300] {processor.py:208} INFO - Processing /home/nikita/airflow-setup/ENV/lib/python3.12/site-packages/airflow/example_dags/example_skip_dag.py took 0.062 seconds
[2026-05-04T00:51:17.805+0300] {processor.py:186} INFO - Started process (PID=6306) to work on /home/nikita/airflow-setup/ENV/lib/python3.12/site-packages/airflow/example_dags/example_skip_dag.py
[2026-05-04T00:51:17.807+0300] {processor.py:914} INFO - Processing file /home/nikita/airflow-setup/ENV/lib/python3.12/site-packages/airflow/example_dags/example_skip_dag.py for tasks to queue
[2026-05-04T00:51:17.809+0300] {logging_mixin.py:190} INFO - [2026-05-04T00:51:17.809+0300] {dagbag.py:588} INFO - Filling up the DagBag from /home/nikita/airflow-setup/ENV/lib/python3.12/site-packages/airflow/example_dags/example_skip_dag.py
[2026-05-04T00:51:17.815+0300] {processor.py:925} INFO - DAG(s) 'example_skip_dag' retrieved from /home/nikita/airflow-setup/ENV/lib/python3.12/site-packages/airflow/example_dags/example_skip_dag.py
[2026-05-04T00:51:17.828+0300] {logging_mixin.py:190} INFO - [2026-05-04T00:51:17.828+0300] {dag.py:3239} INFO - Sync 1 DAGs
[2026-05-04T00:51:17.843+0300] {logging_mixin.py:190} INFO - [2026-05-04T00:51:17.843+0300] {dag.py:4180} INFO - Setting next_dagrun for example_skip_dag to 2026-05-02 00:00:00+00:00, run_after=2026-05-03 00:00:00+00:00
[2026-05-04T00:51:17.859+0300] {processor.py:208} INFO - Processing /home/nikita/airflow-setup/ENV/lib/python3.12/site-packages/airflow/example_dags/example_skip_dag.py took 0.058 seconds
[2026-05-04T00:52:14.286+0300] {processor.py:186} INFO - Started process (PID=6360) to work on /home/nikita/airflow-setup/ENV/lib/python3.12/site-packages/airflow/example_dags/example_skip_dag.py
[2026-05-04T00:52:14.287+0300] {processor.py:914} INFO - Processing file /home/nikita/airflow-setup/ENV/lib/python3.12/site-packages/airflow/example_dags/example_skip_dag.py for tasks to queue
[2026-05-04T00:52:14.290+0300] {logging_mixin.py:190} INFO - [2026-05-04T00:52:14.290+0300] {dagbag.py:588} INFO - Filling up the DagBag from /home/nikita/airflow-setup/ENV/lib/python3.12/site-packages/airflow/example_dags/example_skip_dag.py
[2026-05-04T00:52:14.302+0300] {processor.py:925} INFO - DAG(s) 'example_skip_dag' retrieved from /home/nikita/airflow-setup/ENV/lib/python3.12/site-packages/airflow/example_dags/example_skip_dag.py
[2026-05-04T00:52:14.320+0300] {logging_mixin.py:190} INFO - [2026-05-04T00:52:14.320+0300] {dag.py:3239} INFO - Sync 1 DAGs
[2026-05-04T00:52:14.347+0300] {logging_mixin.py:190} INFO - [2026-05-04T00:52:14.347+0300] {dag.py:4180} INFO - Setting next_dagrun for example_skip_dag to 2026-05-02 00:00:00+00:00, run_after=2026-05-03 00:00:00+00:00
[2026-05-04T00:52:14.371+0300] {processor.py:208} INFO - Processing /home/nikita/airflow-setup/ENV/lib/python3.12/site-packages/airflow/example_dags/example_skip_dag.py took 0.092 seconds
[2026-05-04T00:53:17.123+0300] {processor.py:186} INFO - Started process (PID=6439) to work on /home/nikita/airflow-setup/ENV/lib/python3.12/site-packages/airflow/example_dags/example_skip_dag.py
[2026-05-04T00:53:17.132+0300] {processor.py:914} INFO - Processing file /home/nikita/airflow-setup/ENV/lib/python3.12/site-packages/airflow/example_dags/example_skip_dag.py for tasks to queue
[2026-05-04T00:53:17.134+0300] {logging_mixin.py:190} INFO - [2026-05-04T00:53:17.134+0300] {dagbag.py:588} INFO - Filling up the DagBag from /home/nikita/airflow-setup/ENV/lib/python3.12/site-packages/airflow/example_dags/example_skip_dag.py
[2026-05-04T00:53:17.141+0300] {processor.py:925} INFO - DAG(s) 'example_skip_dag' retrieved from /home/nikita/airflow-setup/ENV/lib/python3.12/site-packages/airflow/example_dags/example_skip_dag.py
[2026-05-04T00:53:17.153+0300] {logging_mixin.py:190} INFO - [2026-05-04T00:53:17.152+0300] {dag.py:3239} INFO - Sync 1 DAGs
[2026-05-04T00:53:17.167+0300] {logging_mixin.py:190} INFO - [2026-05-04T00:53:17.167+0300] {dag.py:4180} INFO - Setting next_dagrun for example_skip_dag to 2026-05-02 00:00:00+00:00, run_after=2026-05-03 00:00:00+00:00
[2026-05-04T00:53:17.184+0300] {processor.py:208} INFO - Processing /home/nikita/airflow-setup/ENV/lib/python3.12/site-packages/airflow/example_dags/example_skip_dag.py took 0.065 seconds
[2026-05-04T00:54:16.271+0300] {processor.py:186} INFO - Started process (PID=6496) to work on /home/nikita/airflow-setup/ENV/lib/python3.12/site-packages/airflow/example_dags/example_skip_dag.py
[2026-05-04T00:54:16.273+0300] {processor.py:914} INFO - Processing file /home/nikita/airflow-setup/ENV/lib/python3.12/site-packages/airflow/example_dags/example_skip_dag.py for tasks to queue
[2026-05-04T00:54:16.274+0300] {logging_mixin.py:190} INFO - [2026-05-04T00:54:16.274+0300] {dagbag.py:588} INFO - Filling up the DagBag from /home/nikita/airflow-setup/ENV/lib/python3.12/site-packages/airflow/example_dags/example_skip_dag.py
[2026-05-04T00:54:16.280+0300] {processor.py:925} INFO - DAG(s) 'example_skip_dag' retrieved from /home/nikita/airflow-setup/ENV/lib/python3.12/site-packages/airflow/example_dags/example_skip_dag.py
[2026-05-04T00:54:16.291+0300] {logging_mixin.py:190} INFO - [2026-05-04T00:54:16.291+0300] {dag.py:3239} INFO - Sync 1 DAGs
[2026-05-04T00:54:16.304+0300] {logging_mixin.py:190} INFO - [2026-05-04T00:54:16.304+0300] {dag.py:4180} INFO - Setting next_dagrun for example_skip_dag to 2026-05-02 00:00:00+00:00, run_after=2026-05-03 00:00:00+00:00
[2026-05-04T00:54:16.322+0300] {processor.py:208} INFO - Processing /home/nikita/airflow-setup/ENV/lib/python3.12/site-packages/airflow/example_dags/example_skip_dag.py took 0.055 seconds
[2026-05-04T00:55:21.444+0300] {processor.py:186} INFO - Started process (PID=6565) to work on /home/nikita/airflow-setup/ENV/lib/python3.12/site-packages/airflow/example_dags/example_skip_dag.py
[2026-05-04T00:55:21.445+0300] {processor.py:914} INFO - Processing file /home/nikita/airflow-setup/ENV/lib/python3.12/site-packages/airflow/example_dags/example_skip_dag.py for tasks to queue
[2026-05-04T00:55:21.447+0300] {logging_mixin.py:190} INFO - [2026-05-04T00:55:21.447+0300] {dagbag.py:588} INFO - Filling up the DagBag from /home/nikita/airflow-setup/ENV/lib/python3.12/site-packages/airflow/example_dags/example_skip_dag.py
[2026-05-04T00:55:21.453+0300] {processor.py:925} INFO - DAG(s) 'example_skip_dag' retrieved from /home/nikita/airflow-setup/ENV/lib/python3.12/site-packages/airflow/example_dags/example_skip_dag.py
[2026-05-04T00:55:21.469+0300] {logging_mixin.py:190} INFO - [2026-05-04T00:55:21.468+0300] {dag.py:3239} INFO - Sync 1 DAGs
[2026-05-04T00:55:21.485+0300] {logging_mixin.py:190} INFO - [2026-05-04T00:55:21.485+0300] {dag.py:4180} INFO - Setting next_dagrun for example_skip_dag to 2026-05-02 00:00:00+00:00, run_after=2026-05-03 00:00:00+00:00
[2026-05-04T00:55:21.501+0300] {processor.py:208} INFO - Processing /home/nikita/airflow-setup/ENV/lib/python3.12/site-packages/airflow/example_dags/example_skip_dag.py took 0.061 seconds
[2026-05-04T00:56:19.401+0300] {processor.py:186} INFO - Started process (PID=6624) to work on /home/nikita/airflow-setup/ENV/lib/python3.12/site-packages/airflow/example_dags/example_skip_dag.py
[2026-05-04T00:56:19.409+0300] {processor.py:914} INFO - Processing file /home/nikita/airflow-setup/ENV/lib/python3.12/site-packages/airflow/example_dags/example_skip_dag.py for tasks to queue
[2026-05-04T00:56:19.411+0300] {logging_mixin.py:190} INFO - [2026-05-04T00:56:19.411+0300] {dagbag.py:588} INFO - Filling up the DagBag from /home/nikita/airflow-setup/ENV/lib/python3.12/site-packages/airflow/example_dags/example_skip_dag.py
[2026-05-04T00:56:19.418+0300] {processor.py:925} INFO - DAG(s) 'example_skip_dag' retrieved from /home/nikita/airflow-setup/ENV/lib/python3.12/site-packages/airflow/example_dags/example_skip_dag.py
[2026-05-04T00:56:19.433+0300] {logging_mixin.py:190} INFO - [2026-05-04T00:56:19.433+0300] {dag.py:3239} INFO - Sync 1 DAGs
[2026-05-04T00:56:19.452+0300] {logging_mixin.py:190} INFO - [2026-05-04T00:56:19.452+0300] {dag.py:4180} INFO - Setting next_dagrun for example_skip_dag to 2026-05-02 00:00:00+00:00, run_after=2026-05-03 00:00:00+00:00
[2026-05-04T00:56:19.473+0300] {processor.py:208} INFO - Processing /home/nikita/airflow-setup/ENV/lib/python3.12/site-packages/airflow/example_dags/example_skip_dag.py took 0.077 seconds
[2026-05-04T00:57:17.962+0300] {processor.py:186} INFO - Started process (PID=7028) to work on /home/nikita/airflow-setup/ENV/lib/python3.12/site-packages/airflow/example_dags/example_skip_dag.py
[2026-05-04T00:57:17.971+0300] {processor.py:914} INFO - Processing file /home/nikita/airflow-setup/ENV/lib/python3.12/site-packages/airflow/example_dags/example_skip_dag.py for tasks to queue
[2026-05-04T00:57:17.972+0300] {logging_mixin.py:190} INFO - [2026-05-04T00:57:17.972+0300] {dagbag.py:588} INFO - Filling up the DagBag from /home/nikita/airflow-setup/ENV/lib/python3.12/site-packages/airflow/example_dags/example_skip_dag.py
[2026-05-04T00:57:17.979+0300] {processor.py:925} INFO - DAG(s) 'example_skip_dag' retrieved from /home/nikita/airflow-setup/ENV/lib/python3.12/site-packages/airflow/example_dags/example_skip_dag.py
[2026-05-04T00:57:17.991+0300] {logging_mixin.py:190} INFO - [2026-05-04T00:57:17.990+0300] {dag.py:3239} INFO - Sync 1 DAGs
[2026-05-04T00:57:18.006+0300] {logging_mixin.py:190} INFO - [2026-05-04T00:57:18.006+0300] {dag.py:4180} INFO - Setting next_dagrun for example_skip_dag to 2026-05-02 00:00:00+00:00, run_after=2026-05-03 00:00:00+00:00
[2026-05-04T00:57:18.021+0300] {processor.py:208} INFO - Processing /home/nikita/airflow-setup/ENV/lib/python3.12/site-packages/airflow/example_dags/example_skip_dag.py took 0.063 seconds
[2026-05-04T00:58:17.724+0300] {processor.py:186} INFO - Started process (PID=7255) to work on /home/nikita/airflow-setup/ENV/lib/python3.12/site-packages/airflow/example_dags/example_skip_dag.py
[2026-05-04T00:58:17.726+0300] {processor.py:914} INFO - Processing file /home/nikita/airflow-setup/ENV/lib/python3.12/site-packages/airflow/example_dags/example_skip_dag.py for tasks to queue
[2026-05-04T00:58:17.727+0300] {logging_mixin.py:190} INFO - [2026-05-04T00:58:17.727+0300] {dagbag.py:588} INFO - Filling up the DagBag from /home/nikita/airflow-setup/ENV/lib/python3.12/site-packages/airflow/example_dags/example_skip_dag.py
[2026-05-04T00:58:17.733+0300] {processor.py:925} INFO - DAG(s) 'example_skip_dag' retrieved from /home/nikita/airflow-setup/ENV/lib/python3.12/site-packages/airflow/example_dags/example_skip_dag.py
[2026-05-04T00:58:17.745+0300] {logging_mixin.py:190} INFO - [2026-05-04T00:58:17.745+0300] {dag.py:3239} INFO - Sync 1 DAGs
[2026-05-04T00:58:17.759+0300] {logging_mixin.py:190} INFO - [2026-05-04T00:58:17.759+0300] {dag.py:4180} INFO - Setting next_dagrun for example_skip_dag to 2026-05-02 00:00:00+00:00, run_after=2026-05-03 00:00:00+00:00
[2026-05-04T00:58:17.775+0300] {processor.py:208} INFO - Processing /home/nikita/airflow-setup/ENV/lib/python3.12/site-packages/airflow/example_dags/example_skip_dag.py took 0.055 seconds
[2026-05-04T00:59:15.421+0300] {processor.py:186} INFO - Started process (PID=7495) to work on /home/nikita/airflow-setup/ENV/lib/python3.12/site-packages/airflow/example_dags/example_skip_dag.py
[2026-05-04T00:59:15.429+0300] {processor.py:914} INFO - Processing file /home/nikita/airflow-setup/ENV/lib/python3.12/site-packages/airflow/example_dags/example_skip_dag.py for tasks to queue
[2026-05-04T00:59:15.431+0300] {logging_mixin.py:190} INFO - [2026-05-04T00:59:15.431+0300] {dagbag.py:588} INFO - Filling up the DagBag from /home/nikita/airflow-setup/ENV/lib/python3.12/site-packages/airflow/example_dags/example_skip_dag.py
[2026-05-04T00:59:15.439+0300] {processor.py:925} INFO - DAG(s) 'example_skip_dag' retrieved from /home/nikita/airflow-setup/ENV/lib/python3.12/site-packages/airflow/example_dags/example_skip_dag.py
[2026-05-04T00:59:15.454+0300] {logging_mixin.py:190} INFO - [2026-05-04T00:59:15.454+0300] {dag.py:3239} INFO - Sync 1 DAGs
[2026-05-04T00:59:15.472+0300] {logging_mixin.py:190} INFO - [2026-05-04T00:59:15.472+0300] {dag.py:4180} INFO - Setting next_dagrun for example_skip_dag to 2026-05-02 00:00:00+00:00, run_after=2026-05-03 00:00:00+00:00
[2026-05-04T00:59:15.491+0300] {processor.py:208} INFO - Processing /home/nikita/airflow-setup/ENV/lib/python3.12/site-packages/airflow/example_dags/example_skip_dag.py took 0.075 seconds
[2026-05-04T01:00:14.812+0300] {processor.py:186} INFO - Started process (PID=8304) to work on /home/nikita/airflow-setup/ENV/lib/python3.12/site-packages/airflow/example_dags/example_skip_dag.py
[2026-05-04T01:00:14.820+0300] {processor.py:914} INFO - Processing file /home/nikita/airflow-setup/ENV/lib/python3.12/site-packages/airflow/example_dags/example_skip_dag.py for tasks to queue
[2026-05-04T01:00:14.822+0300] {logging_mixin.py:190} INFO - [2026-05-04T01:00:14.822+0300] {dagbag.py:588} INFO - Filling up the DagBag from /home/nikita/airflow-setup/ENV/lib/python3.12/site-packages/airflow/example_dags/example_skip_dag.py
[2026-05-04T01:00:14.828+0300] {processor.py:925} INFO - DAG(s) 'example_skip_dag' retrieved from /home/nikita/airflow-setup/ENV/lib/python3.12/site-packages/airflow/example_dags/example_skip_dag.py
[2026-05-04T01:00:14.841+0300] {logging_mixin.py:190} INFO - [2026-05-04T01:00:14.840+0300] {dag.py:3239} INFO - Sync 1 DAGs
[2026-05-04T01:00:14.855+0300] {logging_mixin.py:190} INFO - [2026-05-04T01:00:14.854+0300] {dag.py:4180} INFO - Setting next_dagrun for example_skip_dag to 2026-05-02 00:00:00+00:00, run_after=2026-05-03 00:00:00+00:00
[2026-05-04T01:00:14.871+0300] {processor.py:208} INFO - Processing /home/nikita/airflow-setup/ENV/lib/python3.12/site-packages/airflow/example_dags/example_skip_dag.py took 0.063 seconds
[2026-05-04T01:01:21.021+0300] {processor.py:186} INFO - Started process (PID=8713) to work on /home/nikita/airflow-setup/ENV/lib/python3.12/site-packages/airflow/example_dags/example_skip_dag.py
[2026-05-04T01:01:21.029+0300] {processor.py:914} INFO - Processing file /home/nikita/airflow-setup/ENV/lib/python3.12/site-packages/airflow/example_dags/example_skip_dag.py for tasks to queue
[2026-05-04T01:01:21.030+0300] {logging_mixin.py:190} INFO - [2026-05-04T01:01:21.030+0300] {dagbag.py:588} INFO - Filling up the DagBag from /home/nikita/airflow-setup/ENV/lib/python3.12/site-packages/airflow/example_dags/example_skip_dag.py
[2026-05-04T01:01:21.037+0300] {processor.py:925} INFO - DAG(s) 'example_skip_dag' retrieved from /home/nikita/airflow-setup/ENV/lib/python3.12/site-packages/airflow/example_dags/example_skip_dag.py
[2026-05-04T01:01:21.049+0300] {logging_mixin.py:190} INFO - [2026-05-04T01:01:21.049+0300] {dag.py:3239} INFO - Sync 1 DAGs
[2026-05-04T01:01:21.063+0300] {logging_mixin.py:190} INFO - [2026-05-04T01:01:21.063+0300] {dag.py:4180} INFO - Setting next_dagrun for example_skip_dag to 2026-05-02 00:00:00+00:00, run_after=2026-05-03 00:00:00+00:00
[2026-05-04T01:01:21.079+0300] {processor.py:208} INFO - Processing /home/nikita/airflow-setup/ENV/lib/python3.12/site-packages/airflow/example_dags/example_skip_dag.py took 0.062 seconds
[2026-05-04T01:02:29.105+0300] {processor.py:186} INFO - Started process (PID=9350) to work on /home/nikita/airflow-setup/ENV/lib/python3.12/site-packages/airflow/example_dags/example_skip_dag.py
[2026-05-04T01:02:29.113+0300] {processor.py:914} INFO - Processing file /home/nikita/airflow-setup/ENV/lib/python3.12/site-packages/airflow/example_dags/example_skip_dag.py for tasks to queue
[2026-05-04T01:02:29.114+0300] {logging_mixin.py:190} INFO - [2026-05-04T01:02:29.114+0300] {dagbag.py:588} INFO - Filling up the DagBag from /home/nikita/airflow-setup/ENV/lib/python3.12/site-packages/airflow/example_dags/example_skip_dag.py
[2026-05-04T01:02:29.121+0300] {processor.py:925} INFO - DAG(s) 'example_skip_dag' retrieved from /home/nikita/airflow-setup/ENV/lib/python3.12/site-packages/airflow/example_dags/example_skip_dag.py
[2026-05-04T01:02:29.136+0300] {logging_mixin.py:190} INFO - [2026-05-04T01:02:29.136+0300] {dag.py:3239} INFO - Sync 1 DAGs
[2026-05-04T01:02:29.150+0300] {logging_mixin.py:190} INFO - [2026-05-04T01:02:29.150+0300] {dag.py:4180} INFO - Setting next_dagrun for example_skip_dag to 2026-05-02 00:00:00+00:00, run_after=2026-05-03 00:00:00+00:00
[2026-05-04T01:02:29.166+0300] {processor.py:208} INFO - Processing /home/nikita/airflow-setup/ENV/lib/python3.12/site-packages/airflow/example_dags/example_skip_dag.py took 0.065 seconds
[2026-05-04T01:03:32.585+0300] {processor.py:186} INFO - Started process (PID=9724) to work on /home/nikita/airflow-setup/ENV/lib/python3.12/site-packages/airflow/example_dags/example_skip_dag.py
[2026-05-04T01:03:32.594+0300] {processor.py:914} INFO - Processing file /home/nikita/airflow-setup/ENV/lib/python3.12/site-packages/airflow/example_dags/example_skip_dag.py for tasks to queue
[2026-05-04T01:03:32.594+0300] {logging_mixin.py:190} INFO - [2026-05-04T01:03:32.594+0300] {dagbag.py:588} INFO - Filling up the DagBag from /home/nikita/airflow-setup/ENV/lib/python3.12/site-packages/airflow/example_dags/example_skip_dag.py
[2026-05-04T01:03:32.601+0300] {processor.py:925} INFO - DAG(s) 'example_skip_dag' retrieved from /home/nikita/airflow-setup/ENV/lib/python3.12/site-packages/airflow/example_dags/example_skip_dag.py
[2026-05-04T01:03:32.612+0300] {logging_mixin.py:190} INFO - [2026-05-04T01:03:32.612+0300] {dag.py:3239} INFO - Sync 1 DAGs
[2026-05-04T01:03:32.627+0300] {logging_mixin.py:190} INFO - [2026-05-04T01:03:32.627+0300] {dag.py:4180} INFO - Setting next_dagrun for example_skip_dag to 2026-05-02 00:00:00+00:00, run_after=2026-05-03 00:00:00+00:00
[2026-05-04T01:03:32.644+0300] {processor.py:208} INFO - Processing /home/nikita/airflow-setup/ENV/lib/python3.12/site-packages/airflow/example_dags/example_skip_dag.py took 0.063 seconds
[2026-05-04T01:04:35.599+0300] {processor.py:186} INFO - Started process (PID=9995) to work on /home/nikita/airflow-setup/ENV/lib/python3.12/site-packages/airflow/example_dags/example_skip_dag.py
[2026-05-04T01:04:35.609+0300] {processor.py:914} INFO - Processing file /home/nikita/airflow-setup/ENV/lib/python3.12/site-packages/airflow/example_dags/example_skip_dag.py for tasks to queue
[2026-05-04T01:04:35.610+0300] {logging_mixin.py:190} INFO - [2026-05-04T01:04:35.609+0300] {dagbag.py:588} INFO - Filling up the DagBag from /home/nikita/airflow-setup/ENV/lib/python3.12/site-packages/airflow/example_dags/example_skip_dag.py
[2026-05-04T01:04:35.616+0300] {processor.py:925} INFO - DAG(s) 'example_skip_dag' retrieved from /home/nikita/airflow-setup/ENV/lib/python3.12/site-packages/airflow/example_dags/example_skip_dag.py
[2026-05-04T01:04:35.631+0300] {logging_mixin.py:190} INFO - [2026-05-04T01:04:35.630+0300] {dag.py:3239} INFO - Sync 1 DAGs
[2026-05-04T01:04:35.647+0300] {logging_mixin.py:190} INFO - [2026-05-04T01:04:35.647+0300] {dag.py:4180} INFO - Setting next_dagrun for example_skip_dag to 2026-05-02 00:00:00+00:00, run_after=2026-05-03 00:00:00+00:00
[2026-05-04T01:04:35.670+0300] {processor.py:208} INFO - Processing /home/nikita/airflow-setup/ENV/lib/python3.12/site-packages/airflow/example_dags/example_skip_dag.py took 0.075 seconds
[2026-05-04T01:05:44.657+0300] {processor.py:186} INFO - Started process (PID=10255) to work on /home/nikita/airflow-setup/ENV/lib/python3.12/site-packages/airflow/example_dags/example_skip_dag.py
[2026-05-04T01:05:44.658+0300] {processor.py:914} INFO - Processing file /home/nikita/airflow-setup/ENV/lib/python3.12/site-packages/airflow/example_dags/example_skip_dag.py for tasks to queue
[2026-05-04T01:05:44.659+0300] {logging_mixin.py:190} INFO - [2026-05-04T01:05:44.659+0300] {dagbag.py:588} INFO - Filling up the DagBag from /home/nikita/airflow-setup/ENV/lib/python3.12/site-packages/airflow/example_dags/example_skip_dag.py
[2026-05-04T01:05:44.666+0300] {processor.py:925} INFO - DAG(s) 'example_skip_dag' retrieved from /home/nikita/airflow-setup/ENV/lib/python3.12/site-packages/airflow/example_dags/example_skip_dag.py
[2026-05-04T01:05:44.680+0300] {logging_mixin.py:190} INFO - [2026-05-04T01:05:44.680+0300] {dag.py:3239} INFO - Sync 1 DAGs
[2026-05-04T01:05:44.701+0300] {logging_mixin.py:190} INFO - [2026-05-04T01:05:44.700+0300] {dag.py:4180} INFO - Setting next_dagrun for example_skip_dag to 2026-05-02 00:00:00+00:00, run_after=2026-05-03 00:00:00+00:00
[2026-05-04T01:05:44.727+0300] {processor.py:208} INFO - Processing /home/nikita/airflow-setup/ENV/lib/python3.12/site-packages/airflow/example_dags/example_skip_dag.py took 0.074 seconds
[2026-05-04T01:06:48.720+0300] {processor.py:186} INFO - Started process (PID=10524) to work on /home/nikita/airflow-setup/ENV/lib/python3.12/site-packages/airflow/example_dags/example_skip_dag.py
[2026-05-04T01:06:48.731+0300] {processor.py:914} INFO - Processing file /home/nikita/airflow-setup/ENV/lib/python3.12/site-packages/airflow/example_dags/example_skip_dag.py for tasks to queue
[2026-05-04T01:06:48.732+0300] {logging_mixin.py:190} INFO - [2026-05-04T01:06:48.732+0300] {dagbag.py:588} INFO - Filling up the DagBag from /home/nikita/airflow-setup/ENV/lib/python3.12/site-packages/airflow/example_dags/example_skip_dag.py
[2026-05-04T01:06:48.741+0300] {processor.py:925} INFO - DAG(s) 'example_skip_dag' retrieved from /home/nikita/airflow-setup/ENV/lib/python3.12/site-packages/airflow/example_dags/example_skip_dag.py
[2026-05-04T01:06:48.755+0300] {logging_mixin.py:190} INFO - [2026-05-04T01:06:48.755+0300] {dag.py:3239} INFO - Sync 1 DAGs
[2026-05-04T01:06:48.774+0300] {logging_mixin.py:190} INFO - [2026-05-04T01:06:48.773+0300] {dag.py:4180} INFO - Setting next_dagrun for example_skip_dag to 2026-05-02 00:00:00+00:00, run_after=2026-05-03 00:00:00+00:00
[2026-05-04T01:06:48.805+0300] {processor.py:208} INFO - Processing /home/nikita/airflow-setup/ENV/lib/python3.12/site-packages/airflow/example_dags/example_skip_dag.py took 0.092 seconds
[2026-05-04T01:07:56.575+0300] {processor.py:186} INFO - Started process (PID=10782) to work on /home/nikita/airflow-setup/ENV/lib/python3.12/site-packages/airflow/example_dags/example_skip_dag.py
[2026-05-04T01:07:56.577+0300] {processor.py:914} INFO - Processing file /home/nikita/airflow-setup/ENV/lib/python3.12/site-packages/airflow/example_dags/example_skip_dag.py for tasks to queue
[2026-05-04T01:07:56.578+0300] {logging_mixin.py:190} INFO - [2026-05-04T01:07:56.577+0300] {dagbag.py:588} INFO - Filling up the DagBag from /home/nikita/airflow-setup/ENV/lib/python3.12/site-packages/airflow/example_dags/example_skip_dag.py
[2026-05-04T01:07:56.585+0300] {processor.py:925} INFO - DAG(s) 'example_skip_dag' retrieved from /home/nikita/airflow-setup/ENV/lib/python3.12/site-packages/airflow/example_dags/example_skip_dag.py
[2026-05-04T01:07:56.599+0300] {logging_mixin.py:190} INFO - [2026-05-04T01:07:56.599+0300] {dag.py:3239} INFO - Sync 1 DAGs
[2026-05-04T01:07:56.616+0300] {logging_mixin.py:190} INFO - [2026-05-04T01:07:56.616+0300] {dag.py:4180} INFO - Setting next_dagrun for example_skip_dag to 2026-05-02 00:00:00+00:00, run_after=2026-05-03 00:00:00+00:00
[2026-05-04T01:07:56.634+0300] {processor.py:208} INFO - Processing /home/nikita/airflow-setup/ENV/lib/python3.12/site-packages/airflow/example_dags/example_skip_dag.py took 0.064 seconds
[2026-05-04T01:09:02.480+0300] {processor.py:186} INFO - Started process (PID=11905) to work on /home/nikita/airflow-setup/ENV/lib/python3.12/site-packages/airflow/example_dags/example_skip_dag.py
[2026-05-04T01:09:02.484+0300] {processor.py:914} INFO - Processing file /home/nikita/airflow-setup/ENV/lib/python3.12/site-packages/airflow/example_dags/example_skip_dag.py for tasks to queue
[2026-05-04T01:09:02.485+0300] {logging_mixin.py:190} INFO - [2026-05-04T01:09:02.485+0300] {dagbag.py:588} INFO - Filling up the DagBag from /home/nikita/airflow-setup/ENV/lib/python3.12/site-packages/airflow/example_dags/example_skip_dag.py
[2026-05-04T01:09:02.499+0300] {processor.py:925} INFO - DAG(s) 'example_skip_dag' retrieved from /home/nikita/airflow-setup/ENV/lib/python3.12/site-packages/airflow/example_dags/example_skip_dag.py
[2026-05-04T01:09:02.523+0300] {logging_mixin.py:190} INFO - [2026-05-04T01:09:02.523+0300] {dag.py:3239} INFO - Sync 1 DAGs
[2026-05-04T01:09:02.543+0300] {logging_mixin.py:190} INFO - [2026-05-04T01:09:02.542+0300] {dag.py:4180} INFO - Setting next_dagrun for example_skip_dag to 2026-05-02 00:00:00+00:00, run_after=2026-05-03 00:00:00+00:00
[2026-05-04T01:09:02.569+0300] {processor.py:208} INFO - Processing /home/nikita/airflow-setup/ENV/lib/python3.12/site-packages/airflow/example_dags/example_skip_dag.py took 0.099 seconds
[2026-05-04T01:10:12.502+0300] {processor.py:186} INFO - Started process (PID=12243) to work on /home/nikita/airflow-setup/ENV/lib/python3.12/site-packages/airflow/example_dags/example_skip_dag.py
[2026-05-04T01:10:12.511+0300] {processor.py:914} INFO - Processing file /home/nikita/airflow-setup/ENV/lib/python3.12/site-packages/airflow/example_dags/example_skip_dag.py for tasks to queue
[2026-05-04T01:10:12.512+0300] {logging_mixin.py:190} INFO - [2026-05-04T01:10:12.512+0300] {dagbag.py:588} INFO - Filling up the DagBag from /home/nikita/airflow-setup/ENV/lib/python3.12/site-packages/airflow/example_dags/example_skip_dag.py
[2026-05-04T01:10:12.519+0300] {processor.py:925} INFO - DAG(s) 'example_skip_dag' retrieved from /home/nikita/airflow-setup/ENV/lib/python3.12/site-packages/airflow/example_dags/example_skip_dag.py
[2026-05-04T01:10:12.533+0300] {logging_mixin.py:190} INFO - [2026-05-04T01:10:12.532+0300] {dag.py:3239} INFO - Sync 1 DAGs
[2026-05-04T01:10:12.549+0300] {logging_mixin.py:190} INFO - [2026-05-04T01:10:12.549+0300] {dag.py:4180} INFO - Setting next_dagrun for example_skip_dag to 2026-05-02 00:00:00+00:00, run_after=2026-05-03 00:00:00+00:00
[2026-05-04T01:10:12.566+0300] {processor.py:208} INFO - Processing /home/nikita/airflow-setup/ENV/lib/python3.12/site-packages/airflow/example_dags/example_skip_dag.py took 0.069 seconds
[2026-05-04T01:11:22.406+0300] {processor.py:186} INFO - Started process (PID=12508) to work on /home/nikita/airflow-setup/ENV/lib/python3.12/site-packages/airflow/example_dags/example_skip_dag.py
[2026-05-04T01:11:22.416+0300] {processor.py:914} INFO - Processing file /home/nikita/airflow-setup/ENV/lib/python3.12/site-packages/airflow/example_dags/example_skip_dag.py for tasks to queue
[2026-05-04T01:11:22.417+0300] {logging_mixin.py:190} INFO - [2026-05-04T01:11:22.417+0300] {dagbag.py:588} INFO - Filling up the DagBag from /home/nikita/airflow-setup/ENV/lib/python3.12/site-packages/airflow/example_dags/example_skip_dag.py
[2026-05-04T01:11:22.424+0300] {processor.py:925} INFO - DAG(s) 'example_skip_dag' retrieved from /home/nikita/airflow-setup/ENV/lib/python3.12/site-packages/airflow/example_dags/example_skip_dag.py
[2026-05-04T01:11:22.436+0300] {logging_mixin.py:190} INFO - [2026-05-04T01:11:22.435+0300] {dag.py:3239} INFO - Sync 1 DAGs
[2026-05-04T01:11:22.449+0300] {logging_mixin.py:190} INFO - [2026-05-04T01:11:22.449+0300] {dag.py:4180} INFO - Setting next_dagrun for example_skip_dag to 2026-05-02 00:00:00+00:00, run_after=2026-05-03 00:00:00+00:00
[2026-05-04T01:11:22.466+0300] {processor.py:208} INFO - Processing /home/nikita/airflow-setup/ENV/lib/python3.12/site-packages/airflow/example_dags/example_skip_dag.py took 0.064 seconds
[2026-05-04T01:12:22.891+0300] {processor.py:186} INFO - Started process (PID=12739) to work on /home/nikita/airflow-setup/ENV/lib/python3.12/site-packages/airflow/example_dags/example_skip_dag.py
[2026-05-04T01:12:22.901+0300] {processor.py:914} INFO - Processing file /home/nikita/airflow-setup/ENV/lib/python3.12/site-packages/airflow/example_dags/example_skip_dag.py for tasks to queue
[2026-05-04T01:12:22.903+0300] {logging_mixin.py:190} INFO - [2026-05-04T01:12:22.902+0300] {dagbag.py:588} INFO - Filling up the DagBag from /home/nikita/airflow-setup/ENV/lib/python3.12/site-packages/airflow/example_dags/example_skip_dag.py
[2026-05-04T01:12:22.911+0300] {processor.py:925} INFO - DAG(s) 'example_skip_dag' retrieved from /home/nikita/airflow-setup/ENV/lib/python3.12/site-packages/airflow/example_dags/example_skip_dag.py
[2026-05-04T01:12:22.926+0300] {logging_mixin.py:190} INFO - [2026-05-04T01:12:22.926+0300] {dag.py:3239} INFO - Sync 1 DAGs
[2026-05-04T01:12:22.944+0300] {logging_mixin.py:190} INFO - [2026-05-04T01:12:22.944+0300] {dag.py:4180} INFO - Setting next_dagrun for example_skip_dag to 2026-05-02 00:00:00+00:00, run_after=2026-05-03 00:00:00+00:00
[2026-05-04T01:12:22.966+0300] {processor.py:208} INFO - Processing /home/nikita/airflow-setup/ENV/lib/python3.12/site-packages/airflow/example_dags/example_skip_dag.py took 0.081 seconds
[2026-05-04T01:13:22.276+0300] {processor.py:186} INFO - Started process (PID=13136) to work on /home/nikita/airflow-setup/ENV/lib/python3.12/site-packages/airflow/example_dags/example_skip_dag.py
[2026-05-04T01:13:22.277+0300] {processor.py:914} INFO - Processing file /home/nikita/airflow-setup/ENV/lib/python3.12/site-packages/airflow/example_dags/example_skip_dag.py for tasks to queue
[2026-05-04T01:13:22.278+0300] {logging_mixin.py:190} INFO - [2026-05-04T01:13:22.278+0300] {dagbag.py:588} INFO - Filling up the DagBag from /home/nikita/airflow-setup/ENV/lib/python3.12/site-packages/airflow/example_dags/example_skip_dag.py
[2026-05-04T01:13:22.286+0300] {processor.py:925} INFO - DAG(s) 'example_skip_dag' retrieved from /home/nikita/airflow-setup/ENV/lib/python3.12/site-packages/airflow/example_dags/example_skip_dag.py
[2026-05-04T01:13:22.299+0300] {logging_mixin.py:190} INFO - [2026-05-04T01:13:22.299+0300] {dag.py:3239} INFO - Sync 1 DAGs
[2026-05-04T01:13:22.314+0300] {logging_mixin.py:190} INFO - [2026-05-04T01:13:22.313+0300] {dag.py:4180} INFO - Setting next_dagrun for example_skip_dag to 2026-05-02 00:00:00+00:00, run_after=2026-05-03 00:00:00+00:00
[2026-05-04T01:13:22.334+0300] {processor.py:208} INFO - Processing /home/nikita/airflow-setup/ENV/lib/python3.12/site-packages/airflow/example_dags/example_skip_dag.py took 0.063 seconds
[2026-05-04T01:14:27.907+0300] {processor.py:186} INFO - Started process (PID=14286) to work on /home/nikita/airflow-setup/ENV/lib/python3.12/site-packages/airflow/example_dags/example_skip_dag.py
[2026-05-04T01:14:27.909+0300] {processor.py:914} INFO - Processing file /home/nikita/airflow-setup/ENV/lib/python3.12/site-packages/airflow/example_dags/example_skip_dag.py for tasks to queue
[2026-05-04T01:14:27.910+0300] {logging_mixin.py:190} INFO - [2026-05-04T01:14:27.910+0300] {dagbag.py:588} INFO - Filling up the DagBag from /home/nikita/airflow-setup/ENV/lib/python3.12/site-packages/airflow/example_dags/example_skip_dag.py
[2026-05-04T01:14:27.920+0300] {processor.py:925} INFO - DAG(s) 'example_skip_dag' retrieved from /home/nikita/airflow-setup/ENV/lib/python3.12/site-packages/airflow/example_dags/example_skip_dag.py
[2026-05-04T01:14:27.938+0300] {logging_mixin.py:190} INFO - [2026-05-04T01:14:27.938+0300] {dag.py:3239} INFO - Sync 1 DAGs
[2026-05-04T01:14:27.957+0300] {logging_mixin.py:190} INFO - [2026-05-04T01:14:27.957+0300] {dag.py:4180} INFO - Setting next_dagrun for example_skip_dag to 2026-05-02 00:00:00+00:00, run_after=2026-05-03 00:00:00+00:00
[2026-05-04T01:14:27.980+0300] {processor.py:208} INFO - Processing /home/nikita/airflow-setup/ENV/lib/python3.12/site-packages/airflow/example_dags/example_skip_dag.py took 0.079 seconds
[2026-05-04T01:15:38.085+0300] {processor.py:186} INFO - Started process (PID=14545) to work on /home/nikita/airflow-setup/ENV/lib/python3.12/site-packages/airflow/example_dags/example_skip_dag.py
[2026-05-04T01:15:38.086+0300] {processor.py:914} INFO - Processing file /home/nikita/airflow-setup/ENV/lib/python3.12/site-packages/airflow/example_dags/example_skip_dag.py for tasks to queue
[2026-05-04T01:15:38.087+0300] {logging_mixin.py:190} INFO - [2026-05-04T01:15:38.087+0300] {dagbag.py:588} INFO - Filling up the DagBag from /home/nikita/airflow-setup/ENV/lib/python3.12/site-packages/airflow/example_dags/example_skip_dag.py
[2026-05-04T01:15:38.094+0300] {processor.py:925} INFO - DAG(s) 'example_skip_dag' retrieved from /home/nikita/airflow-setup/ENV/lib/python3.12/site-packages/airflow/example_dags/example_skip_dag.py
[2026-05-04T01:15:38.105+0300] {logging_mixin.py:190} INFO - [2026-05-04T01:15:38.105+0300] {dag.py:3239} INFO - Sync 1 DAGs
[2026-05-04T01:15:38.119+0300] {logging_mixin.py:190} INFO - [2026-05-04T01:15:38.118+0300] {dag.py:4180} INFO - Setting next_dagrun for example_skip_dag to 2026-05-02 00:00:00+00:00, run_after=2026-05-03 00:00:00+00:00
[2026-05-04T01:15:38.134+0300] {processor.py:208} INFO - Processing /home/nikita/airflow-setup/ENV/lib/python3.12/site-packages/airflow/example_dags/example_skip_dag.py took 0.053 seconds
[2026-05-04T01:16:46.305+0300] {processor.py:186} INFO - Started process (PID=15761) to work on /home/nikita/airflow-setup/ENV/lib/python3.12/site-packages/airflow/example_dags/example_skip_dag.py
[2026-05-04T01:16:46.315+0300] {processor.py:914} INFO - Processing file /home/nikita/airflow-setup/ENV/lib/python3.12/site-packages/airflow/example_dags/example_skip_dag.py for tasks to queue
[2026-05-04T01:16:46.316+0300] {logging_mixin.py:190} INFO - [2026-05-04T01:16:46.316+0300] {dagbag.py:588} INFO - Filling up the DagBag from /home/nikita/airflow-setup/ENV/lib/python3.12/site-packages/airflow/example_dags/example_skip_dag.py
[2026-05-04T01:16:46.323+0300] {processor.py:925} INFO - DAG(s) 'example_skip_dag' retrieved from /home/nikita/airflow-setup/ENV/lib/python3.12/site-packages/airflow/example_dags/example_skip_dag.py
[2026-05-04T01:16:46.334+0300] {logging_mixin.py:190} INFO - [2026-05-04T01:16:46.334+0300] {dag.py:3239} INFO - Sync 1 DAGs
[2026-05-04T01:16:46.347+0300] {logging_mixin.py:190} INFO - [2026-05-04T01:16:46.347+0300] {dag.py:4180} INFO - Setting next_dagrun for example_skip_dag to 2026-05-02 00:00:00+00:00, run_after=2026-05-03 00:00:00+00:00
[2026-05-04T01:16:46.362+0300] {processor.py:208} INFO - Processing /home/nikita/airflow-setup/ENV/lib/python3.12/site-packages/airflow/example_dags/example_skip_dag.py took 0.062 seconds
[2026-05-04T01:17:54.621+0300] {processor.py:186} INFO - Started process (PID=16021) to work on /home/nikita/airflow-setup/ENV/lib/python3.12/site-packages/airflow/example_dags/example_skip_dag.py
[2026-05-04T01:17:54.623+0300] {processor.py:914} INFO - Processing file /home/nikita/airflow-setup/ENV/lib/python3.12/site-packages/airflow/example_dags/example_skip_dag.py for tasks to queue
[2026-05-04T01:17:54.624+0300] {logging_mixin.py:190} INFO - [2026-05-04T01:17:54.623+0300] {dagbag.py:588} INFO - Filling up the DagBag from /home/nikita/airflow-setup/ENV/lib/python3.12/site-packages/airflow/example_dags/example_skip_dag.py
[2026-05-04T01:17:54.633+0300] {processor.py:925} INFO - DAG(s) 'example_skip_dag' retrieved from /home/nikita/airflow-setup/ENV/lib/python3.12/site-packages/airflow/example_dags/example_skip_dag.py
[2026-05-04T01:17:54.648+0300] {logging_mixin.py:190} INFO - [2026-05-04T01:17:54.648+0300] {dag.py:3239} INFO - Sync 1 DAGs
[2026-05-04T01:17:54.664+0300] {logging_mixin.py:190} INFO - [2026-05-04T01:17:54.664+0300] {dag.py:4180} INFO - Setting next_dagrun for example_skip_dag to 2026-05-02 00:00:00+00:00, run_after=2026-05-03 00:00:00+00:00
[2026-05-04T01:17:54.682+0300] {processor.py:208} INFO - Processing /home/nikita/airflow-setup/ENV/lib/python3.12/site-packages/airflow/example_dags/example_skip_dag.py took 0.067 seconds
[2026-05-04T01:19:02.479+0300] {processor.py:186} INFO - Started process (PID=16279) to work on /home/nikita/airflow-setup/ENV/lib/python3.12/site-packages/airflow/example_dags/example_skip_dag.py
[2026-05-04T01:19:02.487+0300] {processor.py:914} INFO - Processing file /home/nikita/airflow-setup/ENV/lib/python3.12/site-packages/airflow/example_dags/example_skip_dag.py for tasks to queue
[2026-05-04T01:19:02.489+0300] {logging_mixin.py:190} INFO - [2026-05-04T01:19:02.488+0300] {dagbag.py:588} INFO - Filling up the DagBag from /home/nikita/airflow-setup/ENV/lib/python3.12/site-packages/airflow/example_dags/example_skip_dag.py
[2026-05-04T01:19:02.495+0300] {processor.py:925} INFO - DAG(s) 'example_skip_dag' retrieved from /home/nikita/airflow-setup/ENV/lib/python3.12/site-packages/airflow/example_dags/example_skip_dag.py
[2026-05-04T01:19:02.507+0300] {logging_mixin.py:190} INFO - [2026-05-04T01:19:02.507+0300] {dag.py:3239} INFO - Sync 1 DAGs
[2026-05-04T01:19:02.520+0300] {logging_mixin.py:190} INFO - [2026-05-04T01:19:02.520+0300] {dag.py:4180} INFO - Setting next_dagrun for example_skip_dag to 2026-05-02 00:00:00+00:00, run_after=2026-05-03 00:00:00+00:00
[2026-05-04T01:19:02.536+0300] {processor.py:208} INFO - Processing /home/nikita/airflow-setup/ENV/lib/python3.12/site-packages/airflow/example_dags/example_skip_dag.py took 0.061 seconds
[2026-05-04T01:20:05.883+0300] {processor.py:186} INFO - Started process (PID=16535) to work on /home/nikita/airflow-setup/ENV/lib/python3.12/site-packages/airflow/example_dags/example_skip_dag.py
[2026-05-04T01:20:05.886+0300] {processor.py:914} INFO - Processing file /home/nikita/airflow-setup/ENV/lib/python3.12/site-packages/airflow/example_dags/example_skip_dag.py for tasks to queue
[2026-05-04T01:20:05.887+0300] {logging_mixin.py:190} INFO - [2026-05-04T01:20:05.887+0300] {dagbag.py:588} INFO - Filling up the DagBag from /home/nikita/airflow-setup/ENV/lib/python3.12/site-packages/airflow/example_dags/example_skip_dag.py
[2026-05-04T01:20:05.895+0300] {processor.py:925} INFO - DAG(s) 'example_skip_dag' retrieved from /home/nikita/airflow-setup/ENV/lib/python3.12/site-packages/airflow/example_dags/example_skip_dag.py
[2026-05-04T01:20:05.909+0300] {logging_mixin.py:190} INFO - [2026-05-04T01:20:05.909+0300] {dag.py:3239} INFO - Sync 1 DAGs
[2026-05-04T01:20:05.924+0300] {logging_mixin.py:190} INFO - [2026-05-04T01:20:05.924+0300] {dag.py:4180} INFO - Setting next_dagrun for example_skip_dag to 2026-05-02 00:00:00+00:00, run_after=2026-05-03 00:00:00+00:00
[2026-05-04T01:20:05.942+0300] {processor.py:208} INFO - Processing /home/nikita/airflow-setup/ENV/lib/python3.12/site-packages/airflow/example_dags/example_skip_dag.py took 0.062 seconds
[2026-05-04T01:21:13.712+0300] {processor.py:186} INFO - Started process (PID=16795) to work on /home/nikita/airflow-setup/ENV/lib/python3.12/site-packages/airflow/example_dags/example_skip_dag.py
[2026-05-04T01:21:13.722+0300] {processor.py:914} INFO - Processing file /home/nikita/airflow-setup/ENV/lib/python3.12/site-packages/airflow/example_dags/example_skip_dag.py for tasks to queue
[2026-05-04T01:21:13.723+0300] {logging_mixin.py:190} INFO - [2026-05-04T01:21:13.723+0300] {dagbag.py:588} INFO - Filling up the DagBag from /home/nikita/airflow-setup/ENV/lib/python3.12/site-packages/airflow/example_dags/example_skip_dag.py
[2026-05-04T01:21:13.731+0300] {processor.py:925} INFO - DAG(s) 'example_skip_dag' retrieved from /home/nikita/airflow-setup/ENV/lib/python3.12/site-packages/airflow/example_dags/example_skip_dag.py
[2026-05-04T01:21:13.744+0300] {logging_mixin.py:190} INFO - [2026-05-04T01:21:13.744+0300] {dag.py:3239} INFO - Sync 1 DAGs
[2026-05-04T01:21:13.760+0300] {logging_mixin.py:190} INFO - [2026-05-04T01:21:13.759+0300] {dag.py:4180} INFO - Setting next_dagrun for example_skip_dag to 2026-05-02 00:00:00+00:00, run_after=2026-05-03 00:00:00+00:00
[2026-05-04T01:21:13.779+0300] {processor.py:208} INFO - Processing /home/nikita/airflow-setup/ENV/lib/python3.12/site-packages/airflow/example_dags/example_skip_dag.py took 0.071 seconds
[2026-05-04T01:22:24.493+0300] {processor.py:186} INFO - Started process (PID=17061) to work on /home/nikita/airflow-setup/ENV/lib/python3.12/site-packages/airflow/example_dags/example_skip_dag.py
[2026-05-04T01:22:24.502+0300] {processor.py:914} INFO - Processing file /home/nikita/airflow-setup/ENV/lib/python3.12/site-packages/airflow/example_dags/example_skip_dag.py for tasks to queue
[2026-05-04T01:22:24.503+0300] {logging_mixin.py:190} INFO - [2026-05-04T01:22:24.503+0300] {dagbag.py:588} INFO - Filling up the DagBag from /home/nikita/airflow-setup/ENV/lib/python3.12/site-packages/airflow/example_dags/example_skip_dag.py
[2026-05-04T01:22:24.510+0300] {processor.py:925} INFO - DAG(s) 'example_skip_dag' retrieved from /home/nikita/airflow-setup/ENV/lib/python3.12/site-packages/airflow/example_dags/example_skip_dag.py
[2026-05-04T01:22:24.522+0300] {logging_mixin.py:190} INFO - [2026-05-04T01:22:24.522+0300] {dag.py:3239} INFO - Sync 1 DAGs
[2026-05-04T01:22:24.534+0300] {logging_mixin.py:190} INFO - [2026-05-04T01:22:24.534+0300] {dag.py:4180} INFO - Setting next_dagrun for example_skip_dag to 2026-05-02 00:00:00+00:00, run_after=2026-05-03 00:00:00+00:00
[2026-05-04T01:22:24.551+0300] {processor.py:208} INFO - Processing /home/nikita/airflow-setup/ENV/lib/python3.12/site-packages/airflow/example_dags/example_skip_dag.py took 0.063 seconds
[2026-05-04T01:23:33.255+0300] {processor.py:186} INFO - Started process (PID=17319) to work on /home/nikita/airflow-setup/ENV/lib/python3.12/site-packages/airflow/example_dags/example_skip_dag.py
[2026-05-04T01:23:33.257+0300] {processor.py:914} INFO - Processing file /home/nikita/airflow-setup/ENV/lib/python3.12/site-packages/airflow/example_dags/example_skip_dag.py for tasks to queue
[2026-05-04T01:23:33.258+0300] {logging_mixin.py:190} INFO - [2026-05-04T01:23:33.257+0300] {dagbag.py:588} INFO - Filling up the DagBag from /home/nikita/airflow-setup/ENV/lib/python3.12/site-packages/airflow/example_dags/example_skip_dag.py
[2026-05-04T01:23:33.265+0300] {processor.py:925} INFO - DAG(s) 'example_skip_dag' retrieved from /home/nikita/airflow-setup/ENV/lib/python3.12/site-packages/airflow/example_dags/example_skip_dag.py
[2026-05-04T01:23:33.279+0300] {logging_mixin.py:190} INFO - [2026-05-04T01:23:33.279+0300] {dag.py:3239} INFO - Sync 1 DAGs
[2026-05-04T01:23:33.294+0300] {logging_mixin.py:190} INFO - [2026-05-04T01:23:33.293+0300] {dag.py:4180} INFO - Setting next_dagrun for example_skip_dag to 2026-05-02 00:00:00+00:00, run_after=2026-05-03 00:00:00+00:00
[2026-05-04T01:23:33.311+0300] {processor.py:208} INFO - Processing /home/nikita/airflow-setup/ENV/lib/python3.12/site-packages/airflow/example_dags/example_skip_dag.py took 0.062 seconds
[2026-05-04T01:24:39.725+0300] {processor.py:186} INFO - Started process (PID=17884) to work on /home/nikita/airflow-setup/ENV/lib/python3.12/site-packages/airflow/example_dags/example_skip_dag.py
[2026-05-04T01:24:39.735+0300] {processor.py:914} INFO - Processing file /home/nikita/airflow-setup/ENV/lib/python3.12/site-packages/airflow/example_dags/example_skip_dag.py for tasks to queue
[2026-05-04T01:24:39.736+0300] {logging_mixin.py:190} INFO - [2026-05-04T01:24:39.736+0300] {dagbag.py:588} INFO - Filling up the DagBag from /home/nikita/airflow-setup/ENV/lib/python3.12/site-packages/airflow/example_dags/example_skip_dag.py
[2026-05-04T01:24:39.743+0300] {processor.py:925} INFO - DAG(s) 'example_skip_dag' retrieved from /home/nikita/airflow-setup/ENV/lib/python3.12/site-packages/airflow/example_dags/example_skip_dag.py
[2026-05-04T01:24:39.754+0300] {logging_mixin.py:190} INFO - [2026-05-04T01:24:39.754+0300] {dag.py:3239} INFO - Sync 1 DAGs
[2026-05-04T01:24:39.768+0300] {logging_mixin.py:190} INFO - [2026-05-04T01:24:39.768+0300] {dag.py:4180} INFO - Setting next_dagrun for example_skip_dag to 2026-05-02 00:00:00+00:00, run_after=2026-05-03 00:00:00+00:00
[2026-05-04T01:24:39.890+0300] {processor.py:208} INFO - Processing /home/nikita/airflow-setup/ENV/lib/python3.12/site-packages/airflow/example_dags/example_skip_dag.py took 0.169 seconds
[2026-05-04T01:25:49.969+0300] {processor.py:186} INFO - Started process (PID=18500) to work on /home/nikita/airflow-setup/ENV/lib/python3.12/site-packages/airflow/example_dags/example_skip_dag.py
[2026-05-04T01:25:49.971+0300] {processor.py:914} INFO - Processing file /home/nikita/airflow-setup/ENV/lib/python3.12/site-packages/airflow/example_dags/example_skip_dag.py for tasks to queue
[2026-05-04T01:25:49.972+0300] {logging_mixin.py:190} INFO - [2026-05-04T01:25:49.971+0300] {dagbag.py:588} INFO - Filling up the DagBag from /home/nikita/airflow-setup/ENV/lib/python3.12/site-packages/airflow/example_dags/example_skip_dag.py
[2026-05-04T01:25:49.978+0300] {processor.py:925} INFO - DAG(s) 'example_skip_dag' retrieved from /home/nikita/airflow-setup/ENV/lib/python3.12/site-packages/airflow/example_dags/example_skip_dag.py
[2026-05-04T01:25:49.990+0300] {logging_mixin.py:190} INFO - [2026-05-04T01:25:49.989+0300] {dag.py:3239} INFO - Sync 1 DAGs
[2026-05-04T01:25:50.002+0300] {logging_mixin.py:190} INFO - [2026-05-04T01:25:50.002+0300] {dag.py:4180} INFO - Setting next_dagrun for example_skip_dag to 2026-05-02 00:00:00+00:00, run_after=2026-05-03 00:00:00+00:00
[2026-05-04T01:25:50.018+0300] {processor.py:208} INFO - Processing /home/nikita/airflow-setup/ENV/lib/python3.12/site-packages/airflow/example_dags/example_skip_dag.py took 0.053 seconds
[2026-05-04T01:27:01.733+0300] {processor.py:186} INFO - Started process (PID=19448) to work on /home/nikita/airflow-setup/ENV/lib/python3.12/site-packages/airflow/example_dags/example_skip_dag.py
[2026-05-04T01:27:01.737+0300] {processor.py:914} INFO - Processing file /home/nikita/airflow-setup/ENV/lib/python3.12/site-packages/airflow/example_dags/example_skip_dag.py for tasks to queue
[2026-05-04T01:27:01.741+0300] {logging_mixin.py:190} INFO - [2026-05-04T01:27:01.740+0300] {dagbag.py:588} INFO - Filling up the DagBag from /home/nikita/airflow-setup/ENV/lib/python3.12/site-packages/airflow/example_dags/example_skip_dag.py
[2026-05-04T01:27:01.766+0300] {processor.py:925} INFO - DAG(s) 'example_skip_dag' retrieved from /home/nikita/airflow-setup/ENV/lib/python3.12/site-packages/airflow/example_dags/example_skip_dag.py
[2026-05-04T01:27:01.792+0300] {logging_mixin.py:190} INFO - [2026-05-04T01:27:01.791+0300] {dag.py:3239} INFO - Sync 1 DAGs
[2026-05-04T01:27:01.811+0300] {logging_mixin.py:190} INFO - [2026-05-04T01:27:01.811+0300] {dag.py:4180} INFO - Setting next_dagrun for example_skip_dag to 2026-05-02 00:00:00+00:00, run_after=2026-05-03 00:00:00+00:00
[2026-05-04T01:27:01.829+0300] {processor.py:208} INFO - Processing /home/nikita/airflow-setup/ENV/lib/python3.12/site-packages/airflow/example_dags/example_skip_dag.py took 0.109 seconds
[2026-05-04T01:28:14.372+0300] {processor.py:186} INFO - Started process (PID=19720) to work on /home/nikita/airflow-setup/ENV/lib/python3.12/site-packages/airflow/example_dags/example_skip_dag.py
[2026-05-04T01:28:14.381+0300] {processor.py:914} INFO - Processing file /home/nikita/airflow-setup/ENV/lib/python3.12/site-packages/airflow/example_dags/example_skip_dag.py for tasks to queue
[2026-05-04T01:28:14.382+0300] {logging_mixin.py:190} INFO - [2026-05-04T01:28:14.382+0300] {dagbag.py:588} INFO - Filling up the DagBag from /home/nikita/airflow-setup/ENV/lib/python3.12/site-packages/airflow/example_dags/example_skip_dag.py
[2026-05-04T01:28:14.392+0300] {processor.py:925} INFO - DAG(s) 'example_skip_dag' retrieved from /home/nikita/airflow-setup/ENV/lib/python3.12/site-packages/airflow/example_dags/example_skip_dag.py
[2026-05-04T01:28:14.405+0300] {logging_mixin.py:190} INFO - [2026-05-04T01:28:14.405+0300] {dag.py:3239} INFO - Sync 1 DAGs
[2026-05-04T01:28:14.534+0300] {logging_mixin.py:190} INFO - [2026-05-04T01:28:14.533+0300] {dag.py:4180} INFO - Setting next_dagrun for example_skip_dag to 2026-05-02 00:00:00+00:00, run_after=2026-05-03 00:00:00+00:00
[2026-05-04T01:28:14.549+0300] {processor.py:208} INFO - Processing /home/nikita/airflow-setup/ENV/lib/python3.12/site-packages/airflow/example_dags/example_skip_dag.py took 0.181 seconds
[2026-05-04T01:29:22.693+0300] {processor.py:186} INFO - Started process (PID=19982) to work on /home/nikita/airflow-setup/ENV/lib/python3.12/site-packages/airflow/example_dags/example_skip_dag.py
[2026-05-04T01:29:22.702+0300] {processor.py:914} INFO - Processing file /home/nikita/airflow-setup/ENV/lib/python3.12/site-packages/airflow/example_dags/example_skip_dag.py for tasks to queue
[2026-05-04T01:29:22.703+0300] {logging_mixin.py:190} INFO - [2026-05-04T01:29:22.703+0300] {dagbag.py:588} INFO - Filling up the DagBag from /home/nikita/airflow-setup/ENV/lib/python3.12/site-packages/airflow/example_dags/example_skip_dag.py
[2026-05-04T01:29:22.710+0300] {processor.py:925} INFO - DAG(s) 'example_skip_dag' retrieved from /home/nikita/airflow-setup/ENV/lib/python3.12/site-packages/airflow/example_dags/example_skip_dag.py
[2026-05-04T01:29:22.723+0300] {logging_mixin.py:190} INFO - [2026-05-04T01:29:22.722+0300] {dag.py:3239} INFO - Sync 1 DAGs
[2026-05-04T01:29:22.739+0300] {logging_mixin.py:190} INFO - [2026-05-04T01:29:22.738+0300] {dag.py:4180} INFO - Setting next_dagrun for example_skip_dag to 2026-05-02 00:00:00+00:00, run_after=2026-05-03 00:00:00+00:00
[2026-05-04T01:29:22.877+0300] {processor.py:208} INFO - Processing /home/nikita/airflow-setup/ENV/lib/python3.12/site-packages/airflow/example_dags/example_skip_dag.py took 0.188 seconds
[2026-05-04T01:30:34.689+0300] {processor.py:186} INFO - Started process (PID=20253) to work on /home/nikita/airflow-setup/ENV/lib/python3.12/site-packages/airflow/example_dags/example_skip_dag.py
[2026-05-04T01:30:34.691+0300] {processor.py:914} INFO - Processing file /home/nikita/airflow-setup/ENV/lib/python3.12/site-packages/airflow/example_dags/example_skip_dag.py for tasks to queue
[2026-05-04T01:30:34.692+0300] {logging_mixin.py:190} INFO - [2026-05-04T01:30:34.692+0300] {dagbag.py:588} INFO - Filling up the DagBag from /home/nikita/airflow-setup/ENV/lib/python3.12/site-packages/airflow/example_dags/example_skip_dag.py
[2026-05-04T01:30:34.703+0300] {processor.py:925} INFO - DAG(s) 'example_skip_dag' retrieved from /home/nikita/airflow-setup/ENV/lib/python3.12/site-packages/airflow/example_dags/example_skip_dag.py
[2026-05-04T01:30:34.720+0300] {logging_mixin.py:190} INFO - [2026-05-04T01:30:34.720+0300] {dag.py:3239} INFO - Sync 1 DAGs
[2026-05-04T01:30:34.741+0300] {logging_mixin.py:190} INFO - [2026-05-04T01:30:34.740+0300] {dag.py:4180} INFO - Setting next_dagrun for example_skip_dag to 2026-05-02 00:00:00+00:00, run_after=2026-05-03 00:00:00+00:00
[2026-05-04T01:30:34.763+0300] {processor.py:208} INFO - Processing /home/nikita/airflow-setup/ENV/lib/python3.12/site-packages/airflow/example_dags/example_skip_dag.py took 0.080 seconds
[2026-05-04T01:31:55.761+0300] {processor.py:186} INFO - Started process (PID=20551) to work on /home/nikita/airflow-setup/ENV/lib/python3.12/site-packages/airflow/example_dags/example_skip_dag.py
[2026-05-04T01:31:55.770+0300] {processor.py:914} INFO - Processing file /home/nikita/airflow-setup/ENV/lib/python3.12/site-packages/airflow/example_dags/example_skip_dag.py for tasks to queue
[2026-05-04T01:31:55.771+0300] {logging_mixin.py:190} INFO - [2026-05-04T01:31:55.771+0300] {dagbag.py:588} INFO - Filling up the DagBag from /home/nikita/airflow-setup/ENV/lib/python3.12/site-packages/airflow/example_dags/example_skip_dag.py
[2026-05-04T01:31:55.900+0300] {processor.py:925} INFO - DAG(s) 'example_skip_dag' retrieved from /home/nikita/airflow-setup/ENV/lib/python3.12/site-packages/airflow/example_dags/example_skip_dag.py
[2026-05-04T01:31:55.911+0300] {logging_mixin.py:190} INFO - [2026-05-04T01:31:55.910+0300] {dag.py:3239} INFO - Sync 1 DAGs
[2026-05-04T01:31:55.923+0300] {logging_mixin.py:190} INFO - [2026-05-04T01:31:55.923+0300] {dag.py:4180} INFO - Setting next_dagrun for example_skip_dag to 2026-05-02 00:00:00+00:00, run_after=2026-05-03 00:00:00+00:00
[2026-05-04T01:31:55.940+0300] {processor.py:208} INFO - Processing /home/nikita/airflow-setup/ENV/lib/python3.12/site-packages/airflow/example_dags/example_skip_dag.py took 0.183 seconds
[2026-05-04T01:33:07.251+0300] {processor.py:186} INFO - Started process (PID=20969) to work on /home/nikita/airflow-setup/ENV/lib/python3.12/site-packages/airflow/example_dags/example_skip_dag.py
[2026-05-04T01:33:07.253+0300] {processor.py:914} INFO - Processing file /home/nikita/airflow-setup/ENV/lib/python3.12/site-packages/airflow/example_dags/example_skip_dag.py for tasks to queue
[2026-05-04T01:33:07.254+0300] {logging_mixin.py:190} INFO - [2026-05-04T01:33:07.253+0300] {dagbag.py:588} INFO - Filling up the DagBag from /home/nikita/airflow-setup/ENV/lib/python3.12/site-packages/airflow/example_dags/example_skip_dag.py
[2026-05-04T01:33:07.260+0300] {processor.py:925} INFO - DAG(s) 'example_skip_dag' retrieved from /home/nikita/airflow-setup/ENV/lib/python3.12/site-packages/airflow/example_dags/example_skip_dag.py
[2026-05-04T01:33:07.274+0300] {logging_mixin.py:190} INFO - [2026-05-04T01:33:07.274+0300] {dag.py:3239} INFO - Sync 1 DAGs
[2026-05-04T01:33:07.288+0300] {logging_mixin.py:190} INFO - [2026-05-04T01:33:07.288+0300] {dag.py:4180} INFO - Setting next_dagrun for example_skip_dag to 2026-05-02 00:00:00+00:00, run_after=2026-05-03 00:00:00+00:00
[2026-05-04T01:33:07.304+0300] {processor.py:208} INFO - Processing /home/nikita/airflow-setup/ENV/lib/python3.12/site-packages/airflow/example_dags/example_skip_dag.py took 0.057 seconds
[2026-05-04T01:34:09.124+0300] {processor.py:186} INFO - Started process (PID=21335) to work on /home/nikita/airflow-setup/ENV/lib/python3.12/site-packages/airflow/example_dags/example_skip_dag.py
[2026-05-04T01:34:09.126+0300] {processor.py:914} INFO - Processing file /home/nikita/airflow-setup/ENV/lib/python3.12/site-packages/airflow/example_dags/example_skip_dag.py for tasks to queue
[2026-05-04T01:34:09.127+0300] {logging_mixin.py:190} INFO - [2026-05-04T01:34:09.126+0300] {dagbag.py:588} INFO - Filling up the DagBag from /home/nikita/airflow-setup/ENV/lib/python3.12/site-packages/airflow/example_dags/example_skip_dag.py
[2026-05-04T01:34:09.133+0300] {processor.py:925} INFO - DAG(s) 'example_skip_dag' retrieved from /home/nikita/airflow-setup/ENV/lib/python3.12/site-packages/airflow/example_dags/example_skip_dag.py
[2026-05-04T01:34:09.147+0300] {logging_mixin.py:190} INFO - [2026-05-04T01:34:09.147+0300] {dag.py:3239} INFO - Sync 1 DAGs
[2026-05-04T01:34:09.162+0300] {logging_mixin.py:190} INFO - [2026-05-04T01:34:09.162+0300] {dag.py:4180} INFO - Setting next_dagrun for example_skip_dag to 2026-05-02 00:00:00+00:00, run_after=2026-05-03 00:00:00+00:00
[2026-05-04T01:34:09.177+0300] {processor.py:208} INFO - Processing /home/nikita/airflow-setup/ENV/lib/python3.12/site-packages/airflow/example_dags/example_skip_dag.py took 0.057 seconds
[2026-05-04T01:35:14.614+0300] {processor.py:186} INFO - Started process (PID=21583) to work on /home/nikita/airflow-setup/ENV/lib/python3.12/site-packages/airflow/example_dags/example_skip_dag.py
[2026-05-04T01:35:14.623+0300] {processor.py:914} INFO - Processing file /home/nikita/airflow-setup/ENV/lib/python3.12/site-packages/airflow/example_dags/example_skip_dag.py for tasks to queue
[2026-05-04T01:35:14.624+0300] {logging_mixin.py:190} INFO - [2026-05-04T01:35:14.624+0300] {dagbag.py:588} INFO - Filling up the DagBag from /home/nikita/airflow-setup/ENV/lib/python3.12/site-packages/airflow/example_dags/example_skip_dag.py
[2026-05-04T01:35:14.631+0300] {processor.py:925} INFO - DAG(s) 'example_skip_dag' retrieved from /home/nikita/airflow-setup/ENV/lib/python3.12/site-packages/airflow/example_dags/example_skip_dag.py
[2026-05-04T01:35:14.644+0300] {logging_mixin.py:190} INFO - [2026-05-04T01:35:14.644+0300] {dag.py:3239} INFO - Sync 1 DAGs
[2026-05-04T01:35:14.657+0300] {logging_mixin.py:190} INFO - [2026-05-04T01:35:14.657+0300] {dag.py:4180} INFO - Setting next_dagrun for example_skip_dag to 2026-05-02 00:00:00+00:00, run_after=2026-05-03 00:00:00+00:00
[2026-05-04T01:35:14.674+0300] {processor.py:208} INFO - Processing /home/nikita/airflow-setup/ENV/lib/python3.12/site-packages/airflow/example_dags/example_skip_dag.py took 0.064 seconds
[2026-05-04T01:36:16.113+0300] {processor.py:186} INFO - Started process (PID=21823) to work on /home/nikita/airflow-setup/ENV/lib/python3.12/site-packages/airflow/example_dags/example_skip_dag.py
[2026-05-04T01:36:16.115+0300] {processor.py:914} INFO - Processing file /home/nikita/airflow-setup/ENV/lib/python3.12/site-packages/airflow/example_dags/example_skip_dag.py for tasks to queue
[2026-05-04T01:36:16.116+0300] {logging_mixin.py:190} INFO - [2026-05-04T01:36:16.115+0300] {dagbag.py:588} INFO - Filling up the DagBag from /home/nikita/airflow-setup/ENV/lib/python3.12/site-packages/airflow/example_dags/example_skip_dag.py
[2026-05-04T01:36:16.122+0300] {processor.py:925} INFO - DAG(s) 'example_skip_dag' retrieved from /home/nikita/airflow-setup/ENV/lib/python3.12/site-packages/airflow/example_dags/example_skip_dag.py
[2026-05-04T01:36:16.133+0300] {logging_mixin.py:190} INFO - [2026-05-04T01:36:16.133+0300] {dag.py:3239} INFO - Sync 1 DAGs
[2026-05-04T01:36:16.146+0300] {logging_mixin.py:190} INFO - [2026-05-04T01:36:16.146+0300] {dag.py:4180} INFO - Setting next_dagrun for example_skip_dag to 2026-05-02 00:00:00+00:00, run_after=2026-05-03 00:00:00+00:00
[2026-05-04T01:36:16.161+0300] {processor.py:208} INFO - Processing /home/nikita/airflow-setup/ENV/lib/python3.12/site-packages/airflow/example_dags/example_skip_dag.py took 0.052 seconds
