[2026-05-04T00:46:13.114+0300] {processor.py:186} INFO - Started process (PID=5972) to work on /home/nikita/airflow-setup/ENV/lib/python3.12/site-packages/airflow/example_dags/example_python_operator.py
[2026-05-04T00:46:13.115+0300] {processor.py:914} INFO - Processing file /home/nikita/airflow-setup/ENV/lib/python3.12/site-packages/airflow/example_dags/example_python_operator.py for tasks to queue
[2026-05-04T00:46:13.116+0300] {logging_mixin.py:190} INFO - [2026-05-04T00:46:13.116+0300] {dagbag.py:588} INFO - Filling up the DagBag from /home/nikita/airflow-setup/ENV/lib/python3.12/site-packages/airflow/example_dags/example_python_operator.py
[2026-05-04T00:46:13.134+0300] {logging_mixin.py:190} INFO - [2026-05-04T00:46:13.133+0300] {example_python_operator.py:93} WARNING - The virtalenv_python example task requires virtualenv, please install it.
[2026-05-04T00:46:13.136+0300] {processor.py:925} INFO - DAG(s) 'example_python_operator' retrieved from /home/nikita/airflow-setup/ENV/lib/python3.12/site-packages/airflow/example_dags/example_python_operator.py
[2026-05-04T00:46:13.233+0300] {logging_mixin.py:190} INFO - [2026-05-04T00:46:13.232+0300] {override.py:1930} INFO - Created Permission View: can read on DAG:example_python_operator
[2026-05-04T00:46:13.243+0300] {logging_mixin.py:190} INFO - [2026-05-04T00:46:13.242+0300] {override.py:1930} INFO - Created Permission View: can delete on DAG:example_python_operator
[2026-05-04T00:46:13.252+0300] {logging_mixin.py:190} INFO - [2026-05-04T00:46:13.252+0300] {override.py:1930} INFO - Created Permission View: can edit on DAG:example_python_operator
[2026-05-04T00:46:13.264+0300] {logging_mixin.py:190} INFO - [2026-05-04T00:46:13.263+0300] {override.py:1930} INFO - Created Permission View: can read on DAG Run:example_python_operator
[2026-05-04T00:46:13.273+0300] {logging_mixin.py:190} INFO - [2026-05-04T00:46:13.272+0300] {override.py:1930} INFO - Created Permission View: can delete on DAG Run:example_python_operator
[2026-05-04T00:46:13.279+0300] {logging_mixin.py:190} INFO - [2026-05-04T00:46:13.279+0300] {override.py:1930} INFO - Created Permission View: menu access on DAG Run:example_python_operator
[2026-05-04T00:46:13.287+0300] {logging_mixin.py:190} INFO - [2026-05-04T00:46:13.286+0300] {override.py:1930} INFO - Created Permission View: can create on DAG Run:example_python_operator
[2026-05-04T00:46:13.287+0300] {logging_mixin.py:190} INFO - [2026-05-04T00:46:13.287+0300] {dag.py:3239} INFO - Sync 1 DAGs
[2026-05-04T00:46:13.295+0300] {logging_mixin.py:190} INFO - [2026-05-04T00:46:13.295+0300] {dag.py:3262} INFO - Creating ORM DAG for example_python_operator
[2026-05-04T00:46:13.296+0300] {logging_mixin.py:190} INFO - [2026-05-04T00:46:13.295+0300] {dag.py:4180} INFO - Setting next_dagrun for example_python_operator to None, run_after=None
[2026-05-04T00:46:13.309+0300] {processor.py:208} INFO - Processing /home/nikita/airflow-setup/ENV/lib/python3.12/site-packages/airflow/example_dags/example_python_operator.py took 0.200 seconds
[2026-05-04T00:47:20.908+0300] {processor.py:186} INFO - Started process (PID=6050) to work on /home/nikita/airflow-setup/ENV/lib/python3.12/site-packages/airflow/example_dags/example_python_operator.py
[2026-05-04T00:47:20.909+0300] {processor.py:914} INFO - Processing file /home/nikita/airflow-setup/ENV/lib/python3.12/site-packages/airflow/example_dags/example_python_operator.py for tasks to queue
[2026-05-04T00:47:20.911+0300] {logging_mixin.py:190} INFO - [2026-05-04T00:47:20.911+0300] {dagbag.py:588} INFO - Filling up the DagBag from /home/nikita/airflow-setup/ENV/lib/python3.12/site-packages/airflow/example_dags/example_python_operator.py
[2026-05-04T00:47:20.928+0300] {logging_mixin.py:190} INFO - [2026-05-04T00:47:20.927+0300] {example_python_operator.py:93} WARNING - The virtalenv_python example task requires virtualenv, please install it.
[2026-05-04T00:47:20.929+0300] {processor.py:925} INFO - DAG(s) 'example_python_operator' retrieved from /home/nikita/airflow-setup/ENV/lib/python3.12/site-packages/airflow/example_dags/example_python_operator.py
[2026-05-04T00:47:20.942+0300] {logging_mixin.py:190} INFO - [2026-05-04T00:47:20.941+0300] {dag.py:3239} INFO - Sync 1 DAGs
[2026-05-04T00:47:20.950+0300] {logging_mixin.py:190} INFO - [2026-05-04T00:47:20.950+0300] {dag.py:4180} INFO - Setting next_dagrun for example_python_operator to None, run_after=None
[2026-05-04T00:47:20.966+0300] {processor.py:208} INFO - Processing /home/nikita/airflow-setup/ENV/lib/python3.12/site-packages/airflow/example_dags/example_python_operator.py took 0.062 seconds
[2026-05-04T00:48:20.000+0300] {processor.py:186} INFO - Started process (PID=6107) to work on /home/nikita/airflow-setup/ENV/lib/python3.12/site-packages/airflow/example_dags/example_python_operator.py
[2026-05-04T00:48:20.010+0300] {processor.py:914} INFO - Processing file /home/nikita/airflow-setup/ENV/lib/python3.12/site-packages/airflow/example_dags/example_python_operator.py for tasks to queue
[2026-05-04T00:48:20.012+0300] {logging_mixin.py:190} INFO - [2026-05-04T00:48:20.012+0300] {dagbag.py:588} INFO - Filling up the DagBag from /home/nikita/airflow-setup/ENV/lib/python3.12/site-packages/airflow/example_dags/example_python_operator.py
[2026-05-04T00:48:20.031+0300] {logging_mixin.py:190} INFO - [2026-05-04T00:48:20.031+0300] {example_python_operator.py:93} WARNING - The virtalenv_python example task requires virtualenv, please install it.
[2026-05-04T00:48:20.033+0300] {processor.py:925} INFO - DAG(s) 'example_python_operator' retrieved from /home/nikita/airflow-setup/ENV/lib/python3.12/site-packages/airflow/example_dags/example_python_operator.py
[2026-05-04T00:48:20.044+0300] {logging_mixin.py:190} INFO - [2026-05-04T00:48:20.044+0300] {dag.py:3239} INFO - Sync 1 DAGs
[2026-05-04T00:48:20.052+0300] {logging_mixin.py:190} INFO - [2026-05-04T00:48:20.052+0300] {dag.py:4180} INFO - Setting next_dagrun for example_python_operator to None, run_after=None
[2026-05-04T00:48:20.067+0300] {processor.py:208} INFO - Processing /home/nikita/airflow-setup/ENV/lib/python3.12/site-packages/airflow/example_dags/example_python_operator.py took 0.071 seconds
[2026-05-04T00:49:20.548+0300] {processor.py:186} INFO - Started process (PID=6165) to work on /home/nikita/airflow-setup/ENV/lib/python3.12/site-packages/airflow/example_dags/example_python_operator.py
[2026-05-04T00:49:20.549+0300] {processor.py:914} INFO - Processing file /home/nikita/airflow-setup/ENV/lib/python3.12/site-packages/airflow/example_dags/example_python_operator.py for tasks to queue
[2026-05-04T00:49:20.551+0300] {logging_mixin.py:190} INFO - [2026-05-04T00:49:20.550+0300] {dagbag.py:588} INFO - Filling up the DagBag from /home/nikita/airflow-setup/ENV/lib/python3.12/site-packages/airflow/example_dags/example_python_operator.py
[2026-05-04T00:49:20.566+0300] {logging_mixin.py:190} INFO - [2026-05-04T00:49:20.566+0300] {example_python_operator.py:93} WARNING - The virtalenv_python example task requires virtualenv, please install it.
[2026-05-04T00:49:20.568+0300] {processor.py:925} INFO - DAG(s) 'example_python_operator' retrieved from /home/nikita/airflow-setup/ENV/lib/python3.12/site-packages/airflow/example_dags/example_python_operator.py
[2026-05-04T00:49:20.581+0300] {logging_mixin.py:190} INFO - [2026-05-04T00:49:20.580+0300] {dag.py:3239} INFO - Sync 1 DAGs
[2026-05-04T00:49:20.590+0300] {logging_mixin.py:190} INFO - [2026-05-04T00:49:20.590+0300] {dag.py:4180} INFO - Setting next_dagrun for example_python_operator to None, run_after=None
[2026-05-04T00:49:20.607+0300] {processor.py:208} INFO - Processing /home/nikita/airflow-setup/ENV/lib/python3.12/site-packages/airflow/example_dags/example_python_operator.py took 0.063 seconds
[2026-05-04T00:50:17.390+0300] {processor.py:186} INFO - Started process (PID=6226) to work on /home/nikita/airflow-setup/ENV/lib/python3.12/site-packages/airflow/example_dags/example_python_operator.py
[2026-05-04T00:50:17.391+0300] {processor.py:914} INFO - Processing file /home/nikita/airflow-setup/ENV/lib/python3.12/site-packages/airflow/example_dags/example_python_operator.py for tasks to queue
[2026-05-04T00:50:17.393+0300] {logging_mixin.py:190} INFO - [2026-05-04T00:50:17.393+0300] {dagbag.py:588} INFO - Filling up the DagBag from /home/nikita/airflow-setup/ENV/lib/python3.12/site-packages/airflow/example_dags/example_python_operator.py
[2026-05-04T00:50:17.409+0300] {logging_mixin.py:190} INFO - [2026-05-04T00:50:17.409+0300] {example_python_operator.py:93} WARNING - The virtalenv_python example task requires virtualenv, please install it.
[2026-05-04T00:50:17.411+0300] {processor.py:925} INFO - DAG(s) 'example_python_operator' retrieved from /home/nikita/airflow-setup/ENV/lib/python3.12/site-packages/airflow/example_dags/example_python_operator.py
[2026-05-04T00:50:17.422+0300] {logging_mixin.py:190} INFO - [2026-05-04T00:50:17.422+0300] {dag.py:3239} INFO - Sync 1 DAGs
[2026-05-04T00:50:17.430+0300] {logging_mixin.py:190} INFO - [2026-05-04T00:50:17.430+0300] {dag.py:4180} INFO - Setting next_dagrun for example_python_operator to None, run_after=None
[2026-05-04T00:50:17.445+0300] {processor.py:208} INFO - Processing /home/nikita/airflow-setup/ENV/lib/python3.12/site-packages/airflow/example_dags/example_python_operator.py took 0.058 seconds
[2026-05-04T00:51:16.450+0300] {processor.py:186} INFO - Started process (PID=6304) to work on /home/nikita/airflow-setup/ENV/lib/python3.12/site-packages/airflow/example_dags/example_python_operator.py
[2026-05-04T00:51:16.452+0300] {processor.py:914} INFO - Processing file /home/nikita/airflow-setup/ENV/lib/python3.12/site-packages/airflow/example_dags/example_python_operator.py for tasks to queue
[2026-05-04T00:51:16.454+0300] {logging_mixin.py:190} INFO - [2026-05-04T00:51:16.453+0300] {dagbag.py:588} INFO - Filling up the DagBag from /home/nikita/airflow-setup/ENV/lib/python3.12/site-packages/airflow/example_dags/example_python_operator.py
[2026-05-04T00:51:16.471+0300] {logging_mixin.py:190} INFO - [2026-05-04T00:51:16.471+0300] {example_python_operator.py:93} WARNING - The virtalenv_python example task requires virtualenv, please install it.
[2026-05-04T00:51:16.473+0300] {processor.py:925} INFO - DAG(s) 'example_python_operator' retrieved from /home/nikita/airflow-setup/ENV/lib/python3.12/site-packages/airflow/example_dags/example_python_operator.py
[2026-05-04T00:51:16.488+0300] {logging_mixin.py:190} INFO - [2026-05-04T00:51:16.487+0300] {dag.py:3239} INFO - Sync 1 DAGs
[2026-05-04T00:51:16.498+0300] {logging_mixin.py:190} INFO - [2026-05-04T00:51:16.498+0300] {dag.py:4180} INFO - Setting next_dagrun for example_python_operator to None, run_after=None
[2026-05-04T00:51:16.515+0300] {processor.py:208} INFO - Processing /home/nikita/airflow-setup/ENV/lib/python3.12/site-packages/airflow/example_dags/example_python_operator.py took 0.070 seconds
[2026-05-04T00:52:11.744+0300] {processor.py:186} INFO - Started process (PID=6358) to work on /home/nikita/airflow-setup/ENV/lib/python3.12/site-packages/airflow/example_dags/example_python_operator.py
[2026-05-04T00:52:11.745+0300] {processor.py:914} INFO - Processing file /home/nikita/airflow-setup/ENV/lib/python3.12/site-packages/airflow/example_dags/example_python_operator.py for tasks to queue
[2026-05-04T00:52:11.747+0300] {logging_mixin.py:190} INFO - [2026-05-04T00:52:11.746+0300] {dagbag.py:588} INFO - Filling up the DagBag from /home/nikita/airflow-setup/ENV/lib/python3.12/site-packages/airflow/example_dags/example_python_operator.py
[2026-05-04T00:52:11.766+0300] {logging_mixin.py:190} INFO - [2026-05-04T00:52:11.766+0300] {example_python_operator.py:93} WARNING - The virtalenv_python example task requires virtualenv, please install it.
[2026-05-04T00:52:11.769+0300] {processor.py:925} INFO - DAG(s) 'example_python_operator' retrieved from /home/nikita/airflow-setup/ENV/lib/python3.12/site-packages/airflow/example_dags/example_python_operator.py
[2026-05-04T00:52:11.787+0300] {logging_mixin.py:190} INFO - [2026-05-04T00:52:11.787+0300] {dag.py:3239} INFO - Sync 1 DAGs
[2026-05-04T00:52:11.801+0300] {logging_mixin.py:190} INFO - [2026-05-04T00:52:11.801+0300] {dag.py:4180} INFO - Setting next_dagrun for example_python_operator to None, run_after=None
[2026-05-04T00:52:11.819+0300] {processor.py:208} INFO - Processing /home/nikita/airflow-setup/ENV/lib/python3.12/site-packages/airflow/example_dags/example_python_operator.py took 0.081 seconds
[2026-05-04T00:53:13.682+0300] {processor.py:186} INFO - Started process (PID=6437) to work on /home/nikita/airflow-setup/ENV/lib/python3.12/site-packages/airflow/example_dags/example_python_operator.py
[2026-05-04T00:53:13.690+0300] {processor.py:914} INFO - Processing file /home/nikita/airflow-setup/ENV/lib/python3.12/site-packages/airflow/example_dags/example_python_operator.py for tasks to queue
[2026-05-04T00:53:13.692+0300] {logging_mixin.py:190} INFO - [2026-05-04T00:53:13.691+0300] {dagbag.py:588} INFO - Filling up the DagBag from /home/nikita/airflow-setup/ENV/lib/python3.12/site-packages/airflow/example_dags/example_python_operator.py
[2026-05-04T00:53:13.707+0300] {logging_mixin.py:190} INFO - [2026-05-04T00:53:13.707+0300] {example_python_operator.py:93} WARNING - The virtalenv_python example task requires virtualenv, please install it.
[2026-05-04T00:53:13.710+0300] {processor.py:925} INFO - DAG(s) 'example_python_operator' retrieved from /home/nikita/airflow-setup/ENV/lib/python3.12/site-packages/airflow/example_dags/example_python_operator.py
[2026-05-04T00:53:13.721+0300] {logging_mixin.py:190} INFO - [2026-05-04T00:53:13.721+0300] {dag.py:3239} INFO - Sync 1 DAGs
[2026-05-04T00:53:13.731+0300] {logging_mixin.py:190} INFO - [2026-05-04T00:53:13.731+0300] {dag.py:4180} INFO - Setting next_dagrun for example_python_operator to None, run_after=None
[2026-05-04T00:53:13.746+0300] {processor.py:208} INFO - Processing /home/nikita/airflow-setup/ENV/lib/python3.12/site-packages/airflow/example_dags/example_python_operator.py took 0.069 seconds
[2026-05-04T00:54:14.012+0300] {processor.py:186} INFO - Started process (PID=6494) to work on /home/nikita/airflow-setup/ENV/lib/python3.12/site-packages/airflow/example_dags/example_python_operator.py
[2026-05-04T00:54:14.021+0300] {processor.py:914} INFO - Processing file /home/nikita/airflow-setup/ENV/lib/python3.12/site-packages/airflow/example_dags/example_python_operator.py for tasks to queue
[2026-05-04T00:54:14.023+0300] {logging_mixin.py:190} INFO - [2026-05-04T00:54:14.023+0300] {dagbag.py:588} INFO - Filling up the DagBag from /home/nikita/airflow-setup/ENV/lib/python3.12/site-packages/airflow/example_dags/example_python_operator.py
[2026-05-04T00:54:14.042+0300] {logging_mixin.py:190} INFO - [2026-05-04T00:54:14.042+0300] {example_python_operator.py:93} WARNING - The virtalenv_python example task requires virtualenv, please install it.
[2026-05-04T00:54:14.044+0300] {processor.py:925} INFO - DAG(s) 'example_python_operator' retrieved from /home/nikita/airflow-setup/ENV/lib/python3.12/site-packages/airflow/example_dags/example_python_operator.py
[2026-05-04T00:54:14.056+0300] {logging_mixin.py:190} INFO - [2026-05-04T00:54:14.056+0300] {dag.py:3239} INFO - Sync 1 DAGs
[2026-05-04T00:54:14.064+0300] {logging_mixin.py:190} INFO - [2026-05-04T00:54:14.064+0300] {dag.py:4180} INFO - Setting next_dagrun for example_python_operator to None, run_after=None
[2026-05-04T00:54:14.080+0300] {processor.py:208} INFO - Processing /home/nikita/airflow-setup/ENV/lib/python3.12/site-packages/airflow/example_dags/example_python_operator.py took 0.072 seconds
[2026-05-04T00:55:18.039+0300] {processor.py:186} INFO - Started process (PID=6563) to work on /home/nikita/airflow-setup/ENV/lib/python3.12/site-packages/airflow/example_dags/example_python_operator.py
[2026-05-04T00:55:18.048+0300] {processor.py:914} INFO - Processing file /home/nikita/airflow-setup/ENV/lib/python3.12/site-packages/airflow/example_dags/example_python_operator.py for tasks to queue
[2026-05-04T00:55:18.049+0300] {logging_mixin.py:190} INFO - [2026-05-04T00:55:18.049+0300] {dagbag.py:588} INFO - Filling up the DagBag from /home/nikita/airflow-setup/ENV/lib/python3.12/site-packages/airflow/example_dags/example_python_operator.py
[2026-05-04T00:55:18.065+0300] {logging_mixin.py:190} INFO - [2026-05-04T00:55:18.064+0300] {example_python_operator.py:93} WARNING - The virtalenv_python example task requires virtualenv, please install it.
[2026-05-04T00:55:18.067+0300] {processor.py:925} INFO - DAG(s) 'example_python_operator' retrieved from /home/nikita/airflow-setup/ENV/lib/python3.12/site-packages/airflow/example_dags/example_python_operator.py
[2026-05-04T00:55:18.081+0300] {logging_mixin.py:190} INFO - [2026-05-04T00:55:18.081+0300] {dag.py:3239} INFO - Sync 1 DAGs
[2026-05-04T00:55:18.092+0300] {logging_mixin.py:190} INFO - [2026-05-04T00:55:18.091+0300] {dag.py:4180} INFO - Setting next_dagrun for example_python_operator to None, run_after=None
[2026-05-04T00:55:18.109+0300] {processor.py:208} INFO - Processing /home/nikita/airflow-setup/ENV/lib/python3.12/site-packages/airflow/example_dags/example_python_operator.py took 0.075 seconds
[2026-05-04T00:56:17.832+0300] {processor.py:186} INFO - Started process (PID=6622) to work on /home/nikita/airflow-setup/ENV/lib/python3.12/site-packages/airflow/example_dags/example_python_operator.py
[2026-05-04T00:56:17.841+0300] {processor.py:914} INFO - Processing file /home/nikita/airflow-setup/ENV/lib/python3.12/site-packages/airflow/example_dags/example_python_operator.py for tasks to queue
[2026-05-04T00:56:17.843+0300] {logging_mixin.py:190} INFO - [2026-05-04T00:56:17.842+0300] {dagbag.py:588} INFO - Filling up the DagBag from /home/nikita/airflow-setup/ENV/lib/python3.12/site-packages/airflow/example_dags/example_python_operator.py
[2026-05-04T00:56:17.864+0300] {logging_mixin.py:190} INFO - [2026-05-04T00:56:17.864+0300] {example_python_operator.py:93} WARNING - The virtalenv_python example task requires virtualenv, please install it.
[2026-05-04T00:56:17.867+0300] {processor.py:925} INFO - DAG(s) 'example_python_operator' retrieved from /home/nikita/airflow-setup/ENV/lib/python3.12/site-packages/airflow/example_dags/example_python_operator.py
[2026-05-04T00:56:17.882+0300] {logging_mixin.py:190} INFO - [2026-05-04T00:56:17.882+0300] {dag.py:3239} INFO - Sync 1 DAGs
[2026-05-04T00:56:17.892+0300] {logging_mixin.py:190} INFO - [2026-05-04T00:56:17.892+0300] {dag.py:4180} INFO - Setting next_dagrun for example_python_operator to None, run_after=None
[2026-05-04T00:56:17.915+0300] {processor.py:208} INFO - Processing /home/nikita/airflow-setup/ENV/lib/python3.12/site-packages/airflow/example_dags/example_python_operator.py took 0.089 seconds
[2026-05-04T00:57:15.929+0300] {processor.py:186} INFO - Started process (PID=7020) to work on /home/nikita/airflow-setup/ENV/lib/python3.12/site-packages/airflow/example_dags/example_python_operator.py
[2026-05-04T00:57:15.930+0300] {processor.py:914} INFO - Processing file /home/nikita/airflow-setup/ENV/lib/python3.12/site-packages/airflow/example_dags/example_python_operator.py for tasks to queue
[2026-05-04T00:57:15.932+0300] {logging_mixin.py:190} INFO - [2026-05-04T00:57:15.932+0300] {dagbag.py:588} INFO - Filling up the DagBag from /home/nikita/airflow-setup/ENV/lib/python3.12/site-packages/airflow/example_dags/example_python_operator.py
[2026-05-04T00:57:15.949+0300] {logging_mixin.py:190} INFO - [2026-05-04T00:57:15.948+0300] {example_python_operator.py:93} WARNING - The virtalenv_python example task requires virtualenv, please install it.
[2026-05-04T00:57:15.951+0300] {processor.py:925} INFO - DAG(s) 'example_python_operator' retrieved from /home/nikita/airflow-setup/ENV/lib/python3.12/site-packages/airflow/example_dags/example_python_operator.py
[2026-05-04T00:57:15.964+0300] {logging_mixin.py:190} INFO - [2026-05-04T00:57:15.963+0300] {dag.py:3239} INFO - Sync 1 DAGs
[2026-05-04T00:57:15.973+0300] {logging_mixin.py:190} INFO - [2026-05-04T00:57:15.973+0300] {dag.py:4180} INFO - Setting next_dagrun for example_python_operator to None, run_after=None
[2026-05-04T00:57:15.990+0300] {processor.py:208} INFO - Processing /home/nikita/airflow-setup/ENV/lib/python3.12/site-packages/airflow/example_dags/example_python_operator.py took 0.066 seconds
[2026-05-04T00:58:16.285+0300] {processor.py:186} INFO - Started process (PID=7247) to work on /home/nikita/airflow-setup/ENV/lib/python3.12/site-packages/airflow/example_dags/example_python_operator.py
[2026-05-04T00:58:16.287+0300] {processor.py:914} INFO - Processing file /home/nikita/airflow-setup/ENV/lib/python3.12/site-packages/airflow/example_dags/example_python_operator.py for tasks to queue
[2026-05-04T00:58:16.289+0300] {logging_mixin.py:190} INFO - [2026-05-04T00:58:16.289+0300] {dagbag.py:588} INFO - Filling up the DagBag from /home/nikita/airflow-setup/ENV/lib/python3.12/site-packages/airflow/example_dags/example_python_operator.py
[2026-05-04T00:58:16.304+0300] {logging_mixin.py:190} INFO - [2026-05-04T00:58:16.304+0300] {example_python_operator.py:93} WARNING - The virtalenv_python example task requires virtualenv, please install it.
[2026-05-04T00:58:16.306+0300] {processor.py:925} INFO - DAG(s) 'example_python_operator' retrieved from /home/nikita/airflow-setup/ENV/lib/python3.12/site-packages/airflow/example_dags/example_python_operator.py
[2026-05-04T00:58:16.318+0300] {logging_mixin.py:190} INFO - [2026-05-04T00:58:16.318+0300] {dag.py:3239} INFO - Sync 1 DAGs
[2026-05-04T00:58:16.326+0300] {logging_mixin.py:190} INFO - [2026-05-04T00:58:16.326+0300] {dag.py:4180} INFO - Setting next_dagrun for example_python_operator to None, run_after=None
[2026-05-04T00:58:16.343+0300] {processor.py:208} INFO - Processing /home/nikita/airflow-setup/ENV/lib/python3.12/site-packages/airflow/example_dags/example_python_operator.py took 0.061 seconds
[2026-05-04T00:59:13.262+0300] {processor.py:186} INFO - Started process (PID=7480) to work on /home/nikita/airflow-setup/ENV/lib/python3.12/site-packages/airflow/example_dags/example_python_operator.py
[2026-05-04T00:59:13.264+0300] {processor.py:914} INFO - Processing file /home/nikita/airflow-setup/ENV/lib/python3.12/site-packages/airflow/example_dags/example_python_operator.py for tasks to queue
[2026-05-04T00:59:13.266+0300] {logging_mixin.py:190} INFO - [2026-05-04T00:59:13.265+0300] {dagbag.py:588} INFO - Filling up the DagBag from /home/nikita/airflow-setup/ENV/lib/python3.12/site-packages/airflow/example_dags/example_python_operator.py
[2026-05-04T00:59:13.279+0300] {logging_mixin.py:190} INFO - [2026-05-04T00:59:13.279+0300] {example_python_operator.py:93} WARNING - The virtalenv_python example task requires virtualenv, please install it.
[2026-05-04T00:59:13.281+0300] {processor.py:925} INFO - DAG(s) 'example_python_operator' retrieved from /home/nikita/airflow-setup/ENV/lib/python3.12/site-packages/airflow/example_dags/example_python_operator.py
[2026-05-04T00:59:13.294+0300] {logging_mixin.py:190} INFO - [2026-05-04T00:59:13.294+0300] {dag.py:3239} INFO - Sync 1 DAGs
[2026-05-04T00:59:13.303+0300] {logging_mixin.py:190} INFO - [2026-05-04T00:59:13.303+0300] {dag.py:4180} INFO - Setting next_dagrun for example_python_operator to None, run_after=None
[2026-05-04T00:59:13.319+0300] {processor.py:208} INFO - Processing /home/nikita/airflow-setup/ENV/lib/python3.12/site-packages/airflow/example_dags/example_python_operator.py took 0.062 seconds
[2026-05-04T01:00:13.204+0300] {processor.py:186} INFO - Started process (PID=8302) to work on /home/nikita/airflow-setup/ENV/lib/python3.12/site-packages/airflow/example_dags/example_python_operator.py
[2026-05-04T01:00:13.215+0300] {processor.py:914} INFO - Processing file /home/nikita/airflow-setup/ENV/lib/python3.12/site-packages/airflow/example_dags/example_python_operator.py for tasks to queue
[2026-05-04T01:00:13.217+0300] {logging_mixin.py:190} INFO - [2026-05-04T01:00:13.217+0300] {dagbag.py:588} INFO - Filling up the DagBag from /home/nikita/airflow-setup/ENV/lib/python3.12/site-packages/airflow/example_dags/example_python_operator.py
[2026-05-04T01:00:13.231+0300] {logging_mixin.py:190} INFO - [2026-05-04T01:00:13.231+0300] {example_python_operator.py:93} WARNING - The virtalenv_python example task requires virtualenv, please install it.
[2026-05-04T01:00:13.234+0300] {processor.py:925} INFO - DAG(s) 'example_python_operator' retrieved from /home/nikita/airflow-setup/ENV/lib/python3.12/site-packages/airflow/example_dags/example_python_operator.py
[2026-05-04T01:00:13.247+0300] {logging_mixin.py:190} INFO - [2026-05-04T01:00:13.247+0300] {dag.py:3239} INFO - Sync 1 DAGs
[2026-05-04T01:00:13.257+0300] {logging_mixin.py:190} INFO - [2026-05-04T01:00:13.257+0300] {dag.py:4180} INFO - Setting next_dagrun for example_python_operator to None, run_after=None
[2026-05-04T01:00:13.275+0300] {processor.py:208} INFO - Processing /home/nikita/airflow-setup/ENV/lib/python3.12/site-packages/airflow/example_dags/example_python_operator.py took 0.076 seconds
[2026-05-04T01:01:19.054+0300] {processor.py:186} INFO - Started process (PID=8700) to work on /home/nikita/airflow-setup/ENV/lib/python3.12/site-packages/airflow/example_dags/example_python_operator.py
[2026-05-04T01:01:19.062+0300] {processor.py:914} INFO - Processing file /home/nikita/airflow-setup/ENV/lib/python3.12/site-packages/airflow/example_dags/example_python_operator.py for tasks to queue
[2026-05-04T01:01:19.063+0300] {logging_mixin.py:190} INFO - [2026-05-04T01:01:19.063+0300] {dagbag.py:588} INFO - Filling up the DagBag from /home/nikita/airflow-setup/ENV/lib/python3.12/site-packages/airflow/example_dags/example_python_operator.py
[2026-05-04T01:01:19.077+0300] {logging_mixin.py:190} INFO - [2026-05-04T01:01:19.077+0300] {example_python_operator.py:93} WARNING - The virtalenv_python example task requires virtualenv, please install it.
[2026-05-04T01:01:19.079+0300] {processor.py:925} INFO - DAG(s) 'example_python_operator' retrieved from /home/nikita/airflow-setup/ENV/lib/python3.12/site-packages/airflow/example_dags/example_python_operator.py
[2026-05-04T01:01:19.093+0300] {logging_mixin.py:190} INFO - [2026-05-04T01:01:19.093+0300] {dag.py:3239} INFO - Sync 1 DAGs
[2026-05-04T01:01:19.104+0300] {logging_mixin.py:190} INFO - [2026-05-04T01:01:19.104+0300] {dag.py:4180} INFO - Setting next_dagrun for example_python_operator to None, run_after=None
[2026-05-04T01:01:19.124+0300] {processor.py:208} INFO - Processing /home/nikita/airflow-setup/ENV/lib/python3.12/site-packages/airflow/example_dags/example_python_operator.py took 0.075 seconds
[2026-05-04T01:02:26.845+0300] {processor.py:186} INFO - Started process (PID=9315) to work on /home/nikita/airflow-setup/ENV/lib/python3.12/site-packages/airflow/example_dags/example_python_operator.py
[2026-05-04T01:02:26.847+0300] {processor.py:914} INFO - Processing file /home/nikita/airflow-setup/ENV/lib/python3.12/site-packages/airflow/example_dags/example_python_operator.py for tasks to queue
[2026-05-04T01:02:26.848+0300] {logging_mixin.py:190} INFO - [2026-05-04T01:02:26.848+0300] {dagbag.py:588} INFO - Filling up the DagBag from /home/nikita/airflow-setup/ENV/lib/python3.12/site-packages/airflow/example_dags/example_python_operator.py
[2026-05-04T01:02:26.863+0300] {logging_mixin.py:190} INFO - [2026-05-04T01:02:26.863+0300] {example_python_operator.py:93} WARNING - The virtalenv_python example task requires virtualenv, please install it.
[2026-05-04T01:02:26.865+0300] {processor.py:925} INFO - DAG(s) 'example_python_operator' retrieved from /home/nikita/airflow-setup/ENV/lib/python3.12/site-packages/airflow/example_dags/example_python_operator.py
[2026-05-04T01:02:26.879+0300] {logging_mixin.py:190} INFO - [2026-05-04T01:02:26.879+0300] {dag.py:3239} INFO - Sync 1 DAGs
[2026-05-04T01:02:26.890+0300] {logging_mixin.py:190} INFO - [2026-05-04T01:02:26.890+0300] {dag.py:4180} INFO - Setting next_dagrun for example_python_operator to None, run_after=None
[2026-05-04T01:02:26.906+0300] {processor.py:208} INFO - Processing /home/nikita/airflow-setup/ENV/lib/python3.12/site-packages/airflow/example_dags/example_python_operator.py took 0.065 seconds
[2026-05-04T01:03:30.323+0300] {processor.py:186} INFO - Started process (PID=9716) to work on /home/nikita/airflow-setup/ENV/lib/python3.12/site-packages/airflow/example_dags/example_python_operator.py
[2026-05-04T01:03:30.325+0300] {processor.py:914} INFO - Processing file /home/nikita/airflow-setup/ENV/lib/python3.12/site-packages/airflow/example_dags/example_python_operator.py for tasks to queue
[2026-05-04T01:03:30.326+0300] {logging_mixin.py:190} INFO - [2026-05-04T01:03:30.325+0300] {dagbag.py:588} INFO - Filling up the DagBag from /home/nikita/airflow-setup/ENV/lib/python3.12/site-packages/airflow/example_dags/example_python_operator.py
[2026-05-04T01:03:30.341+0300] {logging_mixin.py:190} INFO - [2026-05-04T01:03:30.340+0300] {example_python_operator.py:93} WARNING - The virtalenv_python example task requires virtualenv, please install it.
[2026-05-04T01:03:30.343+0300] {processor.py:925} INFO - DAG(s) 'example_python_operator' retrieved from /home/nikita/airflow-setup/ENV/lib/python3.12/site-packages/airflow/example_dags/example_python_operator.py
[2026-05-04T01:03:30.354+0300] {logging_mixin.py:190} INFO - [2026-05-04T01:03:30.354+0300] {dag.py:3239} INFO - Sync 1 DAGs
[2026-05-04T01:03:30.363+0300] {logging_mixin.py:190} INFO - [2026-05-04T01:03:30.363+0300] {dag.py:4180} INFO - Setting next_dagrun for example_python_operator to None, run_after=None
[2026-05-04T01:03:30.378+0300] {processor.py:208} INFO - Processing /home/nikita/airflow-setup/ENV/lib/python3.12/site-packages/airflow/example_dags/example_python_operator.py took 0.059 seconds
[2026-05-04T01:04:33.859+0300] {processor.py:186} INFO - Started process (PID=9993) to work on /home/nikita/airflow-setup/ENV/lib/python3.12/site-packages/airflow/example_dags/example_python_operator.py
[2026-05-04T01:04:33.868+0300] {processor.py:914} INFO - Processing file /home/nikita/airflow-setup/ENV/lib/python3.12/site-packages/airflow/example_dags/example_python_operator.py for tasks to queue
[2026-05-04T01:04:33.869+0300] {logging_mixin.py:190} INFO - [2026-05-04T01:04:33.869+0300] {dagbag.py:588} INFO - Filling up the DagBag from /home/nikita/airflow-setup/ENV/lib/python3.12/site-packages/airflow/example_dags/example_python_operator.py
[2026-05-04T01:04:33.883+0300] {logging_mixin.py:190} INFO - [2026-05-04T01:04:33.882+0300] {example_python_operator.py:93} WARNING - The virtalenv_python example task requires virtualenv, please install it.
[2026-05-04T01:04:33.885+0300] {processor.py:925} INFO - DAG(s) 'example_python_operator' retrieved from /home/nikita/airflow-setup/ENV/lib/python3.12/site-packages/airflow/example_dags/example_python_operator.py
[2026-05-04T01:04:33.898+0300] {logging_mixin.py:190} INFO - [2026-05-04T01:04:33.897+0300] {dag.py:3239} INFO - Sync 1 DAGs
[2026-05-04T01:04:33.907+0300] {logging_mixin.py:190} INFO - [2026-05-04T01:04:33.907+0300] {dag.py:4180} INFO - Setting next_dagrun for example_python_operator to None, run_after=None
[2026-05-04T01:04:33.922+0300] {processor.py:208} INFO - Processing /home/nikita/airflow-setup/ENV/lib/python3.12/site-packages/airflow/example_dags/example_python_operator.py took 0.068 seconds
[2026-05-04T01:05:41.267+0300] {processor.py:186} INFO - Started process (PID=10246) to work on /home/nikita/airflow-setup/ENV/lib/python3.12/site-packages/airflow/example_dags/example_python_operator.py
[2026-05-04T01:05:41.277+0300] {processor.py:914} INFO - Processing file /home/nikita/airflow-setup/ENV/lib/python3.12/site-packages/airflow/example_dags/example_python_operator.py for tasks to queue
[2026-05-04T01:05:41.279+0300] {logging_mixin.py:190} INFO - [2026-05-04T01:05:41.278+0300] {dagbag.py:588} INFO - Filling up the DagBag from /home/nikita/airflow-setup/ENV/lib/python3.12/site-packages/airflow/example_dags/example_python_operator.py
[2026-05-04T01:05:41.308+0300] {logging_mixin.py:190} INFO - [2026-05-04T01:05:41.308+0300] {example_python_operator.py:93} WARNING - The virtalenv_python example task requires virtualenv, please install it.
[2026-05-04T01:05:41.314+0300] {processor.py:925} INFO - DAG(s) 'example_python_operator' retrieved from /home/nikita/airflow-setup/ENV/lib/python3.12/site-packages/airflow/example_dags/example_python_operator.py
[2026-05-04T01:05:41.332+0300] {logging_mixin.py:190} INFO - [2026-05-04T01:05:41.332+0300] {dag.py:3239} INFO - Sync 1 DAGs
[2026-05-04T01:05:41.358+0300] {logging_mixin.py:190} INFO - [2026-05-04T01:05:41.356+0300] {dag.py:4180} INFO - Setting next_dagrun for example_python_operator to None, run_after=None
[2026-05-04T01:05:41.392+0300] {processor.py:208} INFO - Processing /home/nikita/airflow-setup/ENV/lib/python3.12/site-packages/airflow/example_dags/example_python_operator.py took 0.131 seconds
[2026-05-04T01:06:46.836+0300] {processor.py:186} INFO - Started process (PID=10522) to work on /home/nikita/airflow-setup/ENV/lib/python3.12/site-packages/airflow/example_dags/example_python_operator.py
[2026-05-04T01:06:46.845+0300] {processor.py:914} INFO - Processing file /home/nikita/airflow-setup/ENV/lib/python3.12/site-packages/airflow/example_dags/example_python_operator.py for tasks to queue
[2026-05-04T01:06:46.847+0300] {logging_mixin.py:190} INFO - [2026-05-04T01:06:46.846+0300] {dagbag.py:588} INFO - Filling up the DagBag from /home/nikita/airflow-setup/ENV/lib/python3.12/site-packages/airflow/example_dags/example_python_operator.py
[2026-05-04T01:06:46.861+0300] {logging_mixin.py:190} INFO - [2026-05-04T01:06:46.860+0300] {example_python_operator.py:93} WARNING - The virtalenv_python example task requires virtualenv, please install it.
[2026-05-04T01:06:46.863+0300] {processor.py:925} INFO - DAG(s) 'example_python_operator' retrieved from /home/nikita/airflow-setup/ENV/lib/python3.12/site-packages/airflow/example_dags/example_python_operator.py
[2026-05-04T01:06:46.874+0300] {logging_mixin.py:190} INFO - [2026-05-04T01:06:46.874+0300] {dag.py:3239} INFO - Sync 1 DAGs
[2026-05-04T01:06:46.884+0300] {logging_mixin.py:190} INFO - [2026-05-04T01:06:46.884+0300] {dag.py:4180} INFO - Setting next_dagrun for example_python_operator to None, run_after=None
[2026-05-04T01:06:46.900+0300] {processor.py:208} INFO - Processing /home/nikita/airflow-setup/ENV/lib/python3.12/site-packages/airflow/example_dags/example_python_operator.py took 0.068 seconds
[2026-05-04T01:07:54.308+0300] {processor.py:186} INFO - Started process (PID=10774) to work on /home/nikita/airflow-setup/ENV/lib/python3.12/site-packages/airflow/example_dags/example_python_operator.py
[2026-05-04T01:07:54.310+0300] {processor.py:914} INFO - Processing file /home/nikita/airflow-setup/ENV/lib/python3.12/site-packages/airflow/example_dags/example_python_operator.py for tasks to queue
[2026-05-04T01:07:54.311+0300] {logging_mixin.py:190} INFO - [2026-05-04T01:07:54.310+0300] {dagbag.py:588} INFO - Filling up the DagBag from /home/nikita/airflow-setup/ENV/lib/python3.12/site-packages/airflow/example_dags/example_python_operator.py
[2026-05-04T01:07:54.328+0300] {logging_mixin.py:190} INFO - [2026-05-04T01:07:54.328+0300] {example_python_operator.py:93} WARNING - The virtalenv_python example task requires virtualenv, please install it.
[2026-05-04T01:07:54.331+0300] {processor.py:925} INFO - DAG(s) 'example_python_operator' retrieved from /home/nikita/airflow-setup/ENV/lib/python3.12/site-packages/airflow/example_dags/example_python_operator.py
[2026-05-04T01:07:54.343+0300] {logging_mixin.py:190} INFO - [2026-05-04T01:07:54.343+0300] {dag.py:3239} INFO - Sync 1 DAGs
[2026-05-04T01:07:54.355+0300] {logging_mixin.py:190} INFO - [2026-05-04T01:07:54.354+0300] {dag.py:4180} INFO - Setting next_dagrun for example_python_operator to None, run_after=None
[2026-05-04T01:07:54.372+0300] {processor.py:208} INFO - Processing /home/nikita/airflow-setup/ENV/lib/python3.12/site-packages/airflow/example_dags/example_python_operator.py took 0.069 seconds
[2026-05-04T01:09:00.093+0300] {processor.py:186} INFO - Started process (PID=11453) to work on /home/nikita/airflow-setup/ENV/lib/python3.12/site-packages/airflow/example_dags/example_python_operator.py
[2026-05-04T01:09:00.095+0300] {processor.py:914} INFO - Processing file /home/nikita/airflow-setup/ENV/lib/python3.12/site-packages/airflow/example_dags/example_python_operator.py for tasks to queue
[2026-05-04T01:09:00.097+0300] {logging_mixin.py:190} INFO - [2026-05-04T01:09:00.097+0300] {dagbag.py:588} INFO - Filling up the DagBag from /home/nikita/airflow-setup/ENV/lib/python3.12/site-packages/airflow/example_dags/example_python_operator.py
[2026-05-04T01:09:00.119+0300] {logging_mixin.py:190} INFO - [2026-05-04T01:09:00.119+0300] {example_python_operator.py:93} WARNING - The virtalenv_python example task requires virtualenv, please install it.
[2026-05-04T01:09:00.122+0300] {processor.py:925} INFO - DAG(s) 'example_python_operator' retrieved from /home/nikita/airflow-setup/ENV/lib/python3.12/site-packages/airflow/example_dags/example_python_operator.py
[2026-05-04T01:09:00.141+0300] {logging_mixin.py:190} INFO - [2026-05-04T01:09:00.141+0300] {dag.py:3239} INFO - Sync 1 DAGs
[2026-05-04T01:09:00.165+0300] {logging_mixin.py:190} INFO - [2026-05-04T01:09:00.165+0300] {dag.py:4180} INFO - Setting next_dagrun for example_python_operator to None, run_after=None
[2026-05-04T01:09:00.198+0300] {processor.py:208} INFO - Processing /home/nikita/airflow-setup/ENV/lib/python3.12/site-packages/airflow/example_dags/example_python_operator.py took 0.110 seconds
[2026-05-04T01:10:10.775+0300] {processor.py:186} INFO - Started process (PID=12235) to work on /home/nikita/airflow-setup/ENV/lib/python3.12/site-packages/airflow/example_dags/example_python_operator.py
[2026-05-04T01:10:10.786+0300] {processor.py:914} INFO - Processing file /home/nikita/airflow-setup/ENV/lib/python3.12/site-packages/airflow/example_dags/example_python_operator.py for tasks to queue
[2026-05-04T01:10:10.787+0300] {logging_mixin.py:190} INFO - [2026-05-04T01:10:10.787+0300] {dagbag.py:588} INFO - Filling up the DagBag from /home/nikita/airflow-setup/ENV/lib/python3.12/site-packages/airflow/example_dags/example_python_operator.py
[2026-05-04T01:10:10.822+0300] {logging_mixin.py:190} INFO - [2026-05-04T01:10:10.822+0300] {example_python_operator.py:93} WARNING - The virtalenv_python example task requires virtualenv, please install it.
[2026-05-04T01:10:10.826+0300] {processor.py:925} INFO - DAG(s) 'example_python_operator' retrieved from /home/nikita/airflow-setup/ENV/lib/python3.12/site-packages/airflow/example_dags/example_python_operator.py
[2026-05-04T01:10:10.850+0300] {logging_mixin.py:190} INFO - [2026-05-04T01:10:10.850+0300] {dag.py:3239} INFO - Sync 1 DAGs
[2026-05-04T01:10:10.871+0300] {logging_mixin.py:190} INFO - [2026-05-04T01:10:10.871+0300] {dag.py:4180} INFO - Setting next_dagrun for example_python_operator to None, run_after=None
[2026-05-04T01:10:10.911+0300] {processor.py:208} INFO - Processing /home/nikita/airflow-setup/ENV/lib/python3.12/site-packages/airflow/example_dags/example_python_operator.py took 0.145 seconds
[2026-05-04T01:11:20.147+0300] {processor.py:186} INFO - Started process (PID=12500) to work on /home/nikita/airflow-setup/ENV/lib/python3.12/site-packages/airflow/example_dags/example_python_operator.py
[2026-05-04T01:11:20.149+0300] {processor.py:914} INFO - Processing file /home/nikita/airflow-setup/ENV/lib/python3.12/site-packages/airflow/example_dags/example_python_operator.py for tasks to queue
[2026-05-04T01:11:20.150+0300] {logging_mixin.py:190} INFO - [2026-05-04T01:11:20.149+0300] {dagbag.py:588} INFO - Filling up the DagBag from /home/nikita/airflow-setup/ENV/lib/python3.12/site-packages/airflow/example_dags/example_python_operator.py
[2026-05-04T01:11:20.165+0300] {logging_mixin.py:190} INFO - [2026-05-04T01:11:20.165+0300] {example_python_operator.py:93} WARNING - The virtalenv_python example task requires virtualenv, please install it.
[2026-05-04T01:11:20.167+0300] {processor.py:925} INFO - DAG(s) 'example_python_operator' retrieved from /home/nikita/airflow-setup/ENV/lib/python3.12/site-packages/airflow/example_dags/example_python_operator.py
[2026-05-04T01:11:20.180+0300] {logging_mixin.py:190} INFO - [2026-05-04T01:11:20.179+0300] {dag.py:3239} INFO - Sync 1 DAGs
[2026-05-04T01:11:20.191+0300] {logging_mixin.py:190} INFO - [2026-05-04T01:11:20.190+0300] {dag.py:4180} INFO - Setting next_dagrun for example_python_operator to None, run_after=None
[2026-05-04T01:11:20.207+0300] {processor.py:208} INFO - Processing /home/nikita/airflow-setup/ENV/lib/python3.12/site-packages/airflow/example_dags/example_python_operator.py took 0.064 seconds
[2026-05-04T01:12:20.626+0300] {processor.py:186} INFO - Started process (PID=12731) to work on /home/nikita/airflow-setup/ENV/lib/python3.12/site-packages/airflow/example_dags/example_python_operator.py
[2026-05-04T01:12:20.634+0300] {processor.py:914} INFO - Processing file /home/nikita/airflow-setup/ENV/lib/python3.12/site-packages/airflow/example_dags/example_python_operator.py for tasks to queue
[2026-05-04T01:12:20.636+0300] {logging_mixin.py:190} INFO - [2026-05-04T01:12:20.635+0300] {dagbag.py:588} INFO - Filling up the DagBag from /home/nikita/airflow-setup/ENV/lib/python3.12/site-packages/airflow/example_dags/example_python_operator.py
[2026-05-04T01:12:20.653+0300] {logging_mixin.py:190} INFO - [2026-05-04T01:12:20.652+0300] {example_python_operator.py:93} WARNING - The virtalenv_python example task requires virtualenv, please install it.
[2026-05-04T01:12:20.655+0300] {processor.py:925} INFO - DAG(s) 'example_python_operator' retrieved from /home/nikita/airflow-setup/ENV/lib/python3.12/site-packages/airflow/example_dags/example_python_operator.py
[2026-05-04T01:12:20.669+0300] {logging_mixin.py:190} INFO - [2026-05-04T01:12:20.668+0300] {dag.py:3239} INFO - Sync 1 DAGs
[2026-05-04T01:12:20.679+0300] {logging_mixin.py:190} INFO - [2026-05-04T01:12:20.679+0300] {dag.py:4180} INFO - Setting next_dagrun for example_python_operator to None, run_after=None
[2026-05-04T01:12:20.699+0300] {processor.py:208} INFO - Processing /home/nikita/airflow-setup/ENV/lib/python3.12/site-packages/airflow/example_dags/example_python_operator.py took 0.078 seconds
[2026-05-04T01:13:21.002+0300] {processor.py:186} INFO - Started process (PID=13112) to work on /home/nikita/airflow-setup/ENV/lib/python3.12/site-packages/airflow/example_dags/example_python_operator.py
[2026-05-04T01:13:21.011+0300] {processor.py:914} INFO - Processing file /home/nikita/airflow-setup/ENV/lib/python3.12/site-packages/airflow/example_dags/example_python_operator.py for tasks to queue
[2026-05-04T01:13:21.012+0300] {logging_mixin.py:190} INFO - [2026-05-04T01:13:21.012+0300] {dagbag.py:588} INFO - Filling up the DagBag from /home/nikita/airflow-setup/ENV/lib/python3.12/site-packages/airflow/example_dags/example_python_operator.py
[2026-05-04T01:13:21.027+0300] {logging_mixin.py:190} INFO - [2026-05-04T01:13:21.027+0300] {example_python_operator.py:93} WARNING - The virtalenv_python example task requires virtualenv, please install it.
[2026-05-04T01:13:21.030+0300] {processor.py:925} INFO - DAG(s) 'example_python_operator' retrieved from /home/nikita/airflow-setup/ENV/lib/python3.12/site-packages/airflow/example_dags/example_python_operator.py
[2026-05-04T01:13:21.044+0300] {logging_mixin.py:190} INFO - [2026-05-04T01:13:21.043+0300] {dag.py:3239} INFO - Sync 1 DAGs
[2026-05-04T01:13:21.054+0300] {logging_mixin.py:190} INFO - [2026-05-04T01:13:21.054+0300] {dag.py:4180} INFO - Setting next_dagrun for example_python_operator to None, run_after=None
[2026-05-04T01:13:21.074+0300] {processor.py:208} INFO - Processing /home/nikita/airflow-setup/ENV/lib/python3.12/site-packages/airflow/example_dags/example_python_operator.py took 0.077 seconds
[2026-05-04T01:14:25.689+0300] {processor.py:186} INFO - Started process (PID=14272) to work on /home/nikita/airflow-setup/ENV/lib/python3.12/site-packages/airflow/example_dags/example_python_operator.py
[2026-05-04T01:14:25.691+0300] {processor.py:914} INFO - Processing file /home/nikita/airflow-setup/ENV/lib/python3.12/site-packages/airflow/example_dags/example_python_operator.py for tasks to queue
[2026-05-04T01:14:25.692+0300] {logging_mixin.py:190} INFO - [2026-05-04T01:14:25.691+0300] {dagbag.py:588} INFO - Filling up the DagBag from /home/nikita/airflow-setup/ENV/lib/python3.12/site-packages/airflow/example_dags/example_python_operator.py
[2026-05-04T01:14:25.704+0300] {logging_mixin.py:190} INFO - [2026-05-04T01:14:25.704+0300] {example_python_operator.py:93} WARNING - The virtalenv_python example task requires virtualenv, please install it.
[2026-05-04T01:14:25.706+0300] {processor.py:925} INFO - DAG(s) 'example_python_operator' retrieved from /home/nikita/airflow-setup/ENV/lib/python3.12/site-packages/airflow/example_dags/example_python_operator.py
[2026-05-04T01:14:25.720+0300] {logging_mixin.py:190} INFO - [2026-05-04T01:14:25.720+0300] {dag.py:3239} INFO - Sync 1 DAGs
[2026-05-04T01:14:25.730+0300] {logging_mixin.py:190} INFO - [2026-05-04T01:14:25.730+0300] {dag.py:4180} INFO - Setting next_dagrun for example_python_operator to None, run_after=None
[2026-05-04T01:14:25.746+0300] {processor.py:208} INFO - Processing /home/nikita/airflow-setup/ENV/lib/python3.12/site-packages/airflow/example_dags/example_python_operator.py took 0.062 seconds
[2026-05-04T01:15:35.465+0300] {processor.py:186} INFO - Started process (PID=14537) to work on /home/nikita/airflow-setup/ENV/lib/python3.12/site-packages/airflow/example_dags/example_python_operator.py
[2026-05-04T01:15:35.467+0300] {processor.py:914} INFO - Processing file /home/nikita/airflow-setup/ENV/lib/python3.12/site-packages/airflow/example_dags/example_python_operator.py for tasks to queue
[2026-05-04T01:15:35.468+0300] {logging_mixin.py:190} INFO - [2026-05-04T01:15:35.468+0300] {dagbag.py:588} INFO - Filling up the DagBag from /home/nikita/airflow-setup/ENV/lib/python3.12/site-packages/airflow/example_dags/example_python_operator.py
[2026-05-04T01:15:35.482+0300] {logging_mixin.py:190} INFO - [2026-05-04T01:15:35.482+0300] {example_python_operator.py:93} WARNING - The virtalenv_python example task requires virtualenv, please install it.
[2026-05-04T01:15:35.484+0300] {processor.py:925} INFO - DAG(s) 'example_python_operator' retrieved from /home/nikita/airflow-setup/ENV/lib/python3.12/site-packages/airflow/example_dags/example_python_operator.py
[2026-05-04T01:15:35.496+0300] {logging_mixin.py:190} INFO - [2026-05-04T01:15:35.496+0300] {dag.py:3239} INFO - Sync 1 DAGs
[2026-05-04T01:15:35.506+0300] {logging_mixin.py:190} INFO - [2026-05-04T01:15:35.506+0300] {dag.py:4180} INFO - Setting next_dagrun for example_python_operator to None, run_after=None
[2026-05-04T01:15:35.523+0300] {processor.py:208} INFO - Processing /home/nikita/airflow-setup/ENV/lib/python3.12/site-packages/airflow/example_dags/example_python_operator.py took 0.062 seconds
[2026-05-04T01:16:44.389+0300] {processor.py:186} INFO - Started process (PID=15753) to work on /home/nikita/airflow-setup/ENV/lib/python3.12/site-packages/airflow/example_dags/example_python_operator.py
[2026-05-04T01:16:44.391+0300] {processor.py:914} INFO - Processing file /home/nikita/airflow-setup/ENV/lib/python3.12/site-packages/airflow/example_dags/example_python_operator.py for tasks to queue
[2026-05-04T01:16:44.393+0300] {logging_mixin.py:190} INFO - [2026-05-04T01:16:44.392+0300] {dagbag.py:588} INFO - Filling up the DagBag from /home/nikita/airflow-setup/ENV/lib/python3.12/site-packages/airflow/example_dags/example_python_operator.py
[2026-05-04T01:16:44.416+0300] {logging_mixin.py:190} INFO - [2026-05-04T01:16:44.416+0300] {example_python_operator.py:93} WARNING - The virtalenv_python example task requires virtualenv, please install it.
[2026-05-04T01:16:44.419+0300] {processor.py:925} INFO - DAG(s) 'example_python_operator' retrieved from /home/nikita/airflow-setup/ENV/lib/python3.12/site-packages/airflow/example_dags/example_python_operator.py
[2026-05-04T01:16:44.437+0300] {logging_mixin.py:190} INFO - [2026-05-04T01:16:44.436+0300] {dag.py:3239} INFO - Sync 1 DAGs
[2026-05-04T01:16:44.448+0300] {logging_mixin.py:190} INFO - [2026-05-04T01:16:44.448+0300] {dag.py:4180} INFO - Setting next_dagrun for example_python_operator to None, run_after=None
[2026-05-04T01:16:44.466+0300] {processor.py:208} INFO - Processing /home/nikita/airflow-setup/ENV/lib/python3.12/site-packages/airflow/example_dags/example_python_operator.py took 0.082 seconds
[2026-05-04T01:17:52.356+0300] {processor.py:186} INFO - Started process (PID=16013) to work on /home/nikita/airflow-setup/ENV/lib/python3.12/site-packages/airflow/example_dags/example_python_operator.py
[2026-05-04T01:17:52.366+0300] {processor.py:914} INFO - Processing file /home/nikita/airflow-setup/ENV/lib/python3.12/site-packages/airflow/example_dags/example_python_operator.py for tasks to queue
[2026-05-04T01:17:52.367+0300] {logging_mixin.py:190} INFO - [2026-05-04T01:17:52.367+0300] {dagbag.py:588} INFO - Filling up the DagBag from /home/nikita/airflow-setup/ENV/lib/python3.12/site-packages/airflow/example_dags/example_python_operator.py
[2026-05-04T01:17:52.384+0300] {logging_mixin.py:190} INFO - [2026-05-04T01:17:52.383+0300] {example_python_operator.py:93} WARNING - The virtalenv_python example task requires virtualenv, please install it.
[2026-05-04T01:17:52.386+0300] {processor.py:925} INFO - DAG(s) 'example_python_operator' retrieved from /home/nikita/airflow-setup/ENV/lib/python3.12/site-packages/airflow/example_dags/example_python_operator.py
[2026-05-04T01:17:52.399+0300] {logging_mixin.py:190} INFO - [2026-05-04T01:17:52.399+0300] {dag.py:3239} INFO - Sync 1 DAGs
[2026-05-04T01:17:52.409+0300] {logging_mixin.py:190} INFO - [2026-05-04T01:17:52.409+0300] {dag.py:4180} INFO - Setting next_dagrun for example_python_operator to None, run_after=None
[2026-05-04T01:17:52.426+0300] {processor.py:208} INFO - Processing /home/nikita/airflow-setup/ENV/lib/python3.12/site-packages/airflow/example_dags/example_python_operator.py took 0.075 seconds
[2026-05-04T01:19:01.053+0300] {processor.py:186} INFO - Started process (PID=16271) to work on /home/nikita/airflow-setup/ENV/lib/python3.12/site-packages/airflow/example_dags/example_python_operator.py
[2026-05-04T01:19:01.062+0300] {processor.py:914} INFO - Processing file /home/nikita/airflow-setup/ENV/lib/python3.12/site-packages/airflow/example_dags/example_python_operator.py for tasks to queue
[2026-05-04T01:19:01.063+0300] {logging_mixin.py:190} INFO - [2026-05-04T01:19:01.062+0300] {dagbag.py:588} INFO - Filling up the DagBag from /home/nikita/airflow-setup/ENV/lib/python3.12/site-packages/airflow/example_dags/example_python_operator.py
[2026-05-04T01:19:01.080+0300] {logging_mixin.py:190} INFO - [2026-05-04T01:19:01.080+0300] {example_python_operator.py:93} WARNING - The virtalenv_python example task requires virtualenv, please install it.
[2026-05-04T01:19:01.082+0300] {processor.py:925} INFO - DAG(s) 'example_python_operator' retrieved from /home/nikita/airflow-setup/ENV/lib/python3.12/site-packages/airflow/example_dags/example_python_operator.py
[2026-05-04T01:19:01.094+0300] {logging_mixin.py:190} INFO - [2026-05-04T01:19:01.093+0300] {dag.py:3239} INFO - Sync 1 DAGs
[2026-05-04T01:19:01.103+0300] {logging_mixin.py:190} INFO - [2026-05-04T01:19:01.102+0300] {dag.py:4180} INFO - Setting next_dagrun for example_python_operator to None, run_after=None
[2026-05-04T01:19:01.119+0300] {processor.py:208} INFO - Processing /home/nikita/airflow-setup/ENV/lib/python3.12/site-packages/airflow/example_dags/example_python_operator.py took 0.071 seconds
[2026-05-04T01:20:03.936+0300] {processor.py:186} INFO - Started process (PID=16527) to work on /home/nikita/airflow-setup/ENV/lib/python3.12/site-packages/airflow/example_dags/example_python_operator.py
[2026-05-04T01:20:03.938+0300] {processor.py:914} INFO - Processing file /home/nikita/airflow-setup/ENV/lib/python3.12/site-packages/airflow/example_dags/example_python_operator.py for tasks to queue
[2026-05-04T01:20:03.939+0300] {logging_mixin.py:190} INFO - [2026-05-04T01:20:03.938+0300] {dagbag.py:588} INFO - Filling up the DagBag from /home/nikita/airflow-setup/ENV/lib/python3.12/site-packages/airflow/example_dags/example_python_operator.py
[2026-05-04T01:20:03.953+0300] {logging_mixin.py:190} INFO - [2026-05-04T01:20:03.953+0300] {example_python_operator.py:93} WARNING - The virtalenv_python example task requires virtualenv, please install it.
[2026-05-04T01:20:03.956+0300] {processor.py:925} INFO - DAG(s) 'example_python_operator' retrieved from /home/nikita/airflow-setup/ENV/lib/python3.12/site-packages/airflow/example_dags/example_python_operator.py
[2026-05-04T01:20:03.970+0300] {logging_mixin.py:190} INFO - [2026-05-04T01:20:03.970+0300] {dag.py:3239} INFO - Sync 1 DAGs
[2026-05-04T01:20:03.980+0300] {logging_mixin.py:190} INFO - [2026-05-04T01:20:03.980+0300] {dag.py:4180} INFO - Setting next_dagrun for example_python_operator to None, run_after=None
[2026-05-04T01:20:03.997+0300] {processor.py:208} INFO - Processing /home/nikita/airflow-setup/ENV/lib/python3.12/site-packages/airflow/example_dags/example_python_operator.py took 0.065 seconds
[2026-05-04T01:21:11.442+0300] {processor.py:186} INFO - Started process (PID=16787) to work on /home/nikita/airflow-setup/ENV/lib/python3.12/site-packages/airflow/example_dags/example_python_operator.py
[2026-05-04T01:21:11.451+0300] {processor.py:914} INFO - Processing file /home/nikita/airflow-setup/ENV/lib/python3.12/site-packages/airflow/example_dags/example_python_operator.py for tasks to queue
[2026-05-04T01:21:11.452+0300] {logging_mixin.py:190} INFO - [2026-05-04T01:21:11.451+0300] {dagbag.py:588} INFO - Filling up the DagBag from /home/nikita/airflow-setup/ENV/lib/python3.12/site-packages/airflow/example_dags/example_python_operator.py
[2026-05-04T01:21:11.467+0300] {logging_mixin.py:190} INFO - [2026-05-04T01:21:11.467+0300] {example_python_operator.py:93} WARNING - The virtalenv_python example task requires virtualenv, please install it.
[2026-05-04T01:21:11.469+0300] {processor.py:925} INFO - DAG(s) 'example_python_operator' retrieved from /home/nikita/airflow-setup/ENV/lib/python3.12/site-packages/airflow/example_dags/example_python_operator.py
[2026-05-04T01:21:11.480+0300] {logging_mixin.py:190} INFO - [2026-05-04T01:21:11.480+0300] {dag.py:3239} INFO - Sync 1 DAGs
[2026-05-04T01:21:11.489+0300] {logging_mixin.py:190} INFO - [2026-05-04T01:21:11.488+0300] {dag.py:4180} INFO - Setting next_dagrun for example_python_operator to None, run_after=None
[2026-05-04T01:21:11.504+0300] {processor.py:208} INFO - Processing /home/nikita/airflow-setup/ENV/lib/python3.12/site-packages/airflow/example_dags/example_python_operator.py took 0.066 seconds
[2026-05-04T01:22:21.389+0300] {processor.py:186} INFO - Started process (PID=17053) to work on /home/nikita/airflow-setup/ENV/lib/python3.12/site-packages/airflow/example_dags/example_python_operator.py
[2026-05-04T01:22:21.391+0300] {processor.py:914} INFO - Processing file /home/nikita/airflow-setup/ENV/lib/python3.12/site-packages/airflow/example_dags/example_python_operator.py for tasks to queue
[2026-05-04T01:22:21.392+0300] {logging_mixin.py:190} INFO - [2026-05-04T01:22:21.392+0300] {dagbag.py:588} INFO - Filling up the DagBag from /home/nikita/airflow-setup/ENV/lib/python3.12/site-packages/airflow/example_dags/example_python_operator.py
[2026-05-04T01:22:21.411+0300] {logging_mixin.py:190} INFO - [2026-05-04T01:22:21.411+0300] {example_python_operator.py:93} WARNING - The virtalenv_python example task requires virtualenv, please install it.
[2026-05-04T01:22:21.413+0300] {processor.py:925} INFO - DAG(s) 'example_python_operator' retrieved from /home/nikita/airflow-setup/ENV/lib/python3.12/site-packages/airflow/example_dags/example_python_operator.py
[2026-05-04T01:22:21.430+0300] {logging_mixin.py:190} INFO - [2026-05-04T01:22:21.430+0300] {dag.py:3239} INFO - Sync 1 DAGs
[2026-05-04T01:22:21.441+0300] {logging_mixin.py:190} INFO - [2026-05-04T01:22:21.441+0300] {dag.py:4180} INFO - Setting next_dagrun for example_python_operator to None, run_after=None
[2026-05-04T01:22:21.457+0300] {processor.py:208} INFO - Processing /home/nikita/airflow-setup/ENV/lib/python3.12/site-packages/airflow/example_dags/example_python_operator.py took 0.072 seconds
[2026-05-04T01:23:31.805+0300] {processor.py:186} INFO - Started process (PID=17311) to work on /home/nikita/airflow-setup/ENV/lib/python3.12/site-packages/airflow/example_dags/example_python_operator.py
[2026-05-04T01:23:31.806+0300] {processor.py:914} INFO - Processing file /home/nikita/airflow-setup/ENV/lib/python3.12/site-packages/airflow/example_dags/example_python_operator.py for tasks to queue
[2026-05-04T01:23:31.808+0300] {logging_mixin.py:190} INFO - [2026-05-04T01:23:31.807+0300] {dagbag.py:588} INFO - Filling up the DagBag from /home/nikita/airflow-setup/ENV/lib/python3.12/site-packages/airflow/example_dags/example_python_operator.py
[2026-05-04T01:23:31.824+0300] {logging_mixin.py:190} INFO - [2026-05-04T01:23:31.824+0300] {example_python_operator.py:93} WARNING - The virtalenv_python example task requires virtualenv, please install it.
[2026-05-04T01:23:31.826+0300] {processor.py:925} INFO - DAG(s) 'example_python_operator' retrieved from /home/nikita/airflow-setup/ENV/lib/python3.12/site-packages/airflow/example_dags/example_python_operator.py
[2026-05-04T01:23:31.840+0300] {logging_mixin.py:190} INFO - [2026-05-04T01:23:31.840+0300] {dag.py:3239} INFO - Sync 1 DAGs
[2026-05-04T01:23:31.850+0300] {logging_mixin.py:190} INFO - [2026-05-04T01:23:31.850+0300] {dag.py:4180} INFO - Setting next_dagrun for example_python_operator to None, run_after=None
[2026-05-04T01:23:31.870+0300] {processor.py:208} INFO - Processing /home/nikita/airflow-setup/ENV/lib/python3.12/site-packages/airflow/example_dags/example_python_operator.py took 0.070 seconds
[2026-05-04T01:24:37.363+0300] {processor.py:186} INFO - Started process (PID=17876) to work on /home/nikita/airflow-setup/ENV/lib/python3.12/site-packages/airflow/example_dags/example_python_operator.py
[2026-05-04T01:24:37.373+0300] {processor.py:914} INFO - Processing file /home/nikita/airflow-setup/ENV/lib/python3.12/site-packages/airflow/example_dags/example_python_operator.py for tasks to queue
[2026-05-04T01:24:37.374+0300] {logging_mixin.py:190} INFO - [2026-05-04T01:24:37.374+0300] {dagbag.py:588} INFO - Filling up the DagBag from /home/nikita/airflow-setup/ENV/lib/python3.12/site-packages/airflow/example_dags/example_python_operator.py
[2026-05-04T01:24:37.390+0300] {logging_mixin.py:190} INFO - [2026-05-04T01:24:37.389+0300] {example_python_operator.py:93} WARNING - The virtalenv_python example task requires virtualenv, please install it.
[2026-05-04T01:24:37.392+0300] {processor.py:925} INFO - DAG(s) 'example_python_operator' retrieved from /home/nikita/airflow-setup/ENV/lib/python3.12/site-packages/airflow/example_dags/example_python_operator.py
[2026-05-04T01:24:37.403+0300] {logging_mixin.py:190} INFO - [2026-05-04T01:24:37.403+0300] {dag.py:3239} INFO - Sync 1 DAGs
[2026-05-04T01:24:37.412+0300] {logging_mixin.py:190} INFO - [2026-05-04T01:24:37.412+0300] {dag.py:4180} INFO - Setting next_dagrun for example_python_operator to None, run_after=None
[2026-05-04T01:24:37.429+0300] {processor.py:208} INFO - Processing /home/nikita/airflow-setup/ENV/lib/python3.12/site-packages/airflow/example_dags/example_python_operator.py took 0.070 seconds
[2026-05-04T01:25:47.708+0300] {processor.py:186} INFO - Started process (PID=18492) to work on /home/nikita/airflow-setup/ENV/lib/python3.12/site-packages/airflow/example_dags/example_python_operator.py
[2026-05-04T01:25:47.716+0300] {processor.py:914} INFO - Processing file /home/nikita/airflow-setup/ENV/lib/python3.12/site-packages/airflow/example_dags/example_python_operator.py for tasks to queue
[2026-05-04T01:25:47.717+0300] {logging_mixin.py:190} INFO - [2026-05-04T01:25:47.717+0300] {dagbag.py:588} INFO - Filling up the DagBag from /home/nikita/airflow-setup/ENV/lib/python3.12/site-packages/airflow/example_dags/example_python_operator.py
[2026-05-04T01:25:47.732+0300] {logging_mixin.py:190} INFO - [2026-05-04T01:25:47.731+0300] {example_python_operator.py:93} WARNING - The virtalenv_python example task requires virtualenv, please install it.
[2026-05-04T01:25:47.734+0300] {processor.py:925} INFO - DAG(s) 'example_python_operator' retrieved from /home/nikita/airflow-setup/ENV/lib/python3.12/site-packages/airflow/example_dags/example_python_operator.py
[2026-05-04T01:25:47.745+0300] {logging_mixin.py:190} INFO - [2026-05-04T01:25:47.745+0300] {dag.py:3239} INFO - Sync 1 DAGs
[2026-05-04T01:25:47.754+0300] {logging_mixin.py:190} INFO - [2026-05-04T01:25:47.754+0300] {dag.py:4180} INFO - Setting next_dagrun for example_python_operator to None, run_after=None
[2026-05-04T01:25:47.771+0300] {processor.py:208} INFO - Processing /home/nikita/airflow-setup/ENV/lib/python3.12/site-packages/airflow/example_dags/example_python_operator.py took 0.067 seconds
[2026-05-04T01:27:00.268+0300] {processor.py:186} INFO - Started process (PID=19444) to work on /home/nikita/airflow-setup/ENV/lib/python3.12/site-packages/airflow/example_dags/example_python_operator.py
[2026-05-04T01:27:00.270+0300] {processor.py:914} INFO - Processing file /home/nikita/airflow-setup/ENV/lib/python3.12/site-packages/airflow/example_dags/example_python_operator.py for tasks to queue
[2026-05-04T01:27:00.271+0300] {logging_mixin.py:190} INFO - [2026-05-04T01:27:00.271+0300] {dagbag.py:588} INFO - Filling up the DagBag from /home/nikita/airflow-setup/ENV/lib/python3.12/site-packages/airflow/example_dags/example_python_operator.py
[2026-05-04T01:27:00.288+0300] {logging_mixin.py:190} INFO - [2026-05-04T01:27:00.288+0300] {example_python_operator.py:93} WARNING - The virtalenv_python example task requires virtualenv, please install it.
[2026-05-04T01:27:00.291+0300] {processor.py:925} INFO - DAG(s) 'example_python_operator' retrieved from /home/nikita/airflow-setup/ENV/lib/python3.12/site-packages/airflow/example_dags/example_python_operator.py
[2026-05-04T01:27:00.304+0300] {logging_mixin.py:190} INFO - [2026-05-04T01:27:00.304+0300] {dag.py:3239} INFO - Sync 1 DAGs
[2026-05-04T01:27:00.315+0300] {logging_mixin.py:190} INFO - [2026-05-04T01:27:00.314+0300] {dag.py:4180} INFO - Setting next_dagrun for example_python_operator to None, run_after=None
[2026-05-04T01:27:00.331+0300] {processor.py:208} INFO - Processing /home/nikita/airflow-setup/ENV/lib/python3.12/site-packages/airflow/example_dags/example_python_operator.py took 0.069 seconds
[2026-05-04T01:28:12.798+0300] {processor.py:186} INFO - Started process (PID=19712) to work on /home/nikita/airflow-setup/ENV/lib/python3.12/site-packages/airflow/example_dags/example_python_operator.py
[2026-05-04T01:28:12.799+0300] {processor.py:914} INFO - Processing file /home/nikita/airflow-setup/ENV/lib/python3.12/site-packages/airflow/example_dags/example_python_operator.py for tasks to queue
[2026-05-04T01:28:12.800+0300] {logging_mixin.py:190} INFO - [2026-05-04T01:28:12.800+0300] {dagbag.py:588} INFO - Filling up the DagBag from /home/nikita/airflow-setup/ENV/lib/python3.12/site-packages/airflow/example_dags/example_python_operator.py
[2026-05-04T01:28:12.818+0300] {logging_mixin.py:190} INFO - [2026-05-04T01:28:12.818+0300] {example_python_operator.py:93} WARNING - The virtalenv_python example task requires virtualenv, please install it.
[2026-05-04T01:28:12.821+0300] {processor.py:925} INFO - DAG(s) 'example_python_operator' retrieved from /home/nikita/airflow-setup/ENV/lib/python3.12/site-packages/airflow/example_dags/example_python_operator.py
[2026-05-04T01:28:12.835+0300] {logging_mixin.py:190} INFO - [2026-05-04T01:28:12.835+0300] {dag.py:3239} INFO - Sync 1 DAGs
[2026-05-04T01:28:12.985+0300] {logging_mixin.py:190} INFO - [2026-05-04T01:28:12.984+0300] {dag.py:4180} INFO - Setting next_dagrun for example_python_operator to None, run_after=None
[2026-05-04T01:28:13.001+0300] {processor.py:208} INFO - Processing /home/nikita/airflow-setup/ENV/lib/python3.12/site-packages/airflow/example_dags/example_python_operator.py took 0.209 seconds
[2026-05-04T01:29:20.537+0300] {processor.py:186} INFO - Started process (PID=19974) to work on /home/nikita/airflow-setup/ENV/lib/python3.12/site-packages/airflow/example_dags/example_python_operator.py
[2026-05-04T01:29:20.539+0300] {processor.py:914} INFO - Processing file /home/nikita/airflow-setup/ENV/lib/python3.12/site-packages/airflow/example_dags/example_python_operator.py for tasks to queue
[2026-05-04T01:29:20.540+0300] {logging_mixin.py:190} INFO - [2026-05-04T01:29:20.540+0300] {dagbag.py:588} INFO - Filling up the DagBag from /home/nikita/airflow-setup/ENV/lib/python3.12/site-packages/airflow/example_dags/example_python_operator.py
[2026-05-04T01:29:20.555+0300] {logging_mixin.py:190} INFO - [2026-05-04T01:29:20.555+0300] {example_python_operator.py:93} WARNING - The virtalenv_python example task requires virtualenv, please install it.
[2026-05-04T01:29:20.557+0300] {processor.py:925} INFO - DAG(s) 'example_python_operator' retrieved from /home/nikita/airflow-setup/ENV/lib/python3.12/site-packages/airflow/example_dags/example_python_operator.py
[2026-05-04T01:29:20.569+0300] {logging_mixin.py:190} INFO - [2026-05-04T01:29:20.569+0300] {dag.py:3239} INFO - Sync 1 DAGs
[2026-05-04T01:29:20.580+0300] {logging_mixin.py:190} INFO - [2026-05-04T01:29:20.580+0300] {dag.py:4180} INFO - Setting next_dagrun for example_python_operator to None, run_after=None
[2026-05-04T01:29:20.598+0300] {processor.py:208} INFO - Processing /home/nikita/airflow-setup/ENV/lib/python3.12/site-packages/airflow/example_dags/example_python_operator.py took 0.066 seconds
[2026-05-04T01:30:32.412+0300] {processor.py:186} INFO - Started process (PID=20245) to work on /home/nikita/airflow-setup/ENV/lib/python3.12/site-packages/airflow/example_dags/example_python_operator.py
[2026-05-04T01:30:32.422+0300] {processor.py:914} INFO - Processing file /home/nikita/airflow-setup/ENV/lib/python3.12/site-packages/airflow/example_dags/example_python_operator.py for tasks to queue
[2026-05-04T01:30:32.423+0300] {logging_mixin.py:190} INFO - [2026-05-04T01:30:32.423+0300] {dagbag.py:588} INFO - Filling up the DagBag from /home/nikita/airflow-setup/ENV/lib/python3.12/site-packages/airflow/example_dags/example_python_operator.py
[2026-05-04T01:30:32.439+0300] {logging_mixin.py:190} INFO - [2026-05-04T01:30:32.439+0300] {example_python_operator.py:93} WARNING - The virtalenv_python example task requires virtualenv, please install it.
[2026-05-04T01:30:32.442+0300] {processor.py:925} INFO - DAG(s) 'example_python_operator' retrieved from /home/nikita/airflow-setup/ENV/lib/python3.12/site-packages/airflow/example_dags/example_python_operator.py
[2026-05-04T01:30:32.454+0300] {logging_mixin.py:190} INFO - [2026-05-04T01:30:32.454+0300] {dag.py:3239} INFO - Sync 1 DAGs
[2026-05-04T01:30:32.464+0300] {logging_mixin.py:190} INFO - [2026-05-04T01:30:32.464+0300] {dag.py:4180} INFO - Setting next_dagrun for example_python_operator to None, run_after=None
[2026-05-04T01:30:32.482+0300] {processor.py:208} INFO - Processing /home/nikita/airflow-setup/ENV/lib/python3.12/site-packages/airflow/example_dags/example_python_operator.py took 0.074 seconds
[2026-05-04T01:31:53.198+0300] {processor.py:186} INFO - Started process (PID=20543) to work on /home/nikita/airflow-setup/ENV/lib/python3.12/site-packages/airflow/example_dags/example_python_operator.py
[2026-05-04T01:31:53.206+0300] {processor.py:914} INFO - Processing file /home/nikita/airflow-setup/ENV/lib/python3.12/site-packages/airflow/example_dags/example_python_operator.py for tasks to queue
[2026-05-04T01:31:53.208+0300] {logging_mixin.py:190} INFO - [2026-05-04T01:31:53.207+0300] {dagbag.py:588} INFO - Filling up the DagBag from /home/nikita/airflow-setup/ENV/lib/python3.12/site-packages/airflow/example_dags/example_python_operator.py
[2026-05-04T01:31:53.358+0300] {logging_mixin.py:190} INFO - [2026-05-04T01:31:53.358+0300] {example_python_operator.py:93} WARNING - The virtalenv_python example task requires virtualenv, please install it.
[2026-05-04T01:31:53.360+0300] {processor.py:925} INFO - DAG(s) 'example_python_operator' retrieved from /home/nikita/airflow-setup/ENV/lib/python3.12/site-packages/airflow/example_dags/example_python_operator.py
[2026-05-04T01:31:53.370+0300] {logging_mixin.py:190} INFO - [2026-05-04T01:31:53.370+0300] {dag.py:3239} INFO - Sync 1 DAGs
[2026-05-04T01:31:53.377+0300] {logging_mixin.py:190} INFO - [2026-05-04T01:31:53.377+0300] {dag.py:4180} INFO - Setting next_dagrun for example_python_operator to None, run_after=None
[2026-05-04T01:31:53.393+0300] {processor.py:208} INFO - Processing /home/nikita/airflow-setup/ENV/lib/python3.12/site-packages/airflow/example_dags/example_python_operator.py took 0.199 seconds
[2026-05-04T01:33:04.989+0300] {processor.py:186} INFO - Started process (PID=20955) to work on /home/nikita/airflow-setup/ENV/lib/python3.12/site-packages/airflow/example_dags/example_python_operator.py
[2026-05-04T01:33:04.991+0300] {processor.py:914} INFO - Processing file /home/nikita/airflow-setup/ENV/lib/python3.12/site-packages/airflow/example_dags/example_python_operator.py for tasks to queue
[2026-05-04T01:33:04.992+0300] {logging_mixin.py:190} INFO - [2026-05-04T01:33:04.991+0300] {dagbag.py:588} INFO - Filling up the DagBag from /home/nikita/airflow-setup/ENV/lib/python3.12/site-packages/airflow/example_dags/example_python_operator.py
[2026-05-04T01:33:05.008+0300] {logging_mixin.py:190} INFO - [2026-05-04T01:33:05.008+0300] {example_python_operator.py:93} WARNING - The virtalenv_python example task requires virtualenv, please install it.
[2026-05-04T01:33:05.010+0300] {processor.py:925} INFO - DAG(s) 'example_python_operator' retrieved from /home/nikita/airflow-setup/ENV/lib/python3.12/site-packages/airflow/example_dags/example_python_operator.py
[2026-05-04T01:33:05.024+0300] {logging_mixin.py:190} INFO - [2026-05-04T01:33:05.024+0300] {dag.py:3239} INFO - Sync 1 DAGs
[2026-05-04T01:33:05.036+0300] {logging_mixin.py:190} INFO - [2026-05-04T01:33:05.036+0300] {dag.py:4180} INFO - Setting next_dagrun for example_python_operator to None, run_after=None
[2026-05-04T01:33:05.054+0300] {processor.py:208} INFO - Processing /home/nikita/airflow-setup/ENV/lib/python3.12/site-packages/airflow/example_dags/example_python_operator.py took 0.069 seconds
[2026-05-04T01:34:07.582+0300] {processor.py:186} INFO - Started process (PID=21327) to work on /home/nikita/airflow-setup/ENV/lib/python3.12/site-packages/airflow/example_dags/example_python_operator.py
[2026-05-04T01:34:07.591+0300] {processor.py:914} INFO - Processing file /home/nikita/airflow-setup/ENV/lib/python3.12/site-packages/airflow/example_dags/example_python_operator.py for tasks to queue
[2026-05-04T01:34:07.592+0300] {logging_mixin.py:190} INFO - [2026-05-04T01:34:07.592+0300] {dagbag.py:588} INFO - Filling up the DagBag from /home/nikita/airflow-setup/ENV/lib/python3.12/site-packages/airflow/example_dags/example_python_operator.py
[2026-05-04T01:34:07.608+0300] {logging_mixin.py:190} INFO - [2026-05-04T01:34:07.608+0300] {example_python_operator.py:93} WARNING - The virtalenv_python example task requires virtualenv, please install it.
[2026-05-04T01:34:07.610+0300] {processor.py:925} INFO - DAG(s) 'example_python_operator' retrieved from /home/nikita/airflow-setup/ENV/lib/python3.12/site-packages/airflow/example_dags/example_python_operator.py
[2026-05-04T01:34:07.622+0300] {logging_mixin.py:190} INFO - [2026-05-04T01:34:07.622+0300] {dag.py:3239} INFO - Sync 1 DAGs
[2026-05-04T01:34:07.631+0300] {logging_mixin.py:190} INFO - [2026-05-04T01:34:07.631+0300] {dag.py:4180} INFO - Setting next_dagrun for example_python_operator to None, run_after=None
[2026-05-04T01:34:07.647+0300] {processor.py:208} INFO - Processing /home/nikita/airflow-setup/ENV/lib/python3.12/site-packages/airflow/example_dags/example_python_operator.py took 0.069 seconds
[2026-05-04T01:35:12.335+0300] {processor.py:186} INFO - Started process (PID=21575) to work on /home/nikita/airflow-setup/ENV/lib/python3.12/site-packages/airflow/example_dags/example_python_operator.py
[2026-05-04T01:35:12.344+0300] {processor.py:914} INFO - Processing file /home/nikita/airflow-setup/ENV/lib/python3.12/site-packages/airflow/example_dags/example_python_operator.py for tasks to queue
[2026-05-04T01:35:12.345+0300] {logging_mixin.py:190} INFO - [2026-05-04T01:35:12.344+0300] {dagbag.py:588} INFO - Filling up the DagBag from /home/nikita/airflow-setup/ENV/lib/python3.12/site-packages/airflow/example_dags/example_python_operator.py
[2026-05-04T01:35:12.359+0300] {logging_mixin.py:190} INFO - [2026-05-04T01:35:12.359+0300] {example_python_operator.py:93} WARNING - The virtalenv_python example task requires virtualenv, please install it.
[2026-05-04T01:35:12.361+0300] {processor.py:925} INFO - DAG(s) 'example_python_operator' retrieved from /home/nikita/airflow-setup/ENV/lib/python3.12/site-packages/airflow/example_dags/example_python_operator.py
[2026-05-04T01:35:12.373+0300] {logging_mixin.py:190} INFO - [2026-05-04T01:35:12.373+0300] {dag.py:3239} INFO - Sync 1 DAGs
[2026-05-04T01:35:12.383+0300] {logging_mixin.py:190} INFO - [2026-05-04T01:35:12.383+0300] {dag.py:4180} INFO - Setting next_dagrun for example_python_operator to None, run_after=None
[2026-05-04T01:35:12.399+0300] {processor.py:208} INFO - Processing /home/nikita/airflow-setup/ENV/lib/python3.12/site-packages/airflow/example_dags/example_python_operator.py took 0.069 seconds
[2026-05-04T01:36:13.854+0300] {processor.py:186} INFO - Started process (PID=21815) to work on /home/nikita/airflow-setup/ENV/lib/python3.12/site-packages/airflow/example_dags/example_python_operator.py
[2026-05-04T01:36:13.863+0300] {processor.py:914} INFO - Processing file /home/nikita/airflow-setup/ENV/lib/python3.12/site-packages/airflow/example_dags/example_python_operator.py for tasks to queue
[2026-05-04T01:36:13.864+0300] {logging_mixin.py:190} INFO - [2026-05-04T01:36:13.864+0300] {dagbag.py:588} INFO - Filling up the DagBag from /home/nikita/airflow-setup/ENV/lib/python3.12/site-packages/airflow/example_dags/example_python_operator.py
[2026-05-04T01:36:13.881+0300] {logging_mixin.py:190} INFO - [2026-05-04T01:36:13.881+0300] {example_python_operator.py:93} WARNING - The virtalenv_python example task requires virtualenv, please install it.
[2026-05-04T01:36:13.883+0300] {processor.py:925} INFO - DAG(s) 'example_python_operator' retrieved from /home/nikita/airflow-setup/ENV/lib/python3.12/site-packages/airflow/example_dags/example_python_operator.py
[2026-05-04T01:36:13.895+0300] {logging_mixin.py:190} INFO - [2026-05-04T01:36:13.895+0300] {dag.py:3239} INFO - Sync 1 DAGs
[2026-05-04T01:36:13.904+0300] {logging_mixin.py:190} INFO - [2026-05-04T01:36:13.904+0300] {dag.py:4180} INFO - Setting next_dagrun for example_python_operator to None, run_after=None
[2026-05-04T01:36:13.920+0300] {processor.py:208} INFO - Processing /home/nikita/airflow-setup/ENV/lib/python3.12/site-packages/airflow/example_dags/example_python_operator.py took 0.070 seconds
