[2026-05-04T00:46:16.358+0300] {processor.py:186} INFO - Started process (PID=5975) to work on /home/nikita/airflow-setup/ENV/lib/python3.12/site-packages/airflow/example_dags/example_trigger_controller_dag.py
[2026-05-04T00:46:16.359+0300] {processor.py:914} INFO - Processing file /home/nikita/airflow-setup/ENV/lib/python3.12/site-packages/airflow/example_dags/example_trigger_controller_dag.py for tasks to queue
[2026-05-04T00:46:16.362+0300] {logging_mixin.py:190} INFO - [2026-05-04T00:46:16.362+0300] {dagbag.py:588} INFO - Filling up the DagBag from /home/nikita/airflow-setup/ENV/lib/python3.12/site-packages/airflow/example_dags/example_trigger_controller_dag.py
[2026-05-04T00:46:16.371+0300] {processor.py:925} INFO - DAG(s) 'example_trigger_controller_dag' retrieved from /home/nikita/airflow-setup/ENV/lib/python3.12/site-packages/airflow/example_dags/example_trigger_controller_dag.py
[2026-05-04T00:46:16.515+0300] {logging_mixin.py:190} INFO - [2026-05-04T00:46:16.513+0300] {override.py:1930} INFO - Created Permission View: can read on DAG:example_trigger_controller_dag
[2026-05-04T00:46:16.540+0300] {logging_mixin.py:190} INFO - [2026-05-04T00:46:16.539+0300] {override.py:1930} INFO - Created Permission View: can delete on DAG:example_trigger_controller_dag
[2026-05-04T00:46:16.559+0300] {logging_mixin.py:190} INFO - [2026-05-04T00:46:16.558+0300] {override.py:1930} INFO - Created Permission View: can edit on DAG:example_trigger_controller_dag
[2026-05-04T00:46:16.578+0300] {logging_mixin.py:190} INFO - [2026-05-04T00:46:16.577+0300] {override.py:1930} INFO - Created Permission View: can read on DAG Run:example_trigger_controller_dag
[2026-05-04T00:46:16.588+0300] {logging_mixin.py:190} INFO - [2026-05-04T00:46:16.587+0300] {override.py:1930} INFO - Created Permission View: can delete on DAG Run:example_trigger_controller_dag
[2026-05-04T00:46:16.600+0300] {logging_mixin.py:190} INFO - [2026-05-04T00:46:16.600+0300] {override.py:1930} INFO - Created Permission View: menu access on DAG Run:example_trigger_controller_dag
[2026-05-04T00:46:16.615+0300] {logging_mixin.py:190} INFO - [2026-05-04T00:46:16.614+0300] {override.py:1930} INFO - Created Permission View: can create on DAG Run:example_trigger_controller_dag
[2026-05-04T00:46:16.615+0300] {logging_mixin.py:190} INFO - [2026-05-04T00:46:16.615+0300] {dag.py:3239} INFO - Sync 1 DAGs
[2026-05-04T00:46:16.628+0300] {logging_mixin.py:190} INFO - [2026-05-04T00:46:16.628+0300] {dag.py:3262} INFO - Creating ORM DAG for example_trigger_controller_dag
[2026-05-04T00:46:16.646+0300] {logging_mixin.py:190} INFO - [2026-05-04T00:46:16.645+0300] {dag.py:4180} INFO - Setting next_dagrun for example_trigger_controller_dag to 2021-01-01 00:00:00+00:00, run_after=2021-01-01 00:00:00+00:00
[2026-05-04T00:46:16.683+0300] {processor.py:208} INFO - Processing /home/nikita/airflow-setup/ENV/lib/python3.12/site-packages/airflow/example_dags/example_trigger_controller_dag.py took 0.333 seconds
[2026-05-04T00:47:23.885+0300] {processor.py:186} INFO - Started process (PID=6053) to work on /home/nikita/airflow-setup/ENV/lib/python3.12/site-packages/airflow/example_dags/example_trigger_controller_dag.py
[2026-05-04T00:47:23.887+0300] {processor.py:914} INFO - Processing file /home/nikita/airflow-setup/ENV/lib/python3.12/site-packages/airflow/example_dags/example_trigger_controller_dag.py for tasks to queue
[2026-05-04T00:47:23.888+0300] {logging_mixin.py:190} INFO - [2026-05-04T00:47:23.888+0300] {dagbag.py:588} INFO - Filling up the DagBag from /home/nikita/airflow-setup/ENV/lib/python3.12/site-packages/airflow/example_dags/example_trigger_controller_dag.py
[2026-05-04T00:47:23.893+0300] {processor.py:925} INFO - DAG(s) 'example_trigger_controller_dag' retrieved from /home/nikita/airflow-setup/ENV/lib/python3.12/site-packages/airflow/example_dags/example_trigger_controller_dag.py
[2026-05-04T00:47:23.904+0300] {logging_mixin.py:190} INFO - [2026-05-04T00:47:23.903+0300] {dag.py:3239} INFO - Sync 1 DAGs
[2026-05-04T00:47:23.916+0300] {logging_mixin.py:190} INFO - [2026-05-04T00:47:23.916+0300] {dag.py:4180} INFO - Setting next_dagrun for example_trigger_controller_dag to 2021-01-01 00:00:00+00:00, run_after=2021-01-01 00:00:00+00:00
[2026-05-04T00:47:23.931+0300] {processor.py:208} INFO - Processing /home/nikita/airflow-setup/ENV/lib/python3.12/site-packages/airflow/example_dags/example_trigger_controller_dag.py took 0.050 seconds
[2026-05-04T00:48:22.825+0300] {processor.py:186} INFO - Started process (PID=6110) to work on /home/nikita/airflow-setup/ENV/lib/python3.12/site-packages/airflow/example_dags/example_trigger_controller_dag.py
[2026-05-04T00:48:22.834+0300] {processor.py:914} INFO - Processing file /home/nikita/airflow-setup/ENV/lib/python3.12/site-packages/airflow/example_dags/example_trigger_controller_dag.py for tasks to queue
[2026-05-04T00:48:22.835+0300] {logging_mixin.py:190} INFO - [2026-05-04T00:48:22.835+0300] {dagbag.py:588} INFO - Filling up the DagBag from /home/nikita/airflow-setup/ENV/lib/python3.12/site-packages/airflow/example_dags/example_trigger_controller_dag.py
[2026-05-04T00:48:22.840+0300] {processor.py:925} INFO - DAG(s) 'example_trigger_controller_dag' retrieved from /home/nikita/airflow-setup/ENV/lib/python3.12/site-packages/airflow/example_dags/example_trigger_controller_dag.py
[2026-05-04T00:48:22.850+0300] {logging_mixin.py:190} INFO - [2026-05-04T00:48:22.850+0300] {dag.py:3239} INFO - Sync 1 DAGs
[2026-05-04T00:48:22.862+0300] {logging_mixin.py:190} INFO - [2026-05-04T00:48:22.862+0300] {dag.py:4180} INFO - Setting next_dagrun for example_trigger_controller_dag to 2021-01-01 00:00:00+00:00, run_after=2021-01-01 00:00:00+00:00
[2026-05-04T00:48:22.878+0300] {processor.py:208} INFO - Processing /home/nikita/airflow-setup/ENV/lib/python3.12/site-packages/airflow/example_dags/example_trigger_controller_dag.py took 0.057 seconds
[2026-05-04T00:49:23.118+0300] {processor.py:186} INFO - Started process (PID=6168) to work on /home/nikita/airflow-setup/ENV/lib/python3.12/site-packages/airflow/example_dags/example_trigger_controller_dag.py
[2026-05-04T00:49:23.126+0300] {processor.py:914} INFO - Processing file /home/nikita/airflow-setup/ENV/lib/python3.12/site-packages/airflow/example_dags/example_trigger_controller_dag.py for tasks to queue
[2026-05-04T00:49:23.128+0300] {logging_mixin.py:190} INFO - [2026-05-04T00:49:23.128+0300] {dagbag.py:588} INFO - Filling up the DagBag from /home/nikita/airflow-setup/ENV/lib/python3.12/site-packages/airflow/example_dags/example_trigger_controller_dag.py
[2026-05-04T00:49:23.133+0300] {processor.py:925} INFO - DAG(s) 'example_trigger_controller_dag' retrieved from /home/nikita/airflow-setup/ENV/lib/python3.12/site-packages/airflow/example_dags/example_trigger_controller_dag.py
[2026-05-04T00:49:23.144+0300] {logging_mixin.py:190} INFO - [2026-05-04T00:49:23.144+0300] {dag.py:3239} INFO - Sync 1 DAGs
[2026-05-04T00:49:23.159+0300] {logging_mixin.py:190} INFO - [2026-05-04T00:49:23.158+0300] {dag.py:4180} INFO - Setting next_dagrun for example_trigger_controller_dag to 2021-01-01 00:00:00+00:00, run_after=2021-01-01 00:00:00+00:00
[2026-05-04T00:49:23.174+0300] {processor.py:208} INFO - Processing /home/nikita/airflow-setup/ENV/lib/python3.12/site-packages/airflow/example_dags/example_trigger_controller_dag.py took 0.061 seconds
[2026-05-04T00:50:20.779+0300] {processor.py:186} INFO - Started process (PID=6244) to work on /home/nikita/airflow-setup/ENV/lib/python3.12/site-packages/airflow/example_dags/example_trigger_controller_dag.py
[2026-05-04T00:50:20.788+0300] {processor.py:914} INFO - Processing file /home/nikita/airflow-setup/ENV/lib/python3.12/site-packages/airflow/example_dags/example_trigger_controller_dag.py for tasks to queue
[2026-05-04T00:50:20.790+0300] {logging_mixin.py:190} INFO - [2026-05-04T00:50:20.789+0300] {dagbag.py:588} INFO - Filling up the DagBag from /home/nikita/airflow-setup/ENV/lib/python3.12/site-packages/airflow/example_dags/example_trigger_controller_dag.py
[2026-05-04T00:50:20.795+0300] {processor.py:925} INFO - DAG(s) 'example_trigger_controller_dag' retrieved from /home/nikita/airflow-setup/ENV/lib/python3.12/site-packages/airflow/example_dags/example_trigger_controller_dag.py
[2026-05-04T00:50:20.807+0300] {logging_mixin.py:190} INFO - [2026-05-04T00:50:20.807+0300] {dag.py:3239} INFO - Sync 1 DAGs
[2026-05-04T00:50:20.821+0300] {logging_mixin.py:190} INFO - [2026-05-04T00:50:20.821+0300] {dag.py:4180} INFO - Setting next_dagrun for example_trigger_controller_dag to 2021-01-01 00:00:00+00:00, run_after=2021-01-01 00:00:00+00:00
[2026-05-04T00:50:20.837+0300] {processor.py:208} INFO - Processing /home/nikita/airflow-setup/ENV/lib/python3.12/site-packages/airflow/example_dags/example_trigger_controller_dag.py took 0.062 seconds
[2026-05-04T00:51:18.937+0300] {processor.py:186} INFO - Started process (PID=6307) to work on /home/nikita/airflow-setup/ENV/lib/python3.12/site-packages/airflow/example_dags/example_trigger_controller_dag.py
[2026-05-04T00:51:18.946+0300] {processor.py:914} INFO - Processing file /home/nikita/airflow-setup/ENV/lib/python3.12/site-packages/airflow/example_dags/example_trigger_controller_dag.py for tasks to queue
[2026-05-04T00:51:18.948+0300] {logging_mixin.py:190} INFO - [2026-05-04T00:51:18.947+0300] {dagbag.py:588} INFO - Filling up the DagBag from /home/nikita/airflow-setup/ENV/lib/python3.12/site-packages/airflow/example_dags/example_trigger_controller_dag.py
[2026-05-04T00:51:18.954+0300] {processor.py:925} INFO - DAG(s) 'example_trigger_controller_dag' retrieved from /home/nikita/airflow-setup/ENV/lib/python3.12/site-packages/airflow/example_dags/example_trigger_controller_dag.py
[2026-05-04T00:51:18.965+0300] {logging_mixin.py:190} INFO - [2026-05-04T00:51:18.965+0300] {dag.py:3239} INFO - Sync 1 DAGs
[2026-05-04T00:51:18.981+0300] {logging_mixin.py:190} INFO - [2026-05-04T00:51:18.981+0300] {dag.py:4180} INFO - Setting next_dagrun for example_trigger_controller_dag to 2021-01-01 00:00:00+00:00, run_after=2021-01-01 00:00:00+00:00
[2026-05-04T00:51:19.001+0300] {processor.py:208} INFO - Processing /home/nikita/airflow-setup/ENV/lib/python3.12/site-packages/airflow/example_dags/example_trigger_controller_dag.py took 0.068 seconds
[2026-05-04T00:52:15.434+0300] {processor.py:186} INFO - Started process (PID=6361) to work on /home/nikita/airflow-setup/ENV/lib/python3.12/site-packages/airflow/example_dags/example_trigger_controller_dag.py
[2026-05-04T00:52:15.435+0300] {processor.py:914} INFO - Processing file /home/nikita/airflow-setup/ENV/lib/python3.12/site-packages/airflow/example_dags/example_trigger_controller_dag.py for tasks to queue
[2026-05-04T00:52:15.437+0300] {logging_mixin.py:190} INFO - [2026-05-04T00:52:15.437+0300] {dagbag.py:588} INFO - Filling up the DagBag from /home/nikita/airflow-setup/ENV/lib/python3.12/site-packages/airflow/example_dags/example_trigger_controller_dag.py
[2026-05-04T00:52:15.444+0300] {processor.py:925} INFO - DAG(s) 'example_trigger_controller_dag' retrieved from /home/nikita/airflow-setup/ENV/lib/python3.12/site-packages/airflow/example_dags/example_trigger_controller_dag.py
[2026-05-04T00:52:15.458+0300] {logging_mixin.py:190} INFO - [2026-05-04T00:52:15.458+0300] {dag.py:3239} INFO - Sync 1 DAGs
[2026-05-04T00:52:15.485+0300] {logging_mixin.py:190} INFO - [2026-05-04T00:52:15.485+0300] {dag.py:4180} INFO - Setting next_dagrun for example_trigger_controller_dag to 2021-01-01 00:00:00+00:00, run_after=2021-01-01 00:00:00+00:00
[2026-05-04T00:52:15.507+0300] {processor.py:208} INFO - Processing /home/nikita/airflow-setup/ENV/lib/python3.12/site-packages/airflow/example_dags/example_trigger_controller_dag.py took 0.077 seconds
[2026-05-04T00:53:18.253+0300] {processor.py:186} INFO - Started process (PID=6440) to work on /home/nikita/airflow-setup/ENV/lib/python3.12/site-packages/airflow/example_dags/example_trigger_controller_dag.py
[2026-05-04T00:53:18.261+0300] {processor.py:914} INFO - Processing file /home/nikita/airflow-setup/ENV/lib/python3.12/site-packages/airflow/example_dags/example_trigger_controller_dag.py for tasks to queue
[2026-05-04T00:53:18.263+0300] {logging_mixin.py:190} INFO - [2026-05-04T00:53:18.262+0300] {dagbag.py:588} INFO - Filling up the DagBag from /home/nikita/airflow-setup/ENV/lib/python3.12/site-packages/airflow/example_dags/example_trigger_controller_dag.py
[2026-05-04T00:53:18.268+0300] {processor.py:925} INFO - DAG(s) 'example_trigger_controller_dag' retrieved from /home/nikita/airflow-setup/ENV/lib/python3.12/site-packages/airflow/example_dags/example_trigger_controller_dag.py
[2026-05-04T00:53:18.279+0300] {logging_mixin.py:190} INFO - [2026-05-04T00:53:18.279+0300] {dag.py:3239} INFO - Sync 1 DAGs
[2026-05-04T00:53:18.294+0300] {logging_mixin.py:190} INFO - [2026-05-04T00:53:18.294+0300] {dag.py:4180} INFO - Setting next_dagrun for example_trigger_controller_dag to 2021-01-01 00:00:00+00:00, run_after=2021-01-01 00:00:00+00:00
[2026-05-04T00:53:18.310+0300] {processor.py:208} INFO - Processing /home/nikita/airflow-setup/ENV/lib/python3.12/site-packages/airflow/example_dags/example_trigger_controller_dag.py took 0.062 seconds
[2026-05-04T00:54:16.575+0300] {processor.py:186} INFO - Started process (PID=6497) to work on /home/nikita/airflow-setup/ENV/lib/python3.12/site-packages/airflow/example_dags/example_trigger_controller_dag.py
[2026-05-04T00:54:16.577+0300] {processor.py:914} INFO - Processing file /home/nikita/airflow-setup/ENV/lib/python3.12/site-packages/airflow/example_dags/example_trigger_controller_dag.py for tasks to queue
[2026-05-04T00:54:16.579+0300] {logging_mixin.py:190} INFO - [2026-05-04T00:54:16.578+0300] {dagbag.py:588} INFO - Filling up the DagBag from /home/nikita/airflow-setup/ENV/lib/python3.12/site-packages/airflow/example_dags/example_trigger_controller_dag.py
[2026-05-04T00:54:16.584+0300] {processor.py:925} INFO - DAG(s) 'example_trigger_controller_dag' retrieved from /home/nikita/airflow-setup/ENV/lib/python3.12/site-packages/airflow/example_dags/example_trigger_controller_dag.py
[2026-05-04T00:54:16.593+0300] {logging_mixin.py:190} INFO - [2026-05-04T00:54:16.593+0300] {dag.py:3239} INFO - Sync 1 DAGs
[2026-05-04T00:54:16.605+0300] {logging_mixin.py:190} INFO - [2026-05-04T00:54:16.605+0300] {dag.py:4180} INFO - Setting next_dagrun for example_trigger_controller_dag to 2021-01-01 00:00:00+00:00, run_after=2021-01-01 00:00:00+00:00
[2026-05-04T00:54:16.622+0300] {processor.py:208} INFO - Processing /home/nikita/airflow-setup/ENV/lib/python3.12/site-packages/airflow/example_dags/example_trigger_controller_dag.py took 0.050 seconds
[2026-05-04T00:55:21.749+0300] {processor.py:186} INFO - Started process (PID=6566) to work on /home/nikita/airflow-setup/ENV/lib/python3.12/site-packages/airflow/example_dags/example_trigger_controller_dag.py
[2026-05-04T00:55:21.751+0300] {processor.py:914} INFO - Processing file /home/nikita/airflow-setup/ENV/lib/python3.12/site-packages/airflow/example_dags/example_trigger_controller_dag.py for tasks to queue
[2026-05-04T00:55:21.753+0300] {logging_mixin.py:190} INFO - [2026-05-04T00:55:21.752+0300] {dagbag.py:588} INFO - Filling up the DagBag from /home/nikita/airflow-setup/ENV/lib/python3.12/site-packages/airflow/example_dags/example_trigger_controller_dag.py
[2026-05-04T00:55:21.759+0300] {processor.py:925} INFO - DAG(s) 'example_trigger_controller_dag' retrieved from /home/nikita/airflow-setup/ENV/lib/python3.12/site-packages/airflow/example_dags/example_trigger_controller_dag.py
[2026-05-04T00:55:21.769+0300] {logging_mixin.py:190} INFO - [2026-05-04T00:55:21.769+0300] {dag.py:3239} INFO - Sync 1 DAGs
[2026-05-04T00:55:21.783+0300] {logging_mixin.py:190} INFO - [2026-05-04T00:55:21.783+0300] {dag.py:4180} INFO - Setting next_dagrun for example_trigger_controller_dag to 2021-01-01 00:00:00+00:00, run_after=2021-01-01 00:00:00+00:00
[2026-05-04T00:55:21.800+0300] {processor.py:208} INFO - Processing /home/nikita/airflow-setup/ENV/lib/python3.12/site-packages/airflow/example_dags/example_trigger_controller_dag.py took 0.056 seconds
[2026-05-04T00:56:20.546+0300] {processor.py:186} INFO - Started process (PID=6625) to work on /home/nikita/airflow-setup/ENV/lib/python3.12/site-packages/airflow/example_dags/example_trigger_controller_dag.py
[2026-05-04T00:56:20.548+0300] {processor.py:914} INFO - Processing file /home/nikita/airflow-setup/ENV/lib/python3.12/site-packages/airflow/example_dags/example_trigger_controller_dag.py for tasks to queue
[2026-05-04T00:56:20.550+0300] {logging_mixin.py:190} INFO - [2026-05-04T00:56:20.549+0300] {dagbag.py:588} INFO - Filling up the DagBag from /home/nikita/airflow-setup/ENV/lib/python3.12/site-packages/airflow/example_dags/example_trigger_controller_dag.py
[2026-05-04T00:56:20.556+0300] {processor.py:925} INFO - DAG(s) 'example_trigger_controller_dag' retrieved from /home/nikita/airflow-setup/ENV/lib/python3.12/site-packages/airflow/example_dags/example_trigger_controller_dag.py
[2026-05-04T00:56:20.569+0300] {logging_mixin.py:190} INFO - [2026-05-04T00:56:20.569+0300] {dag.py:3239} INFO - Sync 1 DAGs
[2026-05-04T00:56:20.586+0300] {logging_mixin.py:190} INFO - [2026-05-04T00:56:20.586+0300] {dag.py:4180} INFO - Setting next_dagrun for example_trigger_controller_dag to 2021-01-01 00:00:00+00:00, run_after=2021-01-01 00:00:00+00:00
[2026-05-04T00:56:20.605+0300] {processor.py:208} INFO - Processing /home/nikita/airflow-setup/ENV/lib/python3.12/site-packages/airflow/example_dags/example_trigger_controller_dag.py took 0.065 seconds
[2026-05-04T00:57:18.502+0300] {processor.py:186} INFO - Started process (PID=7029) to work on /home/nikita/airflow-setup/ENV/lib/python3.12/site-packages/airflow/example_dags/example_trigger_controller_dag.py
[2026-05-04T00:57:18.511+0300] {processor.py:914} INFO - Processing file /home/nikita/airflow-setup/ENV/lib/python3.12/site-packages/airflow/example_dags/example_trigger_controller_dag.py for tasks to queue
[2026-05-04T00:57:18.513+0300] {logging_mixin.py:190} INFO - [2026-05-04T00:57:18.513+0300] {dagbag.py:588} INFO - Filling up the DagBag from /home/nikita/airflow-setup/ENV/lib/python3.12/site-packages/airflow/example_dags/example_trigger_controller_dag.py
[2026-05-04T00:57:18.519+0300] {processor.py:925} INFO - DAG(s) 'example_trigger_controller_dag' retrieved from /home/nikita/airflow-setup/ENV/lib/python3.12/site-packages/airflow/example_dags/example_trigger_controller_dag.py
[2026-05-04T00:57:18.532+0300] {logging_mixin.py:190} INFO - [2026-05-04T00:57:18.531+0300] {dag.py:3239} INFO - Sync 1 DAGs
[2026-05-04T00:57:18.547+0300] {logging_mixin.py:190} INFO - [2026-05-04T00:57:18.547+0300] {dag.py:4180} INFO - Setting next_dagrun for example_trigger_controller_dag to 2021-01-01 00:00:00+00:00, run_after=2021-01-01 00:00:00+00:00
[2026-05-04T00:57:18.569+0300] {processor.py:208} INFO - Processing /home/nikita/airflow-setup/ENV/lib/python3.12/site-packages/airflow/example_dags/example_trigger_controller_dag.py took 0.072 seconds
[2026-05-04T00:58:18.863+0300] {processor.py:186} INFO - Started process (PID=7256) to work on /home/nikita/airflow-setup/ENV/lib/python3.12/site-packages/airflow/example_dags/example_trigger_controller_dag.py
[2026-05-04T00:58:18.872+0300] {processor.py:914} INFO - Processing file /home/nikita/airflow-setup/ENV/lib/python3.12/site-packages/airflow/example_dags/example_trigger_controller_dag.py for tasks to queue
[2026-05-04T00:58:18.874+0300] {logging_mixin.py:190} INFO - [2026-05-04T00:58:18.873+0300] {dagbag.py:588} INFO - Filling up the DagBag from /home/nikita/airflow-setup/ENV/lib/python3.12/site-packages/airflow/example_dags/example_trigger_controller_dag.py
[2026-05-04T00:58:18.880+0300] {processor.py:925} INFO - DAG(s) 'example_trigger_controller_dag' retrieved from /home/nikita/airflow-setup/ENV/lib/python3.12/site-packages/airflow/example_dags/example_trigger_controller_dag.py
[2026-05-04T00:58:18.891+0300] {logging_mixin.py:190} INFO - [2026-05-04T00:58:18.891+0300] {dag.py:3239} INFO - Sync 1 DAGs
[2026-05-04T00:58:18.904+0300] {logging_mixin.py:190} INFO - [2026-05-04T00:58:18.904+0300] {dag.py:4180} INFO - Setting next_dagrun for example_trigger_controller_dag to 2021-01-01 00:00:00+00:00, run_after=2021-01-01 00:00:00+00:00
[2026-05-04T00:58:18.921+0300] {processor.py:208} INFO - Processing /home/nikita/airflow-setup/ENV/lib/python3.12/site-packages/airflow/example_dags/example_trigger_controller_dag.py took 0.063 seconds
[2026-05-04T00:59:16.554+0300] {processor.py:186} INFO - Started process (PID=7509) to work on /home/nikita/airflow-setup/ENV/lib/python3.12/site-packages/airflow/example_dags/example_trigger_controller_dag.py
[2026-05-04T00:59:16.555+0300] {processor.py:914} INFO - Processing file /home/nikita/airflow-setup/ENV/lib/python3.12/site-packages/airflow/example_dags/example_trigger_controller_dag.py for tasks to queue
[2026-05-04T00:59:16.557+0300] {logging_mixin.py:190} INFO - [2026-05-04T00:59:16.557+0300] {dagbag.py:588} INFO - Filling up the DagBag from /home/nikita/airflow-setup/ENV/lib/python3.12/site-packages/airflow/example_dags/example_trigger_controller_dag.py
[2026-05-04T00:59:16.566+0300] {processor.py:925} INFO - DAG(s) 'example_trigger_controller_dag' retrieved from /home/nikita/airflow-setup/ENV/lib/python3.12/site-packages/airflow/example_dags/example_trigger_controller_dag.py
[2026-05-04T00:59:16.584+0300] {logging_mixin.py:190} INFO - [2026-05-04T00:59:16.584+0300] {dag.py:3239} INFO - Sync 1 DAGs
[2026-05-04T00:59:16.604+0300] {logging_mixin.py:190} INFO - [2026-05-04T00:59:16.604+0300] {dag.py:4180} INFO - Setting next_dagrun for example_trigger_controller_dag to 2021-01-01 00:00:00+00:00, run_after=2021-01-01 00:00:00+00:00
[2026-05-04T00:59:16.626+0300] {processor.py:208} INFO - Processing /home/nikita/airflow-setup/ENV/lib/python3.12/site-packages/airflow/example_dags/example_trigger_controller_dag.py took 0.078 seconds
[2026-05-04T01:00:15.944+0300] {processor.py:186} INFO - Started process (PID=8311) to work on /home/nikita/airflow-setup/ENV/lib/python3.12/site-packages/airflow/example_dags/example_trigger_controller_dag.py
[2026-05-04T01:00:15.945+0300] {processor.py:914} INFO - Processing file /home/nikita/airflow-setup/ENV/lib/python3.12/site-packages/airflow/example_dags/example_trigger_controller_dag.py for tasks to queue
[2026-05-04T01:00:15.947+0300] {logging_mixin.py:190} INFO - [2026-05-04T01:00:15.947+0300] {dagbag.py:588} INFO - Filling up the DagBag from /home/nikita/airflow-setup/ENV/lib/python3.12/site-packages/airflow/example_dags/example_trigger_controller_dag.py
[2026-05-04T01:00:15.953+0300] {processor.py:925} INFO - DAG(s) 'example_trigger_controller_dag' retrieved from /home/nikita/airflow-setup/ENV/lib/python3.12/site-packages/airflow/example_dags/example_trigger_controller_dag.py
[2026-05-04T01:00:15.964+0300] {logging_mixin.py:190} INFO - [2026-05-04T01:00:15.964+0300] {dag.py:3239} INFO - Sync 1 DAGs
[2026-05-04T01:00:15.977+0300] {logging_mixin.py:190} INFO - [2026-05-04T01:00:15.977+0300] {dag.py:4180} INFO - Setting next_dagrun for example_trigger_controller_dag to 2021-01-01 00:00:00+00:00, run_after=2021-01-01 00:00:00+00:00
[2026-05-04T01:00:15.994+0300] {processor.py:208} INFO - Processing /home/nikita/airflow-setup/ENV/lib/python3.12/site-packages/airflow/example_dags/example_trigger_controller_dag.py took 0.055 seconds
[2026-05-04T01:01:21.435+0300] {processor.py:186} INFO - Started process (PID=8714) to work on /home/nikita/airflow-setup/ENV/lib/python3.12/site-packages/airflow/example_dags/example_trigger_controller_dag.py
[2026-05-04T01:01:21.443+0300] {processor.py:914} INFO - Processing file /home/nikita/airflow-setup/ENV/lib/python3.12/site-packages/airflow/example_dags/example_trigger_controller_dag.py for tasks to queue
[2026-05-04T01:01:21.444+0300] {logging_mixin.py:190} INFO - [2026-05-04T01:01:21.444+0300] {dagbag.py:588} INFO - Filling up the DagBag from /home/nikita/airflow-setup/ENV/lib/python3.12/site-packages/airflow/example_dags/example_trigger_controller_dag.py
[2026-05-04T01:01:21.449+0300] {processor.py:925} INFO - DAG(s) 'example_trigger_controller_dag' retrieved from /home/nikita/airflow-setup/ENV/lib/python3.12/site-packages/airflow/example_dags/example_trigger_controller_dag.py
[2026-05-04T01:01:21.460+0300] {logging_mixin.py:190} INFO - [2026-05-04T01:01:21.460+0300] {dag.py:3239} INFO - Sync 1 DAGs
[2026-05-04T01:01:21.475+0300] {logging_mixin.py:190} INFO - [2026-05-04T01:01:21.475+0300] {dag.py:4180} INFO - Setting next_dagrun for example_trigger_controller_dag to 2021-01-01 00:00:00+00:00, run_after=2021-01-01 00:00:00+00:00
[2026-05-04T01:01:21.492+0300] {processor.py:208} INFO - Processing /home/nikita/airflow-setup/ENV/lib/python3.12/site-packages/airflow/example_dags/example_trigger_controller_dag.py took 0.061 seconds
[2026-05-04T01:02:30.233+0300] {processor.py:186} INFO - Started process (PID=9351) to work on /home/nikita/airflow-setup/ENV/lib/python3.12/site-packages/airflow/example_dags/example_trigger_controller_dag.py
[2026-05-04T01:02:30.235+0300] {processor.py:914} INFO - Processing file /home/nikita/airflow-setup/ENV/lib/python3.12/site-packages/airflow/example_dags/example_trigger_controller_dag.py for tasks to queue
[2026-05-04T01:02:30.236+0300] {logging_mixin.py:190} INFO - [2026-05-04T01:02:30.236+0300] {dagbag.py:588} INFO - Filling up the DagBag from /home/nikita/airflow-setup/ENV/lib/python3.12/site-packages/airflow/example_dags/example_trigger_controller_dag.py
[2026-05-04T01:02:30.242+0300] {processor.py:925} INFO - DAG(s) 'example_trigger_controller_dag' retrieved from /home/nikita/airflow-setup/ENV/lib/python3.12/site-packages/airflow/example_dags/example_trigger_controller_dag.py
[2026-05-04T01:02:30.253+0300] {logging_mixin.py:190} INFO - [2026-05-04T01:02:30.253+0300] {dag.py:3239} INFO - Sync 1 DAGs
[2026-05-04T01:02:30.267+0300] {logging_mixin.py:190} INFO - [2026-05-04T01:02:30.267+0300] {dag.py:4180} INFO - Setting next_dagrun for example_trigger_controller_dag to 2021-01-01 00:00:00+00:00, run_after=2021-01-01 00:00:00+00:00
[2026-05-04T01:02:30.282+0300] {processor.py:208} INFO - Processing /home/nikita/airflow-setup/ENV/lib/python3.12/site-packages/airflow/example_dags/example_trigger_controller_dag.py took 0.053 seconds
[2026-05-04T01:03:33.716+0300] {processor.py:186} INFO - Started process (PID=9725) to work on /home/nikita/airflow-setup/ENV/lib/python3.12/site-packages/airflow/example_dags/example_trigger_controller_dag.py
[2026-05-04T01:03:33.725+0300] {processor.py:914} INFO - Processing file /home/nikita/airflow-setup/ENV/lib/python3.12/site-packages/airflow/example_dags/example_trigger_controller_dag.py for tasks to queue
[2026-05-04T01:03:33.726+0300] {logging_mixin.py:190} INFO - [2026-05-04T01:03:33.726+0300] {dagbag.py:588} INFO - Filling up the DagBag from /home/nikita/airflow-setup/ENV/lib/python3.12/site-packages/airflow/example_dags/example_trigger_controller_dag.py
[2026-05-04T01:03:33.732+0300] {processor.py:925} INFO - DAG(s) 'example_trigger_controller_dag' retrieved from /home/nikita/airflow-setup/ENV/lib/python3.12/site-packages/airflow/example_dags/example_trigger_controller_dag.py
[2026-05-04T01:03:33.742+0300] {logging_mixin.py:190} INFO - [2026-05-04T01:03:33.742+0300] {dag.py:3239} INFO - Sync 1 DAGs
[2026-05-04T01:03:33.754+0300] {logging_mixin.py:190} INFO - [2026-05-04T01:03:33.754+0300] {dag.py:4180} INFO - Setting next_dagrun for example_trigger_controller_dag to 2021-01-01 00:00:00+00:00, run_after=2021-01-01 00:00:00+00:00
[2026-05-04T01:03:33.769+0300] {processor.py:208} INFO - Processing /home/nikita/airflow-setup/ENV/lib/python3.12/site-packages/airflow/example_dags/example_trigger_controller_dag.py took 0.057 seconds
[2026-05-04T01:04:36.731+0300] {processor.py:186} INFO - Started process (PID=10002) to work on /home/nikita/airflow-setup/ENV/lib/python3.12/site-packages/airflow/example_dags/example_trigger_controller_dag.py
[2026-05-04T01:04:36.732+0300] {processor.py:914} INFO - Processing file /home/nikita/airflow-setup/ENV/lib/python3.12/site-packages/airflow/example_dags/example_trigger_controller_dag.py for tasks to queue
[2026-05-04T01:04:36.734+0300] {logging_mixin.py:190} INFO - [2026-05-04T01:04:36.733+0300] {dagbag.py:588} INFO - Filling up the DagBag from /home/nikita/airflow-setup/ENV/lib/python3.12/site-packages/airflow/example_dags/example_trigger_controller_dag.py
[2026-05-04T01:04:36.740+0300] {processor.py:925} INFO - DAG(s) 'example_trigger_controller_dag' retrieved from /home/nikita/airflow-setup/ENV/lib/python3.12/site-packages/airflow/example_dags/example_trigger_controller_dag.py
[2026-05-04T01:04:36.753+0300] {logging_mixin.py:190} INFO - [2026-05-04T01:04:36.753+0300] {dag.py:3239} INFO - Sync 1 DAGs
[2026-05-04T01:04:36.770+0300] {logging_mixin.py:190} INFO - [2026-05-04T01:04:36.770+0300] {dag.py:4180} INFO - Setting next_dagrun for example_trigger_controller_dag to 2021-01-01 00:00:00+00:00, run_after=2021-01-01 00:00:00+00:00
[2026-05-04T01:04:36.789+0300] {processor.py:208} INFO - Processing /home/nikita/airflow-setup/ENV/lib/python3.12/site-packages/airflow/example_dags/example_trigger_controller_dag.py took 0.063 seconds
[2026-05-04T01:05:44.946+0300] {processor.py:186} INFO - Started process (PID=10264) to work on /home/nikita/airflow-setup/ENV/lib/python3.12/site-packages/airflow/example_dags/example_trigger_controller_dag.py
[2026-05-04T01:05:44.948+0300] {processor.py:914} INFO - Processing file /home/nikita/airflow-setup/ENV/lib/python3.12/site-packages/airflow/example_dags/example_trigger_controller_dag.py for tasks to queue
[2026-05-04T01:05:44.949+0300] {logging_mixin.py:190} INFO - [2026-05-04T01:05:44.949+0300] {dagbag.py:588} INFO - Filling up the DagBag from /home/nikita/airflow-setup/ENV/lib/python3.12/site-packages/airflow/example_dags/example_trigger_controller_dag.py
[2026-05-04T01:05:44.956+0300] {processor.py:925} INFO - DAG(s) 'example_trigger_controller_dag' retrieved from /home/nikita/airflow-setup/ENV/lib/python3.12/site-packages/airflow/example_dags/example_trigger_controller_dag.py
[2026-05-04T01:05:44.971+0300] {logging_mixin.py:190} INFO - [2026-05-04T01:05:44.971+0300] {dag.py:3239} INFO - Sync 1 DAGs
[2026-05-04T01:05:44.988+0300] {logging_mixin.py:190} INFO - [2026-05-04T01:05:44.988+0300] {dag.py:4180} INFO - Setting next_dagrun for example_trigger_controller_dag to 2021-01-01 00:00:00+00:00, run_after=2021-01-01 00:00:00+00:00
[2026-05-04T01:05:45.005+0300] {processor.py:208} INFO - Processing /home/nikita/airflow-setup/ENV/lib/python3.12/site-packages/airflow/example_dags/example_trigger_controller_dag.py took 0.064 seconds
[2026-05-04T01:06:49.302+0300] {processor.py:186} INFO - Started process (PID=10531) to work on /home/nikita/airflow-setup/ENV/lib/python3.12/site-packages/airflow/example_dags/example_trigger_controller_dag.py
[2026-05-04T01:06:49.304+0300] {processor.py:914} INFO - Processing file /home/nikita/airflow-setup/ENV/lib/python3.12/site-packages/airflow/example_dags/example_trigger_controller_dag.py for tasks to queue
[2026-05-04T01:06:49.305+0300] {logging_mixin.py:190} INFO - [2026-05-04T01:06:49.305+0300] {dagbag.py:588} INFO - Filling up the DagBag from /home/nikita/airflow-setup/ENV/lib/python3.12/site-packages/airflow/example_dags/example_trigger_controller_dag.py
[2026-05-04T01:06:49.314+0300] {processor.py:925} INFO - DAG(s) 'example_trigger_controller_dag' retrieved from /home/nikita/airflow-setup/ENV/lib/python3.12/site-packages/airflow/example_dags/example_trigger_controller_dag.py
[2026-05-04T01:06:49.327+0300] {logging_mixin.py:190} INFO - [2026-05-04T01:06:49.327+0300] {dag.py:3239} INFO - Sync 1 DAGs
[2026-05-04T01:06:49.341+0300] {logging_mixin.py:190} INFO - [2026-05-04T01:06:49.341+0300] {dag.py:4180} INFO - Setting next_dagrun for example_trigger_controller_dag to 2021-01-01 00:00:00+00:00, run_after=2021-01-01 00:00:00+00:00
[2026-05-04T01:06:49.360+0300] {processor.py:208} INFO - Processing /home/nikita/airflow-setup/ENV/lib/python3.12/site-packages/airflow/example_dags/example_trigger_controller_dag.py took 0.063 seconds
[2026-05-04T01:07:57.706+0300] {processor.py:186} INFO - Started process (PID=10789) to work on /home/nikita/airflow-setup/ENV/lib/python3.12/site-packages/airflow/example_dags/example_trigger_controller_dag.py
[2026-05-04T01:07:57.708+0300] {processor.py:914} INFO - Processing file /home/nikita/airflow-setup/ENV/lib/python3.12/site-packages/airflow/example_dags/example_trigger_controller_dag.py for tasks to queue
[2026-05-04T01:07:57.709+0300] {logging_mixin.py:190} INFO - [2026-05-04T01:07:57.708+0300] {dagbag.py:588} INFO - Filling up the DagBag from /home/nikita/airflow-setup/ENV/lib/python3.12/site-packages/airflow/example_dags/example_trigger_controller_dag.py
[2026-05-04T01:07:57.715+0300] {processor.py:925} INFO - DAG(s) 'example_trigger_controller_dag' retrieved from /home/nikita/airflow-setup/ENV/lib/python3.12/site-packages/airflow/example_dags/example_trigger_controller_dag.py
[2026-05-04T01:07:57.727+0300] {logging_mixin.py:190} INFO - [2026-05-04T01:07:57.727+0300] {dag.py:3239} INFO - Sync 1 DAGs
[2026-05-04T01:07:57.741+0300] {logging_mixin.py:190} INFO - [2026-05-04T01:07:57.741+0300] {dag.py:4180} INFO - Setting next_dagrun for example_trigger_controller_dag to 2021-01-01 00:00:00+00:00, run_after=2021-01-01 00:00:00+00:00
[2026-05-04T01:07:57.762+0300] {processor.py:208} INFO - Processing /home/nikita/airflow-setup/ENV/lib/python3.12/site-packages/airflow/example_dags/example_trigger_controller_dag.py took 0.061 seconds
[2026-05-04T01:09:03.708+0300] {processor.py:186} INFO - Started process (PID=11919) to work on /home/nikita/airflow-setup/ENV/lib/python3.12/site-packages/airflow/example_dags/example_trigger_controller_dag.py
[2026-05-04T01:09:03.714+0300] {processor.py:914} INFO - Processing file /home/nikita/airflow-setup/ENV/lib/python3.12/site-packages/airflow/example_dags/example_trigger_controller_dag.py for tasks to queue
[2026-05-04T01:09:03.716+0300] {logging_mixin.py:190} INFO - [2026-05-04T01:09:03.715+0300] {dagbag.py:588} INFO - Filling up the DagBag from /home/nikita/airflow-setup/ENV/lib/python3.12/site-packages/airflow/example_dags/example_trigger_controller_dag.py
[2026-05-04T01:09:03.724+0300] {processor.py:925} INFO - DAG(s) 'example_trigger_controller_dag' retrieved from /home/nikita/airflow-setup/ENV/lib/python3.12/site-packages/airflow/example_dags/example_trigger_controller_dag.py
[2026-05-04T01:09:03.740+0300] {logging_mixin.py:190} INFO - [2026-05-04T01:09:03.740+0300] {dag.py:3239} INFO - Sync 1 DAGs
[2026-05-04T01:09:03.760+0300] {logging_mixin.py:190} INFO - [2026-05-04T01:09:03.759+0300] {dag.py:4180} INFO - Setting next_dagrun for example_trigger_controller_dag to 2021-01-01 00:00:00+00:00, run_after=2021-01-01 00:00:00+00:00
[2026-05-04T01:09:03.783+0300] {processor.py:208} INFO - Processing /home/nikita/airflow-setup/ENV/lib/python3.12/site-packages/airflow/example_dags/example_trigger_controller_dag.py took 0.081 seconds
[2026-05-04T01:10:13.611+0300] {processor.py:186} INFO - Started process (PID=12244) to work on /home/nikita/airflow-setup/ENV/lib/python3.12/site-packages/airflow/example_dags/example_trigger_controller_dag.py
[2026-05-04T01:10:13.620+0300] {processor.py:914} INFO - Processing file /home/nikita/airflow-setup/ENV/lib/python3.12/site-packages/airflow/example_dags/example_trigger_controller_dag.py for tasks to queue
[2026-05-04T01:10:13.622+0300] {logging_mixin.py:190} INFO - [2026-05-04T01:10:13.621+0300] {dagbag.py:588} INFO - Filling up the DagBag from /home/nikita/airflow-setup/ENV/lib/python3.12/site-packages/airflow/example_dags/example_trigger_controller_dag.py
[2026-05-04T01:10:13.629+0300] {processor.py:925} INFO - DAG(s) 'example_trigger_controller_dag' retrieved from /home/nikita/airflow-setup/ENV/lib/python3.12/site-packages/airflow/example_dags/example_trigger_controller_dag.py
[2026-05-04T01:10:13.642+0300] {logging_mixin.py:190} INFO - [2026-05-04T01:10:13.641+0300] {dag.py:3239} INFO - Sync 1 DAGs
[2026-05-04T01:10:13.659+0300] {logging_mixin.py:190} INFO - [2026-05-04T01:10:13.659+0300] {dag.py:4180} INFO - Setting next_dagrun for example_trigger_controller_dag to 2021-01-01 00:00:00+00:00, run_after=2021-01-01 00:00:00+00:00
[2026-05-04T01:10:13.677+0300] {processor.py:208} INFO - Processing /home/nikita/airflow-setup/ENV/lib/python3.12/site-packages/airflow/example_dags/example_trigger_controller_dag.py took 0.072 seconds
[2026-05-04T01:11:23.534+0300] {processor.py:186} INFO - Started process (PID=12509) to work on /home/nikita/airflow-setup/ENV/lib/python3.12/site-packages/airflow/example_dags/example_trigger_controller_dag.py
[2026-05-04T01:11:23.542+0300] {processor.py:914} INFO - Processing file /home/nikita/airflow-setup/ENV/lib/python3.12/site-packages/airflow/example_dags/example_trigger_controller_dag.py for tasks to queue
[2026-05-04T01:11:23.544+0300] {logging_mixin.py:190} INFO - [2026-05-04T01:11:23.543+0300] {dagbag.py:588} INFO - Filling up the DagBag from /home/nikita/airflow-setup/ENV/lib/python3.12/site-packages/airflow/example_dags/example_trigger_controller_dag.py
[2026-05-04T01:11:23.549+0300] {processor.py:925} INFO - DAG(s) 'example_trigger_controller_dag' retrieved from /home/nikita/airflow-setup/ENV/lib/python3.12/site-packages/airflow/example_dags/example_trigger_controller_dag.py
[2026-05-04T01:11:23.560+0300] {logging_mixin.py:190} INFO - [2026-05-04T01:11:23.560+0300] {dag.py:3239} INFO - Sync 1 DAGs
[2026-05-04T01:11:23.575+0300] {logging_mixin.py:190} INFO - [2026-05-04T01:11:23.575+0300] {dag.py:4180} INFO - Setting next_dagrun for example_trigger_controller_dag to 2021-01-01 00:00:00+00:00, run_after=2021-01-01 00:00:00+00:00
[2026-05-04T01:11:23.593+0300] {processor.py:208} INFO - Processing /home/nikita/airflow-setup/ENV/lib/python3.12/site-packages/airflow/example_dags/example_trigger_controller_dag.py took 0.063 seconds
[2026-05-04T01:12:23.196+0300] {processor.py:186} INFO - Started process (PID=12740) to work on /home/nikita/airflow-setup/ENV/lib/python3.12/site-packages/airflow/example_dags/example_trigger_controller_dag.py
[2026-05-04T01:12:23.198+0300] {processor.py:914} INFO - Processing file /home/nikita/airflow-setup/ENV/lib/python3.12/site-packages/airflow/example_dags/example_trigger_controller_dag.py for tasks to queue
[2026-05-04T01:12:23.199+0300] {logging_mixin.py:190} INFO - [2026-05-04T01:12:23.199+0300] {dagbag.py:588} INFO - Filling up the DagBag from /home/nikita/airflow-setup/ENV/lib/python3.12/site-packages/airflow/example_dags/example_trigger_controller_dag.py
[2026-05-04T01:12:23.207+0300] {processor.py:925} INFO - DAG(s) 'example_trigger_controller_dag' retrieved from /home/nikita/airflow-setup/ENV/lib/python3.12/site-packages/airflow/example_dags/example_trigger_controller_dag.py
[2026-05-04T01:12:23.221+0300] {logging_mixin.py:190} INFO - [2026-05-04T01:12:23.220+0300] {dag.py:3239} INFO - Sync 1 DAGs
[2026-05-04T01:12:23.238+0300] {logging_mixin.py:190} INFO - [2026-05-04T01:12:23.238+0300] {dag.py:4180} INFO - Setting next_dagrun for example_trigger_controller_dag to 2021-01-01 00:00:00+00:00, run_after=2021-01-01 00:00:00+00:00
[2026-05-04T01:12:23.259+0300] {processor.py:208} INFO - Processing /home/nikita/airflow-setup/ENV/lib/python3.12/site-packages/airflow/example_dags/example_trigger_controller_dag.py took 0.068 seconds
[2026-05-04T01:13:23.416+0300] {processor.py:186} INFO - Started process (PID=13171) to work on /home/nikita/airflow-setup/ENV/lib/python3.12/site-packages/airflow/example_dags/example_trigger_controller_dag.py
[2026-05-04T01:13:23.417+0300] {processor.py:914} INFO - Processing file /home/nikita/airflow-setup/ENV/lib/python3.12/site-packages/airflow/example_dags/example_trigger_controller_dag.py for tasks to queue
[2026-05-04T01:13:23.418+0300] {logging_mixin.py:190} INFO - [2026-05-04T01:13:23.418+0300] {dagbag.py:588} INFO - Filling up the DagBag from /home/nikita/airflow-setup/ENV/lib/python3.12/site-packages/airflow/example_dags/example_trigger_controller_dag.py
[2026-05-04T01:13:23.426+0300] {processor.py:925} INFO - DAG(s) 'example_trigger_controller_dag' retrieved from /home/nikita/airflow-setup/ENV/lib/python3.12/site-packages/airflow/example_dags/example_trigger_controller_dag.py
[2026-05-04T01:13:23.442+0300] {logging_mixin.py:190} INFO - [2026-05-04T01:13:23.442+0300] {dag.py:3239} INFO - Sync 1 DAGs
[2026-05-04T01:13:23.460+0300] {logging_mixin.py:190} INFO - [2026-05-04T01:13:23.459+0300] {dag.py:4180} INFO - Setting next_dagrun for example_trigger_controller_dag to 2021-01-01 00:00:00+00:00, run_after=2021-01-01 00:00:00+00:00
[2026-05-04T01:13:23.477+0300] {processor.py:208} INFO - Processing /home/nikita/airflow-setup/ENV/lib/python3.12/site-packages/airflow/example_dags/example_trigger_controller_dag.py took 0.066 seconds
[2026-05-04T01:14:29.039+0300] {processor.py:186} INFO - Started process (PID=14287) to work on /home/nikita/airflow-setup/ENV/lib/python3.12/site-packages/airflow/example_dags/example_trigger_controller_dag.py
[2026-05-04T01:14:29.049+0300] {processor.py:914} INFO - Processing file /home/nikita/airflow-setup/ENV/lib/python3.12/site-packages/airflow/example_dags/example_trigger_controller_dag.py for tasks to queue
[2026-05-04T01:14:29.050+0300] {logging_mixin.py:190} INFO - [2026-05-04T01:14:29.050+0300] {dagbag.py:588} INFO - Filling up the DagBag from /home/nikita/airflow-setup/ENV/lib/python3.12/site-packages/airflow/example_dags/example_trigger_controller_dag.py
[2026-05-04T01:14:29.057+0300] {processor.py:925} INFO - DAG(s) 'example_trigger_controller_dag' retrieved from /home/nikita/airflow-setup/ENV/lib/python3.12/site-packages/airflow/example_dags/example_trigger_controller_dag.py
[2026-05-04T01:14:29.074+0300] {logging_mixin.py:190} INFO - [2026-05-04T01:14:29.074+0300] {dag.py:3239} INFO - Sync 1 DAGs
[2026-05-04T01:14:29.091+0300] {logging_mixin.py:190} INFO - [2026-05-04T01:14:29.091+0300] {dag.py:4180} INFO - Setting next_dagrun for example_trigger_controller_dag to 2021-01-01 00:00:00+00:00, run_after=2021-01-01 00:00:00+00:00
[2026-05-04T01:14:29.112+0300] {processor.py:208} INFO - Processing /home/nikita/airflow-setup/ENV/lib/python3.12/site-packages/airflow/example_dags/example_trigger_controller_dag.py took 0.079 seconds
[2026-05-04T01:15:39.216+0300] {processor.py:186} INFO - Started process (PID=14552) to work on /home/nikita/airflow-setup/ENV/lib/python3.12/site-packages/airflow/example_dags/example_trigger_controller_dag.py
[2026-05-04T01:15:39.224+0300] {processor.py:914} INFO - Processing file /home/nikita/airflow-setup/ENV/lib/python3.12/site-packages/airflow/example_dags/example_trigger_controller_dag.py for tasks to queue
[2026-05-04T01:15:39.226+0300] {logging_mixin.py:190} INFO - [2026-05-04T01:15:39.225+0300] {dagbag.py:588} INFO - Filling up the DagBag from /home/nikita/airflow-setup/ENV/lib/python3.12/site-packages/airflow/example_dags/example_trigger_controller_dag.py
[2026-05-04T01:15:39.232+0300] {processor.py:925} INFO - DAG(s) 'example_trigger_controller_dag' retrieved from /home/nikita/airflow-setup/ENV/lib/python3.12/site-packages/airflow/example_dags/example_trigger_controller_dag.py
[2026-05-04T01:15:39.246+0300] {logging_mixin.py:190} INFO - [2026-05-04T01:15:39.246+0300] {dag.py:3239} INFO - Sync 1 DAGs
[2026-05-04T01:15:39.262+0300] {logging_mixin.py:190} INFO - [2026-05-04T01:15:39.262+0300] {dag.py:4180} INFO - Setting next_dagrun for example_trigger_controller_dag to 2021-01-01 00:00:00+00:00, run_after=2021-01-01 00:00:00+00:00
[2026-05-04T01:15:39.279+0300] {processor.py:208} INFO - Processing /home/nikita/airflow-setup/ENV/lib/python3.12/site-packages/airflow/example_dags/example_trigger_controller_dag.py took 0.067 seconds
[2026-05-04T01:16:46.665+0300] {processor.py:186} INFO - Started process (PID=15768) to work on /home/nikita/airflow-setup/ENV/lib/python3.12/site-packages/airflow/example_dags/example_trigger_controller_dag.py
[2026-05-04T01:16:46.667+0300] {processor.py:914} INFO - Processing file /home/nikita/airflow-setup/ENV/lib/python3.12/site-packages/airflow/example_dags/example_trigger_controller_dag.py for tasks to queue
[2026-05-04T01:16:46.668+0300] {logging_mixin.py:190} INFO - [2026-05-04T01:16:46.668+0300] {dagbag.py:588} INFO - Filling up the DagBag from /home/nikita/airflow-setup/ENV/lib/python3.12/site-packages/airflow/example_dags/example_trigger_controller_dag.py
[2026-05-04T01:16:46.676+0300] {processor.py:925} INFO - DAG(s) 'example_trigger_controller_dag' retrieved from /home/nikita/airflow-setup/ENV/lib/python3.12/site-packages/airflow/example_dags/example_trigger_controller_dag.py
[2026-05-04T01:16:46.689+0300] {logging_mixin.py:190} INFO - [2026-05-04T01:16:46.689+0300] {dag.py:3239} INFO - Sync 1 DAGs
[2026-05-04T01:16:46.705+0300] {logging_mixin.py:190} INFO - [2026-05-04T01:16:46.705+0300] {dag.py:4180} INFO - Setting next_dagrun for example_trigger_controller_dag to 2021-01-01 00:00:00+00:00, run_after=2021-01-01 00:00:00+00:00
[2026-05-04T01:16:46.723+0300] {processor.py:208} INFO - Processing /home/nikita/airflow-setup/ENV/lib/python3.12/site-packages/airflow/example_dags/example_trigger_controller_dag.py took 0.062 seconds
[2026-05-04T01:17:55.751+0300] {processor.py:186} INFO - Started process (PID=16028) to work on /home/nikita/airflow-setup/ENV/lib/python3.12/site-packages/airflow/example_dags/example_trigger_controller_dag.py
[2026-05-04T01:17:55.753+0300] {processor.py:914} INFO - Processing file /home/nikita/airflow-setup/ENV/lib/python3.12/site-packages/airflow/example_dags/example_trigger_controller_dag.py for tasks to queue
[2026-05-04T01:17:55.754+0300] {logging_mixin.py:190} INFO - [2026-05-04T01:17:55.754+0300] {dagbag.py:588} INFO - Filling up the DagBag from /home/nikita/airflow-setup/ENV/lib/python3.12/site-packages/airflow/example_dags/example_trigger_controller_dag.py
[2026-05-04T01:17:55.761+0300] {processor.py:925} INFO - DAG(s) 'example_trigger_controller_dag' retrieved from /home/nikita/airflow-setup/ENV/lib/python3.12/site-packages/airflow/example_dags/example_trigger_controller_dag.py
[2026-05-04T01:17:55.773+0300] {logging_mixin.py:190} INFO - [2026-05-04T01:17:55.773+0300] {dag.py:3239} INFO - Sync 1 DAGs
[2026-05-04T01:17:55.790+0300] {logging_mixin.py:190} INFO - [2026-05-04T01:17:55.789+0300] {dag.py:4180} INFO - Setting next_dagrun for example_trigger_controller_dag to 2021-01-01 00:00:00+00:00, run_after=2021-01-01 00:00:00+00:00
[2026-05-04T01:17:55.812+0300] {processor.py:208} INFO - Processing /home/nikita/airflow-setup/ENV/lib/python3.12/site-packages/airflow/example_dags/example_trigger_controller_dag.py took 0.066 seconds
[2026-05-04T01:19:03.621+0300] {processor.py:186} INFO - Started process (PID=16286) to work on /home/nikita/airflow-setup/ENV/lib/python3.12/site-packages/airflow/example_dags/example_trigger_controller_dag.py
[2026-05-04T01:19:03.631+0300] {processor.py:914} INFO - Processing file /home/nikita/airflow-setup/ENV/lib/python3.12/site-packages/airflow/example_dags/example_trigger_controller_dag.py for tasks to queue
[2026-05-04T01:19:03.632+0300] {logging_mixin.py:190} INFO - [2026-05-04T01:19:03.632+0300] {dagbag.py:588} INFO - Filling up the DagBag from /home/nikita/airflow-setup/ENV/lib/python3.12/site-packages/airflow/example_dags/example_trigger_controller_dag.py
[2026-05-04T01:19:03.638+0300] {processor.py:925} INFO - DAG(s) 'example_trigger_controller_dag' retrieved from /home/nikita/airflow-setup/ENV/lib/python3.12/site-packages/airflow/example_dags/example_trigger_controller_dag.py
[2026-05-04T01:19:03.648+0300] {logging_mixin.py:190} INFO - [2026-05-04T01:19:03.648+0300] {dag.py:3239} INFO - Sync 1 DAGs
[2026-05-04T01:19:03.661+0300] {logging_mixin.py:190} INFO - [2026-05-04T01:19:03.661+0300] {dag.py:4180} INFO - Setting next_dagrun for example_trigger_controller_dag to 2021-01-01 00:00:00+00:00, run_after=2021-01-01 00:00:00+00:00
[2026-05-04T01:19:03.676+0300] {processor.py:208} INFO - Processing /home/nikita/airflow-setup/ENV/lib/python3.12/site-packages/airflow/example_dags/example_trigger_controller_dag.py took 0.059 seconds
[2026-05-04T01:20:06.511+0300] {processor.py:186} INFO - Started process (PID=16536) to work on /home/nikita/airflow-setup/ENV/lib/python3.12/site-packages/airflow/example_dags/example_trigger_controller_dag.py
[2026-05-04T01:20:06.520+0300] {processor.py:914} INFO - Processing file /home/nikita/airflow-setup/ENV/lib/python3.12/site-packages/airflow/example_dags/example_trigger_controller_dag.py for tasks to queue
[2026-05-04T01:20:06.521+0300] {logging_mixin.py:190} INFO - [2026-05-04T01:20:06.521+0300] {dagbag.py:588} INFO - Filling up the DagBag from /home/nikita/airflow-setup/ENV/lib/python3.12/site-packages/airflow/example_dags/example_trigger_controller_dag.py
[2026-05-04T01:20:06.528+0300] {processor.py:925} INFO - DAG(s) 'example_trigger_controller_dag' retrieved from /home/nikita/airflow-setup/ENV/lib/python3.12/site-packages/airflow/example_dags/example_trigger_controller_dag.py
[2026-05-04T01:20:06.540+0300] {logging_mixin.py:190} INFO - [2026-05-04T01:20:06.540+0300] {dag.py:3239} INFO - Sync 1 DAGs
[2026-05-04T01:20:06.556+0300] {logging_mixin.py:190} INFO - [2026-05-04T01:20:06.555+0300] {dag.py:4180} INFO - Setting next_dagrun for example_trigger_controller_dag to 2021-01-01 00:00:00+00:00, run_after=2021-01-01 00:00:00+00:00
[2026-05-04T01:20:06.570+0300] {processor.py:208} INFO - Processing /home/nikita/airflow-setup/ENV/lib/python3.12/site-packages/airflow/example_dags/example_trigger_controller_dag.py took 0.065 seconds
[2026-05-04T01:21:14.847+0300] {processor.py:186} INFO - Started process (PID=16796) to work on /home/nikita/airflow-setup/ENV/lib/python3.12/site-packages/airflow/example_dags/example_trigger_controller_dag.py
[2026-05-04T01:21:14.856+0300] {processor.py:914} INFO - Processing file /home/nikita/airflow-setup/ENV/lib/python3.12/site-packages/airflow/example_dags/example_trigger_controller_dag.py for tasks to queue
[2026-05-04T01:21:14.857+0300] {logging_mixin.py:190} INFO - [2026-05-04T01:21:14.857+0300] {dagbag.py:588} INFO - Filling up the DagBag from /home/nikita/airflow-setup/ENV/lib/python3.12/site-packages/airflow/example_dags/example_trigger_controller_dag.py
[2026-05-04T01:21:14.867+0300] {processor.py:925} INFO - DAG(s) 'example_trigger_controller_dag' retrieved from /home/nikita/airflow-setup/ENV/lib/python3.12/site-packages/airflow/example_dags/example_trigger_controller_dag.py
[2026-05-04T01:21:14.886+0300] {logging_mixin.py:190} INFO - [2026-05-04T01:21:14.886+0300] {dag.py:3239} INFO - Sync 1 DAGs
[2026-05-04T01:21:14.909+0300] {logging_mixin.py:190} INFO - [2026-05-04T01:21:14.908+0300] {dag.py:4180} INFO - Setting next_dagrun for example_trigger_controller_dag to 2021-01-01 00:00:00+00:00, run_after=2021-01-01 00:00:00+00:00
[2026-05-04T01:21:14.931+0300] {processor.py:208} INFO - Processing /home/nikita/airflow-setup/ENV/lib/python3.12/site-packages/airflow/example_dags/example_trigger_controller_dag.py took 0.091 seconds
[2026-05-04T01:22:25.620+0300] {processor.py:186} INFO - Started process (PID=17062) to work on /home/nikita/airflow-setup/ENV/lib/python3.12/site-packages/airflow/example_dags/example_trigger_controller_dag.py
[2026-05-04T01:22:25.629+0300] {processor.py:914} INFO - Processing file /home/nikita/airflow-setup/ENV/lib/python3.12/site-packages/airflow/example_dags/example_trigger_controller_dag.py for tasks to queue
[2026-05-04T01:22:25.630+0300] {logging_mixin.py:190} INFO - [2026-05-04T01:22:25.630+0300] {dagbag.py:588} INFO - Filling up the DagBag from /home/nikita/airflow-setup/ENV/lib/python3.12/site-packages/airflow/example_dags/example_trigger_controller_dag.py
[2026-05-04T01:22:25.635+0300] {processor.py:925} INFO - DAG(s) 'example_trigger_controller_dag' retrieved from /home/nikita/airflow-setup/ENV/lib/python3.12/site-packages/airflow/example_dags/example_trigger_controller_dag.py
[2026-05-04T01:22:25.647+0300] {logging_mixin.py:190} INFO - [2026-05-04T01:22:25.646+0300] {dag.py:3239} INFO - Sync 1 DAGs
[2026-05-04T01:22:25.662+0300] {logging_mixin.py:190} INFO - [2026-05-04T01:22:25.662+0300] {dag.py:4180} INFO - Setting next_dagrun for example_trigger_controller_dag to 2021-01-01 00:00:00+00:00, run_after=2021-01-01 00:00:00+00:00
[2026-05-04T01:22:25.679+0300] {processor.py:208} INFO - Processing /home/nikita/airflow-setup/ENV/lib/python3.12/site-packages/airflow/example_dags/example_trigger_controller_dag.py took 0.063 seconds
[2026-05-04T01:23:34.382+0300] {processor.py:186} INFO - Started process (PID=17326) to work on /home/nikita/airflow-setup/ENV/lib/python3.12/site-packages/airflow/example_dags/example_trigger_controller_dag.py
[2026-05-04T01:23:34.390+0300] {processor.py:914} INFO - Processing file /home/nikita/airflow-setup/ENV/lib/python3.12/site-packages/airflow/example_dags/example_trigger_controller_dag.py for tasks to queue
[2026-05-04T01:23:34.392+0300] {logging_mixin.py:190} INFO - [2026-05-04T01:23:34.391+0300] {dagbag.py:588} INFO - Filling up the DagBag from /home/nikita/airflow-setup/ENV/lib/python3.12/site-packages/airflow/example_dags/example_trigger_controller_dag.py
[2026-05-04T01:23:34.398+0300] {processor.py:925} INFO - DAG(s) 'example_trigger_controller_dag' retrieved from /home/nikita/airflow-setup/ENV/lib/python3.12/site-packages/airflow/example_dags/example_trigger_controller_dag.py
[2026-05-04T01:23:34.410+0300] {logging_mixin.py:190} INFO - [2026-05-04T01:23:34.410+0300] {dag.py:3239} INFO - Sync 1 DAGs
[2026-05-04T01:23:34.424+0300] {logging_mixin.py:190} INFO - [2026-05-04T01:23:34.424+0300] {dag.py:4180} INFO - Setting next_dagrun for example_trigger_controller_dag to 2021-01-01 00:00:00+00:00, run_after=2021-01-01 00:00:00+00:00
[2026-05-04T01:23:34.442+0300] {processor.py:208} INFO - Processing /home/nikita/airflow-setup/ENV/lib/python3.12/site-packages/airflow/example_dags/example_trigger_controller_dag.py took 0.065 seconds
[2026-05-04T01:24:40.850+0300] {processor.py:186} INFO - Started process (PID=17891) to work on /home/nikita/airflow-setup/ENV/lib/python3.12/site-packages/airflow/example_dags/example_trigger_controller_dag.py
[2026-05-04T01:24:40.851+0300] {processor.py:914} INFO - Processing file /home/nikita/airflow-setup/ENV/lib/python3.12/site-packages/airflow/example_dags/example_trigger_controller_dag.py for tasks to queue
[2026-05-04T01:24:40.852+0300] {logging_mixin.py:190} INFO - [2026-05-04T01:24:40.852+0300] {dagbag.py:588} INFO - Filling up the DagBag from /home/nikita/airflow-setup/ENV/lib/python3.12/site-packages/airflow/example_dags/example_trigger_controller_dag.py
[2026-05-04T01:24:40.858+0300] {processor.py:925} INFO - DAG(s) 'example_trigger_controller_dag' retrieved from /home/nikita/airflow-setup/ENV/lib/python3.12/site-packages/airflow/example_dags/example_trigger_controller_dag.py
[2026-05-04T01:24:40.868+0300] {logging_mixin.py:190} INFO - [2026-05-04T01:24:40.868+0300] {dag.py:3239} INFO - Sync 1 DAGs
[2026-05-04T01:24:40.881+0300] {logging_mixin.py:190} INFO - [2026-05-04T01:24:40.881+0300] {dag.py:4180} INFO - Setting next_dagrun for example_trigger_controller_dag to 2021-01-01 00:00:00+00:00, run_after=2021-01-01 00:00:00+00:00
[2026-05-04T01:24:41.009+0300] {processor.py:208} INFO - Processing /home/nikita/airflow-setup/ENV/lib/python3.12/site-packages/airflow/example_dags/example_trigger_controller_dag.py took 0.163 seconds
[2026-05-04T01:25:51.099+0300] {processor.py:186} INFO - Started process (PID=18507) to work on /home/nikita/airflow-setup/ENV/lib/python3.12/site-packages/airflow/example_dags/example_trigger_controller_dag.py
[2026-05-04T01:25:51.101+0300] {processor.py:914} INFO - Processing file /home/nikita/airflow-setup/ENV/lib/python3.12/site-packages/airflow/example_dags/example_trigger_controller_dag.py for tasks to queue
[2026-05-04T01:25:51.102+0300] {logging_mixin.py:190} INFO - [2026-05-04T01:25:51.101+0300] {dagbag.py:588} INFO - Filling up the DagBag from /home/nikita/airflow-setup/ENV/lib/python3.12/site-packages/airflow/example_dags/example_trigger_controller_dag.py
[2026-05-04T01:25:51.107+0300] {processor.py:925} INFO - DAG(s) 'example_trigger_controller_dag' retrieved from /home/nikita/airflow-setup/ENV/lib/python3.12/site-packages/airflow/example_dags/example_trigger_controller_dag.py
[2026-05-04T01:25:51.117+0300] {logging_mixin.py:190} INFO - [2026-05-04T01:25:51.117+0300] {dag.py:3239} INFO - Sync 1 DAGs
[2026-05-04T01:25:51.130+0300] {logging_mixin.py:190} INFO - [2026-05-04T01:25:51.130+0300] {dag.py:4180} INFO - Setting next_dagrun for example_trigger_controller_dag to 2021-01-01 00:00:00+00:00, run_after=2021-01-01 00:00:00+00:00
[2026-05-04T01:25:51.146+0300] {processor.py:208} INFO - Processing /home/nikita/airflow-setup/ENV/lib/python3.12/site-packages/airflow/example_dags/example_trigger_controller_dag.py took 0.051 seconds
[2026-05-04T01:27:02.560+0300] {processor.py:186} INFO - Started process (PID=19455) to work on /home/nikita/airflow-setup/ENV/lib/python3.12/site-packages/airflow/example_dags/example_trigger_controller_dag.py
[2026-05-04T01:27:02.562+0300] {processor.py:914} INFO - Processing file /home/nikita/airflow-setup/ENV/lib/python3.12/site-packages/airflow/example_dags/example_trigger_controller_dag.py for tasks to queue
[2026-05-04T01:27:02.564+0300] {logging_mixin.py:190} INFO - [2026-05-04T01:27:02.563+0300] {dagbag.py:588} INFO - Filling up the DagBag from /home/nikita/airflow-setup/ENV/lib/python3.12/site-packages/airflow/example_dags/example_trigger_controller_dag.py
[2026-05-04T01:27:02.572+0300] {processor.py:925} INFO - DAG(s) 'example_trigger_controller_dag' retrieved from /home/nikita/airflow-setup/ENV/lib/python3.12/site-packages/airflow/example_dags/example_trigger_controller_dag.py
[2026-05-04T01:27:02.587+0300] {logging_mixin.py:190} INFO - [2026-05-04T01:27:02.587+0300] {dag.py:3239} INFO - Sync 1 DAGs
[2026-05-04T01:27:02.608+0300] {logging_mixin.py:190} INFO - [2026-05-04T01:27:02.607+0300] {dag.py:4180} INFO - Setting next_dagrun for example_trigger_controller_dag to 2021-01-01 00:00:00+00:00, run_after=2021-01-01 00:00:00+00:00
[2026-05-04T01:27:02.635+0300] {processor.py:208} INFO - Processing /home/nikita/airflow-setup/ENV/lib/python3.12/site-packages/airflow/example_dags/example_trigger_controller_dag.py took 0.082 seconds
[2026-05-04T01:28:15.158+0300] {processor.py:186} INFO - Started process (PID=19721) to work on /home/nikita/airflow-setup/ENV/lib/python3.12/site-packages/airflow/example_dags/example_trigger_controller_dag.py
[2026-05-04T01:28:15.161+0300] {processor.py:914} INFO - Processing file /home/nikita/airflow-setup/ENV/lib/python3.12/site-packages/airflow/example_dags/example_trigger_controller_dag.py for tasks to queue
[2026-05-04T01:28:15.162+0300] {logging_mixin.py:190} INFO - [2026-05-04T01:28:15.162+0300] {dagbag.py:588} INFO - Filling up the DagBag from /home/nikita/airflow-setup/ENV/lib/python3.12/site-packages/airflow/example_dags/example_trigger_controller_dag.py
[2026-05-04T01:28:15.169+0300] {processor.py:925} INFO - DAG(s) 'example_trigger_controller_dag' retrieved from /home/nikita/airflow-setup/ENV/lib/python3.12/site-packages/airflow/example_dags/example_trigger_controller_dag.py
[2026-05-04T01:28:15.181+0300] {logging_mixin.py:190} INFO - [2026-05-04T01:28:15.181+0300] {dag.py:3239} INFO - Sync 1 DAGs
[2026-05-04T01:28:15.336+0300] {logging_mixin.py:190} INFO - [2026-05-04T01:28:15.335+0300] {dag.py:4180} INFO - Setting next_dagrun for example_trigger_controller_dag to 2021-01-01 00:00:00+00:00, run_after=2021-01-01 00:00:00+00:00
[2026-05-04T01:28:15.356+0300] {processor.py:208} INFO - Processing /home/nikita/airflow-setup/ENV/lib/python3.12/site-packages/airflow/example_dags/example_trigger_controller_dag.py took 0.203 seconds
[2026-05-04T01:29:23.931+0300] {processor.py:186} INFO - Started process (PID=19989) to work on /home/nikita/airflow-setup/ENV/lib/python3.12/site-packages/airflow/example_dags/example_trigger_controller_dag.py
[2026-05-04T01:29:23.939+0300] {processor.py:914} INFO - Processing file /home/nikita/airflow-setup/ENV/lib/python3.12/site-packages/airflow/example_dags/example_trigger_controller_dag.py for tasks to queue
[2026-05-04T01:29:23.940+0300] {logging_mixin.py:190} INFO - [2026-05-04T01:29:23.940+0300] {dagbag.py:588} INFO - Filling up the DagBag from /home/nikita/airflow-setup/ENV/lib/python3.12/site-packages/airflow/example_dags/example_trigger_controller_dag.py
[2026-05-04T01:29:23.946+0300] {processor.py:925} INFO - DAG(s) 'example_trigger_controller_dag' retrieved from /home/nikita/airflow-setup/ENV/lib/python3.12/site-packages/airflow/example_dags/example_trigger_controller_dag.py
[2026-05-04T01:29:23.958+0300] {logging_mixin.py:190} INFO - [2026-05-04T01:29:23.958+0300] {dag.py:3239} INFO - Sync 1 DAGs
[2026-05-04T01:29:23.972+0300] {logging_mixin.py:190} INFO - [2026-05-04T01:29:23.972+0300] {dag.py:4180} INFO - Setting next_dagrun for example_trigger_controller_dag to 2021-01-01 00:00:00+00:00, run_after=2021-01-01 00:00:00+00:00
[2026-05-04T01:29:24.092+0300] {processor.py:208} INFO - Processing /home/nikita/airflow-setup/ENV/lib/python3.12/site-packages/airflow/example_dags/example_trigger_controller_dag.py took 0.166 seconds
[2026-05-04T01:30:35.851+0300] {processor.py:186} INFO - Started process (PID=20260) to work on /home/nikita/airflow-setup/ENV/lib/python3.12/site-packages/airflow/example_dags/example_trigger_controller_dag.py
[2026-05-04T01:30:35.860+0300] {processor.py:914} INFO - Processing file /home/nikita/airflow-setup/ENV/lib/python3.12/site-packages/airflow/example_dags/example_trigger_controller_dag.py for tasks to queue
[2026-05-04T01:30:35.861+0300] {logging_mixin.py:190} INFO - [2026-05-04T01:30:35.861+0300] {dagbag.py:588} INFO - Filling up the DagBag from /home/nikita/airflow-setup/ENV/lib/python3.12/site-packages/airflow/example_dags/example_trigger_controller_dag.py
[2026-05-04T01:30:35.868+0300] {processor.py:925} INFO - DAG(s) 'example_trigger_controller_dag' retrieved from /home/nikita/airflow-setup/ENV/lib/python3.12/site-packages/airflow/example_dags/example_trigger_controller_dag.py
[2026-05-04T01:30:35.882+0300] {logging_mixin.py:190} INFO - [2026-05-04T01:30:35.881+0300] {dag.py:3239} INFO - Sync 1 DAGs
[2026-05-04T01:30:35.899+0300] {logging_mixin.py:190} INFO - [2026-05-04T01:30:35.899+0300] {dag.py:4180} INFO - Setting next_dagrun for example_trigger_controller_dag to 2021-01-01 00:00:00+00:00, run_after=2021-01-01 00:00:00+00:00
[2026-05-04T01:30:35.917+0300] {processor.py:208} INFO - Processing /home/nikita/airflow-setup/ENV/lib/python3.12/site-packages/airflow/example_dags/example_trigger_controller_dag.py took 0.071 seconds
[2026-05-04T01:31:56.995+0300] {processor.py:186} INFO - Started process (PID=20552) to work on /home/nikita/airflow-setup/ENV/lib/python3.12/site-packages/airflow/example_dags/example_trigger_controller_dag.py
[2026-05-04T01:31:57.004+0300] {processor.py:914} INFO - Processing file /home/nikita/airflow-setup/ENV/lib/python3.12/site-packages/airflow/example_dags/example_trigger_controller_dag.py for tasks to queue
[2026-05-04T01:31:57.005+0300] {logging_mixin.py:190} INFO - [2026-05-04T01:31:57.005+0300] {dagbag.py:588} INFO - Filling up the DagBag from /home/nikita/airflow-setup/ENV/lib/python3.12/site-packages/airflow/example_dags/example_trigger_controller_dag.py
[2026-05-04T01:31:57.144+0300] {processor.py:925} INFO - DAG(s) 'example_trigger_controller_dag' retrieved from /home/nikita/airflow-setup/ENV/lib/python3.12/site-packages/airflow/example_dags/example_trigger_controller_dag.py
[2026-05-04T01:31:57.155+0300] {logging_mixin.py:190} INFO - [2026-05-04T01:31:57.154+0300] {dag.py:3239} INFO - Sync 1 DAGs
[2026-05-04T01:31:57.169+0300] {logging_mixin.py:190} INFO - [2026-05-04T01:31:57.168+0300] {dag.py:4180} INFO - Setting next_dagrun for example_trigger_controller_dag to 2021-01-01 00:00:00+00:00, run_after=2021-01-01 00:00:00+00:00
[2026-05-04T01:31:57.185+0300] {processor.py:208} INFO - Processing /home/nikita/airflow-setup/ENV/lib/python3.12/site-packages/airflow/example_dags/example_trigger_controller_dag.py took 0.196 seconds
[2026-05-04T01:33:07.527+0300] {processor.py:186} INFO - Started process (PID=20970) to work on /home/nikita/airflow-setup/ENV/lib/python3.12/site-packages/airflow/example_dags/example_trigger_controller_dag.py
[2026-05-04T01:33:07.529+0300] {processor.py:914} INFO - Processing file /home/nikita/airflow-setup/ENV/lib/python3.12/site-packages/airflow/example_dags/example_trigger_controller_dag.py for tasks to queue
[2026-05-04T01:33:07.530+0300] {logging_mixin.py:190} INFO - [2026-05-04T01:33:07.529+0300] {dagbag.py:588} INFO - Filling up the DagBag from /home/nikita/airflow-setup/ENV/lib/python3.12/site-packages/airflow/example_dags/example_trigger_controller_dag.py
[2026-05-04T01:33:07.535+0300] {processor.py:925} INFO - DAG(s) 'example_trigger_controller_dag' retrieved from /home/nikita/airflow-setup/ENV/lib/python3.12/site-packages/airflow/example_dags/example_trigger_controller_dag.py
[2026-05-04T01:33:07.545+0300] {logging_mixin.py:190} INFO - [2026-05-04T01:33:07.545+0300] {dag.py:3239} INFO - Sync 1 DAGs
[2026-05-04T01:33:07.558+0300] {logging_mixin.py:190} INFO - [2026-05-04T01:33:07.558+0300] {dag.py:4180} INFO - Setting next_dagrun for example_trigger_controller_dag to 2021-01-01 00:00:00+00:00, run_after=2021-01-01 00:00:00+00:00
[2026-05-04T01:33:07.574+0300] {processor.py:208} INFO - Processing /home/nikita/airflow-setup/ENV/lib/python3.12/site-packages/airflow/example_dags/example_trigger_controller_dag.py took 0.051 seconds
[2026-05-04T01:34:10.257+0300] {processor.py:186} INFO - Started process (PID=21336) to work on /home/nikita/airflow-setup/ENV/lib/python3.12/site-packages/airflow/example_dags/example_trigger_controller_dag.py
[2026-05-04T01:34:10.266+0300] {processor.py:914} INFO - Processing file /home/nikita/airflow-setup/ENV/lib/python3.12/site-packages/airflow/example_dags/example_trigger_controller_dag.py for tasks to queue
[2026-05-04T01:34:10.267+0300] {logging_mixin.py:190} INFO - [2026-05-04T01:34:10.267+0300] {dagbag.py:588} INFO - Filling up the DagBag from /home/nikita/airflow-setup/ENV/lib/python3.12/site-packages/airflow/example_dags/example_trigger_controller_dag.py
[2026-05-04T01:34:10.273+0300] {processor.py:925} INFO - DAG(s) 'example_trigger_controller_dag' retrieved from /home/nikita/airflow-setup/ENV/lib/python3.12/site-packages/airflow/example_dags/example_trigger_controller_dag.py
[2026-05-04T01:34:10.283+0300] {logging_mixin.py:190} INFO - [2026-05-04T01:34:10.283+0300] {dag.py:3239} INFO - Sync 1 DAGs
[2026-05-04T01:34:10.297+0300] {logging_mixin.py:190} INFO - [2026-05-04T01:34:10.296+0300] {dag.py:4180} INFO - Setting next_dagrun for example_trigger_controller_dag to 2021-01-01 00:00:00+00:00, run_after=2021-01-01 00:00:00+00:00
[2026-05-04T01:34:10.312+0300] {processor.py:208} INFO - Processing /home/nikita/airflow-setup/ENV/lib/python3.12/site-packages/airflow/example_dags/example_trigger_controller_dag.py took 0.059 seconds
[2026-05-04T01:35:15.743+0300] {processor.py:186} INFO - Started process (PID=21590) to work on /home/nikita/airflow-setup/ENV/lib/python3.12/site-packages/airflow/example_dags/example_trigger_controller_dag.py
[2026-05-04T01:35:15.745+0300] {processor.py:914} INFO - Processing file /home/nikita/airflow-setup/ENV/lib/python3.12/site-packages/airflow/example_dags/example_trigger_controller_dag.py for tasks to queue
[2026-05-04T01:35:15.746+0300] {logging_mixin.py:190} INFO - [2026-05-04T01:35:15.745+0300] {dagbag.py:588} INFO - Filling up the DagBag from /home/nikita/airflow-setup/ENV/lib/python3.12/site-packages/airflow/example_dags/example_trigger_controller_dag.py
[2026-05-04T01:35:15.751+0300] {processor.py:925} INFO - DAG(s) 'example_trigger_controller_dag' retrieved from /home/nikita/airflow-setup/ENV/lib/python3.12/site-packages/airflow/example_dags/example_trigger_controller_dag.py
[2026-05-04T01:35:15.764+0300] {logging_mixin.py:190} INFO - [2026-05-04T01:35:15.764+0300] {dag.py:3239} INFO - Sync 1 DAGs
[2026-05-04T01:35:15.779+0300] {logging_mixin.py:190} INFO - [2026-05-04T01:35:15.779+0300] {dag.py:4180} INFO - Setting next_dagrun for example_trigger_controller_dag to 2021-01-01 00:00:00+00:00, run_after=2021-01-01 00:00:00+00:00
[2026-05-04T01:35:15.797+0300] {processor.py:208} INFO - Processing /home/nikita/airflow-setup/ENV/lib/python3.12/site-packages/airflow/example_dags/example_trigger_controller_dag.py took 0.058 seconds
[2026-05-04T01:36:16.516+0300] {processor.py:186} INFO - Started process (PID=21824) to work on /home/nikita/airflow-setup/ENV/lib/python3.12/site-packages/airflow/example_dags/example_trigger_controller_dag.py
[2026-05-04T01:36:16.525+0300] {processor.py:914} INFO - Processing file /home/nikita/airflow-setup/ENV/lib/python3.12/site-packages/airflow/example_dags/example_trigger_controller_dag.py for tasks to queue
[2026-05-04T01:36:16.526+0300] {logging_mixin.py:190} INFO - [2026-05-04T01:36:16.526+0300] {dagbag.py:588} INFO - Filling up the DagBag from /home/nikita/airflow-setup/ENV/lib/python3.12/site-packages/airflow/example_dags/example_trigger_controller_dag.py
[2026-05-04T01:36:16.532+0300] {processor.py:925} INFO - DAG(s) 'example_trigger_controller_dag' retrieved from /home/nikita/airflow-setup/ENV/lib/python3.12/site-packages/airflow/example_dags/example_trigger_controller_dag.py
[2026-05-04T01:36:16.542+0300] {logging_mixin.py:190} INFO - [2026-05-04T01:36:16.542+0300] {dag.py:3239} INFO - Sync 1 DAGs
[2026-05-04T01:36:16.556+0300] {logging_mixin.py:190} INFO - [2026-05-04T01:36:16.556+0300] {dag.py:4180} INFO - Setting next_dagrun for example_trigger_controller_dag to 2021-01-01 00:00:00+00:00, run_after=2021-01-01 00:00:00+00:00
[2026-05-04T01:36:16.573+0300] {processor.py:208} INFO - Processing /home/nikita/airflow-setup/ENV/lib/python3.12/site-packages/airflow/example_dags/example_trigger_controller_dag.py took 0.061 seconds
