[2026-05-04T00:46:30.909+0300] {processor.py:186} INFO - Started process (PID=5987) to work on /home/nikita/airflow-setup/ENV/lib/python3.12/site-packages/airflow/example_dags/example_branch_operator_decorator.py
[2026-05-04T00:46:30.910+0300] {processor.py:914} INFO - Processing file /home/nikita/airflow-setup/ENV/lib/python3.12/site-packages/airflow/example_dags/example_branch_operator_decorator.py for tasks to queue
[2026-05-04T00:46:30.912+0300] {logging_mixin.py:190} INFO - [2026-05-04T00:46:30.912+0300] {dagbag.py:588} INFO - Filling up the DagBag from /home/nikita/airflow-setup/ENV/lib/python3.12/site-packages/airflow/example_dags/example_branch_operator_decorator.py
[2026-05-04T00:46:30.926+0300] {processor.py:927} WARNING - No viable dags retrieved from /home/nikita/airflow-setup/ENV/lib/python3.12/site-packages/airflow/example_dags/example_branch_operator_decorator.py
[2026-05-04T00:46:30.935+0300] {processor.py:208} INFO - Processing /home/nikita/airflow-setup/ENV/lib/python3.12/site-packages/airflow/example_dags/example_branch_operator_decorator.py took 0.030 seconds
[2026-05-04T00:47:36.971+0300] {processor.py:186} INFO - Started process (PID=6065) to work on /home/nikita/airflow-setup/ENV/lib/python3.12/site-packages/airflow/example_dags/example_branch_operator_decorator.py
[2026-05-04T00:47:36.980+0300] {processor.py:914} INFO - Processing file /home/nikita/airflow-setup/ENV/lib/python3.12/site-packages/airflow/example_dags/example_branch_operator_decorator.py for tasks to queue
[2026-05-04T00:47:36.982+0300] {logging_mixin.py:190} INFO - [2026-05-04T00:47:36.982+0300] {dagbag.py:588} INFO - Filling up the DagBag from /home/nikita/airflow-setup/ENV/lib/python3.12/site-packages/airflow/example_dags/example_branch_operator_decorator.py
[2026-05-04T00:47:36.997+0300] {processor.py:927} WARNING - No viable dags retrieved from /home/nikita/airflow-setup/ENV/lib/python3.12/site-packages/airflow/example_dags/example_branch_operator_decorator.py
[2026-05-04T00:47:37.006+0300] {processor.py:208} INFO - Processing /home/nikita/airflow-setup/ENV/lib/python3.12/site-packages/airflow/example_dags/example_branch_operator_decorator.py took 0.040 seconds
[2026-05-04T00:48:36.724+0300] {processor.py:186} INFO - Started process (PID=6122) to work on /home/nikita/airflow-setup/ENV/lib/python3.12/site-packages/airflow/example_dags/example_branch_operator_decorator.py
[2026-05-04T00:48:36.735+0300] {processor.py:914} INFO - Processing file /home/nikita/airflow-setup/ENV/lib/python3.12/site-packages/airflow/example_dags/example_branch_operator_decorator.py for tasks to queue
[2026-05-04T00:48:36.739+0300] {logging_mixin.py:190} INFO - [2026-05-04T00:48:36.738+0300] {dagbag.py:588} INFO - Filling up the DagBag from /home/nikita/airflow-setup/ENV/lib/python3.12/site-packages/airflow/example_dags/example_branch_operator_decorator.py
[2026-05-04T00:48:36.771+0300] {processor.py:927} WARNING - No viable dags retrieved from /home/nikita/airflow-setup/ENV/lib/python3.12/site-packages/airflow/example_dags/example_branch_operator_decorator.py
[2026-05-04T00:48:36.786+0300] {processor.py:208} INFO - Processing /home/nikita/airflow-setup/ENV/lib/python3.12/site-packages/airflow/example_dags/example_branch_operator_decorator.py took 0.069 seconds
[2026-05-04T00:49:34.378+0300] {processor.py:186} INFO - Started process (PID=6180) to work on /home/nikita/airflow-setup/ENV/lib/python3.12/site-packages/airflow/example_dags/example_branch_operator_decorator.py
[2026-05-04T00:49:34.388+0300] {processor.py:914} INFO - Processing file /home/nikita/airflow-setup/ENV/lib/python3.12/site-packages/airflow/example_dags/example_branch_operator_decorator.py for tasks to queue
[2026-05-04T00:49:34.390+0300] {logging_mixin.py:190} INFO - [2026-05-04T00:49:34.389+0300] {dagbag.py:588} INFO - Filling up the DagBag from /home/nikita/airflow-setup/ENV/lib/python3.12/site-packages/airflow/example_dags/example_branch_operator_decorator.py
[2026-05-04T00:49:34.405+0300] {processor.py:927} WARNING - No viable dags retrieved from /home/nikita/airflow-setup/ENV/lib/python3.12/site-packages/airflow/example_dags/example_branch_operator_decorator.py
[2026-05-04T00:49:34.413+0300] {processor.py:208} INFO - Processing /home/nikita/airflow-setup/ENV/lib/python3.12/site-packages/airflow/example_dags/example_branch_operator_decorator.py took 0.040 seconds
[2026-05-04T00:50:31.546+0300] {processor.py:186} INFO - Started process (PID=6256) to work on /home/nikita/airflow-setup/ENV/lib/python3.12/site-packages/airflow/example_dags/example_branch_operator_decorator.py
[2026-05-04T00:50:31.547+0300] {processor.py:914} INFO - Processing file /home/nikita/airflow-setup/ENV/lib/python3.12/site-packages/airflow/example_dags/example_branch_operator_decorator.py for tasks to queue
[2026-05-04T00:50:31.549+0300] {logging_mixin.py:190} INFO - [2026-05-04T00:50:31.548+0300] {dagbag.py:588} INFO - Filling up the DagBag from /home/nikita/airflow-setup/ENV/lib/python3.12/site-packages/airflow/example_dags/example_branch_operator_decorator.py
[2026-05-04T00:50:31.561+0300] {processor.py:927} WARNING - No viable dags retrieved from /home/nikita/airflow-setup/ENV/lib/python3.12/site-packages/airflow/example_dags/example_branch_operator_decorator.py
[2026-05-04T00:50:31.569+0300] {processor.py:208} INFO - Processing /home/nikita/airflow-setup/ENV/lib/python3.12/site-packages/airflow/example_dags/example_branch_operator_decorator.py took 0.027 seconds
[2026-05-04T00:51:56.103+0300] {processor.py:186} INFO - Started process (PID=6343) to work on /home/nikita/airflow-setup/ENV/lib/python3.12/site-packages/airflow/example_dags/example_branch_operator_decorator.py
[2026-05-04T00:51:56.105+0300] {processor.py:914} INFO - Processing file /home/nikita/airflow-setup/ENV/lib/python3.12/site-packages/airflow/example_dags/example_branch_operator_decorator.py for tasks to queue
[2026-05-04T00:51:56.107+0300] {logging_mixin.py:190} INFO - [2026-05-04T00:51:56.107+0300] {dagbag.py:588} INFO - Filling up the DagBag from /home/nikita/airflow-setup/ENV/lib/python3.12/site-packages/airflow/example_dags/example_branch_operator_decorator.py
[2026-05-04T00:51:56.120+0300] {processor.py:927} WARNING - No viable dags retrieved from /home/nikita/airflow-setup/ENV/lib/python3.12/site-packages/airflow/example_dags/example_branch_operator_decorator.py
[2026-05-04T00:51:56.128+0300] {processor.py:208} INFO - Processing /home/nikita/airflow-setup/ENV/lib/python3.12/site-packages/airflow/example_dags/example_branch_operator_decorator.py took 0.030 seconds
[2026-05-04T00:52:56.828+0300] {processor.py:186} INFO - Started process (PID=6419) to work on /home/nikita/airflow-setup/ENV/lib/python3.12/site-packages/airflow/example_dags/example_branch_operator_decorator.py
[2026-05-04T00:52:56.830+0300] {processor.py:914} INFO - Processing file /home/nikita/airflow-setup/ENV/lib/python3.12/site-packages/airflow/example_dags/example_branch_operator_decorator.py for tasks to queue
[2026-05-04T00:52:56.831+0300] {logging_mixin.py:190} INFO - [2026-05-04T00:52:56.831+0300] {dagbag.py:588} INFO - Filling up the DagBag from /home/nikita/airflow-setup/ENV/lib/python3.12/site-packages/airflow/example_dags/example_branch_operator_decorator.py
[2026-05-04T00:52:56.845+0300] {processor.py:927} WARNING - No viable dags retrieved from /home/nikita/airflow-setup/ENV/lib/python3.12/site-packages/airflow/example_dags/example_branch_operator_decorator.py
[2026-05-04T00:52:56.853+0300] {processor.py:208} INFO - Processing /home/nikita/airflow-setup/ENV/lib/python3.12/site-packages/airflow/example_dags/example_branch_operator_decorator.py took 0.029 seconds
[2026-05-04T00:53:59.111+0300] {processor.py:186} INFO - Started process (PID=6480) to work on /home/nikita/airflow-setup/ENV/lib/python3.12/site-packages/airflow/example_dags/example_branch_operator_decorator.py
[2026-05-04T00:53:59.119+0300] {processor.py:914} INFO - Processing file /home/nikita/airflow-setup/ENV/lib/python3.12/site-packages/airflow/example_dags/example_branch_operator_decorator.py for tasks to queue
[2026-05-04T00:53:59.121+0300] {logging_mixin.py:190} INFO - [2026-05-04T00:53:59.120+0300] {dagbag.py:588} INFO - Filling up the DagBag from /home/nikita/airflow-setup/ENV/lib/python3.12/site-packages/airflow/example_dags/example_branch_operator_decorator.py
[2026-05-04T00:53:59.133+0300] {processor.py:927} WARNING - No viable dags retrieved from /home/nikita/airflow-setup/ENV/lib/python3.12/site-packages/airflow/example_dags/example_branch_operator_decorator.py
[2026-05-04T00:53:59.141+0300] {processor.py:208} INFO - Processing /home/nikita/airflow-setup/ENV/lib/python3.12/site-packages/airflow/example_dags/example_branch_operator_decorator.py took 0.035 seconds
[2026-05-04T00:55:01.027+0300] {processor.py:186} INFO - Started process (PID=6547) to work on /home/nikita/airflow-setup/ENV/lib/python3.12/site-packages/airflow/example_dags/example_branch_operator_decorator.py
[2026-05-04T00:55:01.036+0300] {processor.py:914} INFO - Processing file /home/nikita/airflow-setup/ENV/lib/python3.12/site-packages/airflow/example_dags/example_branch_operator_decorator.py for tasks to queue
[2026-05-04T00:55:01.038+0300] {logging_mixin.py:190} INFO - [2026-05-04T00:55:01.038+0300] {dagbag.py:588} INFO - Filling up the DagBag from /home/nikita/airflow-setup/ENV/lib/python3.12/site-packages/airflow/example_dags/example_branch_operator_decorator.py
[2026-05-04T00:55:01.052+0300] {processor.py:927} WARNING - No viable dags retrieved from /home/nikita/airflow-setup/ENV/lib/python3.12/site-packages/airflow/example_dags/example_branch_operator_decorator.py
[2026-05-04T00:55:01.060+0300] {processor.py:208} INFO - Processing /home/nikita/airflow-setup/ENV/lib/python3.12/site-packages/airflow/example_dags/example_branch_operator_decorator.py took 0.037 seconds
[2026-05-04T00:56:03.313+0300] {processor.py:186} INFO - Started process (PID=6607) to work on /home/nikita/airflow-setup/ENV/lib/python3.12/site-packages/airflow/example_dags/example_branch_operator_decorator.py
[2026-05-04T00:56:03.315+0300] {processor.py:914} INFO - Processing file /home/nikita/airflow-setup/ENV/lib/python3.12/site-packages/airflow/example_dags/example_branch_operator_decorator.py for tasks to queue
[2026-05-04T00:56:03.317+0300] {logging_mixin.py:190} INFO - [2026-05-04T00:56:03.317+0300] {dagbag.py:588} INFO - Filling up the DagBag from /home/nikita/airflow-setup/ENV/lib/python3.12/site-packages/airflow/example_dags/example_branch_operator_decorator.py
[2026-05-04T00:56:03.330+0300] {processor.py:927} WARNING - No viable dags retrieved from /home/nikita/airflow-setup/ENV/lib/python3.12/site-packages/airflow/example_dags/example_branch_operator_decorator.py
[2026-05-04T00:56:03.339+0300] {processor.py:208} INFO - Processing /home/nikita/airflow-setup/ENV/lib/python3.12/site-packages/airflow/example_dags/example_branch_operator_decorator.py took 0.031 seconds
[2026-05-04T00:57:29.261+0300] {processor.py:186} INFO - Started process (PID=7068) to work on /home/nikita/airflow-setup/ENV/lib/python3.12/site-packages/airflow/example_dags/example_branch_operator_decorator.py
[2026-05-04T00:57:29.269+0300] {processor.py:914} INFO - Processing file /home/nikita/airflow-setup/ENV/lib/python3.12/site-packages/airflow/example_dags/example_branch_operator_decorator.py for tasks to queue
[2026-05-04T00:57:29.272+0300] {logging_mixin.py:190} INFO - [2026-05-04T00:57:29.271+0300] {dagbag.py:588} INFO - Filling up the DagBag from /home/nikita/airflow-setup/ENV/lib/python3.12/site-packages/airflow/example_dags/example_branch_operator_decorator.py
[2026-05-04T00:57:29.287+0300] {processor.py:927} WARNING - No viable dags retrieved from /home/nikita/airflow-setup/ENV/lib/python3.12/site-packages/airflow/example_dags/example_branch_operator_decorator.py
[2026-05-04T00:57:29.297+0300] {processor.py:208} INFO - Processing /home/nikita/airflow-setup/ENV/lib/python3.12/site-packages/airflow/example_dags/example_branch_operator_decorator.py took 0.041 seconds
[2026-05-04T00:58:26.924+0300] {processor.py:186} INFO - Started process (PID=7289) to work on /home/nikita/airflow-setup/ENV/lib/python3.12/site-packages/airflow/example_dags/example_branch_operator_decorator.py
[2026-05-04T00:58:26.926+0300] {processor.py:914} INFO - Processing file /home/nikita/airflow-setup/ENV/lib/python3.12/site-packages/airflow/example_dags/example_branch_operator_decorator.py for tasks to queue
[2026-05-04T00:58:26.928+0300] {logging_mixin.py:190} INFO - [2026-05-04T00:58:26.927+0300] {dagbag.py:588} INFO - Filling up the DagBag from /home/nikita/airflow-setup/ENV/lib/python3.12/site-packages/airflow/example_dags/example_branch_operator_decorator.py
[2026-05-04T00:58:26.940+0300] {processor.py:927} WARNING - No viable dags retrieved from /home/nikita/airflow-setup/ENV/lib/python3.12/site-packages/airflow/example_dags/example_branch_operator_decorator.py
[2026-05-04T00:58:26.948+0300] {processor.py:208} INFO - Processing /home/nikita/airflow-setup/ENV/lib/python3.12/site-packages/airflow/example_dags/example_branch_operator_decorator.py took 0.028 seconds
[2026-05-04T00:59:25.904+0300] {processor.py:186} INFO - Started process (PID=7564) to work on /home/nikita/airflow-setup/ENV/lib/python3.12/site-packages/airflow/example_dags/example_branch_operator_decorator.py
[2026-05-04T00:59:25.906+0300] {processor.py:914} INFO - Processing file /home/nikita/airflow-setup/ENV/lib/python3.12/site-packages/airflow/example_dags/example_branch_operator_decorator.py for tasks to queue
[2026-05-04T00:59:25.907+0300] {logging_mixin.py:190} INFO - [2026-05-04T00:59:25.907+0300] {dagbag.py:588} INFO - Filling up the DagBag from /home/nikita/airflow-setup/ENV/lib/python3.12/site-packages/airflow/example_dags/example_branch_operator_decorator.py
[2026-05-04T00:59:25.922+0300] {processor.py:927} WARNING - No viable dags retrieved from /home/nikita/airflow-setup/ENV/lib/python3.12/site-packages/airflow/example_dags/example_branch_operator_decorator.py
[2026-05-04T00:59:25.933+0300] {processor.py:208} INFO - Processing /home/nikita/airflow-setup/ENV/lib/python3.12/site-packages/airflow/example_dags/example_branch_operator_decorator.py took 0.034 seconds
[2026-05-04T01:00:25.605+0300] {processor.py:186} INFO - Started process (PID=8351) to work on /home/nikita/airflow-setup/ENV/lib/python3.12/site-packages/airflow/example_dags/example_branch_operator_decorator.py
[2026-05-04T01:00:25.614+0300] {processor.py:914} INFO - Processing file /home/nikita/airflow-setup/ENV/lib/python3.12/site-packages/airflow/example_dags/example_branch_operator_decorator.py for tasks to queue
[2026-05-04T01:00:25.615+0300] {logging_mixin.py:190} INFO - [2026-05-04T01:00:25.615+0300] {dagbag.py:588} INFO - Filling up the DagBag from /home/nikita/airflow-setup/ENV/lib/python3.12/site-packages/airflow/example_dags/example_branch_operator_decorator.py
[2026-05-04T01:00:25.629+0300] {processor.py:927} WARNING - No viable dags retrieved from /home/nikita/airflow-setup/ENV/lib/python3.12/site-packages/airflow/example_dags/example_branch_operator_decorator.py
[2026-05-04T01:00:25.637+0300] {processor.py:208} INFO - Processing /home/nikita/airflow-setup/ENV/lib/python3.12/site-packages/airflow/example_dags/example_branch_operator_decorator.py took 0.036 seconds
[2026-05-04T01:01:31.627+0300] {processor.py:186} INFO - Started process (PID=8857) to work on /home/nikita/airflow-setup/ENV/lib/python3.12/site-packages/airflow/example_dags/example_branch_operator_decorator.py
[2026-05-04T01:01:31.628+0300] {processor.py:914} INFO - Processing file /home/nikita/airflow-setup/ENV/lib/python3.12/site-packages/airflow/example_dags/example_branch_operator_decorator.py for tasks to queue
[2026-05-04T01:01:31.629+0300] {logging_mixin.py:190} INFO - [2026-05-04T01:01:31.629+0300] {dagbag.py:588} INFO - Filling up the DagBag from /home/nikita/airflow-setup/ENV/lib/python3.12/site-packages/airflow/example_dags/example_branch_operator_decorator.py
[2026-05-04T01:01:31.640+0300] {processor.py:927} WARNING - No viable dags retrieved from /home/nikita/airflow-setup/ENV/lib/python3.12/site-packages/airflow/example_dags/example_branch_operator_decorator.py
[2026-05-04T01:01:31.648+0300] {processor.py:208} INFO - Processing /home/nikita/airflow-setup/ENV/lib/python3.12/site-packages/airflow/example_dags/example_branch_operator_decorator.py took 0.025 seconds
[2026-05-04T01:02:41.695+0300] {processor.py:186} INFO - Started process (PID=9445) to work on /home/nikita/airflow-setup/ENV/lib/python3.12/site-packages/airflow/example_dags/example_branch_operator_decorator.py
[2026-05-04T01:02:41.697+0300] {processor.py:914} INFO - Processing file /home/nikita/airflow-setup/ENV/lib/python3.12/site-packages/airflow/example_dags/example_branch_operator_decorator.py for tasks to queue
[2026-05-04T01:02:41.698+0300] {logging_mixin.py:190} INFO - [2026-05-04T01:02:41.697+0300] {dagbag.py:588} INFO - Filling up the DagBag from /home/nikita/airflow-setup/ENV/lib/python3.12/site-packages/airflow/example_dags/example_branch_operator_decorator.py
[2026-05-04T01:02:41.710+0300] {processor.py:927} WARNING - No viable dags retrieved from /home/nikita/airflow-setup/ENV/lib/python3.12/site-packages/airflow/example_dags/example_branch_operator_decorator.py
[2026-05-04T01:02:41.717+0300] {processor.py:208} INFO - Processing /home/nikita/airflow-setup/ENV/lib/python3.12/site-packages/airflow/example_dags/example_branch_operator_decorator.py took 0.027 seconds
[2026-05-04T01:03:45.221+0300] {processor.py:186} INFO - Started process (PID=9765) to work on /home/nikita/airflow-setup/ENV/lib/python3.12/site-packages/airflow/example_dags/example_branch_operator_decorator.py
[2026-05-04T01:03:45.230+0300] {processor.py:914} INFO - Processing file /home/nikita/airflow-setup/ENV/lib/python3.12/site-packages/airflow/example_dags/example_branch_operator_decorator.py for tasks to queue
[2026-05-04T01:03:45.231+0300] {logging_mixin.py:190} INFO - [2026-05-04T01:03:45.231+0300] {dagbag.py:588} INFO - Filling up the DagBag from /home/nikita/airflow-setup/ENV/lib/python3.12/site-packages/airflow/example_dags/example_branch_operator_decorator.py
[2026-05-04T01:03:45.244+0300] {processor.py:927} WARNING - No viable dags retrieved from /home/nikita/airflow-setup/ENV/lib/python3.12/site-packages/airflow/example_dags/example_branch_operator_decorator.py
[2026-05-04T01:03:45.252+0300] {processor.py:208} INFO - Processing /home/nikita/airflow-setup/ENV/lib/python3.12/site-packages/airflow/example_dags/example_branch_operator_decorator.py took 0.035 seconds
[2026-05-04T01:04:48.184+0300] {processor.py:186} INFO - Started process (PID=10044) to work on /home/nikita/airflow-setup/ENV/lib/python3.12/site-packages/airflow/example_dags/example_branch_operator_decorator.py
[2026-05-04T01:04:48.193+0300] {processor.py:914} INFO - Processing file /home/nikita/airflow-setup/ENV/lib/python3.12/site-packages/airflow/example_dags/example_branch_operator_decorator.py for tasks to queue
[2026-05-04T01:04:48.194+0300] {logging_mixin.py:190} INFO - [2026-05-04T01:04:48.193+0300] {dagbag.py:588} INFO - Filling up the DagBag from /home/nikita/airflow-setup/ENV/lib/python3.12/site-packages/airflow/example_dags/example_branch_operator_decorator.py
[2026-05-04T01:04:48.207+0300] {processor.py:927} WARNING - No viable dags retrieved from /home/nikita/airflow-setup/ENV/lib/python3.12/site-packages/airflow/example_dags/example_branch_operator_decorator.py
[2026-05-04T01:04:48.215+0300] {processor.py:208} INFO - Processing /home/nikita/airflow-setup/ENV/lib/python3.12/site-packages/airflow/example_dags/example_branch_operator_decorator.py took 0.035 seconds
[2026-05-04T01:05:55.220+0300] {processor.py:186} INFO - Started process (PID=10319) to work on /home/nikita/airflow-setup/ENV/lib/python3.12/site-packages/airflow/example_dags/example_branch_operator_decorator.py
[2026-05-04T01:05:55.230+0300] {processor.py:914} INFO - Processing file /home/nikita/airflow-setup/ENV/lib/python3.12/site-packages/airflow/example_dags/example_branch_operator_decorator.py for tasks to queue
[2026-05-04T01:05:55.231+0300] {logging_mixin.py:190} INFO - [2026-05-04T01:05:55.231+0300] {dagbag.py:588} INFO - Filling up the DagBag from /home/nikita/airflow-setup/ENV/lib/python3.12/site-packages/airflow/example_dags/example_branch_operator_decorator.py
[2026-05-04T01:05:55.245+0300] {processor.py:927} WARNING - No viable dags retrieved from /home/nikita/airflow-setup/ENV/lib/python3.12/site-packages/airflow/example_dags/example_branch_operator_decorator.py
[2026-05-04T01:05:55.255+0300] {processor.py:208} INFO - Processing /home/nikita/airflow-setup/ENV/lib/python3.12/site-packages/airflow/example_dags/example_branch_operator_decorator.py took 0.041 seconds
[2026-05-04T01:06:59.497+0300] {processor.py:186} INFO - Started process (PID=10571) to work on /home/nikita/airflow-setup/ENV/lib/python3.12/site-packages/airflow/example_dags/example_branch_operator_decorator.py
[2026-05-04T01:06:59.507+0300] {processor.py:914} INFO - Processing file /home/nikita/airflow-setup/ENV/lib/python3.12/site-packages/airflow/example_dags/example_branch_operator_decorator.py for tasks to queue
[2026-05-04T01:06:59.508+0300] {logging_mixin.py:190} INFO - [2026-05-04T01:06:59.508+0300] {dagbag.py:588} INFO - Filling up the DagBag from /home/nikita/airflow-setup/ENV/lib/python3.12/site-packages/airflow/example_dags/example_branch_operator_decorator.py
[2026-05-04T01:06:59.524+0300] {processor.py:927} WARNING - No viable dags retrieved from /home/nikita/airflow-setup/ENV/lib/python3.12/site-packages/airflow/example_dags/example_branch_operator_decorator.py
[2026-05-04T01:06:59.533+0300] {processor.py:208} INFO - Processing /home/nikita/airflow-setup/ENV/lib/python3.12/site-packages/airflow/example_dags/example_branch_operator_decorator.py took 0.041 seconds
[2026-05-04T01:08:07.870+0300] {processor.py:186} INFO - Started process (PID=10829) to work on /home/nikita/airflow-setup/ENV/lib/python3.12/site-packages/airflow/example_dags/example_branch_operator_decorator.py
[2026-05-04T01:08:07.879+0300] {processor.py:914} INFO - Processing file /home/nikita/airflow-setup/ENV/lib/python3.12/site-packages/airflow/example_dags/example_branch_operator_decorator.py for tasks to queue
[2026-05-04T01:08:07.880+0300] {logging_mixin.py:190} INFO - [2026-05-04T01:08:07.880+0300] {dagbag.py:588} INFO - Filling up the DagBag from /home/nikita/airflow-setup/ENV/lib/python3.12/site-packages/airflow/example_dags/example_branch_operator_decorator.py
[2026-05-04T01:08:07.894+0300] {processor.py:927} WARNING - No viable dags retrieved from /home/nikita/airflow-setup/ENV/lib/python3.12/site-packages/airflow/example_dags/example_branch_operator_decorator.py
[2026-05-04T01:08:07.902+0300] {processor.py:208} INFO - Processing /home/nikita/airflow-setup/ENV/lib/python3.12/site-packages/airflow/example_dags/example_branch_operator_decorator.py took 0.036 seconds
[2026-05-04T01:09:13.860+0300] {processor.py:186} INFO - Started process (PID=11978) to work on /home/nikita/airflow-setup/ENV/lib/python3.12/site-packages/airflow/example_dags/example_branch_operator_decorator.py
[2026-05-04T01:09:13.862+0300] {processor.py:914} INFO - Processing file /home/nikita/airflow-setup/ENV/lib/python3.12/site-packages/airflow/example_dags/example_branch_operator_decorator.py for tasks to queue
[2026-05-04T01:09:13.863+0300] {logging_mixin.py:190} INFO - [2026-05-04T01:09:13.862+0300] {dagbag.py:588} INFO - Filling up the DagBag from /home/nikita/airflow-setup/ENV/lib/python3.12/site-packages/airflow/example_dags/example_branch_operator_decorator.py
[2026-05-04T01:09:13.875+0300] {processor.py:927} WARNING - No viable dags retrieved from /home/nikita/airflow-setup/ENV/lib/python3.12/site-packages/airflow/example_dags/example_branch_operator_decorator.py
[2026-05-04T01:09:13.886+0300] {processor.py:208} INFO - Processing /home/nikita/airflow-setup/ENV/lib/python3.12/site-packages/airflow/example_dags/example_branch_operator_decorator.py took 0.030 seconds
[2026-05-04T01:10:24.406+0300] {processor.py:186} INFO - Started process (PID=12284) to work on /home/nikita/airflow-setup/ENV/lib/python3.12/site-packages/airflow/example_dags/example_branch_operator_decorator.py
[2026-05-04T01:10:24.408+0300] {processor.py:914} INFO - Processing file /home/nikita/airflow-setup/ENV/lib/python3.12/site-packages/airflow/example_dags/example_branch_operator_decorator.py for tasks to queue
[2026-05-04T01:10:24.409+0300] {logging_mixin.py:190} INFO - [2026-05-04T01:10:24.409+0300] {dagbag.py:588} INFO - Filling up the DagBag from /home/nikita/airflow-setup/ENV/lib/python3.12/site-packages/airflow/example_dags/example_branch_operator_decorator.py
[2026-05-04T01:10:24.423+0300] {processor.py:927} WARNING - No viable dags retrieved from /home/nikita/airflow-setup/ENV/lib/python3.12/site-packages/airflow/example_dags/example_branch_operator_decorator.py
[2026-05-04T01:10:24.433+0300] {processor.py:208} INFO - Processing /home/nikita/airflow-setup/ENV/lib/python3.12/site-packages/airflow/example_dags/example_branch_operator_decorator.py took 0.031 seconds
[2026-05-04T01:11:32.924+0300] {processor.py:186} INFO - Started process (PID=12544) to work on /home/nikita/airflow-setup/ENV/lib/python3.12/site-packages/airflow/example_dags/example_branch_operator_decorator.py
[2026-05-04T01:11:32.925+0300] {processor.py:914} INFO - Processing file /home/nikita/airflow-setup/ENV/lib/python3.12/site-packages/airflow/example_dags/example_branch_operator_decorator.py for tasks to queue
[2026-05-04T01:11:32.927+0300] {logging_mixin.py:190} INFO - [2026-05-04T01:11:32.926+0300] {dagbag.py:588} INFO - Filling up the DagBag from /home/nikita/airflow-setup/ENV/lib/python3.12/site-packages/airflow/example_dags/example_branch_operator_decorator.py
[2026-05-04T01:11:32.938+0300] {processor.py:927} WARNING - No viable dags retrieved from /home/nikita/airflow-setup/ENV/lib/python3.12/site-packages/airflow/example_dags/example_branch_operator_decorator.py
[2026-05-04T01:11:32.946+0300] {processor.py:208} INFO - Processing /home/nikita/airflow-setup/ENV/lib/python3.12/site-packages/airflow/example_dags/example_branch_operator_decorator.py took 0.026 seconds
[2026-05-04T01:12:34.335+0300] {processor.py:186} INFO - Started process (PID=12780) to work on /home/nikita/airflow-setup/ENV/lib/python3.12/site-packages/airflow/example_dags/example_branch_operator_decorator.py
[2026-05-04T01:12:34.337+0300] {processor.py:914} INFO - Processing file /home/nikita/airflow-setup/ENV/lib/python3.12/site-packages/airflow/example_dags/example_branch_operator_decorator.py for tasks to queue
[2026-05-04T01:12:34.338+0300] {logging_mixin.py:190} INFO - [2026-05-04T01:12:34.338+0300] {dagbag.py:588} INFO - Filling up the DagBag from /home/nikita/airflow-setup/ENV/lib/python3.12/site-packages/airflow/example_dags/example_branch_operator_decorator.py
[2026-05-04T01:12:34.352+0300] {processor.py:927} WARNING - No viable dags retrieved from /home/nikita/airflow-setup/ENV/lib/python3.12/site-packages/airflow/example_dags/example_branch_operator_decorator.py
[2026-05-04T01:12:34.361+0300] {processor.py:208} INFO - Processing /home/nikita/airflow-setup/ENV/lib/python3.12/site-packages/airflow/example_dags/example_branch_operator_decorator.py took 0.029 seconds
[2026-05-04T01:13:34.909+0300] {processor.py:186} INFO - Started process (PID=13318) to work on /home/nikita/airflow-setup/ENV/lib/python3.12/site-packages/airflow/example_dags/example_branch_operator_decorator.py
[2026-05-04T01:13:34.919+0300] {processor.py:914} INFO - Processing file /home/nikita/airflow-setup/ENV/lib/python3.12/site-packages/airflow/example_dags/example_branch_operator_decorator.py for tasks to queue
[2026-05-04T01:13:34.921+0300] {logging_mixin.py:190} INFO - [2026-05-04T01:13:34.920+0300] {dagbag.py:588} INFO - Filling up the DagBag from /home/nikita/airflow-setup/ENV/lib/python3.12/site-packages/airflow/example_dags/example_branch_operator_decorator.py
[2026-05-04T01:13:34.935+0300] {processor.py:927} WARNING - No viable dags retrieved from /home/nikita/airflow-setup/ENV/lib/python3.12/site-packages/airflow/example_dags/example_branch_operator_decorator.py
[2026-05-04T01:13:34.943+0300] {processor.py:208} INFO - Processing /home/nikita/airflow-setup/ENV/lib/python3.12/site-packages/airflow/example_dags/example_branch_operator_decorator.py took 0.042 seconds
[2026-05-04T01:14:41.227+0300] {processor.py:186} INFO - Started process (PID=14328) to work on /home/nikita/airflow-setup/ENV/lib/python3.12/site-packages/airflow/example_dags/example_branch_operator_decorator.py
[2026-05-04T01:14:41.229+0300] {processor.py:914} INFO - Processing file /home/nikita/airflow-setup/ENV/lib/python3.12/site-packages/airflow/example_dags/example_branch_operator_decorator.py for tasks to queue
[2026-05-04T01:14:41.230+0300] {logging_mixin.py:190} INFO - [2026-05-04T01:14:41.230+0300] {dagbag.py:588} INFO - Filling up the DagBag from /home/nikita/airflow-setup/ENV/lib/python3.12/site-packages/airflow/example_dags/example_branch_operator_decorator.py
[2026-05-04T01:14:41.247+0300] {processor.py:927} WARNING - No viable dags retrieved from /home/nikita/airflow-setup/ENV/lib/python3.12/site-packages/airflow/example_dags/example_branch_operator_decorator.py
[2026-05-04T01:14:41.257+0300] {processor.py:208} INFO - Processing /home/nikita/airflow-setup/ENV/lib/python3.12/site-packages/airflow/example_dags/example_branch_operator_decorator.py took 0.034 seconds
[2026-05-04T01:15:49.458+0300] {processor.py:186} INFO - Started process (PID=14658) to work on /home/nikita/airflow-setup/ENV/lib/python3.12/site-packages/airflow/example_dags/example_branch_operator_decorator.py
[2026-05-04T01:15:49.460+0300] {processor.py:914} INFO - Processing file /home/nikita/airflow-setup/ENV/lib/python3.12/site-packages/airflow/example_dags/example_branch_operator_decorator.py for tasks to queue
[2026-05-04T01:15:49.461+0300] {logging_mixin.py:190} INFO - [2026-05-04T01:15:49.461+0300] {dagbag.py:588} INFO - Filling up the DagBag from /home/nikita/airflow-setup/ENV/lib/python3.12/site-packages/airflow/example_dags/example_branch_operator_decorator.py
[2026-05-04T01:15:49.476+0300] {processor.py:927} WARNING - No viable dags retrieved from /home/nikita/airflow-setup/ENV/lib/python3.12/site-packages/airflow/example_dags/example_branch_operator_decorator.py
[2026-05-04T01:15:49.484+0300] {processor.py:208} INFO - Processing /home/nikita/airflow-setup/ENV/lib/python3.12/site-packages/airflow/example_dags/example_branch_operator_decorator.py took 0.031 seconds
[2026-05-04T01:16:57.745+0300] {processor.py:186} INFO - Started process (PID=15809) to work on /home/nikita/airflow-setup/ENV/lib/python3.12/site-packages/airflow/example_dags/example_branch_operator_decorator.py
[2026-05-04T01:16:57.748+0300] {processor.py:914} INFO - Processing file /home/nikita/airflow-setup/ENV/lib/python3.12/site-packages/airflow/example_dags/example_branch_operator_decorator.py for tasks to queue
[2026-05-04T01:16:57.750+0300] {logging_mixin.py:190} INFO - [2026-05-04T01:16:57.749+0300] {dagbag.py:588} INFO - Filling up the DagBag from /home/nikita/airflow-setup/ENV/lib/python3.12/site-packages/airflow/example_dags/example_branch_operator_decorator.py
[2026-05-04T01:16:57.782+0300] {processor.py:927} WARNING - No viable dags retrieved from /home/nikita/airflow-setup/ENV/lib/python3.12/site-packages/airflow/example_dags/example_branch_operator_decorator.py
[2026-05-04T01:16:57.793+0300] {processor.py:208} INFO - Processing /home/nikita/airflow-setup/ENV/lib/python3.12/site-packages/airflow/example_dags/example_branch_operator_decorator.py took 0.056 seconds
[2026-05-04T01:18:06.070+0300] {processor.py:186} INFO - Started process (PID=16069) to work on /home/nikita/airflow-setup/ENV/lib/python3.12/site-packages/airflow/example_dags/example_branch_operator_decorator.py
[2026-05-04T01:18:06.079+0300] {processor.py:914} INFO - Processing file /home/nikita/airflow-setup/ENV/lib/python3.12/site-packages/airflow/example_dags/example_branch_operator_decorator.py for tasks to queue
[2026-05-04T01:18:06.080+0300] {logging_mixin.py:190} INFO - [2026-05-04T01:18:06.080+0300] {dagbag.py:588} INFO - Filling up the DagBag from /home/nikita/airflow-setup/ENV/lib/python3.12/site-packages/airflow/example_dags/example_branch_operator_decorator.py
[2026-05-04T01:18:06.093+0300] {processor.py:927} WARNING - No viable dags retrieved from /home/nikita/airflow-setup/ENV/lib/python3.12/site-packages/airflow/example_dags/example_branch_operator_decorator.py
[2026-05-04T01:18:06.106+0300] {processor.py:208} INFO - Processing /home/nikita/airflow-setup/ENV/lib/python3.12/site-packages/airflow/example_dags/example_branch_operator_decorator.py took 0.041 seconds
[2026-05-04T01:19:13.899+0300] {processor.py:186} INFO - Started process (PID=16329) to work on /home/nikita/airflow-setup/ENV/lib/python3.12/site-packages/airflow/example_dags/example_branch_operator_decorator.py
[2026-05-04T01:19:13.900+0300] {processor.py:914} INFO - Processing file /home/nikita/airflow-setup/ENV/lib/python3.12/site-packages/airflow/example_dags/example_branch_operator_decorator.py for tasks to queue
[2026-05-04T01:19:13.901+0300] {logging_mixin.py:190} INFO - [2026-05-04T01:19:13.901+0300] {dagbag.py:588} INFO - Filling up the DagBag from /home/nikita/airflow-setup/ENV/lib/python3.12/site-packages/airflow/example_dags/example_branch_operator_decorator.py
[2026-05-04T01:19:13.912+0300] {processor.py:927} WARNING - No viable dags retrieved from /home/nikita/airflow-setup/ENV/lib/python3.12/site-packages/airflow/example_dags/example_branch_operator_decorator.py
[2026-05-04T01:19:13.920+0300] {processor.py:208} INFO - Processing /home/nikita/airflow-setup/ENV/lib/python3.12/site-packages/airflow/example_dags/example_branch_operator_decorator.py took 0.025 seconds
[2026-05-04T01:20:16.791+0300] {processor.py:186} INFO - Started process (PID=16579) to work on /home/nikita/airflow-setup/ENV/lib/python3.12/site-packages/airflow/example_dags/example_branch_operator_decorator.py
[2026-05-04T01:20:16.800+0300] {processor.py:914} INFO - Processing file /home/nikita/airflow-setup/ENV/lib/python3.12/site-packages/airflow/example_dags/example_branch_operator_decorator.py for tasks to queue
[2026-05-04T01:20:16.801+0300] {logging_mixin.py:190} INFO - [2026-05-04T01:20:16.801+0300] {dagbag.py:588} INFO - Filling up the DagBag from /home/nikita/airflow-setup/ENV/lib/python3.12/site-packages/airflow/example_dags/example_branch_operator_decorator.py
[2026-05-04T01:20:16.813+0300] {processor.py:927} WARNING - No viable dags retrieved from /home/nikita/airflow-setup/ENV/lib/python3.12/site-packages/airflow/example_dags/example_branch_operator_decorator.py
[2026-05-04T01:20:16.823+0300] {processor.py:208} INFO - Processing /home/nikita/airflow-setup/ENV/lib/python3.12/site-packages/airflow/example_dags/example_branch_operator_decorator.py took 0.037 seconds
[2026-05-04T01:21:25.258+0300] {processor.py:186} INFO - Started process (PID=16837) to work on /home/nikita/airflow-setup/ENV/lib/python3.12/site-packages/airflow/example_dags/example_branch_operator_decorator.py
[2026-05-04T01:21:25.259+0300] {processor.py:914} INFO - Processing file /home/nikita/airflow-setup/ENV/lib/python3.12/site-packages/airflow/example_dags/example_branch_operator_decorator.py for tasks to queue
[2026-05-04T01:21:25.260+0300] {logging_mixin.py:190} INFO - [2026-05-04T01:21:25.260+0300] {dagbag.py:588} INFO - Filling up the DagBag from /home/nikita/airflow-setup/ENV/lib/python3.12/site-packages/airflow/example_dags/example_branch_operator_decorator.py
[2026-05-04T01:21:25.273+0300] {processor.py:927} WARNING - No viable dags retrieved from /home/nikita/airflow-setup/ENV/lib/python3.12/site-packages/airflow/example_dags/example_branch_operator_decorator.py
[2026-05-04T01:21:25.285+0300] {processor.py:208} INFO - Processing /home/nikita/airflow-setup/ENV/lib/python3.12/site-packages/airflow/example_dags/example_branch_operator_decorator.py took 0.032 seconds
[2026-05-04T01:22:36.865+0300] {processor.py:186} INFO - Started process (PID=17109) to work on /home/nikita/airflow-setup/ENV/lib/python3.12/site-packages/airflow/example_dags/example_branch_operator_decorator.py
[2026-05-04T01:22:36.874+0300] {processor.py:914} INFO - Processing file /home/nikita/airflow-setup/ENV/lib/python3.12/site-packages/airflow/example_dags/example_branch_operator_decorator.py for tasks to queue
[2026-05-04T01:22:36.875+0300] {logging_mixin.py:190} INFO - [2026-05-04T01:22:36.874+0300] {dagbag.py:588} INFO - Filling up the DagBag from /home/nikita/airflow-setup/ENV/lib/python3.12/site-packages/airflow/example_dags/example_branch_operator_decorator.py
[2026-05-04T01:22:36.885+0300] {processor.py:927} WARNING - No viable dags retrieved from /home/nikita/airflow-setup/ENV/lib/python3.12/site-packages/airflow/example_dags/example_branch_operator_decorator.py
[2026-05-04T01:22:36.895+0300] {processor.py:208} INFO - Processing /home/nikita/airflow-setup/ENV/lib/python3.12/site-packages/airflow/example_dags/example_branch_operator_decorator.py took 0.035 seconds
[2026-05-04T01:23:45.664+0300] {processor.py:186} INFO - Started process (PID=17367) to work on /home/nikita/airflow-setup/ENV/lib/python3.12/site-packages/airflow/example_dags/example_branch_operator_decorator.py
[2026-05-04T01:23:45.666+0300] {processor.py:914} INFO - Processing file /home/nikita/airflow-setup/ENV/lib/python3.12/site-packages/airflow/example_dags/example_branch_operator_decorator.py for tasks to queue
[2026-05-04T01:23:45.667+0300] {logging_mixin.py:190} INFO - [2026-05-04T01:23:45.667+0300] {dagbag.py:588} INFO - Filling up the DagBag from /home/nikita/airflow-setup/ENV/lib/python3.12/site-packages/airflow/example_dags/example_branch_operator_decorator.py
[2026-05-04T01:23:45.682+0300] {processor.py:927} WARNING - No viable dags retrieved from /home/nikita/airflow-setup/ENV/lib/python3.12/site-packages/airflow/example_dags/example_branch_operator_decorator.py
[2026-05-04T01:23:45.691+0300] {processor.py:208} INFO - Processing /home/nikita/airflow-setup/ENV/lib/python3.12/site-packages/airflow/example_dags/example_branch_operator_decorator.py took 0.031 seconds
[2026-05-04T01:24:51.727+0300] {processor.py:186} INFO - Started process (PID=17932) to work on /home/nikita/airflow-setup/ENV/lib/python3.12/site-packages/airflow/example_dags/example_branch_operator_decorator.py
[2026-05-04T01:24:51.735+0300] {processor.py:914} INFO - Processing file /home/nikita/airflow-setup/ENV/lib/python3.12/site-packages/airflow/example_dags/example_branch_operator_decorator.py for tasks to queue
[2026-05-04T01:24:51.736+0300] {logging_mixin.py:190} INFO - [2026-05-04T01:24:51.736+0300] {dagbag.py:588} INFO - Filling up the DagBag from /home/nikita/airflow-setup/ENV/lib/python3.12/site-packages/airflow/example_dags/example_branch_operator_decorator.py
[2026-05-04T01:24:51.750+0300] {processor.py:927} WARNING - No viable dags retrieved from /home/nikita/airflow-setup/ENV/lib/python3.12/site-packages/airflow/example_dags/example_branch_operator_decorator.py
[2026-05-04T01:24:51.760+0300] {processor.py:208} INFO - Processing /home/nikita/airflow-setup/ENV/lib/python3.12/site-packages/airflow/example_dags/example_branch_operator_decorator.py took 0.037 seconds
[2026-05-04T01:26:02.805+0300] {processor.py:186} INFO - Started process (PID=18560) to work on /home/nikita/airflow-setup/ENV/lib/python3.12/site-packages/airflow/example_dags/example_branch_operator_decorator.py
[2026-05-04T01:26:02.806+0300] {processor.py:914} INFO - Processing file /home/nikita/airflow-setup/ENV/lib/python3.12/site-packages/airflow/example_dags/example_branch_operator_decorator.py for tasks to queue
[2026-05-04T01:26:02.808+0300] {logging_mixin.py:190} INFO - [2026-05-04T01:26:02.807+0300] {dagbag.py:588} INFO - Filling up the DagBag from /home/nikita/airflow-setup/ENV/lib/python3.12/site-packages/airflow/example_dags/example_branch_operator_decorator.py
[2026-05-04T01:26:02.820+0300] {processor.py:927} WARNING - No viable dags retrieved from /home/nikita/airflow-setup/ENV/lib/python3.12/site-packages/airflow/example_dags/example_branch_operator_decorator.py
[2026-05-04T01:26:02.832+0300] {processor.py:208} INFO - Processing /home/nikita/airflow-setup/ENV/lib/python3.12/site-packages/airflow/example_dags/example_branch_operator_decorator.py took 0.034 seconds
[2026-05-04T01:27:13.344+0300] {processor.py:186} INFO - Started process (PID=19491) to work on /home/nikita/airflow-setup/ENV/lib/python3.12/site-packages/airflow/example_dags/example_branch_operator_decorator.py
[2026-05-04T01:27:13.346+0300] {processor.py:914} INFO - Processing file /home/nikita/airflow-setup/ENV/lib/python3.12/site-packages/airflow/example_dags/example_branch_operator_decorator.py for tasks to queue
[2026-05-04T01:27:13.347+0300] {logging_mixin.py:190} INFO - [2026-05-04T01:27:13.347+0300] {dagbag.py:588} INFO - Filling up the DagBag from /home/nikita/airflow-setup/ENV/lib/python3.12/site-packages/airflow/example_dags/example_branch_operator_decorator.py
[2026-05-04T01:27:13.360+0300] {processor.py:927} WARNING - No viable dags retrieved from /home/nikita/airflow-setup/ENV/lib/python3.12/site-packages/airflow/example_dags/example_branch_operator_decorator.py
[2026-05-04T01:27:13.368+0300] {processor.py:208} INFO - Processing /home/nikita/airflow-setup/ENV/lib/python3.12/site-packages/airflow/example_dags/example_branch_operator_decorator.py took 0.029 seconds
[2026-05-04T01:28:25.809+0300] {processor.py:186} INFO - Started process (PID=19762) to work on /home/nikita/airflow-setup/ENV/lib/python3.12/site-packages/airflow/example_dags/example_branch_operator_decorator.py
[2026-05-04T01:28:25.817+0300] {processor.py:914} INFO - Processing file /home/nikita/airflow-setup/ENV/lib/python3.12/site-packages/airflow/example_dags/example_branch_operator_decorator.py for tasks to queue
[2026-05-04T01:28:25.819+0300] {logging_mixin.py:190} INFO - [2026-05-04T01:28:25.818+0300] {dagbag.py:588} INFO - Filling up the DagBag from /home/nikita/airflow-setup/ENV/lib/python3.12/site-packages/airflow/example_dags/example_branch_operator_decorator.py
[2026-05-04T01:28:25.831+0300] {processor.py:927} WARNING - No viable dags retrieved from /home/nikita/airflow-setup/ENV/lib/python3.12/site-packages/airflow/example_dags/example_branch_operator_decorator.py
[2026-05-04T01:28:25.839+0300] {processor.py:208} INFO - Processing /home/nikita/airflow-setup/ENV/lib/python3.12/site-packages/airflow/example_dags/example_branch_operator_decorator.py took 0.036 seconds
[2026-05-04T01:29:34.208+0300] {processor.py:186} INFO - Started process (PID=20030) to work on /home/nikita/airflow-setup/ENV/lib/python3.12/site-packages/airflow/example_dags/example_branch_operator_decorator.py
[2026-05-04T01:29:34.211+0300] {processor.py:914} INFO - Processing file /home/nikita/airflow-setup/ENV/lib/python3.12/site-packages/airflow/example_dags/example_branch_operator_decorator.py for tasks to queue
[2026-05-04T01:29:34.212+0300] {logging_mixin.py:190} INFO - [2026-05-04T01:29:34.211+0300] {dagbag.py:588} INFO - Filling up the DagBag from /home/nikita/airflow-setup/ENV/lib/python3.12/site-packages/airflow/example_dags/example_branch_operator_decorator.py
[2026-05-04T01:29:34.225+0300] {processor.py:927} WARNING - No viable dags retrieved from /home/nikita/airflow-setup/ENV/lib/python3.12/site-packages/airflow/example_dags/example_branch_operator_decorator.py
[2026-05-04T01:29:34.233+0300] {processor.py:208} INFO - Processing /home/nikita/airflow-setup/ENV/lib/python3.12/site-packages/airflow/example_dags/example_branch_operator_decorator.py took 0.029 seconds
[2026-05-04T01:30:46.926+0300] {processor.py:186} INFO - Started process (PID=20295) to work on /home/nikita/airflow-setup/ENV/lib/python3.12/site-packages/airflow/example_dags/example_branch_operator_decorator.py
[2026-05-04T01:30:46.936+0300] {processor.py:914} INFO - Processing file /home/nikita/airflow-setup/ENV/lib/python3.12/site-packages/airflow/example_dags/example_branch_operator_decorator.py for tasks to queue
[2026-05-04T01:30:46.937+0300] {logging_mixin.py:190} INFO - [2026-05-04T01:30:46.937+0300] {dagbag.py:588} INFO - Filling up the DagBag from /home/nikita/airflow-setup/ENV/lib/python3.12/site-packages/airflow/example_dags/example_branch_operator_decorator.py
[2026-05-04T01:30:46.949+0300] {processor.py:927} WARNING - No viable dags retrieved from /home/nikita/airflow-setup/ENV/lib/python3.12/site-packages/airflow/example_dags/example_branch_operator_decorator.py
[2026-05-04T01:30:46.957+0300] {processor.py:208} INFO - Processing /home/nikita/airflow-setup/ENV/lib/python3.12/site-packages/airflow/example_dags/example_branch_operator_decorator.py took 0.037 seconds
[2026-05-04T01:32:08.254+0300] {processor.py:186} INFO - Started process (PID=20599) to work on /home/nikita/airflow-setup/ENV/lib/python3.12/site-packages/airflow/example_dags/example_branch_operator_decorator.py
[2026-05-04T01:32:08.263+0300] {processor.py:914} INFO - Processing file /home/nikita/airflow-setup/ENV/lib/python3.12/site-packages/airflow/example_dags/example_branch_operator_decorator.py for tasks to queue
[2026-05-04T01:32:08.264+0300] {logging_mixin.py:190} INFO - [2026-05-04T01:32:08.264+0300] {dagbag.py:588} INFO - Filling up the DagBag from /home/nikita/airflow-setup/ENV/lib/python3.12/site-packages/airflow/example_dags/example_branch_operator_decorator.py
[2026-05-04T01:32:08.281+0300] {processor.py:927} WARNING - No viable dags retrieved from /home/nikita/airflow-setup/ENV/lib/python3.12/site-packages/airflow/example_dags/example_branch_operator_decorator.py
[2026-05-04T01:32:08.288+0300] {processor.py:208} INFO - Processing /home/nikita/airflow-setup/ENV/lib/python3.12/site-packages/airflow/example_dags/example_branch_operator_decorator.py took 0.038 seconds
[2026-05-04T01:33:17.537+0300] {processor.py:186} INFO - Started process (PID=21011) to work on /home/nikita/airflow-setup/ENV/lib/python3.12/site-packages/airflow/example_dags/example_branch_operator_decorator.py
[2026-05-04T01:33:17.547+0300] {processor.py:914} INFO - Processing file /home/nikita/airflow-setup/ENV/lib/python3.12/site-packages/airflow/example_dags/example_branch_operator_decorator.py for tasks to queue
[2026-05-04T01:33:17.548+0300] {logging_mixin.py:190} INFO - [2026-05-04T01:33:17.548+0300] {dagbag.py:588} INFO - Filling up the DagBag from /home/nikita/airflow-setup/ENV/lib/python3.12/site-packages/airflow/example_dags/example_branch_operator_decorator.py
[2026-05-04T01:33:17.561+0300] {processor.py:927} WARNING - No viable dags retrieved from /home/nikita/airflow-setup/ENV/lib/python3.12/site-packages/airflow/example_dags/example_branch_operator_decorator.py
[2026-05-04T01:33:17.569+0300] {processor.py:208} INFO - Processing /home/nikita/airflow-setup/ENV/lib/python3.12/site-packages/airflow/example_dags/example_branch_operator_decorator.py took 0.036 seconds
[2026-05-04T01:34:20.537+0300] {processor.py:186} INFO - Started process (PID=21377) to work on /home/nikita/airflow-setup/ENV/lib/python3.12/site-packages/airflow/example_dags/example_branch_operator_decorator.py
[2026-05-04T01:34:20.539+0300] {processor.py:914} INFO - Processing file /home/nikita/airflow-setup/ENV/lib/python3.12/site-packages/airflow/example_dags/example_branch_operator_decorator.py for tasks to queue
[2026-05-04T01:34:20.541+0300] {logging_mixin.py:190} INFO - [2026-05-04T01:34:20.540+0300] {dagbag.py:588} INFO - Filling up the DagBag from /home/nikita/airflow-setup/ENV/lib/python3.12/site-packages/airflow/example_dags/example_branch_operator_decorator.py
[2026-05-04T01:34:20.553+0300] {processor.py:927} WARNING - No viable dags retrieved from /home/nikita/airflow-setup/ENV/lib/python3.12/site-packages/airflow/example_dags/example_branch_operator_decorator.py
[2026-05-04T01:34:20.561+0300] {processor.py:208} INFO - Processing /home/nikita/airflow-setup/ENV/lib/python3.12/site-packages/airflow/example_dags/example_branch_operator_decorator.py took 0.027 seconds
[2026-05-04T01:35:27.276+0300] {processor.py:186} INFO - Started process (PID=21631) to work on /home/nikita/airflow-setup/ENV/lib/python3.12/site-packages/airflow/example_dags/example_branch_operator_decorator.py
[2026-05-04T01:35:27.285+0300] {processor.py:914} INFO - Processing file /home/nikita/airflow-setup/ENV/lib/python3.12/site-packages/airflow/example_dags/example_branch_operator_decorator.py for tasks to queue
[2026-05-04T01:35:27.286+0300] {logging_mixin.py:190} INFO - [2026-05-04T01:35:27.286+0300] {dagbag.py:588} INFO - Filling up the DagBag from /home/nikita/airflow-setup/ENV/lib/python3.12/site-packages/airflow/example_dags/example_branch_operator_decorator.py
[2026-05-04T01:35:27.299+0300] {processor.py:927} WARNING - No viable dags retrieved from /home/nikita/airflow-setup/ENV/lib/python3.12/site-packages/airflow/example_dags/example_branch_operator_decorator.py
[2026-05-04T01:35:27.308+0300] {processor.py:208} INFO - Processing /home/nikita/airflow-setup/ENV/lib/python3.12/site-packages/airflow/example_dags/example_branch_operator_decorator.py took 0.037 seconds
