[2026-05-04T00:46:10.869+0300] {processor.py:186} INFO - Started process (PID=5970) to work on /home/nikita/airflow-setup/ENV/lib/python3.12/site-packages/airflow/example_dags/example_time_delta_sensor_async.py
[2026-05-04T00:46:10.869+0300] {processor.py:914} INFO - Processing file /home/nikita/airflow-setup/ENV/lib/python3.12/site-packages/airflow/example_dags/example_time_delta_sensor_async.py for tasks to queue
[2026-05-04T00:46:10.871+0300] {logging_mixin.py:190} INFO - [2026-05-04T00:46:10.871+0300] {dagbag.py:588} INFO - Filling up the DagBag from /home/nikita/airflow-setup/ENV/lib/python3.12/site-packages/airflow/example_dags/example_time_delta_sensor_async.py
[2026-05-04T00:46:10.876+0300] {processor.py:925} INFO - DAG(s) 'example_time_delta_sensor_async' retrieved from /home/nikita/airflow-setup/ENV/lib/python3.12/site-packages/airflow/example_dags/example_time_delta_sensor_async.py
[2026-05-04T00:46:10.958+0300] {logging_mixin.py:190} INFO - [2026-05-04T00:46:10.958+0300] {override.py:1930} INFO - Created Permission View: can read on DAG:example_time_delta_sensor_async
[2026-05-04T00:46:10.967+0300] {logging_mixin.py:190} INFO - [2026-05-04T00:46:10.967+0300] {override.py:1930} INFO - Created Permission View: can delete on DAG:example_time_delta_sensor_async
[2026-05-04T00:46:10.974+0300] {logging_mixin.py:190} INFO - [2026-05-04T00:46:10.973+0300] {override.py:1930} INFO - Created Permission View: can edit on DAG:example_time_delta_sensor_async
[2026-05-04T00:46:10.984+0300] {logging_mixin.py:190} INFO - [2026-05-04T00:46:10.984+0300] {override.py:1930} INFO - Created Permission View: can read on DAG Run:example_time_delta_sensor_async
[2026-05-04T00:46:10.990+0300] {logging_mixin.py:190} INFO - [2026-05-04T00:46:10.989+0300] {override.py:1930} INFO - Created Permission View: can delete on DAG Run:example_time_delta_sensor_async
[2026-05-04T00:46:10.995+0300] {logging_mixin.py:190} INFO - [2026-05-04T00:46:10.995+0300] {override.py:1930} INFO - Created Permission View: menu access on DAG Run:example_time_delta_sensor_async
[2026-05-04T00:46:11.001+0300] {logging_mixin.py:190} INFO - [2026-05-04T00:46:11.000+0300] {override.py:1930} INFO - Created Permission View: can create on DAG Run:example_time_delta_sensor_async
[2026-05-04T00:46:11.001+0300] {logging_mixin.py:190} INFO - [2026-05-04T00:46:11.001+0300] {dag.py:3239} INFO - Sync 1 DAGs
[2026-05-04T00:46:11.009+0300] {logging_mixin.py:190} INFO - [2026-05-04T00:46:11.009+0300] {dag.py:3262} INFO - Creating ORM DAG for example_time_delta_sensor_async
[2026-05-04T00:46:11.009+0300] {logging_mixin.py:190} INFO - [2026-05-04T00:46:11.009+0300] {dag.py:4180} INFO - Setting next_dagrun for example_time_delta_sensor_async to None, run_after=None
[2026-05-04T00:46:11.023+0300] {processor.py:208} INFO - Processing /home/nikita/airflow-setup/ENV/lib/python3.12/site-packages/airflow/example_dags/example_time_delta_sensor_async.py took 0.158 seconds
[2026-05-04T00:47:18.745+0300] {processor.py:186} INFO - Started process (PID=6048) to work on /home/nikita/airflow-setup/ENV/lib/python3.12/site-packages/airflow/example_dags/example_time_delta_sensor_async.py
[2026-05-04T00:47:18.754+0300] {processor.py:914} INFO - Processing file /home/nikita/airflow-setup/ENV/lib/python3.12/site-packages/airflow/example_dags/example_time_delta_sensor_async.py for tasks to queue
[2026-05-04T00:47:18.756+0300] {logging_mixin.py:190} INFO - [2026-05-04T00:47:18.756+0300] {dagbag.py:588} INFO - Filling up the DagBag from /home/nikita/airflow-setup/ENV/lib/python3.12/site-packages/airflow/example_dags/example_time_delta_sensor_async.py
[2026-05-04T00:47:18.762+0300] {processor.py:925} INFO - DAG(s) 'example_time_delta_sensor_async' retrieved from /home/nikita/airflow-setup/ENV/lib/python3.12/site-packages/airflow/example_dags/example_time_delta_sensor_async.py
[2026-05-04T00:47:18.773+0300] {logging_mixin.py:190} INFO - [2026-05-04T00:47:18.772+0300] {dag.py:3239} INFO - Sync 1 DAGs
[2026-05-04T00:47:18.781+0300] {logging_mixin.py:190} INFO - [2026-05-04T00:47:18.780+0300] {dag.py:4180} INFO - Setting next_dagrun for example_time_delta_sensor_async to None, run_after=None
[2026-05-04T00:47:18.795+0300] {processor.py:208} INFO - Processing /home/nikita/airflow-setup/ENV/lib/python3.12/site-packages/airflow/example_dags/example_time_delta_sensor_async.py took 0.055 seconds
[2026-05-04T00:48:17.679+0300] {processor.py:186} INFO - Started process (PID=6105) to work on /home/nikita/airflow-setup/ENV/lib/python3.12/site-packages/airflow/example_dags/example_time_delta_sensor_async.py
[2026-05-04T00:48:17.680+0300] {processor.py:914} INFO - Processing file /home/nikita/airflow-setup/ENV/lib/python3.12/site-packages/airflow/example_dags/example_time_delta_sensor_async.py for tasks to queue
[2026-05-04T00:48:17.681+0300] {logging_mixin.py:190} INFO - [2026-05-04T00:48:17.681+0300] {dagbag.py:588} INFO - Filling up the DagBag from /home/nikita/airflow-setup/ENV/lib/python3.12/site-packages/airflow/example_dags/example_time_delta_sensor_async.py
[2026-05-04T00:48:17.686+0300] {processor.py:925} INFO - DAG(s) 'example_time_delta_sensor_async' retrieved from /home/nikita/airflow-setup/ENV/lib/python3.12/site-packages/airflow/example_dags/example_time_delta_sensor_async.py
[2026-05-04T00:48:17.696+0300] {logging_mixin.py:190} INFO - [2026-05-04T00:48:17.696+0300] {dag.py:3239} INFO - Sync 1 DAGs
[2026-05-04T00:48:17.704+0300] {logging_mixin.py:190} INFO - [2026-05-04T00:48:17.704+0300] {dag.py:4180} INFO - Setting next_dagrun for example_time_delta_sensor_async to None, run_after=None
[2026-05-04T00:48:17.720+0300] {processor.py:208} INFO - Processing /home/nikita/airflow-setup/ENV/lib/python3.12/site-packages/airflow/example_dags/example_time_delta_sensor_async.py took 0.046 seconds
[2026-05-04T00:49:17.977+0300] {processor.py:186} INFO - Started process (PID=6163) to work on /home/nikita/airflow-setup/ENV/lib/python3.12/site-packages/airflow/example_dags/example_time_delta_sensor_async.py
[2026-05-04T00:49:17.986+0300] {processor.py:914} INFO - Processing file /home/nikita/airflow-setup/ENV/lib/python3.12/site-packages/airflow/example_dags/example_time_delta_sensor_async.py for tasks to queue
[2026-05-04T00:49:17.987+0300] {logging_mixin.py:190} INFO - [2026-05-04T00:49:17.987+0300] {dagbag.py:588} INFO - Filling up the DagBag from /home/nikita/airflow-setup/ENV/lib/python3.12/site-packages/airflow/example_dags/example_time_delta_sensor_async.py
[2026-05-04T00:49:17.992+0300] {processor.py:925} INFO - DAG(s) 'example_time_delta_sensor_async' retrieved from /home/nikita/airflow-setup/ENV/lib/python3.12/site-packages/airflow/example_dags/example_time_delta_sensor_async.py
[2026-05-04T00:49:18.004+0300] {logging_mixin.py:190} INFO - [2026-05-04T00:49:18.004+0300] {dag.py:3239} INFO - Sync 1 DAGs
[2026-05-04T00:49:18.014+0300] {logging_mixin.py:190} INFO - [2026-05-04T00:49:18.013+0300] {dag.py:4180} INFO - Setting next_dagrun for example_time_delta_sensor_async to None, run_after=None
[2026-05-04T00:49:18.031+0300] {processor.py:208} INFO - Processing /home/nikita/airflow-setup/ENV/lib/python3.12/site-packages/airflow/example_dags/example_time_delta_sensor_async.py took 0.058 seconds
[2026-05-04T00:50:14.978+0300] {processor.py:186} INFO - Started process (PID=6224) to work on /home/nikita/airflow-setup/ENV/lib/python3.12/site-packages/airflow/example_dags/example_time_delta_sensor_async.py
[2026-05-04T00:50:14.987+0300] {processor.py:914} INFO - Processing file /home/nikita/airflow-setup/ENV/lib/python3.12/site-packages/airflow/example_dags/example_time_delta_sensor_async.py for tasks to queue
[2026-05-04T00:50:14.988+0300] {logging_mixin.py:190} INFO - [2026-05-04T00:50:14.988+0300] {dagbag.py:588} INFO - Filling up the DagBag from /home/nikita/airflow-setup/ENV/lib/python3.12/site-packages/airflow/example_dags/example_time_delta_sensor_async.py
[2026-05-04T00:50:14.994+0300] {processor.py:925} INFO - DAG(s) 'example_time_delta_sensor_async' retrieved from /home/nikita/airflow-setup/ENV/lib/python3.12/site-packages/airflow/example_dags/example_time_delta_sensor_async.py
[2026-05-04T00:50:15.004+0300] {logging_mixin.py:190} INFO - [2026-05-04T00:50:15.004+0300] {dag.py:3239} INFO - Sync 1 DAGs
[2026-05-04T00:50:15.012+0300] {logging_mixin.py:190} INFO - [2026-05-04T00:50:15.011+0300] {dag.py:4180} INFO - Setting next_dagrun for example_time_delta_sensor_async to None, run_after=None
[2026-05-04T00:50:15.027+0300] {processor.py:208} INFO - Processing /home/nikita/airflow-setup/ENV/lib/python3.12/site-packages/airflow/example_dags/example_time_delta_sensor_async.py took 0.053 seconds
[2026-05-04T00:51:13.473+0300] {processor.py:186} INFO - Started process (PID=6302) to work on /home/nikita/airflow-setup/ENV/lib/python3.12/site-packages/airflow/example_dags/example_time_delta_sensor_async.py
[2026-05-04T00:51:13.482+0300] {processor.py:914} INFO - Processing file /home/nikita/airflow-setup/ENV/lib/python3.12/site-packages/airflow/example_dags/example_time_delta_sensor_async.py for tasks to queue
[2026-05-04T00:51:13.484+0300] {logging_mixin.py:190} INFO - [2026-05-04T00:51:13.484+0300] {dagbag.py:588} INFO - Filling up the DagBag from /home/nikita/airflow-setup/ENV/lib/python3.12/site-packages/airflow/example_dags/example_time_delta_sensor_async.py
[2026-05-04T00:51:13.490+0300] {processor.py:925} INFO - DAG(s) 'example_time_delta_sensor_async' retrieved from /home/nikita/airflow-setup/ENV/lib/python3.12/site-packages/airflow/example_dags/example_time_delta_sensor_async.py
[2026-05-04T00:51:13.505+0300] {logging_mixin.py:190} INFO - [2026-05-04T00:51:13.504+0300] {dag.py:3239} INFO - Sync 1 DAGs
[2026-05-04T00:51:13.531+0300] {logging_mixin.py:190} INFO - [2026-05-04T00:51:13.531+0300] {dag.py:4180} INFO - Setting next_dagrun for example_time_delta_sensor_async to None, run_after=None
[2026-05-04T00:51:13.565+0300] {processor.py:208} INFO - Processing /home/nikita/airflow-setup/ENV/lib/python3.12/site-packages/airflow/example_dags/example_time_delta_sensor_async.py took 0.097 seconds
[2026-05-04T00:52:09.141+0300] {processor.py:186} INFO - Started process (PID=6356) to work on /home/nikita/airflow-setup/ENV/lib/python3.12/site-packages/airflow/example_dags/example_time_delta_sensor_async.py
[2026-05-04T00:52:09.151+0300] {processor.py:914} INFO - Processing file /home/nikita/airflow-setup/ENV/lib/python3.12/site-packages/airflow/example_dags/example_time_delta_sensor_async.py for tasks to queue
[2026-05-04T00:52:09.154+0300] {logging_mixin.py:190} INFO - [2026-05-04T00:52:09.154+0300] {dagbag.py:588} INFO - Filling up the DagBag from /home/nikita/airflow-setup/ENV/lib/python3.12/site-packages/airflow/example_dags/example_time_delta_sensor_async.py
[2026-05-04T00:52:09.163+0300] {processor.py:925} INFO - DAG(s) 'example_time_delta_sensor_async' retrieved from /home/nikita/airflow-setup/ENV/lib/python3.12/site-packages/airflow/example_dags/example_time_delta_sensor_async.py
[2026-05-04T00:52:09.182+0300] {logging_mixin.py:190} INFO - [2026-05-04T00:52:09.182+0300] {dag.py:3239} INFO - Sync 1 DAGs
[2026-05-04T00:52:09.194+0300] {logging_mixin.py:190} INFO - [2026-05-04T00:52:09.194+0300] {dag.py:4180} INFO - Setting next_dagrun for example_time_delta_sensor_async to None, run_after=None
[2026-05-04T00:52:09.215+0300] {processor.py:208} INFO - Processing /home/nikita/airflow-setup/ENV/lib/python3.12/site-packages/airflow/example_dags/example_time_delta_sensor_async.py took 0.080 seconds
[2026-05-04T00:53:11.014+0300] {processor.py:186} INFO - Started process (PID=6435) to work on /home/nikita/airflow-setup/ENV/lib/python3.12/site-packages/airflow/example_dags/example_time_delta_sensor_async.py
[2026-05-04T00:53:11.023+0300] {processor.py:914} INFO - Processing file /home/nikita/airflow-setup/ENV/lib/python3.12/site-packages/airflow/example_dags/example_time_delta_sensor_async.py for tasks to queue
[2026-05-04T00:53:11.025+0300] {logging_mixin.py:190} INFO - [2026-05-04T00:53:11.025+0300] {dagbag.py:588} INFO - Filling up the DagBag from /home/nikita/airflow-setup/ENV/lib/python3.12/site-packages/airflow/example_dags/example_time_delta_sensor_async.py
[2026-05-04T00:53:11.030+0300] {processor.py:925} INFO - DAG(s) 'example_time_delta_sensor_async' retrieved from /home/nikita/airflow-setup/ENV/lib/python3.12/site-packages/airflow/example_dags/example_time_delta_sensor_async.py
[2026-05-04T00:53:11.042+0300] {logging_mixin.py:190} INFO - [2026-05-04T00:53:11.042+0300] {dag.py:3239} INFO - Sync 1 DAGs
[2026-05-04T00:53:11.053+0300] {logging_mixin.py:190} INFO - [2026-05-04T00:53:11.052+0300] {dag.py:4180} INFO - Setting next_dagrun for example_time_delta_sensor_async to None, run_after=None
[2026-05-04T00:53:11.071+0300] {processor.py:208} INFO - Processing /home/nikita/airflow-setup/ENV/lib/python3.12/site-packages/airflow/example_dags/example_time_delta_sensor_async.py took 0.061 seconds
[2026-05-04T00:54:11.436+0300] {processor.py:186} INFO - Started process (PID=6492) to work on /home/nikita/airflow-setup/ENV/lib/python3.12/site-packages/airflow/example_dags/example_time_delta_sensor_async.py
[2026-05-04T00:54:11.446+0300] {processor.py:914} INFO - Processing file /home/nikita/airflow-setup/ENV/lib/python3.12/site-packages/airflow/example_dags/example_time_delta_sensor_async.py for tasks to queue
[2026-05-04T00:54:11.447+0300] {logging_mixin.py:190} INFO - [2026-05-04T00:54:11.447+0300] {dagbag.py:588} INFO - Filling up the DagBag from /home/nikita/airflow-setup/ENV/lib/python3.12/site-packages/airflow/example_dags/example_time_delta_sensor_async.py
[2026-05-04T00:54:11.454+0300] {processor.py:925} INFO - DAG(s) 'example_time_delta_sensor_async' retrieved from /home/nikita/airflow-setup/ENV/lib/python3.12/site-packages/airflow/example_dags/example_time_delta_sensor_async.py
[2026-05-04T00:54:11.465+0300] {logging_mixin.py:190} INFO - [2026-05-04T00:54:11.465+0300] {dag.py:3239} INFO - Sync 1 DAGs
[2026-05-04T00:54:11.475+0300] {logging_mixin.py:190} INFO - [2026-05-04T00:54:11.475+0300] {dag.py:4180} INFO - Setting next_dagrun for example_time_delta_sensor_async to None, run_after=None
[2026-05-04T00:54:11.491+0300] {processor.py:208} INFO - Processing /home/nikita/airflow-setup/ENV/lib/python3.12/site-packages/airflow/example_dags/example_time_delta_sensor_async.py took 0.060 seconds
[2026-05-04T00:55:15.467+0300] {processor.py:186} INFO - Started process (PID=6561) to work on /home/nikita/airflow-setup/ENV/lib/python3.12/site-packages/airflow/example_dags/example_time_delta_sensor_async.py
[2026-05-04T00:55:15.475+0300] {processor.py:914} INFO - Processing file /home/nikita/airflow-setup/ENV/lib/python3.12/site-packages/airflow/example_dags/example_time_delta_sensor_async.py for tasks to queue
[2026-05-04T00:55:15.477+0300] {logging_mixin.py:190} INFO - [2026-05-04T00:55:15.477+0300] {dagbag.py:588} INFO - Filling up the DagBag from /home/nikita/airflow-setup/ENV/lib/python3.12/site-packages/airflow/example_dags/example_time_delta_sensor_async.py
[2026-05-04T00:55:15.483+0300] {processor.py:925} INFO - DAG(s) 'example_time_delta_sensor_async' retrieved from /home/nikita/airflow-setup/ENV/lib/python3.12/site-packages/airflow/example_dags/example_time_delta_sensor_async.py
[2026-05-04T00:55:15.497+0300] {logging_mixin.py:190} INFO - [2026-05-04T00:55:15.496+0300] {dag.py:3239} INFO - Sync 1 DAGs
[2026-05-04T00:55:15.507+0300] {logging_mixin.py:190} INFO - [2026-05-04T00:55:15.506+0300] {dag.py:4180} INFO - Setting next_dagrun for example_time_delta_sensor_async to None, run_after=None
[2026-05-04T00:55:15.524+0300] {processor.py:208} INFO - Processing /home/nikita/airflow-setup/ENV/lib/python3.12/site-packages/airflow/example_dags/example_time_delta_sensor_async.py took 0.062 seconds
[2026-05-04T00:56:15.401+0300] {processor.py:186} INFO - Started process (PID=6620) to work on /home/nikita/airflow-setup/ENV/lib/python3.12/site-packages/airflow/example_dags/example_time_delta_sensor_async.py
[2026-05-04T00:56:15.407+0300] {processor.py:914} INFO - Processing file /home/nikita/airflow-setup/ENV/lib/python3.12/site-packages/airflow/example_dags/example_time_delta_sensor_async.py for tasks to queue
[2026-05-04T00:56:15.409+0300] {logging_mixin.py:190} INFO - [2026-05-04T00:56:15.408+0300] {dagbag.py:588} INFO - Filling up the DagBag from /home/nikita/airflow-setup/ENV/lib/python3.12/site-packages/airflow/example_dags/example_time_delta_sensor_async.py
[2026-05-04T00:56:15.418+0300] {processor.py:925} INFO - DAG(s) 'example_time_delta_sensor_async' retrieved from /home/nikita/airflow-setup/ENV/lib/python3.12/site-packages/airflow/example_dags/example_time_delta_sensor_async.py
[2026-05-04T00:56:15.435+0300] {logging_mixin.py:190} INFO - [2026-05-04T00:56:15.435+0300] {dag.py:3239} INFO - Sync 1 DAGs
[2026-05-04T00:56:15.447+0300] {logging_mixin.py:190} INFO - [2026-05-04T00:56:15.447+0300] {dag.py:4180} INFO - Setting next_dagrun for example_time_delta_sensor_async to None, run_after=None
[2026-05-04T00:56:15.469+0300] {processor.py:208} INFO - Processing /home/nikita/airflow-setup/ENV/lib/python3.12/site-packages/airflow/example_dags/example_time_delta_sensor_async.py took 0.074 seconds
[2026-05-04T00:57:13.261+0300] {processor.py:186} INFO - Started process (PID=7006) to work on /home/nikita/airflow-setup/ENV/lib/python3.12/site-packages/airflow/example_dags/example_time_delta_sensor_async.py
[2026-05-04T00:57:13.266+0300] {processor.py:914} INFO - Processing file /home/nikita/airflow-setup/ENV/lib/python3.12/site-packages/airflow/example_dags/example_time_delta_sensor_async.py for tasks to queue
[2026-05-04T00:57:13.268+0300] {logging_mixin.py:190} INFO - [2026-05-04T00:57:13.268+0300] {dagbag.py:588} INFO - Filling up the DagBag from /home/nikita/airflow-setup/ENV/lib/python3.12/site-packages/airflow/example_dags/example_time_delta_sensor_async.py
[2026-05-04T00:57:13.275+0300] {processor.py:925} INFO - DAG(s) 'example_time_delta_sensor_async' retrieved from /home/nikita/airflow-setup/ENV/lib/python3.12/site-packages/airflow/example_dags/example_time_delta_sensor_async.py
[2026-05-04T00:57:13.287+0300] {logging_mixin.py:190} INFO - [2026-05-04T00:57:13.287+0300] {dag.py:3239} INFO - Sync 1 DAGs
[2026-05-04T00:57:13.297+0300] {logging_mixin.py:190} INFO - [2026-05-04T00:57:13.297+0300] {dag.py:4180} INFO - Setting next_dagrun for example_time_delta_sensor_async to None, run_after=None
[2026-05-04T00:57:13.419+0300] {processor.py:208} INFO - Processing /home/nikita/airflow-setup/ENV/lib/python3.12/site-packages/airflow/example_dags/example_time_delta_sensor_async.py took 0.163 seconds
[2026-05-04T00:58:13.726+0300] {processor.py:186} INFO - Started process (PID=7239) to work on /home/nikita/airflow-setup/ENV/lib/python3.12/site-packages/airflow/example_dags/example_time_delta_sensor_async.py
[2026-05-04T00:58:13.734+0300] {processor.py:914} INFO - Processing file /home/nikita/airflow-setup/ENV/lib/python3.12/site-packages/airflow/example_dags/example_time_delta_sensor_async.py for tasks to queue
[2026-05-04T00:58:13.736+0300] {logging_mixin.py:190} INFO - [2026-05-04T00:58:13.736+0300] {dagbag.py:588} INFO - Filling up the DagBag from /home/nikita/airflow-setup/ENV/lib/python3.12/site-packages/airflow/example_dags/example_time_delta_sensor_async.py
[2026-05-04T00:58:13.742+0300] {processor.py:925} INFO - DAG(s) 'example_time_delta_sensor_async' retrieved from /home/nikita/airflow-setup/ENV/lib/python3.12/site-packages/airflow/example_dags/example_time_delta_sensor_async.py
[2026-05-04T00:58:13.754+0300] {logging_mixin.py:190} INFO - [2026-05-04T00:58:13.754+0300] {dag.py:3239} INFO - Sync 1 DAGs
[2026-05-04T00:58:13.763+0300] {logging_mixin.py:190} INFO - [2026-05-04T00:58:13.763+0300] {dag.py:4180} INFO - Setting next_dagrun for example_time_delta_sensor_async to None, run_after=None
[2026-05-04T00:58:13.780+0300] {processor.py:208} INFO - Processing /home/nikita/airflow-setup/ENV/lib/python3.12/site-packages/airflow/example_dags/example_time_delta_sensor_async.py took 0.059 seconds
[2026-05-04T00:59:10.770+0300] {processor.py:186} INFO - Started process (PID=7464) to work on /home/nikita/airflow-setup/ENV/lib/python3.12/site-packages/airflow/example_dags/example_time_delta_sensor_async.py
[2026-05-04T00:59:10.772+0300] {processor.py:914} INFO - Processing file /home/nikita/airflow-setup/ENV/lib/python3.12/site-packages/airflow/example_dags/example_time_delta_sensor_async.py for tasks to queue
[2026-05-04T00:59:10.774+0300] {logging_mixin.py:190} INFO - [2026-05-04T00:59:10.773+0300] {dagbag.py:588} INFO - Filling up the DagBag from /home/nikita/airflow-setup/ENV/lib/python3.12/site-packages/airflow/example_dags/example_time_delta_sensor_async.py
[2026-05-04T00:59:10.779+0300] {processor.py:925} INFO - DAG(s) 'example_time_delta_sensor_async' retrieved from /home/nikita/airflow-setup/ENV/lib/python3.12/site-packages/airflow/example_dags/example_time_delta_sensor_async.py
[2026-05-04T00:59:10.792+0300] {logging_mixin.py:190} INFO - [2026-05-04T00:59:10.792+0300] {dag.py:3239} INFO - Sync 1 DAGs
[2026-05-04T00:59:10.804+0300] {logging_mixin.py:190} INFO - [2026-05-04T00:59:10.804+0300] {dag.py:4180} INFO - Setting next_dagrun for example_time_delta_sensor_async to None, run_after=None
[2026-05-04T00:59:10.825+0300] {processor.py:208} INFO - Processing /home/nikita/airflow-setup/ENV/lib/python3.12/site-packages/airflow/example_dags/example_time_delta_sensor_async.py took 0.060 seconds
[2026-05-04T01:00:10.727+0300] {processor.py:186} INFO - Started process (PID=8288) to work on /home/nikita/airflow-setup/ENV/lib/python3.12/site-packages/airflow/example_dags/example_time_delta_sensor_async.py
[2026-05-04T01:00:10.736+0300] {processor.py:914} INFO - Processing file /home/nikita/airflow-setup/ENV/lib/python3.12/site-packages/airflow/example_dags/example_time_delta_sensor_async.py for tasks to queue
[2026-05-04T01:00:10.738+0300] {logging_mixin.py:190} INFO - [2026-05-04T01:00:10.738+0300] {dagbag.py:588} INFO - Filling up the DagBag from /home/nikita/airflow-setup/ENV/lib/python3.12/site-packages/airflow/example_dags/example_time_delta_sensor_async.py
[2026-05-04T01:00:10.744+0300] {processor.py:925} INFO - DAG(s) 'example_time_delta_sensor_async' retrieved from /home/nikita/airflow-setup/ENV/lib/python3.12/site-packages/airflow/example_dags/example_time_delta_sensor_async.py
[2026-05-04T01:00:10.755+0300] {logging_mixin.py:190} INFO - [2026-05-04T01:00:10.755+0300] {dag.py:3239} INFO - Sync 1 DAGs
[2026-05-04T01:00:10.763+0300] {logging_mixin.py:190} INFO - [2026-05-04T01:00:10.763+0300] {dag.py:4180} INFO - Setting next_dagrun for example_time_delta_sensor_async to None, run_after=None
[2026-05-04T01:00:10.780+0300] {processor.py:208} INFO - Processing /home/nikita/airflow-setup/ENV/lib/python3.12/site-packages/airflow/example_dags/example_time_delta_sensor_async.py took 0.057 seconds
[2026-05-04T01:01:16.491+0300] {processor.py:186} INFO - Started process (PID=8674) to work on /home/nikita/airflow-setup/ENV/lib/python3.12/site-packages/airflow/example_dags/example_time_delta_sensor_async.py
[2026-05-04T01:01:16.493+0300] {processor.py:914} INFO - Processing file /home/nikita/airflow-setup/ENV/lib/python3.12/site-packages/airflow/example_dags/example_time_delta_sensor_async.py for tasks to queue
[2026-05-04T01:01:16.494+0300] {logging_mixin.py:190} INFO - [2026-05-04T01:01:16.494+0300] {dagbag.py:588} INFO - Filling up the DagBag from /home/nikita/airflow-setup/ENV/lib/python3.12/site-packages/airflow/example_dags/example_time_delta_sensor_async.py
[2026-05-04T01:01:16.499+0300] {processor.py:925} INFO - DAG(s) 'example_time_delta_sensor_async' retrieved from /home/nikita/airflow-setup/ENV/lib/python3.12/site-packages/airflow/example_dags/example_time_delta_sensor_async.py
[2026-05-04T01:01:16.512+0300] {logging_mixin.py:190} INFO - [2026-05-04T01:01:16.512+0300] {dag.py:3239} INFO - Sync 1 DAGs
[2026-05-04T01:01:16.523+0300] {logging_mixin.py:190} INFO - [2026-05-04T01:01:16.523+0300] {dag.py:4180} INFO - Setting next_dagrun for example_time_delta_sensor_async to None, run_after=None
[2026-05-04T01:01:16.539+0300] {processor.py:208} INFO - Processing /home/nikita/airflow-setup/ENV/lib/python3.12/site-packages/airflow/example_dags/example_time_delta_sensor_async.py took 0.052 seconds
[2026-05-04T01:02:25.266+0300] {processor.py:186} INFO - Started process (PID=9307) to work on /home/nikita/airflow-setup/ENV/lib/python3.12/site-packages/airflow/example_dags/example_time_delta_sensor_async.py
[2026-05-04T01:02:25.274+0300] {processor.py:914} INFO - Processing file /home/nikita/airflow-setup/ENV/lib/python3.12/site-packages/airflow/example_dags/example_time_delta_sensor_async.py for tasks to queue
[2026-05-04T01:02:25.276+0300] {logging_mixin.py:190} INFO - [2026-05-04T01:02:25.275+0300] {dagbag.py:588} INFO - Filling up the DagBag from /home/nikita/airflow-setup/ENV/lib/python3.12/site-packages/airflow/example_dags/example_time_delta_sensor_async.py
[2026-05-04T01:02:25.282+0300] {processor.py:925} INFO - DAG(s) 'example_time_delta_sensor_async' retrieved from /home/nikita/airflow-setup/ENV/lib/python3.12/site-packages/airflow/example_dags/example_time_delta_sensor_async.py
[2026-05-04T01:02:25.294+0300] {logging_mixin.py:190} INFO - [2026-05-04T01:02:25.294+0300] {dag.py:3239} INFO - Sync 1 DAGs
[2026-05-04T01:02:25.303+0300] {logging_mixin.py:190} INFO - [2026-05-04T01:02:25.303+0300] {dag.py:4180} INFO - Setting next_dagrun for example_time_delta_sensor_async to None, run_after=None
[2026-05-04T01:02:25.321+0300] {processor.py:208} INFO - Processing /home/nikita/airflow-setup/ENV/lib/python3.12/site-packages/airflow/example_dags/example_time_delta_sensor_async.py took 0.059 seconds
[2026-05-04T01:03:28.710+0300] {processor.py:186} INFO - Started process (PID=9708) to work on /home/nikita/airflow-setup/ENV/lib/python3.12/site-packages/airflow/example_dags/example_time_delta_sensor_async.py
[2026-05-04T01:03:28.712+0300] {processor.py:914} INFO - Processing file /home/nikita/airflow-setup/ENV/lib/python3.12/site-packages/airflow/example_dags/example_time_delta_sensor_async.py for tasks to queue
[2026-05-04T01:03:28.713+0300] {logging_mixin.py:190} INFO - [2026-05-04T01:03:28.713+0300] {dagbag.py:588} INFO - Filling up the DagBag from /home/nikita/airflow-setup/ENV/lib/python3.12/site-packages/airflow/example_dags/example_time_delta_sensor_async.py
[2026-05-04T01:03:28.718+0300] {processor.py:925} INFO - DAG(s) 'example_time_delta_sensor_async' retrieved from /home/nikita/airflow-setup/ENV/lib/python3.12/site-packages/airflow/example_dags/example_time_delta_sensor_async.py
[2026-05-04T01:03:28.729+0300] {logging_mixin.py:190} INFO - [2026-05-04T01:03:28.728+0300] {dag.py:3239} INFO - Sync 1 DAGs
[2026-05-04T01:03:28.737+0300] {logging_mixin.py:190} INFO - [2026-05-04T01:03:28.737+0300] {dag.py:4180} INFO - Setting next_dagrun for example_time_delta_sensor_async to None, run_after=None
[2026-05-04T01:03:28.754+0300] {processor.py:208} INFO - Processing /home/nikita/airflow-setup/ENV/lib/python3.12/site-packages/airflow/example_dags/example_time_delta_sensor_async.py took 0.048 seconds
[2026-05-04T01:04:31.075+0300] {processor.py:186} INFO - Started process (PID=9979) to work on /home/nikita/airflow-setup/ENV/lib/python3.12/site-packages/airflow/example_dags/example_time_delta_sensor_async.py
[2026-05-04T01:04:31.084+0300] {processor.py:914} INFO - Processing file /home/nikita/airflow-setup/ENV/lib/python3.12/site-packages/airflow/example_dags/example_time_delta_sensor_async.py for tasks to queue
[2026-05-04T01:04:31.085+0300] {logging_mixin.py:190} INFO - [2026-05-04T01:04:31.084+0300] {dagbag.py:588} INFO - Filling up the DagBag from /home/nikita/airflow-setup/ENV/lib/python3.12/site-packages/airflow/example_dags/example_time_delta_sensor_async.py
[2026-05-04T01:04:31.090+0300] {processor.py:925} INFO - DAG(s) 'example_time_delta_sensor_async' retrieved from /home/nikita/airflow-setup/ENV/lib/python3.12/site-packages/airflow/example_dags/example_time_delta_sensor_async.py
[2026-05-04T01:04:31.102+0300] {logging_mixin.py:190} INFO - [2026-05-04T01:04:31.102+0300] {dag.py:3239} INFO - Sync 1 DAGs
[2026-05-04T01:04:31.114+0300] {logging_mixin.py:190} INFO - [2026-05-04T01:04:31.114+0300] {dag.py:4180} INFO - Setting next_dagrun for example_time_delta_sensor_async to None, run_after=None
[2026-05-04T01:04:31.132+0300] {processor.py:208} INFO - Processing /home/nikita/airflow-setup/ENV/lib/python3.12/site-packages/airflow/example_dags/example_time_delta_sensor_async.py took 0.061 seconds
[2026-05-04T01:05:38.590+0300] {processor.py:186} INFO - Started process (PID=10238) to work on /home/nikita/airflow-setup/ENV/lib/python3.12/site-packages/airflow/example_dags/example_time_delta_sensor_async.py
[2026-05-04T01:05:38.599+0300] {processor.py:914} INFO - Processing file /home/nikita/airflow-setup/ENV/lib/python3.12/site-packages/airflow/example_dags/example_time_delta_sensor_async.py for tasks to queue
[2026-05-04T01:05:38.600+0300] {logging_mixin.py:190} INFO - [2026-05-04T01:05:38.600+0300] {dagbag.py:588} INFO - Filling up the DagBag from /home/nikita/airflow-setup/ENV/lib/python3.12/site-packages/airflow/example_dags/example_time_delta_sensor_async.py
[2026-05-04T01:05:38.605+0300] {processor.py:925} INFO - DAG(s) 'example_time_delta_sensor_async' retrieved from /home/nikita/airflow-setup/ENV/lib/python3.12/site-packages/airflow/example_dags/example_time_delta_sensor_async.py
[2026-05-04T01:05:38.616+0300] {logging_mixin.py:190} INFO - [2026-05-04T01:05:38.616+0300] {dag.py:3239} INFO - Sync 1 DAGs
[2026-05-04T01:05:38.624+0300] {logging_mixin.py:190} INFO - [2026-05-04T01:05:38.624+0300] {dag.py:4180} INFO - Setting next_dagrun for example_time_delta_sensor_async to None, run_after=None
[2026-05-04T01:05:38.640+0300] {processor.py:208} INFO - Processing /home/nikita/airflow-setup/ENV/lib/python3.12/site-packages/airflow/example_dags/example_time_delta_sensor_async.py took 0.054 seconds
[2026-05-04T01:06:42.872+0300] {processor.py:186} INFO - Started process (PID=10508) to work on /home/nikita/airflow-setup/ENV/lib/python3.12/site-packages/airflow/example_dags/example_time_delta_sensor_async.py
[2026-05-04T01:06:42.883+0300] {processor.py:914} INFO - Processing file /home/nikita/airflow-setup/ENV/lib/python3.12/site-packages/airflow/example_dags/example_time_delta_sensor_async.py for tasks to queue
[2026-05-04T01:06:42.887+0300] {logging_mixin.py:190} INFO - [2026-05-04T01:06:42.886+0300] {dagbag.py:588} INFO - Filling up the DagBag from /home/nikita/airflow-setup/ENV/lib/python3.12/site-packages/airflow/example_dags/example_time_delta_sensor_async.py
[2026-05-04T01:06:42.902+0300] {processor.py:925} INFO - DAG(s) 'example_time_delta_sensor_async' retrieved from /home/nikita/airflow-setup/ENV/lib/python3.12/site-packages/airflow/example_dags/example_time_delta_sensor_async.py
[2026-05-04T01:06:42.929+0300] {logging_mixin.py:190} INFO - [2026-05-04T01:06:42.928+0300] {dag.py:3239} INFO - Sync 1 DAGs
[2026-05-04T01:06:42.950+0300] {logging_mixin.py:190} INFO - [2026-05-04T01:06:42.950+0300] {dag.py:4180} INFO - Setting next_dagrun for example_time_delta_sensor_async to None, run_after=None
[2026-05-04T01:06:42.972+0300] {processor.py:208} INFO - Processing /home/nikita/airflow-setup/ENV/lib/python3.12/site-packages/airflow/example_dags/example_time_delta_sensor_async.py took 0.109 seconds
[2026-05-04T01:07:52.742+0300] {processor.py:186} INFO - Started process (PID=10766) to work on /home/nikita/airflow-setup/ENV/lib/python3.12/site-packages/airflow/example_dags/example_time_delta_sensor_async.py
[2026-05-04T01:07:52.751+0300] {processor.py:914} INFO - Processing file /home/nikita/airflow-setup/ENV/lib/python3.12/site-packages/airflow/example_dags/example_time_delta_sensor_async.py for tasks to queue
[2026-05-04T01:07:52.752+0300] {logging_mixin.py:190} INFO - [2026-05-04T01:07:52.752+0300] {dagbag.py:588} INFO - Filling up the DagBag from /home/nikita/airflow-setup/ENV/lib/python3.12/site-packages/airflow/example_dags/example_time_delta_sensor_async.py
[2026-05-04T01:07:52.759+0300] {processor.py:925} INFO - DAG(s) 'example_time_delta_sensor_async' retrieved from /home/nikita/airflow-setup/ENV/lib/python3.12/site-packages/airflow/example_dags/example_time_delta_sensor_async.py
[2026-05-04T01:07:52.773+0300] {logging_mixin.py:190} INFO - [2026-05-04T01:07:52.773+0300] {dag.py:3239} INFO - Sync 1 DAGs
[2026-05-04T01:07:52.789+0300] {logging_mixin.py:190} INFO - [2026-05-04T01:07:52.789+0300] {dag.py:4180} INFO - Setting next_dagrun for example_time_delta_sensor_async to None, run_after=None
[2026-05-04T01:07:52.822+0300] {processor.py:208} INFO - Processing /home/nikita/airflow-setup/ENV/lib/python3.12/site-packages/airflow/example_dags/example_time_delta_sensor_async.py took 0.086 seconds
[2026-05-04T01:08:58.284+0300] {processor.py:186} INFO - Started process (PID=11411) to work on /home/nikita/airflow-setup/ENV/lib/python3.12/site-packages/airflow/example_dags/example_time_delta_sensor_async.py
[2026-05-04T01:08:58.296+0300] {processor.py:914} INFO - Processing file /home/nikita/airflow-setup/ENV/lib/python3.12/site-packages/airflow/example_dags/example_time_delta_sensor_async.py for tasks to queue
[2026-05-04T01:08:58.298+0300] {logging_mixin.py:190} INFO - [2026-05-04T01:08:58.297+0300] {dagbag.py:588} INFO - Filling up the DagBag from /home/nikita/airflow-setup/ENV/lib/python3.12/site-packages/airflow/example_dags/example_time_delta_sensor_async.py
[2026-05-04T01:08:58.304+0300] {processor.py:925} INFO - DAG(s) 'example_time_delta_sensor_async' retrieved from /home/nikita/airflow-setup/ENV/lib/python3.12/site-packages/airflow/example_dags/example_time_delta_sensor_async.py
[2026-05-04T01:08:58.319+0300] {logging_mixin.py:190} INFO - [2026-05-04T01:08:58.319+0300] {dag.py:3239} INFO - Sync 1 DAGs
[2026-05-04T01:08:58.332+0300] {logging_mixin.py:190} INFO - [2026-05-04T01:08:58.331+0300] {dag.py:4180} INFO - Setting next_dagrun for example_time_delta_sensor_async to None, run_after=None
[2026-05-04T01:08:58.350+0300] {processor.py:208} INFO - Processing /home/nikita/airflow-setup/ENV/lib/python3.12/site-packages/airflow/example_dags/example_time_delta_sensor_async.py took 0.072 seconds
[2026-05-04T01:10:08.462+0300] {processor.py:186} INFO - Started process (PID=12227) to work on /home/nikita/airflow-setup/ENV/lib/python3.12/site-packages/airflow/example_dags/example_time_delta_sensor_async.py
[2026-05-04T01:10:08.465+0300] {processor.py:914} INFO - Processing file /home/nikita/airflow-setup/ENV/lib/python3.12/site-packages/airflow/example_dags/example_time_delta_sensor_async.py for tasks to queue
[2026-05-04T01:10:08.468+0300] {logging_mixin.py:190} INFO - [2026-05-04T01:10:08.467+0300] {dagbag.py:588} INFO - Filling up the DagBag from /home/nikita/airflow-setup/ENV/lib/python3.12/site-packages/airflow/example_dags/example_time_delta_sensor_async.py
[2026-05-04T01:10:08.477+0300] {processor.py:925} INFO - DAG(s) 'example_time_delta_sensor_async' retrieved from /home/nikita/airflow-setup/ENV/lib/python3.12/site-packages/airflow/example_dags/example_time_delta_sensor_async.py
[2026-05-04T01:10:08.497+0300] {logging_mixin.py:190} INFO - [2026-05-04T01:10:08.497+0300] {dag.py:3239} INFO - Sync 1 DAGs
[2026-05-04T01:10:08.514+0300] {logging_mixin.py:190} INFO - [2026-05-04T01:10:08.514+0300] {dag.py:4180} INFO - Setting next_dagrun for example_time_delta_sensor_async to None, run_after=None
[2026-05-04T01:10:08.542+0300] {processor.py:208} INFO - Processing /home/nikita/airflow-setup/ENV/lib/python3.12/site-packages/airflow/example_dags/example_time_delta_sensor_async.py took 0.086 seconds
[2026-05-04T01:11:17.713+0300] {processor.py:186} INFO - Started process (PID=12489) to work on /home/nikita/airflow-setup/ENV/lib/python3.12/site-packages/airflow/example_dags/example_time_delta_sensor_async.py
[2026-05-04T01:11:17.722+0300] {processor.py:914} INFO - Processing file /home/nikita/airflow-setup/ENV/lib/python3.12/site-packages/airflow/example_dags/example_time_delta_sensor_async.py for tasks to queue
[2026-05-04T01:11:17.723+0300] {logging_mixin.py:190} INFO - [2026-05-04T01:11:17.722+0300] {dagbag.py:588} INFO - Filling up the DagBag from /home/nikita/airflow-setup/ENV/lib/python3.12/site-packages/airflow/example_dags/example_time_delta_sensor_async.py
[2026-05-04T01:11:17.729+0300] {processor.py:925} INFO - DAG(s) 'example_time_delta_sensor_async' retrieved from /home/nikita/airflow-setup/ENV/lib/python3.12/site-packages/airflow/example_dags/example_time_delta_sensor_async.py
[2026-05-04T01:11:17.742+0300] {logging_mixin.py:190} INFO - [2026-05-04T01:11:17.742+0300] {dag.py:3239} INFO - Sync 1 DAGs
[2026-05-04T01:11:17.754+0300] {logging_mixin.py:190} INFO - [2026-05-04T01:11:17.754+0300] {dag.py:4180} INFO - Setting next_dagrun for example_time_delta_sensor_async to None, run_after=None
[2026-05-04T01:11:17.770+0300] {processor.py:208} INFO - Processing /home/nikita/airflow-setup/ENV/lib/python3.12/site-packages/airflow/example_dags/example_time_delta_sensor_async.py took 0.062 seconds
[2026-05-04T01:12:18.061+0300] {processor.py:186} INFO - Started process (PID=12723) to work on /home/nikita/airflow-setup/ENV/lib/python3.12/site-packages/airflow/example_dags/example_time_delta_sensor_async.py
[2026-05-04T01:12:18.069+0300] {processor.py:914} INFO - Processing file /home/nikita/airflow-setup/ENV/lib/python3.12/site-packages/airflow/example_dags/example_time_delta_sensor_async.py for tasks to queue
[2026-05-04T01:12:18.071+0300] {logging_mixin.py:190} INFO - [2026-05-04T01:12:18.070+0300] {dagbag.py:588} INFO - Filling up the DagBag from /home/nikita/airflow-setup/ENV/lib/python3.12/site-packages/airflow/example_dags/example_time_delta_sensor_async.py
[2026-05-04T01:12:18.076+0300] {processor.py:925} INFO - DAG(s) 'example_time_delta_sensor_async' retrieved from /home/nikita/airflow-setup/ENV/lib/python3.12/site-packages/airflow/example_dags/example_time_delta_sensor_async.py
[2026-05-04T01:12:18.088+0300] {logging_mixin.py:190} INFO - [2026-05-04T01:12:18.088+0300] {dag.py:3239} INFO - Sync 1 DAGs
[2026-05-04T01:12:18.097+0300] {logging_mixin.py:190} INFO - [2026-05-04T01:12:18.097+0300] {dag.py:4180} INFO - Setting next_dagrun for example_time_delta_sensor_async to None, run_after=None
[2026-05-04T01:12:18.114+0300] {processor.py:208} INFO - Processing /home/nikita/airflow-setup/ENV/lib/python3.12/site-packages/airflow/example_dags/example_time_delta_sensor_async.py took 0.057 seconds
[2026-05-04T01:13:19.403+0300] {processor.py:186} INFO - Started process (PID=13051) to work on /home/nikita/airflow-setup/ENV/lib/python3.12/site-packages/airflow/example_dags/example_time_delta_sensor_async.py
[2026-05-04T01:13:19.413+0300] {processor.py:914} INFO - Processing file /home/nikita/airflow-setup/ENV/lib/python3.12/site-packages/airflow/example_dags/example_time_delta_sensor_async.py for tasks to queue
[2026-05-04T01:13:19.414+0300] {logging_mixin.py:190} INFO - [2026-05-04T01:13:19.413+0300] {dagbag.py:588} INFO - Filling up the DagBag from /home/nikita/airflow-setup/ENV/lib/python3.12/site-packages/airflow/example_dags/example_time_delta_sensor_async.py
[2026-05-04T01:13:19.420+0300] {processor.py:925} INFO - DAG(s) 'example_time_delta_sensor_async' retrieved from /home/nikita/airflow-setup/ENV/lib/python3.12/site-packages/airflow/example_dags/example_time_delta_sensor_async.py
[2026-05-04T01:13:19.432+0300] {logging_mixin.py:190} INFO - [2026-05-04T01:13:19.432+0300] {dag.py:3239} INFO - Sync 1 DAGs
[2026-05-04T01:13:19.442+0300] {logging_mixin.py:190} INFO - [2026-05-04T01:13:19.441+0300] {dag.py:4180} INFO - Setting next_dagrun for example_time_delta_sensor_async to None, run_after=None
[2026-05-04T01:13:19.458+0300] {processor.py:208} INFO - Processing /home/nikita/airflow-setup/ENV/lib/python3.12/site-packages/airflow/example_dags/example_time_delta_sensor_async.py took 0.059 seconds
[2026-05-04T01:14:23.679+0300] {processor.py:186} INFO - Started process (PID=14264) to work on /home/nikita/airflow-setup/ENV/lib/python3.12/site-packages/airflow/example_dags/example_time_delta_sensor_async.py
[2026-05-04T01:14:23.681+0300] {processor.py:914} INFO - Processing file /home/nikita/airflow-setup/ENV/lib/python3.12/site-packages/airflow/example_dags/example_time_delta_sensor_async.py for tasks to queue
[2026-05-04T01:14:23.682+0300] {logging_mixin.py:190} INFO - [2026-05-04T01:14:23.681+0300] {dagbag.py:588} INFO - Filling up the DagBag from /home/nikita/airflow-setup/ENV/lib/python3.12/site-packages/airflow/example_dags/example_time_delta_sensor_async.py
[2026-05-04T01:14:23.688+0300] {processor.py:925} INFO - DAG(s) 'example_time_delta_sensor_async' retrieved from /home/nikita/airflow-setup/ENV/lib/python3.12/site-packages/airflow/example_dags/example_time_delta_sensor_async.py
[2026-05-04T01:14:23.700+0300] {logging_mixin.py:190} INFO - [2026-05-04T01:14:23.700+0300] {dag.py:3239} INFO - Sync 1 DAGs
[2026-05-04T01:14:23.711+0300] {logging_mixin.py:190} INFO - [2026-05-04T01:14:23.710+0300] {dag.py:4180} INFO - Setting next_dagrun for example_time_delta_sensor_async to None, run_after=None
[2026-05-04T01:14:23.726+0300] {processor.py:208} INFO - Processing /home/nikita/airflow-setup/ENV/lib/python3.12/site-packages/airflow/example_dags/example_time_delta_sensor_async.py took 0.052 seconds
[2026-05-04T01:15:32.888+0300] {processor.py:186} INFO - Started process (PID=14529) to work on /home/nikita/airflow-setup/ENV/lib/python3.12/site-packages/airflow/example_dags/example_time_delta_sensor_async.py
[2026-05-04T01:15:32.896+0300] {processor.py:914} INFO - Processing file /home/nikita/airflow-setup/ENV/lib/python3.12/site-packages/airflow/example_dags/example_time_delta_sensor_async.py for tasks to queue
[2026-05-04T01:15:32.897+0300] {logging_mixin.py:190} INFO - [2026-05-04T01:15:32.897+0300] {dagbag.py:588} INFO - Filling up the DagBag from /home/nikita/airflow-setup/ENV/lib/python3.12/site-packages/airflow/example_dags/example_time_delta_sensor_async.py
[2026-05-04T01:15:32.903+0300] {processor.py:925} INFO - DAG(s) 'example_time_delta_sensor_async' retrieved from /home/nikita/airflow-setup/ENV/lib/python3.12/site-packages/airflow/example_dags/example_time_delta_sensor_async.py
[2026-05-04T01:15:32.915+0300] {logging_mixin.py:190} INFO - [2026-05-04T01:15:32.915+0300] {dag.py:3239} INFO - Sync 1 DAGs
[2026-05-04T01:15:32.925+0300] {logging_mixin.py:190} INFO - [2026-05-04T01:15:32.925+0300] {dag.py:4180} INFO - Setting next_dagrun for example_time_delta_sensor_async to None, run_after=None
[2026-05-04T01:15:32.942+0300] {processor.py:208} INFO - Processing /home/nikita/airflow-setup/ENV/lib/python3.12/site-packages/airflow/example_dags/example_time_delta_sensor_async.py took 0.059 seconds
[2026-05-04T01:16:42.592+0300] {processor.py:186} INFO - Started process (PID=15751) to work on /home/nikita/airflow-setup/ENV/lib/python3.12/site-packages/airflow/example_dags/example_time_delta_sensor_async.py
[2026-05-04T01:16:42.594+0300] {processor.py:914} INFO - Processing file /home/nikita/airflow-setup/ENV/lib/python3.12/site-packages/airflow/example_dags/example_time_delta_sensor_async.py for tasks to queue
[2026-05-04T01:16:42.596+0300] {logging_mixin.py:190} INFO - [2026-05-04T01:16:42.595+0300] {dagbag.py:588} INFO - Filling up the DagBag from /home/nikita/airflow-setup/ENV/lib/python3.12/site-packages/airflow/example_dags/example_time_delta_sensor_async.py
[2026-05-04T01:16:42.603+0300] {processor.py:925} INFO - DAG(s) 'example_time_delta_sensor_async' retrieved from /home/nikita/airflow-setup/ENV/lib/python3.12/site-packages/airflow/example_dags/example_time_delta_sensor_async.py
[2026-05-04T01:16:42.616+0300] {logging_mixin.py:190} INFO - [2026-05-04T01:16:42.616+0300] {dag.py:3239} INFO - Sync 1 DAGs
[2026-05-04T01:16:42.627+0300] {logging_mixin.py:190} INFO - [2026-05-04T01:16:42.627+0300] {dag.py:4180} INFO - Setting next_dagrun for example_time_delta_sensor_async to None, run_after=None
[2026-05-04T01:16:42.644+0300] {processor.py:208} INFO - Processing /home/nikita/airflow-setup/ENV/lib/python3.12/site-packages/airflow/example_dags/example_time_delta_sensor_async.py took 0.058 seconds
[2026-05-04T01:17:49.788+0300] {processor.py:186} INFO - Started process (PID=16005) to work on /home/nikita/airflow-setup/ENV/lib/python3.12/site-packages/airflow/example_dags/example_time_delta_sensor_async.py
[2026-05-04T01:17:49.790+0300] {processor.py:914} INFO - Processing file /home/nikita/airflow-setup/ENV/lib/python3.12/site-packages/airflow/example_dags/example_time_delta_sensor_async.py for tasks to queue
[2026-05-04T01:17:49.791+0300] {logging_mixin.py:190} INFO - [2026-05-04T01:17:49.790+0300] {dagbag.py:588} INFO - Filling up the DagBag from /home/nikita/airflow-setup/ENV/lib/python3.12/site-packages/airflow/example_dags/example_time_delta_sensor_async.py
[2026-05-04T01:17:49.796+0300] {processor.py:925} INFO - DAG(s) 'example_time_delta_sensor_async' retrieved from /home/nikita/airflow-setup/ENV/lib/python3.12/site-packages/airflow/example_dags/example_time_delta_sensor_async.py
[2026-05-04T01:17:49.809+0300] {logging_mixin.py:190} INFO - [2026-05-04T01:17:49.808+0300] {dag.py:3239} INFO - Sync 1 DAGs
[2026-05-04T01:17:49.819+0300] {logging_mixin.py:190} INFO - [2026-05-04T01:17:49.819+0300] {dag.py:4180} INFO - Setting next_dagrun for example_time_delta_sensor_async to None, run_after=None
[2026-05-04T01:17:49.837+0300] {processor.py:208} INFO - Processing /home/nikita/airflow-setup/ENV/lib/python3.12/site-packages/airflow/example_dags/example_time_delta_sensor_async.py took 0.053 seconds
[2026-05-04T01:18:58.482+0300] {processor.py:186} INFO - Started process (PID=16263) to work on /home/nikita/airflow-setup/ENV/lib/python3.12/site-packages/airflow/example_dags/example_time_delta_sensor_async.py
[2026-05-04T01:18:58.492+0300] {processor.py:914} INFO - Processing file /home/nikita/airflow-setup/ENV/lib/python3.12/site-packages/airflow/example_dags/example_time_delta_sensor_async.py for tasks to queue
[2026-05-04T01:18:58.493+0300] {logging_mixin.py:190} INFO - [2026-05-04T01:18:58.493+0300] {dagbag.py:588} INFO - Filling up the DagBag from /home/nikita/airflow-setup/ENV/lib/python3.12/site-packages/airflow/example_dags/example_time_delta_sensor_async.py
[2026-05-04T01:18:58.498+0300] {processor.py:925} INFO - DAG(s) 'example_time_delta_sensor_async' retrieved from /home/nikita/airflow-setup/ENV/lib/python3.12/site-packages/airflow/example_dags/example_time_delta_sensor_async.py
[2026-05-04T01:18:58.509+0300] {logging_mixin.py:190} INFO - [2026-05-04T01:18:58.509+0300] {dag.py:3239} INFO - Sync 1 DAGs
[2026-05-04T01:18:58.518+0300] {logging_mixin.py:190} INFO - [2026-05-04T01:18:58.518+0300] {dag.py:4180} INFO - Setting next_dagrun for example_time_delta_sensor_async to None, run_after=None
[2026-05-04T01:18:58.534+0300] {processor.py:208} INFO - Processing /home/nikita/airflow-setup/ENV/lib/python3.12/site-packages/airflow/example_dags/example_time_delta_sensor_async.py took 0.056 seconds
[2026-05-04T01:20:01.369+0300] {processor.py:186} INFO - Started process (PID=16518) to work on /home/nikita/airflow-setup/ENV/lib/python3.12/site-packages/airflow/example_dags/example_time_delta_sensor_async.py
[2026-05-04T01:20:01.371+0300] {processor.py:914} INFO - Processing file /home/nikita/airflow-setup/ENV/lib/python3.12/site-packages/airflow/example_dags/example_time_delta_sensor_async.py for tasks to queue
[2026-05-04T01:20:01.372+0300] {logging_mixin.py:190} INFO - [2026-05-04T01:20:01.372+0300] {dagbag.py:588} INFO - Filling up the DagBag from /home/nikita/airflow-setup/ENV/lib/python3.12/site-packages/airflow/example_dags/example_time_delta_sensor_async.py
[2026-05-04T01:20:01.379+0300] {processor.py:925} INFO - DAG(s) 'example_time_delta_sensor_async' retrieved from /home/nikita/airflow-setup/ENV/lib/python3.12/site-packages/airflow/example_dags/example_time_delta_sensor_async.py
[2026-05-04T01:20:01.394+0300] {logging_mixin.py:190} INFO - [2026-05-04T01:20:01.393+0300] {dag.py:3239} INFO - Sync 1 DAGs
[2026-05-04T01:20:01.404+0300] {logging_mixin.py:190} INFO - [2026-05-04T01:20:01.404+0300] {dag.py:4180} INFO - Setting next_dagrun for example_time_delta_sensor_async to None, run_after=None
[2026-05-04T01:20:01.424+0300] {processor.py:208} INFO - Processing /home/nikita/airflow-setup/ENV/lib/python3.12/site-packages/airflow/example_dags/example_time_delta_sensor_async.py took 0.060 seconds
[2026-05-04T01:21:09.139+0300] {processor.py:186} INFO - Started process (PID=16779) to work on /home/nikita/airflow-setup/ENV/lib/python3.12/site-packages/airflow/example_dags/example_time_delta_sensor_async.py
[2026-05-04T01:21:09.148+0300] {processor.py:914} INFO - Processing file /home/nikita/airflow-setup/ENV/lib/python3.12/site-packages/airflow/example_dags/example_time_delta_sensor_async.py for tasks to queue
[2026-05-04T01:21:09.149+0300] {logging_mixin.py:190} INFO - [2026-05-04T01:21:09.149+0300] {dagbag.py:588} INFO - Filling up the DagBag from /home/nikita/airflow-setup/ENV/lib/python3.12/site-packages/airflow/example_dags/example_time_delta_sensor_async.py
[2026-05-04T01:21:09.154+0300] {processor.py:925} INFO - DAG(s) 'example_time_delta_sensor_async' retrieved from /home/nikita/airflow-setup/ENV/lib/python3.12/site-packages/airflow/example_dags/example_time_delta_sensor_async.py
[2026-05-04T01:21:09.165+0300] {logging_mixin.py:190} INFO - [2026-05-04T01:21:09.165+0300] {dag.py:3239} INFO - Sync 1 DAGs
[2026-05-04T01:21:09.175+0300] {logging_mixin.py:190} INFO - [2026-05-04T01:21:09.174+0300] {dag.py:4180} INFO - Setting next_dagrun for example_time_delta_sensor_async to None, run_after=None
[2026-05-04T01:21:09.191+0300] {processor.py:208} INFO - Processing /home/nikita/airflow-setup/ENV/lib/python3.12/site-packages/airflow/example_dags/example_time_delta_sensor_async.py took 0.057 seconds
[2026-05-04T01:22:19.363+0300] {processor.py:186} INFO - Started process (PID=17045) to work on /home/nikita/airflow-setup/ENV/lib/python3.12/site-packages/airflow/example_dags/example_time_delta_sensor_async.py
[2026-05-04T01:22:19.364+0300] {processor.py:914} INFO - Processing file /home/nikita/airflow-setup/ENV/lib/python3.12/site-packages/airflow/example_dags/example_time_delta_sensor_async.py for tasks to queue
[2026-05-04T01:22:19.365+0300] {logging_mixin.py:190} INFO - [2026-05-04T01:22:19.364+0300] {dagbag.py:588} INFO - Filling up the DagBag from /home/nikita/airflow-setup/ENV/lib/python3.12/site-packages/airflow/example_dags/example_time_delta_sensor_async.py
[2026-05-04T01:22:19.370+0300] {processor.py:925} INFO - DAG(s) 'example_time_delta_sensor_async' retrieved from /home/nikita/airflow-setup/ENV/lib/python3.12/site-packages/airflow/example_dags/example_time_delta_sensor_async.py
[2026-05-04T01:22:19.380+0300] {logging_mixin.py:190} INFO - [2026-05-04T01:22:19.380+0300] {dag.py:3239} INFO - Sync 1 DAGs
[2026-05-04T01:22:19.390+0300] {logging_mixin.py:190} INFO - [2026-05-04T01:22:19.390+0300] {dag.py:4180} INFO - Setting next_dagrun for example_time_delta_sensor_async to None, run_after=None
[2026-05-04T01:22:19.407+0300] {processor.py:208} INFO - Processing /home/nikita/airflow-setup/ENV/lib/python3.12/site-packages/airflow/example_dags/example_time_delta_sensor_async.py took 0.049 seconds
[2026-05-04T01:23:29.246+0300] {processor.py:186} INFO - Started process (PID=17303) to work on /home/nikita/airflow-setup/ENV/lib/python3.12/site-packages/airflow/example_dags/example_time_delta_sensor_async.py
[2026-05-04T01:23:29.254+0300] {processor.py:914} INFO - Processing file /home/nikita/airflow-setup/ENV/lib/python3.12/site-packages/airflow/example_dags/example_time_delta_sensor_async.py for tasks to queue
[2026-05-04T01:23:29.256+0300] {logging_mixin.py:190} INFO - [2026-05-04T01:23:29.255+0300] {dagbag.py:588} INFO - Filling up the DagBag from /home/nikita/airflow-setup/ENV/lib/python3.12/site-packages/airflow/example_dags/example_time_delta_sensor_async.py
[2026-05-04T01:23:29.262+0300] {processor.py:925} INFO - DAG(s) 'example_time_delta_sensor_async' retrieved from /home/nikita/airflow-setup/ENV/lib/python3.12/site-packages/airflow/example_dags/example_time_delta_sensor_async.py
[2026-05-04T01:23:29.274+0300] {logging_mixin.py:190} INFO - [2026-05-04T01:23:29.273+0300] {dag.py:3239} INFO - Sync 1 DAGs
[2026-05-04T01:23:29.283+0300] {logging_mixin.py:190} INFO - [2026-05-04T01:23:29.283+0300] {dag.py:4180} INFO - Setting next_dagrun for example_time_delta_sensor_async to None, run_after=None
[2026-05-04T01:23:29.299+0300] {processor.py:208} INFO - Processing /home/nikita/airflow-setup/ENV/lib/python3.12/site-packages/airflow/example_dags/example_time_delta_sensor_async.py took 0.057 seconds
[2026-05-04T01:24:35.431+0300] {processor.py:186} INFO - Started process (PID=17868) to work on /home/nikita/airflow-setup/ENV/lib/python3.12/site-packages/airflow/example_dags/example_time_delta_sensor_async.py
[2026-05-04T01:24:35.439+0300] {processor.py:914} INFO - Processing file /home/nikita/airflow-setup/ENV/lib/python3.12/site-packages/airflow/example_dags/example_time_delta_sensor_async.py for tasks to queue
[2026-05-04T01:24:35.440+0300] {logging_mixin.py:190} INFO - [2026-05-04T01:24:35.440+0300] {dagbag.py:588} INFO - Filling up the DagBag from /home/nikita/airflow-setup/ENV/lib/python3.12/site-packages/airflow/example_dags/example_time_delta_sensor_async.py
[2026-05-04T01:24:35.446+0300] {processor.py:925} INFO - DAG(s) 'example_time_delta_sensor_async' retrieved from /home/nikita/airflow-setup/ENV/lib/python3.12/site-packages/airflow/example_dags/example_time_delta_sensor_async.py
[2026-05-04T01:24:35.456+0300] {logging_mixin.py:190} INFO - [2026-05-04T01:24:35.456+0300] {dag.py:3239} INFO - Sync 1 DAGs
[2026-05-04T01:24:35.465+0300] {logging_mixin.py:190} INFO - [2026-05-04T01:24:35.465+0300] {dag.py:4180} INFO - Setting next_dagrun for example_time_delta_sensor_async to None, run_after=None
[2026-05-04T01:24:35.481+0300] {processor.py:208} INFO - Processing /home/nikita/airflow-setup/ENV/lib/python3.12/site-packages/airflow/example_dags/example_time_delta_sensor_async.py took 0.054 seconds
[2026-05-04T01:25:45.386+0300] {processor.py:186} INFO - Started process (PID=18484) to work on /home/nikita/airflow-setup/ENV/lib/python3.12/site-packages/airflow/example_dags/example_time_delta_sensor_async.py
[2026-05-04T01:25:45.395+0300] {processor.py:914} INFO - Processing file /home/nikita/airflow-setup/ENV/lib/python3.12/site-packages/airflow/example_dags/example_time_delta_sensor_async.py for tasks to queue
[2026-05-04T01:25:45.397+0300] {logging_mixin.py:190} INFO - [2026-05-04T01:25:45.396+0300] {dagbag.py:588} INFO - Filling up the DagBag from /home/nikita/airflow-setup/ENV/lib/python3.12/site-packages/airflow/example_dags/example_time_delta_sensor_async.py
[2026-05-04T01:25:45.402+0300] {processor.py:925} INFO - DAG(s) 'example_time_delta_sensor_async' retrieved from /home/nikita/airflow-setup/ENV/lib/python3.12/site-packages/airflow/example_dags/example_time_delta_sensor_async.py
[2026-05-04T01:25:45.413+0300] {logging_mixin.py:190} INFO - [2026-05-04T01:25:45.413+0300] {dag.py:3239} INFO - Sync 1 DAGs
[2026-05-04T01:25:45.422+0300] {logging_mixin.py:190} INFO - [2026-05-04T01:25:45.422+0300] {dag.py:4180} INFO - Setting next_dagrun for example_time_delta_sensor_async to None, run_after=None
[2026-05-04T01:25:45.438+0300] {processor.py:208} INFO - Processing /home/nikita/airflow-setup/ENV/lib/python3.12/site-packages/airflow/example_dags/example_time_delta_sensor_async.py took 0.056 seconds
[2026-05-04T01:26:57.708+0300] {processor.py:186} INFO - Started process (PID=19432) to work on /home/nikita/airflow-setup/ENV/lib/python3.12/site-packages/airflow/example_dags/example_time_delta_sensor_async.py
[2026-05-04T01:26:57.718+0300] {processor.py:914} INFO - Processing file /home/nikita/airflow-setup/ENV/lib/python3.12/site-packages/airflow/example_dags/example_time_delta_sensor_async.py for tasks to queue
[2026-05-04T01:26:57.719+0300] {logging_mixin.py:190} INFO - [2026-05-04T01:26:57.719+0300] {dagbag.py:588} INFO - Filling up the DagBag from /home/nikita/airflow-setup/ENV/lib/python3.12/site-packages/airflow/example_dags/example_time_delta_sensor_async.py
[2026-05-04T01:26:57.725+0300] {processor.py:925} INFO - DAG(s) 'example_time_delta_sensor_async' retrieved from /home/nikita/airflow-setup/ENV/lib/python3.12/site-packages/airflow/example_dags/example_time_delta_sensor_async.py
[2026-05-04T01:26:57.736+0300] {logging_mixin.py:190} INFO - [2026-05-04T01:26:57.736+0300] {dag.py:3239} INFO - Sync 1 DAGs
[2026-05-04T01:26:57.746+0300] {logging_mixin.py:190} INFO - [2026-05-04T01:26:57.745+0300] {dag.py:4180} INFO - Setting next_dagrun for example_time_delta_sensor_async to None, run_after=None
[2026-05-04T01:26:57.763+0300] {processor.py:208} INFO - Processing /home/nikita/airflow-setup/ENV/lib/python3.12/site-packages/airflow/example_dags/example_time_delta_sensor_async.py took 0.059 seconds
[2026-05-04T01:28:10.365+0300] {processor.py:186} INFO - Started process (PID=19704) to work on /home/nikita/airflow-setup/ENV/lib/python3.12/site-packages/airflow/example_dags/example_time_delta_sensor_async.py
[2026-05-04T01:28:10.374+0300] {processor.py:914} INFO - Processing file /home/nikita/airflow-setup/ENV/lib/python3.12/site-packages/airflow/example_dags/example_time_delta_sensor_async.py for tasks to queue
[2026-05-04T01:28:10.375+0300] {logging_mixin.py:190} INFO - [2026-05-04T01:28:10.375+0300] {dagbag.py:588} INFO - Filling up the DagBag from /home/nikita/airflow-setup/ENV/lib/python3.12/site-packages/airflow/example_dags/example_time_delta_sensor_async.py
[2026-05-04T01:28:10.380+0300] {processor.py:925} INFO - DAG(s) 'example_time_delta_sensor_async' retrieved from /home/nikita/airflow-setup/ENV/lib/python3.12/site-packages/airflow/example_dags/example_time_delta_sensor_async.py
[2026-05-04T01:28:10.392+0300] {logging_mixin.py:190} INFO - [2026-05-04T01:28:10.392+0300] {dag.py:3239} INFO - Sync 1 DAGs
[2026-05-04T01:28:10.524+0300] {logging_mixin.py:190} INFO - [2026-05-04T01:28:10.524+0300] {dag.py:4180} INFO - Setting next_dagrun for example_time_delta_sensor_async to None, run_after=None
[2026-05-04T01:28:10.540+0300] {processor.py:208} INFO - Processing /home/nikita/airflow-setup/ENV/lib/python3.12/site-packages/airflow/example_dags/example_time_delta_sensor_async.py took 0.180 seconds
[2026-05-04T01:29:17.976+0300] {processor.py:186} INFO - Started process (PID=19966) to work on /home/nikita/airflow-setup/ENV/lib/python3.12/site-packages/airflow/example_dags/example_time_delta_sensor_async.py
[2026-05-04T01:29:17.986+0300] {processor.py:914} INFO - Processing file /home/nikita/airflow-setup/ENV/lib/python3.12/site-packages/airflow/example_dags/example_time_delta_sensor_async.py for tasks to queue
[2026-05-04T01:29:17.988+0300] {logging_mixin.py:190} INFO - [2026-05-04T01:29:17.987+0300] {dagbag.py:588} INFO - Filling up the DagBag from /home/nikita/airflow-setup/ENV/lib/python3.12/site-packages/airflow/example_dags/example_time_delta_sensor_async.py
[2026-05-04T01:29:17.993+0300] {processor.py:925} INFO - DAG(s) 'example_time_delta_sensor_async' retrieved from /home/nikita/airflow-setup/ENV/lib/python3.12/site-packages/airflow/example_dags/example_time_delta_sensor_async.py
[2026-05-04T01:29:18.005+0300] {logging_mixin.py:190} INFO - [2026-05-04T01:29:18.004+0300] {dag.py:3239} INFO - Sync 1 DAGs
[2026-05-04T01:29:18.016+0300] {logging_mixin.py:190} INFO - [2026-05-04T01:29:18.016+0300] {dag.py:4180} INFO - Setting next_dagrun for example_time_delta_sensor_async to None, run_after=None
[2026-05-04T01:29:18.033+0300] {processor.py:208} INFO - Processing /home/nikita/airflow-setup/ENV/lib/python3.12/site-packages/airflow/example_dags/example_time_delta_sensor_async.py took 0.061 seconds
[2026-05-04T01:30:29.841+0300] {processor.py:186} INFO - Started process (PID=20237) to work on /home/nikita/airflow-setup/ENV/lib/python3.12/site-packages/airflow/example_dags/example_time_delta_sensor_async.py
[2026-05-04T01:30:29.850+0300] {processor.py:914} INFO - Processing file /home/nikita/airflow-setup/ENV/lib/python3.12/site-packages/airflow/example_dags/example_time_delta_sensor_async.py for tasks to queue
[2026-05-04T01:30:29.851+0300] {logging_mixin.py:190} INFO - [2026-05-04T01:30:29.851+0300] {dagbag.py:588} INFO - Filling up the DagBag from /home/nikita/airflow-setup/ENV/lib/python3.12/site-packages/airflow/example_dags/example_time_delta_sensor_async.py
[2026-05-04T01:30:29.857+0300] {processor.py:925} INFO - DAG(s) 'example_time_delta_sensor_async' retrieved from /home/nikita/airflow-setup/ENV/lib/python3.12/site-packages/airflow/example_dags/example_time_delta_sensor_async.py
[2026-05-04T01:30:29.871+0300] {logging_mixin.py:190} INFO - [2026-05-04T01:30:29.871+0300] {dag.py:3239} INFO - Sync 1 DAGs
[2026-05-04T01:30:29.881+0300] {logging_mixin.py:190} INFO - [2026-05-04T01:30:29.881+0300] {dag.py:4180} INFO - Setting next_dagrun for example_time_delta_sensor_async to None, run_after=None
[2026-05-04T01:30:29.902+0300] {processor.py:208} INFO - Processing /home/nikita/airflow-setup/ENV/lib/python3.12/site-packages/airflow/example_dags/example_time_delta_sensor_async.py took 0.065 seconds
[2026-05-04T01:31:50.537+0300] {processor.py:186} INFO - Started process (PID=20529) to work on /home/nikita/airflow-setup/ENV/lib/python3.12/site-packages/airflow/example_dags/example_time_delta_sensor_async.py
[2026-05-04T01:31:50.538+0300] {processor.py:914} INFO - Processing file /home/nikita/airflow-setup/ENV/lib/python3.12/site-packages/airflow/example_dags/example_time_delta_sensor_async.py for tasks to queue
[2026-05-04T01:31:50.539+0300] {logging_mixin.py:190} INFO - [2026-05-04T01:31:50.539+0300] {dagbag.py:588} INFO - Filling up the DagBag from /home/nikita/airflow-setup/ENV/lib/python3.12/site-packages/airflow/example_dags/example_time_delta_sensor_async.py
[2026-05-04T01:31:50.546+0300] {processor.py:925} INFO - DAG(s) 'example_time_delta_sensor_async' retrieved from /home/nikita/airflow-setup/ENV/lib/python3.12/site-packages/airflow/example_dags/example_time_delta_sensor_async.py
[2026-05-04T01:31:50.686+0300] {logging_mixin.py:190} INFO - [2026-05-04T01:31:50.686+0300] {dag.py:3239} INFO - Sync 1 DAGs
[2026-05-04T01:31:50.694+0300] {logging_mixin.py:190} INFO - [2026-05-04T01:31:50.694+0300] {dag.py:4180} INFO - Setting next_dagrun for example_time_delta_sensor_async to None, run_after=None
[2026-05-04T01:31:50.713+0300] {processor.py:208} INFO - Processing /home/nikita/airflow-setup/ENV/lib/python3.12/site-packages/airflow/example_dags/example_time_delta_sensor_async.py took 0.182 seconds
[2026-05-04T01:33:02.517+0300] {processor.py:186} INFO - Started process (PID=20947) to work on /home/nikita/airflow-setup/ENV/lib/python3.12/site-packages/airflow/example_dags/example_time_delta_sensor_async.py
[2026-05-04T01:33:02.518+0300] {processor.py:914} INFO - Processing file /home/nikita/airflow-setup/ENV/lib/python3.12/site-packages/airflow/example_dags/example_time_delta_sensor_async.py for tasks to queue
[2026-05-04T01:33:02.520+0300] {logging_mixin.py:190} INFO - [2026-05-04T01:33:02.519+0300] {dagbag.py:588} INFO - Filling up the DagBag from /home/nikita/airflow-setup/ENV/lib/python3.12/site-packages/airflow/example_dags/example_time_delta_sensor_async.py
[2026-05-04T01:33:02.524+0300] {processor.py:925} INFO - DAG(s) 'example_time_delta_sensor_async' retrieved from /home/nikita/airflow-setup/ENV/lib/python3.12/site-packages/airflow/example_dags/example_time_delta_sensor_async.py
[2026-05-04T01:33:02.537+0300] {logging_mixin.py:190} INFO - [2026-05-04T01:33:02.537+0300] {dag.py:3239} INFO - Sync 1 DAGs
[2026-05-04T01:33:02.548+0300] {logging_mixin.py:190} INFO - [2026-05-04T01:33:02.547+0300] {dag.py:4180} INFO - Setting next_dagrun for example_time_delta_sensor_async to None, run_after=None
[2026-05-04T01:33:02.564+0300] {processor.py:208} INFO - Processing /home/nikita/airflow-setup/ENV/lib/python3.12/site-packages/airflow/example_dags/example_time_delta_sensor_async.py took 0.051 seconds
[2026-05-04T01:34:05.111+0300] {processor.py:186} INFO - Started process (PID=21318) to work on /home/nikita/airflow-setup/ENV/lib/python3.12/site-packages/airflow/example_dags/example_time_delta_sensor_async.py
[2026-05-04T01:34:05.120+0300] {processor.py:914} INFO - Processing file /home/nikita/airflow-setup/ENV/lib/python3.12/site-packages/airflow/example_dags/example_time_delta_sensor_async.py for tasks to queue
[2026-05-04T01:34:05.121+0300] {logging_mixin.py:190} INFO - [2026-05-04T01:34:05.121+0300] {dagbag.py:588} INFO - Filling up the DagBag from /home/nikita/airflow-setup/ENV/lib/python3.12/site-packages/airflow/example_dags/example_time_delta_sensor_async.py
[2026-05-04T01:34:05.126+0300] {processor.py:925} INFO - DAG(s) 'example_time_delta_sensor_async' retrieved from /home/nikita/airflow-setup/ENV/lib/python3.12/site-packages/airflow/example_dags/example_time_delta_sensor_async.py
[2026-05-04T01:34:05.137+0300] {logging_mixin.py:190} INFO - [2026-05-04T01:34:05.137+0300] {dag.py:3239} INFO - Sync 1 DAGs
[2026-05-04T01:34:05.146+0300] {logging_mixin.py:190} INFO - [2026-05-04T01:34:05.146+0300] {dag.py:4180} INFO - Setting next_dagrun for example_time_delta_sensor_async to None, run_after=None
[2026-05-04T01:34:05.162+0300] {processor.py:208} INFO - Processing /home/nikita/airflow-setup/ENV/lib/python3.12/site-packages/airflow/example_dags/example_time_delta_sensor_async.py took 0.055 seconds
[2026-05-04T01:35:10.591+0300] {processor.py:186} INFO - Started process (PID=21565) to work on /home/nikita/airflow-setup/ENV/lib/python3.12/site-packages/airflow/example_dags/example_time_delta_sensor_async.py
[2026-05-04T01:35:10.593+0300] {processor.py:914} INFO - Processing file /home/nikita/airflow-setup/ENV/lib/python3.12/site-packages/airflow/example_dags/example_time_delta_sensor_async.py for tasks to queue
[2026-05-04T01:35:10.594+0300] {logging_mixin.py:190} INFO - [2026-05-04T01:35:10.594+0300] {dagbag.py:588} INFO - Filling up the DagBag from /home/nikita/airflow-setup/ENV/lib/python3.12/site-packages/airflow/example_dags/example_time_delta_sensor_async.py
[2026-05-04T01:35:10.599+0300] {processor.py:925} INFO - DAG(s) 'example_time_delta_sensor_async' retrieved from /home/nikita/airflow-setup/ENV/lib/python3.12/site-packages/airflow/example_dags/example_time_delta_sensor_async.py
[2026-05-04T01:35:10.613+0300] {logging_mixin.py:190} INFO - [2026-05-04T01:35:10.612+0300] {dag.py:3239} INFO - Sync 1 DAGs
[2026-05-04T01:35:10.624+0300] {logging_mixin.py:190} INFO - [2026-05-04T01:35:10.623+0300] {dag.py:4180} INFO - Setting next_dagrun for example_time_delta_sensor_async to None, run_after=None
[2026-05-04T01:35:10.640+0300] {processor.py:208} INFO - Processing /home/nikita/airflow-setup/ENV/lib/python3.12/site-packages/airflow/example_dags/example_time_delta_sensor_async.py took 0.053 seconds
[2026-05-04T01:36:11.378+0300] {processor.py:186} INFO - Started process (PID=21807) to work on /home/nikita/airflow-setup/ENV/lib/python3.12/site-packages/airflow/example_dags/example_time_delta_sensor_async.py
[2026-05-04T01:36:11.380+0300] {processor.py:914} INFO - Processing file /home/nikita/airflow-setup/ENV/lib/python3.12/site-packages/airflow/example_dags/example_time_delta_sensor_async.py for tasks to queue
[2026-05-04T01:36:11.381+0300] {logging_mixin.py:190} INFO - [2026-05-04T01:36:11.381+0300] {dagbag.py:588} INFO - Filling up the DagBag from /home/nikita/airflow-setup/ENV/lib/python3.12/site-packages/airflow/example_dags/example_time_delta_sensor_async.py
[2026-05-04T01:36:11.386+0300] {processor.py:925} INFO - DAG(s) 'example_time_delta_sensor_async' retrieved from /home/nikita/airflow-setup/ENV/lib/python3.12/site-packages/airflow/example_dags/example_time_delta_sensor_async.py
[2026-05-04T01:36:11.397+0300] {logging_mixin.py:190} INFO - [2026-05-04T01:36:11.396+0300] {dag.py:3239} INFO - Sync 1 DAGs
[2026-05-04T01:36:11.405+0300] {logging_mixin.py:190} INFO - [2026-05-04T01:36:11.405+0300] {dag.py:4180} INFO - Setting next_dagrun for example_time_delta_sensor_async to None, run_after=None
[2026-05-04T01:36:11.422+0300] {processor.py:208} INFO - Processing /home/nikita/airflow-setup/ENV/lib/python3.12/site-packages/airflow/example_dags/example_time_delta_sensor_async.py took 0.047 seconds
