[2026-05-04T00:46:26.991+0300] {processor.py:186} INFO - Started process (PID=5984) to work on /home/nikita/airflow-setup/ENV/lib/python3.12/site-packages/airflow/example_dags/example_branch_day_of_week_operator.py
[2026-05-04T00:46:26.991+0300] {processor.py:914} INFO - Processing file /home/nikita/airflow-setup/ENV/lib/python3.12/site-packages/airflow/example_dags/example_branch_day_of_week_operator.py for tasks to queue
[2026-05-04T00:46:26.994+0300] {logging_mixin.py:190} INFO - [2026-05-04T00:46:26.993+0300] {dagbag.py:588} INFO - Filling up the DagBag from /home/nikita/airflow-setup/ENV/lib/python3.12/site-packages/airflow/example_dags/example_branch_day_of_week_operator.py
[2026-05-04T00:46:27.002+0300] {processor.py:925} INFO - DAG(s) 'example_weekday_branch_operator' retrieved from /home/nikita/airflow-setup/ENV/lib/python3.12/site-packages/airflow/example_dags/example_branch_day_of_week_operator.py
[2026-05-04T00:46:27.092+0300] {logging_mixin.py:190} INFO - [2026-05-04T00:46:27.091+0300] {override.py:1930} INFO - Created Permission View: can read on DAG:example_weekday_branch_operator
[2026-05-04T00:46:27.103+0300] {logging_mixin.py:190} INFO - [2026-05-04T00:46:27.102+0300] {override.py:1930} INFO - Created Permission View: can delete on DAG:example_weekday_branch_operator
[2026-05-04T00:46:27.110+0300] {logging_mixin.py:190} INFO - [2026-05-04T00:46:27.109+0300] {override.py:1930} INFO - Created Permission View: can edit on DAG:example_weekday_branch_operator
[2026-05-04T00:46:27.121+0300] {logging_mixin.py:190} INFO - [2026-05-04T00:46:27.120+0300] {override.py:1930} INFO - Created Permission View: can read on DAG Run:example_weekday_branch_operator
[2026-05-04T00:46:27.127+0300] {logging_mixin.py:190} INFO - [2026-05-04T00:46:27.127+0300] {override.py:1930} INFO - Created Permission View: can delete on DAG Run:example_weekday_branch_operator
[2026-05-04T00:46:27.134+0300] {logging_mixin.py:190} INFO - [2026-05-04T00:46:27.134+0300] {override.py:1930} INFO - Created Permission View: menu access on DAG Run:example_weekday_branch_operator
[2026-05-04T00:46:27.142+0300] {logging_mixin.py:190} INFO - [2026-05-04T00:46:27.141+0300] {override.py:1930} INFO - Created Permission View: can create on DAG Run:example_weekday_branch_operator
[2026-05-04T00:46:27.142+0300] {logging_mixin.py:190} INFO - [2026-05-04T00:46:27.142+0300] {dag.py:3239} INFO - Sync 1 DAGs
[2026-05-04T00:46:27.152+0300] {logging_mixin.py:190} INFO - [2026-05-04T00:46:27.152+0300] {dag.py:3262} INFO - Creating ORM DAG for example_weekday_branch_operator
[2026-05-04T00:46:27.160+0300] {logging_mixin.py:190} INFO - [2026-05-04T00:46:27.160+0300] {dag.py:4180} INFO - Setting next_dagrun for example_weekday_branch_operator to 2026-05-02 00:00:00+00:00, run_after=2026-05-03 00:00:00+00:00
[2026-05-04T00:46:27.176+0300] {processor.py:208} INFO - Processing /home/nikita/airflow-setup/ENV/lib/python3.12/site-packages/airflow/example_dags/example_branch_day_of_week_operator.py took 0.190 seconds
[2026-05-04T00:47:34.694+0300] {processor.py:186} INFO - Started process (PID=6062) to work on /home/nikita/airflow-setup/ENV/lib/python3.12/site-packages/airflow/example_dags/example_branch_day_of_week_operator.py
[2026-05-04T00:47:34.697+0300] {processor.py:914} INFO - Processing file /home/nikita/airflow-setup/ENV/lib/python3.12/site-packages/airflow/example_dags/example_branch_day_of_week_operator.py for tasks to queue
[2026-05-04T00:47:34.698+0300] {logging_mixin.py:190} INFO - [2026-05-04T00:47:34.698+0300] {dagbag.py:588} INFO - Filling up the DagBag from /home/nikita/airflow-setup/ENV/lib/python3.12/site-packages/airflow/example_dags/example_branch_day_of_week_operator.py
[2026-05-04T00:47:34.706+0300] {processor.py:925} INFO - DAG(s) 'example_weekday_branch_operator' retrieved from /home/nikita/airflow-setup/ENV/lib/python3.12/site-packages/airflow/example_dags/example_branch_day_of_week_operator.py
[2026-05-04T00:47:34.719+0300] {logging_mixin.py:190} INFO - [2026-05-04T00:47:34.719+0300] {dag.py:3239} INFO - Sync 1 DAGs
[2026-05-04T00:47:34.734+0300] {logging_mixin.py:190} INFO - [2026-05-04T00:47:34.734+0300] {dag.py:4180} INFO - Setting next_dagrun for example_weekday_branch_operator to 2026-05-02 00:00:00+00:00, run_after=2026-05-03 00:00:00+00:00
[2026-05-04T00:47:34.751+0300] {processor.py:208} INFO - Processing /home/nikita/airflow-setup/ENV/lib/python3.12/site-packages/airflow/example_dags/example_branch_day_of_week_operator.py took 0.060 seconds
[2026-05-04T00:48:32.408+0300] {processor.py:186} INFO - Started process (PID=6119) to work on /home/nikita/airflow-setup/ENV/lib/python3.12/site-packages/airflow/example_dags/example_branch_day_of_week_operator.py
[2026-05-04T00:48:32.418+0300] {processor.py:914} INFO - Processing file /home/nikita/airflow-setup/ENV/lib/python3.12/site-packages/airflow/example_dags/example_branch_day_of_week_operator.py for tasks to queue
[2026-05-04T00:48:32.420+0300] {logging_mixin.py:190} INFO - [2026-05-04T00:48:32.420+0300] {dagbag.py:588} INFO - Filling up the DagBag from /home/nikita/airflow-setup/ENV/lib/python3.12/site-packages/airflow/example_dags/example_branch_day_of_week_operator.py
[2026-05-04T00:48:32.429+0300] {processor.py:925} INFO - DAG(s) 'example_weekday_branch_operator' retrieved from /home/nikita/airflow-setup/ENV/lib/python3.12/site-packages/airflow/example_dags/example_branch_day_of_week_operator.py
[2026-05-04T00:48:32.444+0300] {logging_mixin.py:190} INFO - [2026-05-04T00:48:32.444+0300] {dag.py:3239} INFO - Sync 1 DAGs
[2026-05-04T00:48:32.467+0300] {logging_mixin.py:190} INFO - [2026-05-04T00:48:32.467+0300] {dag.py:4180} INFO - Setting next_dagrun for example_weekday_branch_operator to 2026-05-02 00:00:00+00:00, run_after=2026-05-03 00:00:00+00:00
[2026-05-04T00:48:32.486+0300] {processor.py:208} INFO - Processing /home/nikita/airflow-setup/ENV/lib/python3.12/site-packages/airflow/example_dags/example_branch_day_of_week_operator.py took 0.084 seconds
[2026-05-04T00:49:31.660+0300] {processor.py:186} INFO - Started process (PID=6177) to work on /home/nikita/airflow-setup/ENV/lib/python3.12/site-packages/airflow/example_dags/example_branch_day_of_week_operator.py
[2026-05-04T00:49:31.661+0300] {processor.py:914} INFO - Processing file /home/nikita/airflow-setup/ENV/lib/python3.12/site-packages/airflow/example_dags/example_branch_day_of_week_operator.py for tasks to queue
[2026-05-04T00:49:31.663+0300] {logging_mixin.py:190} INFO - [2026-05-04T00:49:31.663+0300] {dagbag.py:588} INFO - Filling up the DagBag from /home/nikita/airflow-setup/ENV/lib/python3.12/site-packages/airflow/example_dags/example_branch_day_of_week_operator.py
[2026-05-04T00:49:31.671+0300] {processor.py:925} INFO - DAG(s) 'example_weekday_branch_operator' retrieved from /home/nikita/airflow-setup/ENV/lib/python3.12/site-packages/airflow/example_dags/example_branch_day_of_week_operator.py
[2026-05-04T00:49:31.681+0300] {logging_mixin.py:190} INFO - [2026-05-04T00:49:31.681+0300] {dag.py:3239} INFO - Sync 1 DAGs
[2026-05-04T00:49:31.694+0300] {logging_mixin.py:190} INFO - [2026-05-04T00:49:31.694+0300] {dag.py:4180} INFO - Setting next_dagrun for example_weekday_branch_operator to 2026-05-02 00:00:00+00:00, run_after=2026-05-03 00:00:00+00:00
[2026-05-04T00:49:31.710+0300] {processor.py:208} INFO - Processing /home/nikita/airflow-setup/ENV/lib/python3.12/site-packages/airflow/example_dags/example_branch_day_of_week_operator.py took 0.054 seconds
[2026-05-04T00:50:29.802+0300] {processor.py:186} INFO - Started process (PID=6253) to work on /home/nikita/airflow-setup/ENV/lib/python3.12/site-packages/airflow/example_dags/example_branch_day_of_week_operator.py
[2026-05-04T00:50:29.804+0300] {processor.py:914} INFO - Processing file /home/nikita/airflow-setup/ENV/lib/python3.12/site-packages/airflow/example_dags/example_branch_day_of_week_operator.py for tasks to queue
[2026-05-04T00:50:29.806+0300] {logging_mixin.py:190} INFO - [2026-05-04T00:50:29.805+0300] {dagbag.py:588} INFO - Filling up the DagBag from /home/nikita/airflow-setup/ENV/lib/python3.12/site-packages/airflow/example_dags/example_branch_day_of_week_operator.py
[2026-05-04T00:50:29.813+0300] {processor.py:925} INFO - DAG(s) 'example_weekday_branch_operator' retrieved from /home/nikita/airflow-setup/ENV/lib/python3.12/site-packages/airflow/example_dags/example_branch_day_of_week_operator.py
[2026-05-04T00:50:29.823+0300] {logging_mixin.py:190} INFO - [2026-05-04T00:50:29.823+0300] {dag.py:3239} INFO - Sync 1 DAGs
[2026-05-04T00:50:29.836+0300] {logging_mixin.py:190} INFO - [2026-05-04T00:50:29.836+0300] {dag.py:4180} INFO - Setting next_dagrun for example_weekday_branch_operator to 2026-05-02 00:00:00+00:00, run_after=2026-05-03 00:00:00+00:00
[2026-05-04T00:50:29.852+0300] {processor.py:208} INFO - Processing /home/nikita/airflow-setup/ENV/lib/python3.12/site-packages/airflow/example_dags/example_branch_day_of_week_operator.py took 0.054 seconds
[2026-05-04T00:51:52.577+0300] {processor.py:186} INFO - Started process (PID=6340) to work on /home/nikita/airflow-setup/ENV/lib/python3.12/site-packages/airflow/example_dags/example_branch_day_of_week_operator.py
[2026-05-04T00:51:52.579+0300] {processor.py:914} INFO - Processing file /home/nikita/airflow-setup/ENV/lib/python3.12/site-packages/airflow/example_dags/example_branch_day_of_week_operator.py for tasks to queue
[2026-05-04T00:51:52.581+0300] {logging_mixin.py:190} INFO - [2026-05-04T00:51:52.580+0300] {dagbag.py:588} INFO - Filling up the DagBag from /home/nikita/airflow-setup/ENV/lib/python3.12/site-packages/airflow/example_dags/example_branch_day_of_week_operator.py
[2026-05-04T00:51:52.588+0300] {processor.py:925} INFO - DAG(s) 'example_weekday_branch_operator' retrieved from /home/nikita/airflow-setup/ENV/lib/python3.12/site-packages/airflow/example_dags/example_branch_day_of_week_operator.py
[2026-05-04T00:51:52.600+0300] {logging_mixin.py:190} INFO - [2026-05-04T00:51:52.600+0300] {dag.py:3239} INFO - Sync 1 DAGs
[2026-05-04T00:51:52.617+0300] {logging_mixin.py:190} INFO - [2026-05-04T00:51:52.617+0300] {dag.py:4180} INFO - Setting next_dagrun for example_weekday_branch_operator to 2026-05-02 00:00:00+00:00, run_after=2026-05-03 00:00:00+00:00
[2026-05-04T00:51:52.638+0300] {processor.py:208} INFO - Processing /home/nikita/airflow-setup/ENV/lib/python3.12/site-packages/airflow/example_dags/example_branch_day_of_week_operator.py took 0.066 seconds
[2026-05-04T00:52:53.612+0300] {processor.py:186} INFO - Started process (PID=6397) to work on /home/nikita/airflow-setup/ENV/lib/python3.12/site-packages/airflow/example_dags/example_branch_day_of_week_operator.py
[2026-05-04T00:52:53.615+0300] {processor.py:914} INFO - Processing file /home/nikita/airflow-setup/ENV/lib/python3.12/site-packages/airflow/example_dags/example_branch_day_of_week_operator.py for tasks to queue
[2026-05-04T00:52:53.617+0300] {logging_mixin.py:190} INFO - [2026-05-04T00:52:53.616+0300] {dagbag.py:588} INFO - Filling up the DagBag from /home/nikita/airflow-setup/ENV/lib/python3.12/site-packages/airflow/example_dags/example_branch_day_of_week_operator.py
[2026-05-04T00:52:53.628+0300] {processor.py:925} INFO - DAG(s) 'example_weekday_branch_operator' retrieved from /home/nikita/airflow-setup/ENV/lib/python3.12/site-packages/airflow/example_dags/example_branch_day_of_week_operator.py
[2026-05-04T00:52:53.642+0300] {logging_mixin.py:190} INFO - [2026-05-04T00:52:53.642+0300] {dag.py:3239} INFO - Sync 1 DAGs
[2026-05-04T00:52:53.664+0300] {logging_mixin.py:190} INFO - [2026-05-04T00:52:53.664+0300] {dag.py:4180} INFO - Setting next_dagrun for example_weekday_branch_operator to 2026-05-02 00:00:00+00:00, run_after=2026-05-03 00:00:00+00:00
[2026-05-04T00:52:53.688+0300] {processor.py:208} INFO - Processing /home/nikita/airflow-setup/ENV/lib/python3.12/site-packages/airflow/example_dags/example_branch_day_of_week_operator.py took 0.082 seconds
[2026-05-04T00:53:55.927+0300] {processor.py:186} INFO - Started process (PID=6477) to work on /home/nikita/airflow-setup/ENV/lib/python3.12/site-packages/airflow/example_dags/example_branch_day_of_week_operator.py
[2026-05-04T00:53:55.939+0300] {processor.py:914} INFO - Processing file /home/nikita/airflow-setup/ENV/lib/python3.12/site-packages/airflow/example_dags/example_branch_day_of_week_operator.py for tasks to queue
[2026-05-04T00:53:55.944+0300] {logging_mixin.py:190} INFO - [2026-05-04T00:53:55.943+0300] {dagbag.py:588} INFO - Filling up the DagBag from /home/nikita/airflow-setup/ENV/lib/python3.12/site-packages/airflow/example_dags/example_branch_day_of_week_operator.py
[2026-05-04T00:53:55.967+0300] {processor.py:925} INFO - DAG(s) 'example_weekday_branch_operator' retrieved from /home/nikita/airflow-setup/ENV/lib/python3.12/site-packages/airflow/example_dags/example_branch_day_of_week_operator.py
[2026-05-04T00:53:55.992+0300] {logging_mixin.py:190} INFO - [2026-05-04T00:53:55.992+0300] {dag.py:3239} INFO - Sync 1 DAGs
[2026-05-04T00:53:56.020+0300] {logging_mixin.py:190} INFO - [2026-05-04T00:53:56.019+0300] {dag.py:4180} INFO - Setting next_dagrun for example_weekday_branch_operator to 2026-05-02 00:00:00+00:00, run_after=2026-05-03 00:00:00+00:00
[2026-05-04T00:53:56.053+0300] {processor.py:208} INFO - Processing /home/nikita/airflow-setup/ENV/lib/python3.12/site-packages/airflow/example_dags/example_branch_day_of_week_operator.py took 0.138 seconds
[2026-05-04T00:54:58.132+0300] {processor.py:186} INFO - Started process (PID=6544) to work on /home/nikita/airflow-setup/ENV/lib/python3.12/site-packages/airflow/example_dags/example_branch_day_of_week_operator.py
[2026-05-04T00:54:58.142+0300] {processor.py:914} INFO - Processing file /home/nikita/airflow-setup/ENV/lib/python3.12/site-packages/airflow/example_dags/example_branch_day_of_week_operator.py for tasks to queue
[2026-05-04T00:54:58.145+0300] {logging_mixin.py:190} INFO - [2026-05-04T00:54:58.145+0300] {dagbag.py:588} INFO - Filling up the DagBag from /home/nikita/airflow-setup/ENV/lib/python3.12/site-packages/airflow/example_dags/example_branch_day_of_week_operator.py
[2026-05-04T00:54:58.157+0300] {processor.py:925} INFO - DAG(s) 'example_weekday_branch_operator' retrieved from /home/nikita/airflow-setup/ENV/lib/python3.12/site-packages/airflow/example_dags/example_branch_day_of_week_operator.py
[2026-05-04T00:54:58.182+0300] {logging_mixin.py:190} INFO - [2026-05-04T00:54:58.182+0300] {dag.py:3239} INFO - Sync 1 DAGs
[2026-05-04T00:54:58.210+0300] {logging_mixin.py:190} INFO - [2026-05-04T00:54:58.210+0300] {dag.py:4180} INFO - Setting next_dagrun for example_weekday_branch_operator to 2026-05-02 00:00:00+00:00, run_after=2026-05-03 00:00:00+00:00
[2026-05-04T00:54:58.240+0300] {processor.py:208} INFO - Processing /home/nikita/airflow-setup/ENV/lib/python3.12/site-packages/airflow/example_dags/example_branch_day_of_week_operator.py took 0.120 seconds
[2026-05-04T00:55:59.986+0300] {processor.py:186} INFO - Started process (PID=6604) to work on /home/nikita/airflow-setup/ENV/lib/python3.12/site-packages/airflow/example_dags/example_branch_day_of_week_operator.py
[2026-05-04T00:55:59.995+0300] {processor.py:914} INFO - Processing file /home/nikita/airflow-setup/ENV/lib/python3.12/site-packages/airflow/example_dags/example_branch_day_of_week_operator.py for tasks to queue
[2026-05-04T00:55:59.997+0300] {logging_mixin.py:190} INFO - [2026-05-04T00:55:59.997+0300] {dagbag.py:588} INFO - Filling up the DagBag from /home/nikita/airflow-setup/ENV/lib/python3.12/site-packages/airflow/example_dags/example_branch_day_of_week_operator.py
[2026-05-04T00:56:00.007+0300] {processor.py:925} INFO - DAG(s) 'example_weekday_branch_operator' retrieved from /home/nikita/airflow-setup/ENV/lib/python3.12/site-packages/airflow/example_dags/example_branch_day_of_week_operator.py
[2026-05-04T00:56:00.025+0300] {logging_mixin.py:190} INFO - [2026-05-04T00:56:00.025+0300] {dag.py:3239} INFO - Sync 1 DAGs
[2026-05-04T00:56:00.052+0300] {logging_mixin.py:190} INFO - [2026-05-04T00:56:00.051+0300] {dag.py:4180} INFO - Setting next_dagrun for example_weekday_branch_operator to 2026-05-02 00:00:00+00:00, run_after=2026-05-03 00:00:00+00:00
[2026-05-04T00:56:00.096+0300] {processor.py:208} INFO - Processing /home/nikita/airflow-setup/ENV/lib/python3.12/site-packages/airflow/example_dags/example_branch_day_of_week_operator.py took 0.115 seconds
[2026-05-04T00:56:59.256+0300] {processor.py:186} INFO - Started process (PID=6885) to work on /home/nikita/airflow-setup/ENV/lib/python3.12/site-packages/airflow/example_dags/example_branch_day_of_week_operator.py
[2026-05-04T00:56:59.266+0300] {processor.py:914} INFO - Processing file /home/nikita/airflow-setup/ENV/lib/python3.12/site-packages/airflow/example_dags/example_branch_day_of_week_operator.py for tasks to queue
[2026-05-04T00:56:59.269+0300] {logging_mixin.py:190} INFO - [2026-05-04T00:56:59.268+0300] {dagbag.py:588} INFO - Filling up the DagBag from /home/nikita/airflow-setup/ENV/lib/python3.12/site-packages/airflow/example_dags/example_branch_day_of_week_operator.py
[2026-05-04T00:56:59.279+0300] {processor.py:925} INFO - DAG(s) 'example_weekday_branch_operator' retrieved from /home/nikita/airflow-setup/ENV/lib/python3.12/site-packages/airflow/example_dags/example_branch_day_of_week_operator.py
[2026-05-04T00:56:59.294+0300] {logging_mixin.py:190} INFO - [2026-05-04T00:56:59.293+0300] {dag.py:3239} INFO - Sync 1 DAGs
[2026-05-04T00:56:59.313+0300] {logging_mixin.py:190} INFO - [2026-05-04T00:56:59.313+0300] {dag.py:4180} INFO - Setting next_dagrun for example_weekday_branch_operator to 2026-05-02 00:00:00+00:00, run_after=2026-05-03 00:00:00+00:00
[2026-05-04T00:56:59.330+0300] {processor.py:208} INFO - Processing /home/nikita/airflow-setup/ENV/lib/python3.12/site-packages/airflow/example_dags/example_branch_day_of_week_operator.py took 0.079 seconds
[2026-05-04T00:58:00.582+0300] {processor.py:186} INFO - Started process (PID=7182) to work on /home/nikita/airflow-setup/ENV/lib/python3.12/site-packages/airflow/example_dags/example_branch_day_of_week_operator.py
[2026-05-04T00:58:00.590+0300] {processor.py:914} INFO - Processing file /home/nikita/airflow-setup/ENV/lib/python3.12/site-packages/airflow/example_dags/example_branch_day_of_week_operator.py for tasks to queue
[2026-05-04T00:58:00.592+0300] {logging_mixin.py:190} INFO - [2026-05-04T00:58:00.592+0300] {dagbag.py:588} INFO - Filling up the DagBag from /home/nikita/airflow-setup/ENV/lib/python3.12/site-packages/airflow/example_dags/example_branch_day_of_week_operator.py
[2026-05-04T00:58:00.600+0300] {processor.py:925} INFO - DAG(s) 'example_weekday_branch_operator' retrieved from /home/nikita/airflow-setup/ENV/lib/python3.12/site-packages/airflow/example_dags/example_branch_day_of_week_operator.py
[2026-05-04T00:58:00.612+0300] {logging_mixin.py:190} INFO - [2026-05-04T00:58:00.612+0300] {dag.py:3239} INFO - Sync 1 DAGs
[2026-05-04T00:58:00.627+0300] {logging_mixin.py:190} INFO - [2026-05-04T00:58:00.627+0300] {dag.py:4180} INFO - Setting next_dagrun for example_weekday_branch_operator to 2026-05-02 00:00:00+00:00, run_after=2026-05-03 00:00:00+00:00
[2026-05-04T00:58:00.645+0300] {processor.py:208} INFO - Processing /home/nikita/airflow-setup/ENV/lib/python3.12/site-packages/airflow/example_dags/example_branch_day_of_week_operator.py took 0.067 seconds
[2026-05-04T00:58:57.428+0300] {processor.py:186} INFO - Started process (PID=7408) to work on /home/nikita/airflow-setup/ENV/lib/python3.12/site-packages/airflow/example_dags/example_branch_day_of_week_operator.py
[2026-05-04T00:58:57.436+0300] {processor.py:914} INFO - Processing file /home/nikita/airflow-setup/ENV/lib/python3.12/site-packages/airflow/example_dags/example_branch_day_of_week_operator.py for tasks to queue
[2026-05-04T00:58:57.438+0300] {logging_mixin.py:190} INFO - [2026-05-04T00:58:57.437+0300] {dagbag.py:588} INFO - Filling up the DagBag from /home/nikita/airflow-setup/ENV/lib/python3.12/site-packages/airflow/example_dags/example_branch_day_of_week_operator.py
[2026-05-04T00:58:57.446+0300] {processor.py:925} INFO - DAG(s) 'example_weekday_branch_operator' retrieved from /home/nikita/airflow-setup/ENV/lib/python3.12/site-packages/airflow/example_dags/example_branch_day_of_week_operator.py
[2026-05-04T00:58:57.460+0300] {logging_mixin.py:190} INFO - [2026-05-04T00:58:57.460+0300] {dag.py:3239} INFO - Sync 1 DAGs
[2026-05-04T00:58:57.478+0300] {logging_mixin.py:190} INFO - [2026-05-04T00:58:57.478+0300] {dag.py:4180} INFO - Setting next_dagrun for example_weekday_branch_operator to 2026-05-02 00:00:00+00:00, run_after=2026-05-03 00:00:00+00:00
[2026-05-04T00:58:57.496+0300] {processor.py:208} INFO - Processing /home/nikita/airflow-setup/ENV/lib/python3.12/site-packages/airflow/example_dags/example_branch_day_of_week_operator.py took 0.073 seconds
[2026-05-04T00:59:57.376+0300] {processor.py:186} INFO - Started process (PID=8240) to work on /home/nikita/airflow-setup/ENV/lib/python3.12/site-packages/airflow/example_dags/example_branch_day_of_week_operator.py
[2026-05-04T00:59:57.386+0300] {processor.py:914} INFO - Processing file /home/nikita/airflow-setup/ENV/lib/python3.12/site-packages/airflow/example_dags/example_branch_day_of_week_operator.py for tasks to queue
[2026-05-04T00:59:57.388+0300] {logging_mixin.py:190} INFO - [2026-05-04T00:59:57.388+0300] {dagbag.py:588} INFO - Filling up the DagBag from /home/nikita/airflow-setup/ENV/lib/python3.12/site-packages/airflow/example_dags/example_branch_day_of_week_operator.py
[2026-05-04T00:59:57.395+0300] {processor.py:925} INFO - DAG(s) 'example_weekday_branch_operator' retrieved from /home/nikita/airflow-setup/ENV/lib/python3.12/site-packages/airflow/example_dags/example_branch_day_of_week_operator.py
[2026-05-04T00:59:57.406+0300] {logging_mixin.py:190} INFO - [2026-05-04T00:59:57.406+0300] {dag.py:3239} INFO - Sync 1 DAGs
[2026-05-04T00:59:57.420+0300] {logging_mixin.py:190} INFO - [2026-05-04T00:59:57.420+0300] {dag.py:4180} INFO - Setting next_dagrun for example_weekday_branch_operator to 2026-05-02 00:00:00+00:00, run_after=2026-05-03 00:00:00+00:00
[2026-05-04T00:59:57.436+0300] {processor.py:208} INFO - Processing /home/nikita/airflow-setup/ENV/lib/python3.12/site-packages/airflow/example_dags/example_branch_day_of_week_operator.py took 0.064 seconds
[2026-05-04T01:01:01.310+0300] {processor.py:186} INFO - Started process (PID=8538) to work on /home/nikita/airflow-setup/ENV/lib/python3.12/site-packages/airflow/example_dags/example_branch_day_of_week_operator.py
[2026-05-04T01:01:01.319+0300] {processor.py:914} INFO - Processing file /home/nikita/airflow-setup/ENV/lib/python3.12/site-packages/airflow/example_dags/example_branch_day_of_week_operator.py for tasks to queue
[2026-05-04T01:01:01.320+0300] {logging_mixin.py:190} INFO - [2026-05-04T01:01:01.319+0300] {dagbag.py:588} INFO - Filling up the DagBag from /home/nikita/airflow-setup/ENV/lib/python3.12/site-packages/airflow/example_dags/example_branch_day_of_week_operator.py
[2026-05-04T01:01:01.327+0300] {processor.py:925} INFO - DAG(s) 'example_weekday_branch_operator' retrieved from /home/nikita/airflow-setup/ENV/lib/python3.12/site-packages/airflow/example_dags/example_branch_day_of_week_operator.py
[2026-05-04T01:01:01.339+0300] {logging_mixin.py:190} INFO - [2026-05-04T01:01:01.338+0300] {dag.py:3239} INFO - Sync 1 DAGs
[2026-05-04T01:01:01.354+0300] {logging_mixin.py:190} INFO - [2026-05-04T01:01:01.354+0300] {dag.py:4180} INFO - Setting next_dagrun for example_weekday_branch_operator to 2026-05-02 00:00:00+00:00, run_after=2026-05-03 00:00:00+00:00
[2026-05-04T01:01:01.375+0300] {processor.py:208} INFO - Processing /home/nikita/airflow-setup/ENV/lib/python3.12/site-packages/airflow/example_dags/example_branch_day_of_week_operator.py took 0.069 seconds
[2026-05-04T01:02:09.397+0300] {processor.py:186} INFO - Started process (PID=9162) to work on /home/nikita/airflow-setup/ENV/lib/python3.12/site-packages/airflow/example_dags/example_branch_day_of_week_operator.py
[2026-05-04T01:02:09.398+0300] {processor.py:914} INFO - Processing file /home/nikita/airflow-setup/ENV/lib/python3.12/site-packages/airflow/example_dags/example_branch_day_of_week_operator.py for tasks to queue
[2026-05-04T01:02:09.399+0300] {logging_mixin.py:190} INFO - [2026-05-04T01:02:09.399+0300] {dagbag.py:588} INFO - Filling up the DagBag from /home/nikita/airflow-setup/ENV/lib/python3.12/site-packages/airflow/example_dags/example_branch_day_of_week_operator.py
[2026-05-04T01:02:09.407+0300] {processor.py:925} INFO - DAG(s) 'example_weekday_branch_operator' retrieved from /home/nikita/airflow-setup/ENV/lib/python3.12/site-packages/airflow/example_dags/example_branch_day_of_week_operator.py
[2026-05-04T01:02:09.424+0300] {logging_mixin.py:190} INFO - [2026-05-04T01:02:09.424+0300] {dag.py:3239} INFO - Sync 1 DAGs
[2026-05-04T01:02:09.442+0300] {logging_mixin.py:190} INFO - [2026-05-04T01:02:09.442+0300] {dag.py:4180} INFO - Setting next_dagrun for example_weekday_branch_operator to 2026-05-02 00:00:00+00:00, run_after=2026-05-03 00:00:00+00:00
[2026-05-04T01:02:09.458+0300] {processor.py:208} INFO - Processing /home/nikita/airflow-setup/ENV/lib/python3.12/site-packages/airflow/example_dags/example_branch_day_of_week_operator.py took 0.066 seconds
[2026-05-04T01:03:17.184+0300] {processor.py:186} INFO - Started process (PID=9658) to work on /home/nikita/airflow-setup/ENV/lib/python3.12/site-packages/airflow/example_dags/example_branch_day_of_week_operator.py
[2026-05-04T01:03:17.194+0300] {processor.py:914} INFO - Processing file /home/nikita/airflow-setup/ENV/lib/python3.12/site-packages/airflow/example_dags/example_branch_day_of_week_operator.py for tasks to queue
[2026-05-04T01:03:17.195+0300] {logging_mixin.py:190} INFO - [2026-05-04T01:03:17.195+0300] {dagbag.py:588} INFO - Filling up the DagBag from /home/nikita/airflow-setup/ENV/lib/python3.12/site-packages/airflow/example_dags/example_branch_day_of_week_operator.py
[2026-05-04T01:03:17.203+0300] {processor.py:925} INFO - DAG(s) 'example_weekday_branch_operator' retrieved from /home/nikita/airflow-setup/ENV/lib/python3.12/site-packages/airflow/example_dags/example_branch_day_of_week_operator.py
[2026-05-04T01:03:17.214+0300] {logging_mixin.py:190} INFO - [2026-05-04T01:03:17.214+0300] {dag.py:3239} INFO - Sync 1 DAGs
[2026-05-04T01:03:17.230+0300] {logging_mixin.py:190} INFO - [2026-05-04T01:03:17.230+0300] {dag.py:4180} INFO - Setting next_dagrun for example_weekday_branch_operator to 2026-05-02 00:00:00+00:00, run_after=2026-05-03 00:00:00+00:00
[2026-05-04T01:03:17.246+0300] {processor.py:208} INFO - Processing /home/nikita/airflow-setup/ENV/lib/python3.12/site-packages/airflow/example_dags/example_branch_day_of_week_operator.py took 0.066 seconds
[2026-05-04T01:04:17.927+0300] {processor.py:186} INFO - Started process (PID=9924) to work on /home/nikita/airflow-setup/ENV/lib/python3.12/site-packages/airflow/example_dags/example_branch_day_of_week_operator.py
[2026-05-04T01:04:17.935+0300] {processor.py:914} INFO - Processing file /home/nikita/airflow-setup/ENV/lib/python3.12/site-packages/airflow/example_dags/example_branch_day_of_week_operator.py for tasks to queue
[2026-05-04T01:04:17.936+0300] {logging_mixin.py:190} INFO - [2026-05-04T01:04:17.936+0300] {dagbag.py:588} INFO - Filling up the DagBag from /home/nikita/airflow-setup/ENV/lib/python3.12/site-packages/airflow/example_dags/example_branch_day_of_week_operator.py
[2026-05-04T01:04:17.944+0300] {processor.py:925} INFO - DAG(s) 'example_weekday_branch_operator' retrieved from /home/nikita/airflow-setup/ENV/lib/python3.12/site-packages/airflow/example_dags/example_branch_day_of_week_operator.py
[2026-05-04T01:04:17.955+0300] {logging_mixin.py:190} INFO - [2026-05-04T01:04:17.955+0300] {dag.py:3239} INFO - Sync 1 DAGs
[2026-05-04T01:04:17.971+0300] {logging_mixin.py:190} INFO - [2026-05-04T01:04:17.970+0300] {dag.py:4180} INFO - Setting next_dagrun for example_weekday_branch_operator to 2026-05-02 00:00:00+00:00, run_after=2026-05-03 00:00:00+00:00
[2026-05-04T01:04:17.988+0300] {processor.py:208} INFO - Processing /home/nikita/airflow-setup/ENV/lib/python3.12/site-packages/airflow/example_dags/example_branch_day_of_week_operator.py took 0.066 seconds
[2026-05-04T01:05:23.063+0300] {processor.py:186} INFO - Started process (PID=10175) to work on /home/nikita/airflow-setup/ENV/lib/python3.12/site-packages/airflow/example_dags/example_branch_day_of_week_operator.py
[2026-05-04T01:05:23.072+0300] {processor.py:914} INFO - Processing file /home/nikita/airflow-setup/ENV/lib/python3.12/site-packages/airflow/example_dags/example_branch_day_of_week_operator.py for tasks to queue
[2026-05-04T01:05:23.074+0300] {logging_mixin.py:190} INFO - [2026-05-04T01:05:23.073+0300] {dagbag.py:588} INFO - Filling up the DagBag from /home/nikita/airflow-setup/ENV/lib/python3.12/site-packages/airflow/example_dags/example_branch_day_of_week_operator.py
[2026-05-04T01:05:23.082+0300] {processor.py:925} INFO - DAG(s) 'example_weekday_branch_operator' retrieved from /home/nikita/airflow-setup/ENV/lib/python3.12/site-packages/airflow/example_dags/example_branch_day_of_week_operator.py
[2026-05-04T01:05:23.095+0300] {logging_mixin.py:190} INFO - [2026-05-04T01:05:23.095+0300] {dag.py:3239} INFO - Sync 1 DAGs
[2026-05-04T01:05:23.113+0300] {logging_mixin.py:190} INFO - [2026-05-04T01:05:23.113+0300] {dag.py:4180} INFO - Setting next_dagrun for example_weekday_branch_operator to 2026-05-02 00:00:00+00:00, run_after=2026-05-03 00:00:00+00:00
[2026-05-04T01:05:23.131+0300] {processor.py:208} INFO - Processing /home/nikita/airflow-setup/ENV/lib/python3.12/site-packages/airflow/example_dags/example_branch_day_of_week_operator.py took 0.072 seconds
[2026-05-04T01:06:29.203+0300] {processor.py:186} INFO - Started process (PID=10458) to work on /home/nikita/airflow-setup/ENV/lib/python3.12/site-packages/airflow/example_dags/example_branch_day_of_week_operator.py
[2026-05-04T01:06:29.212+0300] {processor.py:914} INFO - Processing file /home/nikita/airflow-setup/ENV/lib/python3.12/site-packages/airflow/example_dags/example_branch_day_of_week_operator.py for tasks to queue
[2026-05-04T01:06:29.213+0300] {logging_mixin.py:190} INFO - [2026-05-04T01:06:29.213+0300] {dagbag.py:588} INFO - Filling up the DagBag from /home/nikita/airflow-setup/ENV/lib/python3.12/site-packages/airflow/example_dags/example_branch_day_of_week_operator.py
[2026-05-04T01:06:29.222+0300] {processor.py:925} INFO - DAG(s) 'example_weekday_branch_operator' retrieved from /home/nikita/airflow-setup/ENV/lib/python3.12/site-packages/airflow/example_dags/example_branch_day_of_week_operator.py
[2026-05-04T01:06:29.234+0300] {logging_mixin.py:190} INFO - [2026-05-04T01:06:29.234+0300] {dag.py:3239} INFO - Sync 1 DAGs
[2026-05-04T01:06:29.254+0300] {logging_mixin.py:190} INFO - [2026-05-04T01:06:29.254+0300] {dag.py:4180} INFO - Setting next_dagrun for example_weekday_branch_operator to 2026-05-02 00:00:00+00:00, run_after=2026-05-03 00:00:00+00:00
[2026-05-04T01:06:29.271+0300] {processor.py:208} INFO - Processing /home/nikita/airflow-setup/ENV/lib/python3.12/site-packages/airflow/example_dags/example_branch_day_of_week_operator.py took 0.073 seconds
[2026-05-04T01:07:35.272+0300] {processor.py:186} INFO - Started process (PID=10707) to work on /home/nikita/airflow-setup/ENV/lib/python3.12/site-packages/airflow/example_dags/example_branch_day_of_week_operator.py
[2026-05-04T01:07:35.282+0300] {processor.py:914} INFO - Processing file /home/nikita/airflow-setup/ENV/lib/python3.12/site-packages/airflow/example_dags/example_branch_day_of_week_operator.py for tasks to queue
[2026-05-04T01:07:35.283+0300] {logging_mixin.py:190} INFO - [2026-05-04T01:07:35.282+0300] {dagbag.py:588} INFO - Filling up the DagBag from /home/nikita/airflow-setup/ENV/lib/python3.12/site-packages/airflow/example_dags/example_branch_day_of_week_operator.py
[2026-05-04T01:07:35.290+0300] {processor.py:925} INFO - DAG(s) 'example_weekday_branch_operator' retrieved from /home/nikita/airflow-setup/ENV/lib/python3.12/site-packages/airflow/example_dags/example_branch_day_of_week_operator.py
[2026-05-04T01:07:35.303+0300] {logging_mixin.py:190} INFO - [2026-05-04T01:07:35.302+0300] {dag.py:3239} INFO - Sync 1 DAGs
[2026-05-04T01:07:35.318+0300] {logging_mixin.py:190} INFO - [2026-05-04T01:07:35.317+0300] {dag.py:4180} INFO - Setting next_dagrun for example_weekday_branch_operator to 2026-05-02 00:00:00+00:00, run_after=2026-05-03 00:00:00+00:00
[2026-05-04T01:07:35.337+0300] {processor.py:208} INFO - Processing /home/nikita/airflow-setup/ENV/lib/python3.12/site-packages/airflow/example_dags/example_branch_day_of_week_operator.py took 0.070 seconds
[2026-05-04T01:08:43.187+0300] {processor.py:186} INFO - Started process (PID=11271) to work on /home/nikita/airflow-setup/ENV/lib/python3.12/site-packages/airflow/example_dags/example_branch_day_of_week_operator.py
[2026-05-04T01:08:43.198+0300] {processor.py:914} INFO - Processing file /home/nikita/airflow-setup/ENV/lib/python3.12/site-packages/airflow/example_dags/example_branch_day_of_week_operator.py for tasks to queue
[2026-05-04T01:08:43.200+0300] {logging_mixin.py:190} INFO - [2026-05-04T01:08:43.199+0300] {dagbag.py:588} INFO - Filling up the DagBag from /home/nikita/airflow-setup/ENV/lib/python3.12/site-packages/airflow/example_dags/example_branch_day_of_week_operator.py
[2026-05-04T01:08:43.209+0300] {processor.py:925} INFO - DAG(s) 'example_weekday_branch_operator' retrieved from /home/nikita/airflow-setup/ENV/lib/python3.12/site-packages/airflow/example_dags/example_branch_day_of_week_operator.py
[2026-05-04T01:08:43.222+0300] {logging_mixin.py:190} INFO - [2026-05-04T01:08:43.221+0300] {dag.py:3239} INFO - Sync 1 DAGs
[2026-05-04T01:08:43.239+0300] {logging_mixin.py:190} INFO - [2026-05-04T01:08:43.239+0300] {dag.py:4180} INFO - Setting next_dagrun for example_weekday_branch_operator to 2026-05-02 00:00:00+00:00, run_after=2026-05-03 00:00:00+00:00
[2026-05-04T01:08:43.257+0300] {processor.py:208} INFO - Processing /home/nikita/airflow-setup/ENV/lib/python3.12/site-packages/airflow/example_dags/example_branch_day_of_week_operator.py took 0.074 seconds
[2026-05-04T01:09:51.243+0300] {processor.py:186} INFO - Started process (PID=12163) to work on /home/nikita/airflow-setup/ENV/lib/python3.12/site-packages/airflow/example_dags/example_branch_day_of_week_operator.py
[2026-05-04T01:09:51.253+0300] {processor.py:914} INFO - Processing file /home/nikita/airflow-setup/ENV/lib/python3.12/site-packages/airflow/example_dags/example_branch_day_of_week_operator.py for tasks to queue
[2026-05-04T01:09:51.254+0300] {logging_mixin.py:190} INFO - [2026-05-04T01:09:51.254+0300] {dagbag.py:588} INFO - Filling up the DagBag from /home/nikita/airflow-setup/ENV/lib/python3.12/site-packages/airflow/example_dags/example_branch_day_of_week_operator.py
[2026-05-04T01:09:51.262+0300] {processor.py:925} INFO - DAG(s) 'example_weekday_branch_operator' retrieved from /home/nikita/airflow-setup/ENV/lib/python3.12/site-packages/airflow/example_dags/example_branch_day_of_week_operator.py
[2026-05-04T01:09:51.273+0300] {logging_mixin.py:190} INFO - [2026-05-04T01:09:51.272+0300] {dag.py:3239} INFO - Sync 1 DAGs
[2026-05-04T01:09:51.286+0300] {logging_mixin.py:190} INFO - [2026-05-04T01:09:51.286+0300] {dag.py:4180} INFO - Setting next_dagrun for example_weekday_branch_operator to 2026-05-02 00:00:00+00:00, run_after=2026-05-03 00:00:00+00:00
[2026-05-04T01:09:51.302+0300] {processor.py:208} INFO - Processing /home/nikita/airflow-setup/ENV/lib/python3.12/site-packages/airflow/example_dags/example_branch_day_of_week_operator.py took 0.063 seconds
[2026-05-04T01:11:01.449+0300] {processor.py:186} INFO - Started process (PID=12427) to work on /home/nikita/airflow-setup/ENV/lib/python3.12/site-packages/airflow/example_dags/example_branch_day_of_week_operator.py
[2026-05-04T01:11:01.458+0300] {processor.py:914} INFO - Processing file /home/nikita/airflow-setup/ENV/lib/python3.12/site-packages/airflow/example_dags/example_branch_day_of_week_operator.py for tasks to queue
[2026-05-04T01:11:01.460+0300] {logging_mixin.py:190} INFO - [2026-05-04T01:11:01.459+0300] {dagbag.py:588} INFO - Filling up the DagBag from /home/nikita/airflow-setup/ENV/lib/python3.12/site-packages/airflow/example_dags/example_branch_day_of_week_operator.py
[2026-05-04T01:11:01.468+0300] {processor.py:925} INFO - DAG(s) 'example_weekday_branch_operator' retrieved from /home/nikita/airflow-setup/ENV/lib/python3.12/site-packages/airflow/example_dags/example_branch_day_of_week_operator.py
[2026-05-04T01:11:01.480+0300] {logging_mixin.py:190} INFO - [2026-05-04T01:11:01.479+0300] {dag.py:3239} INFO - Sync 1 DAGs
[2026-05-04T01:11:01.495+0300] {logging_mixin.py:190} INFO - [2026-05-04T01:11:01.494+0300] {dag.py:4180} INFO - Setting next_dagrun for example_weekday_branch_operator to 2026-05-02 00:00:00+00:00, run_after=2026-05-03 00:00:00+00:00
[2026-05-04T01:11:01.512+0300] {processor.py:208} INFO - Processing /home/nikita/airflow-setup/ENV/lib/python3.12/site-packages/airflow/example_dags/example_branch_day_of_week_operator.py took 0.067 seconds
[2026-05-04T01:12:06.051+0300] {processor.py:186} INFO - Started process (PID=12673) to work on /home/nikita/airflow-setup/ENV/lib/python3.12/site-packages/airflow/example_dags/example_branch_day_of_week_operator.py
[2026-05-04T01:12:06.061+0300] {processor.py:914} INFO - Processing file /home/nikita/airflow-setup/ENV/lib/python3.12/site-packages/airflow/example_dags/example_branch_day_of_week_operator.py for tasks to queue
[2026-05-04T01:12:06.062+0300] {logging_mixin.py:190} INFO - [2026-05-04T01:12:06.062+0300] {dagbag.py:588} INFO - Filling up the DagBag from /home/nikita/airflow-setup/ENV/lib/python3.12/site-packages/airflow/example_dags/example_branch_day_of_week_operator.py
[2026-05-04T01:12:06.070+0300] {processor.py:925} INFO - DAG(s) 'example_weekday_branch_operator' retrieved from /home/nikita/airflow-setup/ENV/lib/python3.12/site-packages/airflow/example_dags/example_branch_day_of_week_operator.py
[2026-05-04T01:12:06.082+0300] {logging_mixin.py:190} INFO - [2026-05-04T01:12:06.082+0300] {dag.py:3239} INFO - Sync 1 DAGs
[2026-05-04T01:12:06.099+0300] {logging_mixin.py:190} INFO - [2026-05-04T01:12:06.099+0300] {dag.py:4180} INFO - Setting next_dagrun for example_weekday_branch_operator to 2026-05-02 00:00:00+00:00, run_after=2026-05-03 00:00:00+00:00
[2026-05-04T01:12:06.117+0300] {processor.py:208} INFO - Processing /home/nikita/airflow-setup/ENV/lib/python3.12/site-packages/airflow/example_dags/example_branch_day_of_week_operator.py took 0.071 seconds
[2026-05-04T01:13:06.352+0300] {processor.py:186} INFO - Started process (PID=12970) to work on /home/nikita/airflow-setup/ENV/lib/python3.12/site-packages/airflow/example_dags/example_branch_day_of_week_operator.py
[2026-05-04T01:13:06.355+0300] {processor.py:914} INFO - Processing file /home/nikita/airflow-setup/ENV/lib/python3.12/site-packages/airflow/example_dags/example_branch_day_of_week_operator.py for tasks to queue
[2026-05-04T01:13:06.356+0300] {logging_mixin.py:190} INFO - [2026-05-04T01:13:06.355+0300] {dagbag.py:588} INFO - Filling up the DagBag from /home/nikita/airflow-setup/ENV/lib/python3.12/site-packages/airflow/example_dags/example_branch_day_of_week_operator.py
[2026-05-04T01:13:06.363+0300] {processor.py:925} INFO - DAG(s) 'example_weekday_branch_operator' retrieved from /home/nikita/airflow-setup/ENV/lib/python3.12/site-packages/airflow/example_dags/example_branch_day_of_week_operator.py
[2026-05-04T01:13:06.374+0300] {logging_mixin.py:190} INFO - [2026-05-04T01:13:06.374+0300] {dag.py:3239} INFO - Sync 1 DAGs
[2026-05-04T01:13:06.390+0300] {logging_mixin.py:190} INFO - [2026-05-04T01:13:06.390+0300] {dag.py:4180} INFO - Setting next_dagrun for example_weekday_branch_operator to 2026-05-02 00:00:00+00:00, run_after=2026-05-03 00:00:00+00:00
[2026-05-04T01:13:06.407+0300] {processor.py:208} INFO - Processing /home/nikita/airflow-setup/ENV/lib/python3.12/site-packages/airflow/example_dags/example_branch_day_of_week_operator.py took 0.058 seconds
[2026-05-04T01:14:09.684+0300] {processor.py:186} INFO - Started process (PID=14153) to work on /home/nikita/airflow-setup/ENV/lib/python3.12/site-packages/airflow/example_dags/example_branch_day_of_week_operator.py
[2026-05-04T01:14:09.693+0300] {processor.py:914} INFO - Processing file /home/nikita/airflow-setup/ENV/lib/python3.12/site-packages/airflow/example_dags/example_branch_day_of_week_operator.py for tasks to queue
[2026-05-04T01:14:09.695+0300] {logging_mixin.py:190} INFO - [2026-05-04T01:14:09.694+0300] {dagbag.py:588} INFO - Filling up the DagBag from /home/nikita/airflow-setup/ENV/lib/python3.12/site-packages/airflow/example_dags/example_branch_day_of_week_operator.py
[2026-05-04T01:14:09.707+0300] {processor.py:925} INFO - DAG(s) 'example_weekday_branch_operator' retrieved from /home/nikita/airflow-setup/ENV/lib/python3.12/site-packages/airflow/example_dags/example_branch_day_of_week_operator.py
[2026-05-04T01:14:09.729+0300] {logging_mixin.py:190} INFO - [2026-05-04T01:14:09.729+0300] {dag.py:3239} INFO - Sync 1 DAGs
[2026-05-04T01:14:09.751+0300] {logging_mixin.py:190} INFO - [2026-05-04T01:14:09.751+0300] {dag.py:4180} INFO - Setting next_dagrun for example_weekday_branch_operator to 2026-05-02 00:00:00+00:00, run_after=2026-05-03 00:00:00+00:00
[2026-05-04T01:14:09.773+0300] {processor.py:208} INFO - Processing /home/nikita/airflow-setup/ENV/lib/python3.12/site-packages/airflow/example_dags/example_branch_day_of_week_operator.py took 0.096 seconds
[2026-05-04T01:15:19.357+0300] {processor.py:186} INFO - Started process (PID=14473) to work on /home/nikita/airflow-setup/ENV/lib/python3.12/site-packages/airflow/example_dags/example_branch_day_of_week_operator.py
[2026-05-04T01:15:19.359+0300] {processor.py:914} INFO - Processing file /home/nikita/airflow-setup/ENV/lib/python3.12/site-packages/airflow/example_dags/example_branch_day_of_week_operator.py for tasks to queue
[2026-05-04T01:15:19.360+0300] {logging_mixin.py:190} INFO - [2026-05-04T01:15:19.360+0300] {dagbag.py:588} INFO - Filling up the DagBag from /home/nikita/airflow-setup/ENV/lib/python3.12/site-packages/airflow/example_dags/example_branch_day_of_week_operator.py
[2026-05-04T01:15:19.367+0300] {processor.py:925} INFO - DAG(s) 'example_weekday_branch_operator' retrieved from /home/nikita/airflow-setup/ENV/lib/python3.12/site-packages/airflow/example_dags/example_branch_day_of_week_operator.py
[2026-05-04T01:15:19.379+0300] {logging_mixin.py:190} INFO - [2026-05-04T01:15:19.378+0300] {dag.py:3239} INFO - Sync 1 DAGs
[2026-05-04T01:15:19.392+0300] {logging_mixin.py:190} INFO - [2026-05-04T01:15:19.392+0300] {dag.py:4180} INFO - Setting next_dagrun for example_weekday_branch_operator to 2026-05-02 00:00:00+00:00, run_after=2026-05-03 00:00:00+00:00
[2026-05-04T01:15:19.408+0300] {processor.py:208} INFO - Processing /home/nikita/airflow-setup/ENV/lib/python3.12/site-packages/airflow/example_dags/example_branch_day_of_week_operator.py took 0.055 seconds
[2026-05-04T01:16:26.964+0300] {processor.py:186} INFO - Started process (PID=15692) to work on /home/nikita/airflow-setup/ENV/lib/python3.12/site-packages/airflow/example_dags/example_branch_day_of_week_operator.py
[2026-05-04T01:16:26.972+0300] {processor.py:914} INFO - Processing file /home/nikita/airflow-setup/ENV/lib/python3.12/site-packages/airflow/example_dags/example_branch_day_of_week_operator.py for tasks to queue
[2026-05-04T01:16:26.973+0300] {logging_mixin.py:190} INFO - [2026-05-04T01:16:26.973+0300] {dagbag.py:588} INFO - Filling up the DagBag from /home/nikita/airflow-setup/ENV/lib/python3.12/site-packages/airflow/example_dags/example_branch_day_of_week_operator.py
[2026-05-04T01:16:26.981+0300] {processor.py:925} INFO - DAG(s) 'example_weekday_branch_operator' retrieved from /home/nikita/airflow-setup/ENV/lib/python3.12/site-packages/airflow/example_dags/example_branch_day_of_week_operator.py
[2026-05-04T01:16:26.993+0300] {logging_mixin.py:190} INFO - [2026-05-04T01:16:26.993+0300] {dag.py:3239} INFO - Sync 1 DAGs
[2026-05-04T01:16:27.007+0300] {logging_mixin.py:190} INFO - [2026-05-04T01:16:27.007+0300] {dag.py:4180} INFO - Setting next_dagrun for example_weekday_branch_operator to 2026-05-02 00:00:00+00:00, run_after=2026-05-03 00:00:00+00:00
[2026-05-04T01:16:27.023+0300] {processor.py:208} INFO - Processing /home/nikita/airflow-setup/ENV/lib/python3.12/site-packages/airflow/example_dags/example_branch_day_of_week_operator.py took 0.064 seconds
[2026-05-04T01:17:35.649+0300] {processor.py:186} INFO - Started process (PID=15954) to work on /home/nikita/airflow-setup/ENV/lib/python3.12/site-packages/airflow/example_dags/example_branch_day_of_week_operator.py
[2026-05-04T01:17:35.657+0300] {processor.py:914} INFO - Processing file /home/nikita/airflow-setup/ENV/lib/python3.12/site-packages/airflow/example_dags/example_branch_day_of_week_operator.py for tasks to queue
[2026-05-04T01:17:35.658+0300] {logging_mixin.py:190} INFO - [2026-05-04T01:17:35.658+0300] {dagbag.py:588} INFO - Filling up the DagBag from /home/nikita/airflow-setup/ENV/lib/python3.12/site-packages/airflow/example_dags/example_branch_day_of_week_operator.py
[2026-05-04T01:17:35.667+0300] {processor.py:925} INFO - DAG(s) 'example_weekday_branch_operator' retrieved from /home/nikita/airflow-setup/ENV/lib/python3.12/site-packages/airflow/example_dags/example_branch_day_of_week_operator.py
[2026-05-04T01:17:35.684+0300] {logging_mixin.py:190} INFO - [2026-05-04T01:17:35.683+0300] {dag.py:3239} INFO - Sync 1 DAGs
[2026-05-04T01:17:35.699+0300] {logging_mixin.py:190} INFO - [2026-05-04T01:17:35.699+0300] {dag.py:4180} INFO - Setting next_dagrun for example_weekday_branch_operator to 2026-05-02 00:00:00+00:00, run_after=2026-05-03 00:00:00+00:00
[2026-05-04T01:17:35.716+0300] {processor.py:208} INFO - Processing /home/nikita/airflow-setup/ENV/lib/python3.12/site-packages/airflow/example_dags/example_branch_day_of_week_operator.py took 0.072 seconds
[2026-05-04T01:18:45.528+0300] {processor.py:186} INFO - Started process (PID=16211) to work on /home/nikita/airflow-setup/ENV/lib/python3.12/site-packages/airflow/example_dags/example_branch_day_of_week_operator.py
[2026-05-04T01:18:45.529+0300] {processor.py:914} INFO - Processing file /home/nikita/airflow-setup/ENV/lib/python3.12/site-packages/airflow/example_dags/example_branch_day_of_week_operator.py for tasks to queue
[2026-05-04T01:18:45.530+0300] {logging_mixin.py:190} INFO - [2026-05-04T01:18:45.530+0300] {dagbag.py:588} INFO - Filling up the DagBag from /home/nikita/airflow-setup/ENV/lib/python3.12/site-packages/airflow/example_dags/example_branch_day_of_week_operator.py
[2026-05-04T01:18:45.537+0300] {processor.py:925} INFO - DAG(s) 'example_weekday_branch_operator' retrieved from /home/nikita/airflow-setup/ENV/lib/python3.12/site-packages/airflow/example_dags/example_branch_day_of_week_operator.py
[2026-05-04T01:18:45.548+0300] {logging_mixin.py:190} INFO - [2026-05-04T01:18:45.548+0300] {dag.py:3239} INFO - Sync 1 DAGs
[2026-05-04T01:18:45.564+0300] {logging_mixin.py:190} INFO - [2026-05-04T01:18:45.564+0300] {dag.py:4180} INFO - Setting next_dagrun for example_weekday_branch_operator to 2026-05-02 00:00:00+00:00, run_after=2026-05-03 00:00:00+00:00
[2026-05-04T01:18:45.581+0300] {processor.py:208} INFO - Processing /home/nikita/airflow-setup/ENV/lib/python3.12/site-packages/airflow/example_dags/example_branch_day_of_week_operator.py took 0.057 seconds
[2026-05-04T01:19:48.637+0300] {processor.py:186} INFO - Started process (PID=16456) to work on /home/nikita/airflow-setup/ENV/lib/python3.12/site-packages/airflow/example_dags/example_branch_day_of_week_operator.py
[2026-05-04T01:19:48.645+0300] {processor.py:914} INFO - Processing file /home/nikita/airflow-setup/ENV/lib/python3.12/site-packages/airflow/example_dags/example_branch_day_of_week_operator.py for tasks to queue
[2026-05-04T01:19:48.646+0300] {logging_mixin.py:190} INFO - [2026-05-04T01:19:48.646+0300] {dagbag.py:588} INFO - Filling up the DagBag from /home/nikita/airflow-setup/ENV/lib/python3.12/site-packages/airflow/example_dags/example_branch_day_of_week_operator.py
[2026-05-04T01:19:48.654+0300] {processor.py:925} INFO - DAG(s) 'example_weekday_branch_operator' retrieved from /home/nikita/airflow-setup/ENV/lib/python3.12/site-packages/airflow/example_dags/example_branch_day_of_week_operator.py
[2026-05-04T01:19:48.667+0300] {logging_mixin.py:190} INFO - [2026-05-04T01:19:48.667+0300] {dag.py:3239} INFO - Sync 1 DAGs
[2026-05-04T01:19:48.683+0300] {logging_mixin.py:190} INFO - [2026-05-04T01:19:48.683+0300] {dag.py:4180} INFO - Setting next_dagrun for example_weekday_branch_operator to 2026-05-02 00:00:00+00:00, run_after=2026-05-03 00:00:00+00:00
[2026-05-04T01:19:48.699+0300] {processor.py:208} INFO - Processing /home/nikita/airflow-setup/ENV/lib/python3.12/site-packages/airflow/example_dags/example_branch_day_of_week_operator.py took 0.067 seconds
[2026-05-04T01:20:55.883+0300] {processor.py:186} INFO - Started process (PID=16723) to work on /home/nikita/airflow-setup/ENV/lib/python3.12/site-packages/airflow/example_dags/example_branch_day_of_week_operator.py
[2026-05-04T01:20:55.893+0300] {processor.py:914} INFO - Processing file /home/nikita/airflow-setup/ENV/lib/python3.12/site-packages/airflow/example_dags/example_branch_day_of_week_operator.py for tasks to queue
[2026-05-04T01:20:55.894+0300] {logging_mixin.py:190} INFO - [2026-05-04T01:20:55.894+0300] {dagbag.py:588} INFO - Filling up the DagBag from /home/nikita/airflow-setup/ENV/lib/python3.12/site-packages/airflow/example_dags/example_branch_day_of_week_operator.py
[2026-05-04T01:20:55.902+0300] {processor.py:925} INFO - DAG(s) 'example_weekday_branch_operator' retrieved from /home/nikita/airflow-setup/ENV/lib/python3.12/site-packages/airflow/example_dags/example_branch_day_of_week_operator.py
[2026-05-04T01:20:55.913+0300] {logging_mixin.py:190} INFO - [2026-05-04T01:20:55.913+0300] {dag.py:3239} INFO - Sync 1 DAGs
[2026-05-04T01:20:55.927+0300] {logging_mixin.py:190} INFO - [2026-05-04T01:20:55.927+0300] {dag.py:4180} INFO - Setting next_dagrun for example_weekday_branch_operator to 2026-05-02 00:00:00+00:00, run_after=2026-05-03 00:00:00+00:00
[2026-05-04T01:20:55.943+0300] {processor.py:208} INFO - Processing /home/nikita/airflow-setup/ENV/lib/python3.12/site-packages/airflow/example_dags/example_branch_day_of_week_operator.py took 0.063 seconds
[2026-05-04T01:22:02.999+0300] {processor.py:186} INFO - Started process (PID=16981) to work on /home/nikita/airflow-setup/ENV/lib/python3.12/site-packages/airflow/example_dags/example_branch_day_of_week_operator.py
[2026-05-04T01:22:03.011+0300] {processor.py:914} INFO - Processing file /home/nikita/airflow-setup/ENV/lib/python3.12/site-packages/airflow/example_dags/example_branch_day_of_week_operator.py for tasks to queue
[2026-05-04T01:22:03.015+0300] {logging_mixin.py:190} INFO - [2026-05-04T01:22:03.013+0300] {dagbag.py:588} INFO - Filling up the DagBag from /home/nikita/airflow-setup/ENV/lib/python3.12/site-packages/airflow/example_dags/example_branch_day_of_week_operator.py
[2026-05-04T01:22:03.029+0300] {processor.py:925} INFO - DAG(s) 'example_weekday_branch_operator' retrieved from /home/nikita/airflow-setup/ENV/lib/python3.12/site-packages/airflow/example_dags/example_branch_day_of_week_operator.py
[2026-05-04T01:22:03.058+0300] {logging_mixin.py:190} INFO - [2026-05-04T01:22:03.057+0300] {dag.py:3239} INFO - Sync 1 DAGs
[2026-05-04T01:22:03.087+0300] {logging_mixin.py:190} INFO - [2026-05-04T01:22:03.087+0300] {dag.py:4180} INFO - Setting next_dagrun for example_weekday_branch_operator to 2026-05-02 00:00:00+00:00, run_after=2026-05-03 00:00:00+00:00
[2026-05-04T01:22:03.106+0300] {processor.py:208} INFO - Processing /home/nikita/airflow-setup/ENV/lib/python3.12/site-packages/airflow/example_dags/example_branch_day_of_week_operator.py took 0.113 seconds
[2026-05-04T01:23:15.434+0300] {processor.py:186} INFO - Started process (PID=17254) to work on /home/nikita/airflow-setup/ENV/lib/python3.12/site-packages/airflow/example_dags/example_branch_day_of_week_operator.py
[2026-05-04T01:23:15.435+0300] {processor.py:914} INFO - Processing file /home/nikita/airflow-setup/ENV/lib/python3.12/site-packages/airflow/example_dags/example_branch_day_of_week_operator.py for tasks to queue
[2026-05-04T01:23:15.436+0300] {logging_mixin.py:190} INFO - [2026-05-04T01:23:15.436+0300] {dagbag.py:588} INFO - Filling up the DagBag from /home/nikita/airflow-setup/ENV/lib/python3.12/site-packages/airflow/example_dags/example_branch_day_of_week_operator.py
[2026-05-04T01:23:15.445+0300] {processor.py:925} INFO - DAG(s) 'example_weekday_branch_operator' retrieved from /home/nikita/airflow-setup/ENV/lib/python3.12/site-packages/airflow/example_dags/example_branch_day_of_week_operator.py
[2026-05-04T01:23:15.456+0300] {logging_mixin.py:190} INFO - [2026-05-04T01:23:15.456+0300] {dag.py:3239} INFO - Sync 1 DAGs
[2026-05-04T01:23:15.470+0300] {logging_mixin.py:190} INFO - [2026-05-04T01:23:15.470+0300] {dag.py:4180} INFO - Setting next_dagrun for example_weekday_branch_operator to 2026-05-02 00:00:00+00:00, run_after=2026-05-03 00:00:00+00:00
[2026-05-04T01:23:15.486+0300] {processor.py:208} INFO - Processing /home/nikita/airflow-setup/ENV/lib/python3.12/site-packages/airflow/example_dags/example_branch_day_of_week_operator.py took 0.057 seconds
[2026-05-04T01:24:20.557+0300] {processor.py:186} INFO - Started process (PID=17819) to work on /home/nikita/airflow-setup/ENV/lib/python3.12/site-packages/airflow/example_dags/example_branch_day_of_week_operator.py
[2026-05-04T01:24:20.565+0300] {processor.py:914} INFO - Processing file /home/nikita/airflow-setup/ENV/lib/python3.12/site-packages/airflow/example_dags/example_branch_day_of_week_operator.py for tasks to queue
[2026-05-04T01:24:20.566+0300] {logging_mixin.py:190} INFO - [2026-05-04T01:24:20.566+0300] {dagbag.py:588} INFO - Filling up the DagBag from /home/nikita/airflow-setup/ENV/lib/python3.12/site-packages/airflow/example_dags/example_branch_day_of_week_operator.py
[2026-05-04T01:24:20.574+0300] {processor.py:925} INFO - DAG(s) 'example_weekday_branch_operator' retrieved from /home/nikita/airflow-setup/ENV/lib/python3.12/site-packages/airflow/example_dags/example_branch_day_of_week_operator.py
[2026-05-04T01:24:20.585+0300] {logging_mixin.py:190} INFO - [2026-05-04T01:24:20.585+0300] {dag.py:3239} INFO - Sync 1 DAGs
[2026-05-04T01:24:20.599+0300] {logging_mixin.py:190} INFO - [2026-05-04T01:24:20.598+0300] {dag.py:4180} INFO - Setting next_dagrun for example_weekday_branch_operator to 2026-05-02 00:00:00+00:00, run_after=2026-05-03 00:00:00+00:00
[2026-05-04T01:24:20.613+0300] {processor.py:208} INFO - Processing /home/nikita/airflow-setup/ENV/lib/python3.12/site-packages/airflow/example_dags/example_branch_day_of_week_operator.py took 0.061 seconds
[2026-05-04T01:25:31.996+0300] {processor.py:186} INFO - Started process (PID=18434) to work on /home/nikita/airflow-setup/ENV/lib/python3.12/site-packages/airflow/example_dags/example_branch_day_of_week_operator.py
[2026-05-04T01:25:32.006+0300] {processor.py:914} INFO - Processing file /home/nikita/airflow-setup/ENV/lib/python3.12/site-packages/airflow/example_dags/example_branch_day_of_week_operator.py for tasks to queue
[2026-05-04T01:25:32.007+0300] {logging_mixin.py:190} INFO - [2026-05-04T01:25:32.007+0300] {dagbag.py:588} INFO - Filling up the DagBag from /home/nikita/airflow-setup/ENV/lib/python3.12/site-packages/airflow/example_dags/example_branch_day_of_week_operator.py
[2026-05-04T01:25:32.015+0300] {processor.py:925} INFO - DAG(s) 'example_weekday_branch_operator' retrieved from /home/nikita/airflow-setup/ENV/lib/python3.12/site-packages/airflow/example_dags/example_branch_day_of_week_operator.py
[2026-05-04T01:25:32.026+0300] {logging_mixin.py:190} INFO - [2026-05-04T01:25:32.026+0300] {dag.py:3239} INFO - Sync 1 DAGs
[2026-05-04T01:25:32.040+0300] {logging_mixin.py:190} INFO - [2026-05-04T01:25:32.040+0300] {dag.py:4180} INFO - Setting next_dagrun for example_weekday_branch_operator to 2026-05-02 00:00:00+00:00, run_after=2026-05-03 00:00:00+00:00
[2026-05-04T01:25:32.055+0300] {processor.py:208} INFO - Processing /home/nikita/airflow-setup/ENV/lib/python3.12/site-packages/airflow/example_dags/example_branch_day_of_week_operator.py took 0.063 seconds
[2026-05-04T01:26:42.283+0300] {processor.py:186} INFO - Started process (PID=19374) to work on /home/nikita/airflow-setup/ENV/lib/python3.12/site-packages/airflow/example_dags/example_branch_day_of_week_operator.py
[2026-05-04T01:26:42.284+0300] {processor.py:914} INFO - Processing file /home/nikita/airflow-setup/ENV/lib/python3.12/site-packages/airflow/example_dags/example_branch_day_of_week_operator.py for tasks to queue
[2026-05-04T01:26:42.285+0300] {logging_mixin.py:190} INFO - [2026-05-04T01:26:42.285+0300] {dagbag.py:588} INFO - Filling up the DagBag from /home/nikita/airflow-setup/ENV/lib/python3.12/site-packages/airflow/example_dags/example_branch_day_of_week_operator.py
[2026-05-04T01:26:42.293+0300] {processor.py:925} INFO - DAG(s) 'example_weekday_branch_operator' retrieved from /home/nikita/airflow-setup/ENV/lib/python3.12/site-packages/airflow/example_dags/example_branch_day_of_week_operator.py
[2026-05-04T01:26:42.305+0300] {logging_mixin.py:190} INFO - [2026-05-04T01:26:42.305+0300] {dag.py:3239} INFO - Sync 1 DAGs
[2026-05-04T01:26:42.319+0300] {logging_mixin.py:190} INFO - [2026-05-04T01:26:42.319+0300] {dag.py:4180} INFO - Setting next_dagrun for example_weekday_branch_operator to 2026-05-02 00:00:00+00:00, run_after=2026-05-03 00:00:00+00:00
[2026-05-04T01:26:42.335+0300] {processor.py:208} INFO - Processing /home/nikita/airflow-setup/ENV/lib/python3.12/site-packages/airflow/example_dags/example_branch_day_of_week_operator.py took 0.057 seconds
[2026-05-04T01:27:51.078+0300] {processor.py:186} INFO - Started process (PID=19634) to work on /home/nikita/airflow-setup/ENV/lib/python3.12/site-packages/airflow/example_dags/example_branch_day_of_week_operator.py
[2026-05-04T01:27:51.079+0300] {processor.py:914} INFO - Processing file /home/nikita/airflow-setup/ENV/lib/python3.12/site-packages/airflow/example_dags/example_branch_day_of_week_operator.py for tasks to queue
[2026-05-04T01:27:51.080+0300] {logging_mixin.py:190} INFO - [2026-05-04T01:27:51.080+0300] {dagbag.py:588} INFO - Filling up the DagBag from /home/nikita/airflow-setup/ENV/lib/python3.12/site-packages/airflow/example_dags/example_branch_day_of_week_operator.py
[2026-05-04T01:27:51.088+0300] {processor.py:925} INFO - DAG(s) 'example_weekday_branch_operator' retrieved from /home/nikita/airflow-setup/ENV/lib/python3.12/site-packages/airflow/example_dags/example_branch_day_of_week_operator.py
[2026-05-04T01:27:51.100+0300] {logging_mixin.py:190} INFO - [2026-05-04T01:27:51.099+0300] {dag.py:3239} INFO - Sync 1 DAGs
[2026-05-04T01:27:51.116+0300] {logging_mixin.py:190} INFO - [2026-05-04T01:27:51.115+0300] {dag.py:4180} INFO - Setting next_dagrun for example_weekday_branch_operator to 2026-05-02 00:00:00+00:00, run_after=2026-05-03 00:00:00+00:00
[2026-05-04T01:27:51.238+0300] {processor.py:208} INFO - Processing /home/nikita/airflow-setup/ENV/lib/python3.12/site-packages/airflow/example_dags/example_branch_day_of_week_operator.py took 0.164 seconds
[2026-05-04T01:29:03.196+0300] {processor.py:186} INFO - Started process (PID=19910) to work on /home/nikita/airflow-setup/ENV/lib/python3.12/site-packages/airflow/example_dags/example_branch_day_of_week_operator.py
[2026-05-04T01:29:03.204+0300] {processor.py:914} INFO - Processing file /home/nikita/airflow-setup/ENV/lib/python3.12/site-packages/airflow/example_dags/example_branch_day_of_week_operator.py for tasks to queue
[2026-05-04T01:29:03.206+0300] {logging_mixin.py:190} INFO - [2026-05-04T01:29:03.205+0300] {dagbag.py:588} INFO - Filling up the DagBag from /home/nikita/airflow-setup/ENV/lib/python3.12/site-packages/airflow/example_dags/example_branch_day_of_week_operator.py
[2026-05-04T01:29:03.214+0300] {processor.py:925} INFO - DAG(s) 'example_weekday_branch_operator' retrieved from /home/nikita/airflow-setup/ENV/lib/python3.12/site-packages/airflow/example_dags/example_branch_day_of_week_operator.py
[2026-05-04T01:29:03.226+0300] {logging_mixin.py:190} INFO - [2026-05-04T01:29:03.226+0300] {dag.py:3239} INFO - Sync 1 DAGs
[2026-05-04T01:29:03.243+0300] {logging_mixin.py:190} INFO - [2026-05-04T01:29:03.243+0300] {dag.py:4180} INFO - Setting next_dagrun for example_weekday_branch_operator to 2026-05-02 00:00:00+00:00, run_after=2026-05-03 00:00:00+00:00
[2026-05-04T01:29:03.262+0300] {processor.py:208} INFO - Processing /home/nikita/airflow-setup/ENV/lib/python3.12/site-packages/airflow/example_dags/example_branch_day_of_week_operator.py took 0.071 seconds
[2026-05-04T01:30:14.716+0300] {processor.py:186} INFO - Started process (PID=20179) to work on /home/nikita/airflow-setup/ENV/lib/python3.12/site-packages/airflow/example_dags/example_branch_day_of_week_operator.py
[2026-05-04T01:30:14.719+0300] {processor.py:914} INFO - Processing file /home/nikita/airflow-setup/ENV/lib/python3.12/site-packages/airflow/example_dags/example_branch_day_of_week_operator.py for tasks to queue
[2026-05-04T01:30:14.721+0300] {logging_mixin.py:190} INFO - [2026-05-04T01:30:14.721+0300] {dagbag.py:588} INFO - Filling up the DagBag from /home/nikita/airflow-setup/ENV/lib/python3.12/site-packages/airflow/example_dags/example_branch_day_of_week_operator.py
[2026-05-04T01:30:14.730+0300] {processor.py:925} INFO - DAG(s) 'example_weekday_branch_operator' retrieved from /home/nikita/airflow-setup/ENV/lib/python3.12/site-packages/airflow/example_dags/example_branch_day_of_week_operator.py
[2026-05-04T01:30:14.742+0300] {logging_mixin.py:190} INFO - [2026-05-04T01:30:14.742+0300] {dag.py:3239} INFO - Sync 1 DAGs
[2026-05-04T01:30:14.762+0300] {logging_mixin.py:190} INFO - [2026-05-04T01:30:14.761+0300] {dag.py:4180} INFO - Setting next_dagrun for example_weekday_branch_operator to 2026-05-02 00:00:00+00:00, run_after=2026-05-03 00:00:00+00:00
[2026-05-04T01:30:14.785+0300] {processor.py:208} INFO - Processing /home/nikita/airflow-setup/ENV/lib/python3.12/site-packages/airflow/example_dags/example_branch_day_of_week_operator.py took 0.074 seconds
[2026-05-04T01:31:28.580+0300] {processor.py:186} INFO - Started process (PID=20450) to work on /home/nikita/airflow-setup/ENV/lib/python3.12/site-packages/airflow/example_dags/example_branch_day_of_week_operator.py
[2026-05-04T01:31:28.582+0300] {processor.py:914} INFO - Processing file /home/nikita/airflow-setup/ENV/lib/python3.12/site-packages/airflow/example_dags/example_branch_day_of_week_operator.py for tasks to queue
[2026-05-04T01:31:28.583+0300] {logging_mixin.py:190} INFO - [2026-05-04T01:31:28.583+0300] {dagbag.py:588} INFO - Filling up the DagBag from /home/nikita/airflow-setup/ENV/lib/python3.12/site-packages/airflow/example_dags/example_branch_day_of_week_operator.py
[2026-05-04T01:31:28.594+0300] {processor.py:925} INFO - DAG(s) 'example_weekday_branch_operator' retrieved from /home/nikita/airflow-setup/ENV/lib/python3.12/site-packages/airflow/example_dags/example_branch_day_of_week_operator.py
[2026-05-04T01:31:28.611+0300] {logging_mixin.py:190} INFO - [2026-05-04T01:31:28.611+0300] {dag.py:3239} INFO - Sync 1 DAGs
[2026-05-04T01:31:28.820+0300] {logging_mixin.py:190} INFO - [2026-05-04T01:31:28.819+0300] {dag.py:4180} INFO - Setting next_dagrun for example_weekday_branch_operator to 2026-05-02 00:00:00+00:00, run_after=2026-05-03 00:00:00+00:00
[2026-05-04T01:31:28.836+0300] {processor.py:208} INFO - Processing /home/nikita/airflow-setup/ENV/lib/python3.12/site-packages/airflow/example_dags/example_branch_day_of_week_operator.py took 0.261 seconds
[2026-05-04T01:32:48.990+0300] {processor.py:186} INFO - Started process (PID=20895) to work on /home/nikita/airflow-setup/ENV/lib/python3.12/site-packages/airflow/example_dags/example_branch_day_of_week_operator.py
[2026-05-04T01:32:48.991+0300] {processor.py:914} INFO - Processing file /home/nikita/airflow-setup/ENV/lib/python3.12/site-packages/airflow/example_dags/example_branch_day_of_week_operator.py for tasks to queue
[2026-05-04T01:32:48.992+0300] {logging_mixin.py:190} INFO - [2026-05-04T01:32:48.992+0300] {dagbag.py:588} INFO - Filling up the DagBag from /home/nikita/airflow-setup/ENV/lib/python3.12/site-packages/airflow/example_dags/example_branch_day_of_week_operator.py
[2026-05-04T01:32:49.000+0300] {processor.py:925} INFO - DAG(s) 'example_weekday_branch_operator' retrieved from /home/nikita/airflow-setup/ENV/lib/python3.12/site-packages/airflow/example_dags/example_branch_day_of_week_operator.py
[2026-05-04T01:32:49.011+0300] {logging_mixin.py:190} INFO - [2026-05-04T01:32:49.010+0300] {dag.py:3239} INFO - Sync 1 DAGs
[2026-05-04T01:32:49.024+0300] {logging_mixin.py:190} INFO - [2026-05-04T01:32:49.024+0300] {dag.py:4180} INFO - Setting next_dagrun for example_weekday_branch_operator to 2026-05-02 00:00:00+00:00, run_after=2026-05-03 00:00:00+00:00
[2026-05-04T01:32:49.041+0300] {processor.py:208} INFO - Processing /home/nikita/airflow-setup/ENV/lib/python3.12/site-packages/airflow/example_dags/example_branch_day_of_week_operator.py took 0.055 seconds
[2026-05-04T01:33:53.804+0300] {processor.py:186} INFO - Started process (PID=21270) to work on /home/nikita/airflow-setup/ENV/lib/python3.12/site-packages/airflow/example_dags/example_branch_day_of_week_operator.py
[2026-05-04T01:33:53.814+0300] {processor.py:914} INFO - Processing file /home/nikita/airflow-setup/ENV/lib/python3.12/site-packages/airflow/example_dags/example_branch_day_of_week_operator.py for tasks to queue
[2026-05-04T01:33:53.815+0300] {logging_mixin.py:190} INFO - [2026-05-04T01:33:53.815+0300] {dagbag.py:588} INFO - Filling up the DagBag from /home/nikita/airflow-setup/ENV/lib/python3.12/site-packages/airflow/example_dags/example_branch_day_of_week_operator.py
[2026-05-04T01:33:53.823+0300] {processor.py:925} INFO - DAG(s) 'example_weekday_branch_operator' retrieved from /home/nikita/airflow-setup/ENV/lib/python3.12/site-packages/airflow/example_dags/example_branch_day_of_week_operator.py
[2026-05-04T01:33:53.834+0300] {logging_mixin.py:190} INFO - [2026-05-04T01:33:53.834+0300] {dag.py:3239} INFO - Sync 1 DAGs
[2026-05-04T01:33:53.847+0300] {logging_mixin.py:190} INFO - [2026-05-04T01:33:53.847+0300] {dag.py:4180} INFO - Setting next_dagrun for example_weekday_branch_operator to 2026-05-02 00:00:00+00:00, run_after=2026-05-03 00:00:00+00:00
[2026-05-04T01:33:53.864+0300] {processor.py:208} INFO - Processing /home/nikita/airflow-setup/ENV/lib/python3.12/site-packages/airflow/example_dags/example_branch_day_of_week_operator.py took 0.063 seconds
[2026-05-04T01:34:58.201+0300] {processor.py:186} INFO - Started process (PID=21514) to work on /home/nikita/airflow-setup/ENV/lib/python3.12/site-packages/airflow/example_dags/example_branch_day_of_week_operator.py
[2026-05-04T01:34:58.210+0300] {processor.py:914} INFO - Processing file /home/nikita/airflow-setup/ENV/lib/python3.12/site-packages/airflow/example_dags/example_branch_day_of_week_operator.py for tasks to queue
[2026-05-04T01:34:58.211+0300] {logging_mixin.py:190} INFO - [2026-05-04T01:34:58.210+0300] {dagbag.py:588} INFO - Filling up the DagBag from /home/nikita/airflow-setup/ENV/lib/python3.12/site-packages/airflow/example_dags/example_branch_day_of_week_operator.py
[2026-05-04T01:34:58.219+0300] {processor.py:925} INFO - DAG(s) 'example_weekday_branch_operator' retrieved from /home/nikita/airflow-setup/ENV/lib/python3.12/site-packages/airflow/example_dags/example_branch_day_of_week_operator.py
[2026-05-04T01:34:58.233+0300] {logging_mixin.py:190} INFO - [2026-05-04T01:34:58.233+0300] {dag.py:3239} INFO - Sync 1 DAGs
[2026-05-04T01:34:58.247+0300] {logging_mixin.py:190} INFO - [2026-05-04T01:34:58.247+0300] {dag.py:4180} INFO - Setting next_dagrun for example_weekday_branch_operator to 2026-05-02 00:00:00+00:00, run_after=2026-05-03 00:00:00+00:00
[2026-05-04T01:34:58.262+0300] {processor.py:208} INFO - Processing /home/nikita/airflow-setup/ENV/lib/python3.12/site-packages/airflow/example_dags/example_branch_day_of_week_operator.py took 0.066 seconds
[2026-05-04T01:36:00.371+0300] {processor.py:186} INFO - Started process (PID=21760) to work on /home/nikita/airflow-setup/ENV/lib/python3.12/site-packages/airflow/example_dags/example_branch_day_of_week_operator.py
[2026-05-04T01:36:00.380+0300] {processor.py:914} INFO - Processing file /home/nikita/airflow-setup/ENV/lib/python3.12/site-packages/airflow/example_dags/example_branch_day_of_week_operator.py for tasks to queue
[2026-05-04T01:36:00.381+0300] {logging_mixin.py:190} INFO - [2026-05-04T01:36:00.381+0300] {dagbag.py:588} INFO - Filling up the DagBag from /home/nikita/airflow-setup/ENV/lib/python3.12/site-packages/airflow/example_dags/example_branch_day_of_week_operator.py
[2026-05-04T01:36:00.390+0300] {processor.py:925} INFO - DAG(s) 'example_weekday_branch_operator' retrieved from /home/nikita/airflow-setup/ENV/lib/python3.12/site-packages/airflow/example_dags/example_branch_day_of_week_operator.py
[2026-05-04T01:36:00.403+0300] {logging_mixin.py:190} INFO - [2026-05-04T01:36:00.403+0300] {dag.py:3239} INFO - Sync 1 DAGs
[2026-05-04T01:36:00.418+0300] {logging_mixin.py:190} INFO - [2026-05-04T01:36:00.417+0300] {dag.py:4180} INFO - Setting next_dagrun for example_weekday_branch_operator to 2026-05-02 00:00:00+00:00, run_after=2026-05-03 00:00:00+00:00
[2026-05-04T01:36:00.432+0300] {processor.py:208} INFO - Processing /home/nikita/airflow-setup/ENV/lib/python3.12/site-packages/airflow/example_dags/example_branch_day_of_week_operator.py took 0.066 seconds
