[2026-05-04T00:46:00.388+0300] {processor.py:186} INFO - Started process (PID=5955) to work on /home/nikita/airflow-setup/ENV/lib/python3.12/site-packages/airflow/example_dags/example_trigger_target_dag.py
[2026-05-04T00:46:00.389+0300] {processor.py:914} INFO - Processing file /home/nikita/airflow-setup/ENV/lib/python3.12/site-packages/airflow/example_dags/example_trigger_target_dag.py for tasks to queue
[2026-05-04T00:46:00.390+0300] {logging_mixin.py:190} INFO - [2026-05-04T00:46:00.390+0300] {dagbag.py:588} INFO - Filling up the DagBag from /home/nikita/airflow-setup/ENV/lib/python3.12/site-packages/airflow/example_dags/example_trigger_target_dag.py
[2026-05-04T00:46:00.396+0300] {processor.py:925} INFO - DAG(s) 'example_trigger_target_dag' retrieved from /home/nikita/airflow-setup/ENV/lib/python3.12/site-packages/airflow/example_dags/example_trigger_target_dag.py
[2026-05-04T00:46:00.476+0300] {logging_mixin.py:190} INFO - [2026-05-04T00:46:00.475+0300] {override.py:1930} INFO - Created Permission View: can read on DAG:example_trigger_target_dag
[2026-05-04T00:46:00.483+0300] {logging_mixin.py:190} INFO - [2026-05-04T00:46:00.483+0300] {override.py:1930} INFO - Created Permission View: can delete on DAG:example_trigger_target_dag
[2026-05-04T00:46:00.490+0300] {logging_mixin.py:190} INFO - [2026-05-04T00:46:00.489+0300] {override.py:1930} INFO - Created Permission View: can edit on DAG:example_trigger_target_dag
[2026-05-04T00:46:00.499+0300] {logging_mixin.py:190} INFO - [2026-05-04T00:46:00.499+0300] {override.py:1930} INFO - Created Permission View: can read on DAG Run:example_trigger_target_dag
[2026-05-04T00:46:00.505+0300] {logging_mixin.py:190} INFO - [2026-05-04T00:46:00.505+0300] {override.py:1930} INFO - Created Permission View: can delete on DAG Run:example_trigger_target_dag
[2026-05-04T00:46:00.510+0300] {logging_mixin.py:190} INFO - [2026-05-04T00:46:00.510+0300] {override.py:1930} INFO - Created Permission View: menu access on DAG Run:example_trigger_target_dag
[2026-05-04T00:46:00.515+0300] {logging_mixin.py:190} INFO - [2026-05-04T00:46:00.515+0300] {override.py:1930} INFO - Created Permission View: can create on DAG Run:example_trigger_target_dag
[2026-05-04T00:46:00.516+0300] {logging_mixin.py:190} INFO - [2026-05-04T00:46:00.515+0300] {dag.py:3239} INFO - Sync 1 DAGs
[2026-05-04T00:46:00.526+0300] {logging_mixin.py:190} INFO - [2026-05-04T00:46:00.526+0300] {dag.py:3262} INFO - Creating ORM DAG for example_trigger_target_dag
[2026-05-04T00:46:00.527+0300] {logging_mixin.py:190} INFO - [2026-05-04T00:46:00.527+0300] {dag.py:4180} INFO - Setting next_dagrun for example_trigger_target_dag to None, run_after=None
[2026-05-04T00:46:00.542+0300] {processor.py:208} INFO - Processing /home/nikita/airflow-setup/ENV/lib/python3.12/site-packages/airflow/example_dags/example_trigger_target_dag.py took 0.158 seconds
[2026-05-04T00:47:04.474+0300] {processor.py:186} INFO - Started process (PID=6016) to work on /home/nikita/airflow-setup/ENV/lib/python3.12/site-packages/airflow/example_dags/example_trigger_target_dag.py
[2026-05-04T00:47:04.476+0300] {processor.py:914} INFO - Processing file /home/nikita/airflow-setup/ENV/lib/python3.12/site-packages/airflow/example_dags/example_trigger_target_dag.py for tasks to queue
[2026-05-04T00:47:04.477+0300] {logging_mixin.py:190} INFO - [2026-05-04T00:47:04.477+0300] {dagbag.py:588} INFO - Filling up the DagBag from /home/nikita/airflow-setup/ENV/lib/python3.12/site-packages/airflow/example_dags/example_trigger_target_dag.py
[2026-05-04T00:47:04.483+0300] {processor.py:925} INFO - DAG(s) 'example_trigger_target_dag' retrieved from /home/nikita/airflow-setup/ENV/lib/python3.12/site-packages/airflow/example_dags/example_trigger_target_dag.py
[2026-05-04T00:47:04.494+0300] {logging_mixin.py:190} INFO - [2026-05-04T00:47:04.494+0300] {dag.py:3239} INFO - Sync 1 DAGs
[2026-05-04T00:47:04.504+0300] {logging_mixin.py:190} INFO - [2026-05-04T00:47:04.504+0300] {dag.py:4180} INFO - Setting next_dagrun for example_trigger_target_dag to None, run_after=None
[2026-05-04T00:47:04.522+0300] {processor.py:208} INFO - Processing /home/nikita/airflow-setup/ENV/lib/python3.12/site-packages/airflow/example_dags/example_trigger_target_dag.py took 0.052 seconds
[2026-05-04T00:48:04.439+0300] {processor.py:186} INFO - Started process (PID=6091) to work on /home/nikita/airflow-setup/ENV/lib/python3.12/site-packages/airflow/example_dags/example_trigger_target_dag.py
[2026-05-04T00:48:04.441+0300] {processor.py:914} INFO - Processing file /home/nikita/airflow-setup/ENV/lib/python3.12/site-packages/airflow/example_dags/example_trigger_target_dag.py for tasks to queue
[2026-05-04T00:48:04.443+0300] {logging_mixin.py:190} INFO - [2026-05-04T00:48:04.443+0300] {dagbag.py:588} INFO - Filling up the DagBag from /home/nikita/airflow-setup/ENV/lib/python3.12/site-packages/airflow/example_dags/example_trigger_target_dag.py
[2026-05-04T00:48:04.448+0300] {processor.py:925} INFO - DAG(s) 'example_trigger_target_dag' retrieved from /home/nikita/airflow-setup/ENV/lib/python3.12/site-packages/airflow/example_dags/example_trigger_target_dag.py
[2026-05-04T00:48:04.458+0300] {logging_mixin.py:190} INFO - [2026-05-04T00:48:04.458+0300] {dag.py:3239} INFO - Sync 1 DAGs
[2026-05-04T00:48:04.466+0300] {logging_mixin.py:190} INFO - [2026-05-04T00:48:04.466+0300] {dag.py:4180} INFO - Setting next_dagrun for example_trigger_target_dag to None, run_after=None
[2026-05-04T00:48:04.483+0300] {processor.py:208} INFO - Processing /home/nikita/airflow-setup/ENV/lib/python3.12/site-packages/airflow/example_dags/example_trigger_target_dag.py took 0.047 seconds
[2026-05-04T00:49:04.025+0300] {processor.py:186} INFO - Started process (PID=6149) to work on /home/nikita/airflow-setup/ENV/lib/python3.12/site-packages/airflow/example_dags/example_trigger_target_dag.py
[2026-05-04T00:49:04.034+0300] {processor.py:914} INFO - Processing file /home/nikita/airflow-setup/ENV/lib/python3.12/site-packages/airflow/example_dags/example_trigger_target_dag.py for tasks to queue
[2026-05-04T00:49:04.036+0300] {logging_mixin.py:190} INFO - [2026-05-04T00:49:04.036+0300] {dagbag.py:588} INFO - Filling up the DagBag from /home/nikita/airflow-setup/ENV/lib/python3.12/site-packages/airflow/example_dags/example_trigger_target_dag.py
[2026-05-04T00:49:04.042+0300] {processor.py:925} INFO - DAG(s) 'example_trigger_target_dag' retrieved from /home/nikita/airflow-setup/ENV/lib/python3.12/site-packages/airflow/example_dags/example_trigger_target_dag.py
[2026-05-04T00:49:04.054+0300] {logging_mixin.py:190} INFO - [2026-05-04T00:49:04.054+0300] {dag.py:3239} INFO - Sync 1 DAGs
[2026-05-04T00:49:04.063+0300] {logging_mixin.py:190} INFO - [2026-05-04T00:49:04.063+0300] {dag.py:4180} INFO - Setting next_dagrun for example_trigger_target_dag to None, run_after=None
[2026-05-04T00:49:04.079+0300] {processor.py:208} INFO - Processing /home/nikita/airflow-setup/ENV/lib/python3.12/site-packages/airflow/example_dags/example_trigger_target_dag.py took 0.059 seconds
[2026-05-04T00:50:00.417+0300] {processor.py:186} INFO - Started process (PID=6210) to work on /home/nikita/airflow-setup/ENV/lib/python3.12/site-packages/airflow/example_dags/example_trigger_target_dag.py
[2026-05-04T00:50:00.418+0300] {processor.py:914} INFO - Processing file /home/nikita/airflow-setup/ENV/lib/python3.12/site-packages/airflow/example_dags/example_trigger_target_dag.py for tasks to queue
[2026-05-04T00:50:00.420+0300] {logging_mixin.py:190} INFO - [2026-05-04T00:50:00.419+0300] {dagbag.py:588} INFO - Filling up the DagBag from /home/nikita/airflow-setup/ENV/lib/python3.12/site-packages/airflow/example_dags/example_trigger_target_dag.py
[2026-05-04T00:50:00.426+0300] {processor.py:925} INFO - DAG(s) 'example_trigger_target_dag' retrieved from /home/nikita/airflow-setup/ENV/lib/python3.12/site-packages/airflow/example_dags/example_trigger_target_dag.py
[2026-05-04T00:50:00.439+0300] {logging_mixin.py:190} INFO - [2026-05-04T00:50:00.439+0300] {dag.py:3239} INFO - Sync 1 DAGs
[2026-05-04T00:50:00.449+0300] {logging_mixin.py:190} INFO - [2026-05-04T00:50:00.449+0300] {dag.py:4180} INFO - Setting next_dagrun for example_trigger_target_dag to None, run_after=None
[2026-05-04T00:50:00.465+0300] {processor.py:208} INFO - Processing /home/nikita/airflow-setup/ENV/lib/python3.12/site-packages/airflow/example_dags/example_trigger_target_dag.py took 0.053 seconds
[2026-05-04T00:50:55.630+0300] {processor.py:186} INFO - Started process (PID=6285) to work on /home/nikita/airflow-setup/ENV/lib/python3.12/site-packages/airflow/example_dags/example_trigger_target_dag.py
[2026-05-04T00:50:55.640+0300] {processor.py:914} INFO - Processing file /home/nikita/airflow-setup/ENV/lib/python3.12/site-packages/airflow/example_dags/example_trigger_target_dag.py for tasks to queue
[2026-05-04T00:50:55.642+0300] {logging_mixin.py:190} INFO - [2026-05-04T00:50:55.641+0300] {dagbag.py:588} INFO - Filling up the DagBag from /home/nikita/airflow-setup/ENV/lib/python3.12/site-packages/airflow/example_dags/example_trigger_target_dag.py
[2026-05-04T00:50:55.648+0300] {processor.py:925} INFO - DAG(s) 'example_trigger_target_dag' retrieved from /home/nikita/airflow-setup/ENV/lib/python3.12/site-packages/airflow/example_dags/example_trigger_target_dag.py
[2026-05-04T00:50:55.658+0300] {logging_mixin.py:190} INFO - [2026-05-04T00:50:55.658+0300] {dag.py:3239} INFO - Sync 1 DAGs
[2026-05-04T00:50:55.666+0300] {logging_mixin.py:190} INFO - [2026-05-04T00:50:55.665+0300] {dag.py:4180} INFO - Setting next_dagrun for example_trigger_target_dag to None, run_after=None
[2026-05-04T00:50:55.681+0300] {processor.py:208} INFO - Processing /home/nikita/airflow-setup/ENV/lib/python3.12/site-packages/airflow/example_dags/example_trigger_target_dag.py took 0.055 seconds
[2026-05-04T00:51:50.769+0300] {processor.py:186} INFO - Started process (PID=6338) to work on /home/nikita/airflow-setup/ENV/lib/python3.12/site-packages/airflow/example_dags/example_trigger_target_dag.py
[2026-05-04T00:51:50.780+0300] {processor.py:914} INFO - Processing file /home/nikita/airflow-setup/ENV/lib/python3.12/site-packages/airflow/example_dags/example_trigger_target_dag.py for tasks to queue
[2026-05-04T00:51:50.784+0300] {logging_mixin.py:190} INFO - [2026-05-04T00:51:50.783+0300] {dagbag.py:588} INFO - Filling up the DagBag from /home/nikita/airflow-setup/ENV/lib/python3.12/site-packages/airflow/example_dags/example_trigger_target_dag.py
[2026-05-04T00:51:50.793+0300] {processor.py:925} INFO - DAG(s) 'example_trigger_target_dag' retrieved from /home/nikita/airflow-setup/ENV/lib/python3.12/site-packages/airflow/example_dags/example_trigger_target_dag.py
[2026-05-04T00:51:50.804+0300] {logging_mixin.py:190} INFO - [2026-05-04T00:51:50.804+0300] {dag.py:3239} INFO - Sync 1 DAGs
[2026-05-04T00:51:50.813+0300] {logging_mixin.py:190} INFO - [2026-05-04T00:51:50.812+0300] {dag.py:4180} INFO - Setting next_dagrun for example_trigger_target_dag to None, run_after=None
[2026-05-04T00:51:50.830+0300] {processor.py:208} INFO - Processing /home/nikita/airflow-setup/ENV/lib/python3.12/site-packages/airflow/example_dags/example_trigger_target_dag.py took 0.069 seconds
[2026-05-04T00:52:51.691+0300] {processor.py:186} INFO - Started process (PID=6395) to work on /home/nikita/airflow-setup/ENV/lib/python3.12/site-packages/airflow/example_dags/example_trigger_target_dag.py
[2026-05-04T00:52:51.692+0300] {processor.py:914} INFO - Processing file /home/nikita/airflow-setup/ENV/lib/python3.12/site-packages/airflow/example_dags/example_trigger_target_dag.py for tasks to queue
[2026-05-04T00:52:51.694+0300] {logging_mixin.py:190} INFO - [2026-05-04T00:52:51.694+0300] {dagbag.py:588} INFO - Filling up the DagBag from /home/nikita/airflow-setup/ENV/lib/python3.12/site-packages/airflow/example_dags/example_trigger_target_dag.py
[2026-05-04T00:52:51.702+0300] {processor.py:925} INFO - DAG(s) 'example_trigger_target_dag' retrieved from /home/nikita/airflow-setup/ENV/lib/python3.12/site-packages/airflow/example_dags/example_trigger_target_dag.py
[2026-05-04T00:52:51.713+0300] {logging_mixin.py:190} INFO - [2026-05-04T00:52:51.713+0300] {dag.py:3239} INFO - Sync 1 DAGs
[2026-05-04T00:52:51.722+0300] {logging_mixin.py:190} INFO - [2026-05-04T00:52:51.722+0300] {dag.py:4180} INFO - Setting next_dagrun for example_trigger_target_dag to None, run_after=None
[2026-05-04T00:52:51.740+0300] {processor.py:208} INFO - Processing /home/nikita/airflow-setup/ENV/lib/python3.12/site-packages/airflow/example_dags/example_trigger_target_dag.py took 0.054 seconds
[2026-05-04T00:53:54.158+0300] {processor.py:186} INFO - Started process (PID=6475) to work on /home/nikita/airflow-setup/ENV/lib/python3.12/site-packages/airflow/example_dags/example_trigger_target_dag.py
[2026-05-04T00:53:54.166+0300] {processor.py:914} INFO - Processing file /home/nikita/airflow-setup/ENV/lib/python3.12/site-packages/airflow/example_dags/example_trigger_target_dag.py for tasks to queue
[2026-05-04T00:53:54.168+0300] {logging_mixin.py:190} INFO - [2026-05-04T00:53:54.167+0300] {dagbag.py:588} INFO - Filling up the DagBag from /home/nikita/airflow-setup/ENV/lib/python3.12/site-packages/airflow/example_dags/example_trigger_target_dag.py
[2026-05-04T00:53:54.174+0300] {processor.py:925} INFO - DAG(s) 'example_trigger_target_dag' retrieved from /home/nikita/airflow-setup/ENV/lib/python3.12/site-packages/airflow/example_dags/example_trigger_target_dag.py
[2026-05-04T00:53:54.186+0300] {logging_mixin.py:190} INFO - [2026-05-04T00:53:54.186+0300] {dag.py:3239} INFO - Sync 1 DAGs
[2026-05-04T00:53:54.197+0300] {logging_mixin.py:190} INFO - [2026-05-04T00:53:54.196+0300] {dag.py:4180} INFO - Setting next_dagrun for example_trigger_target_dag to None, run_after=None
[2026-05-04T00:53:54.214+0300] {processor.py:208} INFO - Processing /home/nikita/airflow-setup/ENV/lib/python3.12/site-packages/airflow/example_dags/example_trigger_target_dag.py took 0.061 seconds
[2026-05-04T00:54:56.038+0300] {processor.py:186} INFO - Started process (PID=6542) to work on /home/nikita/airflow-setup/ENV/lib/python3.12/site-packages/airflow/example_dags/example_trigger_target_dag.py
[2026-05-04T00:54:56.047+0300] {processor.py:914} INFO - Processing file /home/nikita/airflow-setup/ENV/lib/python3.12/site-packages/airflow/example_dags/example_trigger_target_dag.py for tasks to queue
[2026-05-04T00:54:56.049+0300] {logging_mixin.py:190} INFO - [2026-05-04T00:54:56.049+0300] {dagbag.py:588} INFO - Filling up the DagBag from /home/nikita/airflow-setup/ENV/lib/python3.12/site-packages/airflow/example_dags/example_trigger_target_dag.py
[2026-05-04T00:54:56.057+0300] {processor.py:925} INFO - DAG(s) 'example_trigger_target_dag' retrieved from /home/nikita/airflow-setup/ENV/lib/python3.12/site-packages/airflow/example_dags/example_trigger_target_dag.py
[2026-05-04T00:54:56.068+0300] {logging_mixin.py:190} INFO - [2026-05-04T00:54:56.068+0300] {dag.py:3239} INFO - Sync 1 DAGs
[2026-05-04T00:54:56.077+0300] {logging_mixin.py:190} INFO - [2026-05-04T00:54:56.077+0300] {dag.py:4180} INFO - Setting next_dagrun for example_trigger_target_dag to None, run_after=None
[2026-05-04T00:54:56.094+0300] {processor.py:208} INFO - Processing /home/nikita/airflow-setup/ENV/lib/python3.12/site-packages/airflow/example_dags/example_trigger_target_dag.py took 0.060 seconds
[2026-05-04T00:55:57.848+0300] {processor.py:186} INFO - Started process (PID=6602) to work on /home/nikita/airflow-setup/ENV/lib/python3.12/site-packages/airflow/example_dags/example_trigger_target_dag.py
[2026-05-04T00:55:57.856+0300] {processor.py:914} INFO - Processing file /home/nikita/airflow-setup/ENV/lib/python3.12/site-packages/airflow/example_dags/example_trigger_target_dag.py for tasks to queue
[2026-05-04T00:55:57.858+0300] {logging_mixin.py:190} INFO - [2026-05-04T00:55:57.858+0300] {dagbag.py:588} INFO - Filling up the DagBag from /home/nikita/airflow-setup/ENV/lib/python3.12/site-packages/airflow/example_dags/example_trigger_target_dag.py
[2026-05-04T00:55:57.868+0300] {processor.py:925} INFO - DAG(s) 'example_trigger_target_dag' retrieved from /home/nikita/airflow-setup/ENV/lib/python3.12/site-packages/airflow/example_dags/example_trigger_target_dag.py
[2026-05-04T00:55:57.884+0300] {logging_mixin.py:190} INFO - [2026-05-04T00:55:57.884+0300] {dag.py:3239} INFO - Sync 1 DAGs
[2026-05-04T00:55:57.899+0300] {logging_mixin.py:190} INFO - [2026-05-04T00:55:57.898+0300] {dag.py:4180} INFO - Setting next_dagrun for example_trigger_target_dag to None, run_after=None
[2026-05-04T00:55:57.917+0300] {processor.py:208} INFO - Processing /home/nikita/airflow-setup/ENV/lib/python3.12/site-packages/airflow/example_dags/example_trigger_target_dag.py took 0.074 seconds
[2026-05-04T00:56:57.847+0300] {processor.py:186} INFO - Started process (PID=6877) to work on /home/nikita/airflow-setup/ENV/lib/python3.12/site-packages/airflow/example_dags/example_trigger_target_dag.py
[2026-05-04T00:56:57.849+0300] {processor.py:914} INFO - Processing file /home/nikita/airflow-setup/ENV/lib/python3.12/site-packages/airflow/example_dags/example_trigger_target_dag.py for tasks to queue
[2026-05-04T00:56:57.851+0300] {logging_mixin.py:190} INFO - [2026-05-04T00:56:57.851+0300] {dagbag.py:588} INFO - Filling up the DagBag from /home/nikita/airflow-setup/ENV/lib/python3.12/site-packages/airflow/example_dags/example_trigger_target_dag.py
[2026-05-04T00:56:57.862+0300] {processor.py:925} INFO - DAG(s) 'example_trigger_target_dag' retrieved from /home/nikita/airflow-setup/ENV/lib/python3.12/site-packages/airflow/example_dags/example_trigger_target_dag.py
[2026-05-04T00:56:57.878+0300] {logging_mixin.py:190} INFO - [2026-05-04T00:56:57.878+0300] {dag.py:3239} INFO - Sync 1 DAGs
[2026-05-04T00:56:57.891+0300] {logging_mixin.py:190} INFO - [2026-05-04T00:56:57.890+0300] {dag.py:4180} INFO - Setting next_dagrun for example_trigger_target_dag to None, run_after=None
[2026-05-04T00:56:57.921+0300] {processor.py:208} INFO - Processing /home/nikita/airflow-setup/ENV/lib/python3.12/site-packages/airflow/example_dags/example_trigger_target_dag.py took 0.081 seconds
[2026-05-04T00:57:59.444+0300] {processor.py:186} INFO - Started process (PID=7180) to work on /home/nikita/airflow-setup/ENV/lib/python3.12/site-packages/airflow/example_dags/example_trigger_target_dag.py
[2026-05-04T00:57:59.445+0300] {processor.py:914} INFO - Processing file /home/nikita/airflow-setup/ENV/lib/python3.12/site-packages/airflow/example_dags/example_trigger_target_dag.py for tasks to queue
[2026-05-04T00:57:59.447+0300] {logging_mixin.py:190} INFO - [2026-05-04T00:57:59.446+0300] {dagbag.py:588} INFO - Filling up the DagBag from /home/nikita/airflow-setup/ENV/lib/python3.12/site-packages/airflow/example_dags/example_trigger_target_dag.py
[2026-05-04T00:57:59.453+0300] {processor.py:925} INFO - DAG(s) 'example_trigger_target_dag' retrieved from /home/nikita/airflow-setup/ENV/lib/python3.12/site-packages/airflow/example_dags/example_trigger_target_dag.py
[2026-05-04T00:57:59.465+0300] {logging_mixin.py:190} INFO - [2026-05-04T00:57:59.465+0300] {dag.py:3239} INFO - Sync 1 DAGs
[2026-05-04T00:57:59.474+0300] {logging_mixin.py:190} INFO - [2026-05-04T00:57:59.474+0300] {dag.py:4180} INFO - Setting next_dagrun for example_trigger_target_dag to None, run_after=None
[2026-05-04T00:57:59.491+0300] {processor.py:208} INFO - Processing /home/nikita/airflow-setup/ENV/lib/python3.12/site-packages/airflow/example_dags/example_trigger_target_dag.py took 0.052 seconds
[2026-05-04T00:58:55.157+0300] {processor.py:186} INFO - Started process (PID=7400) to work on /home/nikita/airflow-setup/ENV/lib/python3.12/site-packages/airflow/example_dags/example_trigger_target_dag.py
[2026-05-04T00:58:55.159+0300] {processor.py:914} INFO - Processing file /home/nikita/airflow-setup/ENV/lib/python3.12/site-packages/airflow/example_dags/example_trigger_target_dag.py for tasks to queue
[2026-05-04T00:58:55.161+0300] {logging_mixin.py:190} INFO - [2026-05-04T00:58:55.161+0300] {dagbag.py:588} INFO - Filling up the DagBag from /home/nikita/airflow-setup/ENV/lib/python3.12/site-packages/airflow/example_dags/example_trigger_target_dag.py
[2026-05-04T00:58:55.170+0300] {processor.py:925} INFO - DAG(s) 'example_trigger_target_dag' retrieved from /home/nikita/airflow-setup/ENV/lib/python3.12/site-packages/airflow/example_dags/example_trigger_target_dag.py
[2026-05-04T00:58:55.184+0300] {logging_mixin.py:190} INFO - [2026-05-04T00:58:55.184+0300] {dag.py:3239} INFO - Sync 1 DAGs
[2026-05-04T00:58:55.195+0300] {logging_mixin.py:190} INFO - [2026-05-04T00:58:55.194+0300] {dag.py:4180} INFO - Setting next_dagrun for example_trigger_target_dag to None, run_after=None
[2026-05-04T00:58:55.214+0300] {processor.py:208} INFO - Processing /home/nikita/airflow-setup/ENV/lib/python3.12/site-packages/airflow/example_dags/example_trigger_target_dag.py took 0.063 seconds
[2026-05-04T00:59:56.026+0300] {processor.py:186} INFO - Started process (PID=8238) to work on /home/nikita/airflow-setup/ENV/lib/python3.12/site-packages/airflow/example_dags/example_trigger_target_dag.py
[2026-05-04T00:59:56.028+0300] {processor.py:914} INFO - Processing file /home/nikita/airflow-setup/ENV/lib/python3.12/site-packages/airflow/example_dags/example_trigger_target_dag.py for tasks to queue
[2026-05-04T00:59:56.030+0300] {logging_mixin.py:190} INFO - [2026-05-04T00:59:56.030+0300] {dagbag.py:588} INFO - Filling up the DagBag from /home/nikita/airflow-setup/ENV/lib/python3.12/site-packages/airflow/example_dags/example_trigger_target_dag.py
[2026-05-04T00:59:56.036+0300] {processor.py:925} INFO - DAG(s) 'example_trigger_target_dag' retrieved from /home/nikita/airflow-setup/ENV/lib/python3.12/site-packages/airflow/example_dags/example_trigger_target_dag.py
[2026-05-04T00:59:56.047+0300] {logging_mixin.py:190} INFO - [2026-05-04T00:59:56.047+0300] {dag.py:3239} INFO - Sync 1 DAGs
[2026-05-04T00:59:56.055+0300] {logging_mixin.py:190} INFO - [2026-05-04T00:59:56.055+0300] {dag.py:4180} INFO - Setting next_dagrun for example_trigger_target_dag to None, run_after=None
[2026-05-04T00:59:56.071+0300] {processor.py:208} INFO - Processing /home/nikita/airflow-setup/ENV/lib/python3.12/site-packages/airflow/example_dags/example_trigger_target_dag.py took 0.049 seconds
[2026-05-04T01:00:59.715+0300] {processor.py:186} INFO - Started process (PID=8518) to work on /home/nikita/airflow-setup/ENV/lib/python3.12/site-packages/airflow/example_dags/example_trigger_target_dag.py
[2026-05-04T01:00:59.717+0300] {processor.py:914} INFO - Processing file /home/nikita/airflow-setup/ENV/lib/python3.12/site-packages/airflow/example_dags/example_trigger_target_dag.py for tasks to queue
[2026-05-04T01:00:59.718+0300] {logging_mixin.py:190} INFO - [2026-05-04T01:00:59.717+0300] {dagbag.py:588} INFO - Filling up the DagBag from /home/nikita/airflow-setup/ENV/lib/python3.12/site-packages/airflow/example_dags/example_trigger_target_dag.py
[2026-05-04T01:00:59.724+0300] {processor.py:925} INFO - DAG(s) 'example_trigger_target_dag' retrieved from /home/nikita/airflow-setup/ENV/lib/python3.12/site-packages/airflow/example_dags/example_trigger_target_dag.py
[2026-05-04T01:00:59.735+0300] {logging_mixin.py:190} INFO - [2026-05-04T01:00:59.734+0300] {dag.py:3239} INFO - Sync 1 DAGs
[2026-05-04T01:00:59.744+0300] {logging_mixin.py:190} INFO - [2026-05-04T01:00:59.743+0300] {dag.py:4180} INFO - Setting next_dagrun for example_trigger_target_dag to None, run_after=None
[2026-05-04T01:00:59.761+0300] {processor.py:208} INFO - Processing /home/nikita/airflow-setup/ENV/lib/python3.12/site-packages/airflow/example_dags/example_trigger_target_dag.py took 0.050 seconds
[2026-05-04T01:02:07.181+0300] {processor.py:186} INFO - Started process (PID=9129) to work on /home/nikita/airflow-setup/ENV/lib/python3.12/site-packages/airflow/example_dags/example_trigger_target_dag.py
[2026-05-04T01:02:07.190+0300] {processor.py:914} INFO - Processing file /home/nikita/airflow-setup/ENV/lib/python3.12/site-packages/airflow/example_dags/example_trigger_target_dag.py for tasks to queue
[2026-05-04T01:02:07.191+0300] {logging_mixin.py:190} INFO - [2026-05-04T01:02:07.191+0300] {dagbag.py:588} INFO - Filling up the DagBag from /home/nikita/airflow-setup/ENV/lib/python3.12/site-packages/airflow/example_dags/example_trigger_target_dag.py
[2026-05-04T01:02:07.197+0300] {processor.py:925} INFO - DAG(s) 'example_trigger_target_dag' retrieved from /home/nikita/airflow-setup/ENV/lib/python3.12/site-packages/airflow/example_dags/example_trigger_target_dag.py
[2026-05-04T01:02:07.207+0300] {logging_mixin.py:190} INFO - [2026-05-04T01:02:07.207+0300] {dag.py:3239} INFO - Sync 1 DAGs
[2026-05-04T01:02:07.215+0300] {logging_mixin.py:190} INFO - [2026-05-04T01:02:07.215+0300] {dag.py:4180} INFO - Setting next_dagrun for example_trigger_target_dag to None, run_after=None
[2026-05-04T01:02:07.231+0300] {processor.py:208} INFO - Processing /home/nikita/airflow-setup/ENV/lib/python3.12/site-packages/airflow/example_dags/example_trigger_target_dag.py took 0.053 seconds
[2026-05-04T01:03:14.917+0300] {processor.py:186} INFO - Started process (PID=9650) to work on /home/nikita/airflow-setup/ENV/lib/python3.12/site-packages/airflow/example_dags/example_trigger_target_dag.py
[2026-05-04T01:03:14.926+0300] {processor.py:914} INFO - Processing file /home/nikita/airflow-setup/ENV/lib/python3.12/site-packages/airflow/example_dags/example_trigger_target_dag.py for tasks to queue
[2026-05-04T01:03:14.927+0300] {logging_mixin.py:190} INFO - [2026-05-04T01:03:14.927+0300] {dagbag.py:588} INFO - Filling up the DagBag from /home/nikita/airflow-setup/ENV/lib/python3.12/site-packages/airflow/example_dags/example_trigger_target_dag.py
[2026-05-04T01:03:14.933+0300] {processor.py:925} INFO - DAG(s) 'example_trigger_target_dag' retrieved from /home/nikita/airflow-setup/ENV/lib/python3.12/site-packages/airflow/example_dags/example_trigger_target_dag.py
[2026-05-04T01:03:14.943+0300] {logging_mixin.py:190} INFO - [2026-05-04T01:03:14.943+0300] {dag.py:3239} INFO - Sync 1 DAGs
[2026-05-04T01:03:14.952+0300] {logging_mixin.py:190} INFO - [2026-05-04T01:03:14.952+0300] {dag.py:4180} INFO - Setting next_dagrun for example_trigger_target_dag to None, run_after=None
[2026-05-04T01:03:14.968+0300] {processor.py:208} INFO - Processing /home/nikita/airflow-setup/ENV/lib/python3.12/site-packages/airflow/example_dags/example_trigger_target_dag.py took 0.055 seconds
[2026-05-04T01:04:15.656+0300] {processor.py:186} INFO - Started process (PID=9916) to work on /home/nikita/airflow-setup/ENV/lib/python3.12/site-packages/airflow/example_dags/example_trigger_target_dag.py
[2026-05-04T01:04:15.658+0300] {processor.py:914} INFO - Processing file /home/nikita/airflow-setup/ENV/lib/python3.12/site-packages/airflow/example_dags/example_trigger_target_dag.py for tasks to queue
[2026-05-04T01:04:15.659+0300] {logging_mixin.py:190} INFO - [2026-05-04T01:04:15.659+0300] {dagbag.py:588} INFO - Filling up the DagBag from /home/nikita/airflow-setup/ENV/lib/python3.12/site-packages/airflow/example_dags/example_trigger_target_dag.py
[2026-05-04T01:04:15.666+0300] {processor.py:925} INFO - DAG(s) 'example_trigger_target_dag' retrieved from /home/nikita/airflow-setup/ENV/lib/python3.12/site-packages/airflow/example_dags/example_trigger_target_dag.py
[2026-05-04T01:04:15.677+0300] {logging_mixin.py:190} INFO - [2026-05-04T01:04:15.676+0300] {dag.py:3239} INFO - Sync 1 DAGs
[2026-05-04T01:04:15.686+0300] {logging_mixin.py:190} INFO - [2026-05-04T01:04:15.686+0300] {dag.py:4180} INFO - Setting next_dagrun for example_trigger_target_dag to None, run_after=None
[2026-05-04T01:04:15.702+0300] {processor.py:208} INFO - Processing /home/nikita/airflow-setup/ENV/lib/python3.12/site-packages/airflow/example_dags/example_trigger_target_dag.py took 0.050 seconds
[2026-05-04T01:05:21.576+0300] {processor.py:186} INFO - Started process (PID=10173) to work on /home/nikita/airflow-setup/ENV/lib/python3.12/site-packages/airflow/example_dags/example_trigger_target_dag.py
[2026-05-04T01:05:21.585+0300] {processor.py:914} INFO - Processing file /home/nikita/airflow-setup/ENV/lib/python3.12/site-packages/airflow/example_dags/example_trigger_target_dag.py for tasks to queue
[2026-05-04T01:05:21.586+0300] {logging_mixin.py:190} INFO - [2026-05-04T01:05:21.586+0300] {dagbag.py:588} INFO - Filling up the DagBag from /home/nikita/airflow-setup/ENV/lib/python3.12/site-packages/airflow/example_dags/example_trigger_target_dag.py
[2026-05-04T01:05:21.593+0300] {processor.py:925} INFO - DAG(s) 'example_trigger_target_dag' retrieved from /home/nikita/airflow-setup/ENV/lib/python3.12/site-packages/airflow/example_dags/example_trigger_target_dag.py
[2026-05-04T01:05:21.604+0300] {logging_mixin.py:190} INFO - [2026-05-04T01:05:21.604+0300] {dag.py:3239} INFO - Sync 1 DAGs
[2026-05-04T01:05:21.614+0300] {logging_mixin.py:190} INFO - [2026-05-04T01:05:21.614+0300] {dag.py:4180} INFO - Setting next_dagrun for example_trigger_target_dag to None, run_after=None
[2026-05-04T01:05:21.631+0300] {processor.py:208} INFO - Processing /home/nikita/airflow-setup/ENV/lib/python3.12/site-packages/airflow/example_dags/example_trigger_target_dag.py took 0.059 seconds
[2026-05-04T01:06:27.505+0300] {processor.py:186} INFO - Started process (PID=10450) to work on /home/nikita/airflow-setup/ENV/lib/python3.12/site-packages/airflow/example_dags/example_trigger_target_dag.py
[2026-05-04T01:06:27.507+0300] {processor.py:914} INFO - Processing file /home/nikita/airflow-setup/ENV/lib/python3.12/site-packages/airflow/example_dags/example_trigger_target_dag.py for tasks to queue
[2026-05-04T01:06:27.508+0300] {logging_mixin.py:190} INFO - [2026-05-04T01:06:27.508+0300] {dagbag.py:588} INFO - Filling up the DagBag from /home/nikita/airflow-setup/ENV/lib/python3.12/site-packages/airflow/example_dags/example_trigger_target_dag.py
[2026-05-04T01:06:27.515+0300] {processor.py:925} INFO - DAG(s) 'example_trigger_target_dag' retrieved from /home/nikita/airflow-setup/ENV/lib/python3.12/site-packages/airflow/example_dags/example_trigger_target_dag.py
[2026-05-04T01:06:27.526+0300] {logging_mixin.py:190} INFO - [2026-05-04T01:06:27.525+0300] {dag.py:3239} INFO - Sync 1 DAGs
[2026-05-04T01:06:27.534+0300] {logging_mixin.py:190} INFO - [2026-05-04T01:06:27.534+0300] {dag.py:4180} INFO - Setting next_dagrun for example_trigger_target_dag to None, run_after=None
[2026-05-04T01:06:27.551+0300] {processor.py:208} INFO - Processing /home/nikita/airflow-setup/ENV/lib/python3.12/site-packages/airflow/example_dags/example_trigger_target_dag.py took 0.050 seconds
[2026-05-04T01:07:33.692+0300] {processor.py:186} INFO - Started process (PID=10699) to work on /home/nikita/airflow-setup/ENV/lib/python3.12/site-packages/airflow/example_dags/example_trigger_target_dag.py
[2026-05-04T01:07:33.693+0300] {processor.py:914} INFO - Processing file /home/nikita/airflow-setup/ENV/lib/python3.12/site-packages/airflow/example_dags/example_trigger_target_dag.py for tasks to queue
[2026-05-04T01:07:33.695+0300] {logging_mixin.py:190} INFO - [2026-05-04T01:07:33.694+0300] {dagbag.py:588} INFO - Filling up the DagBag from /home/nikita/airflow-setup/ENV/lib/python3.12/site-packages/airflow/example_dags/example_trigger_target_dag.py
[2026-05-04T01:07:33.702+0300] {processor.py:925} INFO - DAG(s) 'example_trigger_target_dag' retrieved from /home/nikita/airflow-setup/ENV/lib/python3.12/site-packages/airflow/example_dags/example_trigger_target_dag.py
[2026-05-04T01:07:33.714+0300] {logging_mixin.py:190} INFO - [2026-05-04T01:07:33.714+0300] {dag.py:3239} INFO - Sync 1 DAGs
[2026-05-04T01:07:33.725+0300] {logging_mixin.py:190} INFO - [2026-05-04T01:07:33.724+0300] {dag.py:4180} INFO - Setting next_dagrun for example_trigger_target_dag to None, run_after=None
[2026-05-04T01:07:33.743+0300] {processor.py:208} INFO - Processing /home/nikita/airflow-setup/ENV/lib/python3.12/site-packages/airflow/example_dags/example_trigger_target_dag.py took 0.055 seconds
[2026-05-04T01:08:41.590+0300] {processor.py:186} INFO - Started process (PID=11263) to work on /home/nikita/airflow-setup/ENV/lib/python3.12/site-packages/airflow/example_dags/example_trigger_target_dag.py
[2026-05-04T01:08:41.598+0300] {processor.py:914} INFO - Processing file /home/nikita/airflow-setup/ENV/lib/python3.12/site-packages/airflow/example_dags/example_trigger_target_dag.py for tasks to queue
[2026-05-04T01:08:41.600+0300] {logging_mixin.py:190} INFO - [2026-05-04T01:08:41.599+0300] {dagbag.py:588} INFO - Filling up the DagBag from /home/nikita/airflow-setup/ENV/lib/python3.12/site-packages/airflow/example_dags/example_trigger_target_dag.py
[2026-05-04T01:08:41.607+0300] {processor.py:925} INFO - DAG(s) 'example_trigger_target_dag' retrieved from /home/nikita/airflow-setup/ENV/lib/python3.12/site-packages/airflow/example_dags/example_trigger_target_dag.py
[2026-05-04T01:08:41.619+0300] {logging_mixin.py:190} INFO - [2026-05-04T01:08:41.619+0300] {dag.py:3239} INFO - Sync 1 DAGs
[2026-05-04T01:08:41.630+0300] {logging_mixin.py:190} INFO - [2026-05-04T01:08:41.629+0300] {dag.py:4180} INFO - Setting next_dagrun for example_trigger_target_dag to None, run_after=None
[2026-05-04T01:08:41.649+0300] {processor.py:208} INFO - Processing /home/nikita/airflow-setup/ENV/lib/python3.12/site-packages/airflow/example_dags/example_trigger_target_dag.py took 0.064 seconds
[2026-05-04T01:09:48.987+0300] {processor.py:186} INFO - Started process (PID=12155) to work on /home/nikita/airflow-setup/ENV/lib/python3.12/site-packages/airflow/example_dags/example_trigger_target_dag.py
[2026-05-04T01:09:48.989+0300] {processor.py:914} INFO - Processing file /home/nikita/airflow-setup/ENV/lib/python3.12/site-packages/airflow/example_dags/example_trigger_target_dag.py for tasks to queue
[2026-05-04T01:09:48.990+0300] {logging_mixin.py:190} INFO - [2026-05-04T01:09:48.990+0300] {dagbag.py:588} INFO - Filling up the DagBag from /home/nikita/airflow-setup/ENV/lib/python3.12/site-packages/airflow/example_dags/example_trigger_target_dag.py
[2026-05-04T01:09:48.997+0300] {processor.py:925} INFO - DAG(s) 'example_trigger_target_dag' retrieved from /home/nikita/airflow-setup/ENV/lib/python3.12/site-packages/airflow/example_dags/example_trigger_target_dag.py
[2026-05-04T01:09:49.008+0300] {logging_mixin.py:190} INFO - [2026-05-04T01:09:49.008+0300] {dag.py:3239} INFO - Sync 1 DAGs
[2026-05-04T01:09:49.018+0300] {logging_mixin.py:190} INFO - [2026-05-04T01:09:49.018+0300] {dag.py:4180} INFO - Setting next_dagrun for example_trigger_target_dag to None, run_after=None
[2026-05-04T01:09:49.033+0300] {processor.py:208} INFO - Processing /home/nikita/airflow-setup/ENV/lib/python3.12/site-packages/airflow/example_dags/example_trigger_target_dag.py took 0.051 seconds
[2026-05-04T01:10:59.183+0300] {processor.py:186} INFO - Started process (PID=12413) to work on /home/nikita/airflow-setup/ENV/lib/python3.12/site-packages/airflow/example_dags/example_trigger_target_dag.py
[2026-05-04T01:10:59.184+0300] {processor.py:914} INFO - Processing file /home/nikita/airflow-setup/ENV/lib/python3.12/site-packages/airflow/example_dags/example_trigger_target_dag.py for tasks to queue
[2026-05-04T01:10:59.185+0300] {logging_mixin.py:190} INFO - [2026-05-04T01:10:59.185+0300] {dagbag.py:588} INFO - Filling up the DagBag from /home/nikita/airflow-setup/ENV/lib/python3.12/site-packages/airflow/example_dags/example_trigger_target_dag.py
[2026-05-04T01:10:59.191+0300] {processor.py:925} INFO - DAG(s) 'example_trigger_target_dag' retrieved from /home/nikita/airflow-setup/ENV/lib/python3.12/site-packages/airflow/example_dags/example_trigger_target_dag.py
[2026-05-04T01:10:59.201+0300] {logging_mixin.py:190} INFO - [2026-05-04T01:10:59.201+0300] {dag.py:3239} INFO - Sync 1 DAGs
[2026-05-04T01:10:59.210+0300] {logging_mixin.py:190} INFO - [2026-05-04T01:10:59.210+0300] {dag.py:4180} INFO - Setting next_dagrun for example_trigger_target_dag to None, run_after=None
[2026-05-04T01:10:59.227+0300] {processor.py:208} INFO - Processing /home/nikita/airflow-setup/ENV/lib/python3.12/site-packages/airflow/example_dags/example_trigger_target_dag.py took 0.048 seconds
[2026-05-04T01:12:03.795+0300] {processor.py:186} INFO - Started process (PID=12665) to work on /home/nikita/airflow-setup/ENV/lib/python3.12/site-packages/airflow/example_dags/example_trigger_target_dag.py
[2026-05-04T01:12:03.803+0300] {processor.py:914} INFO - Processing file /home/nikita/airflow-setup/ENV/lib/python3.12/site-packages/airflow/example_dags/example_trigger_target_dag.py for tasks to queue
[2026-05-04T01:12:03.805+0300] {logging_mixin.py:190} INFO - [2026-05-04T01:12:03.804+0300] {dagbag.py:588} INFO - Filling up the DagBag from /home/nikita/airflow-setup/ENV/lib/python3.12/site-packages/airflow/example_dags/example_trigger_target_dag.py
[2026-05-04T01:12:03.811+0300] {processor.py:925} INFO - DAG(s) 'example_trigger_target_dag' retrieved from /home/nikita/airflow-setup/ENV/lib/python3.12/site-packages/airflow/example_dags/example_trigger_target_dag.py
[2026-05-04T01:12:03.822+0300] {logging_mixin.py:190} INFO - [2026-05-04T01:12:03.822+0300] {dag.py:3239} INFO - Sync 1 DAGs
[2026-05-04T01:12:03.833+0300] {logging_mixin.py:190} INFO - [2026-05-04T01:12:03.832+0300] {dag.py:4180} INFO - Setting next_dagrun for example_trigger_target_dag to None, run_after=None
[2026-05-04T01:12:03.851+0300] {processor.py:208} INFO - Processing /home/nikita/airflow-setup/ENV/lib/python3.12/site-packages/airflow/example_dags/example_trigger_target_dag.py took 0.060 seconds
[2026-05-04T01:13:04.090+0300] {processor.py:186} INFO - Started process (PID=12959) to work on /home/nikita/airflow-setup/ENV/lib/python3.12/site-packages/airflow/example_dags/example_trigger_target_dag.py
[2026-05-04T01:13:04.100+0300] {processor.py:914} INFO - Processing file /home/nikita/airflow-setup/ENV/lib/python3.12/site-packages/airflow/example_dags/example_trigger_target_dag.py for tasks to queue
[2026-05-04T01:13:04.101+0300] {logging_mixin.py:190} INFO - [2026-05-04T01:13:04.100+0300] {dagbag.py:588} INFO - Filling up the DagBag from /home/nikita/airflow-setup/ENV/lib/python3.12/site-packages/airflow/example_dags/example_trigger_target_dag.py
[2026-05-04T01:13:04.107+0300] {processor.py:925} INFO - DAG(s) 'example_trigger_target_dag' retrieved from /home/nikita/airflow-setup/ENV/lib/python3.12/site-packages/airflow/example_dags/example_trigger_target_dag.py
[2026-05-04T01:13:04.118+0300] {logging_mixin.py:190} INFO - [2026-05-04T01:13:04.118+0300] {dag.py:3239} INFO - Sync 1 DAGs
[2026-05-04T01:13:04.127+0300] {logging_mixin.py:190} INFO - [2026-05-04T01:13:04.127+0300] {dag.py:4180} INFO - Setting next_dagrun for example_trigger_target_dag to None, run_after=None
[2026-05-04T01:13:04.145+0300] {processor.py:208} INFO - Processing /home/nikita/airflow-setup/ENV/lib/python3.12/site-packages/airflow/example_dags/example_trigger_target_dag.py took 0.059 seconds
[2026-05-04T01:14:07.392+0300] {processor.py:186} INFO - Started process (PID=13654) to work on /home/nikita/airflow-setup/ENV/lib/python3.12/site-packages/airflow/example_dags/example_trigger_target_dag.py
[2026-05-04T01:14:07.394+0300] {processor.py:914} INFO - Processing file /home/nikita/airflow-setup/ENV/lib/python3.12/site-packages/airflow/example_dags/example_trigger_target_dag.py for tasks to queue
[2026-05-04T01:14:07.396+0300] {logging_mixin.py:190} INFO - [2026-05-04T01:14:07.395+0300] {dagbag.py:588} INFO - Filling up the DagBag from /home/nikita/airflow-setup/ENV/lib/python3.12/site-packages/airflow/example_dags/example_trigger_target_dag.py
[2026-05-04T01:14:07.409+0300] {processor.py:925} INFO - DAG(s) 'example_trigger_target_dag' retrieved from /home/nikita/airflow-setup/ENV/lib/python3.12/site-packages/airflow/example_dags/example_trigger_target_dag.py
[2026-05-04T01:14:07.427+0300] {logging_mixin.py:190} INFO - [2026-05-04T01:14:07.426+0300] {dag.py:3239} INFO - Sync 1 DAGs
[2026-05-04T01:14:07.439+0300] {logging_mixin.py:190} INFO - [2026-05-04T01:14:07.439+0300] {dag.py:4180} INFO - Setting next_dagrun for example_trigger_target_dag to None, run_after=None
[2026-05-04T01:14:07.458+0300] {processor.py:208} INFO - Processing /home/nikita/airflow-setup/ENV/lib/python3.12/site-packages/airflow/example_dags/example_trigger_target_dag.py took 0.073 seconds
[2026-05-04T01:15:15.303+0300] {processor.py:186} INFO - Started process (PID=14457) to work on /home/nikita/airflow-setup/ENV/lib/python3.12/site-packages/airflow/example_dags/example_trigger_target_dag.py
[2026-05-04T01:15:15.305+0300] {processor.py:914} INFO - Processing file /home/nikita/airflow-setup/ENV/lib/python3.12/site-packages/airflow/example_dags/example_trigger_target_dag.py for tasks to queue
[2026-05-04T01:15:15.307+0300] {logging_mixin.py:190} INFO - [2026-05-04T01:15:15.306+0300] {dagbag.py:588} INFO - Filling up the DagBag from /home/nikita/airflow-setup/ENV/lib/python3.12/site-packages/airflow/example_dags/example_trigger_target_dag.py
[2026-05-04T01:15:15.313+0300] {processor.py:925} INFO - DAG(s) 'example_trigger_target_dag' retrieved from /home/nikita/airflow-setup/ENV/lib/python3.12/site-packages/airflow/example_dags/example_trigger_target_dag.py
[2026-05-04T01:15:15.324+0300] {logging_mixin.py:190} INFO - [2026-05-04T01:15:15.324+0300] {dag.py:3239} INFO - Sync 1 DAGs
[2026-05-04T01:15:15.334+0300] {logging_mixin.py:190} INFO - [2026-05-04T01:15:15.333+0300] {dag.py:4180} INFO - Setting next_dagrun for example_trigger_target_dag to None, run_after=None
[2026-05-04T01:15:15.351+0300] {processor.py:208} INFO - Processing /home/nikita/airflow-setup/ENV/lib/python3.12/site-packages/airflow/example_dags/example_trigger_target_dag.py took 0.052 seconds
[2026-05-04T01:16:22.751+0300] {processor.py:186} INFO - Started process (PID=15670) to work on /home/nikita/airflow-setup/ENV/lib/python3.12/site-packages/airflow/example_dags/example_trigger_target_dag.py
[2026-05-04T01:16:22.760+0300] {processor.py:914} INFO - Processing file /home/nikita/airflow-setup/ENV/lib/python3.12/site-packages/airflow/example_dags/example_trigger_target_dag.py for tasks to queue
[2026-05-04T01:16:22.761+0300] {logging_mixin.py:190} INFO - [2026-05-04T01:16:22.761+0300] {dagbag.py:588} INFO - Filling up the DagBag from /home/nikita/airflow-setup/ENV/lib/python3.12/site-packages/airflow/example_dags/example_trigger_target_dag.py
[2026-05-04T01:16:22.769+0300] {processor.py:925} INFO - DAG(s) 'example_trigger_target_dag' retrieved from /home/nikita/airflow-setup/ENV/lib/python3.12/site-packages/airflow/example_dags/example_trigger_target_dag.py
[2026-05-04T01:16:22.781+0300] {logging_mixin.py:190} INFO - [2026-05-04T01:16:22.781+0300] {dag.py:3239} INFO - Sync 1 DAGs
[2026-05-04T01:16:22.792+0300] {logging_mixin.py:190} INFO - [2026-05-04T01:16:22.791+0300] {dag.py:4180} INFO - Setting next_dagrun for example_trigger_target_dag to None, run_after=None
[2026-05-04T01:16:22.809+0300] {processor.py:208} INFO - Processing /home/nikita/airflow-setup/ENV/lib/python3.12/site-packages/airflow/example_dags/example_trigger_target_dag.py took 0.063 seconds
[2026-05-04T01:17:31.785+0300] {processor.py:186} INFO - Started process (PID=15938) to work on /home/nikita/airflow-setup/ENV/lib/python3.12/site-packages/airflow/example_dags/example_trigger_target_dag.py
[2026-05-04T01:17:31.786+0300] {processor.py:914} INFO - Processing file /home/nikita/airflow-setup/ENV/lib/python3.12/site-packages/airflow/example_dags/example_trigger_target_dag.py for tasks to queue
[2026-05-04T01:17:31.787+0300] {logging_mixin.py:190} INFO - [2026-05-04T01:17:31.787+0300] {dagbag.py:588} INFO - Filling up the DagBag from /home/nikita/airflow-setup/ENV/lib/python3.12/site-packages/airflow/example_dags/example_trigger_target_dag.py
[2026-05-04T01:17:31.794+0300] {processor.py:925} INFO - DAG(s) 'example_trigger_target_dag' retrieved from /home/nikita/airflow-setup/ENV/lib/python3.12/site-packages/airflow/example_dags/example_trigger_target_dag.py
[2026-05-04T01:17:31.806+0300] {logging_mixin.py:190} INFO - [2026-05-04T01:17:31.806+0300] {dag.py:3239} INFO - Sync 1 DAGs
[2026-05-04T01:17:31.816+0300] {logging_mixin.py:190} INFO - [2026-05-04T01:17:31.816+0300] {dag.py:4180} INFO - Setting next_dagrun for example_trigger_target_dag to None, run_after=None
[2026-05-04T01:17:31.834+0300] {processor.py:208} INFO - Processing /home/nikita/airflow-setup/ENV/lib/python3.12/site-packages/airflow/example_dags/example_trigger_target_dag.py took 0.056 seconds
[2026-05-04T01:18:39.556+0300] {processor.py:186} INFO - Started process (PID=16189) to work on /home/nikita/airflow-setup/ENV/lib/python3.12/site-packages/airflow/example_dags/example_trigger_target_dag.py
[2026-05-04T01:18:39.558+0300] {processor.py:914} INFO - Processing file /home/nikita/airflow-setup/ENV/lib/python3.12/site-packages/airflow/example_dags/example_trigger_target_dag.py for tasks to queue
[2026-05-04T01:18:39.559+0300] {logging_mixin.py:190} INFO - [2026-05-04T01:18:39.559+0300] {dagbag.py:588} INFO - Filling up the DagBag from /home/nikita/airflow-setup/ENV/lib/python3.12/site-packages/airflow/example_dags/example_trigger_target_dag.py
[2026-05-04T01:18:39.567+0300] {processor.py:925} INFO - DAG(s) 'example_trigger_target_dag' retrieved from /home/nikita/airflow-setup/ENV/lib/python3.12/site-packages/airflow/example_dags/example_trigger_target_dag.py
[2026-05-04T01:18:39.579+0300] {logging_mixin.py:190} INFO - [2026-05-04T01:18:39.579+0300] {dag.py:3239} INFO - Sync 1 DAGs
[2026-05-04T01:18:39.591+0300] {logging_mixin.py:190} INFO - [2026-05-04T01:18:39.590+0300] {dag.py:4180} INFO - Setting next_dagrun for example_trigger_target_dag to None, run_after=None
[2026-05-04T01:18:39.613+0300] {processor.py:208} INFO - Processing /home/nikita/airflow-setup/ENV/lib/python3.12/site-packages/airflow/example_dags/example_trigger_target_dag.py took 0.062 seconds
[2026-05-04T01:19:43.274+0300] {processor.py:186} INFO - Started process (PID=16440) to work on /home/nikita/airflow-setup/ENV/lib/python3.12/site-packages/airflow/example_dags/example_trigger_target_dag.py
[2026-05-04T01:19:43.283+0300] {processor.py:914} INFO - Processing file /home/nikita/airflow-setup/ENV/lib/python3.12/site-packages/airflow/example_dags/example_trigger_target_dag.py for tasks to queue
[2026-05-04T01:19:43.284+0300] {logging_mixin.py:190} INFO - [2026-05-04T01:19:43.283+0300] {dagbag.py:588} INFO - Filling up the DagBag from /home/nikita/airflow-setup/ENV/lib/python3.12/site-packages/airflow/example_dags/example_trigger_target_dag.py
[2026-05-04T01:19:43.290+0300] {processor.py:925} INFO - DAG(s) 'example_trigger_target_dag' retrieved from /home/nikita/airflow-setup/ENV/lib/python3.12/site-packages/airflow/example_dags/example_trigger_target_dag.py
[2026-05-04T01:19:43.301+0300] {logging_mixin.py:190} INFO - [2026-05-04T01:19:43.300+0300] {dag.py:3239} INFO - Sync 1 DAGs
[2026-05-04T01:19:43.309+0300] {logging_mixin.py:190} INFO - [2026-05-04T01:19:43.309+0300] {dag.py:4180} INFO - Setting next_dagrun for example_trigger_target_dag to None, run_after=None
[2026-05-04T01:19:43.329+0300] {processor.py:208} INFO - Processing /home/nikita/airflow-setup/ENV/lib/python3.12/site-packages/airflow/example_dags/example_trigger_target_dag.py took 0.059 seconds
[2026-05-04T01:20:52.025+0300] {processor.py:186} INFO - Started process (PID=16707) to work on /home/nikita/airflow-setup/ENV/lib/python3.12/site-packages/airflow/example_dags/example_trigger_target_dag.py
[2026-05-04T01:20:52.033+0300] {processor.py:914} INFO - Processing file /home/nikita/airflow-setup/ENV/lib/python3.12/site-packages/airflow/example_dags/example_trigger_target_dag.py for tasks to queue
[2026-05-04T01:20:52.034+0300] {logging_mixin.py:190} INFO - [2026-05-04T01:20:52.034+0300] {dagbag.py:588} INFO - Filling up the DagBag from /home/nikita/airflow-setup/ENV/lib/python3.12/site-packages/airflow/example_dags/example_trigger_target_dag.py
[2026-05-04T01:20:52.043+0300] {processor.py:925} INFO - DAG(s) 'example_trigger_target_dag' retrieved from /home/nikita/airflow-setup/ENV/lib/python3.12/site-packages/airflow/example_dags/example_trigger_target_dag.py
[2026-05-04T01:20:52.057+0300] {logging_mixin.py:190} INFO - [2026-05-04T01:20:52.057+0300] {dag.py:3239} INFO - Sync 1 DAGs
[2026-05-04T01:20:52.068+0300] {logging_mixin.py:190} INFO - [2026-05-04T01:20:52.068+0300] {dag.py:4180} INFO - Setting next_dagrun for example_trigger_target_dag to None, run_after=None
[2026-05-04T01:20:52.086+0300] {processor.py:208} INFO - Processing /home/nikita/airflow-setup/ENV/lib/python3.12/site-packages/airflow/example_dags/example_trigger_target_dag.py took 0.066 seconds
[2026-05-04T01:21:58.516+0300] {processor.py:186} INFO - Started process (PID=16965) to work on /home/nikita/airflow-setup/ENV/lib/python3.12/site-packages/airflow/example_dags/example_trigger_target_dag.py
[2026-05-04T01:21:58.517+0300] {processor.py:914} INFO - Processing file /home/nikita/airflow-setup/ENV/lib/python3.12/site-packages/airflow/example_dags/example_trigger_target_dag.py for tasks to queue
[2026-05-04T01:21:58.519+0300] {logging_mixin.py:190} INFO - [2026-05-04T01:21:58.518+0300] {dagbag.py:588} INFO - Filling up the DagBag from /home/nikita/airflow-setup/ENV/lib/python3.12/site-packages/airflow/example_dags/example_trigger_target_dag.py
[2026-05-04T01:21:58.527+0300] {processor.py:925} INFO - DAG(s) 'example_trigger_target_dag' retrieved from /home/nikita/airflow-setup/ENV/lib/python3.12/site-packages/airflow/example_dags/example_trigger_target_dag.py
[2026-05-04T01:21:58.540+0300] {logging_mixin.py:190} INFO - [2026-05-04T01:21:58.540+0300] {dag.py:3239} INFO - Sync 1 DAGs
[2026-05-04T01:21:58.551+0300] {logging_mixin.py:190} INFO - [2026-05-04T01:21:58.551+0300] {dag.py:4180} INFO - Setting next_dagrun for example_trigger_target_dag to None, run_after=None
[2026-05-04T01:21:58.568+0300] {processor.py:208} INFO - Processing /home/nikita/airflow-setup/ENV/lib/python3.12/site-packages/airflow/example_dags/example_trigger_target_dag.py took 0.058 seconds
[2026-05-04T01:23:11.437+0300] {processor.py:186} INFO - Started process (PID=17238) to work on /home/nikita/airflow-setup/ENV/lib/python3.12/site-packages/airflow/example_dags/example_trigger_target_dag.py
[2026-05-04T01:23:11.447+0300] {processor.py:914} INFO - Processing file /home/nikita/airflow-setup/ENV/lib/python3.12/site-packages/airflow/example_dags/example_trigger_target_dag.py for tasks to queue
[2026-05-04T01:23:11.448+0300] {logging_mixin.py:190} INFO - [2026-05-04T01:23:11.448+0300] {dagbag.py:588} INFO - Filling up the DagBag from /home/nikita/airflow-setup/ENV/lib/python3.12/site-packages/airflow/example_dags/example_trigger_target_dag.py
[2026-05-04T01:23:11.454+0300] {processor.py:925} INFO - DAG(s) 'example_trigger_target_dag' retrieved from /home/nikita/airflow-setup/ENV/lib/python3.12/site-packages/airflow/example_dags/example_trigger_target_dag.py
[2026-05-04T01:23:11.464+0300] {logging_mixin.py:190} INFO - [2026-05-04T01:23:11.464+0300] {dag.py:3239} INFO - Sync 1 DAGs
[2026-05-04T01:23:11.473+0300] {logging_mixin.py:190} INFO - [2026-05-04T01:23:11.473+0300] {dag.py:4180} INFO - Setting next_dagrun for example_trigger_target_dag to None, run_after=None
[2026-05-04T01:23:11.489+0300] {processor.py:208} INFO - Processing /home/nikita/airflow-setup/ENV/lib/python3.12/site-packages/airflow/example_dags/example_trigger_target_dag.py took 0.056 seconds
[2026-05-04T01:24:16.481+0300] {processor.py:186} INFO - Started process (PID=17803) to work on /home/nikita/airflow-setup/ENV/lib/python3.12/site-packages/airflow/example_dags/example_trigger_target_dag.py
[2026-05-04T01:24:16.490+0300] {processor.py:914} INFO - Processing file /home/nikita/airflow-setup/ENV/lib/python3.12/site-packages/airflow/example_dags/example_trigger_target_dag.py for tasks to queue
[2026-05-04T01:24:16.491+0300] {logging_mixin.py:190} INFO - [2026-05-04T01:24:16.490+0300] {dagbag.py:588} INFO - Filling up the DagBag from /home/nikita/airflow-setup/ENV/lib/python3.12/site-packages/airflow/example_dags/example_trigger_target_dag.py
[2026-05-04T01:24:16.497+0300] {processor.py:925} INFO - DAG(s) 'example_trigger_target_dag' retrieved from /home/nikita/airflow-setup/ENV/lib/python3.12/site-packages/airflow/example_dags/example_trigger_target_dag.py
[2026-05-04T01:24:16.507+0300] {logging_mixin.py:190} INFO - [2026-05-04T01:24:16.507+0300] {dag.py:3239} INFO - Sync 1 DAGs
[2026-05-04T01:24:16.516+0300] {logging_mixin.py:190} INFO - [2026-05-04T01:24:16.516+0300] {dag.py:4180} INFO - Setting next_dagrun for example_trigger_target_dag to None, run_after=None
[2026-05-04T01:24:16.533+0300] {processor.py:208} INFO - Processing /home/nikita/airflow-setup/ENV/lib/python3.12/site-packages/airflow/example_dags/example_trigger_target_dag.py took 0.055 seconds
[2026-05-04T01:25:26.518+0300] {processor.py:186} INFO - Started process (PID=18103) to work on /home/nikita/airflow-setup/ENV/lib/python3.12/site-packages/airflow/example_dags/example_trigger_target_dag.py
[2026-05-04T01:25:26.526+0300] {processor.py:914} INFO - Processing file /home/nikita/airflow-setup/ENV/lib/python3.12/site-packages/airflow/example_dags/example_trigger_target_dag.py for tasks to queue
[2026-05-04T01:25:26.528+0300] {logging_mixin.py:190} INFO - [2026-05-04T01:25:26.527+0300] {dagbag.py:588} INFO - Filling up the DagBag from /home/nikita/airflow-setup/ENV/lib/python3.12/site-packages/airflow/example_dags/example_trigger_target_dag.py
[2026-05-04T01:25:26.535+0300] {processor.py:925} INFO - DAG(s) 'example_trigger_target_dag' retrieved from /home/nikita/airflow-setup/ENV/lib/python3.12/site-packages/airflow/example_dags/example_trigger_target_dag.py
[2026-05-04T01:25:26.546+0300] {logging_mixin.py:190} INFO - [2026-05-04T01:25:26.546+0300] {dag.py:3239} INFO - Sync 1 DAGs
[2026-05-04T01:25:26.554+0300] {logging_mixin.py:190} INFO - [2026-05-04T01:25:26.554+0300] {dag.py:4180} INFO - Setting next_dagrun for example_trigger_target_dag to None, run_after=None
[2026-05-04T01:25:26.571+0300] {processor.py:208} INFO - Processing /home/nikita/airflow-setup/ENV/lib/python3.12/site-packages/airflow/example_dags/example_trigger_target_dag.py took 0.060 seconds
[2026-05-04T01:26:37.543+0300] {processor.py:186} INFO - Started process (PID=19352) to work on /home/nikita/airflow-setup/ENV/lib/python3.12/site-packages/airflow/example_dags/example_trigger_target_dag.py
[2026-05-04T01:26:37.551+0300] {processor.py:914} INFO - Processing file /home/nikita/airflow-setup/ENV/lib/python3.12/site-packages/airflow/example_dags/example_trigger_target_dag.py for tasks to queue
[2026-05-04T01:26:37.552+0300] {logging_mixin.py:190} INFO - [2026-05-04T01:26:37.552+0300] {dagbag.py:588} INFO - Filling up the DagBag from /home/nikita/airflow-setup/ENV/lib/python3.12/site-packages/airflow/example_dags/example_trigger_target_dag.py
[2026-05-04T01:26:37.559+0300] {processor.py:925} INFO - DAG(s) 'example_trigger_target_dag' retrieved from /home/nikita/airflow-setup/ENV/lib/python3.12/site-packages/airflow/example_dags/example_trigger_target_dag.py
[2026-05-04T01:26:37.570+0300] {logging_mixin.py:190} INFO - [2026-05-04T01:26:37.570+0300] {dag.py:3239} INFO - Sync 1 DAGs
[2026-05-04T01:26:37.579+0300] {logging_mixin.py:190} INFO - [2026-05-04T01:26:37.579+0300] {dag.py:4180} INFO - Setting next_dagrun for example_trigger_target_dag to None, run_after=None
[2026-05-04T01:26:37.596+0300] {processor.py:208} INFO - Processing /home/nikita/airflow-setup/ENV/lib/python3.12/site-packages/airflow/example_dags/example_trigger_target_dag.py took 0.058 seconds
[2026-05-04T01:27:47.128+0300] {processor.py:186} INFO - Started process (PID=19618) to work on /home/nikita/airflow-setup/ENV/lib/python3.12/site-packages/airflow/example_dags/example_trigger_target_dag.py
[2026-05-04T01:27:47.130+0300] {processor.py:914} INFO - Processing file /home/nikita/airflow-setup/ENV/lib/python3.12/site-packages/airflow/example_dags/example_trigger_target_dag.py for tasks to queue
[2026-05-04T01:27:47.132+0300] {logging_mixin.py:190} INFO - [2026-05-04T01:27:47.131+0300] {dagbag.py:588} INFO - Filling up the DagBag from /home/nikita/airflow-setup/ENV/lib/python3.12/site-packages/airflow/example_dags/example_trigger_target_dag.py
[2026-05-04T01:27:47.141+0300] {processor.py:925} INFO - DAG(s) 'example_trigger_target_dag' retrieved from /home/nikita/airflow-setup/ENV/lib/python3.12/site-packages/airflow/example_dags/example_trigger_target_dag.py
[2026-05-04T01:27:47.156+0300] {logging_mixin.py:190} INFO - [2026-05-04T01:27:47.156+0300] {dag.py:3239} INFO - Sync 1 DAGs
[2026-05-04T01:27:47.169+0300] {logging_mixin.py:190} INFO - [2026-05-04T01:27:47.169+0300] {dag.py:4180} INFO - Setting next_dagrun for example_trigger_target_dag to None, run_after=None
[2026-05-04T01:27:47.324+0300] {processor.py:208} INFO - Processing /home/nikita/airflow-setup/ENV/lib/python3.12/site-packages/airflow/example_dags/example_trigger_target_dag.py took 0.202 seconds
[2026-05-04T01:28:58.990+0300] {processor.py:186} INFO - Started process (PID=19894) to work on /home/nikita/airflow-setup/ENV/lib/python3.12/site-packages/airflow/example_dags/example_trigger_target_dag.py
[2026-05-04T01:28:58.998+0300] {processor.py:914} INFO - Processing file /home/nikita/airflow-setup/ENV/lib/python3.12/site-packages/airflow/example_dags/example_trigger_target_dag.py for tasks to queue
[2026-05-04T01:28:58.999+0300] {logging_mixin.py:190} INFO - [2026-05-04T01:28:58.998+0300] {dagbag.py:588} INFO - Filling up the DagBag from /home/nikita/airflow-setup/ENV/lib/python3.12/site-packages/airflow/example_dags/example_trigger_target_dag.py
[2026-05-04T01:28:59.006+0300] {processor.py:925} INFO - DAG(s) 'example_trigger_target_dag' retrieved from /home/nikita/airflow-setup/ENV/lib/python3.12/site-packages/airflow/example_dags/example_trigger_target_dag.py
[2026-05-04T01:28:59.017+0300] {logging_mixin.py:190} INFO - [2026-05-04T01:28:59.017+0300] {dag.py:3239} INFO - Sync 1 DAGs
[2026-05-04T01:28:59.026+0300] {logging_mixin.py:190} INFO - [2026-05-04T01:28:59.026+0300] {dag.py:4180} INFO - Setting next_dagrun for example_trigger_target_dag to None, run_after=None
[2026-05-04T01:28:59.042+0300] {processor.py:208} INFO - Processing /home/nikita/airflow-setup/ENV/lib/python3.12/site-packages/airflow/example_dags/example_trigger_target_dag.py took 0.057 seconds
[2026-05-04T01:30:09.683+0300] {processor.py:186} INFO - Started process (PID=20157) to work on /home/nikita/airflow-setup/ENV/lib/python3.12/site-packages/airflow/example_dags/example_trigger_target_dag.py
[2026-05-04T01:30:09.692+0300] {processor.py:914} INFO - Processing file /home/nikita/airflow-setup/ENV/lib/python3.12/site-packages/airflow/example_dags/example_trigger_target_dag.py for tasks to queue
[2026-05-04T01:30:09.693+0300] {logging_mixin.py:190} INFO - [2026-05-04T01:30:09.693+0300] {dagbag.py:588} INFO - Filling up the DagBag from /home/nikita/airflow-setup/ENV/lib/python3.12/site-packages/airflow/example_dags/example_trigger_target_dag.py
[2026-05-04T01:30:09.701+0300] {processor.py:925} INFO - DAG(s) 'example_trigger_target_dag' retrieved from /home/nikita/airflow-setup/ENV/lib/python3.12/site-packages/airflow/example_dags/example_trigger_target_dag.py
[2026-05-04T01:30:09.713+0300] {logging_mixin.py:190} INFO - [2026-05-04T01:30:09.712+0300] {dag.py:3239} INFO - Sync 1 DAGs
[2026-05-04T01:30:09.722+0300] {logging_mixin.py:190} INFO - [2026-05-04T01:30:09.722+0300] {dag.py:4180} INFO - Setting next_dagrun for example_trigger_target_dag to None, run_after=None
[2026-05-04T01:30:09.741+0300] {processor.py:208} INFO - Processing /home/nikita/airflow-setup/ENV/lib/python3.12/site-packages/airflow/example_dags/example_trigger_target_dag.py took 0.062 seconds
[2026-05-04T01:31:23.811+0300] {processor.py:186} INFO - Started process (PID=20434) to work on /home/nikita/airflow-setup/ENV/lib/python3.12/site-packages/airflow/example_dags/example_trigger_target_dag.py
[2026-05-04T01:31:23.821+0300] {processor.py:914} INFO - Processing file /home/nikita/airflow-setup/ENV/lib/python3.12/site-packages/airflow/example_dags/example_trigger_target_dag.py for tasks to queue
[2026-05-04T01:31:23.822+0300] {logging_mixin.py:190} INFO - [2026-05-04T01:31:23.822+0300] {dagbag.py:588} INFO - Filling up the DagBag from /home/nikita/airflow-setup/ENV/lib/python3.12/site-packages/airflow/example_dags/example_trigger_target_dag.py
[2026-05-04T01:31:23.828+0300] {processor.py:925} INFO - DAG(s) 'example_trigger_target_dag' retrieved from /home/nikita/airflow-setup/ENV/lib/python3.12/site-packages/airflow/example_dags/example_trigger_target_dag.py
[2026-05-04T01:31:23.839+0300] {logging_mixin.py:190} INFO - [2026-05-04T01:31:23.839+0300] {dag.py:3239} INFO - Sync 1 DAGs
[2026-05-04T01:31:23.946+0300] {logging_mixin.py:190} INFO - [2026-05-04T01:31:23.945+0300] {dag.py:4180} INFO - Setting next_dagrun for example_trigger_target_dag to None, run_after=None
[2026-05-04T01:31:23.961+0300] {processor.py:208} INFO - Processing /home/nikita/airflow-setup/ENV/lib/python3.12/site-packages/airflow/example_dags/example_trigger_target_dag.py took 0.154 seconds
[2026-05-04T01:32:42.149+0300] {processor.py:186} INFO - Started process (PID=20747) to work on /home/nikita/airflow-setup/ENV/lib/python3.12/site-packages/airflow/example_dags/example_trigger_target_dag.py
[2026-05-04T01:32:42.165+0300] {processor.py:914} INFO - Processing file /home/nikita/airflow-setup/ENV/lib/python3.12/site-packages/airflow/example_dags/example_trigger_target_dag.py for tasks to queue
[2026-05-04T01:32:42.166+0300] {logging_mixin.py:190} INFO - [2026-05-04T01:32:42.166+0300] {dagbag.py:588} INFO - Filling up the DagBag from /home/nikita/airflow-setup/ENV/lib/python3.12/site-packages/airflow/example_dags/example_trigger_target_dag.py
[2026-05-04T01:32:42.173+0300] {processor.py:925} INFO - DAG(s) 'example_trigger_target_dag' retrieved from /home/nikita/airflow-setup/ENV/lib/python3.12/site-packages/airflow/example_dags/example_trigger_target_dag.py
[2026-05-04T01:32:42.184+0300] {logging_mixin.py:190} INFO - [2026-05-04T01:32:42.184+0300] {dag.py:3239} INFO - Sync 1 DAGs
[2026-05-04T01:32:42.194+0300] {logging_mixin.py:190} INFO - [2026-05-04T01:32:42.194+0300] {dag.py:4180} INFO - Setting next_dagrun for example_trigger_target_dag to None, run_after=None
[2026-05-04T01:32:42.213+0300] {processor.py:208} INFO - Processing /home/nikita/airflow-setup/ENV/lib/python3.12/site-packages/airflow/example_dags/example_trigger_target_dag.py took 0.068 seconds
[2026-05-04T01:33:47.477+0300] {processor.py:186} INFO - Started process (PID=21252) to work on /home/nikita/airflow-setup/ENV/lib/python3.12/site-packages/airflow/example_dags/example_trigger_target_dag.py
[2026-05-04T01:33:47.479+0300] {processor.py:914} INFO - Processing file /home/nikita/airflow-setup/ENV/lib/python3.12/site-packages/airflow/example_dags/example_trigger_target_dag.py for tasks to queue
[2026-05-04T01:33:47.480+0300] {logging_mixin.py:190} INFO - [2026-05-04T01:33:47.480+0300] {dagbag.py:588} INFO - Filling up the DagBag from /home/nikita/airflow-setup/ENV/lib/python3.12/site-packages/airflow/example_dags/example_trigger_target_dag.py
[2026-05-04T01:33:47.488+0300] {processor.py:925} INFO - DAG(s) 'example_trigger_target_dag' retrieved from /home/nikita/airflow-setup/ENV/lib/python3.12/site-packages/airflow/example_dags/example_trigger_target_dag.py
[2026-05-04T01:33:47.499+0300] {logging_mixin.py:190} INFO - [2026-05-04T01:33:47.499+0300] {dag.py:3239} INFO - Sync 1 DAGs
[2026-05-04T01:33:47.509+0300] {logging_mixin.py:190} INFO - [2026-05-04T01:33:47.509+0300] {dag.py:4180} INFO - Setting next_dagrun for example_trigger_target_dag to None, run_after=None
[2026-05-04T01:33:47.525+0300] {processor.py:208} INFO - Processing /home/nikita/airflow-setup/ENV/lib/python3.12/site-packages/airflow/example_dags/example_trigger_target_dag.py took 0.053 seconds
[2026-05-04T01:34:50.759+0300] {processor.py:186} INFO - Started process (PID=21490) to work on /home/nikita/airflow-setup/ENV/lib/python3.12/site-packages/airflow/example_dags/example_trigger_target_dag.py
[2026-05-04T01:34:50.760+0300] {processor.py:914} INFO - Processing file /home/nikita/airflow-setup/ENV/lib/python3.12/site-packages/airflow/example_dags/example_trigger_target_dag.py for tasks to queue
[2026-05-04T01:34:50.761+0300] {logging_mixin.py:190} INFO - [2026-05-04T01:34:50.761+0300] {dagbag.py:588} INFO - Filling up the DagBag from /home/nikita/airflow-setup/ENV/lib/python3.12/site-packages/airflow/example_dags/example_trigger_target_dag.py
[2026-05-04T01:34:50.767+0300] {processor.py:925} INFO - DAG(s) 'example_trigger_target_dag' retrieved from /home/nikita/airflow-setup/ENV/lib/python3.12/site-packages/airflow/example_dags/example_trigger_target_dag.py
[2026-05-04T01:34:50.778+0300] {logging_mixin.py:190} INFO - [2026-05-04T01:34:50.777+0300] {dag.py:3239} INFO - Sync 1 DAGs
[2026-05-04T01:34:50.786+0300] {logging_mixin.py:190} INFO - [2026-05-04T01:34:50.786+0300] {dag.py:4180} INFO - Setting next_dagrun for example_trigger_target_dag to None, run_after=None
[2026-05-04T01:34:50.802+0300] {processor.py:208} INFO - Processing /home/nikita/airflow-setup/ENV/lib/python3.12/site-packages/airflow/example_dags/example_trigger_target_dag.py took 0.047 seconds
[2026-05-04T01:35:52.944+0300] {processor.py:186} INFO - Started process (PID=21733) to work on /home/nikita/airflow-setup/ENV/lib/python3.12/site-packages/airflow/example_dags/example_trigger_target_dag.py
[2026-05-04T01:35:52.954+0300] {processor.py:914} INFO - Processing file /home/nikita/airflow-setup/ENV/lib/python3.12/site-packages/airflow/example_dags/example_trigger_target_dag.py for tasks to queue
[2026-05-04T01:35:52.955+0300] {logging_mixin.py:190} INFO - [2026-05-04T01:35:52.955+0300] {dagbag.py:588} INFO - Filling up the DagBag from /home/nikita/airflow-setup/ENV/lib/python3.12/site-packages/airflow/example_dags/example_trigger_target_dag.py
[2026-05-04T01:35:52.963+0300] {processor.py:925} INFO - DAG(s) 'example_trigger_target_dag' retrieved from /home/nikita/airflow-setup/ENV/lib/python3.12/site-packages/airflow/example_dags/example_trigger_target_dag.py
[2026-05-04T01:35:52.975+0300] {logging_mixin.py:190} INFO - [2026-05-04T01:35:52.975+0300] {dag.py:3239} INFO - Sync 1 DAGs
[2026-05-04T01:35:52.985+0300] {logging_mixin.py:190} INFO - [2026-05-04T01:35:52.985+0300] {dag.py:4180} INFO - Setting next_dagrun for example_trigger_target_dag to None, run_after=None
[2026-05-04T01:35:53.001+0300] {processor.py:208} INFO - Processing /home/nikita/airflow-setup/ENV/lib/python3.12/site-packages/airflow/example_dags/example_trigger_target_dag.py took 0.061 seconds
