[2026-05-04T00:46:21.550+0300] {processor.py:186} INFO - Started process (PID=5979) to work on /home/nikita/airflow-setup/ENV/lib/python3.12/site-packages/airflow/example_dags/example_dynamic_task_mapping.py
[2026-05-04T00:46:21.552+0300] {processor.py:914} INFO - Processing file /home/nikita/airflow-setup/ENV/lib/python3.12/site-packages/airflow/example_dags/example_dynamic_task_mapping.py for tasks to queue
[2026-05-04T00:46:21.555+0300] {logging_mixin.py:190} INFO - [2026-05-04T00:46:21.555+0300] {dagbag.py:588} INFO - Filling up the DagBag from /home/nikita/airflow-setup/ENV/lib/python3.12/site-packages/airflow/example_dags/example_dynamic_task_mapping.py
[2026-05-04T00:46:21.567+0300] {processor.py:925} INFO - DAG(s) 'example_dynamic_task_mapping' retrieved from /home/nikita/airflow-setup/ENV/lib/python3.12/site-packages/airflow/example_dags/example_dynamic_task_mapping.py
[2026-05-04T00:46:21.686+0300] {logging_mixin.py:190} INFO - [2026-05-04T00:46:21.686+0300] {override.py:1930} INFO - Created Permission View: can read on DAG:example_dynamic_task_mapping
[2026-05-04T00:46:21.704+0300] {logging_mixin.py:190} INFO - [2026-05-04T00:46:21.703+0300] {override.py:1930} INFO - Created Permission View: can delete on DAG:example_dynamic_task_mapping
[2026-05-04T00:46:21.718+0300] {logging_mixin.py:190} INFO - [2026-05-04T00:46:21.718+0300] {override.py:1930} INFO - Created Permission View: can edit on DAG:example_dynamic_task_mapping
[2026-05-04T00:46:21.741+0300] {logging_mixin.py:190} INFO - [2026-05-04T00:46:21.741+0300] {override.py:1930} INFO - Created Permission View: can read on DAG Run:example_dynamic_task_mapping
[2026-05-04T00:46:21.756+0300] {logging_mixin.py:190} INFO - [2026-05-04T00:46:21.755+0300] {override.py:1930} INFO - Created Permission View: can delete on DAG Run:example_dynamic_task_mapping
[2026-05-04T00:46:21.770+0300] {logging_mixin.py:190} INFO - [2026-05-04T00:46:21.770+0300] {override.py:1930} INFO - Created Permission View: menu access on DAG Run:example_dynamic_task_mapping
[2026-05-04T00:46:21.781+0300] {logging_mixin.py:190} INFO - [2026-05-04T00:46:21.780+0300] {override.py:1930} INFO - Created Permission View: can create on DAG Run:example_dynamic_task_mapping
[2026-05-04T00:46:21.781+0300] {logging_mixin.py:190} INFO - [2026-05-04T00:46:21.781+0300] {dag.py:3239} INFO - Sync 1 DAGs
[2026-05-04T00:46:21.791+0300] {logging_mixin.py:190} INFO - [2026-05-04T00:46:21.791+0300] {dag.py:3262} INFO - Creating ORM DAG for example_dynamic_task_mapping
[2026-05-04T00:46:21.792+0300] {logging_mixin.py:190} INFO - [2026-05-04T00:46:21.791+0300] {dag.py:4180} INFO - Setting next_dagrun for example_dynamic_task_mapping to None, run_after=None
[2026-05-04T00:46:21.810+0300] {processor.py:208} INFO - Processing /home/nikita/airflow-setup/ENV/lib/python3.12/site-packages/airflow/example_dags/example_dynamic_task_mapping.py took 0.267 seconds
[2026-05-04T00:47:28.151+0300] {processor.py:186} INFO - Started process (PID=6057) to work on /home/nikita/airflow-setup/ENV/lib/python3.12/site-packages/airflow/example_dags/example_dynamic_task_mapping.py
[2026-05-04T00:47:28.153+0300] {processor.py:914} INFO - Processing file /home/nikita/airflow-setup/ENV/lib/python3.12/site-packages/airflow/example_dags/example_dynamic_task_mapping.py for tasks to queue
[2026-05-04T00:47:28.155+0300] {logging_mixin.py:190} INFO - [2026-05-04T00:47:28.155+0300] {dagbag.py:588} INFO - Filling up the DagBag from /home/nikita/airflow-setup/ENV/lib/python3.12/site-packages/airflow/example_dags/example_dynamic_task_mapping.py
[2026-05-04T00:47:28.161+0300] {processor.py:925} INFO - DAG(s) 'example_dynamic_task_mapping' retrieved from /home/nikita/airflow-setup/ENV/lib/python3.12/site-packages/airflow/example_dags/example_dynamic_task_mapping.py
[2026-05-04T00:47:28.174+0300] {logging_mixin.py:190} INFO - [2026-05-04T00:47:28.173+0300] {dag.py:3239} INFO - Sync 1 DAGs
[2026-05-04T00:47:28.184+0300] {logging_mixin.py:190} INFO - [2026-05-04T00:47:28.184+0300] {dag.py:4180} INFO - Setting next_dagrun for example_dynamic_task_mapping to None, run_after=None
[2026-05-04T00:47:28.199+0300] {processor.py:208} INFO - Processing /home/nikita/airflow-setup/ENV/lib/python3.12/site-packages/airflow/example_dags/example_dynamic_task_mapping.py took 0.052 seconds
[2026-05-04T00:48:27.361+0300] {processor.py:186} INFO - Started process (PID=6114) to work on /home/nikita/airflow-setup/ENV/lib/python3.12/site-packages/airflow/example_dags/example_dynamic_task_mapping.py
[2026-05-04T00:48:27.371+0300] {processor.py:914} INFO - Processing file /home/nikita/airflow-setup/ENV/lib/python3.12/site-packages/airflow/example_dags/example_dynamic_task_mapping.py for tasks to queue
[2026-05-04T00:48:27.373+0300] {logging_mixin.py:190} INFO - [2026-05-04T00:48:27.372+0300] {dagbag.py:588} INFO - Filling up the DagBag from /home/nikita/airflow-setup/ENV/lib/python3.12/site-packages/airflow/example_dags/example_dynamic_task_mapping.py
[2026-05-04T00:48:27.379+0300] {processor.py:925} INFO - DAG(s) 'example_dynamic_task_mapping' retrieved from /home/nikita/airflow-setup/ENV/lib/python3.12/site-packages/airflow/example_dags/example_dynamic_task_mapping.py
[2026-05-04T00:48:27.389+0300] {logging_mixin.py:190} INFO - [2026-05-04T00:48:27.389+0300] {dag.py:3239} INFO - Sync 1 DAGs
[2026-05-04T00:48:27.397+0300] {logging_mixin.py:190} INFO - [2026-05-04T00:48:27.397+0300] {dag.py:4180} INFO - Setting next_dagrun for example_dynamic_task_mapping to None, run_after=None
[2026-05-04T00:48:27.412+0300] {processor.py:208} INFO - Processing /home/nikita/airflow-setup/ENV/lib/python3.12/site-packages/airflow/example_dags/example_dynamic_task_mapping.py took 0.055 seconds
[2026-05-04T00:49:26.836+0300] {processor.py:186} INFO - Started process (PID=6172) to work on /home/nikita/airflow-setup/ENV/lib/python3.12/site-packages/airflow/example_dags/example_dynamic_task_mapping.py
[2026-05-04T00:49:26.845+0300] {processor.py:914} INFO - Processing file /home/nikita/airflow-setup/ENV/lib/python3.12/site-packages/airflow/example_dags/example_dynamic_task_mapping.py for tasks to queue
[2026-05-04T00:49:26.847+0300] {logging_mixin.py:190} INFO - [2026-05-04T00:49:26.847+0300] {dagbag.py:588} INFO - Filling up the DagBag from /home/nikita/airflow-setup/ENV/lib/python3.12/site-packages/airflow/example_dags/example_dynamic_task_mapping.py
[2026-05-04T00:49:26.854+0300] {processor.py:925} INFO - DAG(s) 'example_dynamic_task_mapping' retrieved from /home/nikita/airflow-setup/ENV/lib/python3.12/site-packages/airflow/example_dags/example_dynamic_task_mapping.py
[2026-05-04T00:49:26.864+0300] {logging_mixin.py:190} INFO - [2026-05-04T00:49:26.864+0300] {dag.py:3239} INFO - Sync 1 DAGs
[2026-05-04T00:49:26.872+0300] {logging_mixin.py:190} INFO - [2026-05-04T00:49:26.872+0300] {dag.py:4180} INFO - Setting next_dagrun for example_dynamic_task_mapping to None, run_after=None
[2026-05-04T00:49:26.889+0300] {processor.py:208} INFO - Processing /home/nikita/airflow-setup/ENV/lib/python3.12/site-packages/airflow/example_dags/example_dynamic_task_mapping.py took 0.056 seconds
[2026-05-04T00:50:24.804+0300] {processor.py:186} INFO - Started process (PID=6248) to work on /home/nikita/airflow-setup/ENV/lib/python3.12/site-packages/airflow/example_dags/example_dynamic_task_mapping.py
[2026-05-04T00:50:24.813+0300] {processor.py:914} INFO - Processing file /home/nikita/airflow-setup/ENV/lib/python3.12/site-packages/airflow/example_dags/example_dynamic_task_mapping.py for tasks to queue
[2026-05-04T00:50:24.815+0300] {logging_mixin.py:190} INFO - [2026-05-04T00:50:24.814+0300] {dagbag.py:588} INFO - Filling up the DagBag from /home/nikita/airflow-setup/ENV/lib/python3.12/site-packages/airflow/example_dags/example_dynamic_task_mapping.py
[2026-05-04T00:50:24.821+0300] {processor.py:925} INFO - DAG(s) 'example_dynamic_task_mapping' retrieved from /home/nikita/airflow-setup/ENV/lib/python3.12/site-packages/airflow/example_dags/example_dynamic_task_mapping.py
[2026-05-04T00:50:24.831+0300] {logging_mixin.py:190} INFO - [2026-05-04T00:50:24.831+0300] {dag.py:3239} INFO - Sync 1 DAGs
[2026-05-04T00:50:24.840+0300] {logging_mixin.py:190} INFO - [2026-05-04T00:50:24.840+0300] {dag.py:4180} INFO - Setting next_dagrun for example_dynamic_task_mapping to None, run_after=None
[2026-05-04T00:50:24.855+0300] {processor.py:208} INFO - Processing /home/nikita/airflow-setup/ENV/lib/python3.12/site-packages/airflow/example_dags/example_dynamic_task_mapping.py took 0.055 seconds
[2026-05-04T00:51:22.871+0300] {processor.py:186} INFO - Started process (PID=6311) to work on /home/nikita/airflow-setup/ENV/lib/python3.12/site-packages/airflow/example_dags/example_dynamic_task_mapping.py
[2026-05-04T00:51:22.879+0300] {processor.py:914} INFO - Processing file /home/nikita/airflow-setup/ENV/lib/python3.12/site-packages/airflow/example_dags/example_dynamic_task_mapping.py for tasks to queue
[2026-05-04T00:51:22.881+0300] {logging_mixin.py:190} INFO - [2026-05-04T00:51:22.881+0300] {dagbag.py:588} INFO - Filling up the DagBag from /home/nikita/airflow-setup/ENV/lib/python3.12/site-packages/airflow/example_dags/example_dynamic_task_mapping.py
[2026-05-04T00:51:22.888+0300] {processor.py:925} INFO - DAG(s) 'example_dynamic_task_mapping' retrieved from /home/nikita/airflow-setup/ENV/lib/python3.12/site-packages/airflow/example_dags/example_dynamic_task_mapping.py
[2026-05-04T00:51:22.901+0300] {logging_mixin.py:190} INFO - [2026-05-04T00:51:22.901+0300] {dag.py:3239} INFO - Sync 1 DAGs
[2026-05-04T00:51:22.910+0300] {logging_mixin.py:190} INFO - [2026-05-04T00:51:22.909+0300] {dag.py:4180} INFO - Setting next_dagrun for example_dynamic_task_mapping to None, run_after=None
[2026-05-04T00:51:22.925+0300] {processor.py:208} INFO - Processing /home/nikita/airflow-setup/ENV/lib/python3.12/site-packages/airflow/example_dags/example_dynamic_task_mapping.py took 0.058 seconds
[2026-05-04T00:52:19.462+0300] {processor.py:186} INFO - Started process (PID=6365) to work on /home/nikita/airflow-setup/ENV/lib/python3.12/site-packages/airflow/example_dags/example_dynamic_task_mapping.py
[2026-05-04T00:52:19.464+0300] {processor.py:914} INFO - Processing file /home/nikita/airflow-setup/ENV/lib/python3.12/site-packages/airflow/example_dags/example_dynamic_task_mapping.py for tasks to queue
[2026-05-04T00:52:19.476+0300] {logging_mixin.py:190} INFO - [2026-05-04T00:52:19.475+0300] {dagbag.py:588} INFO - Filling up the DagBag from /home/nikita/airflow-setup/ENV/lib/python3.12/site-packages/airflow/example_dags/example_dynamic_task_mapping.py
[2026-05-04T00:52:19.494+0300] {processor.py:925} INFO - DAG(s) 'example_dynamic_task_mapping' retrieved from /home/nikita/airflow-setup/ENV/lib/python3.12/site-packages/airflow/example_dags/example_dynamic_task_mapping.py
[2026-05-04T00:52:19.517+0300] {logging_mixin.py:190} INFO - [2026-05-04T00:52:19.516+0300] {dag.py:3239} INFO - Sync 1 DAGs
[2026-05-04T00:52:19.531+0300] {logging_mixin.py:190} INFO - [2026-05-04T00:52:19.530+0300] {dag.py:4180} INFO - Setting next_dagrun for example_dynamic_task_mapping to None, run_after=None
[2026-05-04T00:52:19.554+0300] {processor.py:208} INFO - Processing /home/nikita/airflow-setup/ENV/lib/python3.12/site-packages/airflow/example_dags/example_dynamic_task_mapping.py took 0.110 seconds
[2026-05-04T00:53:22.262+0300] {processor.py:186} INFO - Started process (PID=6444) to work on /home/nikita/airflow-setup/ENV/lib/python3.12/site-packages/airflow/example_dags/example_dynamic_task_mapping.py
[2026-05-04T00:53:22.270+0300] {processor.py:914} INFO - Processing file /home/nikita/airflow-setup/ENV/lib/python3.12/site-packages/airflow/example_dags/example_dynamic_task_mapping.py for tasks to queue
[2026-05-04T00:53:22.272+0300] {logging_mixin.py:190} INFO - [2026-05-04T00:53:22.272+0300] {dagbag.py:588} INFO - Filling up the DagBag from /home/nikita/airflow-setup/ENV/lib/python3.12/site-packages/airflow/example_dags/example_dynamic_task_mapping.py
[2026-05-04T00:53:22.279+0300] {processor.py:925} INFO - DAG(s) 'example_dynamic_task_mapping' retrieved from /home/nikita/airflow-setup/ENV/lib/python3.12/site-packages/airflow/example_dags/example_dynamic_task_mapping.py
[2026-05-04T00:53:22.291+0300] {logging_mixin.py:190} INFO - [2026-05-04T00:53:22.291+0300] {dag.py:3239} INFO - Sync 1 DAGs
[2026-05-04T00:53:22.301+0300] {logging_mixin.py:190} INFO - [2026-05-04T00:53:22.300+0300] {dag.py:4180} INFO - Setting next_dagrun for example_dynamic_task_mapping to None, run_after=None
[2026-05-04T00:53:22.321+0300] {processor.py:208} INFO - Processing /home/nikita/airflow-setup/ENV/lib/python3.12/site-packages/airflow/example_dags/example_dynamic_task_mapping.py took 0.064 seconds
[2026-05-04T00:54:21.679+0300] {processor.py:186} INFO - Started process (PID=6501) to work on /home/nikita/airflow-setup/ENV/lib/python3.12/site-packages/airflow/example_dags/example_dynamic_task_mapping.py
[2026-05-04T00:54:21.688+0300] {processor.py:914} INFO - Processing file /home/nikita/airflow-setup/ENV/lib/python3.12/site-packages/airflow/example_dags/example_dynamic_task_mapping.py for tasks to queue
[2026-05-04T00:54:21.690+0300] {logging_mixin.py:190} INFO - [2026-05-04T00:54:21.689+0300] {dagbag.py:588} INFO - Filling up the DagBag from /home/nikita/airflow-setup/ENV/lib/python3.12/site-packages/airflow/example_dags/example_dynamic_task_mapping.py
[2026-05-04T00:54:21.698+0300] {processor.py:925} INFO - DAG(s) 'example_dynamic_task_mapping' retrieved from /home/nikita/airflow-setup/ENV/lib/python3.12/site-packages/airflow/example_dags/example_dynamic_task_mapping.py
[2026-05-04T00:54:21.711+0300] {logging_mixin.py:190} INFO - [2026-05-04T00:54:21.711+0300] {dag.py:3239} INFO - Sync 1 DAGs
[2026-05-04T00:54:21.720+0300] {logging_mixin.py:190} INFO - [2026-05-04T00:54:21.720+0300] {dag.py:4180} INFO - Setting next_dagrun for example_dynamic_task_mapping to None, run_after=None
[2026-05-04T00:54:21.736+0300] {processor.py:208} INFO - Processing /home/nikita/airflow-setup/ENV/lib/python3.12/site-packages/airflow/example_dags/example_dynamic_task_mapping.py took 0.061 seconds
[2026-05-04T00:55:25.836+0300] {processor.py:186} INFO - Started process (PID=6570) to work on /home/nikita/airflow-setup/ENV/lib/python3.12/site-packages/airflow/example_dags/example_dynamic_task_mapping.py
[2026-05-04T00:55:25.845+0300] {processor.py:914} INFO - Processing file /home/nikita/airflow-setup/ENV/lib/python3.12/site-packages/airflow/example_dags/example_dynamic_task_mapping.py for tasks to queue
[2026-05-04T00:55:25.847+0300] {logging_mixin.py:190} INFO - [2026-05-04T00:55:25.846+0300] {dagbag.py:588} INFO - Filling up the DagBag from /home/nikita/airflow-setup/ENV/lib/python3.12/site-packages/airflow/example_dags/example_dynamic_task_mapping.py
[2026-05-04T00:55:25.854+0300] {processor.py:925} INFO - DAG(s) 'example_dynamic_task_mapping' retrieved from /home/nikita/airflow-setup/ENV/lib/python3.12/site-packages/airflow/example_dags/example_dynamic_task_mapping.py
[2026-05-04T00:55:25.868+0300] {logging_mixin.py:190} INFO - [2026-05-04T00:55:25.868+0300] {dag.py:3239} INFO - Sync 1 DAGs
[2026-05-04T00:55:25.880+0300] {logging_mixin.py:190} INFO - [2026-05-04T00:55:25.880+0300] {dag.py:4180} INFO - Setting next_dagrun for example_dynamic_task_mapping to None, run_after=None
[2026-05-04T00:55:25.899+0300] {processor.py:208} INFO - Processing /home/nikita/airflow-setup/ENV/lib/python3.12/site-packages/airflow/example_dags/example_dynamic_task_mapping.py took 0.068 seconds
[2026-05-04T00:56:25.438+0300] {processor.py:186} INFO - Started process (PID=6629) to work on /home/nikita/airflow-setup/ENV/lib/python3.12/site-packages/airflow/example_dags/example_dynamic_task_mapping.py
[2026-05-04T00:56:25.441+0300] {processor.py:914} INFO - Processing file /home/nikita/airflow-setup/ENV/lib/python3.12/site-packages/airflow/example_dags/example_dynamic_task_mapping.py for tasks to queue
[2026-05-04T00:56:25.442+0300] {logging_mixin.py:190} INFO - [2026-05-04T00:56:25.442+0300] {dagbag.py:588} INFO - Filling up the DagBag from /home/nikita/airflow-setup/ENV/lib/python3.12/site-packages/airflow/example_dags/example_dynamic_task_mapping.py
[2026-05-04T00:56:25.450+0300] {processor.py:925} INFO - DAG(s) 'example_dynamic_task_mapping' retrieved from /home/nikita/airflow-setup/ENV/lib/python3.12/site-packages/airflow/example_dags/example_dynamic_task_mapping.py
[2026-05-04T00:56:25.463+0300] {logging_mixin.py:190} INFO - [2026-05-04T00:56:25.463+0300] {dag.py:3239} INFO - Sync 1 DAGs
[2026-05-04T00:56:25.472+0300] {logging_mixin.py:190} INFO - [2026-05-04T00:56:25.472+0300] {dag.py:4180} INFO - Setting next_dagrun for example_dynamic_task_mapping to None, run_after=None
[2026-05-04T00:56:25.488+0300] {processor.py:208} INFO - Processing /home/nikita/airflow-setup/ENV/lib/python3.12/site-packages/airflow/example_dags/example_dynamic_task_mapping.py took 0.054 seconds
[2026-05-04T00:57:23.039+0300] {processor.py:186} INFO - Started process (PID=7045) to work on /home/nikita/airflow-setup/ENV/lib/python3.12/site-packages/airflow/example_dags/example_dynamic_task_mapping.py
[2026-05-04T00:57:23.041+0300] {processor.py:914} INFO - Processing file /home/nikita/airflow-setup/ENV/lib/python3.12/site-packages/airflow/example_dags/example_dynamic_task_mapping.py for tasks to queue
[2026-05-04T00:57:23.042+0300] {logging_mixin.py:190} INFO - [2026-05-04T00:57:23.042+0300] {dagbag.py:588} INFO - Filling up the DagBag from /home/nikita/airflow-setup/ENV/lib/python3.12/site-packages/airflow/example_dags/example_dynamic_task_mapping.py
[2026-05-04T00:57:23.050+0300] {processor.py:925} INFO - DAG(s) 'example_dynamic_task_mapping' retrieved from /home/nikita/airflow-setup/ENV/lib/python3.12/site-packages/airflow/example_dags/example_dynamic_task_mapping.py
[2026-05-04T00:57:23.068+0300] {logging_mixin.py:190} INFO - [2026-05-04T00:57:23.068+0300] {dag.py:3239} INFO - Sync 1 DAGs
[2026-05-04T00:57:23.080+0300] {logging_mixin.py:190} INFO - [2026-05-04T00:57:23.079+0300] {dag.py:4180} INFO - Setting next_dagrun for example_dynamic_task_mapping to None, run_after=None
[2026-05-04T00:57:23.099+0300] {processor.py:208} INFO - Processing /home/nikita/airflow-setup/ENV/lib/python3.12/site-packages/airflow/example_dags/example_dynamic_task_mapping.py took 0.065 seconds
[2026-05-04T00:58:22.543+0300] {processor.py:186} INFO - Started process (PID=7272) to work on /home/nikita/airflow-setup/ENV/lib/python3.12/site-packages/airflow/example_dags/example_dynamic_task_mapping.py
[2026-05-04T00:58:22.544+0300] {processor.py:914} INFO - Processing file /home/nikita/airflow-setup/ENV/lib/python3.12/site-packages/airflow/example_dags/example_dynamic_task_mapping.py for tasks to queue
[2026-05-04T00:58:22.547+0300] {logging_mixin.py:190} INFO - [2026-05-04T00:58:22.546+0300] {dagbag.py:588} INFO - Filling up the DagBag from /home/nikita/airflow-setup/ENV/lib/python3.12/site-packages/airflow/example_dags/example_dynamic_task_mapping.py
[2026-05-04T00:58:22.555+0300] {processor.py:925} INFO - DAG(s) 'example_dynamic_task_mapping' retrieved from /home/nikita/airflow-setup/ENV/lib/python3.12/site-packages/airflow/example_dags/example_dynamic_task_mapping.py
[2026-05-04T00:58:22.568+0300] {logging_mixin.py:190} INFO - [2026-05-04T00:58:22.568+0300] {dag.py:3239} INFO - Sync 1 DAGs
[2026-05-04T00:58:22.578+0300] {logging_mixin.py:190} INFO - [2026-05-04T00:58:22.578+0300] {dag.py:4180} INFO - Setting next_dagrun for example_dynamic_task_mapping to None, run_after=None
[2026-05-04T00:58:22.596+0300] {processor.py:208} INFO - Processing /home/nikita/airflow-setup/ENV/lib/python3.12/site-packages/airflow/example_dags/example_dynamic_task_mapping.py took 0.058 seconds
[2026-05-04T00:59:20.670+0300] {processor.py:186} INFO - Started process (PID=7538) to work on /home/nikita/airflow-setup/ENV/lib/python3.12/site-packages/airflow/example_dags/example_dynamic_task_mapping.py
[2026-05-04T00:59:20.680+0300] {processor.py:914} INFO - Processing file /home/nikita/airflow-setup/ENV/lib/python3.12/site-packages/airflow/example_dags/example_dynamic_task_mapping.py for tasks to queue
[2026-05-04T00:59:20.682+0300] {logging_mixin.py:190} INFO - [2026-05-04T00:59:20.682+0300] {dagbag.py:588} INFO - Filling up the DagBag from /home/nikita/airflow-setup/ENV/lib/python3.12/site-packages/airflow/example_dags/example_dynamic_task_mapping.py
[2026-05-04T00:59:20.691+0300] {processor.py:925} INFO - DAG(s) 'example_dynamic_task_mapping' retrieved from /home/nikita/airflow-setup/ENV/lib/python3.12/site-packages/airflow/example_dags/example_dynamic_task_mapping.py
[2026-05-04T00:59:20.706+0300] {logging_mixin.py:190} INFO - [2026-05-04T00:59:20.706+0300] {dag.py:3239} INFO - Sync 1 DAGs
[2026-05-04T00:59:20.718+0300] {logging_mixin.py:190} INFO - [2026-05-04T00:59:20.717+0300] {dag.py:4180} INFO - Setting next_dagrun for example_dynamic_task_mapping to None, run_after=None
[2026-05-04T00:59:20.737+0300] {processor.py:208} INFO - Processing /home/nikita/airflow-setup/ENV/lib/python3.12/site-packages/airflow/example_dags/example_dynamic_task_mapping.py took 0.073 seconds
[2026-05-04T01:00:19.726+0300] {processor.py:186} INFO - Started process (PID=8327) to work on /home/nikita/airflow-setup/ENV/lib/python3.12/site-packages/airflow/example_dags/example_dynamic_task_mapping.py
[2026-05-04T01:00:19.735+0300] {processor.py:914} INFO - Processing file /home/nikita/airflow-setup/ENV/lib/python3.12/site-packages/airflow/example_dags/example_dynamic_task_mapping.py for tasks to queue
[2026-05-04T01:00:19.737+0300] {logging_mixin.py:190} INFO - [2026-05-04T01:00:19.736+0300] {dagbag.py:588} INFO - Filling up the DagBag from /home/nikita/airflow-setup/ENV/lib/python3.12/site-packages/airflow/example_dags/example_dynamic_task_mapping.py
[2026-05-04T01:00:19.744+0300] {processor.py:925} INFO - DAG(s) 'example_dynamic_task_mapping' retrieved from /home/nikita/airflow-setup/ENV/lib/python3.12/site-packages/airflow/example_dags/example_dynamic_task_mapping.py
[2026-05-04T01:00:19.755+0300] {logging_mixin.py:190} INFO - [2026-05-04T01:00:19.755+0300] {dag.py:3239} INFO - Sync 1 DAGs
[2026-05-04T01:00:19.763+0300] {logging_mixin.py:190} INFO - [2026-05-04T01:00:19.763+0300] {dag.py:4180} INFO - Setting next_dagrun for example_dynamic_task_mapping to None, run_after=None
[2026-05-04T01:00:19.779+0300] {processor.py:208} INFO - Processing /home/nikita/airflow-setup/ENV/lib/python3.12/site-packages/airflow/example_dags/example_dynamic_task_mapping.py took 0.057 seconds
[2026-05-04T01:01:25.961+0300] {processor.py:186} INFO - Started process (PID=8775) to work on /home/nikita/airflow-setup/ENV/lib/python3.12/site-packages/airflow/example_dags/example_dynamic_task_mapping.py
[2026-05-04T01:01:25.963+0300] {processor.py:914} INFO - Processing file /home/nikita/airflow-setup/ENV/lib/python3.12/site-packages/airflow/example_dags/example_dynamic_task_mapping.py for tasks to queue
[2026-05-04T01:01:25.965+0300] {logging_mixin.py:190} INFO - [2026-05-04T01:01:25.964+0300] {dagbag.py:588} INFO - Filling up the DagBag from /home/nikita/airflow-setup/ENV/lib/python3.12/site-packages/airflow/example_dags/example_dynamic_task_mapping.py
[2026-05-04T01:01:25.974+0300] {processor.py:925} INFO - DAG(s) 'example_dynamic_task_mapping' retrieved from /home/nikita/airflow-setup/ENV/lib/python3.12/site-packages/airflow/example_dags/example_dynamic_task_mapping.py
[2026-05-04T01:01:25.987+0300] {logging_mixin.py:190} INFO - [2026-05-04T01:01:25.986+0300] {dag.py:3239} INFO - Sync 1 DAGs
[2026-05-04T01:01:25.996+0300] {logging_mixin.py:190} INFO - [2026-05-04T01:01:25.996+0300] {dag.py:4180} INFO - Setting next_dagrun for example_dynamic_task_mapping to None, run_after=None
[2026-05-04T01:01:26.013+0300] {processor.py:208} INFO - Processing /home/nikita/airflow-setup/ENV/lib/python3.12/site-packages/airflow/example_dags/example_dynamic_task_mapping.py took 0.057 seconds
[2026-05-04T01:02:34.248+0300] {processor.py:186} INFO - Started process (PID=9394) to work on /home/nikita/airflow-setup/ENV/lib/python3.12/site-packages/airflow/example_dags/example_dynamic_task_mapping.py
[2026-05-04T01:02:34.258+0300] {processor.py:914} INFO - Processing file /home/nikita/airflow-setup/ENV/lib/python3.12/site-packages/airflow/example_dags/example_dynamic_task_mapping.py for tasks to queue
[2026-05-04T01:02:34.259+0300] {logging_mixin.py:190} INFO - [2026-05-04T01:02:34.259+0300] {dagbag.py:588} INFO - Filling up the DagBag from /home/nikita/airflow-setup/ENV/lib/python3.12/site-packages/airflow/example_dags/example_dynamic_task_mapping.py
[2026-05-04T01:02:34.267+0300] {processor.py:925} INFO - DAG(s) 'example_dynamic_task_mapping' retrieved from /home/nikita/airflow-setup/ENV/lib/python3.12/site-packages/airflow/example_dags/example_dynamic_task_mapping.py
[2026-05-04T01:02:34.279+0300] {logging_mixin.py:190} INFO - [2026-05-04T01:02:34.279+0300] {dag.py:3239} INFO - Sync 1 DAGs
[2026-05-04T01:02:34.289+0300] {logging_mixin.py:190} INFO - [2026-05-04T01:02:34.289+0300] {dag.py:4180} INFO - Setting next_dagrun for example_dynamic_task_mapping to None, run_after=None
[2026-05-04T01:02:34.305+0300] {processor.py:208} INFO - Processing /home/nikita/airflow-setup/ENV/lib/python3.12/site-packages/airflow/example_dags/example_dynamic_task_mapping.py took 0.061 seconds
[2026-05-04T01:03:37.713+0300] {processor.py:186} INFO - Started process (PID=9741) to work on /home/nikita/airflow-setup/ENV/lib/python3.12/site-packages/airflow/example_dags/example_dynamic_task_mapping.py
[2026-05-04T01:03:37.714+0300] {processor.py:914} INFO - Processing file /home/nikita/airflow-setup/ENV/lib/python3.12/site-packages/airflow/example_dags/example_dynamic_task_mapping.py for tasks to queue
[2026-05-04T01:03:37.716+0300] {logging_mixin.py:190} INFO - [2026-05-04T01:03:37.715+0300] {dagbag.py:588} INFO - Filling up the DagBag from /home/nikita/airflow-setup/ENV/lib/python3.12/site-packages/airflow/example_dags/example_dynamic_task_mapping.py
[2026-05-04T01:03:37.725+0300] {processor.py:925} INFO - DAG(s) 'example_dynamic_task_mapping' retrieved from /home/nikita/airflow-setup/ENV/lib/python3.12/site-packages/airflow/example_dags/example_dynamic_task_mapping.py
[2026-05-04T01:03:37.737+0300] {logging_mixin.py:190} INFO - [2026-05-04T01:03:37.737+0300] {dag.py:3239} INFO - Sync 1 DAGs
[2026-05-04T01:03:37.749+0300] {logging_mixin.py:190} INFO - [2026-05-04T01:03:37.749+0300] {dag.py:4180} INFO - Setting next_dagrun for example_dynamic_task_mapping to None, run_after=None
[2026-05-04T01:03:37.770+0300] {processor.py:208} INFO - Processing /home/nikita/airflow-setup/ENV/lib/python3.12/site-packages/airflow/example_dags/example_dynamic_task_mapping.py took 0.063 seconds
[2026-05-04T01:04:41.167+0300] {processor.py:186} INFO - Started process (PID=10019) to work on /home/nikita/airflow-setup/ENV/lib/python3.12/site-packages/airflow/example_dags/example_dynamic_task_mapping.py
[2026-05-04T01:04:41.169+0300] {processor.py:914} INFO - Processing file /home/nikita/airflow-setup/ENV/lib/python3.12/site-packages/airflow/example_dags/example_dynamic_task_mapping.py for tasks to queue
[2026-05-04T01:04:41.171+0300] {logging_mixin.py:190} INFO - [2026-05-04T01:04:41.170+0300] {dagbag.py:588} INFO - Filling up the DagBag from /home/nikita/airflow-setup/ENV/lib/python3.12/site-packages/airflow/example_dags/example_dynamic_task_mapping.py
[2026-05-04T01:04:41.180+0300] {processor.py:925} INFO - DAG(s) 'example_dynamic_task_mapping' retrieved from /home/nikita/airflow-setup/ENV/lib/python3.12/site-packages/airflow/example_dags/example_dynamic_task_mapping.py
[2026-05-04T01:04:41.197+0300] {logging_mixin.py:190} INFO - [2026-05-04T01:04:41.196+0300] {dag.py:3239} INFO - Sync 1 DAGs
[2026-05-04T01:04:41.207+0300] {logging_mixin.py:190} INFO - [2026-05-04T01:04:41.207+0300] {dag.py:4180} INFO - Setting next_dagrun for example_dynamic_task_mapping to None, run_after=None
[2026-05-04T01:04:41.901+0300] {processor.py:208} INFO - Processing /home/nikita/airflow-setup/ENV/lib/python3.12/site-packages/airflow/example_dags/example_dynamic_task_mapping.py took 0.062 seconds
[2026-05-04T01:05:49.072+0300] {processor.py:186} INFO - Started process (PID=10280) to work on /home/nikita/airflow-setup/ENV/lib/python3.12/site-packages/airflow/example_dags/example_dynamic_task_mapping.py
[2026-05-04T01:05:49.075+0300] {processor.py:914} INFO - Processing file /home/nikita/airflow-setup/ENV/lib/python3.12/site-packages/airflow/example_dags/example_dynamic_task_mapping.py for tasks to queue
[2026-05-04T01:05:49.077+0300] {logging_mixin.py:190} INFO - [2026-05-04T01:05:49.076+0300] {dagbag.py:588} INFO - Filling up the DagBag from /home/nikita/airflow-setup/ENV/lib/python3.12/site-packages/airflow/example_dags/example_dynamic_task_mapping.py
[2026-05-04T01:05:49.088+0300] {processor.py:925} INFO - DAG(s) 'example_dynamic_task_mapping' retrieved from /home/nikita/airflow-setup/ENV/lib/python3.12/site-packages/airflow/example_dags/example_dynamic_task_mapping.py
[2026-05-04T01:05:49.104+0300] {logging_mixin.py:190} INFO - [2026-05-04T01:05:49.103+0300] {dag.py:3239} INFO - Sync 1 DAGs
[2026-05-04T01:05:49.116+0300] {logging_mixin.py:190} INFO - [2026-05-04T01:05:49.115+0300] {dag.py:4180} INFO - Setting next_dagrun for example_dynamic_task_mapping to None, run_after=None
[2026-05-04T01:05:49.134+0300] {processor.py:208} INFO - Processing /home/nikita/airflow-setup/ENV/lib/python3.12/site-packages/airflow/example_dags/example_dynamic_task_mapping.py took 0.070 seconds
[2026-05-04T01:06:53.235+0300] {processor.py:186} INFO - Started process (PID=10547) to work on /home/nikita/airflow-setup/ENV/lib/python3.12/site-packages/airflow/example_dags/example_dynamic_task_mapping.py
[2026-05-04T01:06:53.239+0300] {processor.py:914} INFO - Processing file /home/nikita/airflow-setup/ENV/lib/python3.12/site-packages/airflow/example_dags/example_dynamic_task_mapping.py for tasks to queue
[2026-05-04T01:06:53.241+0300] {logging_mixin.py:190} INFO - [2026-05-04T01:06:53.240+0300] {dagbag.py:588} INFO - Filling up the DagBag from /home/nikita/airflow-setup/ENV/lib/python3.12/site-packages/airflow/example_dags/example_dynamic_task_mapping.py
[2026-05-04T01:06:53.249+0300] {processor.py:925} INFO - DAG(s) 'example_dynamic_task_mapping' retrieved from /home/nikita/airflow-setup/ENV/lib/python3.12/site-packages/airflow/example_dags/example_dynamic_task_mapping.py
[2026-05-04T01:06:53.262+0300] {logging_mixin.py:190} INFO - [2026-05-04T01:06:53.262+0300] {dag.py:3239} INFO - Sync 1 DAGs
[2026-05-04T01:06:53.273+0300] {logging_mixin.py:190} INFO - [2026-05-04T01:06:53.273+0300] {dag.py:4180} INFO - Setting next_dagrun for example_dynamic_task_mapping to None, run_after=None
[2026-05-04T01:06:53.295+0300] {processor.py:208} INFO - Processing /home/nikita/airflow-setup/ENV/lib/python3.12/site-packages/airflow/example_dags/example_dynamic_task_mapping.py took 0.067 seconds
[2026-05-04T01:08:01.731+0300] {processor.py:186} INFO - Started process (PID=10805) to work on /home/nikita/airflow-setup/ENV/lib/python3.12/site-packages/airflow/example_dags/example_dynamic_task_mapping.py
[2026-05-04T01:08:01.732+0300] {processor.py:914} INFO - Processing file /home/nikita/airflow-setup/ENV/lib/python3.12/site-packages/airflow/example_dags/example_dynamic_task_mapping.py for tasks to queue
[2026-05-04T01:08:01.734+0300] {logging_mixin.py:190} INFO - [2026-05-04T01:08:01.733+0300] {dagbag.py:588} INFO - Filling up the DagBag from /home/nikita/airflow-setup/ENV/lib/python3.12/site-packages/airflow/example_dags/example_dynamic_task_mapping.py
[2026-05-04T01:08:01.745+0300] {processor.py:925} INFO - DAG(s) 'example_dynamic_task_mapping' retrieved from /home/nikita/airflow-setup/ENV/lib/python3.12/site-packages/airflow/example_dags/example_dynamic_task_mapping.py
[2026-05-04T01:08:01.776+0300] {logging_mixin.py:190} INFO - [2026-05-04T01:08:01.775+0300] {dag.py:3239} INFO - Sync 1 DAGs
[2026-05-04T01:08:01.793+0300] {logging_mixin.py:190} INFO - [2026-05-04T01:08:01.793+0300] {dag.py:4180} INFO - Setting next_dagrun for example_dynamic_task_mapping to None, run_after=None
[2026-05-04T01:08:01.824+0300] {processor.py:208} INFO - Processing /home/nikita/airflow-setup/ENV/lib/python3.12/site-packages/airflow/example_dags/example_dynamic_task_mapping.py took 0.098 seconds
[2026-05-04T01:09:07.280+0300] {processor.py:186} INFO - Started process (PID=11948) to work on /home/nikita/airflow-setup/ENV/lib/python3.12/site-packages/airflow/example_dags/example_dynamic_task_mapping.py
[2026-05-04T01:09:07.290+0300] {processor.py:914} INFO - Processing file /home/nikita/airflow-setup/ENV/lib/python3.12/site-packages/airflow/example_dags/example_dynamic_task_mapping.py for tasks to queue
[2026-05-04T01:09:07.291+0300] {logging_mixin.py:190} INFO - [2026-05-04T01:09:07.291+0300] {dagbag.py:588} INFO - Filling up the DagBag from /home/nikita/airflow-setup/ENV/lib/python3.12/site-packages/airflow/example_dags/example_dynamic_task_mapping.py
[2026-05-04T01:09:07.300+0300] {processor.py:925} INFO - DAG(s) 'example_dynamic_task_mapping' retrieved from /home/nikita/airflow-setup/ENV/lib/python3.12/site-packages/airflow/example_dags/example_dynamic_task_mapping.py
[2026-05-04T01:09:07.313+0300] {logging_mixin.py:190} INFO - [2026-05-04T01:09:07.313+0300] {dag.py:3239} INFO - Sync 1 DAGs
[2026-05-04T01:09:07.324+0300] {logging_mixin.py:190} INFO - [2026-05-04T01:09:07.323+0300] {dag.py:4180} INFO - Setting next_dagrun for example_dynamic_task_mapping to None, run_after=None
[2026-05-04T01:09:07.340+0300] {processor.py:208} INFO - Processing /home/nikita/airflow-setup/ENV/lib/python3.12/site-packages/airflow/example_dags/example_dynamic_task_mapping.py took 0.065 seconds
[2026-05-04T01:10:18.242+0300] {processor.py:186} INFO - Started process (PID=12266) to work on /home/nikita/airflow-setup/ENV/lib/python3.12/site-packages/airflow/example_dags/example_dynamic_task_mapping.py
[2026-05-04T01:10:18.245+0300] {processor.py:914} INFO - Processing file /home/nikita/airflow-setup/ENV/lib/python3.12/site-packages/airflow/example_dags/example_dynamic_task_mapping.py for tasks to queue
[2026-05-04T01:10:18.246+0300] {logging_mixin.py:190} INFO - [2026-05-04T01:10:18.246+0300] {dagbag.py:588} INFO - Filling up the DagBag from /home/nikita/airflow-setup/ENV/lib/python3.12/site-packages/airflow/example_dags/example_dynamic_task_mapping.py
[2026-05-04T01:10:18.254+0300] {processor.py:925} INFO - DAG(s) 'example_dynamic_task_mapping' retrieved from /home/nikita/airflow-setup/ENV/lib/python3.12/site-packages/airflow/example_dags/example_dynamic_task_mapping.py
[2026-05-04T01:10:18.265+0300] {logging_mixin.py:190} INFO - [2026-05-04T01:10:18.265+0300] {dag.py:3239} INFO - Sync 1 DAGs
[2026-05-04T01:10:18.275+0300] {logging_mixin.py:190} INFO - [2026-05-04T01:10:18.275+0300] {dag.py:4180} INFO - Setting next_dagrun for example_dynamic_task_mapping to None, run_after=None
[2026-05-04T01:10:18.290+0300] {processor.py:208} INFO - Processing /home/nikita/airflow-setup/ENV/lib/python3.12/site-packages/airflow/example_dags/example_dynamic_task_mapping.py took 0.053 seconds
[2026-05-04T01:11:28.759+0300] {processor.py:186} INFO - Started process (PID=12526) to work on /home/nikita/airflow-setup/ENV/lib/python3.12/site-packages/airflow/example_dags/example_dynamic_task_mapping.py
[2026-05-04T01:11:28.767+0300] {processor.py:914} INFO - Processing file /home/nikita/airflow-setup/ENV/lib/python3.12/site-packages/airflow/example_dags/example_dynamic_task_mapping.py for tasks to queue
[2026-05-04T01:11:28.768+0300] {logging_mixin.py:190} INFO - [2026-05-04T01:11:28.768+0300] {dagbag.py:588} INFO - Filling up the DagBag from /home/nikita/airflow-setup/ENV/lib/python3.12/site-packages/airflow/example_dags/example_dynamic_task_mapping.py
[2026-05-04T01:11:28.776+0300] {processor.py:925} INFO - DAG(s) 'example_dynamic_task_mapping' retrieved from /home/nikita/airflow-setup/ENV/lib/python3.12/site-packages/airflow/example_dags/example_dynamic_task_mapping.py
[2026-05-04T01:11:28.786+0300] {logging_mixin.py:190} INFO - [2026-05-04T01:11:28.786+0300] {dag.py:3239} INFO - Sync 1 DAGs
[2026-05-04T01:11:28.796+0300] {logging_mixin.py:190} INFO - [2026-05-04T01:11:28.795+0300] {dag.py:4180} INFO - Setting next_dagrun for example_dynamic_task_mapping to None, run_after=None
[2026-05-04T01:11:28.812+0300] {processor.py:208} INFO - Processing /home/nikita/airflow-setup/ENV/lib/python3.12/site-packages/airflow/example_dags/example_dynamic_task_mapping.py took 0.058 seconds
[2026-05-04T01:12:27.717+0300] {processor.py:186} INFO - Started process (PID=12762) to work on /home/nikita/airflow-setup/ENV/lib/python3.12/site-packages/airflow/example_dags/example_dynamic_task_mapping.py
[2026-05-04T01:12:27.726+0300] {processor.py:914} INFO - Processing file /home/nikita/airflow-setup/ENV/lib/python3.12/site-packages/airflow/example_dags/example_dynamic_task_mapping.py for tasks to queue
[2026-05-04T01:12:27.727+0300] {logging_mixin.py:190} INFO - [2026-05-04T01:12:27.726+0300] {dagbag.py:588} INFO - Filling up the DagBag from /home/nikita/airflow-setup/ENV/lib/python3.12/site-packages/airflow/example_dags/example_dynamic_task_mapping.py
[2026-05-04T01:12:27.735+0300] {processor.py:925} INFO - DAG(s) 'example_dynamic_task_mapping' retrieved from /home/nikita/airflow-setup/ENV/lib/python3.12/site-packages/airflow/example_dags/example_dynamic_task_mapping.py
[2026-05-04T01:12:27.746+0300] {logging_mixin.py:190} INFO - [2026-05-04T01:12:27.746+0300] {dag.py:3239} INFO - Sync 1 DAGs
[2026-05-04T01:12:27.755+0300] {logging_mixin.py:190} INFO - [2026-05-04T01:12:27.754+0300] {dag.py:4180} INFO - Setting next_dagrun for example_dynamic_task_mapping to None, run_after=None
[2026-05-04T01:12:27.773+0300] {processor.py:208} INFO - Processing /home/nikita/airflow-setup/ENV/lib/python3.12/site-packages/airflow/example_dags/example_dynamic_task_mapping.py took 0.060 seconds
[2026-05-04T01:13:27.413+0300] {processor.py:186} INFO - Started process (PID=13278) to work on /home/nikita/airflow-setup/ENV/lib/python3.12/site-packages/airflow/example_dags/example_dynamic_task_mapping.py
[2026-05-04T01:13:27.414+0300] {processor.py:914} INFO - Processing file /home/nikita/airflow-setup/ENV/lib/python3.12/site-packages/airflow/example_dags/example_dynamic_task_mapping.py for tasks to queue
[2026-05-04T01:13:27.415+0300] {logging_mixin.py:190} INFO - [2026-05-04T01:13:27.415+0300] {dagbag.py:588} INFO - Filling up the DagBag from /home/nikita/airflow-setup/ENV/lib/python3.12/site-packages/airflow/example_dags/example_dynamic_task_mapping.py
[2026-05-04T01:13:27.423+0300] {processor.py:925} INFO - DAG(s) 'example_dynamic_task_mapping' retrieved from /home/nikita/airflow-setup/ENV/lib/python3.12/site-packages/airflow/example_dags/example_dynamic_task_mapping.py
[2026-05-04T01:13:27.436+0300] {logging_mixin.py:190} INFO - [2026-05-04T01:13:27.436+0300] {dag.py:3239} INFO - Sync 1 DAGs
[2026-05-04T01:13:27.446+0300] {logging_mixin.py:190} INFO - [2026-05-04T01:13:27.445+0300] {dag.py:4180} INFO - Setting next_dagrun for example_dynamic_task_mapping to None, run_after=None
[2026-05-04T01:13:27.462+0300] {processor.py:208} INFO - Processing /home/nikita/airflow-setup/ENV/lib/python3.12/site-packages/airflow/example_dags/example_dynamic_task_mapping.py took 0.054 seconds
[2026-05-04T01:14:33.044+0300] {processor.py:186} INFO - Started process (PID=14303) to work on /home/nikita/airflow-setup/ENV/lib/python3.12/site-packages/airflow/example_dags/example_dynamic_task_mapping.py
[2026-05-04T01:14:33.053+0300] {processor.py:914} INFO - Processing file /home/nikita/airflow-setup/ENV/lib/python3.12/site-packages/airflow/example_dags/example_dynamic_task_mapping.py for tasks to queue
[2026-05-04T01:14:33.054+0300] {logging_mixin.py:190} INFO - [2026-05-04T01:14:33.054+0300] {dagbag.py:588} INFO - Filling up the DagBag from /home/nikita/airflow-setup/ENV/lib/python3.12/site-packages/airflow/example_dags/example_dynamic_task_mapping.py
[2026-05-04T01:14:33.062+0300] {processor.py:925} INFO - DAG(s) 'example_dynamic_task_mapping' retrieved from /home/nikita/airflow-setup/ENV/lib/python3.12/site-packages/airflow/example_dags/example_dynamic_task_mapping.py
[2026-05-04T01:14:33.076+0300] {logging_mixin.py:190} INFO - [2026-05-04T01:14:33.076+0300] {dag.py:3239} INFO - Sync 1 DAGs
[2026-05-04T01:14:33.085+0300] {logging_mixin.py:190} INFO - [2026-05-04T01:14:33.085+0300] {dag.py:4180} INFO - Setting next_dagrun for example_dynamic_task_mapping to None, run_after=None
[2026-05-04T01:14:33.101+0300] {processor.py:208} INFO - Processing /home/nikita/airflow-setup/ENV/lib/python3.12/site-packages/airflow/example_dags/example_dynamic_task_mapping.py took 0.062 seconds
[2026-05-04T01:15:43.182+0300] {processor.py:186} INFO - Started process (PID=14638) to work on /home/nikita/airflow-setup/ENV/lib/python3.12/site-packages/airflow/example_dags/example_dynamic_task_mapping.py
[2026-05-04T01:15:43.192+0300] {processor.py:914} INFO - Processing file /home/nikita/airflow-setup/ENV/lib/python3.12/site-packages/airflow/example_dags/example_dynamic_task_mapping.py for tasks to queue
[2026-05-04T01:15:43.193+0300] {logging_mixin.py:190} INFO - [2026-05-04T01:15:43.193+0300] {dagbag.py:588} INFO - Filling up the DagBag from /home/nikita/airflow-setup/ENV/lib/python3.12/site-packages/airflow/example_dags/example_dynamic_task_mapping.py
[2026-05-04T01:15:43.200+0300] {processor.py:925} INFO - DAG(s) 'example_dynamic_task_mapping' retrieved from /home/nikita/airflow-setup/ENV/lib/python3.12/site-packages/airflow/example_dags/example_dynamic_task_mapping.py
[2026-05-04T01:15:43.210+0300] {logging_mixin.py:190} INFO - [2026-05-04T01:15:43.210+0300] {dag.py:3239} INFO - Sync 1 DAGs
[2026-05-04T01:15:43.219+0300] {logging_mixin.py:190} INFO - [2026-05-04T01:15:43.219+0300] {dag.py:4180} INFO - Setting next_dagrun for example_dynamic_task_mapping to None, run_after=None
[2026-05-04T01:15:43.237+0300] {processor.py:208} INFO - Processing /home/nikita/airflow-setup/ENV/lib/python3.12/site-packages/airflow/example_dags/example_dynamic_task_mapping.py took 0.058 seconds
[2026-05-04T01:16:51.189+0300] {processor.py:186} INFO - Started process (PID=15784) to work on /home/nikita/airflow-setup/ENV/lib/python3.12/site-packages/airflow/example_dags/example_dynamic_task_mapping.py
[2026-05-04T01:16:51.197+0300] {processor.py:914} INFO - Processing file /home/nikita/airflow-setup/ENV/lib/python3.12/site-packages/airflow/example_dags/example_dynamic_task_mapping.py for tasks to queue
[2026-05-04T01:16:51.198+0300] {logging_mixin.py:190} INFO - [2026-05-04T01:16:51.198+0300] {dagbag.py:588} INFO - Filling up the DagBag from /home/nikita/airflow-setup/ENV/lib/python3.12/site-packages/airflow/example_dags/example_dynamic_task_mapping.py
[2026-05-04T01:16:51.205+0300] {processor.py:925} INFO - DAG(s) 'example_dynamic_task_mapping' retrieved from /home/nikita/airflow-setup/ENV/lib/python3.12/site-packages/airflow/example_dags/example_dynamic_task_mapping.py
[2026-05-04T01:16:51.216+0300] {logging_mixin.py:190} INFO - [2026-05-04T01:16:51.216+0300] {dag.py:3239} INFO - Sync 1 DAGs
[2026-05-04T01:16:51.225+0300] {logging_mixin.py:190} INFO - [2026-05-04T01:16:51.225+0300] {dag.py:4180} INFO - Setting next_dagrun for example_dynamic_task_mapping to None, run_after=None
[2026-05-04T01:16:51.241+0300] {processor.py:208} INFO - Processing /home/nikita/airflow-setup/ENV/lib/python3.12/site-packages/airflow/example_dags/example_dynamic_task_mapping.py took 0.056 seconds
[2026-05-04T01:17:58.634+0300] {processor.py:186} INFO - Started process (PID=16038) to work on /home/nikita/airflow-setup/ENV/lib/python3.12/site-packages/airflow/example_dags/example_dynamic_task_mapping.py
[2026-05-04T01:17:58.637+0300] {processor.py:914} INFO - Processing file /home/nikita/airflow-setup/ENV/lib/python3.12/site-packages/airflow/example_dags/example_dynamic_task_mapping.py for tasks to queue
[2026-05-04T01:17:58.640+0300] {logging_mixin.py:190} INFO - [2026-05-04T01:17:58.640+0300] {dagbag.py:588} INFO - Filling up the DagBag from /home/nikita/airflow-setup/ENV/lib/python3.12/site-packages/airflow/example_dags/example_dynamic_task_mapping.py
[2026-05-04T01:17:58.657+0300] {processor.py:925} INFO - DAG(s) 'example_dynamic_task_mapping' retrieved from /home/nikita/airflow-setup/ENV/lib/python3.12/site-packages/airflow/example_dags/example_dynamic_task_mapping.py
[2026-05-04T01:17:58.679+0300] {logging_mixin.py:190} INFO - [2026-05-04T01:17:58.678+0300] {dag.py:3239} INFO - Sync 1 DAGs
[2026-05-04T01:17:58.712+0300] {logging_mixin.py:190} INFO - [2026-05-04T01:17:58.712+0300] {dag.py:4180} INFO - Setting next_dagrun for example_dynamic_task_mapping to None, run_after=None
[2026-05-04T01:17:58.752+0300] {processor.py:208} INFO - Processing /home/nikita/airflow-setup/ENV/lib/python3.12/site-packages/airflow/example_dags/example_dynamic_task_mapping.py took 0.125 seconds
[2026-05-04T01:19:07.617+0300] {processor.py:186} INFO - Started process (PID=16302) to work on /home/nikita/airflow-setup/ENV/lib/python3.12/site-packages/airflow/example_dags/example_dynamic_task_mapping.py
[2026-05-04T01:19:07.625+0300] {processor.py:914} INFO - Processing file /home/nikita/airflow-setup/ENV/lib/python3.12/site-packages/airflow/example_dags/example_dynamic_task_mapping.py for tasks to queue
[2026-05-04T01:19:07.626+0300] {logging_mixin.py:190} INFO - [2026-05-04T01:19:07.626+0300] {dagbag.py:588} INFO - Filling up the DagBag from /home/nikita/airflow-setup/ENV/lib/python3.12/site-packages/airflow/example_dags/example_dynamic_task_mapping.py
[2026-05-04T01:19:07.633+0300] {processor.py:925} INFO - DAG(s) 'example_dynamic_task_mapping' retrieved from /home/nikita/airflow-setup/ENV/lib/python3.12/site-packages/airflow/example_dags/example_dynamic_task_mapping.py
[2026-05-04T01:19:07.644+0300] {logging_mixin.py:190} INFO - [2026-05-04T01:19:07.643+0300] {dag.py:3239} INFO - Sync 1 DAGs
[2026-05-04T01:19:07.652+0300] {logging_mixin.py:190} INFO - [2026-05-04T01:19:07.652+0300] {dag.py:4180} INFO - Setting next_dagrun for example_dynamic_task_mapping to None, run_after=None
[2026-05-04T01:19:07.668+0300] {processor.py:208} INFO - Processing /home/nikita/airflow-setup/ENV/lib/python3.12/site-packages/airflow/example_dags/example_dynamic_task_mapping.py took 0.055 seconds
[2026-05-04T01:20:11.055+0300] {processor.py:186} INFO - Started process (PID=16554) to work on /home/nikita/airflow-setup/ENV/lib/python3.12/site-packages/airflow/example_dags/example_dynamic_task_mapping.py
[2026-05-04T01:20:11.058+0300] {processor.py:914} INFO - Processing file /home/nikita/airflow-setup/ENV/lib/python3.12/site-packages/airflow/example_dags/example_dynamic_task_mapping.py for tasks to queue
[2026-05-04T01:20:11.059+0300] {logging_mixin.py:190} INFO - [2026-05-04T01:20:11.058+0300] {dagbag.py:588} INFO - Filling up the DagBag from /home/nikita/airflow-setup/ENV/lib/python3.12/site-packages/airflow/example_dags/example_dynamic_task_mapping.py
[2026-05-04T01:20:11.067+0300] {processor.py:925} INFO - DAG(s) 'example_dynamic_task_mapping' retrieved from /home/nikita/airflow-setup/ENV/lib/python3.12/site-packages/airflow/example_dags/example_dynamic_task_mapping.py
[2026-05-04T01:20:11.077+0300] {logging_mixin.py:190} INFO - [2026-05-04T01:20:11.077+0300] {dag.py:3239} INFO - Sync 1 DAGs
[2026-05-04T01:20:11.085+0300] {logging_mixin.py:190} INFO - [2026-05-04T01:20:11.085+0300] {dag.py:4180} INFO - Setting next_dagrun for example_dynamic_task_mapping to None, run_after=None
[2026-05-04T01:20:11.101+0300] {processor.py:208} INFO - Processing /home/nikita/airflow-setup/ENV/lib/python3.12/site-packages/airflow/example_dags/example_dynamic_task_mapping.py took 0.051 seconds
[2026-05-04T01:21:17.723+0300] {processor.py:186} INFO - Started process (PID=16812) to work on /home/nikita/airflow-setup/ENV/lib/python3.12/site-packages/airflow/example_dags/example_dynamic_task_mapping.py
[2026-05-04T01:21:17.733+0300] {processor.py:914} INFO - Processing file /home/nikita/airflow-setup/ENV/lib/python3.12/site-packages/airflow/example_dags/example_dynamic_task_mapping.py for tasks to queue
[2026-05-04T01:21:17.734+0300] {logging_mixin.py:190} INFO - [2026-05-04T01:21:17.733+0300] {dagbag.py:588} INFO - Filling up the DagBag from /home/nikita/airflow-setup/ENV/lib/python3.12/site-packages/airflow/example_dags/example_dynamic_task_mapping.py
[2026-05-04T01:21:17.744+0300] {processor.py:925} INFO - DAG(s) 'example_dynamic_task_mapping' retrieved from /home/nikita/airflow-setup/ENV/lib/python3.12/site-packages/airflow/example_dags/example_dynamic_task_mapping.py
[2026-05-04T01:21:17.762+0300] {logging_mixin.py:190} INFO - [2026-05-04T01:21:17.761+0300] {dag.py:3239} INFO - Sync 1 DAGs
[2026-05-04T01:21:17.775+0300] {logging_mixin.py:190} INFO - [2026-05-04T01:21:17.775+0300] {dag.py:4180} INFO - Setting next_dagrun for example_dynamic_task_mapping to None, run_after=None
[2026-05-04T01:21:17.802+0300] {processor.py:208} INFO - Processing /home/nikita/airflow-setup/ENV/lib/python3.12/site-packages/airflow/example_dags/example_dynamic_task_mapping.py took 0.083 seconds
[2026-05-04T01:22:30.021+0300] {processor.py:186} INFO - Started process (PID=17078) to work on /home/nikita/airflow-setup/ENV/lib/python3.12/site-packages/airflow/example_dags/example_dynamic_task_mapping.py
[2026-05-04T01:22:30.030+0300] {processor.py:914} INFO - Processing file /home/nikita/airflow-setup/ENV/lib/python3.12/site-packages/airflow/example_dags/example_dynamic_task_mapping.py for tasks to queue
[2026-05-04T01:22:30.031+0300] {logging_mixin.py:190} INFO - [2026-05-04T01:22:30.030+0300] {dagbag.py:588} INFO - Filling up the DagBag from /home/nikita/airflow-setup/ENV/lib/python3.12/site-packages/airflow/example_dags/example_dynamic_task_mapping.py
[2026-05-04T01:22:30.038+0300] {processor.py:925} INFO - DAG(s) 'example_dynamic_task_mapping' retrieved from /home/nikita/airflow-setup/ENV/lib/python3.12/site-packages/airflow/example_dags/example_dynamic_task_mapping.py
[2026-05-04T01:22:30.050+0300] {logging_mixin.py:190} INFO - [2026-05-04T01:22:30.050+0300] {dag.py:3239} INFO - Sync 1 DAGs
[2026-05-04T01:22:30.060+0300] {logging_mixin.py:190} INFO - [2026-05-04T01:22:30.059+0300] {dag.py:4180} INFO - Setting next_dagrun for example_dynamic_task_mapping to None, run_after=None
[2026-05-04T01:22:30.077+0300] {processor.py:208} INFO - Processing /home/nikita/airflow-setup/ENV/lib/python3.12/site-packages/airflow/example_dags/example_dynamic_task_mapping.py took 0.060 seconds
[2026-05-04T01:23:37.742+0300] {processor.py:186} INFO - Started process (PID=17336) to work on /home/nikita/airflow-setup/ENV/lib/python3.12/site-packages/airflow/example_dags/example_dynamic_task_mapping.py
[2026-05-04T01:23:37.751+0300] {processor.py:914} INFO - Processing file /home/nikita/airflow-setup/ENV/lib/python3.12/site-packages/airflow/example_dags/example_dynamic_task_mapping.py for tasks to queue
[2026-05-04T01:23:37.753+0300] {logging_mixin.py:190} INFO - [2026-05-04T01:23:37.752+0300] {dagbag.py:588} INFO - Filling up the DagBag from /home/nikita/airflow-setup/ENV/lib/python3.12/site-packages/airflow/example_dags/example_dynamic_task_mapping.py
[2026-05-04T01:23:37.761+0300] {processor.py:925} INFO - DAG(s) 'example_dynamic_task_mapping' retrieved from /home/nikita/airflow-setup/ENV/lib/python3.12/site-packages/airflow/example_dags/example_dynamic_task_mapping.py
[2026-05-04T01:23:37.773+0300] {logging_mixin.py:190} INFO - [2026-05-04T01:23:37.773+0300] {dag.py:3239} INFO - Sync 1 DAGs
[2026-05-04T01:23:37.782+0300] {logging_mixin.py:190} INFO - [2026-05-04T01:23:37.782+0300] {dag.py:4180} INFO - Setting next_dagrun for example_dynamic_task_mapping to None, run_after=None
[2026-05-04T01:23:37.800+0300] {processor.py:208} INFO - Processing /home/nikita/airflow-setup/ENV/lib/python3.12/site-packages/airflow/example_dags/example_dynamic_task_mapping.py took 0.063 seconds
[2026-05-04T01:24:45.058+0300] {processor.py:186} INFO - Started process (PID=17907) to work on /home/nikita/airflow-setup/ENV/lib/python3.12/site-packages/airflow/example_dags/example_dynamic_task_mapping.py
[2026-05-04T01:24:45.069+0300] {processor.py:914} INFO - Processing file /home/nikita/airflow-setup/ENV/lib/python3.12/site-packages/airflow/example_dags/example_dynamic_task_mapping.py for tasks to queue
[2026-05-04T01:24:45.070+0300] {logging_mixin.py:190} INFO - [2026-05-04T01:24:45.069+0300] {dagbag.py:588} INFO - Filling up the DagBag from /home/nikita/airflow-setup/ENV/lib/python3.12/site-packages/airflow/example_dags/example_dynamic_task_mapping.py
[2026-05-04T01:24:45.077+0300] {processor.py:925} INFO - DAG(s) 'example_dynamic_task_mapping' retrieved from /home/nikita/airflow-setup/ENV/lib/python3.12/site-packages/airflow/example_dags/example_dynamic_task_mapping.py
[2026-05-04T01:24:45.087+0300] {logging_mixin.py:190} INFO - [2026-05-04T01:24:45.087+0300] {dag.py:3239} INFO - Sync 1 DAGs
[2026-05-04T01:24:45.096+0300] {logging_mixin.py:190} INFO - [2026-05-04T01:24:45.095+0300] {dag.py:4180} INFO - Setting next_dagrun for example_dynamic_task_mapping to None, run_after=None
[2026-05-04T01:24:45.222+0300] {processor.py:208} INFO - Processing /home/nikita/airflow-setup/ENV/lib/python3.12/site-packages/airflow/example_dags/example_dynamic_task_mapping.py took 0.167 seconds
[2026-05-04T01:25:54.390+0300] {processor.py:186} INFO - Started process (PID=18523) to work on /home/nikita/airflow-setup/ENV/lib/python3.12/site-packages/airflow/example_dags/example_dynamic_task_mapping.py
[2026-05-04T01:25:54.398+0300] {processor.py:914} INFO - Processing file /home/nikita/airflow-setup/ENV/lib/python3.12/site-packages/airflow/example_dags/example_dynamic_task_mapping.py for tasks to queue
[2026-05-04T01:25:54.399+0300] {logging_mixin.py:190} INFO - [2026-05-04T01:25:54.399+0300] {dagbag.py:588} INFO - Filling up the DagBag from /home/nikita/airflow-setup/ENV/lib/python3.12/site-packages/airflow/example_dags/example_dynamic_task_mapping.py
[2026-05-04T01:25:54.408+0300] {processor.py:925} INFO - DAG(s) 'example_dynamic_task_mapping' retrieved from /home/nikita/airflow-setup/ENV/lib/python3.12/site-packages/airflow/example_dags/example_dynamic_task_mapping.py
[2026-05-04T01:25:54.419+0300] {logging_mixin.py:190} INFO - [2026-05-04T01:25:54.419+0300] {dag.py:3239} INFO - Sync 1 DAGs
[2026-05-04T01:25:54.428+0300] {logging_mixin.py:190} INFO - [2026-05-04T01:25:54.428+0300] {dag.py:4180} INFO - Setting next_dagrun for example_dynamic_task_mapping to None, run_after=None
[2026-05-04T01:25:54.442+0300] {processor.py:208} INFO - Processing /home/nikita/airflow-setup/ENV/lib/python3.12/site-packages/airflow/example_dags/example_dynamic_task_mapping.py took 0.058 seconds
[2026-05-04T01:27:07.696+0300] {processor.py:186} INFO - Started process (PID=19472) to work on /home/nikita/airflow-setup/ENV/lib/python3.12/site-packages/airflow/example_dags/example_dynamic_task_mapping.py
[2026-05-04T01:27:07.704+0300] {processor.py:914} INFO - Processing file /home/nikita/airflow-setup/ENV/lib/python3.12/site-packages/airflow/example_dags/example_dynamic_task_mapping.py for tasks to queue
[2026-05-04T01:27:07.705+0300] {logging_mixin.py:190} INFO - [2026-05-04T01:27:07.705+0300] {dagbag.py:588} INFO - Filling up the DagBag from /home/nikita/airflow-setup/ENV/lib/python3.12/site-packages/airflow/example_dags/example_dynamic_task_mapping.py
[2026-05-04T01:27:07.716+0300] {processor.py:925} INFO - DAG(s) 'example_dynamic_task_mapping' retrieved from /home/nikita/airflow-setup/ENV/lib/python3.12/site-packages/airflow/example_dags/example_dynamic_task_mapping.py
[2026-05-04T01:27:07.727+0300] {logging_mixin.py:190} INFO - [2026-05-04T01:27:07.727+0300] {dag.py:3239} INFO - Sync 1 DAGs
[2026-05-04T01:27:07.736+0300] {logging_mixin.py:190} INFO - [2026-05-04T01:27:07.736+0300] {dag.py:4180} INFO - Setting next_dagrun for example_dynamic_task_mapping to None, run_after=None
[2026-05-04T01:27:07.752+0300] {processor.py:208} INFO - Processing /home/nikita/airflow-setup/ENV/lib/python3.12/site-packages/airflow/example_dags/example_dynamic_task_mapping.py took 0.061 seconds
[2026-05-04T01:28:19.514+0300] {processor.py:186} INFO - Started process (PID=19737) to work on /home/nikita/airflow-setup/ENV/lib/python3.12/site-packages/airflow/example_dags/example_dynamic_task_mapping.py
[2026-05-04T01:28:19.524+0300] {processor.py:914} INFO - Processing file /home/nikita/airflow-setup/ENV/lib/python3.12/site-packages/airflow/example_dags/example_dynamic_task_mapping.py for tasks to queue
[2026-05-04T01:28:19.525+0300] {logging_mixin.py:190} INFO - [2026-05-04T01:28:19.524+0300] {dagbag.py:588} INFO - Filling up the DagBag from /home/nikita/airflow-setup/ENV/lib/python3.12/site-packages/airflow/example_dags/example_dynamic_task_mapping.py
[2026-05-04T01:28:19.533+0300] {processor.py:925} INFO - DAG(s) 'example_dynamic_task_mapping' retrieved from /home/nikita/airflow-setup/ENV/lib/python3.12/site-packages/airflow/example_dags/example_dynamic_task_mapping.py
[2026-05-04T01:28:19.544+0300] {logging_mixin.py:190} INFO - [2026-05-04T01:28:19.544+0300] {dag.py:3239} INFO - Sync 1 DAGs
[2026-05-04T01:28:19.553+0300] {logging_mixin.py:190} INFO - [2026-05-04T01:28:19.553+0300] {dag.py:4180} INFO - Setting next_dagrun for example_dynamic_task_mapping to None, run_after=None
[2026-05-04T01:28:19.569+0300] {processor.py:208} INFO - Processing /home/nikita/airflow-setup/ENV/lib/python3.12/site-packages/airflow/example_dags/example_dynamic_task_mapping.py took 0.060 seconds
[2026-05-04T01:29:27.573+0300] {processor.py:186} INFO - Started process (PID=19999) to work on /home/nikita/airflow-setup/ENV/lib/python3.12/site-packages/airflow/example_dags/example_dynamic_task_mapping.py
[2026-05-04T01:29:27.581+0300] {processor.py:914} INFO - Processing file /home/nikita/airflow-setup/ENV/lib/python3.12/site-packages/airflow/example_dags/example_dynamic_task_mapping.py for tasks to queue
[2026-05-04T01:29:27.582+0300] {logging_mixin.py:190} INFO - [2026-05-04T01:29:27.582+0300] {dagbag.py:588} INFO - Filling up the DagBag from /home/nikita/airflow-setup/ENV/lib/python3.12/site-packages/airflow/example_dags/example_dynamic_task_mapping.py
[2026-05-04T01:29:27.590+0300] {processor.py:925} INFO - DAG(s) 'example_dynamic_task_mapping' retrieved from /home/nikita/airflow-setup/ENV/lib/python3.12/site-packages/airflow/example_dags/example_dynamic_task_mapping.py
[2026-05-04T01:29:27.601+0300] {logging_mixin.py:190} INFO - [2026-05-04T01:29:27.601+0300] {dag.py:3239} INFO - Sync 1 DAGs
[2026-05-04T01:29:27.610+0300] {logging_mixin.py:190} INFO - [2026-05-04T01:29:27.609+0300] {dag.py:4180} INFO - Setting next_dagrun for example_dynamic_task_mapping to None, run_after=None
[2026-05-04T01:29:27.750+0300] {processor.py:208} INFO - Processing /home/nikita/airflow-setup/ENV/lib/python3.12/site-packages/airflow/example_dags/example_dynamic_task_mapping.py took 0.181 seconds
[2026-05-04T01:30:39.824+0300] {processor.py:186} INFO - Started process (PID=20276) to work on /home/nikita/airflow-setup/ENV/lib/python3.12/site-packages/airflow/example_dags/example_dynamic_task_mapping.py
[2026-05-04T01:30:39.832+0300] {processor.py:914} INFO - Processing file /home/nikita/airflow-setup/ENV/lib/python3.12/site-packages/airflow/example_dags/example_dynamic_task_mapping.py for tasks to queue
[2026-05-04T01:30:39.833+0300] {logging_mixin.py:190} INFO - [2026-05-04T01:30:39.833+0300] {dagbag.py:588} INFO - Filling up the DagBag from /home/nikita/airflow-setup/ENV/lib/python3.12/site-packages/airflow/example_dags/example_dynamic_task_mapping.py
[2026-05-04T01:30:39.841+0300] {processor.py:925} INFO - DAG(s) 'example_dynamic_task_mapping' retrieved from /home/nikita/airflow-setup/ENV/lib/python3.12/site-packages/airflow/example_dags/example_dynamic_task_mapping.py
[2026-05-04T01:30:39.854+0300] {logging_mixin.py:190} INFO - [2026-05-04T01:30:39.854+0300] {dag.py:3239} INFO - Sync 1 DAGs
[2026-05-04T01:30:39.865+0300] {logging_mixin.py:190} INFO - [2026-05-04T01:30:39.864+0300] {dag.py:4180} INFO - Setting next_dagrun for example_dynamic_task_mapping to None, run_after=None
[2026-05-04T01:30:39.882+0300] {processor.py:208} INFO - Processing /home/nikita/airflow-setup/ENV/lib/python3.12/site-packages/airflow/example_dags/example_dynamic_task_mapping.py took 0.063 seconds
[2026-05-04T01:32:01.017+0300] {processor.py:186} INFO - Started process (PID=20568) to work on /home/nikita/airflow-setup/ENV/lib/python3.12/site-packages/airflow/example_dags/example_dynamic_task_mapping.py
[2026-05-04T01:32:01.027+0300] {processor.py:914} INFO - Processing file /home/nikita/airflow-setup/ENV/lib/python3.12/site-packages/airflow/example_dags/example_dynamic_task_mapping.py for tasks to queue
[2026-05-04T01:32:01.028+0300] {logging_mixin.py:190} INFO - [2026-05-04T01:32:01.027+0300] {dagbag.py:588} INFO - Filling up the DagBag from /home/nikita/airflow-setup/ENV/lib/python3.12/site-packages/airflow/example_dags/example_dynamic_task_mapping.py
[2026-05-04T01:32:01.035+0300] {processor.py:925} INFO - DAG(s) 'example_dynamic_task_mapping' retrieved from /home/nikita/airflow-setup/ENV/lib/python3.12/site-packages/airflow/example_dags/example_dynamic_task_mapping.py
[2026-05-04T01:32:01.049+0300] {logging_mixin.py:190} INFO - [2026-05-04T01:32:01.049+0300] {dag.py:3239} INFO - Sync 1 DAGs
[2026-05-04T01:32:01.060+0300] {logging_mixin.py:190} INFO - [2026-05-04T01:32:01.059+0300] {dag.py:4180} INFO - Setting next_dagrun for example_dynamic_task_mapping to None, run_after=None
[2026-05-04T01:32:01.077+0300] {processor.py:208} INFO - Processing /home/nikita/airflow-setup/ENV/lib/python3.12/site-packages/airflow/example_dags/example_dynamic_task_mapping.py took 0.065 seconds
[2026-05-04T01:33:10.392+0300] {processor.py:186} INFO - Started process (PID=20980) to work on /home/nikita/airflow-setup/ENV/lib/python3.12/site-packages/airflow/example_dags/example_dynamic_task_mapping.py
[2026-05-04T01:33:10.394+0300] {processor.py:914} INFO - Processing file /home/nikita/airflow-setup/ENV/lib/python3.12/site-packages/airflow/example_dags/example_dynamic_task_mapping.py for tasks to queue
[2026-05-04T01:33:10.395+0300] {logging_mixin.py:190} INFO - [2026-05-04T01:33:10.395+0300] {dagbag.py:588} INFO - Filling up the DagBag from /home/nikita/airflow-setup/ENV/lib/python3.12/site-packages/airflow/example_dags/example_dynamic_task_mapping.py
[2026-05-04T01:33:10.402+0300] {processor.py:925} INFO - DAG(s) 'example_dynamic_task_mapping' retrieved from /home/nikita/airflow-setup/ENV/lib/python3.12/site-packages/airflow/example_dags/example_dynamic_task_mapping.py
[2026-05-04T01:33:10.414+0300] {logging_mixin.py:190} INFO - [2026-05-04T01:33:10.414+0300] {dag.py:3239} INFO - Sync 1 DAGs
[2026-05-04T01:33:10.424+0300] {logging_mixin.py:190} INFO - [2026-05-04T01:33:10.423+0300] {dag.py:4180} INFO - Setting next_dagrun for example_dynamic_task_mapping to None, run_after=None
[2026-05-04T01:33:10.440+0300] {processor.py:208} INFO - Processing /home/nikita/airflow-setup/ENV/lib/python3.12/site-packages/airflow/example_dags/example_dynamic_task_mapping.py took 0.052 seconds
[2026-05-04T01:34:13.121+0300] {processor.py:186} INFO - Started process (PID=21352) to work on /home/nikita/airflow-setup/ENV/lib/python3.12/site-packages/airflow/example_dags/example_dynamic_task_mapping.py
[2026-05-04T01:34:13.130+0300] {processor.py:914} INFO - Processing file /home/nikita/airflow-setup/ENV/lib/python3.12/site-packages/airflow/example_dags/example_dynamic_task_mapping.py for tasks to queue
[2026-05-04T01:34:13.131+0300] {logging_mixin.py:190} INFO - [2026-05-04T01:34:13.131+0300] {dagbag.py:588} INFO - Filling up the DagBag from /home/nikita/airflow-setup/ENV/lib/python3.12/site-packages/airflow/example_dags/example_dynamic_task_mapping.py
[2026-05-04T01:34:13.138+0300] {processor.py:925} INFO - DAG(s) 'example_dynamic_task_mapping' retrieved from /home/nikita/airflow-setup/ENV/lib/python3.12/site-packages/airflow/example_dags/example_dynamic_task_mapping.py
[2026-05-04T01:34:13.149+0300] {logging_mixin.py:190} INFO - [2026-05-04T01:34:13.148+0300] {dag.py:3239} INFO - Sync 1 DAGs
[2026-05-04T01:34:13.157+0300] {logging_mixin.py:190} INFO - [2026-05-04T01:34:13.157+0300] {dag.py:4180} INFO - Setting next_dagrun for example_dynamic_task_mapping to None, run_after=None
[2026-05-04T01:34:13.174+0300] {processor.py:208} INFO - Processing /home/nikita/airflow-setup/ENV/lib/python3.12/site-packages/airflow/example_dags/example_dynamic_task_mapping.py took 0.056 seconds
[2026-05-04T01:35:18.621+0300] {processor.py:186} INFO - Started process (PID=21600) to work on /home/nikita/airflow-setup/ENV/lib/python3.12/site-packages/airflow/example_dags/example_dynamic_task_mapping.py
[2026-05-04T01:35:18.630+0300] {processor.py:914} INFO - Processing file /home/nikita/airflow-setup/ENV/lib/python3.12/site-packages/airflow/example_dags/example_dynamic_task_mapping.py for tasks to queue
[2026-05-04T01:35:18.632+0300] {logging_mixin.py:190} INFO - [2026-05-04T01:35:18.631+0300] {dagbag.py:588} INFO - Filling up the DagBag from /home/nikita/airflow-setup/ENV/lib/python3.12/site-packages/airflow/example_dags/example_dynamic_task_mapping.py
[2026-05-04T01:35:18.640+0300] {processor.py:925} INFO - DAG(s) 'example_dynamic_task_mapping' retrieved from /home/nikita/airflow-setup/ENV/lib/python3.12/site-packages/airflow/example_dags/example_dynamic_task_mapping.py
[2026-05-04T01:35:18.655+0300] {logging_mixin.py:190} INFO - [2026-05-04T01:35:18.654+0300] {dag.py:3239} INFO - Sync 1 DAGs
[2026-05-04T01:35:18.666+0300] {logging_mixin.py:190} INFO - [2026-05-04T01:35:18.665+0300] {dag.py:4180} INFO - Setting next_dagrun for example_dynamic_task_mapping to None, run_after=None
[2026-05-04T01:35:18.682+0300] {processor.py:208} INFO - Processing /home/nikita/airflow-setup/ENV/lib/python3.12/site-packages/airflow/example_dags/example_dynamic_task_mapping.py took 0.067 seconds
[2026-05-04T01:36:20.636+0300] {processor.py:186} INFO - Started process (PID=21840) to work on /home/nikita/airflow-setup/ENV/lib/python3.12/site-packages/airflow/example_dags/example_dynamic_task_mapping.py
[2026-05-04T01:36:20.638+0300] {processor.py:914} INFO - Processing file /home/nikita/airflow-setup/ENV/lib/python3.12/site-packages/airflow/example_dags/example_dynamic_task_mapping.py for tasks to queue
[2026-05-04T01:36:20.639+0300] {logging_mixin.py:190} INFO - [2026-05-04T01:36:20.639+0300] {dagbag.py:588} INFO - Filling up the DagBag from /home/nikita/airflow-setup/ENV/lib/python3.12/site-packages/airflow/example_dags/example_dynamic_task_mapping.py
[2026-05-04T01:36:20.648+0300] {processor.py:925} INFO - DAG(s) 'example_dynamic_task_mapping' retrieved from /home/nikita/airflow-setup/ENV/lib/python3.12/site-packages/airflow/example_dags/example_dynamic_task_mapping.py
[2026-05-04T01:36:20.663+0300] {logging_mixin.py:190} INFO - [2026-05-04T01:36:20.663+0300] {dag.py:3239} INFO - Sync 1 DAGs
[2026-05-04T01:36:20.674+0300] {logging_mixin.py:190} INFO - [2026-05-04T01:36:20.674+0300] {dag.py:4180} INFO - Setting next_dagrun for example_dynamic_task_mapping to None, run_after=None
[2026-05-04T01:36:20.691+0300] {processor.py:208} INFO - Processing /home/nikita/airflow-setup/ENV/lib/python3.12/site-packages/airflow/example_dags/example_dynamic_task_mapping.py took 0.060 seconds
