[2026-05-04T00:45:38.284+0300] {processor.py:186} INFO - Started process (PID=5936) to work on /home/nikita/airflow-setup/ENV/lib/python3.12/site-packages/airflow/example_dags/example_latest_only_with_trigger.py
[2026-05-04T00:45:38.285+0300] {processor.py:914} INFO - Processing file /home/nikita/airflow-setup/ENV/lib/python3.12/site-packages/airflow/example_dags/example_latest_only_with_trigger.py for tasks to queue
[2026-05-04T00:45:38.286+0300] {logging_mixin.py:190} INFO - [2026-05-04T00:45:38.286+0300] {dagbag.py:588} INFO - Filling up the DagBag from /home/nikita/airflow-setup/ENV/lib/python3.12/site-packages/airflow/example_dags/example_latest_only_with_trigger.py
[2026-05-04T00:45:38.293+0300] {processor.py:925} INFO - DAG(s) 'latest_only_with_trigger' retrieved from /home/nikita/airflow-setup/ENV/lib/python3.12/site-packages/airflow/example_dags/example_latest_only_with_trigger.py
[2026-05-04T00:45:38.370+0300] {logging_mixin.py:190} INFO - [2026-05-04T00:45:38.369+0300] {override.py:1930} INFO - Created Permission View: can read on DAG:latest_only_with_trigger
[2026-05-04T00:45:38.377+0300] {logging_mixin.py:190} INFO - [2026-05-04T00:45:38.377+0300] {override.py:1930} INFO - Created Permission View: can delete on DAG:latest_only_with_trigger
[2026-05-04T00:45:38.383+0300] {logging_mixin.py:190} INFO - [2026-05-04T00:45:38.382+0300] {override.py:1930} INFO - Created Permission View: can edit on DAG:latest_only_with_trigger
[2026-05-04T00:45:38.392+0300] {logging_mixin.py:190} INFO - [2026-05-04T00:45:38.391+0300] {override.py:1930} INFO - Created Permission View: can read on DAG Run:latest_only_with_trigger
[2026-05-04T00:45:38.398+0300] {logging_mixin.py:190} INFO - [2026-05-04T00:45:38.397+0300] {override.py:1930} INFO - Created Permission View: can delete on DAG Run:latest_only_with_trigger
[2026-05-04T00:45:38.406+0300] {logging_mixin.py:190} INFO - [2026-05-04T00:45:38.405+0300] {override.py:1930} INFO - Created Permission View: menu access on DAG Run:latest_only_with_trigger
[2026-05-04T00:45:38.411+0300] {logging_mixin.py:190} INFO - [2026-05-04T00:45:38.411+0300] {override.py:1930} INFO - Created Permission View: can create on DAG Run:latest_only_with_trigger
[2026-05-04T00:45:38.411+0300] {logging_mixin.py:190} INFO - [2026-05-04T00:45:38.411+0300] {dag.py:3239} INFO - Sync 1 DAGs
[2026-05-04T00:45:38.420+0300] {logging_mixin.py:190} INFO - [2026-05-04T00:45:38.420+0300] {dag.py:3262} INFO - Creating ORM DAG for latest_only_with_trigger
[2026-05-04T00:45:38.427+0300] {logging_mixin.py:190} INFO - [2026-05-04T00:45:38.427+0300] {dag.py:4180} INFO - Setting next_dagrun for latest_only_with_trigger to 2026-05-03 16:00:00+00:00, run_after=2026-05-03 20:00:00+00:00
[2026-05-04T00:45:38.441+0300] {processor.py:208} INFO - Processing /home/nikita/airflow-setup/ENV/lib/python3.12/site-packages/airflow/example_dags/example_latest_only_with_trigger.py took 0.160 seconds
[2026-05-04T00:46:42.136+0300] {processor.py:186} INFO - Started process (PID=5997) to work on /home/nikita/airflow-setup/ENV/lib/python3.12/site-packages/airflow/example_dags/example_latest_only_with_trigger.py
[2026-05-04T00:46:42.146+0300] {processor.py:914} INFO - Processing file /home/nikita/airflow-setup/ENV/lib/python3.12/site-packages/airflow/example_dags/example_latest_only_with_trigger.py for tasks to queue
[2026-05-04T00:46:42.149+0300] {logging_mixin.py:190} INFO - [2026-05-04T00:46:42.148+0300] {dagbag.py:588} INFO - Filling up the DagBag from /home/nikita/airflow-setup/ENV/lib/python3.12/site-packages/airflow/example_dags/example_latest_only_with_trigger.py
[2026-05-04T00:46:42.156+0300] {processor.py:925} INFO - DAG(s) 'latest_only_with_trigger' retrieved from /home/nikita/airflow-setup/ENV/lib/python3.12/site-packages/airflow/example_dags/example_latest_only_with_trigger.py
[2026-05-04T00:46:42.173+0300] {logging_mixin.py:190} INFO - [2026-05-04T00:46:42.173+0300] {dag.py:3239} INFO - Sync 1 DAGs
[2026-05-04T00:46:42.194+0300] {logging_mixin.py:190} INFO - [2026-05-04T00:46:42.194+0300] {dag.py:4180} INFO - Setting next_dagrun for latest_only_with_trigger to 2026-05-03 16:00:00+00:00, run_after=2026-05-03 20:00:00+00:00
[2026-05-04T00:46:42.219+0300] {processor.py:208} INFO - Processing /home/nikita/airflow-setup/ENV/lib/python3.12/site-packages/airflow/example_dags/example_latest_only_with_trigger.py took 0.089 seconds
[2026-05-04T00:47:44.134+0300] {processor.py:186} INFO - Started process (PID=6072) to work on /home/nikita/airflow-setup/ENV/lib/python3.12/site-packages/airflow/example_dags/example_latest_only_with_trigger.py
[2026-05-04T00:47:44.144+0300] {processor.py:914} INFO - Processing file /home/nikita/airflow-setup/ENV/lib/python3.12/site-packages/airflow/example_dags/example_latest_only_with_trigger.py for tasks to queue
[2026-05-04T00:47:44.145+0300] {logging_mixin.py:190} INFO - [2026-05-04T00:47:44.145+0300] {dagbag.py:588} INFO - Filling up the DagBag from /home/nikita/airflow-setup/ENV/lib/python3.12/site-packages/airflow/example_dags/example_latest_only_with_trigger.py
[2026-05-04T00:47:44.151+0300] {processor.py:925} INFO - DAG(s) 'latest_only_with_trigger' retrieved from /home/nikita/airflow-setup/ENV/lib/python3.12/site-packages/airflow/example_dags/example_latest_only_with_trigger.py
[2026-05-04T00:47:44.164+0300] {logging_mixin.py:190} INFO - [2026-05-04T00:47:44.164+0300] {dag.py:3239} INFO - Sync 1 DAGs
[2026-05-04T00:47:44.180+0300] {logging_mixin.py:190} INFO - [2026-05-04T00:47:44.180+0300] {dag.py:4180} INFO - Setting next_dagrun for latest_only_with_trigger to 2026-05-03 16:00:00+00:00, run_after=2026-05-03 20:00:00+00:00
[2026-05-04T00:47:44.198+0300] {processor.py:208} INFO - Processing /home/nikita/airflow-setup/ENV/lib/python3.12/site-packages/airflow/example_dags/example_latest_only_with_trigger.py took 0.069 seconds
[2026-05-04T00:48:44.779+0300] {processor.py:186} INFO - Started process (PID=6130) to work on /home/nikita/airflow-setup/ENV/lib/python3.12/site-packages/airflow/example_dags/example_latest_only_with_trigger.py
[2026-05-04T00:48:44.781+0300] {processor.py:914} INFO - Processing file /home/nikita/airflow-setup/ENV/lib/python3.12/site-packages/airflow/example_dags/example_latest_only_with_trigger.py for tasks to queue
[2026-05-04T00:48:44.785+0300] {logging_mixin.py:190} INFO - [2026-05-04T00:48:44.785+0300] {dagbag.py:588} INFO - Filling up the DagBag from /home/nikita/airflow-setup/ENV/lib/python3.12/site-packages/airflow/example_dags/example_latest_only_with_trigger.py
[2026-05-04T00:48:44.793+0300] {processor.py:925} INFO - DAG(s) 'latest_only_with_trigger' retrieved from /home/nikita/airflow-setup/ENV/lib/python3.12/site-packages/airflow/example_dags/example_latest_only_with_trigger.py
[2026-05-04T00:48:44.806+0300] {logging_mixin.py:190} INFO - [2026-05-04T00:48:44.806+0300] {dag.py:3239} INFO - Sync 1 DAGs
[2026-05-04T00:48:44.821+0300] {logging_mixin.py:190} INFO - [2026-05-04T00:48:44.821+0300] {dag.py:4180} INFO - Setting next_dagrun for latest_only_with_trigger to 2026-05-03 16:00:00+00:00, run_after=2026-05-03 20:00:00+00:00
[2026-05-04T00:48:44.843+0300] {processor.py:208} INFO - Processing /home/nikita/airflow-setup/ENV/lib/python3.12/site-packages/airflow/example_dags/example_latest_only_with_trigger.py took 0.072 seconds
[2026-05-04T00:49:41.921+0300] {processor.py:186} INFO - Started process (PID=6187) to work on /home/nikita/airflow-setup/ENV/lib/python3.12/site-packages/airflow/example_dags/example_latest_only_with_trigger.py
[2026-05-04T00:49:41.923+0300] {processor.py:914} INFO - Processing file /home/nikita/airflow-setup/ENV/lib/python3.12/site-packages/airflow/example_dags/example_latest_only_with_trigger.py for tasks to queue
[2026-05-04T00:49:41.925+0300] {logging_mixin.py:190} INFO - [2026-05-04T00:49:41.925+0300] {dagbag.py:588} INFO - Filling up the DagBag from /home/nikita/airflow-setup/ENV/lib/python3.12/site-packages/airflow/example_dags/example_latest_only_with_trigger.py
[2026-05-04T00:49:41.932+0300] {processor.py:925} INFO - DAG(s) 'latest_only_with_trigger' retrieved from /home/nikita/airflow-setup/ENV/lib/python3.12/site-packages/airflow/example_dags/example_latest_only_with_trigger.py
[2026-05-04T00:49:41.947+0300] {logging_mixin.py:190} INFO - [2026-05-04T00:49:41.947+0300] {dag.py:3239} INFO - Sync 1 DAGs
[2026-05-04T00:49:41.964+0300] {logging_mixin.py:190} INFO - [2026-05-04T00:49:41.964+0300] {dag.py:4180} INFO - Setting next_dagrun for latest_only_with_trigger to 2026-05-03 16:00:00+00:00, run_after=2026-05-03 20:00:00+00:00
[2026-05-04T00:49:41.982+0300] {processor.py:208} INFO - Processing /home/nikita/airflow-setup/ENV/lib/python3.12/site-packages/airflow/example_dags/example_latest_only_with_trigger.py took 0.066 seconds
[2026-05-04T00:50:36.385+0300] {processor.py:186} INFO - Started process (PID=6262) to work on /home/nikita/airflow-setup/ENV/lib/python3.12/site-packages/airflow/example_dags/example_latest_only_with_trigger.py
[2026-05-04T00:50:36.387+0300] {processor.py:914} INFO - Processing file /home/nikita/airflow-setup/ENV/lib/python3.12/site-packages/airflow/example_dags/example_latest_only_with_trigger.py for tasks to queue
[2026-05-04T00:50:36.389+0300] {logging_mixin.py:190} INFO - [2026-05-04T00:50:36.389+0300] {dagbag.py:588} INFO - Filling up the DagBag from /home/nikita/airflow-setup/ENV/lib/python3.12/site-packages/airflow/example_dags/example_latest_only_with_trigger.py
[2026-05-04T00:50:36.395+0300] {processor.py:925} INFO - DAG(s) 'latest_only_with_trigger' retrieved from /home/nikita/airflow-setup/ENV/lib/python3.12/site-packages/airflow/example_dags/example_latest_only_with_trigger.py
[2026-05-04T00:50:36.407+0300] {logging_mixin.py:190} INFO - [2026-05-04T00:50:36.407+0300] {dag.py:3239} INFO - Sync 1 DAGs
[2026-05-04T00:50:36.422+0300] {logging_mixin.py:190} INFO - [2026-05-04T00:50:36.422+0300] {dag.py:4180} INFO - Setting next_dagrun for latest_only_with_trigger to 2026-05-03 16:00:00+00:00, run_after=2026-05-03 20:00:00+00:00
[2026-05-04T00:50:36.437+0300] {processor.py:208} INFO - Processing /home/nikita/airflow-setup/ENV/lib/python3.12/site-packages/airflow/example_dags/example_latest_only_with_trigger.py took 0.055 seconds
[2026-05-04T00:51:30.757+0300] {processor.py:186} INFO - Started process (PID=6319) to work on /home/nikita/airflow-setup/ENV/lib/python3.12/site-packages/airflow/example_dags/example_latest_only_with_trigger.py
[2026-05-04T00:51:30.767+0300] {processor.py:914} INFO - Processing file /home/nikita/airflow-setup/ENV/lib/python3.12/site-packages/airflow/example_dags/example_latest_only_with_trigger.py for tasks to queue
[2026-05-04T00:51:30.769+0300] {logging_mixin.py:190} INFO - [2026-05-04T00:51:30.769+0300] {dagbag.py:588} INFO - Filling up the DagBag from /home/nikita/airflow-setup/ENV/lib/python3.12/site-packages/airflow/example_dags/example_latest_only_with_trigger.py
[2026-05-04T00:51:30.777+0300] {processor.py:925} INFO - DAG(s) 'latest_only_with_trigger' retrieved from /home/nikita/airflow-setup/ENV/lib/python3.12/site-packages/airflow/example_dags/example_latest_only_with_trigger.py
[2026-05-04T00:51:30.791+0300] {logging_mixin.py:190} INFO - [2026-05-04T00:51:30.791+0300] {dag.py:3239} INFO - Sync 1 DAGs
[2026-05-04T00:51:30.807+0300] {logging_mixin.py:190} INFO - [2026-05-04T00:51:30.807+0300] {dag.py:4180} INFO - Setting next_dagrun for latest_only_with_trigger to 2026-05-03 16:00:00+00:00, run_after=2026-05-03 20:00:00+00:00
[2026-05-04T00:51:30.826+0300] {processor.py:208} INFO - Processing /home/nikita/airflow-setup/ENV/lib/python3.12/site-packages/airflow/example_dags/example_latest_only_with_trigger.py took 0.075 seconds
[2026-05-04T00:52:29.856+0300] {processor.py:186} INFO - Started process (PID=6376) to work on /home/nikita/airflow-setup/ENV/lib/python3.12/site-packages/airflow/example_dags/example_latest_only_with_trigger.py
[2026-05-04T00:52:29.857+0300] {processor.py:914} INFO - Processing file /home/nikita/airflow-setup/ENV/lib/python3.12/site-packages/airflow/example_dags/example_latest_only_with_trigger.py for tasks to queue
[2026-05-04T00:52:29.859+0300] {logging_mixin.py:190} INFO - [2026-05-04T00:52:29.858+0300] {dagbag.py:588} INFO - Filling up the DagBag from /home/nikita/airflow-setup/ENV/lib/python3.12/site-packages/airflow/example_dags/example_latest_only_with_trigger.py
[2026-05-04T00:52:29.866+0300] {processor.py:925} INFO - DAG(s) 'latest_only_with_trigger' retrieved from /home/nikita/airflow-setup/ENV/lib/python3.12/site-packages/airflow/example_dags/example_latest_only_with_trigger.py
[2026-05-04T00:52:29.877+0300] {logging_mixin.py:190} INFO - [2026-05-04T00:52:29.877+0300] {dag.py:3239} INFO - Sync 1 DAGs
[2026-05-04T00:52:29.890+0300] {logging_mixin.py:190} INFO - [2026-05-04T00:52:29.890+0300] {dag.py:4180} INFO - Setting next_dagrun for latest_only_with_trigger to 2026-05-03 16:00:00+00:00, run_after=2026-05-03 20:00:00+00:00
[2026-05-04T00:52:29.906+0300] {processor.py:208} INFO - Processing /home/nikita/airflow-setup/ENV/lib/python3.12/site-packages/airflow/example_dags/example_latest_only_with_trigger.py took 0.056 seconds
[2026-05-04T00:53:34.190+0300] {processor.py:186} INFO - Started process (PID=6456) to work on /home/nikita/airflow-setup/ENV/lib/python3.12/site-packages/airflow/example_dags/example_latest_only_with_trigger.py
[2026-05-04T00:53:34.192+0300] {processor.py:914} INFO - Processing file /home/nikita/airflow-setup/ENV/lib/python3.12/site-packages/airflow/example_dags/example_latest_only_with_trigger.py for tasks to queue
[2026-05-04T00:53:34.193+0300] {logging_mixin.py:190} INFO - [2026-05-04T00:53:34.193+0300] {dagbag.py:588} INFO - Filling up the DagBag from /home/nikita/airflow-setup/ENV/lib/python3.12/site-packages/airflow/example_dags/example_latest_only_with_trigger.py
[2026-05-04T00:53:34.199+0300] {processor.py:925} INFO - DAG(s) 'latest_only_with_trigger' retrieved from /home/nikita/airflow-setup/ENV/lib/python3.12/site-packages/airflow/example_dags/example_latest_only_with_trigger.py
[2026-05-04T00:53:34.211+0300] {logging_mixin.py:190} INFO - [2026-05-04T00:53:34.210+0300] {dag.py:3239} INFO - Sync 1 DAGs
[2026-05-04T00:53:34.224+0300] {logging_mixin.py:190} INFO - [2026-05-04T00:53:34.224+0300] {dag.py:4180} INFO - Setting next_dagrun for latest_only_with_trigger to 2026-05-03 16:00:00+00:00, run_after=2026-05-03 20:00:00+00:00
[2026-05-04T00:53:34.241+0300] {processor.py:208} INFO - Processing /home/nikita/airflow-setup/ENV/lib/python3.12/site-packages/airflow/example_dags/example_latest_only_with_trigger.py took 0.055 seconds
[2026-05-04T00:54:34.259+0300] {processor.py:186} INFO - Started process (PID=6513) to work on /home/nikita/airflow-setup/ENV/lib/python3.12/site-packages/airflow/example_dags/example_latest_only_with_trigger.py
[2026-05-04T00:54:34.260+0300] {processor.py:914} INFO - Processing file /home/nikita/airflow-setup/ENV/lib/python3.12/site-packages/airflow/example_dags/example_latest_only_with_trigger.py for tasks to queue
[2026-05-04T00:54:34.262+0300] {logging_mixin.py:190} INFO - [2026-05-04T00:54:34.262+0300] {dagbag.py:588} INFO - Filling up the DagBag from /home/nikita/airflow-setup/ENV/lib/python3.12/site-packages/airflow/example_dags/example_latest_only_with_trigger.py
[2026-05-04T00:54:34.269+0300] {processor.py:925} INFO - DAG(s) 'latest_only_with_trigger' retrieved from /home/nikita/airflow-setup/ENV/lib/python3.12/site-packages/airflow/example_dags/example_latest_only_with_trigger.py
[2026-05-04T00:54:34.282+0300] {logging_mixin.py:190} INFO - [2026-05-04T00:54:34.282+0300] {dag.py:3239} INFO - Sync 1 DAGs
[2026-05-04T00:54:34.297+0300] {logging_mixin.py:190} INFO - [2026-05-04T00:54:34.297+0300] {dag.py:4180} INFO - Setting next_dagrun for latest_only_with_trigger to 2026-05-03 16:00:00+00:00, run_after=2026-05-03 20:00:00+00:00
[2026-05-04T00:54:34.315+0300] {processor.py:208} INFO - Processing /home/nikita/airflow-setup/ENV/lib/python3.12/site-packages/airflow/example_dags/example_latest_only_with_trigger.py took 0.060 seconds
[2026-05-04T00:55:38.197+0300] {processor.py:186} INFO - Started process (PID=6582) to work on /home/nikita/airflow-setup/ENV/lib/python3.12/site-packages/airflow/example_dags/example_latest_only_with_trigger.py
[2026-05-04T00:55:38.199+0300] {processor.py:914} INFO - Processing file /home/nikita/airflow-setup/ENV/lib/python3.12/site-packages/airflow/example_dags/example_latest_only_with_trigger.py for tasks to queue
[2026-05-04T00:55:38.200+0300] {logging_mixin.py:190} INFO - [2026-05-04T00:55:38.200+0300] {dagbag.py:588} INFO - Filling up the DagBag from /home/nikita/airflow-setup/ENV/lib/python3.12/site-packages/airflow/example_dags/example_latest_only_with_trigger.py
[2026-05-04T00:55:38.207+0300] {processor.py:925} INFO - DAG(s) 'latest_only_with_trigger' retrieved from /home/nikita/airflow-setup/ENV/lib/python3.12/site-packages/airflow/example_dags/example_latest_only_with_trigger.py
[2026-05-04T00:55:38.219+0300] {logging_mixin.py:190} INFO - [2026-05-04T00:55:38.219+0300] {dag.py:3239} INFO - Sync 1 DAGs
[2026-05-04T00:55:38.233+0300] {logging_mixin.py:190} INFO - [2026-05-04T00:55:38.233+0300] {dag.py:4180} INFO - Setting next_dagrun for latest_only_with_trigger to 2026-05-03 16:00:00+00:00, run_after=2026-05-03 20:00:00+00:00
[2026-05-04T00:55:38.250+0300] {processor.py:208} INFO - Processing /home/nikita/airflow-setup/ENV/lib/python3.12/site-packages/airflow/example_dags/example_latest_only_with_trigger.py took 0.058 seconds
[2026-05-04T00:56:35.998+0300] {processor.py:186} INFO - Started process (PID=6660) to work on /home/nikita/airflow-setup/ENV/lib/python3.12/site-packages/airflow/example_dags/example_latest_only_with_trigger.py
[2026-05-04T00:56:35.999+0300] {processor.py:914} INFO - Processing file /home/nikita/airflow-setup/ENV/lib/python3.12/site-packages/airflow/example_dags/example_latest_only_with_trigger.py for tasks to queue
[2026-05-04T00:56:36.001+0300] {logging_mixin.py:190} INFO - [2026-05-04T00:56:36.001+0300] {dagbag.py:588} INFO - Filling up the DagBag from /home/nikita/airflow-setup/ENV/lib/python3.12/site-packages/airflow/example_dags/example_latest_only_with_trigger.py
[2026-05-04T00:56:36.009+0300] {processor.py:925} INFO - DAG(s) 'latest_only_with_trigger' retrieved from /home/nikita/airflow-setup/ENV/lib/python3.12/site-packages/airflow/example_dags/example_latest_only_with_trigger.py
[2026-05-04T00:56:36.022+0300] {logging_mixin.py:190} INFO - [2026-05-04T00:56:36.022+0300] {dag.py:3239} INFO - Sync 1 DAGs
[2026-05-04T00:56:36.045+0300] {logging_mixin.py:190} INFO - [2026-05-04T00:56:36.045+0300] {dag.py:4180} INFO - Setting next_dagrun for latest_only_with_trigger to 2026-05-03 16:00:00+00:00, run_after=2026-05-03 20:00:00+00:00
[2026-05-04T00:56:36.064+0300] {processor.py:208} INFO - Processing /home/nikita/airflow-setup/ENV/lib/python3.12/site-packages/airflow/example_dags/example_latest_only_with_trigger.py took 0.070 seconds
[2026-05-04T00:57:38.716+0300] {processor.py:186} INFO - Started process (PID=7101) to work on /home/nikita/airflow-setup/ENV/lib/python3.12/site-packages/airflow/example_dags/example_latest_only_with_trigger.py
[2026-05-04T00:57:38.719+0300] {processor.py:914} INFO - Processing file /home/nikita/airflow-setup/ENV/lib/python3.12/site-packages/airflow/example_dags/example_latest_only_with_trigger.py for tasks to queue
[2026-05-04T00:57:38.721+0300] {logging_mixin.py:190} INFO - [2026-05-04T00:57:38.721+0300] {dagbag.py:588} INFO - Filling up the DagBag from /home/nikita/airflow-setup/ENV/lib/python3.12/site-packages/airflow/example_dags/example_latest_only_with_trigger.py
[2026-05-04T00:57:38.730+0300] {processor.py:925} INFO - DAG(s) 'latest_only_with_trigger' retrieved from /home/nikita/airflow-setup/ENV/lib/python3.12/site-packages/airflow/example_dags/example_latest_only_with_trigger.py
[2026-05-04T00:57:38.748+0300] {logging_mixin.py:190} INFO - [2026-05-04T00:57:38.748+0300] {dag.py:3239} INFO - Sync 1 DAGs
[2026-05-04T00:57:38.767+0300] {logging_mixin.py:190} INFO - [2026-05-04T00:57:38.767+0300] {dag.py:4180} INFO - Setting next_dagrun for latest_only_with_trigger to 2026-05-03 16:00:00+00:00, run_after=2026-05-03 20:00:00+00:00
[2026-05-04T00:57:38.786+0300] {processor.py:208} INFO - Processing /home/nikita/airflow-setup/ENV/lib/python3.12/site-packages/airflow/example_dags/example_latest_only_with_trigger.py took 0.075 seconds
[2026-05-04T00:58:35.470+0300] {processor.py:186} INFO - Started process (PID=7321) to work on /home/nikita/airflow-setup/ENV/lib/python3.12/site-packages/airflow/example_dags/example_latest_only_with_trigger.py
[2026-05-04T00:58:35.479+0300] {processor.py:914} INFO - Processing file /home/nikita/airflow-setup/ENV/lib/python3.12/site-packages/airflow/example_dags/example_latest_only_with_trigger.py for tasks to queue
[2026-05-04T00:58:35.480+0300] {logging_mixin.py:190} INFO - [2026-05-04T00:58:35.480+0300] {dagbag.py:588} INFO - Filling up the DagBag from /home/nikita/airflow-setup/ENV/lib/python3.12/site-packages/airflow/example_dags/example_latest_only_with_trigger.py
[2026-05-04T00:58:35.487+0300] {processor.py:925} INFO - DAG(s) 'latest_only_with_trigger' retrieved from /home/nikita/airflow-setup/ENV/lib/python3.12/site-packages/airflow/example_dags/example_latest_only_with_trigger.py
[2026-05-04T00:58:35.501+0300] {logging_mixin.py:190} INFO - [2026-05-04T00:58:35.501+0300] {dag.py:3239} INFO - Sync 1 DAGs
[2026-05-04T00:58:35.518+0300] {logging_mixin.py:190} INFO - [2026-05-04T00:58:35.518+0300] {dag.py:4180} INFO - Setting next_dagrun for latest_only_with_trigger to 2026-05-03 16:00:00+00:00, run_after=2026-05-03 20:00:00+00:00
[2026-05-04T00:58:35.536+0300] {processor.py:208} INFO - Processing /home/nikita/airflow-setup/ENV/lib/python3.12/site-packages/airflow/example_dags/example_latest_only_with_trigger.py took 0.071 seconds
[2026-05-04T00:59:35.755+0300] {processor.py:186} INFO - Started process (PID=8126) to work on /home/nikita/airflow-setup/ENV/lib/python3.12/site-packages/airflow/example_dags/example_latest_only_with_trigger.py
[2026-05-04T00:59:35.756+0300] {processor.py:914} INFO - Processing file /home/nikita/airflow-setup/ENV/lib/python3.12/site-packages/airflow/example_dags/example_latest_only_with_trigger.py for tasks to queue
[2026-05-04T00:59:35.759+0300] {logging_mixin.py:190} INFO - [2026-05-04T00:59:35.758+0300] {dagbag.py:588} INFO - Filling up the DagBag from /home/nikita/airflow-setup/ENV/lib/python3.12/site-packages/airflow/example_dags/example_latest_only_with_trigger.py
[2026-05-04T00:59:35.771+0300] {processor.py:925} INFO - DAG(s) 'latest_only_with_trigger' retrieved from /home/nikita/airflow-setup/ENV/lib/python3.12/site-packages/airflow/example_dags/example_latest_only_with_trigger.py
[2026-05-04T00:59:35.788+0300] {logging_mixin.py:190} INFO - [2026-05-04T00:59:35.788+0300] {dag.py:3239} INFO - Sync 1 DAGs
[2026-05-04T00:59:35.808+0300] {logging_mixin.py:190} INFO - [2026-05-04T00:59:35.808+0300] {dag.py:4180} INFO - Setting next_dagrun for latest_only_with_trigger to 2026-05-03 16:00:00+00:00, run_after=2026-05-03 20:00:00+00:00
[2026-05-04T00:59:35.832+0300] {processor.py:208} INFO - Processing /home/nikita/airflow-setup/ENV/lib/python3.12/site-packages/airflow/example_dags/example_latest_only_with_trigger.py took 0.082 seconds
[2026-05-04T01:00:40.040+0300] {processor.py:186} INFO - Started process (PID=8400) to work on /home/nikita/airflow-setup/ENV/lib/python3.12/site-packages/airflow/example_dags/example_latest_only_with_trigger.py
[2026-05-04T01:00:40.041+0300] {processor.py:914} INFO - Processing file /home/nikita/airflow-setup/ENV/lib/python3.12/site-packages/airflow/example_dags/example_latest_only_with_trigger.py for tasks to queue
[2026-05-04T01:00:40.042+0300] {logging_mixin.py:190} INFO - [2026-05-04T01:00:40.042+0300] {dagbag.py:588} INFO - Filling up the DagBag from /home/nikita/airflow-setup/ENV/lib/python3.12/site-packages/airflow/example_dags/example_latest_only_with_trigger.py
[2026-05-04T01:00:40.049+0300] {processor.py:925} INFO - DAG(s) 'latest_only_with_trigger' retrieved from /home/nikita/airflow-setup/ENV/lib/python3.12/site-packages/airflow/example_dags/example_latest_only_with_trigger.py
[2026-05-04T01:00:40.063+0300] {logging_mixin.py:190} INFO - [2026-05-04T01:00:40.062+0300] {dag.py:3239} INFO - Sync 1 DAGs
[2026-05-04T01:00:40.078+0300] {logging_mixin.py:190} INFO - [2026-05-04T01:00:40.078+0300] {dag.py:4180} INFO - Setting next_dagrun for latest_only_with_trigger to 2026-05-03 16:00:00+00:00, run_after=2026-05-03 20:00:00+00:00
[2026-05-04T01:00:40.094+0300] {processor.py:208} INFO - Processing /home/nikita/airflow-setup/ENV/lib/python3.12/site-packages/airflow/example_dags/example_latest_only_with_trigger.py took 0.058 seconds
[2026-05-04T01:01:46.791+0300] {processor.py:186} INFO - Started process (PID=8973) to work on /home/nikita/airflow-setup/ENV/lib/python3.12/site-packages/airflow/example_dags/example_latest_only_with_trigger.py
[2026-05-04T01:01:46.793+0300] {processor.py:914} INFO - Processing file /home/nikita/airflow-setup/ENV/lib/python3.12/site-packages/airflow/example_dags/example_latest_only_with_trigger.py for tasks to queue
[2026-05-04T01:01:46.794+0300] {logging_mixin.py:190} INFO - [2026-05-04T01:01:46.794+0300] {dagbag.py:588} INFO - Filling up the DagBag from /home/nikita/airflow-setup/ENV/lib/python3.12/site-packages/airflow/example_dags/example_latest_only_with_trigger.py
[2026-05-04T01:01:46.800+0300] {processor.py:925} INFO - DAG(s) 'latest_only_with_trigger' retrieved from /home/nikita/airflow-setup/ENV/lib/python3.12/site-packages/airflow/example_dags/example_latest_only_with_trigger.py
[2026-05-04T01:01:46.813+0300] {logging_mixin.py:190} INFO - [2026-05-04T01:01:46.812+0300] {dag.py:3239} INFO - Sync 1 DAGs
[2026-05-04T01:01:46.830+0300] {logging_mixin.py:190} INFO - [2026-05-04T01:01:46.830+0300] {dag.py:4180} INFO - Setting next_dagrun for latest_only_with_trigger to 2026-05-03 16:00:00+00:00, run_after=2026-05-03 20:00:00+00:00
[2026-05-04T01:01:46.847+0300] {processor.py:208} INFO - Processing /home/nikita/airflow-setup/ENV/lib/python3.12/site-packages/airflow/example_dags/example_latest_only_with_trigger.py took 0.059 seconds
[2026-05-04T01:02:55.144+0300] {processor.py:186} INFO - Started process (PID=9577) to work on /home/nikita/airflow-setup/ENV/lib/python3.12/site-packages/airflow/example_dags/example_latest_only_with_trigger.py
[2026-05-04T01:02:55.153+0300] {processor.py:914} INFO - Processing file /home/nikita/airflow-setup/ENV/lib/python3.12/site-packages/airflow/example_dags/example_latest_only_with_trigger.py for tasks to queue
[2026-05-04T01:02:55.154+0300] {logging_mixin.py:190} INFO - [2026-05-04T01:02:55.154+0300] {dagbag.py:588} INFO - Filling up the DagBag from /home/nikita/airflow-setup/ENV/lib/python3.12/site-packages/airflow/example_dags/example_latest_only_with_trigger.py
[2026-05-04T01:02:55.161+0300] {processor.py:925} INFO - DAG(s) 'latest_only_with_trigger' retrieved from /home/nikita/airflow-setup/ENV/lib/python3.12/site-packages/airflow/example_dags/example_latest_only_with_trigger.py
[2026-05-04T01:02:55.175+0300] {logging_mixin.py:190} INFO - [2026-05-04T01:02:55.175+0300] {dag.py:3239} INFO - Sync 1 DAGs
[2026-05-04T01:02:55.190+0300] {logging_mixin.py:190} INFO - [2026-05-04T01:02:55.189+0300] {dag.py:4180} INFO - Setting next_dagrun for latest_only_with_trigger to 2026-05-03 16:00:00+00:00, run_after=2026-05-03 20:00:00+00:00
[2026-05-04T01:02:55.206+0300] {processor.py:208} INFO - Processing /home/nikita/airflow-setup/ENV/lib/python3.12/site-packages/airflow/example_dags/example_latest_only_with_trigger.py took 0.066 seconds
[2026-05-04T01:03:57.220+0300] {processor.py:186} INFO - Started process (PID=9842) to work on /home/nikita/airflow-setup/ENV/lib/python3.12/site-packages/airflow/example_dags/example_latest_only_with_trigger.py
[2026-05-04T01:03:57.221+0300] {processor.py:914} INFO - Processing file /home/nikita/airflow-setup/ENV/lib/python3.12/site-packages/airflow/example_dags/example_latest_only_with_trigger.py for tasks to queue
[2026-05-04T01:03:57.222+0300] {logging_mixin.py:190} INFO - [2026-05-04T01:03:57.222+0300] {dagbag.py:588} INFO - Filling up the DagBag from /home/nikita/airflow-setup/ENV/lib/python3.12/site-packages/airflow/example_dags/example_latest_only_with_trigger.py
[2026-05-04T01:03:57.229+0300] {processor.py:925} INFO - DAG(s) 'latest_only_with_trigger' retrieved from /home/nikita/airflow-setup/ENV/lib/python3.12/site-packages/airflow/example_dags/example_latest_only_with_trigger.py
[2026-05-04T01:03:57.240+0300] {logging_mixin.py:190} INFO - [2026-05-04T01:03:57.239+0300] {dag.py:3239} INFO - Sync 1 DAGs
[2026-05-04T01:03:57.252+0300] {logging_mixin.py:190} INFO - [2026-05-04T01:03:57.252+0300] {dag.py:4180} INFO - Setting next_dagrun for latest_only_with_trigger to 2026-05-03 16:00:00+00:00, run_after=2026-05-03 20:00:00+00:00
[2026-05-04T01:03:57.268+0300] {processor.py:208} INFO - Processing /home/nikita/airflow-setup/ENV/lib/python3.12/site-packages/airflow/example_dags/example_latest_only_with_trigger.py took 0.052 seconds
[2026-05-04T01:05:01.317+0300] {processor.py:186} INFO - Started process (PID=10094) to work on /home/nikita/airflow-setup/ENV/lib/python3.12/site-packages/airflow/example_dags/example_latest_only_with_trigger.py
[2026-05-04T01:05:01.327+0300] {processor.py:914} INFO - Processing file /home/nikita/airflow-setup/ENV/lib/python3.12/site-packages/airflow/example_dags/example_latest_only_with_trigger.py for tasks to queue
[2026-05-04T01:05:01.328+0300] {logging_mixin.py:190} INFO - [2026-05-04T01:05:01.328+0300] {dagbag.py:588} INFO - Filling up the DagBag from /home/nikita/airflow-setup/ENV/lib/python3.12/site-packages/airflow/example_dags/example_latest_only_with_trigger.py
[2026-05-04T01:05:01.335+0300] {processor.py:925} INFO - DAG(s) 'latest_only_with_trigger' retrieved from /home/nikita/airflow-setup/ENV/lib/python3.12/site-packages/airflow/example_dags/example_latest_only_with_trigger.py
[2026-05-04T01:05:01.346+0300] {logging_mixin.py:190} INFO - [2026-05-04T01:05:01.346+0300] {dag.py:3239} INFO - Sync 1 DAGs
[2026-05-04T01:05:01.359+0300] {logging_mixin.py:190} INFO - [2026-05-04T01:05:01.359+0300] {dag.py:4180} INFO - Setting next_dagrun for latest_only_with_trigger to 2026-05-03 16:00:00+00:00, run_after=2026-05-03 20:00:00+00:00
[2026-05-04T01:05:01.374+0300] {processor.py:208} INFO - Processing /home/nikita/airflow-setup/ENV/lib/python3.12/site-packages/airflow/example_dags/example_latest_only_with_trigger.py took 0.062 seconds
[2026-05-04T01:06:08.602+0300] {processor.py:186} INFO - Started process (PID=10375) to work on /home/nikita/airflow-setup/ENV/lib/python3.12/site-packages/airflow/example_dags/example_latest_only_with_trigger.py
[2026-05-04T01:06:08.611+0300] {processor.py:914} INFO - Processing file /home/nikita/airflow-setup/ENV/lib/python3.12/site-packages/airflow/example_dags/example_latest_only_with_trigger.py for tasks to queue
[2026-05-04T01:06:08.612+0300] {logging_mixin.py:190} INFO - [2026-05-04T01:06:08.612+0300] {dagbag.py:588} INFO - Filling up the DagBag from /home/nikita/airflow-setup/ENV/lib/python3.12/site-packages/airflow/example_dags/example_latest_only_with_trigger.py
[2026-05-04T01:06:08.619+0300] {processor.py:925} INFO - DAG(s) 'latest_only_with_trigger' retrieved from /home/nikita/airflow-setup/ENV/lib/python3.12/site-packages/airflow/example_dags/example_latest_only_with_trigger.py
[2026-05-04T01:06:08.632+0300] {logging_mixin.py:190} INFO - [2026-05-04T01:06:08.632+0300] {dag.py:3239} INFO - Sync 1 DAGs
[2026-05-04T01:06:08.648+0300] {logging_mixin.py:190} INFO - [2026-05-04T01:06:08.648+0300] {dag.py:4180} INFO - Setting next_dagrun for latest_only_with_trigger to 2026-05-03 16:00:00+00:00, run_after=2026-05-03 20:00:00+00:00
[2026-05-04T01:06:08.668+0300] {processor.py:208} INFO - Processing /home/nikita/airflow-setup/ENV/lib/python3.12/site-packages/airflow/example_dags/example_latest_only_with_trigger.py took 0.071 seconds
[2026-05-04T01:07:12.567+0300] {processor.py:186} INFO - Started process (PID=10620) to work on /home/nikita/airflow-setup/ENV/lib/python3.12/site-packages/airflow/example_dags/example_latest_only_with_trigger.py
[2026-05-04T01:07:12.569+0300] {processor.py:914} INFO - Processing file /home/nikita/airflow-setup/ENV/lib/python3.12/site-packages/airflow/example_dags/example_latest_only_with_trigger.py for tasks to queue
[2026-05-04T01:07:12.570+0300] {logging_mixin.py:190} INFO - [2026-05-04T01:07:12.570+0300] {dagbag.py:588} INFO - Filling up the DagBag from /home/nikita/airflow-setup/ENV/lib/python3.12/site-packages/airflow/example_dags/example_latest_only_with_trigger.py
[2026-05-04T01:07:12.582+0300] {processor.py:925} INFO - DAG(s) 'latest_only_with_trigger' retrieved from /home/nikita/airflow-setup/ENV/lib/python3.12/site-packages/airflow/example_dags/example_latest_only_with_trigger.py
[2026-05-04T01:07:12.599+0300] {logging_mixin.py:190} INFO - [2026-05-04T01:07:12.599+0300] {dag.py:3239} INFO - Sync 1 DAGs
[2026-05-04T01:07:12.628+0300] {logging_mixin.py:190} INFO - [2026-05-04T01:07:12.627+0300] {dag.py:4180} INFO - Setting next_dagrun for latest_only_with_trigger to 2026-05-03 16:00:00+00:00, run_after=2026-05-03 20:00:00+00:00
[2026-05-04T01:07:12.654+0300] {processor.py:208} INFO - Processing /home/nikita/airflow-setup/ENV/lib/python3.12/site-packages/airflow/example_dags/example_latest_only_with_trigger.py took 0.091 seconds
[2026-05-04T01:08:23.065+0300] {processor.py:186} INFO - Started process (PID=11190) to work on /home/nikita/airflow-setup/ENV/lib/python3.12/site-packages/airflow/example_dags/example_latest_only_with_trigger.py
[2026-05-04T01:08:23.105+0300] {processor.py:914} INFO - Processing file /home/nikita/airflow-setup/ENV/lib/python3.12/site-packages/airflow/example_dags/example_latest_only_with_trigger.py for tasks to queue
[2026-05-04T01:08:23.106+0300] {logging_mixin.py:190} INFO - [2026-05-04T01:08:23.106+0300] {dagbag.py:588} INFO - Filling up the DagBag from /home/nikita/airflow-setup/ENV/lib/python3.12/site-packages/airflow/example_dags/example_latest_only_with_trigger.py
[2026-05-04T01:08:23.115+0300] {processor.py:925} INFO - DAG(s) 'latest_only_with_trigger' retrieved from /home/nikita/airflow-setup/ENV/lib/python3.12/site-packages/airflow/example_dags/example_latest_only_with_trigger.py
[2026-05-04T01:08:23.129+0300] {logging_mixin.py:190} INFO - [2026-05-04T01:08:23.129+0300] {dag.py:3239} INFO - Sync 1 DAGs
[2026-05-04T01:08:23.145+0300] {logging_mixin.py:190} INFO - [2026-05-04T01:08:23.145+0300] {dag.py:4180} INFO - Setting next_dagrun for latest_only_with_trigger to 2026-05-03 16:00:00+00:00, run_after=2026-05-03 20:00:00+00:00
[2026-05-04T01:08:23.165+0300] {processor.py:208} INFO - Processing /home/nikita/airflow-setup/ENV/lib/python3.12/site-packages/airflow/example_dags/example_latest_only_with_trigger.py took 0.104 seconds
[2026-05-04T01:09:28.755+0300] {processor.py:186} INFO - Started process (PID=12036) to work on /home/nikita/airflow-setup/ENV/lib/python3.12/site-packages/airflow/example_dags/example_latest_only_with_trigger.py
[2026-05-04T01:09:28.759+0300] {processor.py:914} INFO - Processing file /home/nikita/airflow-setup/ENV/lib/python3.12/site-packages/airflow/example_dags/example_latest_only_with_trigger.py for tasks to queue
[2026-05-04T01:09:28.761+0300] {logging_mixin.py:190} INFO - [2026-05-04T01:09:28.760+0300] {dagbag.py:588} INFO - Filling up the DagBag from /home/nikita/airflow-setup/ENV/lib/python3.12/site-packages/airflow/example_dags/example_latest_only_with_trigger.py
[2026-05-04T01:09:28.770+0300] {processor.py:925} INFO - DAG(s) 'latest_only_with_trigger' retrieved from /home/nikita/airflow-setup/ENV/lib/python3.12/site-packages/airflow/example_dags/example_latest_only_with_trigger.py
[2026-05-04T01:09:28.785+0300] {logging_mixin.py:190} INFO - [2026-05-04T01:09:28.785+0300] {dag.py:3239} INFO - Sync 1 DAGs
[2026-05-04T01:09:28.803+0300] {logging_mixin.py:190} INFO - [2026-05-04T01:09:28.803+0300] {dag.py:4180} INFO - Setting next_dagrun for latest_only_with_trigger to 2026-05-03 16:00:00+00:00, run_after=2026-05-03 20:00:00+00:00
[2026-05-04T01:09:28.824+0300] {processor.py:208} INFO - Processing /home/nikita/airflow-setup/ENV/lib/python3.12/site-packages/airflow/example_dags/example_latest_only_with_trigger.py took 0.074 seconds
[2026-05-04T01:10:38.052+0300] {processor.py:186} INFO - Started process (PID=12340) to work on /home/nikita/airflow-setup/ENV/lib/python3.12/site-packages/airflow/example_dags/example_latest_only_with_trigger.py
[2026-05-04T01:10:38.057+0300] {processor.py:914} INFO - Processing file /home/nikita/airflow-setup/ENV/lib/python3.12/site-packages/airflow/example_dags/example_latest_only_with_trigger.py for tasks to queue
[2026-05-04T01:10:38.058+0300] {logging_mixin.py:190} INFO - [2026-05-04T01:10:38.058+0300] {dagbag.py:588} INFO - Filling up the DagBag from /home/nikita/airflow-setup/ENV/lib/python3.12/site-packages/airflow/example_dags/example_latest_only_with_trigger.py
[2026-05-04T01:10:38.065+0300] {processor.py:925} INFO - DAG(s) 'latest_only_with_trigger' retrieved from /home/nikita/airflow-setup/ENV/lib/python3.12/site-packages/airflow/example_dags/example_latest_only_with_trigger.py
[2026-05-04T01:10:38.076+0300] {logging_mixin.py:190} INFO - [2026-05-04T01:10:38.076+0300] {dag.py:3239} INFO - Sync 1 DAGs
[2026-05-04T01:10:38.089+0300] {logging_mixin.py:190} INFO - [2026-05-04T01:10:38.089+0300] {dag.py:4180} INFO - Setting next_dagrun for latest_only_with_trigger to 2026-05-03 16:00:00+00:00, run_after=2026-05-03 20:00:00+00:00
[2026-05-04T01:10:38.105+0300] {processor.py:208} INFO - Processing /home/nikita/airflow-setup/ENV/lib/python3.12/site-packages/airflow/example_dags/example_latest_only_with_trigger.py took 0.058 seconds
[2026-05-04T01:11:45.470+0300] {processor.py:186} INFO - Started process (PID=12595) to work on /home/nikita/airflow-setup/ENV/lib/python3.12/site-packages/airflow/example_dags/example_latest_only_with_trigger.py
[2026-05-04T01:11:45.472+0300] {processor.py:914} INFO - Processing file /home/nikita/airflow-setup/ENV/lib/python3.12/site-packages/airflow/example_dags/example_latest_only_with_trigger.py for tasks to queue
[2026-05-04T01:11:45.473+0300] {logging_mixin.py:190} INFO - [2026-05-04T01:11:45.472+0300] {dagbag.py:588} INFO - Filling up the DagBag from /home/nikita/airflow-setup/ENV/lib/python3.12/site-packages/airflow/example_dags/example_latest_only_with_trigger.py
[2026-05-04T01:11:45.480+0300] {processor.py:925} INFO - DAG(s) 'latest_only_with_trigger' retrieved from /home/nikita/airflow-setup/ENV/lib/python3.12/site-packages/airflow/example_dags/example_latest_only_with_trigger.py
[2026-05-04T01:11:45.494+0300] {logging_mixin.py:190} INFO - [2026-05-04T01:11:45.494+0300] {dag.py:3239} INFO - Sync 1 DAGs
[2026-05-04T01:11:45.512+0300] {logging_mixin.py:190} INFO - [2026-05-04T01:11:45.512+0300] {dag.py:4180} INFO - Setting next_dagrun for latest_only_with_trigger to 2026-05-03 16:00:00+00:00, run_after=2026-05-03 20:00:00+00:00
[2026-05-04T01:11:45.530+0300] {processor.py:208} INFO - Processing /home/nikita/airflow-setup/ENV/lib/python3.12/site-packages/airflow/example_dags/example_latest_only_with_trigger.py took 0.064 seconds
[2026-05-04T01:12:44.609+0300] {processor.py:186} INFO - Started process (PID=12821) to work on /home/nikita/airflow-setup/ENV/lib/python3.12/site-packages/airflow/example_dags/example_latest_only_with_trigger.py
[2026-05-04T01:12:44.618+0300] {processor.py:914} INFO - Processing file /home/nikita/airflow-setup/ENV/lib/python3.12/site-packages/airflow/example_dags/example_latest_only_with_trigger.py for tasks to queue
[2026-05-04T01:12:44.619+0300] {logging_mixin.py:190} INFO - [2026-05-04T01:12:44.619+0300] {dagbag.py:588} INFO - Filling up the DagBag from /home/nikita/airflow-setup/ENV/lib/python3.12/site-packages/airflow/example_dags/example_latest_only_with_trigger.py
[2026-05-04T01:12:44.627+0300] {processor.py:925} INFO - DAG(s) 'latest_only_with_trigger' retrieved from /home/nikita/airflow-setup/ENV/lib/python3.12/site-packages/airflow/example_dags/example_latest_only_with_trigger.py
[2026-05-04T01:12:44.639+0300] {logging_mixin.py:190} INFO - [2026-05-04T01:12:44.639+0300] {dag.py:3239} INFO - Sync 1 DAGs
[2026-05-04T01:12:44.655+0300] {logging_mixin.py:190} INFO - [2026-05-04T01:12:44.655+0300] {dag.py:4180} INFO - Setting next_dagrun for latest_only_with_trigger to 2026-05-03 16:00:00+00:00, run_after=2026-05-03 20:00:00+00:00
[2026-05-04T01:12:44.674+0300] {processor.py:208} INFO - Processing /home/nikita/airflow-setup/ENV/lib/python3.12/site-packages/airflow/example_dags/example_latest_only_with_trigger.py took 0.069 seconds
[2026-05-04T01:13:46.586+0300] {processor.py:186} INFO - Started process (PID=13401) to work on /home/nikita/airflow-setup/ENV/lib/python3.12/site-packages/airflow/example_dags/example_latest_only_with_trigger.py
[2026-05-04T01:13:46.596+0300] {processor.py:914} INFO - Processing file /home/nikita/airflow-setup/ENV/lib/python3.12/site-packages/airflow/example_dags/example_latest_only_with_trigger.py for tasks to queue
[2026-05-04T01:13:46.597+0300] {logging_mixin.py:190} INFO - [2026-05-04T01:13:46.597+0300] {dagbag.py:588} INFO - Filling up the DagBag from /home/nikita/airflow-setup/ENV/lib/python3.12/site-packages/airflow/example_dags/example_latest_only_with_trigger.py
[2026-05-04T01:13:46.605+0300] {processor.py:925} INFO - DAG(s) 'latest_only_with_trigger' retrieved from /home/nikita/airflow-setup/ENV/lib/python3.12/site-packages/airflow/example_dags/example_latest_only_with_trigger.py
[2026-05-04T01:13:46.616+0300] {logging_mixin.py:190} INFO - [2026-05-04T01:13:46.615+0300] {dag.py:3239} INFO - Sync 1 DAGs
[2026-05-04T01:13:46.628+0300] {logging_mixin.py:190} INFO - [2026-05-04T01:13:46.628+0300] {dag.py:4180} INFO - Setting next_dagrun for latest_only_with_trigger to 2026-05-03 16:00:00+00:00, run_after=2026-05-03 20:00:00+00:00
[2026-05-04T01:13:46.643+0300] {processor.py:208} INFO - Processing /home/nikita/airflow-setup/ENV/lib/python3.12/site-packages/airflow/example_dags/example_latest_only_with_trigger.py took 0.061 seconds
[2026-05-04T01:14:54.761+0300] {processor.py:186} INFO - Started process (PID=14384) to work on /home/nikita/airflow-setup/ENV/lib/python3.12/site-packages/airflow/example_dags/example_latest_only_with_trigger.py
[2026-05-04T01:14:54.770+0300] {processor.py:914} INFO - Processing file /home/nikita/airflow-setup/ENV/lib/python3.12/site-packages/airflow/example_dags/example_latest_only_with_trigger.py for tasks to queue
[2026-05-04T01:14:54.771+0300] {logging_mixin.py:190} INFO - [2026-05-04T01:14:54.771+0300] {dagbag.py:588} INFO - Filling up the DagBag from /home/nikita/airflow-setup/ENV/lib/python3.12/site-packages/airflow/example_dags/example_latest_only_with_trigger.py
[2026-05-04T01:14:54.777+0300] {processor.py:925} INFO - DAG(s) 'latest_only_with_trigger' retrieved from /home/nikita/airflow-setup/ENV/lib/python3.12/site-packages/airflow/example_dags/example_latest_only_with_trigger.py
[2026-05-04T01:14:54.788+0300] {logging_mixin.py:190} INFO - [2026-05-04T01:14:54.788+0300] {dag.py:3239} INFO - Sync 1 DAGs
[2026-05-04T01:14:54.801+0300] {logging_mixin.py:190} INFO - [2026-05-04T01:14:54.800+0300] {dag.py:4180} INFO - Setting next_dagrun for latest_only_with_trigger to 2026-05-03 16:00:00+00:00, run_after=2026-05-03 20:00:00+00:00
[2026-05-04T01:14:54.817+0300] {processor.py:208} INFO - Processing /home/nikita/airflow-setup/ENV/lib/python3.12/site-packages/airflow/example_dags/example_latest_only_with_trigger.py took 0.060 seconds
[2026-05-04T01:16:01.079+0300] {processor.py:186} INFO - Started process (PID=15484) to work on /home/nikita/airflow-setup/ENV/lib/python3.12/site-packages/airflow/example_dags/example_latest_only_with_trigger.py
[2026-05-04T01:16:01.081+0300] {processor.py:914} INFO - Processing file /home/nikita/airflow-setup/ENV/lib/python3.12/site-packages/airflow/example_dags/example_latest_only_with_trigger.py for tasks to queue
[2026-05-04T01:16:01.082+0300] {logging_mixin.py:190} INFO - [2026-05-04T01:16:01.082+0300] {dagbag.py:588} INFO - Filling up the DagBag from /home/nikita/airflow-setup/ENV/lib/python3.12/site-packages/airflow/example_dags/example_latest_only_with_trigger.py
[2026-05-04T01:16:01.090+0300] {processor.py:925} INFO - DAG(s) 'latest_only_with_trigger' retrieved from /home/nikita/airflow-setup/ENV/lib/python3.12/site-packages/airflow/example_dags/example_latest_only_with_trigger.py
[2026-05-04T01:16:01.106+0300] {logging_mixin.py:190} INFO - [2026-05-04T01:16:01.106+0300] {dag.py:3239} INFO - Sync 1 DAGs
[2026-05-04T01:16:01.122+0300] {logging_mixin.py:190} INFO - [2026-05-04T01:16:01.122+0300] {dag.py:4180} INFO - Setting next_dagrun for latest_only_with_trigger to 2026-05-03 16:00:00+00:00, run_after=2026-05-03 20:00:00+00:00
[2026-05-04T01:16:01.144+0300] {processor.py:208} INFO - Processing /home/nikita/airflow-setup/ENV/lib/python3.12/site-packages/airflow/example_dags/example_latest_only_with_trigger.py took 0.071 seconds
[2026-05-04T01:17:11.479+0300] {processor.py:186} INFO - Started process (PID=15859) to work on /home/nikita/airflow-setup/ENV/lib/python3.12/site-packages/airflow/example_dags/example_latest_only_with_trigger.py
[2026-05-04T01:17:11.480+0300] {processor.py:914} INFO - Processing file /home/nikita/airflow-setup/ENV/lib/python3.12/site-packages/airflow/example_dags/example_latest_only_with_trigger.py for tasks to queue
[2026-05-04T01:17:11.481+0300] {logging_mixin.py:190} INFO - [2026-05-04T01:17:11.481+0300] {dagbag.py:588} INFO - Filling up the DagBag from /home/nikita/airflow-setup/ENV/lib/python3.12/site-packages/airflow/example_dags/example_latest_only_with_trigger.py
[2026-05-04T01:17:11.488+0300] {processor.py:925} INFO - DAG(s) 'latest_only_with_trigger' retrieved from /home/nikita/airflow-setup/ENV/lib/python3.12/site-packages/airflow/example_dags/example_latest_only_with_trigger.py
[2026-05-04T01:17:11.502+0300] {logging_mixin.py:190} INFO - [2026-05-04T01:17:11.502+0300] {dag.py:3239} INFO - Sync 1 DAGs
[2026-05-04T01:17:11.518+0300] {logging_mixin.py:190} INFO - [2026-05-04T01:17:11.518+0300] {dag.py:4180} INFO - Setting next_dagrun for latest_only_with_trigger to 2026-05-03 16:00:00+00:00, run_after=2026-05-03 20:00:00+00:00
[2026-05-04T01:17:11.535+0300] {processor.py:208} INFO - Processing /home/nikita/airflow-setup/ENV/lib/python3.12/site-packages/airflow/example_dags/example_latest_only_with_trigger.py took 0.061 seconds
[2026-05-04T01:18:18.751+0300] {processor.py:186} INFO - Started process (PID=16110) to work on /home/nikita/airflow-setup/ENV/lib/python3.12/site-packages/airflow/example_dags/example_latest_only_with_trigger.py
[2026-05-04T01:18:18.760+0300] {processor.py:914} INFO - Processing file /home/nikita/airflow-setup/ENV/lib/python3.12/site-packages/airflow/example_dags/example_latest_only_with_trigger.py for tasks to queue
[2026-05-04T01:18:18.764+0300] {logging_mixin.py:190} INFO - [2026-05-04T01:18:18.762+0300] {dagbag.py:588} INFO - Filling up the DagBag from /home/nikita/airflow-setup/ENV/lib/python3.12/site-packages/airflow/example_dags/example_latest_only_with_trigger.py
[2026-05-04T01:18:18.784+0300] {processor.py:925} INFO - DAG(s) 'latest_only_with_trigger' retrieved from /home/nikita/airflow-setup/ENV/lib/python3.12/site-packages/airflow/example_dags/example_latest_only_with_trigger.py
[2026-05-04T01:18:18.805+0300] {logging_mixin.py:190} INFO - [2026-05-04T01:18:18.805+0300] {dag.py:3239} INFO - Sync 1 DAGs
[2026-05-04T01:18:18.827+0300] {logging_mixin.py:190} INFO - [2026-05-04T01:18:18.827+0300] {dag.py:4180} INFO - Setting next_dagrun for latest_only_with_trigger to 2026-05-03 16:00:00+00:00, run_after=2026-05-03 20:00:00+00:00
[2026-05-04T01:18:18.847+0300] {processor.py:208} INFO - Processing /home/nikita/airflow-setup/ENV/lib/python3.12/site-packages/airflow/example_dags/example_latest_only_with_trigger.py took 0.101 seconds
[2026-05-04T01:19:24.317+0300] {processor.py:186} INFO - Started process (PID=16364) to work on /home/nikita/airflow-setup/ENV/lib/python3.12/site-packages/airflow/example_dags/example_latest_only_with_trigger.py
[2026-05-04T01:19:24.319+0300] {processor.py:914} INFO - Processing file /home/nikita/airflow-setup/ENV/lib/python3.12/site-packages/airflow/example_dags/example_latest_only_with_trigger.py for tasks to queue
[2026-05-04T01:19:24.319+0300] {logging_mixin.py:190} INFO - [2026-05-04T01:19:24.319+0300] {dagbag.py:588} INFO - Filling up the DagBag from /home/nikita/airflow-setup/ENV/lib/python3.12/site-packages/airflow/example_dags/example_latest_only_with_trigger.py
[2026-05-04T01:19:24.326+0300] {processor.py:925} INFO - DAG(s) 'latest_only_with_trigger' retrieved from /home/nikita/airflow-setup/ENV/lib/python3.12/site-packages/airflow/example_dags/example_latest_only_with_trigger.py
[2026-05-04T01:19:24.337+0300] {logging_mixin.py:190} INFO - [2026-05-04T01:19:24.337+0300] {dag.py:3239} INFO - Sync 1 DAGs
[2026-05-04T01:19:24.349+0300] {logging_mixin.py:190} INFO - [2026-05-04T01:19:24.349+0300] {dag.py:4180} INFO - Setting next_dagrun for latest_only_with_trigger to 2026-05-03 16:00:00+00:00, run_after=2026-05-03 20:00:00+00:00
[2026-05-04T01:19:24.365+0300] {processor.py:208} INFO - Processing /home/nikita/airflow-setup/ENV/lib/python3.12/site-packages/airflow/example_dags/example_latest_only_with_trigger.py took 0.053 seconds
[2026-05-04T01:20:30.865+0300] {processor.py:186} INFO - Started process (PID=16633) to work on /home/nikita/airflow-setup/ENV/lib/python3.12/site-packages/airflow/example_dags/example_latest_only_with_trigger.py
[2026-05-04T01:20:30.875+0300] {processor.py:914} INFO - Processing file /home/nikita/airflow-setup/ENV/lib/python3.12/site-packages/airflow/example_dags/example_latest_only_with_trigger.py for tasks to queue
[2026-05-04T01:20:30.876+0300] {logging_mixin.py:190} INFO - [2026-05-04T01:20:30.876+0300] {dagbag.py:588} INFO - Filling up the DagBag from /home/nikita/airflow-setup/ENV/lib/python3.12/site-packages/airflow/example_dags/example_latest_only_with_trigger.py
[2026-05-04T01:20:30.884+0300] {processor.py:925} INFO - DAG(s) 'latest_only_with_trigger' retrieved from /home/nikita/airflow-setup/ENV/lib/python3.12/site-packages/airflow/example_dags/example_latest_only_with_trigger.py
[2026-05-04T01:20:30.897+0300] {logging_mixin.py:190} INFO - [2026-05-04T01:20:30.897+0300] {dag.py:3239} INFO - Sync 1 DAGs
[2026-05-04T01:20:30.912+0300] {logging_mixin.py:190} INFO - [2026-05-04T01:20:30.912+0300] {dag.py:4180} INFO - Setting next_dagrun for latest_only_with_trigger to 2026-05-03 16:00:00+00:00, run_after=2026-05-03 20:00:00+00:00
[2026-05-04T01:20:30.929+0300] {processor.py:208} INFO - Processing /home/nikita/airflow-setup/ENV/lib/python3.12/site-packages/airflow/example_dags/example_latest_only_with_trigger.py took 0.069 seconds
[2026-05-04T01:21:37.046+0300] {processor.py:186} INFO - Started process (PID=16885) to work on /home/nikita/airflow-setup/ENV/lib/python3.12/site-packages/airflow/example_dags/example_latest_only_with_trigger.py
[2026-05-04T01:21:37.048+0300] {processor.py:914} INFO - Processing file /home/nikita/airflow-setup/ENV/lib/python3.12/site-packages/airflow/example_dags/example_latest_only_with_trigger.py for tasks to queue
[2026-05-04T01:21:37.049+0300] {logging_mixin.py:190} INFO - [2026-05-04T01:21:37.049+0300] {dagbag.py:588} INFO - Filling up the DagBag from /home/nikita/airflow-setup/ENV/lib/python3.12/site-packages/airflow/example_dags/example_latest_only_with_trigger.py
[2026-05-04T01:21:37.055+0300] {processor.py:925} INFO - DAG(s) 'latest_only_with_trigger' retrieved from /home/nikita/airflow-setup/ENV/lib/python3.12/site-packages/airflow/example_dags/example_latest_only_with_trigger.py
[2026-05-04T01:21:37.068+0300] {logging_mixin.py:190} INFO - [2026-05-04T01:21:37.068+0300] {dag.py:3239} INFO - Sync 1 DAGs
[2026-05-04T01:21:37.083+0300] {logging_mixin.py:190} INFO - [2026-05-04T01:21:37.083+0300] {dag.py:4180} INFO - Setting next_dagrun for latest_only_with_trigger to 2026-05-03 16:00:00+00:00, run_after=2026-05-03 20:00:00+00:00
[2026-05-04T01:21:37.100+0300] {processor.py:208} INFO - Processing /home/nikita/airflow-setup/ENV/lib/python3.12/site-packages/airflow/example_dags/example_latest_only_with_trigger.py took 0.058 seconds
[2026-05-04T01:22:52.100+0300] {processor.py:186} INFO - Started process (PID=17165) to work on /home/nikita/airflow-setup/ENV/lib/python3.12/site-packages/airflow/example_dags/example_latest_only_with_trigger.py
[2026-05-04T01:22:52.108+0300] {processor.py:914} INFO - Processing file /home/nikita/airflow-setup/ENV/lib/python3.12/site-packages/airflow/example_dags/example_latest_only_with_trigger.py for tasks to queue
[2026-05-04T01:22:52.110+0300] {logging_mixin.py:190} INFO - [2026-05-04T01:22:52.109+0300] {dagbag.py:588} INFO - Filling up the DagBag from /home/nikita/airflow-setup/ENV/lib/python3.12/site-packages/airflow/example_dags/example_latest_only_with_trigger.py
[2026-05-04T01:22:52.116+0300] {processor.py:925} INFO - DAG(s) 'latest_only_with_trigger' retrieved from /home/nikita/airflow-setup/ENV/lib/python3.12/site-packages/airflow/example_dags/example_latest_only_with_trigger.py
[2026-05-04T01:22:52.127+0300] {logging_mixin.py:190} INFO - [2026-05-04T01:22:52.126+0300] {dag.py:3239} INFO - Sync 1 DAGs
[2026-05-04T01:22:52.139+0300] {logging_mixin.py:190} INFO - [2026-05-04T01:22:52.139+0300] {dag.py:4180} INFO - Setting next_dagrun for latest_only_with_trigger to 2026-05-03 16:00:00+00:00, run_after=2026-05-03 20:00:00+00:00
[2026-05-04T01:22:52.272+0300] {processor.py:208} INFO - Processing /home/nikita/airflow-setup/ENV/lib/python3.12/site-packages/airflow/example_dags/example_latest_only_with_trigger.py took 0.176 seconds
[2026-05-04T01:23:57.797+0300] {processor.py:186} INFO - Started process (PID=17409) to work on /home/nikita/airflow-setup/ENV/lib/python3.12/site-packages/airflow/example_dags/example_latest_only_with_trigger.py
[2026-05-04T01:23:57.799+0300] {processor.py:914} INFO - Processing file /home/nikita/airflow-setup/ENV/lib/python3.12/site-packages/airflow/example_dags/example_latest_only_with_trigger.py for tasks to queue
[2026-05-04T01:23:57.800+0300] {logging_mixin.py:190} INFO - [2026-05-04T01:23:57.800+0300] {dagbag.py:588} INFO - Filling up the DagBag from /home/nikita/airflow-setup/ENV/lib/python3.12/site-packages/airflow/example_dags/example_latest_only_with_trigger.py
[2026-05-04T01:23:57.807+0300] {processor.py:925} INFO - DAG(s) 'latest_only_with_trigger' retrieved from /home/nikita/airflow-setup/ENV/lib/python3.12/site-packages/airflow/example_dags/example_latest_only_with_trigger.py
[2026-05-04T01:23:57.818+0300] {logging_mixin.py:190} INFO - [2026-05-04T01:23:57.817+0300] {dag.py:3239} INFO - Sync 1 DAGs
[2026-05-04T01:23:57.832+0300] {logging_mixin.py:190} INFO - [2026-05-04T01:23:57.832+0300] {dag.py:4180} INFO - Setting next_dagrun for latest_only_with_trigger to 2026-05-03 16:00:00+00:00, run_after=2026-05-03 20:00:00+00:00
[2026-05-04T01:23:57.848+0300] {processor.py:208} INFO - Processing /home/nikita/airflow-setup/ENV/lib/python3.12/site-packages/airflow/example_dags/example_latest_only_with_trigger.py took 0.055 seconds
[2026-05-04T01:25:07.350+0300] {processor.py:186} INFO - Started process (PID=17988) to work on /home/nikita/airflow-setup/ENV/lib/python3.12/site-packages/airflow/example_dags/example_latest_only_with_trigger.py
[2026-05-04T01:25:07.359+0300] {processor.py:914} INFO - Processing file /home/nikita/airflow-setup/ENV/lib/python3.12/site-packages/airflow/example_dags/example_latest_only_with_trigger.py for tasks to queue
[2026-05-04T01:25:07.360+0300] {logging_mixin.py:190} INFO - [2026-05-04T01:25:07.359+0300] {dagbag.py:588} INFO - Filling up the DagBag from /home/nikita/airflow-setup/ENV/lib/python3.12/site-packages/airflow/example_dags/example_latest_only_with_trigger.py
[2026-05-04T01:25:07.367+0300] {processor.py:925} INFO - DAG(s) 'latest_only_with_trigger' retrieved from /home/nikita/airflow-setup/ENV/lib/python3.12/site-packages/airflow/example_dags/example_latest_only_with_trigger.py
[2026-05-04T01:25:07.378+0300] {logging_mixin.py:190} INFO - [2026-05-04T01:25:07.378+0300] {dag.py:3239} INFO - Sync 1 DAGs
[2026-05-04T01:25:07.392+0300] {logging_mixin.py:190} INFO - [2026-05-04T01:25:07.392+0300] {dag.py:4180} INFO - Setting next_dagrun for latest_only_with_trigger to 2026-05-03 16:00:00+00:00, run_after=2026-05-03 20:00:00+00:00
[2026-05-04T01:25:07.409+0300] {processor.py:208} INFO - Processing /home/nikita/airflow-setup/ENV/lib/python3.12/site-packages/airflow/example_dags/example_latest_only_with_trigger.py took 0.063 seconds
[2026-05-04T01:26:15.676+0300] {processor.py:186} INFO - Started process (PID=18720) to work on /home/nikita/airflow-setup/ENV/lib/python3.12/site-packages/airflow/example_dags/example_latest_only_with_trigger.py
[2026-05-04T01:26:15.678+0300] {processor.py:914} INFO - Processing file /home/nikita/airflow-setup/ENV/lib/python3.12/site-packages/airflow/example_dags/example_latest_only_with_trigger.py for tasks to queue
[2026-05-04T01:26:15.680+0300] {logging_mixin.py:190} INFO - [2026-05-04T01:26:15.679+0300] {dagbag.py:588} INFO - Filling up the DagBag from /home/nikita/airflow-setup/ENV/lib/python3.12/site-packages/airflow/example_dags/example_latest_only_with_trigger.py
[2026-05-04T01:26:15.690+0300] {processor.py:925} INFO - DAG(s) 'latest_only_with_trigger' retrieved from /home/nikita/airflow-setup/ENV/lib/python3.12/site-packages/airflow/example_dags/example_latest_only_with_trigger.py
[2026-05-04T01:26:15.709+0300] {logging_mixin.py:190} INFO - [2026-05-04T01:26:15.708+0300] {dag.py:3239} INFO - Sync 1 DAGs
[2026-05-04T01:26:15.985+0300] {logging_mixin.py:190} INFO - [2026-05-04T01:26:15.984+0300] {dag.py:4180} INFO - Setting next_dagrun for latest_only_with_trigger to 2026-05-03 16:00:00+00:00, run_after=2026-05-03 20:00:00+00:00
[2026-05-04T01:26:16.006+0300] {processor.py:208} INFO - Processing /home/nikita/airflow-setup/ENV/lib/python3.12/site-packages/airflow/example_dags/example_latest_only_with_trigger.py took 0.337 seconds
[2026-05-04T01:27:24.752+0300] {processor.py:186} INFO - Started process (PID=19539) to work on /home/nikita/airflow-setup/ENV/lib/python3.12/site-packages/airflow/example_dags/example_latest_only_with_trigger.py
[2026-05-04T01:27:24.760+0300] {processor.py:914} INFO - Processing file /home/nikita/airflow-setup/ENV/lib/python3.12/site-packages/airflow/example_dags/example_latest_only_with_trigger.py for tasks to queue
[2026-05-04T01:27:24.762+0300] {logging_mixin.py:190} INFO - [2026-05-04T01:27:24.761+0300] {dagbag.py:588} INFO - Filling up the DagBag from /home/nikita/airflow-setup/ENV/lib/python3.12/site-packages/airflow/example_dags/example_latest_only_with_trigger.py
[2026-05-04T01:27:24.769+0300] {processor.py:925} INFO - DAG(s) 'latest_only_with_trigger' retrieved from /home/nikita/airflow-setup/ENV/lib/python3.12/site-packages/airflow/example_dags/example_latest_only_with_trigger.py
[2026-05-04T01:27:24.781+0300] {logging_mixin.py:190} INFO - [2026-05-04T01:27:24.780+0300] {dag.py:3239} INFO - Sync 1 DAGs
[2026-05-04T01:27:24.800+0300] {logging_mixin.py:190} INFO - [2026-05-04T01:27:24.800+0300] {dag.py:4180} INFO - Setting next_dagrun for latest_only_with_trigger to 2026-05-03 16:00:00+00:00, run_after=2026-05-03 20:00:00+00:00
[2026-05-04T01:27:24.818+0300] {processor.py:208} INFO - Processing /home/nikita/airflow-setup/ENV/lib/python3.12/site-packages/airflow/example_dags/example_latest_only_with_trigger.py took 0.071 seconds
[2026-05-04T01:28:40.190+0300] {processor.py:186} INFO - Started process (PID=19819) to work on /home/nikita/airflow-setup/ENV/lib/python3.12/site-packages/airflow/example_dags/example_latest_only_with_trigger.py
[2026-05-04T01:28:40.192+0300] {processor.py:914} INFO - Processing file /home/nikita/airflow-setup/ENV/lib/python3.12/site-packages/airflow/example_dags/example_latest_only_with_trigger.py for tasks to queue
[2026-05-04T01:28:40.193+0300] {logging_mixin.py:190} INFO - [2026-05-04T01:28:40.193+0300] {dagbag.py:588} INFO - Filling up the DagBag from /home/nikita/airflow-setup/ENV/lib/python3.12/site-packages/airflow/example_dags/example_latest_only_with_trigger.py
[2026-05-04T01:28:40.200+0300] {processor.py:925} INFO - DAG(s) 'latest_only_with_trigger' retrieved from /home/nikita/airflow-setup/ENV/lib/python3.12/site-packages/airflow/example_dags/example_latest_only_with_trigger.py
[2026-05-04T01:28:40.212+0300] {logging_mixin.py:190} INFO - [2026-05-04T01:28:40.212+0300] {dag.py:3239} INFO - Sync 1 DAGs
[2026-05-04T01:28:40.225+0300] {logging_mixin.py:190} INFO - [2026-05-04T01:28:40.225+0300] {dag.py:4180} INFO - Setting next_dagrun for latest_only_with_trigger to 2026-05-03 16:00:00+00:00, run_after=2026-05-03 20:00:00+00:00
[2026-05-04T01:28:40.241+0300] {processor.py:208} INFO - Processing /home/nikita/airflow-setup/ENV/lib/python3.12/site-packages/airflow/example_dags/example_latest_only_with_trigger.py took 0.055 seconds
[2026-05-04T01:29:48.079+0300] {processor.py:186} INFO - Started process (PID=20078) to work on /home/nikita/airflow-setup/ENV/lib/python3.12/site-packages/airflow/example_dags/example_latest_only_with_trigger.py
[2026-05-04T01:29:48.088+0300] {processor.py:914} INFO - Processing file /home/nikita/airflow-setup/ENV/lib/python3.12/site-packages/airflow/example_dags/example_latest_only_with_trigger.py for tasks to queue
[2026-05-04T01:29:48.089+0300] {logging_mixin.py:190} INFO - [2026-05-04T01:29:48.089+0300] {dagbag.py:588} INFO - Filling up the DagBag from /home/nikita/airflow-setup/ENV/lib/python3.12/site-packages/airflow/example_dags/example_latest_only_with_trigger.py
[2026-05-04T01:29:48.095+0300] {processor.py:925} INFO - DAG(s) 'latest_only_with_trigger' retrieved from /home/nikita/airflow-setup/ENV/lib/python3.12/site-packages/airflow/example_dags/example_latest_only_with_trigger.py
[2026-05-04T01:29:48.107+0300] {logging_mixin.py:190} INFO - [2026-05-04T01:29:48.107+0300] {dag.py:3239} INFO - Sync 1 DAGs
[2026-05-04T01:29:48.225+0300] {logging_mixin.py:190} INFO - [2026-05-04T01:29:48.224+0300] {dag.py:4180} INFO - Setting next_dagrun for latest_only_with_trigger to 2026-05-03 16:00:00+00:00, run_after=2026-05-03 20:00:00+00:00
[2026-05-04T01:29:48.240+0300] {processor.py:208} INFO - Processing /home/nikita/airflow-setup/ENV/lib/python3.12/site-packages/airflow/example_dags/example_latest_only_with_trigger.py took 0.165 seconds
[2026-05-04T01:31:00.923+0300] {processor.py:186} INFO - Started process (PID=20349) to work on /home/nikita/airflow-setup/ENV/lib/python3.12/site-packages/airflow/example_dags/example_latest_only_with_trigger.py
[2026-05-04T01:31:00.933+0300] {processor.py:914} INFO - Processing file /home/nikita/airflow-setup/ENV/lib/python3.12/site-packages/airflow/example_dags/example_latest_only_with_trigger.py for tasks to queue
[2026-05-04T01:31:00.934+0300] {logging_mixin.py:190} INFO - [2026-05-04T01:31:00.934+0300] {dagbag.py:588} INFO - Filling up the DagBag from /home/nikita/airflow-setup/ENV/lib/python3.12/site-packages/airflow/example_dags/example_latest_only_with_trigger.py
[2026-05-04T01:31:00.941+0300] {processor.py:925} INFO - DAG(s) 'latest_only_with_trigger' retrieved from /home/nikita/airflow-setup/ENV/lib/python3.12/site-packages/airflow/example_dags/example_latest_only_with_trigger.py
[2026-05-04T01:31:00.954+0300] {logging_mixin.py:190} INFO - [2026-05-04T01:31:00.954+0300] {dag.py:3239} INFO - Sync 1 DAGs
[2026-05-04T01:31:01.111+0300] {logging_mixin.py:190} INFO - [2026-05-04T01:31:01.111+0300] {dag.py:4180} INFO - Setting next_dagrun for latest_only_with_trigger to 2026-05-03 16:00:00+00:00, run_after=2026-05-03 20:00:00+00:00
[2026-05-04T01:31:01.127+0300] {processor.py:208} INFO - Processing /home/nikita/airflow-setup/ENV/lib/python3.12/site-packages/airflow/example_dags/example_latest_only_with_trigger.py took 0.209 seconds
[2026-05-04T01:32:22.793+0300] {processor.py:186} INFO - Started process (PID=20650) to work on /home/nikita/airflow-setup/ENV/lib/python3.12/site-packages/airflow/example_dags/example_latest_only_with_trigger.py
[2026-05-04T01:32:22.803+0300] {processor.py:914} INFO - Processing file /home/nikita/airflow-setup/ENV/lib/python3.12/site-packages/airflow/example_dags/example_latest_only_with_trigger.py for tasks to queue
[2026-05-04T01:32:22.804+0300] {logging_mixin.py:190} INFO - [2026-05-04T01:32:22.803+0300] {dagbag.py:588} INFO - Filling up the DagBag from /home/nikita/airflow-setup/ENV/lib/python3.12/site-packages/airflow/example_dags/example_latest_only_with_trigger.py
[2026-05-04T01:32:22.810+0300] {processor.py:925} INFO - DAG(s) 'latest_only_with_trigger' retrieved from /home/nikita/airflow-setup/ENV/lib/python3.12/site-packages/airflow/example_dags/example_latest_only_with_trigger.py
[2026-05-04T01:32:22.821+0300] {logging_mixin.py:190} INFO - [2026-05-04T01:32:22.821+0300] {dag.py:3239} INFO - Sync 1 DAGs
[2026-05-04T01:32:22.835+0300] {logging_mixin.py:190} INFO - [2026-05-04T01:32:22.835+0300] {dag.py:4180} INFO - Setting next_dagrun for latest_only_with_trigger to 2026-05-03 16:00:00+00:00, run_after=2026-05-03 20:00:00+00:00
[2026-05-04T01:32:22.851+0300] {processor.py:208} INFO - Processing /home/nikita/airflow-setup/ENV/lib/python3.12/site-packages/airflow/example_dags/example_latest_only_with_trigger.py took 0.063 seconds
[2026-05-04T01:33:28.521+0300] {processor.py:186} INFO - Started process (PID=21045) to work on /home/nikita/airflow-setup/ENV/lib/python3.12/site-packages/airflow/example_dags/example_latest_only_with_trigger.py
[2026-05-04T01:33:28.530+0300] {processor.py:914} INFO - Processing file /home/nikita/airflow-setup/ENV/lib/python3.12/site-packages/airflow/example_dags/example_latest_only_with_trigger.py for tasks to queue
[2026-05-04T01:33:28.531+0300] {logging_mixin.py:190} INFO - [2026-05-04T01:33:28.530+0300] {dagbag.py:588} INFO - Filling up the DagBag from /home/nikita/airflow-setup/ENV/lib/python3.12/site-packages/airflow/example_dags/example_latest_only_with_trigger.py
[2026-05-04T01:33:28.537+0300] {processor.py:925} INFO - DAG(s) 'latest_only_with_trigger' retrieved from /home/nikita/airflow-setup/ENV/lib/python3.12/site-packages/airflow/example_dags/example_latest_only_with_trigger.py
[2026-05-04T01:33:28.548+0300] {logging_mixin.py:190} INFO - [2026-05-04T01:33:28.547+0300] {dag.py:3239} INFO - Sync 1 DAGs
[2026-05-04T01:33:28.560+0300] {logging_mixin.py:190} INFO - [2026-05-04T01:33:28.560+0300] {dag.py:4180} INFO - Setting next_dagrun for latest_only_with_trigger to 2026-05-03 16:00:00+00:00, run_after=2026-05-03 20:00:00+00:00
[2026-05-04T01:33:28.576+0300] {processor.py:208} INFO - Processing /home/nikita/airflow-setup/ENV/lib/python3.12/site-packages/airflow/example_dags/example_latest_only_with_trigger.py took 0.059 seconds
[2026-05-04T01:34:32.255+0300] {processor.py:186} INFO - Started process (PID=21417) to work on /home/nikita/airflow-setup/ENV/lib/python3.12/site-packages/airflow/example_dags/example_latest_only_with_trigger.py
[2026-05-04T01:34:32.263+0300] {processor.py:914} INFO - Processing file /home/nikita/airflow-setup/ENV/lib/python3.12/site-packages/airflow/example_dags/example_latest_only_with_trigger.py for tasks to queue
[2026-05-04T01:34:32.264+0300] {logging_mixin.py:190} INFO - [2026-05-04T01:34:32.264+0300] {dagbag.py:588} INFO - Filling up the DagBag from /home/nikita/airflow-setup/ENV/lib/python3.12/site-packages/airflow/example_dags/example_latest_only_with_trigger.py
[2026-05-04T01:34:32.271+0300] {processor.py:925} INFO - DAG(s) 'latest_only_with_trigger' retrieved from /home/nikita/airflow-setup/ENV/lib/python3.12/site-packages/airflow/example_dags/example_latest_only_with_trigger.py
[2026-05-04T01:34:32.282+0300] {logging_mixin.py:190} INFO - [2026-05-04T01:34:32.282+0300] {dag.py:3239} INFO - Sync 1 DAGs
[2026-05-04T01:34:32.298+0300] {logging_mixin.py:190} INFO - [2026-05-04T01:34:32.298+0300] {dag.py:4180} INFO - Setting next_dagrun for latest_only_with_trigger to 2026-05-03 16:00:00+00:00, run_after=2026-05-03 20:00:00+00:00
[2026-05-04T01:34:32.314+0300] {processor.py:208} INFO - Processing /home/nikita/airflow-setup/ENV/lib/python3.12/site-packages/airflow/example_dags/example_latest_only_with_trigger.py took 0.063 seconds
[2026-05-04T01:35:34.150+0300] {processor.py:186} INFO - Started process (PID=21658) to work on /home/nikita/airflow-setup/ENV/lib/python3.12/site-packages/airflow/example_dags/example_latest_only_with_trigger.py
[2026-05-04T01:35:34.160+0300] {processor.py:914} INFO - Processing file /home/nikita/airflow-setup/ENV/lib/python3.12/site-packages/airflow/example_dags/example_latest_only_with_trigger.py for tasks to queue
[2026-05-04T01:35:34.161+0300] {logging_mixin.py:190} INFO - [2026-05-04T01:35:34.161+0300] {dagbag.py:588} INFO - Filling up the DagBag from /home/nikita/airflow-setup/ENV/lib/python3.12/site-packages/airflow/example_dags/example_latest_only_with_trigger.py
[2026-05-04T01:35:34.168+0300] {processor.py:925} INFO - DAG(s) 'latest_only_with_trigger' retrieved from /home/nikita/airflow-setup/ENV/lib/python3.12/site-packages/airflow/example_dags/example_latest_only_with_trigger.py
[2026-05-04T01:35:34.178+0300] {logging_mixin.py:190} INFO - [2026-05-04T01:35:34.178+0300] {dag.py:3239} INFO - Sync 1 DAGs
[2026-05-04T01:35:34.192+0300] {logging_mixin.py:190} INFO - [2026-05-04T01:35:34.192+0300] {dag.py:4180} INFO - Setting next_dagrun for latest_only_with_trigger to 2026-05-03 16:00:00+00:00, run_after=2026-05-03 20:00:00+00:00
[2026-05-04T01:35:34.208+0300] {processor.py:208} INFO - Processing /home/nikita/airflow-setup/ENV/lib/python3.12/site-packages/airflow/example_dags/example_latest_only_with_trigger.py took 0.062 seconds
