[2026-05-04T00:45:56.785+0300] {processor.py:186} INFO - Started process (PID=5953) to work on /home/nikita/airflow-setup/ENV/lib/python3.12/site-packages/airflow/example_dags/example_local_kubernetes_executor.py
[2026-05-04T00:45:56.785+0300] {processor.py:914} INFO - Processing file /home/nikita/airflow-setup/ENV/lib/python3.12/site-packages/airflow/example_dags/example_local_kubernetes_executor.py for tasks to queue
[2026-05-04T00:45:56.787+0300] {logging_mixin.py:190} INFO - [2026-05-04T00:45:56.786+0300] {dagbag.py:588} INFO - Filling up the DagBag from /home/nikita/airflow-setup/ENV/lib/python3.12/site-packages/airflow/example_dags/example_local_kubernetes_executor.py
[2026-05-04T00:45:56.789+0300] {logging_mixin.py:190} INFO - [2026-05-04T00:45:56.789+0300] {example_local_kubernetes_executor.py:40} WARNING - Could not import DAGs in example_local_kubernetes_executor.py
Traceback (most recent call last):
  File "/home/nikita/airflow-setup/ENV/lib/python3.12/site-packages/airflow/example_dags/example_local_kubernetes_executor.py", line 38, in <module>
    from kubernetes.client import models as k8s
ModuleNotFoundError: No module named 'kubernetes'
[2026-05-04T00:45:56.789+0300] {logging_mixin.py:190} INFO - [2026-05-04T00:45:56.789+0300] {example_local_kubernetes_executor.py:41} WARNING - Install Kubernetes dependencies with: pip install apache-airflow[cncf.kubernetes]
[2026-05-04T00:45:56.789+0300] {processor.py:927} WARNING - No viable dags retrieved from /home/nikita/airflow-setup/ENV/lib/python3.12/site-packages/airflow/example_dags/example_local_kubernetes_executor.py
[2026-05-04T00:45:56.796+0300] {processor.py:208} INFO - Processing /home/nikita/airflow-setup/ENV/lib/python3.12/site-packages/airflow/example_dags/example_local_kubernetes_executor.py took 0.016 seconds
[2026-05-04T00:47:02.735+0300] {processor.py:186} INFO - Started process (PID=6014) to work on /home/nikita/airflow-setup/ENV/lib/python3.12/site-packages/airflow/example_dags/example_local_kubernetes_executor.py
[2026-05-04T00:47:02.744+0300] {processor.py:914} INFO - Processing file /home/nikita/airflow-setup/ENV/lib/python3.12/site-packages/airflow/example_dags/example_local_kubernetes_executor.py for tasks to queue
[2026-05-04T00:47:02.745+0300] {logging_mixin.py:190} INFO - [2026-05-04T00:47:02.745+0300] {dagbag.py:588} INFO - Filling up the DagBag from /home/nikita/airflow-setup/ENV/lib/python3.12/site-packages/airflow/example_dags/example_local_kubernetes_executor.py
[2026-05-04T00:47:02.747+0300] {logging_mixin.py:190} INFO - [2026-05-04T00:47:02.747+0300] {example_local_kubernetes_executor.py:40} WARNING - Could not import DAGs in example_local_kubernetes_executor.py
Traceback (most recent call last):
  File "/home/nikita/airflow-setup/ENV/lib/python3.12/site-packages/airflow/example_dags/example_local_kubernetes_executor.py", line 38, in <module>
    from kubernetes.client import models as k8s
ModuleNotFoundError: No module named 'kubernetes'
[2026-05-04T00:47:02.748+0300] {logging_mixin.py:190} INFO - [2026-05-04T00:47:02.748+0300] {example_local_kubernetes_executor.py:41} WARNING - Install Kubernetes dependencies with: pip install apache-airflow[cncf.kubernetes]
[2026-05-04T00:47:02.748+0300] {processor.py:927} WARNING - No viable dags retrieved from /home/nikita/airflow-setup/ENV/lib/python3.12/site-packages/airflow/example_dags/example_local_kubernetes_executor.py
[2026-05-04T00:47:02.755+0300] {processor.py:208} INFO - Processing /home/nikita/airflow-setup/ENV/lib/python3.12/site-packages/airflow/example_dags/example_local_kubernetes_executor.py took 0.024 seconds
[2026-05-04T00:48:00.974+0300] {processor.py:186} INFO - Started process (PID=6089) to work on /home/nikita/airflow-setup/ENV/lib/python3.12/site-packages/airflow/example_dags/example_local_kubernetes_executor.py
[2026-05-04T00:48:00.977+0300] {processor.py:914} INFO - Processing file /home/nikita/airflow-setup/ENV/lib/python3.12/site-packages/airflow/example_dags/example_local_kubernetes_executor.py for tasks to queue
[2026-05-04T00:48:00.978+0300] {logging_mixin.py:190} INFO - [2026-05-04T00:48:00.978+0300] {dagbag.py:588} INFO - Filling up the DagBag from /home/nikita/airflow-setup/ENV/lib/python3.12/site-packages/airflow/example_dags/example_local_kubernetes_executor.py
[2026-05-04T00:48:00.981+0300] {logging_mixin.py:190} INFO - [2026-05-04T00:48:00.980+0300] {example_local_kubernetes_executor.py:40} WARNING - Could not import DAGs in example_local_kubernetes_executor.py
Traceback (most recent call last):
  File "/home/nikita/airflow-setup/ENV/lib/python3.12/site-packages/airflow/example_dags/example_local_kubernetes_executor.py", line 38, in <module>
    from kubernetes.client import models as k8s
ModuleNotFoundError: No module named 'kubernetes'
[2026-05-04T00:48:00.981+0300] {logging_mixin.py:190} INFO - [2026-05-04T00:48:00.981+0300] {example_local_kubernetes_executor.py:41} WARNING - Install Kubernetes dependencies with: pip install apache-airflow[cncf.kubernetes]
[2026-05-04T00:48:00.981+0300] {processor.py:927} WARNING - No viable dags retrieved from /home/nikita/airflow-setup/ENV/lib/python3.12/site-packages/airflow/example_dags/example_local_kubernetes_executor.py
[2026-05-04T00:48:00.988+0300] {processor.py:208} INFO - Processing /home/nikita/airflow-setup/ENV/lib/python3.12/site-packages/airflow/example_dags/example_local_kubernetes_executor.py took 0.018 seconds
[2026-05-04T00:49:01.756+0300] {processor.py:186} INFO - Started process (PID=6147) to work on /home/nikita/airflow-setup/ENV/lib/python3.12/site-packages/airflow/example_dags/example_local_kubernetes_executor.py
[2026-05-04T00:49:01.758+0300] {processor.py:914} INFO - Processing file /home/nikita/airflow-setup/ENV/lib/python3.12/site-packages/airflow/example_dags/example_local_kubernetes_executor.py for tasks to queue
[2026-05-04T00:49:01.759+0300] {logging_mixin.py:190} INFO - [2026-05-04T00:49:01.759+0300] {dagbag.py:588} INFO - Filling up the DagBag from /home/nikita/airflow-setup/ENV/lib/python3.12/site-packages/airflow/example_dags/example_local_kubernetes_executor.py
[2026-05-04T00:49:01.761+0300] {logging_mixin.py:190} INFO - [2026-05-04T00:49:01.761+0300] {example_local_kubernetes_executor.py:40} WARNING - Could not import DAGs in example_local_kubernetes_executor.py
Traceback (most recent call last):
  File "/home/nikita/airflow-setup/ENV/lib/python3.12/site-packages/airflow/example_dags/example_local_kubernetes_executor.py", line 38, in <module>
    from kubernetes.client import models as k8s
ModuleNotFoundError: No module named 'kubernetes'
[2026-05-04T00:49:01.761+0300] {logging_mixin.py:190} INFO - [2026-05-04T00:49:01.761+0300] {example_local_kubernetes_executor.py:41} WARNING - Install Kubernetes dependencies with: pip install apache-airflow[cncf.kubernetes]
[2026-05-04T00:49:01.762+0300] {processor.py:927} WARNING - No viable dags retrieved from /home/nikita/airflow-setup/ENV/lib/python3.12/site-packages/airflow/example_dags/example_local_kubernetes_executor.py
[2026-05-04T00:49:01.768+0300] {processor.py:208} INFO - Processing /home/nikita/airflow-setup/ENV/lib/python3.12/site-packages/airflow/example_dags/example_local_kubernetes_executor.py took 0.017 seconds
[2026-05-04T00:49:58.591+0300] {processor.py:186} INFO - Started process (PID=6208) to work on /home/nikita/airflow-setup/ENV/lib/python3.12/site-packages/airflow/example_dags/example_local_kubernetes_executor.py
[2026-05-04T00:49:58.638+0300] {processor.py:914} INFO - Processing file /home/nikita/airflow-setup/ENV/lib/python3.12/site-packages/airflow/example_dags/example_local_kubernetes_executor.py for tasks to queue
[2026-05-04T00:49:58.640+0300] {logging_mixin.py:190} INFO - [2026-05-04T00:49:58.639+0300] {dagbag.py:588} INFO - Filling up the DagBag from /home/nikita/airflow-setup/ENV/lib/python3.12/site-packages/airflow/example_dags/example_local_kubernetes_executor.py
[2026-05-04T00:49:58.643+0300] {logging_mixin.py:190} INFO - [2026-05-04T00:49:58.642+0300] {example_local_kubernetes_executor.py:40} WARNING - Could not import DAGs in example_local_kubernetes_executor.py
Traceback (most recent call last):
  File "/home/nikita/airflow-setup/ENV/lib/python3.12/site-packages/airflow/example_dags/example_local_kubernetes_executor.py", line 38, in <module>
    from kubernetes.client import models as k8s
ModuleNotFoundError: No module named 'kubernetes'
[2026-05-04T00:49:58.643+0300] {logging_mixin.py:190} INFO - [2026-05-04T00:49:58.643+0300] {example_local_kubernetes_executor.py:41} WARNING - Install Kubernetes dependencies with: pip install apache-airflow[cncf.kubernetes]
[2026-05-04T00:49:58.643+0300] {processor.py:927} WARNING - No viable dags retrieved from /home/nikita/airflow-setup/ENV/lib/python3.12/site-packages/airflow/example_dags/example_local_kubernetes_executor.py
[2026-05-04T00:49:58.652+0300] {processor.py:208} INFO - Processing /home/nikita/airflow-setup/ENV/lib/python3.12/site-packages/airflow/example_dags/example_local_kubernetes_executor.py took 0.065 seconds
[2026-05-04T00:50:53.359+0300] {processor.py:186} INFO - Started process (PID=6283) to work on /home/nikita/airflow-setup/ENV/lib/python3.12/site-packages/airflow/example_dags/example_local_kubernetes_executor.py
[2026-05-04T00:50:53.369+0300] {processor.py:914} INFO - Processing file /home/nikita/airflow-setup/ENV/lib/python3.12/site-packages/airflow/example_dags/example_local_kubernetes_executor.py for tasks to queue
[2026-05-04T00:50:53.371+0300] {logging_mixin.py:190} INFO - [2026-05-04T00:50:53.371+0300] {dagbag.py:588} INFO - Filling up the DagBag from /home/nikita/airflow-setup/ENV/lib/python3.12/site-packages/airflow/example_dags/example_local_kubernetes_executor.py
[2026-05-04T00:50:53.374+0300] {logging_mixin.py:190} INFO - [2026-05-04T00:50:53.373+0300] {example_local_kubernetes_executor.py:40} WARNING - Could not import DAGs in example_local_kubernetes_executor.py
Traceback (most recent call last):
  File "/home/nikita/airflow-setup/ENV/lib/python3.12/site-packages/airflow/example_dags/example_local_kubernetes_executor.py", line 38, in <module>
    from kubernetes.client import models as k8s
ModuleNotFoundError: No module named 'kubernetes'
[2026-05-04T00:50:53.374+0300] {logging_mixin.py:190} INFO - [2026-05-04T00:50:53.374+0300] {example_local_kubernetes_executor.py:41} WARNING - Install Kubernetes dependencies with: pip install apache-airflow[cncf.kubernetes]
[2026-05-04T00:50:53.374+0300] {processor.py:927} WARNING - No viable dags retrieved from /home/nikita/airflow-setup/ENV/lib/python3.12/site-packages/airflow/example_dags/example_local_kubernetes_executor.py
[2026-05-04T00:50:53.381+0300] {processor.py:208} INFO - Processing /home/nikita/airflow-setup/ENV/lib/python3.12/site-packages/airflow/example_dags/example_local_kubernetes_executor.py took 0.026 seconds
[2026-05-04T00:51:48.584+0300] {processor.py:186} INFO - Started process (PID=6336) to work on /home/nikita/airflow-setup/ENV/lib/python3.12/site-packages/airflow/example_dags/example_local_kubernetes_executor.py
[2026-05-04T00:51:48.586+0300] {processor.py:914} INFO - Processing file /home/nikita/airflow-setup/ENV/lib/python3.12/site-packages/airflow/example_dags/example_local_kubernetes_executor.py for tasks to queue
[2026-05-04T00:51:48.588+0300] {logging_mixin.py:190} INFO - [2026-05-04T00:51:48.588+0300] {dagbag.py:588} INFO - Filling up the DagBag from /home/nikita/airflow-setup/ENV/lib/python3.12/site-packages/airflow/example_dags/example_local_kubernetes_executor.py
[2026-05-04T00:51:48.592+0300] {logging_mixin.py:190} INFO - [2026-05-04T00:51:48.591+0300] {example_local_kubernetes_executor.py:40} WARNING - Could not import DAGs in example_local_kubernetes_executor.py
Traceback (most recent call last):
  File "/home/nikita/airflow-setup/ENV/lib/python3.12/site-packages/airflow/example_dags/example_local_kubernetes_executor.py", line 38, in <module>
    from kubernetes.client import models as k8s
ModuleNotFoundError: No module named 'kubernetes'
[2026-05-04T00:51:48.593+0300] {logging_mixin.py:190} INFO - [2026-05-04T00:51:48.593+0300] {example_local_kubernetes_executor.py:41} WARNING - Install Kubernetes dependencies with: pip install apache-airflow[cncf.kubernetes]
[2026-05-04T00:51:48.593+0300] {processor.py:927} WARNING - No viable dags retrieved from /home/nikita/airflow-setup/ENV/lib/python3.12/site-packages/airflow/example_dags/example_local_kubernetes_executor.py
[2026-05-04T00:51:48.610+0300] {processor.py:208} INFO - Processing /home/nikita/airflow-setup/ENV/lib/python3.12/site-packages/airflow/example_dags/example_local_kubernetes_executor.py took 0.033 seconds
[2026-05-04T00:52:49.427+0300] {processor.py:186} INFO - Started process (PID=6393) to work on /home/nikita/airflow-setup/ENV/lib/python3.12/site-packages/airflow/example_dags/example_local_kubernetes_executor.py
[2026-05-04T00:52:49.437+0300] {processor.py:914} INFO - Processing file /home/nikita/airflow-setup/ENV/lib/python3.12/site-packages/airflow/example_dags/example_local_kubernetes_executor.py for tasks to queue
[2026-05-04T00:52:49.439+0300] {logging_mixin.py:190} INFO - [2026-05-04T00:52:49.439+0300] {dagbag.py:588} INFO - Filling up the DagBag from /home/nikita/airflow-setup/ENV/lib/python3.12/site-packages/airflow/example_dags/example_local_kubernetes_executor.py
[2026-05-04T00:52:49.442+0300] {logging_mixin.py:190} INFO - [2026-05-04T00:52:49.442+0300] {example_local_kubernetes_executor.py:40} WARNING - Could not import DAGs in example_local_kubernetes_executor.py
Traceback (most recent call last):
  File "/home/nikita/airflow-setup/ENV/lib/python3.12/site-packages/airflow/example_dags/example_local_kubernetes_executor.py", line 38, in <module>
    from kubernetes.client import models as k8s
ModuleNotFoundError: No module named 'kubernetes'
[2026-05-04T00:52:49.443+0300] {logging_mixin.py:190} INFO - [2026-05-04T00:52:49.443+0300] {example_local_kubernetes_executor.py:41} WARNING - Install Kubernetes dependencies with: pip install apache-airflow[cncf.kubernetes]
[2026-05-04T00:52:49.443+0300] {processor.py:927} WARNING - No viable dags retrieved from /home/nikita/airflow-setup/ENV/lib/python3.12/site-packages/airflow/example_dags/example_local_kubernetes_executor.py
[2026-05-04T00:52:49.452+0300] {processor.py:208} INFO - Processing /home/nikita/airflow-setup/ENV/lib/python3.12/site-packages/airflow/example_dags/example_local_kubernetes_executor.py took 0.031 seconds
[2026-05-04T00:53:51.901+0300] {processor.py:186} INFO - Started process (PID=6473) to work on /home/nikita/airflow-setup/ENV/lib/python3.12/site-packages/airflow/example_dags/example_local_kubernetes_executor.py
[2026-05-04T00:53:51.903+0300] {processor.py:914} INFO - Processing file /home/nikita/airflow-setup/ENV/lib/python3.12/site-packages/airflow/example_dags/example_local_kubernetes_executor.py for tasks to queue
[2026-05-04T00:53:51.905+0300] {logging_mixin.py:190} INFO - [2026-05-04T00:53:51.904+0300] {dagbag.py:588} INFO - Filling up the DagBag from /home/nikita/airflow-setup/ENV/lib/python3.12/site-packages/airflow/example_dags/example_local_kubernetes_executor.py
[2026-05-04T00:53:51.908+0300] {logging_mixin.py:190} INFO - [2026-05-04T00:53:51.907+0300] {example_local_kubernetes_executor.py:40} WARNING - Could not import DAGs in example_local_kubernetes_executor.py
Traceback (most recent call last):
  File "/home/nikita/airflow-setup/ENV/lib/python3.12/site-packages/airflow/example_dags/example_local_kubernetes_executor.py", line 38, in <module>
    from kubernetes.client import models as k8s
ModuleNotFoundError: No module named 'kubernetes'
[2026-05-04T00:53:51.908+0300] {logging_mixin.py:190} INFO - [2026-05-04T00:53:51.908+0300] {example_local_kubernetes_executor.py:41} WARNING - Install Kubernetes dependencies with: pip install apache-airflow[cncf.kubernetes]
[2026-05-04T00:53:51.908+0300] {processor.py:927} WARNING - No viable dags retrieved from /home/nikita/airflow-setup/ENV/lib/python3.12/site-packages/airflow/example_dags/example_local_kubernetes_executor.py
[2026-05-04T00:53:51.917+0300] {processor.py:208} INFO - Processing /home/nikita/airflow-setup/ENV/lib/python3.12/site-packages/airflow/example_dags/example_local_kubernetes_executor.py took 0.021 seconds
[2026-05-04T00:54:54.290+0300] {processor.py:186} INFO - Started process (PID=6540) to work on /home/nikita/airflow-setup/ENV/lib/python3.12/site-packages/airflow/example_dags/example_local_kubernetes_executor.py
[2026-05-04T00:54:54.299+0300] {processor.py:914} INFO - Processing file /home/nikita/airflow-setup/ENV/lib/python3.12/site-packages/airflow/example_dags/example_local_kubernetes_executor.py for tasks to queue
[2026-05-04T00:54:54.301+0300] {logging_mixin.py:190} INFO - [2026-05-04T00:54:54.301+0300] {dagbag.py:588} INFO - Filling up the DagBag from /home/nikita/airflow-setup/ENV/lib/python3.12/site-packages/airflow/example_dags/example_local_kubernetes_executor.py
[2026-05-04T00:54:54.304+0300] {logging_mixin.py:190} INFO - [2026-05-04T00:54:54.303+0300] {example_local_kubernetes_executor.py:40} WARNING - Could not import DAGs in example_local_kubernetes_executor.py
Traceback (most recent call last):
  File "/home/nikita/airflow-setup/ENV/lib/python3.12/site-packages/airflow/example_dags/example_local_kubernetes_executor.py", line 38, in <module>
    from kubernetes.client import models as k8s
ModuleNotFoundError: No module named 'kubernetes'
[2026-05-04T00:54:54.304+0300] {logging_mixin.py:190} INFO - [2026-05-04T00:54:54.304+0300] {example_local_kubernetes_executor.py:41} WARNING - Install Kubernetes dependencies with: pip install apache-airflow[cncf.kubernetes]
[2026-05-04T00:54:54.304+0300] {processor.py:927} WARNING - No viable dags retrieved from /home/nikita/airflow-setup/ENV/lib/python3.12/site-packages/airflow/example_dags/example_local_kubernetes_executor.py
[2026-05-04T00:54:54.316+0300] {processor.py:208} INFO - Processing /home/nikita/airflow-setup/ENV/lib/python3.12/site-packages/airflow/example_dags/example_local_kubernetes_executor.py took 0.031 seconds
[2026-05-04T00:55:55.584+0300] {processor.py:186} INFO - Started process (PID=6600) to work on /home/nikita/airflow-setup/ENV/lib/python3.12/site-packages/airflow/example_dags/example_local_kubernetes_executor.py
[2026-05-04T00:55:55.593+0300] {processor.py:914} INFO - Processing file /home/nikita/airflow-setup/ENV/lib/python3.12/site-packages/airflow/example_dags/example_local_kubernetes_executor.py for tasks to queue
[2026-05-04T00:55:55.595+0300] {logging_mixin.py:190} INFO - [2026-05-04T00:55:55.594+0300] {dagbag.py:588} INFO - Filling up the DagBag from /home/nikita/airflow-setup/ENV/lib/python3.12/site-packages/airflow/example_dags/example_local_kubernetes_executor.py
[2026-05-04T00:55:55.600+0300] {logging_mixin.py:190} INFO - [2026-05-04T00:55:55.599+0300] {example_local_kubernetes_executor.py:40} WARNING - Could not import DAGs in example_local_kubernetes_executor.py
Traceback (most recent call last):
  File "/home/nikita/airflow-setup/ENV/lib/python3.12/site-packages/airflow/example_dags/example_local_kubernetes_executor.py", line 38, in <module>
    from kubernetes.client import models as k8s
ModuleNotFoundError: No module named 'kubernetes'
[2026-05-04T00:55:55.600+0300] {logging_mixin.py:190} INFO - [2026-05-04T00:55:55.600+0300] {example_local_kubernetes_executor.py:41} WARNING - Install Kubernetes dependencies with: pip install apache-airflow[cncf.kubernetes]
[2026-05-04T00:55:55.601+0300] {processor.py:927} WARNING - No viable dags retrieved from /home/nikita/airflow-setup/ENV/lib/python3.12/site-packages/airflow/example_dags/example_local_kubernetes_executor.py
[2026-05-04T00:55:55.616+0300] {processor.py:208} INFO - Processing /home/nikita/airflow-setup/ENV/lib/python3.12/site-packages/airflow/example_dags/example_local_kubernetes_executor.py took 0.039 seconds
[2026-05-04T00:56:57.330+0300] {processor.py:186} INFO - Started process (PID=6875) to work on /home/nikita/airflow-setup/ENV/lib/python3.12/site-packages/airflow/example_dags/example_local_kubernetes_executor.py
[2026-05-04T00:56:57.331+0300] {processor.py:914} INFO - Processing file /home/nikita/airflow-setup/ENV/lib/python3.12/site-packages/airflow/example_dags/example_local_kubernetes_executor.py for tasks to queue
[2026-05-04T00:56:57.333+0300] {logging_mixin.py:190} INFO - [2026-05-04T00:56:57.332+0300] {dagbag.py:588} INFO - Filling up the DagBag from /home/nikita/airflow-setup/ENV/lib/python3.12/site-packages/airflow/example_dags/example_local_kubernetes_executor.py
[2026-05-04T00:56:57.335+0300] {logging_mixin.py:190} INFO - [2026-05-04T00:56:57.335+0300] {example_local_kubernetes_executor.py:40} WARNING - Could not import DAGs in example_local_kubernetes_executor.py
Traceback (most recent call last):
  File "/home/nikita/airflow-setup/ENV/lib/python3.12/site-packages/airflow/example_dags/example_local_kubernetes_executor.py", line 38, in <module>
    from kubernetes.client import models as k8s
ModuleNotFoundError: No module named 'kubernetes'
[2026-05-04T00:56:57.336+0300] {logging_mixin.py:190} INFO - [2026-05-04T00:56:57.336+0300] {example_local_kubernetes_executor.py:41} WARNING - Install Kubernetes dependencies with: pip install apache-airflow[cncf.kubernetes]
[2026-05-04T00:56:57.336+0300] {processor.py:927} WARNING - No viable dags retrieved from /home/nikita/airflow-setup/ENV/lib/python3.12/site-packages/airflow/example_dags/example_local_kubernetes_executor.py
[2026-05-04T00:56:57.344+0300] {processor.py:208} INFO - Processing /home/nikita/airflow-setup/ENV/lib/python3.12/site-packages/airflow/example_dags/example_local_kubernetes_executor.py took 0.019 seconds
[2026-05-04T00:57:57.172+0300] {processor.py:186} INFO - Started process (PID=7172) to work on /home/nikita/airflow-setup/ENV/lib/python3.12/site-packages/airflow/example_dags/example_local_kubernetes_executor.py
[2026-05-04T00:57:57.181+0300] {processor.py:914} INFO - Processing file /home/nikita/airflow-setup/ENV/lib/python3.12/site-packages/airflow/example_dags/example_local_kubernetes_executor.py for tasks to queue
[2026-05-04T00:57:57.183+0300] {logging_mixin.py:190} INFO - [2026-05-04T00:57:57.182+0300] {dagbag.py:588} INFO - Filling up the DagBag from /home/nikita/airflow-setup/ENV/lib/python3.12/site-packages/airflow/example_dags/example_local_kubernetes_executor.py
[2026-05-04T00:57:57.185+0300] {logging_mixin.py:190} INFO - [2026-05-04T00:57:57.185+0300] {example_local_kubernetes_executor.py:40} WARNING - Could not import DAGs in example_local_kubernetes_executor.py
Traceback (most recent call last):
  File "/home/nikita/airflow-setup/ENV/lib/python3.12/site-packages/airflow/example_dags/example_local_kubernetes_executor.py", line 38, in <module>
    from kubernetes.client import models as k8s
ModuleNotFoundError: No module named 'kubernetes'
[2026-05-04T00:57:57.185+0300] {logging_mixin.py:190} INFO - [2026-05-04T00:57:57.185+0300] {example_local_kubernetes_executor.py:41} WARNING - Install Kubernetes dependencies with: pip install apache-airflow[cncf.kubernetes]
[2026-05-04T00:57:57.186+0300] {processor.py:927} WARNING - No viable dags retrieved from /home/nikita/airflow-setup/ENV/lib/python3.12/site-packages/airflow/example_dags/example_local_kubernetes_executor.py
[2026-05-04T00:57:57.193+0300] {processor.py:208} INFO - Processing /home/nikita/airflow-setup/ENV/lib/python3.12/site-packages/airflow/example_dags/example_local_kubernetes_executor.py took 0.025 seconds
[2026-05-04T00:58:53.996+0300] {processor.py:186} INFO - Started process (PID=7392) to work on /home/nikita/airflow-setup/ENV/lib/python3.12/site-packages/airflow/example_dags/example_local_kubernetes_executor.py
[2026-05-04T00:58:54.004+0300] {processor.py:914} INFO - Processing file /home/nikita/airflow-setup/ENV/lib/python3.12/site-packages/airflow/example_dags/example_local_kubernetes_executor.py for tasks to queue
[2026-05-04T00:58:54.006+0300] {logging_mixin.py:190} INFO - [2026-05-04T00:58:54.006+0300] {dagbag.py:588} INFO - Filling up the DagBag from /home/nikita/airflow-setup/ENV/lib/python3.12/site-packages/airflow/example_dags/example_local_kubernetes_executor.py
[2026-05-04T00:58:54.009+0300] {logging_mixin.py:190} INFO - [2026-05-04T00:58:54.008+0300] {example_local_kubernetes_executor.py:40} WARNING - Could not import DAGs in example_local_kubernetes_executor.py
Traceback (most recent call last):
  File "/home/nikita/airflow-setup/ENV/lib/python3.12/site-packages/airflow/example_dags/example_local_kubernetes_executor.py", line 38, in <module>
    from kubernetes.client import models as k8s
ModuleNotFoundError: No module named 'kubernetes'
[2026-05-04T00:58:54.009+0300] {logging_mixin.py:190} INFO - [2026-05-04T00:58:54.009+0300] {example_local_kubernetes_executor.py:41} WARNING - Install Kubernetes dependencies with: pip install apache-airflow[cncf.kubernetes]
[2026-05-04T00:58:54.010+0300] {processor.py:927} WARNING - No viable dags retrieved from /home/nikita/airflow-setup/ENV/lib/python3.12/site-packages/airflow/example_dags/example_local_kubernetes_executor.py
[2026-05-04T00:58:54.019+0300] {processor.py:208} INFO - Processing /home/nikita/airflow-setup/ENV/lib/python3.12/site-packages/airflow/example_dags/example_local_kubernetes_executor.py took 0.028 seconds
[2026-05-04T00:59:54.570+0300] {processor.py:186} INFO - Started process (PID=8230) to work on /home/nikita/airflow-setup/ENV/lib/python3.12/site-packages/airflow/example_dags/example_local_kubernetes_executor.py
[2026-05-04T00:59:54.572+0300] {processor.py:914} INFO - Processing file /home/nikita/airflow-setup/ENV/lib/python3.12/site-packages/airflow/example_dags/example_local_kubernetes_executor.py for tasks to queue
[2026-05-04T00:59:54.573+0300] {logging_mixin.py:190} INFO - [2026-05-04T00:59:54.573+0300] {dagbag.py:588} INFO - Filling up the DagBag from /home/nikita/airflow-setup/ENV/lib/python3.12/site-packages/airflow/example_dags/example_local_kubernetes_executor.py
[2026-05-04T00:59:54.576+0300] {logging_mixin.py:190} INFO - [2026-05-04T00:59:54.575+0300] {example_local_kubernetes_executor.py:40} WARNING - Could not import DAGs in example_local_kubernetes_executor.py
Traceback (most recent call last):
  File "/home/nikita/airflow-setup/ENV/lib/python3.12/site-packages/airflow/example_dags/example_local_kubernetes_executor.py", line 38, in <module>
    from kubernetes.client import models as k8s
ModuleNotFoundError: No module named 'kubernetes'
[2026-05-04T00:59:54.576+0300] {logging_mixin.py:190} INFO - [2026-05-04T00:59:54.576+0300] {example_local_kubernetes_executor.py:41} WARNING - Install Kubernetes dependencies with: pip install apache-airflow[cncf.kubernetes]
[2026-05-04T00:59:54.576+0300] {processor.py:927} WARNING - No viable dags retrieved from /home/nikita/airflow-setup/ENV/lib/python3.12/site-packages/airflow/example_dags/example_local_kubernetes_executor.py
[2026-05-04T00:59:54.583+0300] {processor.py:208} INFO - Processing /home/nikita/airflow-setup/ENV/lib/python3.12/site-packages/airflow/example_dags/example_local_kubernetes_executor.py took 0.017 seconds
[2026-05-04T01:00:59.107+0300] {processor.py:186} INFO - Started process (PID=8513) to work on /home/nikita/airflow-setup/ENV/lib/python3.12/site-packages/airflow/example_dags/example_local_kubernetes_executor.py
[2026-05-04T01:00:59.108+0300] {processor.py:914} INFO - Processing file /home/nikita/airflow-setup/ENV/lib/python3.12/site-packages/airflow/example_dags/example_local_kubernetes_executor.py for tasks to queue
[2026-05-04T01:00:59.109+0300] {logging_mixin.py:190} INFO - [2026-05-04T01:00:59.109+0300] {dagbag.py:588} INFO - Filling up the DagBag from /home/nikita/airflow-setup/ENV/lib/python3.12/site-packages/airflow/example_dags/example_local_kubernetes_executor.py
[2026-05-04T01:00:59.112+0300] {logging_mixin.py:190} INFO - [2026-05-04T01:00:59.111+0300] {example_local_kubernetes_executor.py:40} WARNING - Could not import DAGs in example_local_kubernetes_executor.py
Traceback (most recent call last):
  File "/home/nikita/airflow-setup/ENV/lib/python3.12/site-packages/airflow/example_dags/example_local_kubernetes_executor.py", line 38, in <module>
    from kubernetes.client import models as k8s
ModuleNotFoundError: No module named 'kubernetes'
[2026-05-04T01:00:59.112+0300] {logging_mixin.py:190} INFO - [2026-05-04T01:00:59.112+0300] {example_local_kubernetes_executor.py:41} WARNING - Install Kubernetes dependencies with: pip install apache-airflow[cncf.kubernetes]
[2026-05-04T01:00:59.112+0300] {processor.py:927} WARNING - No viable dags retrieved from /home/nikita/airflow-setup/ENV/lib/python3.12/site-packages/airflow/example_dags/example_local_kubernetes_executor.py
[2026-05-04T01:00:59.121+0300] {processor.py:208} INFO - Processing /home/nikita/airflow-setup/ENV/lib/python3.12/site-packages/airflow/example_dags/example_local_kubernetes_executor.py took 0.018 seconds
[2026-05-04T01:02:03.746+0300] {processor.py:186} INFO - Started process (PID=9121) to work on /home/nikita/airflow-setup/ENV/lib/python3.12/site-packages/airflow/example_dags/example_local_kubernetes_executor.py
[2026-05-04T01:02:03.754+0300] {processor.py:914} INFO - Processing file /home/nikita/airflow-setup/ENV/lib/python3.12/site-packages/airflow/example_dags/example_local_kubernetes_executor.py for tasks to queue
[2026-05-04T01:02:03.756+0300] {logging_mixin.py:190} INFO - [2026-05-04T01:02:03.755+0300] {dagbag.py:588} INFO - Filling up the DagBag from /home/nikita/airflow-setup/ENV/lib/python3.12/site-packages/airflow/example_dags/example_local_kubernetes_executor.py
[2026-05-04T01:02:03.758+0300] {logging_mixin.py:190} INFO - [2026-05-04T01:02:03.758+0300] {example_local_kubernetes_executor.py:40} WARNING - Could not import DAGs in example_local_kubernetes_executor.py
Traceback (most recent call last):
  File "/home/nikita/airflow-setup/ENV/lib/python3.12/site-packages/airflow/example_dags/example_local_kubernetes_executor.py", line 38, in <module>
    from kubernetes.client import models as k8s
ModuleNotFoundError: No module named 'kubernetes'
[2026-05-04T01:02:03.759+0300] {logging_mixin.py:190} INFO - [2026-05-04T01:02:03.759+0300] {example_local_kubernetes_executor.py:41} WARNING - Install Kubernetes dependencies with: pip install apache-airflow[cncf.kubernetes]
[2026-05-04T01:02:03.759+0300] {processor.py:927} WARNING - No viable dags retrieved from /home/nikita/airflow-setup/ENV/lib/python3.12/site-packages/airflow/example_dags/example_local_kubernetes_executor.py
[2026-05-04T01:02:03.767+0300] {processor.py:208} INFO - Processing /home/nikita/airflow-setup/ENV/lib/python3.12/site-packages/airflow/example_dags/example_local_kubernetes_executor.py took 0.025 seconds
[2026-05-04T01:03:13.127+0300] {processor.py:186} INFO - Started process (PID=9642) to work on /home/nikita/airflow-setup/ENV/lib/python3.12/site-packages/airflow/example_dags/example_local_kubernetes_executor.py
[2026-05-04T01:03:13.128+0300] {processor.py:914} INFO - Processing file /home/nikita/airflow-setup/ENV/lib/python3.12/site-packages/airflow/example_dags/example_local_kubernetes_executor.py for tasks to queue
[2026-05-04T01:03:13.129+0300] {logging_mixin.py:190} INFO - [2026-05-04T01:03:13.129+0300] {dagbag.py:588} INFO - Filling up the DagBag from /home/nikita/airflow-setup/ENV/lib/python3.12/site-packages/airflow/example_dags/example_local_kubernetes_executor.py
[2026-05-04T01:03:13.132+0300] {logging_mixin.py:190} INFO - [2026-05-04T01:03:13.132+0300] {example_local_kubernetes_executor.py:40} WARNING - Could not import DAGs in example_local_kubernetes_executor.py
Traceback (most recent call last):
  File "/home/nikita/airflow-setup/ENV/lib/python3.12/site-packages/airflow/example_dags/example_local_kubernetes_executor.py", line 38, in <module>
    from kubernetes.client import models as k8s
ModuleNotFoundError: No module named 'kubernetes'
[2026-05-04T01:03:13.132+0300] {logging_mixin.py:190} INFO - [2026-05-04T01:03:13.132+0300] {example_local_kubernetes_executor.py:41} WARNING - Install Kubernetes dependencies with: pip install apache-airflow[cncf.kubernetes]
[2026-05-04T01:03:13.133+0300] {processor.py:927} WARNING - No viable dags retrieved from /home/nikita/airflow-setup/ENV/lib/python3.12/site-packages/airflow/example_dags/example_local_kubernetes_executor.py
[2026-05-04T01:03:13.140+0300] {processor.py:208} INFO - Processing /home/nikita/airflow-setup/ENV/lib/python3.12/site-packages/airflow/example_dags/example_local_kubernetes_executor.py took 0.017 seconds
[2026-05-04T01:04:14.295+0300] {processor.py:186} INFO - Started process (PID=9908) to work on /home/nikita/airflow-setup/ENV/lib/python3.12/site-packages/airflow/example_dags/example_local_kubernetes_executor.py
[2026-05-04T01:04:14.297+0300] {processor.py:914} INFO - Processing file /home/nikita/airflow-setup/ENV/lib/python3.12/site-packages/airflow/example_dags/example_local_kubernetes_executor.py for tasks to queue
[2026-05-04T01:04:14.298+0300] {logging_mixin.py:190} INFO - [2026-05-04T01:04:14.297+0300] {dagbag.py:588} INFO - Filling up the DagBag from /home/nikita/airflow-setup/ENV/lib/python3.12/site-packages/airflow/example_dags/example_local_kubernetes_executor.py
[2026-05-04T01:04:14.300+0300] {logging_mixin.py:190} INFO - [2026-05-04T01:04:14.300+0300] {example_local_kubernetes_executor.py:40} WARNING - Could not import DAGs in example_local_kubernetes_executor.py
Traceback (most recent call last):
  File "/home/nikita/airflow-setup/ENV/lib/python3.12/site-packages/airflow/example_dags/example_local_kubernetes_executor.py", line 38, in <module>
    from kubernetes.client import models as k8s
ModuleNotFoundError: No module named 'kubernetes'
[2026-05-04T01:04:14.300+0300] {logging_mixin.py:190} INFO - [2026-05-04T01:04:14.300+0300] {example_local_kubernetes_executor.py:41} WARNING - Install Kubernetes dependencies with: pip install apache-airflow[cncf.kubernetes]
[2026-05-04T01:04:14.301+0300] {processor.py:927} WARNING - No viable dags retrieved from /home/nikita/airflow-setup/ENV/lib/python3.12/site-packages/airflow/example_dags/example_local_kubernetes_executor.py
[2026-05-04T01:04:14.308+0300] {processor.py:208} INFO - Processing /home/nikita/airflow-setup/ENV/lib/python3.12/site-packages/airflow/example_dags/example_local_kubernetes_executor.py took 0.016 seconds
[2026-05-04T01:05:19.319+0300] {processor.py:186} INFO - Started process (PID=10165) to work on /home/nikita/airflow-setup/ENV/lib/python3.12/site-packages/airflow/example_dags/example_local_kubernetes_executor.py
[2026-05-04T01:05:19.327+0300] {processor.py:914} INFO - Processing file /home/nikita/airflow-setup/ENV/lib/python3.12/site-packages/airflow/example_dags/example_local_kubernetes_executor.py for tasks to queue
[2026-05-04T01:05:19.328+0300] {logging_mixin.py:190} INFO - [2026-05-04T01:05:19.328+0300] {dagbag.py:588} INFO - Filling up the DagBag from /home/nikita/airflow-setup/ENV/lib/python3.12/site-packages/airflow/example_dags/example_local_kubernetes_executor.py
[2026-05-04T01:05:19.331+0300] {logging_mixin.py:190} INFO - [2026-05-04T01:05:19.330+0300] {example_local_kubernetes_executor.py:40} WARNING - Could not import DAGs in example_local_kubernetes_executor.py
Traceback (most recent call last):
  File "/home/nikita/airflow-setup/ENV/lib/python3.12/site-packages/airflow/example_dags/example_local_kubernetes_executor.py", line 38, in <module>
    from kubernetes.client import models as k8s
ModuleNotFoundError: No module named 'kubernetes'
[2026-05-04T01:05:19.331+0300] {logging_mixin.py:190} INFO - [2026-05-04T01:05:19.331+0300] {example_local_kubernetes_executor.py:41} WARNING - Install Kubernetes dependencies with: pip install apache-airflow[cncf.kubernetes]
[2026-05-04T01:05:19.331+0300] {processor.py:927} WARNING - No viable dags retrieved from /home/nikita/airflow-setup/ENV/lib/python3.12/site-packages/airflow/example_dags/example_local_kubernetes_executor.py
[2026-05-04T01:05:19.339+0300] {processor.py:208} INFO - Processing /home/nikita/airflow-setup/ENV/lib/python3.12/site-packages/airflow/example_dags/example_local_kubernetes_executor.py took 0.025 seconds
[2026-05-04T01:06:25.764+0300] {processor.py:186} INFO - Started process (PID=10442) to work on /home/nikita/airflow-setup/ENV/lib/python3.12/site-packages/airflow/example_dags/example_local_kubernetes_executor.py
[2026-05-04T01:06:25.773+0300] {processor.py:914} INFO - Processing file /home/nikita/airflow-setup/ENV/lib/python3.12/site-packages/airflow/example_dags/example_local_kubernetes_executor.py for tasks to queue
[2026-05-04T01:06:25.774+0300] {logging_mixin.py:190} INFO - [2026-05-04T01:06:25.774+0300] {dagbag.py:588} INFO - Filling up the DagBag from /home/nikita/airflow-setup/ENV/lib/python3.12/site-packages/airflow/example_dags/example_local_kubernetes_executor.py
[2026-05-04T01:06:25.777+0300] {logging_mixin.py:190} INFO - [2026-05-04T01:06:25.777+0300] {example_local_kubernetes_executor.py:40} WARNING - Could not import DAGs in example_local_kubernetes_executor.py
Traceback (most recent call last):
  File "/home/nikita/airflow-setup/ENV/lib/python3.12/site-packages/airflow/example_dags/example_local_kubernetes_executor.py", line 38, in <module>
    from kubernetes.client import models as k8s
ModuleNotFoundError: No module named 'kubernetes'
[2026-05-04T01:06:25.778+0300] {logging_mixin.py:190} INFO - [2026-05-04T01:06:25.778+0300] {example_local_kubernetes_executor.py:41} WARNING - Install Kubernetes dependencies with: pip install apache-airflow[cncf.kubernetes]
[2026-05-04T01:06:25.778+0300] {processor.py:927} WARNING - No viable dags retrieved from /home/nikita/airflow-setup/ENV/lib/python3.12/site-packages/airflow/example_dags/example_local_kubernetes_executor.py
[2026-05-04T01:06:25.785+0300] {processor.py:208} INFO - Processing /home/nikita/airflow-setup/ENV/lib/python3.12/site-packages/airflow/example_dags/example_local_kubernetes_executor.py took 0.026 seconds
[2026-05-04T01:07:31.651+0300] {processor.py:186} INFO - Started process (PID=10691) to work on /home/nikita/airflow-setup/ENV/lib/python3.12/site-packages/airflow/example_dags/example_local_kubernetes_executor.py
[2026-05-04T01:07:31.653+0300] {processor.py:914} INFO - Processing file /home/nikita/airflow-setup/ENV/lib/python3.12/site-packages/airflow/example_dags/example_local_kubernetes_executor.py for tasks to queue
[2026-05-04T01:07:31.654+0300] {logging_mixin.py:190} INFO - [2026-05-04T01:07:31.654+0300] {dagbag.py:588} INFO - Filling up the DagBag from /home/nikita/airflow-setup/ENV/lib/python3.12/site-packages/airflow/example_dags/example_local_kubernetes_executor.py
[2026-05-04T01:07:31.657+0300] {logging_mixin.py:190} INFO - [2026-05-04T01:07:31.656+0300] {example_local_kubernetes_executor.py:40} WARNING - Could not import DAGs in example_local_kubernetes_executor.py
Traceback (most recent call last):
  File "/home/nikita/airflow-setup/ENV/lib/python3.12/site-packages/airflow/example_dags/example_local_kubernetes_executor.py", line 38, in <module>
    from kubernetes.client import models as k8s
ModuleNotFoundError: No module named 'kubernetes'
[2026-05-04T01:07:31.657+0300] {logging_mixin.py:190} INFO - [2026-05-04T01:07:31.657+0300] {example_local_kubernetes_executor.py:41} WARNING - Install Kubernetes dependencies with: pip install apache-airflow[cncf.kubernetes]
[2026-05-04T01:07:31.657+0300] {processor.py:927} WARNING - No viable dags retrieved from /home/nikita/airflow-setup/ENV/lib/python3.12/site-packages/airflow/example_dags/example_local_kubernetes_executor.py
[2026-05-04T01:07:31.665+0300] {processor.py:208} INFO - Processing /home/nikita/airflow-setup/ENV/lib/python3.12/site-packages/airflow/example_dags/example_local_kubernetes_executor.py took 0.018 seconds
[2026-05-04T01:08:39.331+0300] {processor.py:186} INFO - Started process (PID=11255) to work on /home/nikita/airflow-setup/ENV/lib/python3.12/site-packages/airflow/example_dags/example_local_kubernetes_executor.py
[2026-05-04T01:08:39.340+0300] {processor.py:914} INFO - Processing file /home/nikita/airflow-setup/ENV/lib/python3.12/site-packages/airflow/example_dags/example_local_kubernetes_executor.py for tasks to queue
[2026-05-04T01:08:39.342+0300] {logging_mixin.py:190} INFO - [2026-05-04T01:08:39.341+0300] {dagbag.py:588} INFO - Filling up the DagBag from /home/nikita/airflow-setup/ENV/lib/python3.12/site-packages/airflow/example_dags/example_local_kubernetes_executor.py
[2026-05-04T01:08:39.345+0300] {logging_mixin.py:190} INFO - [2026-05-04T01:08:39.344+0300] {example_local_kubernetes_executor.py:40} WARNING - Could not import DAGs in example_local_kubernetes_executor.py
Traceback (most recent call last):
  File "/home/nikita/airflow-setup/ENV/lib/python3.12/site-packages/airflow/example_dags/example_local_kubernetes_executor.py", line 38, in <module>
    from kubernetes.client import models as k8s
ModuleNotFoundError: No module named 'kubernetes'
[2026-05-04T01:08:39.345+0300] {logging_mixin.py:190} INFO - [2026-05-04T01:08:39.345+0300] {example_local_kubernetes_executor.py:41} WARNING - Install Kubernetes dependencies with: pip install apache-airflow[cncf.kubernetes]
[2026-05-04T01:08:39.345+0300] {processor.py:927} WARNING - No viable dags retrieved from /home/nikita/airflow-setup/ENV/lib/python3.12/site-packages/airflow/example_dags/example_local_kubernetes_executor.py
[2026-05-04T01:08:39.354+0300] {processor.py:208} INFO - Processing /home/nikita/airflow-setup/ENV/lib/python3.12/site-packages/airflow/example_dags/example_local_kubernetes_executor.py took 0.028 seconds
[2026-05-04T01:09:46.726+0300] {processor.py:186} INFO - Started process (PID=12147) to work on /home/nikita/airflow-setup/ENV/lib/python3.12/site-packages/airflow/example_dags/example_local_kubernetes_executor.py
[2026-05-04T01:09:46.736+0300] {processor.py:914} INFO - Processing file /home/nikita/airflow-setup/ENV/lib/python3.12/site-packages/airflow/example_dags/example_local_kubernetes_executor.py for tasks to queue
[2026-05-04T01:09:46.737+0300] {logging_mixin.py:190} INFO - [2026-05-04T01:09:46.737+0300] {dagbag.py:588} INFO - Filling up the DagBag from /home/nikita/airflow-setup/ENV/lib/python3.12/site-packages/airflow/example_dags/example_local_kubernetes_executor.py
[2026-05-04T01:09:46.740+0300] {logging_mixin.py:190} INFO - [2026-05-04T01:09:46.739+0300] {example_local_kubernetes_executor.py:40} WARNING - Could not import DAGs in example_local_kubernetes_executor.py
Traceback (most recent call last):
  File "/home/nikita/airflow-setup/ENV/lib/python3.12/site-packages/airflow/example_dags/example_local_kubernetes_executor.py", line 38, in <module>
    from kubernetes.client import models as k8s
ModuleNotFoundError: No module named 'kubernetes'
[2026-05-04T01:09:46.740+0300] {logging_mixin.py:190} INFO - [2026-05-04T01:09:46.740+0300] {example_local_kubernetes_executor.py:41} WARNING - Install Kubernetes dependencies with: pip install apache-airflow[cncf.kubernetes]
[2026-05-04T01:09:46.740+0300] {processor.py:927} WARNING - No viable dags retrieved from /home/nikita/airflow-setup/ENV/lib/python3.12/site-packages/airflow/example_dags/example_local_kubernetes_executor.py
[2026-05-04T01:09:46.748+0300] {processor.py:208} INFO - Processing /home/nikita/airflow-setup/ENV/lib/python3.12/site-packages/airflow/example_dags/example_local_kubernetes_executor.py took 0.026 seconds
[2026-05-04T01:10:57.189+0300] {processor.py:186} INFO - Started process (PID=12405) to work on /home/nikita/airflow-setup/ENV/lib/python3.12/site-packages/airflow/example_dags/example_local_kubernetes_executor.py
[2026-05-04T01:10:57.191+0300] {processor.py:914} INFO - Processing file /home/nikita/airflow-setup/ENV/lib/python3.12/site-packages/airflow/example_dags/example_local_kubernetes_executor.py for tasks to queue
[2026-05-04T01:10:57.192+0300] {logging_mixin.py:190} INFO - [2026-05-04T01:10:57.192+0300] {dagbag.py:588} INFO - Filling up the DagBag from /home/nikita/airflow-setup/ENV/lib/python3.12/site-packages/airflow/example_dags/example_local_kubernetes_executor.py
[2026-05-04T01:10:57.195+0300] {logging_mixin.py:190} INFO - [2026-05-04T01:10:57.194+0300] {example_local_kubernetes_executor.py:40} WARNING - Could not import DAGs in example_local_kubernetes_executor.py
Traceback (most recent call last):
  File "/home/nikita/airflow-setup/ENV/lib/python3.12/site-packages/airflow/example_dags/example_local_kubernetes_executor.py", line 38, in <module>
    from kubernetes.client import models as k8s
ModuleNotFoundError: No module named 'kubernetes'
[2026-05-04T01:10:57.195+0300] {logging_mixin.py:190} INFO - [2026-05-04T01:10:57.195+0300] {example_local_kubernetes_executor.py:41} WARNING - Install Kubernetes dependencies with: pip install apache-airflow[cncf.kubernetes]
[2026-05-04T01:10:57.195+0300] {processor.py:927} WARNING - No viable dags retrieved from /home/nikita/airflow-setup/ENV/lib/python3.12/site-packages/airflow/example_dags/example_local_kubernetes_executor.py
[2026-05-04T01:10:57.203+0300] {processor.py:208} INFO - Processing /home/nikita/airflow-setup/ENV/lib/python3.12/site-packages/airflow/example_dags/example_local_kubernetes_executor.py took 0.018 seconds
[2026-05-04T01:12:02.391+0300] {processor.py:186} INFO - Started process (PID=12657) to work on /home/nikita/airflow-setup/ENV/lib/python3.12/site-packages/airflow/example_dags/example_local_kubernetes_executor.py
[2026-05-04T01:12:02.401+0300] {processor.py:914} INFO - Processing file /home/nikita/airflow-setup/ENV/lib/python3.12/site-packages/airflow/example_dags/example_local_kubernetes_executor.py for tasks to queue
[2026-05-04T01:12:02.402+0300] {logging_mixin.py:190} INFO - [2026-05-04T01:12:02.401+0300] {dagbag.py:588} INFO - Filling up the DagBag from /home/nikita/airflow-setup/ENV/lib/python3.12/site-packages/airflow/example_dags/example_local_kubernetes_executor.py
[2026-05-04T01:12:02.405+0300] {logging_mixin.py:190} INFO - [2026-05-04T01:12:02.404+0300] {example_local_kubernetes_executor.py:40} WARNING - Could not import DAGs in example_local_kubernetes_executor.py
Traceback (most recent call last):
  File "/home/nikita/airflow-setup/ENV/lib/python3.12/site-packages/airflow/example_dags/example_local_kubernetes_executor.py", line 38, in <module>
    from kubernetes.client import models as k8s
ModuleNotFoundError: No module named 'kubernetes'
[2026-05-04T01:12:02.405+0300] {logging_mixin.py:190} INFO - [2026-05-04T01:12:02.405+0300] {example_local_kubernetes_executor.py:41} WARNING - Install Kubernetes dependencies with: pip install apache-airflow[cncf.kubernetes]
[2026-05-04T01:12:02.405+0300] {processor.py:927} WARNING - No viable dags retrieved from /home/nikita/airflow-setup/ENV/lib/python3.12/site-packages/airflow/example_dags/example_local_kubernetes_executor.py
[2026-05-04T01:12:02.412+0300] {processor.py:208} INFO - Processing /home/nikita/airflow-setup/ENV/lib/python3.12/site-packages/airflow/example_dags/example_local_kubernetes_executor.py took 0.026 seconds
[2026-05-04T01:13:01.821+0300] {processor.py:186} INFO - Started process (PID=12886) to work on /home/nikita/airflow-setup/ENV/lib/python3.12/site-packages/airflow/example_dags/example_local_kubernetes_executor.py
[2026-05-04T01:13:01.822+0300] {processor.py:914} INFO - Processing file /home/nikita/airflow-setup/ENV/lib/python3.12/site-packages/airflow/example_dags/example_local_kubernetes_executor.py for tasks to queue
[2026-05-04T01:13:01.823+0300] {logging_mixin.py:190} INFO - [2026-05-04T01:13:01.822+0300] {dagbag.py:588} INFO - Filling up the DagBag from /home/nikita/airflow-setup/ENV/lib/python3.12/site-packages/airflow/example_dags/example_local_kubernetes_executor.py
[2026-05-04T01:13:01.825+0300] {logging_mixin.py:190} INFO - [2026-05-04T01:13:01.825+0300] {example_local_kubernetes_executor.py:40} WARNING - Could not import DAGs in example_local_kubernetes_executor.py
Traceback (most recent call last):
  File "/home/nikita/airflow-setup/ENV/lib/python3.12/site-packages/airflow/example_dags/example_local_kubernetes_executor.py", line 38, in <module>
    from kubernetes.client import models as k8s
ModuleNotFoundError: No module named 'kubernetes'
[2026-05-04T01:13:01.825+0300] {logging_mixin.py:190} INFO - [2026-05-04T01:13:01.825+0300] {example_local_kubernetes_executor.py:41} WARNING - Install Kubernetes dependencies with: pip install apache-airflow[cncf.kubernetes]
[2026-05-04T01:13:01.826+0300] {processor.py:927} WARNING - No viable dags retrieved from /home/nikita/airflow-setup/ENV/lib/python3.12/site-packages/airflow/example_dags/example_local_kubernetes_executor.py
[2026-05-04T01:13:01.833+0300] {processor.py:208} INFO - Processing /home/nikita/airflow-setup/ENV/lib/python3.12/site-packages/airflow/example_dags/example_local_kubernetes_executor.py took 0.016 seconds
[2026-05-04T01:14:05.112+0300] {processor.py:186} INFO - Started process (PID=13542) to work on /home/nikita/airflow-setup/ENV/lib/python3.12/site-packages/airflow/example_dags/example_local_kubernetes_executor.py
[2026-05-04T01:14:05.120+0300] {processor.py:914} INFO - Processing file /home/nikita/airflow-setup/ENV/lib/python3.12/site-packages/airflow/example_dags/example_local_kubernetes_executor.py for tasks to queue
[2026-05-04T01:14:05.121+0300] {logging_mixin.py:190} INFO - [2026-05-04T01:14:05.121+0300] {dagbag.py:588} INFO - Filling up the DagBag from /home/nikita/airflow-setup/ENV/lib/python3.12/site-packages/airflow/example_dags/example_local_kubernetes_executor.py
[2026-05-04T01:14:05.125+0300] {logging_mixin.py:190} INFO - [2026-05-04T01:14:05.124+0300] {example_local_kubernetes_executor.py:40} WARNING - Could not import DAGs in example_local_kubernetes_executor.py
Traceback (most recent call last):
  File "/home/nikita/airflow-setup/ENV/lib/python3.12/site-packages/airflow/example_dags/example_local_kubernetes_executor.py", line 38, in <module>
    from kubernetes.client import models as k8s
ModuleNotFoundError: No module named 'kubernetes'
[2026-05-04T01:14:05.125+0300] {logging_mixin.py:190} INFO - [2026-05-04T01:14:05.125+0300] {example_local_kubernetes_executor.py:41} WARNING - Install Kubernetes dependencies with: pip install apache-airflow[cncf.kubernetes]
[2026-05-04T01:14:05.125+0300] {processor.py:927} WARNING - No viable dags retrieved from /home/nikita/airflow-setup/ENV/lib/python3.12/site-packages/airflow/example_dags/example_local_kubernetes_executor.py
[2026-05-04T01:14:05.134+0300] {processor.py:208} INFO - Processing /home/nikita/airflow-setup/ENV/lib/python3.12/site-packages/airflow/example_dags/example_local_kubernetes_executor.py took 0.027 seconds
[2026-05-04T01:15:13.032+0300] {processor.py:186} INFO - Started process (PID=14449) to work on /home/nikita/airflow-setup/ENV/lib/python3.12/site-packages/airflow/example_dags/example_local_kubernetes_executor.py
[2026-05-04T01:15:13.041+0300] {processor.py:914} INFO - Processing file /home/nikita/airflow-setup/ENV/lib/python3.12/site-packages/airflow/example_dags/example_local_kubernetes_executor.py for tasks to queue
[2026-05-04T01:15:13.042+0300] {logging_mixin.py:190} INFO - [2026-05-04T01:15:13.042+0300] {dagbag.py:588} INFO - Filling up the DagBag from /home/nikita/airflow-setup/ENV/lib/python3.12/site-packages/airflow/example_dags/example_local_kubernetes_executor.py
[2026-05-04T01:15:13.045+0300] {logging_mixin.py:190} INFO - [2026-05-04T01:15:13.045+0300] {example_local_kubernetes_executor.py:40} WARNING - Could not import DAGs in example_local_kubernetes_executor.py
Traceback (most recent call last):
  File "/home/nikita/airflow-setup/ENV/lib/python3.12/site-packages/airflow/example_dags/example_local_kubernetes_executor.py", line 38, in <module>
    from kubernetes.client import models as k8s
ModuleNotFoundError: No module named 'kubernetes'
[2026-05-04T01:15:13.046+0300] {logging_mixin.py:190} INFO - [2026-05-04T01:15:13.045+0300] {example_local_kubernetes_executor.py:41} WARNING - Install Kubernetes dependencies with: pip install apache-airflow[cncf.kubernetes]
[2026-05-04T01:15:13.046+0300] {processor.py:927} WARNING - No viable dags retrieved from /home/nikita/airflow-setup/ENV/lib/python3.12/site-packages/airflow/example_dags/example_local_kubernetes_executor.py
[2026-05-04T01:15:13.054+0300] {processor.py:208} INFO - Processing /home/nikita/airflow-setup/ENV/lib/python3.12/site-packages/airflow/example_dags/example_local_kubernetes_executor.py took 0.027 seconds
[2026-05-04T01:16:20.488+0300] {processor.py:186} INFO - Started process (PID=15662) to work on /home/nikita/airflow-setup/ENV/lib/python3.12/site-packages/airflow/example_dags/example_local_kubernetes_executor.py
[2026-05-04T01:16:20.489+0300] {processor.py:914} INFO - Processing file /home/nikita/airflow-setup/ENV/lib/python3.12/site-packages/airflow/example_dags/example_local_kubernetes_executor.py for tasks to queue
[2026-05-04T01:16:20.491+0300] {logging_mixin.py:190} INFO - [2026-05-04T01:16:20.490+0300] {dagbag.py:588} INFO - Filling up the DagBag from /home/nikita/airflow-setup/ENV/lib/python3.12/site-packages/airflow/example_dags/example_local_kubernetes_executor.py
[2026-05-04T01:16:20.494+0300] {logging_mixin.py:190} INFO - [2026-05-04T01:16:20.493+0300] {example_local_kubernetes_executor.py:40} WARNING - Could not import DAGs in example_local_kubernetes_executor.py
Traceback (most recent call last):
  File "/home/nikita/airflow-setup/ENV/lib/python3.12/site-packages/airflow/example_dags/example_local_kubernetes_executor.py", line 38, in <module>
    from kubernetes.client import models as k8s
ModuleNotFoundError: No module named 'kubernetes'
[2026-05-04T01:16:20.494+0300] {logging_mixin.py:190} INFO - [2026-05-04T01:16:20.494+0300] {example_local_kubernetes_executor.py:41} WARNING - Install Kubernetes dependencies with: pip install apache-airflow[cncf.kubernetes]
[2026-05-04T01:16:20.495+0300] {processor.py:927} WARNING - No viable dags retrieved from /home/nikita/airflow-setup/ENV/lib/python3.12/site-packages/airflow/example_dags/example_local_kubernetes_executor.py
[2026-05-04T01:16:20.505+0300] {processor.py:208} INFO - Processing /home/nikita/airflow-setup/ENV/lib/python3.12/site-packages/airflow/example_dags/example_local_kubernetes_executor.py took 0.023 seconds
[2026-05-04T01:17:30.200+0300] {processor.py:186} INFO - Started process (PID=15930) to work on /home/nikita/airflow-setup/ENV/lib/python3.12/site-packages/airflow/example_dags/example_local_kubernetes_executor.py
[2026-05-04T01:17:30.212+0300] {processor.py:914} INFO - Processing file /home/nikita/airflow-setup/ENV/lib/python3.12/site-packages/airflow/example_dags/example_local_kubernetes_executor.py for tasks to queue
[2026-05-04T01:17:30.214+0300] {logging_mixin.py:190} INFO - [2026-05-04T01:17:30.213+0300] {dagbag.py:588} INFO - Filling up the DagBag from /home/nikita/airflow-setup/ENV/lib/python3.12/site-packages/airflow/example_dags/example_local_kubernetes_executor.py
[2026-05-04T01:17:30.217+0300] {logging_mixin.py:190} INFO - [2026-05-04T01:17:30.216+0300] {example_local_kubernetes_executor.py:40} WARNING - Could not import DAGs in example_local_kubernetes_executor.py
Traceback (most recent call last):
  File "/home/nikita/airflow-setup/ENV/lib/python3.12/site-packages/airflow/example_dags/example_local_kubernetes_executor.py", line 38, in <module>
    from kubernetes.client import models as k8s
ModuleNotFoundError: No module named 'kubernetes'
[2026-05-04T01:17:30.218+0300] {logging_mixin.py:190} INFO - [2026-05-04T01:17:30.218+0300] {example_local_kubernetes_executor.py:41} WARNING - Install Kubernetes dependencies with: pip install apache-airflow[cncf.kubernetes]
[2026-05-04T01:17:30.218+0300] {processor.py:927} WARNING - No viable dags retrieved from /home/nikita/airflow-setup/ENV/lib/python3.12/site-packages/airflow/example_dags/example_local_kubernetes_executor.py
[2026-05-04T01:17:30.232+0300] {processor.py:208} INFO - Processing /home/nikita/airflow-setup/ENV/lib/python3.12/site-packages/airflow/example_dags/example_local_kubernetes_executor.py took 0.040 seconds
[2026-05-04T01:18:38.256+0300] {processor.py:186} INFO - Started process (PID=16187) to work on /home/nikita/airflow-setup/ENV/lib/python3.12/site-packages/airflow/example_dags/example_local_kubernetes_executor.py
[2026-05-04T01:18:38.266+0300] {processor.py:914} INFO - Processing file /home/nikita/airflow-setup/ENV/lib/python3.12/site-packages/airflow/example_dags/example_local_kubernetes_executor.py for tasks to queue
[2026-05-04T01:18:38.267+0300] {logging_mixin.py:190} INFO - [2026-05-04T01:18:38.266+0300] {dagbag.py:588} INFO - Filling up the DagBag from /home/nikita/airflow-setup/ENV/lib/python3.12/site-packages/airflow/example_dags/example_local_kubernetes_executor.py
[2026-05-04T01:18:38.269+0300] {logging_mixin.py:190} INFO - [2026-05-04T01:18:38.269+0300] {example_local_kubernetes_executor.py:40} WARNING - Could not import DAGs in example_local_kubernetes_executor.py
Traceback (most recent call last):
  File "/home/nikita/airflow-setup/ENV/lib/python3.12/site-packages/airflow/example_dags/example_local_kubernetes_executor.py", line 38, in <module>
    from kubernetes.client import models as k8s
ModuleNotFoundError: No module named 'kubernetes'
[2026-05-04T01:18:38.269+0300] {logging_mixin.py:190} INFO - [2026-05-04T01:18:38.269+0300] {example_local_kubernetes_executor.py:41} WARNING - Install Kubernetes dependencies with: pip install apache-airflow[cncf.kubernetes]
[2026-05-04T01:18:38.270+0300] {processor.py:927} WARNING - No viable dags retrieved from /home/nikita/airflow-setup/ENV/lib/python3.12/site-packages/airflow/example_dags/example_local_kubernetes_executor.py
[2026-05-04T01:18:38.277+0300] {processor.py:208} INFO - Processing /home/nikita/airflow-setup/ENV/lib/python3.12/site-packages/airflow/example_dags/example_local_kubernetes_executor.py took 0.025 seconds
[2026-05-04T01:19:41.620+0300] {processor.py:186} INFO - Started process (PID=16435) to work on /home/nikita/airflow-setup/ENV/lib/python3.12/site-packages/airflow/example_dags/example_local_kubernetes_executor.py
[2026-05-04T01:19:41.622+0300] {processor.py:914} INFO - Processing file /home/nikita/airflow-setup/ENV/lib/python3.12/site-packages/airflow/example_dags/example_local_kubernetes_executor.py for tasks to queue
[2026-05-04T01:19:41.624+0300] {logging_mixin.py:190} INFO - [2026-05-04T01:19:41.623+0300] {dagbag.py:588} INFO - Filling up the DagBag from /home/nikita/airflow-setup/ENV/lib/python3.12/site-packages/airflow/example_dags/example_local_kubernetes_executor.py
[2026-05-04T01:19:41.627+0300] {logging_mixin.py:190} INFO - [2026-05-04T01:19:41.626+0300] {example_local_kubernetes_executor.py:40} WARNING - Could not import DAGs in example_local_kubernetes_executor.py
Traceback (most recent call last):
  File "/home/nikita/airflow-setup/ENV/lib/python3.12/site-packages/airflow/example_dags/example_local_kubernetes_executor.py", line 38, in <module>
    from kubernetes.client import models as k8s
ModuleNotFoundError: No module named 'kubernetes'
[2026-05-04T01:19:41.627+0300] {logging_mixin.py:190} INFO - [2026-05-04T01:19:41.627+0300] {example_local_kubernetes_executor.py:41} WARNING - Install Kubernetes dependencies with: pip install apache-airflow[cncf.kubernetes]
[2026-05-04T01:19:41.627+0300] {processor.py:927} WARNING - No viable dags retrieved from /home/nikita/airflow-setup/ENV/lib/python3.12/site-packages/airflow/example_dags/example_local_kubernetes_executor.py
[2026-05-04T01:19:41.638+0300] {processor.py:208} INFO - Processing /home/nikita/airflow-setup/ENV/lib/python3.12/site-packages/airflow/example_dags/example_local_kubernetes_executor.py took 0.022 seconds
[2026-05-04T01:20:50.002+0300] {processor.py:186} INFO - Started process (PID=16699) to work on /home/nikita/airflow-setup/ENV/lib/python3.12/site-packages/airflow/example_dags/example_local_kubernetes_executor.py
[2026-05-04T01:20:50.012+0300] {processor.py:914} INFO - Processing file /home/nikita/airflow-setup/ENV/lib/python3.12/site-packages/airflow/example_dags/example_local_kubernetes_executor.py for tasks to queue
[2026-05-04T01:20:50.013+0300] {logging_mixin.py:190} INFO - [2026-05-04T01:20:50.012+0300] {dagbag.py:588} INFO - Filling up the DagBag from /home/nikita/airflow-setup/ENV/lib/python3.12/site-packages/airflow/example_dags/example_local_kubernetes_executor.py
[2026-05-04T01:20:50.015+0300] {logging_mixin.py:190} INFO - [2026-05-04T01:20:50.015+0300] {example_local_kubernetes_executor.py:40} WARNING - Could not import DAGs in example_local_kubernetes_executor.py
Traceback (most recent call last):
  File "/home/nikita/airflow-setup/ENV/lib/python3.12/site-packages/airflow/example_dags/example_local_kubernetes_executor.py", line 38, in <module>
    from kubernetes.client import models as k8s
ModuleNotFoundError: No module named 'kubernetes'
[2026-05-04T01:20:50.015+0300] {logging_mixin.py:190} INFO - [2026-05-04T01:20:50.015+0300] {example_local_kubernetes_executor.py:41} WARNING - Install Kubernetes dependencies with: pip install apache-airflow[cncf.kubernetes]
[2026-05-04T01:20:50.015+0300] {processor.py:927} WARNING - No viable dags retrieved from /home/nikita/airflow-setup/ENV/lib/python3.12/site-packages/airflow/example_dags/example_local_kubernetes_executor.py
[2026-05-04T01:20:50.024+0300] {processor.py:208} INFO - Processing /home/nikita/airflow-setup/ENV/lib/python3.12/site-packages/airflow/example_dags/example_local_kubernetes_executor.py took 0.026 seconds
[2026-05-04T01:21:56.257+0300] {processor.py:186} INFO - Started process (PID=16951) to work on /home/nikita/airflow-setup/ENV/lib/python3.12/site-packages/airflow/example_dags/example_local_kubernetes_executor.py
[2026-05-04T01:21:56.258+0300] {processor.py:914} INFO - Processing file /home/nikita/airflow-setup/ENV/lib/python3.12/site-packages/airflow/example_dags/example_local_kubernetes_executor.py for tasks to queue
[2026-05-04T01:21:56.260+0300] {logging_mixin.py:190} INFO - [2026-05-04T01:21:56.259+0300] {dagbag.py:588} INFO - Filling up the DagBag from /home/nikita/airflow-setup/ENV/lib/python3.12/site-packages/airflow/example_dags/example_local_kubernetes_executor.py
[2026-05-04T01:21:56.262+0300] {logging_mixin.py:190} INFO - [2026-05-04T01:21:56.262+0300] {example_local_kubernetes_executor.py:40} WARNING - Could not import DAGs in example_local_kubernetes_executor.py
Traceback (most recent call last):
  File "/home/nikita/airflow-setup/ENV/lib/python3.12/site-packages/airflow/example_dags/example_local_kubernetes_executor.py", line 38, in <module>
    from kubernetes.client import models as k8s
ModuleNotFoundError: No module named 'kubernetes'
[2026-05-04T01:21:56.263+0300] {logging_mixin.py:190} INFO - [2026-05-04T01:21:56.262+0300] {example_local_kubernetes_executor.py:41} WARNING - Install Kubernetes dependencies with: pip install apache-airflow[cncf.kubernetes]
[2026-05-04T01:21:56.263+0300] {processor.py:927} WARNING - No viable dags retrieved from /home/nikita/airflow-setup/ENV/lib/python3.12/site-packages/airflow/example_dags/example_local_kubernetes_executor.py
[2026-05-04T01:21:56.270+0300] {processor.py:208} INFO - Processing /home/nikita/airflow-setup/ENV/lib/python3.12/site-packages/airflow/example_dags/example_local_kubernetes_executor.py took 0.019 seconds
[2026-05-04T01:23:09.591+0300] {processor.py:186} INFO - Started process (PID=17230) to work on /home/nikita/airflow-setup/ENV/lib/python3.12/site-packages/airflow/example_dags/example_local_kubernetes_executor.py
[2026-05-04T01:23:09.600+0300] {processor.py:914} INFO - Processing file /home/nikita/airflow-setup/ENV/lib/python3.12/site-packages/airflow/example_dags/example_local_kubernetes_executor.py for tasks to queue
[2026-05-04T01:23:09.601+0300] {logging_mixin.py:190} INFO - [2026-05-04T01:23:09.600+0300] {dagbag.py:588} INFO - Filling up the DagBag from /home/nikita/airflow-setup/ENV/lib/python3.12/site-packages/airflow/example_dags/example_local_kubernetes_executor.py
[2026-05-04T01:23:09.603+0300] {logging_mixin.py:190} INFO - [2026-05-04T01:23:09.603+0300] {example_local_kubernetes_executor.py:40} WARNING - Could not import DAGs in example_local_kubernetes_executor.py
Traceback (most recent call last):
  File "/home/nikita/airflow-setup/ENV/lib/python3.12/site-packages/airflow/example_dags/example_local_kubernetes_executor.py", line 38, in <module>
    from kubernetes.client import models as k8s
ModuleNotFoundError: No module named 'kubernetes'
[2026-05-04T01:23:09.604+0300] {logging_mixin.py:190} INFO - [2026-05-04T01:23:09.604+0300] {example_local_kubernetes_executor.py:41} WARNING - Install Kubernetes dependencies with: pip install apache-airflow[cncf.kubernetes]
[2026-05-04T01:23:09.604+0300] {processor.py:927} WARNING - No viable dags retrieved from /home/nikita/airflow-setup/ENV/lib/python3.12/site-packages/airflow/example_dags/example_local_kubernetes_executor.py
[2026-05-04T01:23:09.611+0300] {processor.py:208} INFO - Processing /home/nikita/airflow-setup/ENV/lib/python3.12/site-packages/airflow/example_dags/example_local_kubernetes_executor.py took 0.024 seconds
[2026-05-04T01:24:14.210+0300] {processor.py:186} INFO - Started process (PID=17480) to work on /home/nikita/airflow-setup/ENV/lib/python3.12/site-packages/airflow/example_dags/example_local_kubernetes_executor.py
[2026-05-04T01:24:14.219+0300] {processor.py:914} INFO - Processing file /home/nikita/airflow-setup/ENV/lib/python3.12/site-packages/airflow/example_dags/example_local_kubernetes_executor.py for tasks to queue
[2026-05-04T01:24:14.220+0300] {logging_mixin.py:190} INFO - [2026-05-04T01:24:14.220+0300] {dagbag.py:588} INFO - Filling up the DagBag from /home/nikita/airflow-setup/ENV/lib/python3.12/site-packages/airflow/example_dags/example_local_kubernetes_executor.py
[2026-05-04T01:24:14.223+0300] {logging_mixin.py:190} INFO - [2026-05-04T01:24:14.222+0300] {example_local_kubernetes_executor.py:40} WARNING - Could not import DAGs in example_local_kubernetes_executor.py
Traceback (most recent call last):
  File "/home/nikita/airflow-setup/ENV/lib/python3.12/site-packages/airflow/example_dags/example_local_kubernetes_executor.py", line 38, in <module>
    from kubernetes.client import models as k8s
ModuleNotFoundError: No module named 'kubernetes'
[2026-05-04T01:24:14.223+0300] {logging_mixin.py:190} INFO - [2026-05-04T01:24:14.223+0300] {example_local_kubernetes_executor.py:41} WARNING - Install Kubernetes dependencies with: pip install apache-airflow[cncf.kubernetes]
[2026-05-04T01:24:14.223+0300] {processor.py:927} WARNING - No viable dags retrieved from /home/nikita/airflow-setup/ENV/lib/python3.12/site-packages/airflow/example_dags/example_local_kubernetes_executor.py
[2026-05-04T01:24:14.231+0300] {processor.py:208} INFO - Processing /home/nikita/airflow-setup/ENV/lib/python3.12/site-packages/airflow/example_dags/example_local_kubernetes_executor.py took 0.025 seconds
[2026-05-04T01:25:24.244+0300] {processor.py:186} INFO - Started process (PID=18095) to work on /home/nikita/airflow-setup/ENV/lib/python3.12/site-packages/airflow/example_dags/example_local_kubernetes_executor.py
[2026-05-04T01:25:24.253+0300] {processor.py:914} INFO - Processing file /home/nikita/airflow-setup/ENV/lib/python3.12/site-packages/airflow/example_dags/example_local_kubernetes_executor.py for tasks to queue
[2026-05-04T01:25:24.254+0300] {logging_mixin.py:190} INFO - [2026-05-04T01:25:24.254+0300] {dagbag.py:588} INFO - Filling up the DagBag from /home/nikita/airflow-setup/ENV/lib/python3.12/site-packages/airflow/example_dags/example_local_kubernetes_executor.py
[2026-05-04T01:25:24.256+0300] {logging_mixin.py:190} INFO - [2026-05-04T01:25:24.256+0300] {example_local_kubernetes_executor.py:40} WARNING - Could not import DAGs in example_local_kubernetes_executor.py
Traceback (most recent call last):
  File "/home/nikita/airflow-setup/ENV/lib/python3.12/site-packages/airflow/example_dags/example_local_kubernetes_executor.py", line 38, in <module>
    from kubernetes.client import models as k8s
ModuleNotFoundError: No module named 'kubernetes'
[2026-05-04T01:25:24.257+0300] {logging_mixin.py:190} INFO - [2026-05-04T01:25:24.257+0300] {example_local_kubernetes_executor.py:41} WARNING - Install Kubernetes dependencies with: pip install apache-airflow[cncf.kubernetes]
[2026-05-04T01:25:24.257+0300] {processor.py:927} WARNING - No viable dags retrieved from /home/nikita/airflow-setup/ENV/lib/python3.12/site-packages/airflow/example_dags/example_local_kubernetes_executor.py
[2026-05-04T01:25:24.264+0300] {processor.py:208} INFO - Processing /home/nikita/airflow-setup/ENV/lib/python3.12/site-packages/airflow/example_dags/example_local_kubernetes_executor.py took 0.024 seconds
[2026-05-04T01:26:36.145+0300] {processor.py:186} INFO - Started process (PID=19350) to work on /home/nikita/airflow-setup/ENV/lib/python3.12/site-packages/airflow/example_dags/example_local_kubernetes_executor.py
[2026-05-04T01:26:36.154+0300] {processor.py:914} INFO - Processing file /home/nikita/airflow-setup/ENV/lib/python3.12/site-packages/airflow/example_dags/example_local_kubernetes_executor.py for tasks to queue
[2026-05-04T01:26:36.155+0300] {logging_mixin.py:190} INFO - [2026-05-04T01:26:36.155+0300] {dagbag.py:588} INFO - Filling up the DagBag from /home/nikita/airflow-setup/ENV/lib/python3.12/site-packages/airflow/example_dags/example_local_kubernetes_executor.py
[2026-05-04T01:26:36.158+0300] {logging_mixin.py:190} INFO - [2026-05-04T01:26:36.158+0300] {example_local_kubernetes_executor.py:40} WARNING - Could not import DAGs in example_local_kubernetes_executor.py
Traceback (most recent call last):
  File "/home/nikita/airflow-setup/ENV/lib/python3.12/site-packages/airflow/example_dags/example_local_kubernetes_executor.py", line 38, in <module>
    from kubernetes.client import models as k8s
ModuleNotFoundError: No module named 'kubernetes'
[2026-05-04T01:26:36.159+0300] {logging_mixin.py:190} INFO - [2026-05-04T01:26:36.159+0300] {example_local_kubernetes_executor.py:41} WARNING - Install Kubernetes dependencies with: pip install apache-airflow[cncf.kubernetes]
[2026-05-04T01:26:36.159+0300] {processor.py:927} WARNING - No viable dags retrieved from /home/nikita/airflow-setup/ENV/lib/python3.12/site-packages/airflow/example_dags/example_local_kubernetes_executor.py
[2026-05-04T01:26:36.167+0300] {processor.py:208} INFO - Processing /home/nikita/airflow-setup/ENV/lib/python3.12/site-packages/airflow/example_dags/example_local_kubernetes_executor.py took 0.026 seconds
[2026-05-04T01:27:44.645+0300] {processor.py:186} INFO - Started process (PID=19610) to work on /home/nikita/airflow-setup/ENV/lib/python3.12/site-packages/airflow/example_dags/example_local_kubernetes_executor.py
[2026-05-04T01:27:44.653+0300] {processor.py:914} INFO - Processing file /home/nikita/airflow-setup/ENV/lib/python3.12/site-packages/airflow/example_dags/example_local_kubernetes_executor.py for tasks to queue
[2026-05-04T01:27:44.654+0300] {logging_mixin.py:190} INFO - [2026-05-04T01:27:44.654+0300] {dagbag.py:588} INFO - Filling up the DagBag from /home/nikita/airflow-setup/ENV/lib/python3.12/site-packages/airflow/example_dags/example_local_kubernetes_executor.py
[2026-05-04T01:27:44.657+0300] {logging_mixin.py:190} INFO - [2026-05-04T01:27:44.656+0300] {example_local_kubernetes_executor.py:40} WARNING - Could not import DAGs in example_local_kubernetes_executor.py
Traceback (most recent call last):
  File "/home/nikita/airflow-setup/ENV/lib/python3.12/site-packages/airflow/example_dags/example_local_kubernetes_executor.py", line 38, in <module>
    from kubernetes.client import models as k8s
ModuleNotFoundError: No module named 'kubernetes'
[2026-05-04T01:27:44.657+0300] {logging_mixin.py:190} INFO - [2026-05-04T01:27:44.657+0300] {example_local_kubernetes_executor.py:41} WARNING - Install Kubernetes dependencies with: pip install apache-airflow[cncf.kubernetes]
[2026-05-04T01:27:44.657+0300] {processor.py:927} WARNING - No viable dags retrieved from /home/nikita/airflow-setup/ENV/lib/python3.12/site-packages/airflow/example_dags/example_local_kubernetes_executor.py
[2026-05-04T01:27:44.666+0300] {processor.py:208} INFO - Processing /home/nikita/airflow-setup/ENV/lib/python3.12/site-packages/airflow/example_dags/example_local_kubernetes_executor.py took 0.025 seconds
[2026-05-04T01:28:56.728+0300] {processor.py:186} INFO - Started process (PID=19886) to work on /home/nikita/airflow-setup/ENV/lib/python3.12/site-packages/airflow/example_dags/example_local_kubernetes_executor.py
[2026-05-04T01:28:56.737+0300] {processor.py:914} INFO - Processing file /home/nikita/airflow-setup/ENV/lib/python3.12/site-packages/airflow/example_dags/example_local_kubernetes_executor.py for tasks to queue
[2026-05-04T01:28:56.738+0300] {logging_mixin.py:190} INFO - [2026-05-04T01:28:56.738+0300] {dagbag.py:588} INFO - Filling up the DagBag from /home/nikita/airflow-setup/ENV/lib/python3.12/site-packages/airflow/example_dags/example_local_kubernetes_executor.py
[2026-05-04T01:28:56.741+0300] {logging_mixin.py:190} INFO - [2026-05-04T01:28:56.740+0300] {example_local_kubernetes_executor.py:40} WARNING - Could not import DAGs in example_local_kubernetes_executor.py
Traceback (most recent call last):
  File "/home/nikita/airflow-setup/ENV/lib/python3.12/site-packages/airflow/example_dags/example_local_kubernetes_executor.py", line 38, in <module>
    from kubernetes.client import models as k8s
ModuleNotFoundError: No module named 'kubernetes'
[2026-05-04T01:28:56.741+0300] {logging_mixin.py:190} INFO - [2026-05-04T01:28:56.741+0300] {example_local_kubernetes_executor.py:41} WARNING - Install Kubernetes dependencies with: pip install apache-airflow[cncf.kubernetes]
[2026-05-04T01:28:56.741+0300] {processor.py:927} WARNING - No viable dags retrieved from /home/nikita/airflow-setup/ENV/lib/python3.12/site-packages/airflow/example_dags/example_local_kubernetes_executor.py
[2026-05-04T01:28:56.748+0300] {processor.py:208} INFO - Processing /home/nikita/airflow-setup/ENV/lib/python3.12/site-packages/airflow/example_dags/example_local_kubernetes_executor.py took 0.024 seconds
[2026-05-04T01:30:07.938+0300] {processor.py:186} INFO - Started process (PID=20155) to work on /home/nikita/airflow-setup/ENV/lib/python3.12/site-packages/airflow/example_dags/example_local_kubernetes_executor.py
[2026-05-04T01:30:07.946+0300] {processor.py:914} INFO - Processing file /home/nikita/airflow-setup/ENV/lib/python3.12/site-packages/airflow/example_dags/example_local_kubernetes_executor.py for tasks to queue
[2026-05-04T01:30:07.948+0300] {logging_mixin.py:190} INFO - [2026-05-04T01:30:07.947+0300] {dagbag.py:588} INFO - Filling up the DagBag from /home/nikita/airflow-setup/ENV/lib/python3.12/site-packages/airflow/example_dags/example_local_kubernetes_executor.py
[2026-05-04T01:30:07.951+0300] {logging_mixin.py:190} INFO - [2026-05-04T01:30:07.950+0300] {example_local_kubernetes_executor.py:40} WARNING - Could not import DAGs in example_local_kubernetes_executor.py
Traceback (most recent call last):
  File "/home/nikita/airflow-setup/ENV/lib/python3.12/site-packages/airflow/example_dags/example_local_kubernetes_executor.py", line 38, in <module>
    from kubernetes.client import models as k8s
ModuleNotFoundError: No module named 'kubernetes'
[2026-05-04T01:30:07.951+0300] {logging_mixin.py:190} INFO - [2026-05-04T01:30:07.951+0300] {example_local_kubernetes_executor.py:41} WARNING - Install Kubernetes dependencies with: pip install apache-airflow[cncf.kubernetes]
[2026-05-04T01:30:07.951+0300] {processor.py:927} WARNING - No viable dags retrieved from /home/nikita/airflow-setup/ENV/lib/python3.12/site-packages/airflow/example_dags/example_local_kubernetes_executor.py
[2026-05-04T01:30:07.960+0300] {processor.py:208} INFO - Processing /home/nikita/airflow-setup/ENV/lib/python3.12/site-packages/airflow/example_dags/example_local_kubernetes_executor.py took 0.027 seconds
[2026-05-04T01:31:21.987+0300] {processor.py:186} INFO - Started process (PID=20426) to work on /home/nikita/airflow-setup/ENV/lib/python3.12/site-packages/airflow/example_dags/example_local_kubernetes_executor.py
[2026-05-04T01:31:21.989+0300] {processor.py:914} INFO - Processing file /home/nikita/airflow-setup/ENV/lib/python3.12/site-packages/airflow/example_dags/example_local_kubernetes_executor.py for tasks to queue
[2026-05-04T01:31:21.990+0300] {logging_mixin.py:190} INFO - [2026-05-04T01:31:21.989+0300] {dagbag.py:588} INFO - Filling up the DagBag from /home/nikita/airflow-setup/ENV/lib/python3.12/site-packages/airflow/example_dags/example_local_kubernetes_executor.py
[2026-05-04T01:31:21.993+0300] {logging_mixin.py:190} INFO - [2026-05-04T01:31:21.992+0300] {example_local_kubernetes_executor.py:40} WARNING - Could not import DAGs in example_local_kubernetes_executor.py
Traceback (most recent call last):
  File "/home/nikita/airflow-setup/ENV/lib/python3.12/site-packages/airflow/example_dags/example_local_kubernetes_executor.py", line 38, in <module>
    from kubernetes.client import models as k8s
ModuleNotFoundError: No module named 'kubernetes'
[2026-05-04T01:31:21.993+0300] {logging_mixin.py:190} INFO - [2026-05-04T01:31:21.993+0300] {example_local_kubernetes_executor.py:41} WARNING - Install Kubernetes dependencies with: pip install apache-airflow[cncf.kubernetes]
[2026-05-04T01:31:21.993+0300] {processor.py:927} WARNING - No viable dags retrieved from /home/nikita/airflow-setup/ENV/lib/python3.12/site-packages/airflow/example_dags/example_local_kubernetes_executor.py
[2026-05-04T01:31:22.000+0300] {processor.py:208} INFO - Processing /home/nikita/airflow-setup/ENV/lib/python3.12/site-packages/airflow/example_dags/example_local_kubernetes_executor.py took 0.018 seconds
[2026-05-04T01:32:39.883+0300] {processor.py:186} INFO - Started process (PID=20738) to work on /home/nikita/airflow-setup/ENV/lib/python3.12/site-packages/airflow/example_dags/example_local_kubernetes_executor.py
[2026-05-04T01:32:39.892+0300] {processor.py:914} INFO - Processing file /home/nikita/airflow-setup/ENV/lib/python3.12/site-packages/airflow/example_dags/example_local_kubernetes_executor.py for tasks to queue
[2026-05-04T01:32:39.893+0300] {logging_mixin.py:190} INFO - [2026-05-04T01:32:39.893+0300] {dagbag.py:588} INFO - Filling up the DagBag from /home/nikita/airflow-setup/ENV/lib/python3.12/site-packages/airflow/example_dags/example_local_kubernetes_executor.py
[2026-05-04T01:32:39.896+0300] {logging_mixin.py:190} INFO - [2026-05-04T01:32:39.895+0300] {example_local_kubernetes_executor.py:40} WARNING - Could not import DAGs in example_local_kubernetes_executor.py
Traceback (most recent call last):
  File "/home/nikita/airflow-setup/ENV/lib/python3.12/site-packages/airflow/example_dags/example_local_kubernetes_executor.py", line 38, in <module>
    from kubernetes.client import models as k8s
ModuleNotFoundError: No module named 'kubernetes'
[2026-05-04T01:32:39.896+0300] {logging_mixin.py:190} INFO - [2026-05-04T01:32:39.896+0300] {example_local_kubernetes_executor.py:41} WARNING - Install Kubernetes dependencies with: pip install apache-airflow[cncf.kubernetes]
[2026-05-04T01:32:39.896+0300] {processor.py:927} WARNING - No viable dags retrieved from /home/nikita/airflow-setup/ENV/lib/python3.12/site-packages/airflow/example_dags/example_local_kubernetes_executor.py
[2026-05-04T01:32:39.904+0300] {processor.py:208} INFO - Processing /home/nikita/airflow-setup/ENV/lib/python3.12/site-packages/airflow/example_dags/example_local_kubernetes_executor.py took 0.025 seconds
[2026-05-04T01:33:45.738+0300] {processor.py:186} INFO - Started process (PID=21244) to work on /home/nikita/airflow-setup/ENV/lib/python3.12/site-packages/airflow/example_dags/example_local_kubernetes_executor.py
[2026-05-04T01:33:45.740+0300] {processor.py:914} INFO - Processing file /home/nikita/airflow-setup/ENV/lib/python3.12/site-packages/airflow/example_dags/example_local_kubernetes_executor.py for tasks to queue
[2026-05-04T01:33:45.741+0300] {logging_mixin.py:190} INFO - [2026-05-04T01:33:45.741+0300] {dagbag.py:588} INFO - Filling up the DagBag from /home/nikita/airflow-setup/ENV/lib/python3.12/site-packages/airflow/example_dags/example_local_kubernetes_executor.py
[2026-05-04T01:33:45.744+0300] {logging_mixin.py:190} INFO - [2026-05-04T01:33:45.743+0300] {example_local_kubernetes_executor.py:40} WARNING - Could not import DAGs in example_local_kubernetes_executor.py
Traceback (most recent call last):
  File "/home/nikita/airflow-setup/ENV/lib/python3.12/site-packages/airflow/example_dags/example_local_kubernetes_executor.py", line 38, in <module>
    from kubernetes.client import models as k8s
ModuleNotFoundError: No module named 'kubernetes'
[2026-05-04T01:33:45.744+0300] {logging_mixin.py:190} INFO - [2026-05-04T01:33:45.744+0300] {example_local_kubernetes_executor.py:41} WARNING - Install Kubernetes dependencies with: pip install apache-airflow[cncf.kubernetes]
[2026-05-04T01:33:45.744+0300] {processor.py:927} WARNING - No viable dags retrieved from /home/nikita/airflow-setup/ENV/lib/python3.12/site-packages/airflow/example_dags/example_local_kubernetes_executor.py
[2026-05-04T01:33:45.752+0300] {processor.py:208} INFO - Processing /home/nikita/airflow-setup/ENV/lib/python3.12/site-packages/airflow/example_dags/example_local_kubernetes_executor.py took 0.019 seconds
[2026-05-04T01:34:49.018+0300] {processor.py:186} INFO - Started process (PID=21482) to work on /home/nikita/airflow-setup/ENV/lib/python3.12/site-packages/airflow/example_dags/example_local_kubernetes_executor.py
[2026-05-04T01:34:49.027+0300] {processor.py:914} INFO - Processing file /home/nikita/airflow-setup/ENV/lib/python3.12/site-packages/airflow/example_dags/example_local_kubernetes_executor.py for tasks to queue
[2026-05-04T01:34:49.029+0300] {logging_mixin.py:190} INFO - [2026-05-04T01:34:49.028+0300] {dagbag.py:588} INFO - Filling up the DagBag from /home/nikita/airflow-setup/ENV/lib/python3.12/site-packages/airflow/example_dags/example_local_kubernetes_executor.py
[2026-05-04T01:34:49.031+0300] {logging_mixin.py:190} INFO - [2026-05-04T01:34:49.031+0300] {example_local_kubernetes_executor.py:40} WARNING - Could not import DAGs in example_local_kubernetes_executor.py
Traceback (most recent call last):
  File "/home/nikita/airflow-setup/ENV/lib/python3.12/site-packages/airflow/example_dags/example_local_kubernetes_executor.py", line 38, in <module>
    from kubernetes.client import models as k8s
ModuleNotFoundError: No module named 'kubernetes'
[2026-05-04T01:34:49.032+0300] {logging_mixin.py:190} INFO - [2026-05-04T01:34:49.032+0300] {example_local_kubernetes_executor.py:41} WARNING - Install Kubernetes dependencies with: pip install apache-airflow[cncf.kubernetes]
[2026-05-04T01:34:49.032+0300] {processor.py:927} WARNING - No viable dags retrieved from /home/nikita/airflow-setup/ENV/lib/python3.12/site-packages/airflow/example_dags/example_local_kubernetes_executor.py
[2026-05-04T01:34:49.039+0300] {processor.py:208} INFO - Processing /home/nikita/airflow-setup/ENV/lib/python3.12/site-packages/airflow/example_dags/example_local_kubernetes_executor.py took 0.025 seconds
[2026-05-04T01:35:50.685+0300] {processor.py:186} INFO - Started process (PID=21725) to work on /home/nikita/airflow-setup/ENV/lib/python3.12/site-packages/airflow/example_dags/example_local_kubernetes_executor.py
[2026-05-04T01:35:50.694+0300] {processor.py:914} INFO - Processing file /home/nikita/airflow-setup/ENV/lib/python3.12/site-packages/airflow/example_dags/example_local_kubernetes_executor.py for tasks to queue
[2026-05-04T01:35:50.695+0300] {logging_mixin.py:190} INFO - [2026-05-04T01:35:50.695+0300] {dagbag.py:588} INFO - Filling up the DagBag from /home/nikita/airflow-setup/ENV/lib/python3.12/site-packages/airflow/example_dags/example_local_kubernetes_executor.py
[2026-05-04T01:35:50.698+0300] {logging_mixin.py:190} INFO - [2026-05-04T01:35:50.697+0300] {example_local_kubernetes_executor.py:40} WARNING - Could not import DAGs in example_local_kubernetes_executor.py
Traceback (most recent call last):
  File "/home/nikita/airflow-setup/ENV/lib/python3.12/site-packages/airflow/example_dags/example_local_kubernetes_executor.py", line 38, in <module>
    from kubernetes.client import models as k8s
ModuleNotFoundError: No module named 'kubernetes'
[2026-05-04T01:35:50.698+0300] {logging_mixin.py:190} INFO - [2026-05-04T01:35:50.698+0300] {example_local_kubernetes_executor.py:41} WARNING - Install Kubernetes dependencies with: pip install apache-airflow[cncf.kubernetes]
[2026-05-04T01:35:50.698+0300] {processor.py:927} WARNING - No viable dags retrieved from /home/nikita/airflow-setup/ENV/lib/python3.12/site-packages/airflow/example_dags/example_local_kubernetes_executor.py
[2026-05-04T01:35:50.706+0300] {processor.py:208} INFO - Processing /home/nikita/airflow-setup/ENV/lib/python3.12/site-packages/airflow/example_dags/example_local_kubernetes_executor.py took 0.026 seconds
