[2026-05-04T00:45:47.558+0300] {processor.py:186} INFO - Started process (PID=5944) to work on /home/nikita/airflow-setup/ENV/lib/python3.12/site-packages/airflow/example_dags/example_outlet_event_extra.py
[2026-05-04T00:45:47.559+0300] {processor.py:914} INFO - Processing file /home/nikita/airflow-setup/ENV/lib/python3.12/site-packages/airflow/example_dags/example_outlet_event_extra.py for tasks to queue
[2026-05-04T00:45:47.561+0300] {logging_mixin.py:190} INFO - [2026-05-04T00:45:47.561+0300] {dagbag.py:588} INFO - Filling up the DagBag from /home/nikita/airflow-setup/ENV/lib/python3.12/site-packages/airflow/example_dags/example_outlet_event_extra.py
[2026-05-04T00:45:47.903+0300] {processor.py:925} INFO - DAG(s) 'dataset_with_extra_from_classic_operator', 'dataset_with_extra_by_yield', 'dataset_with_extra_by_context' retrieved from /home/nikita/airflow-setup/ENV/lib/python3.12/site-packages/airflow/example_dags/example_outlet_event_extra.py
[2026-05-04T00:45:47.972+0300] {logging_mixin.py:190} INFO - [2026-05-04T00:45:47.971+0300] {override.py:1930} INFO - Created Permission View: can read on DAG:dataset_with_extra_from_classic_operator
[2026-05-04T00:45:47.980+0300] {logging_mixin.py:190} INFO - [2026-05-04T00:45:47.980+0300] {override.py:1930} INFO - Created Permission View: can delete on DAG:dataset_with_extra_from_classic_operator
[2026-05-04T00:45:47.987+0300] {logging_mixin.py:190} INFO - [2026-05-04T00:45:47.986+0300] {override.py:1930} INFO - Created Permission View: can edit on DAG:dataset_with_extra_from_classic_operator
[2026-05-04T00:45:47.998+0300] {logging_mixin.py:190} INFO - [2026-05-04T00:45:47.997+0300] {override.py:1930} INFO - Created Permission View: can read on DAG Run:dataset_with_extra_from_classic_operator
[2026-05-04T00:45:48.004+0300] {logging_mixin.py:190} INFO - [2026-05-04T00:45:48.004+0300] {override.py:1930} INFO - Created Permission View: can delete on DAG Run:dataset_with_extra_from_classic_operator
[2026-05-04T00:45:48.010+0300] {logging_mixin.py:190} INFO - [2026-05-04T00:45:48.010+0300] {override.py:1930} INFO - Created Permission View: menu access on DAG Run:dataset_with_extra_from_classic_operator
[2026-05-04T00:45:48.017+0300] {logging_mixin.py:190} INFO - [2026-05-04T00:45:48.016+0300] {override.py:1930} INFO - Created Permission View: can create on DAG Run:dataset_with_extra_from_classic_operator
[2026-05-04T00:45:48.031+0300] {logging_mixin.py:190} INFO - [2026-05-04T00:45:48.031+0300] {override.py:1930} INFO - Created Permission View: can read on DAG:dataset_with_extra_by_yield
[2026-05-04T00:45:48.038+0300] {logging_mixin.py:190} INFO - [2026-05-04T00:45:48.038+0300] {override.py:1930} INFO - Created Permission View: can delete on DAG:dataset_with_extra_by_yield
[2026-05-04T00:45:48.046+0300] {logging_mixin.py:190} INFO - [2026-05-04T00:45:48.045+0300] {override.py:1930} INFO - Created Permission View: can edit on DAG:dataset_with_extra_by_yield
[2026-05-04T00:45:48.056+0300] {logging_mixin.py:190} INFO - [2026-05-04T00:45:48.056+0300] {override.py:1930} INFO - Created Permission View: can read on DAG Run:dataset_with_extra_by_yield
[2026-05-04T00:45:48.062+0300] {logging_mixin.py:190} INFO - [2026-05-04T00:45:48.062+0300] {override.py:1930} INFO - Created Permission View: can delete on DAG Run:dataset_with_extra_by_yield
[2026-05-04T00:45:48.069+0300] {logging_mixin.py:190} INFO - [2026-05-04T00:45:48.069+0300] {override.py:1930} INFO - Created Permission View: menu access on DAG Run:dataset_with_extra_by_yield
[2026-05-04T00:45:48.076+0300] {logging_mixin.py:190} INFO - [2026-05-04T00:45:48.076+0300] {override.py:1930} INFO - Created Permission View: can create on DAG Run:dataset_with_extra_by_yield
[2026-05-04T00:45:48.089+0300] {logging_mixin.py:190} INFO - [2026-05-04T00:45:48.089+0300] {override.py:1930} INFO - Created Permission View: can read on DAG:dataset_with_extra_by_context
[2026-05-04T00:45:48.095+0300] {logging_mixin.py:190} INFO - [2026-05-04T00:45:48.095+0300] {override.py:1930} INFO - Created Permission View: can delete on DAG:dataset_with_extra_by_context
[2026-05-04T00:45:48.101+0300] {logging_mixin.py:190} INFO - [2026-05-04T00:45:48.101+0300] {override.py:1930} INFO - Created Permission View: can edit on DAG:dataset_with_extra_by_context
[2026-05-04T00:45:48.112+0300] {logging_mixin.py:190} INFO - [2026-05-04T00:45:48.112+0300] {override.py:1930} INFO - Created Permission View: can read on DAG Run:dataset_with_extra_by_context
[2026-05-04T00:45:48.119+0300] {logging_mixin.py:190} INFO - [2026-05-04T00:45:48.119+0300] {override.py:1930} INFO - Created Permission View: can delete on DAG Run:dataset_with_extra_by_context
[2026-05-04T00:45:48.126+0300] {logging_mixin.py:190} INFO - [2026-05-04T00:45:48.126+0300] {override.py:1930} INFO - Created Permission View: menu access on DAG Run:dataset_with_extra_by_context
[2026-05-04T00:45:48.133+0300] {logging_mixin.py:190} INFO - [2026-05-04T00:45:48.133+0300] {override.py:1930} INFO - Created Permission View: can create on DAG Run:dataset_with_extra_by_context
[2026-05-04T00:45:48.134+0300] {logging_mixin.py:190} INFO - [2026-05-04T00:45:48.134+0300] {dag.py:3239} INFO - Sync 3 DAGs
[2026-05-04T00:45:48.142+0300] {logging_mixin.py:190} INFO - [2026-05-04T00:45:48.142+0300] {dag.py:3262} INFO - Creating ORM DAG for dataset_with_extra_by_context
[2026-05-04T00:45:48.143+0300] {logging_mixin.py:190} INFO - [2026-05-04T00:45:48.143+0300] {dag.py:3262} INFO - Creating ORM DAG for dataset_with_extra_by_yield
[2026-05-04T00:45:48.143+0300] {logging_mixin.py:190} INFO - [2026-05-04T00:45:48.143+0300] {dag.py:3262} INFO - Creating ORM DAG for dataset_with_extra_from_classic_operator
[2026-05-04T00:45:48.150+0300] {logging_mixin.py:190} INFO - [2026-05-04T00:45:48.150+0300] {dag.py:4180} INFO - Setting next_dagrun for dataset_with_extra_by_context to 2026-05-02 00:00:00+00:00, run_after=2026-05-03 00:00:00+00:00
[2026-05-04T00:45:48.152+0300] {logging_mixin.py:190} INFO - [2026-05-04T00:45:48.151+0300] {dag.py:4180} INFO - Setting next_dagrun for dataset_with_extra_by_yield to 2026-05-02 00:00:00+00:00, run_after=2026-05-03 00:00:00+00:00
[2026-05-04T00:45:48.153+0300] {logging_mixin.py:190} INFO - [2026-05-04T00:45:48.152+0300] {dag.py:4180} INFO - Setting next_dagrun for dataset_with_extra_from_classic_operator to 2026-05-02 00:00:00+00:00, run_after=2026-05-03 00:00:00+00:00
[2026-05-04T00:45:48.172+0300] {processor.py:208} INFO - Processing /home/nikita/airflow-setup/ENV/lib/python3.12/site-packages/airflow/example_dags/example_outlet_event_extra.py took 0.618 seconds
[2026-05-04T00:46:51.281+0300] {processor.py:186} INFO - Started process (PID=6005) to work on /home/nikita/airflow-setup/ENV/lib/python3.12/site-packages/airflow/example_dags/example_outlet_event_extra.py
[2026-05-04T00:46:51.292+0300] {processor.py:914} INFO - Processing file /home/nikita/airflow-setup/ENV/lib/python3.12/site-packages/airflow/example_dags/example_outlet_event_extra.py for tasks to queue
[2026-05-04T00:46:51.295+0300] {logging_mixin.py:190} INFO - [2026-05-04T00:46:51.295+0300] {dagbag.py:588} INFO - Filling up the DagBag from /home/nikita/airflow-setup/ENV/lib/python3.12/site-packages/airflow/example_dags/example_outlet_event_extra.py
[2026-05-04T00:46:51.828+0300] {processor.py:925} INFO - DAG(s) 'dataset_with_extra_from_classic_operator', 'dataset_with_extra_by_context', 'dataset_with_extra_by_yield' retrieved from /home/nikita/airflow-setup/ENV/lib/python3.12/site-packages/airflow/example_dags/example_outlet_event_extra.py
[2026-05-04T00:46:51.860+0300] {logging_mixin.py:190} INFO - [2026-05-04T00:46:51.859+0300] {dag.py:3239} INFO - Sync 3 DAGs
[2026-05-04T00:46:51.885+0300] {logging_mixin.py:190} INFO - [2026-05-04T00:46:51.884+0300] {dag.py:4180} INFO - Setting next_dagrun for dataset_with_extra_by_context to 2026-05-02 00:00:00+00:00, run_after=2026-05-03 00:00:00+00:00
[2026-05-04T00:46:51.891+0300] {logging_mixin.py:190} INFO - [2026-05-04T00:46:51.890+0300] {dag.py:4180} INFO - Setting next_dagrun for dataset_with_extra_by_yield to 2026-05-02 00:00:00+00:00, run_after=2026-05-03 00:00:00+00:00
[2026-05-04T00:46:51.895+0300] {logging_mixin.py:190} INFO - [2026-05-04T00:46:51.894+0300] {dag.py:4180} INFO - Setting next_dagrun for dataset_with_extra_from_classic_operator to 2026-05-02 00:00:00+00:00, run_after=2026-05-03 00:00:00+00:00
[2026-05-04T00:46:51.939+0300] {processor.py:208} INFO - Processing /home/nikita/airflow-setup/ENV/lib/python3.12/site-packages/airflow/example_dags/example_outlet_event_extra.py took 0.665 seconds
[2026-05-04T00:47:52.311+0300] {processor.py:186} INFO - Started process (PID=6080) to work on /home/nikita/airflow-setup/ENV/lib/python3.12/site-packages/airflow/example_dags/example_outlet_event_extra.py
[2026-05-04T00:47:52.321+0300] {processor.py:914} INFO - Processing file /home/nikita/airflow-setup/ENV/lib/python3.12/site-packages/airflow/example_dags/example_outlet_event_extra.py for tasks to queue
[2026-05-04T00:47:52.323+0300] {logging_mixin.py:190} INFO - [2026-05-04T00:47:52.323+0300] {dagbag.py:588} INFO - Filling up the DagBag from /home/nikita/airflow-setup/ENV/lib/python3.12/site-packages/airflow/example_dags/example_outlet_event_extra.py
[2026-05-04T00:47:52.629+0300] {processor.py:925} INFO - DAG(s) 'dataset_with_extra_by_yield', 'dataset_with_extra_by_context', 'dataset_with_extra_from_classic_operator' retrieved from /home/nikita/airflow-setup/ENV/lib/python3.12/site-packages/airflow/example_dags/example_outlet_event_extra.py
[2026-05-04T00:47:52.640+0300] {logging_mixin.py:190} INFO - [2026-05-04T00:47:52.639+0300] {dag.py:3239} INFO - Sync 3 DAGs
[2026-05-04T00:47:52.653+0300] {logging_mixin.py:190} INFO - [2026-05-04T00:47:52.652+0300] {dag.py:4180} INFO - Setting next_dagrun for dataset_with_extra_by_context to 2026-05-02 00:00:00+00:00, run_after=2026-05-03 00:00:00+00:00
[2026-05-04T00:47:52.655+0300] {logging_mixin.py:190} INFO - [2026-05-04T00:47:52.655+0300] {dag.py:4180} INFO - Setting next_dagrun for dataset_with_extra_by_yield to 2026-05-02 00:00:00+00:00, run_after=2026-05-03 00:00:00+00:00
[2026-05-04T00:47:52.656+0300] {logging_mixin.py:190} INFO - [2026-05-04T00:47:52.656+0300] {dag.py:4180} INFO - Setting next_dagrun for dataset_with_extra_from_classic_operator to 2026-05-02 00:00:00+00:00, run_after=2026-05-03 00:00:00+00:00
[2026-05-04T00:47:52.681+0300] {processor.py:208} INFO - Processing /home/nikita/airflow-setup/ENV/lib/python3.12/site-packages/airflow/example_dags/example_outlet_event_extra.py took 0.374 seconds
[2026-05-04T00:48:54.000+0300] {processor.py:186} INFO - Started process (PID=6138) to work on /home/nikita/airflow-setup/ENV/lib/python3.12/site-packages/airflow/example_dags/example_outlet_event_extra.py
[2026-05-04T00:48:54.008+0300] {processor.py:914} INFO - Processing file /home/nikita/airflow-setup/ENV/lib/python3.12/site-packages/airflow/example_dags/example_outlet_event_extra.py for tasks to queue
[2026-05-04T00:48:54.010+0300] {logging_mixin.py:190} INFO - [2026-05-04T00:48:54.010+0300] {dagbag.py:588} INFO - Filling up the DagBag from /home/nikita/airflow-setup/ENV/lib/python3.12/site-packages/airflow/example_dags/example_outlet_event_extra.py
[2026-05-04T00:48:54.417+0300] {processor.py:925} INFO - DAG(s) 'dataset_with_extra_by_context', 'dataset_with_extra_from_classic_operator', 'dataset_with_extra_by_yield' retrieved from /home/nikita/airflow-setup/ENV/lib/python3.12/site-packages/airflow/example_dags/example_outlet_event_extra.py
[2026-05-04T00:48:54.432+0300] {logging_mixin.py:190} INFO - [2026-05-04T00:48:54.431+0300] {dag.py:3239} INFO - Sync 3 DAGs
[2026-05-04T00:48:54.448+0300] {logging_mixin.py:190} INFO - [2026-05-04T00:48:54.448+0300] {dag.py:4180} INFO - Setting next_dagrun for dataset_with_extra_by_context to 2026-05-02 00:00:00+00:00, run_after=2026-05-03 00:00:00+00:00
[2026-05-04T00:48:54.452+0300] {logging_mixin.py:190} INFO - [2026-05-04T00:48:54.451+0300] {dag.py:4180} INFO - Setting next_dagrun for dataset_with_extra_by_yield to 2026-05-02 00:00:00+00:00, run_after=2026-05-03 00:00:00+00:00
[2026-05-04T00:48:54.453+0300] {logging_mixin.py:190} INFO - [2026-05-04T00:48:54.453+0300] {dag.py:4180} INFO - Setting next_dagrun for dataset_with_extra_from_classic_operator to 2026-05-02 00:00:00+00:00, run_after=2026-05-03 00:00:00+00:00
[2026-05-04T00:48:54.481+0300] {processor.py:208} INFO - Processing /home/nikita/airflow-setup/ENV/lib/python3.12/site-packages/airflow/example_dags/example_outlet_event_extra.py took 0.487 seconds
[2026-05-04T00:49:50.142+0300] {processor.py:186} INFO - Started process (PID=6195) to work on /home/nikita/airflow-setup/ENV/lib/python3.12/site-packages/airflow/example_dags/example_outlet_event_extra.py
[2026-05-04T00:49:50.144+0300] {processor.py:914} INFO - Processing file /home/nikita/airflow-setup/ENV/lib/python3.12/site-packages/airflow/example_dags/example_outlet_event_extra.py for tasks to queue
[2026-05-04T00:49:50.145+0300] {logging_mixin.py:190} INFO - [2026-05-04T00:49:50.145+0300] {dagbag.py:588} INFO - Filling up the DagBag from /home/nikita/airflow-setup/ENV/lib/python3.12/site-packages/airflow/example_dags/example_outlet_event_extra.py
[2026-05-04T00:49:50.550+0300] {processor.py:925} INFO - DAG(s) 'dataset_with_extra_from_classic_operator', 'dataset_with_extra_by_yield', 'dataset_with_extra_by_context' retrieved from /home/nikita/airflow-setup/ENV/lib/python3.12/site-packages/airflow/example_dags/example_outlet_event_extra.py
[2026-05-04T00:49:50.564+0300] {logging_mixin.py:190} INFO - [2026-05-04T00:49:50.564+0300] {dag.py:3239} INFO - Sync 3 DAGs
[2026-05-04T00:49:50.579+0300] {logging_mixin.py:190} INFO - [2026-05-04T00:49:50.579+0300] {dag.py:4180} INFO - Setting next_dagrun for dataset_with_extra_by_context to 2026-05-02 00:00:00+00:00, run_after=2026-05-03 00:00:00+00:00
[2026-05-04T00:49:50.583+0300] {logging_mixin.py:190} INFO - [2026-05-04T00:49:50.583+0300] {dag.py:4180} INFO - Setting next_dagrun for dataset_with_extra_by_yield to 2026-05-02 00:00:00+00:00, run_after=2026-05-03 00:00:00+00:00
[2026-05-04T00:49:50.584+0300] {logging_mixin.py:190} INFO - [2026-05-04T00:49:50.584+0300] {dag.py:4180} INFO - Setting next_dagrun for dataset_with_extra_from_classic_operator to 2026-05-02 00:00:00+00:00, run_after=2026-05-03 00:00:00+00:00
[2026-05-04T00:49:50.609+0300] {processor.py:208} INFO - Processing /home/nikita/airflow-setup/ENV/lib/python3.12/site-packages/airflow/example_dags/example_outlet_event_extra.py took 0.471 seconds
[2026-05-04T00:50:44.456+0300] {processor.py:186} INFO - Started process (PID=6271) to work on /home/nikita/airflow-setup/ENV/lib/python3.12/site-packages/airflow/example_dags/example_outlet_event_extra.py
[2026-05-04T00:50:44.465+0300] {processor.py:914} INFO - Processing file /home/nikita/airflow-setup/ENV/lib/python3.12/site-packages/airflow/example_dags/example_outlet_event_extra.py for tasks to queue
[2026-05-04T00:50:44.467+0300] {logging_mixin.py:190} INFO - [2026-05-04T00:50:44.467+0300] {dagbag.py:588} INFO - Filling up the DagBag from /home/nikita/airflow-setup/ENV/lib/python3.12/site-packages/airflow/example_dags/example_outlet_event_extra.py
[2026-05-04T00:50:44.765+0300] {processor.py:925} INFO - DAG(s) 'dataset_with_extra_by_yield', 'dataset_with_extra_from_classic_operator', 'dataset_with_extra_by_context' retrieved from /home/nikita/airflow-setup/ENV/lib/python3.12/site-packages/airflow/example_dags/example_outlet_event_extra.py
[2026-05-04T00:50:44.777+0300] {logging_mixin.py:190} INFO - [2026-05-04T00:50:44.777+0300] {dag.py:3239} INFO - Sync 3 DAGs
[2026-05-04T00:50:44.789+0300] {logging_mixin.py:190} INFO - [2026-05-04T00:50:44.789+0300] {dag.py:4180} INFO - Setting next_dagrun for dataset_with_extra_by_context to 2026-05-02 00:00:00+00:00, run_after=2026-05-03 00:00:00+00:00
[2026-05-04T00:50:44.791+0300] {logging_mixin.py:190} INFO - [2026-05-04T00:50:44.791+0300] {dag.py:4180} INFO - Setting next_dagrun for dataset_with_extra_by_yield to 2026-05-02 00:00:00+00:00, run_after=2026-05-03 00:00:00+00:00
[2026-05-04T00:50:44.793+0300] {logging_mixin.py:190} INFO - [2026-05-04T00:50:44.792+0300] {dag.py:4180} INFO - Setting next_dagrun for dataset_with_extra_from_classic_operator to 2026-05-02 00:00:00+00:00, run_after=2026-05-03 00:00:00+00:00
[2026-05-04T00:50:44.808+0300] {processor.py:208} INFO - Processing /home/nikita/airflow-setup/ENV/lib/python3.12/site-packages/airflow/example_dags/example_outlet_event_extra.py took 0.356 seconds
[2026-05-04T00:51:39.425+0300] {processor.py:186} INFO - Started process (PID=6327) to work on /home/nikita/airflow-setup/ENV/lib/python3.12/site-packages/airflow/example_dags/example_outlet_event_extra.py
[2026-05-04T00:51:39.435+0300] {processor.py:914} INFO - Processing file /home/nikita/airflow-setup/ENV/lib/python3.12/site-packages/airflow/example_dags/example_outlet_event_extra.py for tasks to queue
[2026-05-04T00:51:39.437+0300] {logging_mixin.py:190} INFO - [2026-05-04T00:51:39.437+0300] {dagbag.py:588} INFO - Filling up the DagBag from /home/nikita/airflow-setup/ENV/lib/python3.12/site-packages/airflow/example_dags/example_outlet_event_extra.py
[2026-05-04T00:51:39.793+0300] {processor.py:925} INFO - DAG(s) 'dataset_with_extra_from_classic_operator', 'dataset_with_extra_by_yield', 'dataset_with_extra_by_context' retrieved from /home/nikita/airflow-setup/ENV/lib/python3.12/site-packages/airflow/example_dags/example_outlet_event_extra.py
[2026-05-04T00:51:39.807+0300] {logging_mixin.py:190} INFO - [2026-05-04T00:51:39.807+0300] {dag.py:3239} INFO - Sync 3 DAGs
[2026-05-04T00:51:39.823+0300] {logging_mixin.py:190} INFO - [2026-05-04T00:51:39.823+0300] {dag.py:4180} INFO - Setting next_dagrun for dataset_with_extra_by_context to 2026-05-02 00:00:00+00:00, run_after=2026-05-03 00:00:00+00:00
[2026-05-04T00:51:39.826+0300] {logging_mixin.py:190} INFO - [2026-05-04T00:51:39.826+0300] {dag.py:4180} INFO - Setting next_dagrun for dataset_with_extra_by_yield to 2026-05-02 00:00:00+00:00, run_after=2026-05-03 00:00:00+00:00
[2026-05-04T00:51:39.828+0300] {logging_mixin.py:190} INFO - [2026-05-04T00:51:39.828+0300] {dag.py:4180} INFO - Setting next_dagrun for dataset_with_extra_from_classic_operator to 2026-05-02 00:00:00+00:00, run_after=2026-05-03 00:00:00+00:00
[2026-05-04T00:51:39.845+0300] {processor.py:208} INFO - Processing /home/nikita/airflow-setup/ENV/lib/python3.12/site-packages/airflow/example_dags/example_outlet_event_extra.py took 0.425 seconds
[2026-05-04T00:52:38.424+0300] {processor.py:186} INFO - Started process (PID=6384) to work on /home/nikita/airflow-setup/ENV/lib/python3.12/site-packages/airflow/example_dags/example_outlet_event_extra.py
[2026-05-04T00:52:38.425+0300] {processor.py:914} INFO - Processing file /home/nikita/airflow-setup/ENV/lib/python3.12/site-packages/airflow/example_dags/example_outlet_event_extra.py for tasks to queue
[2026-05-04T00:52:38.428+0300] {logging_mixin.py:190} INFO - [2026-05-04T00:52:38.427+0300] {dagbag.py:588} INFO - Filling up the DagBag from /home/nikita/airflow-setup/ENV/lib/python3.12/site-packages/airflow/example_dags/example_outlet_event_extra.py
[2026-05-04T00:52:39.147+0300] {processor.py:925} INFO - DAG(s) 'dataset_with_extra_from_classic_operator', 'dataset_with_extra_by_yield', 'dataset_with_extra_by_context' retrieved from /home/nikita/airflow-setup/ENV/lib/python3.12/site-packages/airflow/example_dags/example_outlet_event_extra.py
[2026-05-04T00:52:39.173+0300] {logging_mixin.py:190} INFO - [2026-05-04T00:52:39.172+0300] {dag.py:3239} INFO - Sync 3 DAGs
[2026-05-04T00:52:39.195+0300] {logging_mixin.py:190} INFO - [2026-05-04T00:52:39.195+0300] {dag.py:4180} INFO - Setting next_dagrun for dataset_with_extra_by_context to 2026-05-02 00:00:00+00:00, run_after=2026-05-03 00:00:00+00:00
[2026-05-04T00:52:39.200+0300] {logging_mixin.py:190} INFO - [2026-05-04T00:52:39.200+0300] {dag.py:4180} INFO - Setting next_dagrun for dataset_with_extra_by_yield to 2026-05-02 00:00:00+00:00, run_after=2026-05-03 00:00:00+00:00
[2026-05-04T00:52:39.202+0300] {logging_mixin.py:190} INFO - [2026-05-04T00:52:39.201+0300] {dag.py:4180} INFO - Setting next_dagrun for dataset_with_extra_from_classic_operator to 2026-05-02 00:00:00+00:00, run_after=2026-05-03 00:00:00+00:00
[2026-05-04T00:52:39.230+0300] {processor.py:208} INFO - Processing /home/nikita/airflow-setup/ENV/lib/python3.12/site-packages/airflow/example_dags/example_outlet_event_extra.py took 0.814 seconds
[2026-05-04T00:53:41.606+0300] {processor.py:186} INFO - Started process (PID=6464) to work on /home/nikita/airflow-setup/ENV/lib/python3.12/site-packages/airflow/example_dags/example_outlet_event_extra.py
[2026-05-04T00:53:41.607+0300] {processor.py:914} INFO - Processing file /home/nikita/airflow-setup/ENV/lib/python3.12/site-packages/airflow/example_dags/example_outlet_event_extra.py for tasks to queue
[2026-05-04T00:53:41.608+0300] {logging_mixin.py:190} INFO - [2026-05-04T00:53:41.608+0300] {dagbag.py:588} INFO - Filling up the DagBag from /home/nikita/airflow-setup/ENV/lib/python3.12/site-packages/airflow/example_dags/example_outlet_event_extra.py
[2026-05-04T00:53:41.953+0300] {processor.py:925} INFO - DAG(s) 'dataset_with_extra_from_classic_operator', 'dataset_with_extra_by_context', 'dataset_with_extra_by_yield' retrieved from /home/nikita/airflow-setup/ENV/lib/python3.12/site-packages/airflow/example_dags/example_outlet_event_extra.py
[2026-05-04T00:53:41.965+0300] {logging_mixin.py:190} INFO - [2026-05-04T00:53:41.965+0300] {dag.py:3239} INFO - Sync 3 DAGs
[2026-05-04T00:53:41.977+0300] {logging_mixin.py:190} INFO - [2026-05-04T00:53:41.977+0300] {dag.py:4180} INFO - Setting next_dagrun for dataset_with_extra_by_context to 2026-05-02 00:00:00+00:00, run_after=2026-05-03 00:00:00+00:00
[2026-05-04T00:53:41.980+0300] {logging_mixin.py:190} INFO - [2026-05-04T00:53:41.980+0300] {dag.py:4180} INFO - Setting next_dagrun for dataset_with_extra_by_yield to 2026-05-02 00:00:00+00:00, run_after=2026-05-03 00:00:00+00:00
[2026-05-04T00:53:41.981+0300] {logging_mixin.py:190} INFO - [2026-05-04T00:53:41.981+0300] {dag.py:4180} INFO - Setting next_dagrun for dataset_with_extra_from_classic_operator to 2026-05-02 00:00:00+00:00, run_after=2026-05-03 00:00:00+00:00
[2026-05-04T00:53:42.005+0300] {processor.py:208} INFO - Processing /home/nikita/airflow-setup/ENV/lib/python3.12/site-packages/airflow/example_dags/example_outlet_event_extra.py took 0.404 seconds
[2026-05-04T00:54:42.947+0300] {processor.py:186} INFO - Started process (PID=6528) to work on /home/nikita/airflow-setup/ENV/lib/python3.12/site-packages/airflow/example_dags/example_outlet_event_extra.py
[2026-05-04T00:54:42.956+0300] {processor.py:914} INFO - Processing file /home/nikita/airflow-setup/ENV/lib/python3.12/site-packages/airflow/example_dags/example_outlet_event_extra.py for tasks to queue
[2026-05-04T00:54:42.958+0300] {logging_mixin.py:190} INFO - [2026-05-04T00:54:42.958+0300] {dagbag.py:588} INFO - Filling up the DagBag from /home/nikita/airflow-setup/ENV/lib/python3.12/site-packages/airflow/example_dags/example_outlet_event_extra.py
[2026-05-04T00:54:43.409+0300] {processor.py:925} INFO - DAG(s) 'dataset_with_extra_by_yield', 'dataset_with_extra_by_context', 'dataset_with_extra_from_classic_operator' retrieved from /home/nikita/airflow-setup/ENV/lib/python3.12/site-packages/airflow/example_dags/example_outlet_event_extra.py
[2026-05-04T00:54:43.424+0300] {logging_mixin.py:190} INFO - [2026-05-04T00:54:43.423+0300] {dag.py:3239} INFO - Sync 3 DAGs
[2026-05-04T00:54:43.439+0300] {logging_mixin.py:190} INFO - [2026-05-04T00:54:43.438+0300] {dag.py:4180} INFO - Setting next_dagrun for dataset_with_extra_by_context to 2026-05-02 00:00:00+00:00, run_after=2026-05-03 00:00:00+00:00
[2026-05-04T00:54:43.444+0300] {logging_mixin.py:190} INFO - [2026-05-04T00:54:43.443+0300] {dag.py:4180} INFO - Setting next_dagrun for dataset_with_extra_by_yield to 2026-05-02 00:00:00+00:00, run_after=2026-05-03 00:00:00+00:00
[2026-05-04T00:54:43.445+0300] {logging_mixin.py:190} INFO - [2026-05-04T00:54:43.445+0300] {dag.py:4180} INFO - Setting next_dagrun for dataset_with_extra_from_classic_operator to 2026-05-02 00:00:00+00:00, run_after=2026-05-03 00:00:00+00:00
[2026-05-04T00:54:43.470+0300] {processor.py:208} INFO - Processing /home/nikita/airflow-setup/ENV/lib/python3.12/site-packages/airflow/example_dags/example_outlet_event_extra.py took 0.528 seconds
[2026-05-04T00:55:47.030+0300] {processor.py:186} INFO - Started process (PID=6590) to work on /home/nikita/airflow-setup/ENV/lib/python3.12/site-packages/airflow/example_dags/example_outlet_event_extra.py
[2026-05-04T00:55:47.039+0300] {processor.py:914} INFO - Processing file /home/nikita/airflow-setup/ENV/lib/python3.12/site-packages/airflow/example_dags/example_outlet_event_extra.py for tasks to queue
[2026-05-04T00:55:47.040+0300] {logging_mixin.py:190} INFO - [2026-05-04T00:55:47.040+0300] {dagbag.py:588} INFO - Filling up the DagBag from /home/nikita/airflow-setup/ENV/lib/python3.12/site-packages/airflow/example_dags/example_outlet_event_extra.py
[2026-05-04T00:55:47.390+0300] {processor.py:925} INFO - DAG(s) 'dataset_with_extra_from_classic_operator', 'dataset_with_extra_by_context', 'dataset_with_extra_by_yield' retrieved from /home/nikita/airflow-setup/ENV/lib/python3.12/site-packages/airflow/example_dags/example_outlet_event_extra.py
[2026-05-04T00:55:47.405+0300] {logging_mixin.py:190} INFO - [2026-05-04T00:55:47.405+0300] {dag.py:3239} INFO - Sync 3 DAGs
[2026-05-04T00:55:47.419+0300] {logging_mixin.py:190} INFO - [2026-05-04T00:55:47.419+0300] {dag.py:4180} INFO - Setting next_dagrun for dataset_with_extra_by_context to 2026-05-02 00:00:00+00:00, run_after=2026-05-03 00:00:00+00:00
[2026-05-04T00:55:47.422+0300] {logging_mixin.py:190} INFO - [2026-05-04T00:55:47.421+0300] {dag.py:4180} INFO - Setting next_dagrun for dataset_with_extra_by_yield to 2026-05-02 00:00:00+00:00, run_after=2026-05-03 00:00:00+00:00
[2026-05-04T00:55:47.423+0300] {logging_mixin.py:190} INFO - [2026-05-04T00:55:47.423+0300] {dag.py:4180} INFO - Setting next_dagrun for dataset_with_extra_from_classic_operator to 2026-05-02 00:00:00+00:00, run_after=2026-05-03 00:00:00+00:00
[2026-05-04T00:55:47.447+0300] {processor.py:208} INFO - Processing /home/nikita/airflow-setup/ENV/lib/python3.12/site-packages/airflow/example_dags/example_outlet_event_extra.py took 0.421 seconds
[2026-05-04T00:56:45.728+0300] {processor.py:186} INFO - Started process (PID=6827) to work on /home/nikita/airflow-setup/ENV/lib/python3.12/site-packages/airflow/example_dags/example_outlet_event_extra.py
[2026-05-04T00:56:45.730+0300] {processor.py:914} INFO - Processing file /home/nikita/airflow-setup/ENV/lib/python3.12/site-packages/airflow/example_dags/example_outlet_event_extra.py for tasks to queue
[2026-05-04T00:56:45.733+0300] {logging_mixin.py:190} INFO - [2026-05-04T00:56:45.732+0300] {dagbag.py:588} INFO - Filling up the DagBag from /home/nikita/airflow-setup/ENV/lib/python3.12/site-packages/airflow/example_dags/example_outlet_event_extra.py
[2026-05-04T00:56:46.308+0300] {processor.py:925} INFO - DAG(s) 'dataset_with_extra_by_context', 'dataset_with_extra_by_yield', 'dataset_with_extra_from_classic_operator' retrieved from /home/nikita/airflow-setup/ENV/lib/python3.12/site-packages/airflow/example_dags/example_outlet_event_extra.py
[2026-05-04T00:56:46.330+0300] {logging_mixin.py:190} INFO - [2026-05-04T00:56:46.329+0300] {dag.py:3239} INFO - Sync 3 DAGs
[2026-05-04T00:56:46.361+0300] {logging_mixin.py:190} INFO - [2026-05-04T00:56:46.360+0300] {dag.py:4180} INFO - Setting next_dagrun for dataset_with_extra_by_context to 2026-05-02 00:00:00+00:00, run_after=2026-05-03 00:00:00+00:00
[2026-05-04T00:56:46.367+0300] {logging_mixin.py:190} INFO - [2026-05-04T00:56:46.367+0300] {dag.py:4180} INFO - Setting next_dagrun for dataset_with_extra_by_yield to 2026-05-02 00:00:00+00:00, run_after=2026-05-03 00:00:00+00:00
[2026-05-04T00:56:46.369+0300] {logging_mixin.py:190} INFO - [2026-05-04T00:56:46.369+0300] {dag.py:4180} INFO - Setting next_dagrun for dataset_with_extra_from_classic_operator to 2026-05-02 00:00:00+00:00, run_after=2026-05-03 00:00:00+00:00
[2026-05-04T00:56:46.389+0300] {processor.py:208} INFO - Processing /home/nikita/airflow-setup/ENV/lib/python3.12/site-packages/airflow/example_dags/example_outlet_event_extra.py took 0.673 seconds
[2026-05-04T00:57:46.868+0300] {processor.py:186} INFO - Started process (PID=7133) to work on /home/nikita/airflow-setup/ENV/lib/python3.12/site-packages/airflow/example_dags/example_outlet_event_extra.py
[2026-05-04T00:57:46.870+0300] {processor.py:914} INFO - Processing file /home/nikita/airflow-setup/ENV/lib/python3.12/site-packages/airflow/example_dags/example_outlet_event_extra.py for tasks to queue
[2026-05-04T00:57:46.872+0300] {logging_mixin.py:190} INFO - [2026-05-04T00:57:46.871+0300] {dagbag.py:588} INFO - Filling up the DagBag from /home/nikita/airflow-setup/ENV/lib/python3.12/site-packages/airflow/example_dags/example_outlet_event_extra.py
[2026-05-04T00:57:47.197+0300] {processor.py:925} INFO - DAG(s) 'dataset_with_extra_by_context', 'dataset_with_extra_by_yield', 'dataset_with_extra_from_classic_operator' retrieved from /home/nikita/airflow-setup/ENV/lib/python3.12/site-packages/airflow/example_dags/example_outlet_event_extra.py
[2026-05-04T00:57:47.209+0300] {logging_mixin.py:190} INFO - [2026-05-04T00:57:47.209+0300] {dag.py:3239} INFO - Sync 3 DAGs
[2026-05-04T00:57:47.222+0300] {logging_mixin.py:190} INFO - [2026-05-04T00:57:47.222+0300] {dag.py:4180} INFO - Setting next_dagrun for dataset_with_extra_by_context to 2026-05-02 00:00:00+00:00, run_after=2026-05-03 00:00:00+00:00
[2026-05-04T00:57:47.225+0300] {logging_mixin.py:190} INFO - [2026-05-04T00:57:47.225+0300] {dag.py:4180} INFO - Setting next_dagrun for dataset_with_extra_by_yield to 2026-05-02 00:00:00+00:00, run_after=2026-05-03 00:00:00+00:00
[2026-05-04T00:57:47.226+0300] {logging_mixin.py:190} INFO - [2026-05-04T00:57:47.226+0300] {dag.py:4180} INFO - Setting next_dagrun for dataset_with_extra_from_classic_operator to 2026-05-02 00:00:00+00:00, run_after=2026-05-03 00:00:00+00:00
[2026-05-04T00:57:47.250+0300] {processor.py:208} INFO - Processing /home/nikita/airflow-setup/ENV/lib/python3.12/site-packages/airflow/example_dags/example_outlet_event_extra.py took 0.387 seconds
[2026-05-04T00:58:44.479+0300] {processor.py:186} INFO - Started process (PID=7353) to work on /home/nikita/airflow-setup/ENV/lib/python3.12/site-packages/airflow/example_dags/example_outlet_event_extra.py
[2026-05-04T00:58:44.488+0300] {processor.py:914} INFO - Processing file /home/nikita/airflow-setup/ENV/lib/python3.12/site-packages/airflow/example_dags/example_outlet_event_extra.py for tasks to queue
[2026-05-04T00:58:44.490+0300] {logging_mixin.py:190} INFO - [2026-05-04T00:58:44.490+0300] {dagbag.py:588} INFO - Filling up the DagBag from /home/nikita/airflow-setup/ENV/lib/python3.12/site-packages/airflow/example_dags/example_outlet_event_extra.py
[2026-05-04T00:58:44.827+0300] {processor.py:925} INFO - DAG(s) 'dataset_with_extra_from_classic_operator', 'dataset_with_extra_by_yield', 'dataset_with_extra_by_context' retrieved from /home/nikita/airflow-setup/ENV/lib/python3.12/site-packages/airflow/example_dags/example_outlet_event_extra.py
[2026-05-04T00:58:44.840+0300] {logging_mixin.py:190} INFO - [2026-05-04T00:58:44.840+0300] {dag.py:3239} INFO - Sync 3 DAGs
[2026-05-04T00:58:44.854+0300] {logging_mixin.py:190} INFO - [2026-05-04T00:58:44.853+0300] {dag.py:4180} INFO - Setting next_dagrun for dataset_with_extra_by_context to 2026-05-02 00:00:00+00:00, run_after=2026-05-03 00:00:00+00:00
[2026-05-04T00:58:44.857+0300] {logging_mixin.py:190} INFO - [2026-05-04T00:58:44.856+0300] {dag.py:4180} INFO - Setting next_dagrun for dataset_with_extra_by_yield to 2026-05-02 00:00:00+00:00, run_after=2026-05-03 00:00:00+00:00
[2026-05-04T00:58:44.858+0300] {logging_mixin.py:190} INFO - [2026-05-04T00:58:44.858+0300] {dag.py:4180} INFO - Setting next_dagrun for dataset_with_extra_from_classic_operator to 2026-05-02 00:00:00+00:00, run_after=2026-05-03 00:00:00+00:00
[2026-05-04T00:58:44.884+0300] {processor.py:208} INFO - Processing /home/nikita/airflow-setup/ENV/lib/python3.12/site-packages/airflow/example_dags/example_outlet_event_extra.py took 0.409 seconds
[2026-05-04T00:59:44.506+0300] {processor.py:186} INFO - Started process (PID=8184) to work on /home/nikita/airflow-setup/ENV/lib/python3.12/site-packages/airflow/example_dags/example_outlet_event_extra.py
[2026-05-04T00:59:44.516+0300] {processor.py:914} INFO - Processing file /home/nikita/airflow-setup/ENV/lib/python3.12/site-packages/airflow/example_dags/example_outlet_event_extra.py for tasks to queue
[2026-05-04T00:59:44.518+0300] {logging_mixin.py:190} INFO - [2026-05-04T00:59:44.518+0300] {dagbag.py:588} INFO - Filling up the DagBag from /home/nikita/airflow-setup/ENV/lib/python3.12/site-packages/airflow/example_dags/example_outlet_event_extra.py
[2026-05-04T00:59:44.889+0300] {processor.py:925} INFO - DAG(s) 'dataset_with_extra_by_context', 'dataset_with_extra_from_classic_operator', 'dataset_with_extra_by_yield' retrieved from /home/nikita/airflow-setup/ENV/lib/python3.12/site-packages/airflow/example_dags/example_outlet_event_extra.py
[2026-05-04T00:59:44.905+0300] {logging_mixin.py:190} INFO - [2026-05-04T00:59:44.904+0300] {dag.py:3239} INFO - Sync 3 DAGs
[2026-05-04T00:59:44.921+0300] {logging_mixin.py:190} INFO - [2026-05-04T00:59:44.921+0300] {dag.py:4180} INFO - Setting next_dagrun for dataset_with_extra_by_context to 2026-05-02 00:00:00+00:00, run_after=2026-05-03 00:00:00+00:00
[2026-05-04T00:59:44.924+0300] {logging_mixin.py:190} INFO - [2026-05-04T00:59:44.924+0300] {dag.py:4180} INFO - Setting next_dagrun for dataset_with_extra_by_yield to 2026-05-02 00:00:00+00:00, run_after=2026-05-03 00:00:00+00:00
[2026-05-04T00:59:44.925+0300] {logging_mixin.py:190} INFO - [2026-05-04T00:59:44.925+0300] {dag.py:4180} INFO - Setting next_dagrun for dataset_with_extra_from_classic_operator to 2026-05-02 00:00:00+00:00, run_after=2026-05-03 00:00:00+00:00
[2026-05-04T00:59:44.950+0300] {processor.py:208} INFO - Processing /home/nikita/airflow-setup/ENV/lib/python3.12/site-packages/airflow/example_dags/example_outlet_event_extra.py took 0.449 seconds
[2026-05-04T01:00:49.040+0300] {processor.py:186} INFO - Started process (PID=8438) to work on /home/nikita/airflow-setup/ENV/lib/python3.12/site-packages/airflow/example_dags/example_outlet_event_extra.py
[2026-05-04T01:00:49.042+0300] {processor.py:914} INFO - Processing file /home/nikita/airflow-setup/ENV/lib/python3.12/site-packages/airflow/example_dags/example_outlet_event_extra.py for tasks to queue
[2026-05-04T01:00:49.044+0300] {logging_mixin.py:190} INFO - [2026-05-04T01:00:49.044+0300] {dagbag.py:588} INFO - Filling up the DagBag from /home/nikita/airflow-setup/ENV/lib/python3.12/site-packages/airflow/example_dags/example_outlet_event_extra.py
[2026-05-04T01:00:49.409+0300] {processor.py:925} INFO - DAG(s) 'dataset_with_extra_by_yield', 'dataset_with_extra_by_context', 'dataset_with_extra_from_classic_operator' retrieved from /home/nikita/airflow-setup/ENV/lib/python3.12/site-packages/airflow/example_dags/example_outlet_event_extra.py
[2026-05-04T01:00:49.422+0300] {logging_mixin.py:190} INFO - [2026-05-04T01:00:49.421+0300] {dag.py:3239} INFO - Sync 3 DAGs
[2026-05-04T01:00:49.435+0300] {logging_mixin.py:190} INFO - [2026-05-04T01:00:49.435+0300] {dag.py:4180} INFO - Setting next_dagrun for dataset_with_extra_by_context to 2026-05-02 00:00:00+00:00, run_after=2026-05-03 00:00:00+00:00
[2026-05-04T01:00:49.438+0300] {logging_mixin.py:190} INFO - [2026-05-04T01:00:49.438+0300] {dag.py:4180} INFO - Setting next_dagrun for dataset_with_extra_by_yield to 2026-05-02 00:00:00+00:00, run_after=2026-05-03 00:00:00+00:00
[2026-05-04T01:00:49.440+0300] {logging_mixin.py:190} INFO - [2026-05-04T01:00:49.439+0300] {dag.py:4180} INFO - Setting next_dagrun for dataset_with_extra_from_classic_operator to 2026-05-02 00:00:00+00:00, run_after=2026-05-03 00:00:00+00:00
[2026-05-04T01:00:49.456+0300] {processor.py:208} INFO - Processing /home/nikita/airflow-setup/ENV/lib/python3.12/site-packages/airflow/example_dags/example_outlet_event_extra.py took 0.421 seconds
[2026-05-04T01:01:55.745+0300] {processor.py:186} INFO - Started process (PID=9040) to work on /home/nikita/airflow-setup/ENV/lib/python3.12/site-packages/airflow/example_dags/example_outlet_event_extra.py
[2026-05-04T01:01:55.746+0300] {processor.py:914} INFO - Processing file /home/nikita/airflow-setup/ENV/lib/python3.12/site-packages/airflow/example_dags/example_outlet_event_extra.py for tasks to queue
[2026-05-04T01:01:55.747+0300] {logging_mixin.py:190} INFO - [2026-05-04T01:01:55.747+0300] {dagbag.py:588} INFO - Filling up the DagBag from /home/nikita/airflow-setup/ENV/lib/python3.12/site-packages/airflow/example_dags/example_outlet_event_extra.py
[2026-05-04T01:01:56.098+0300] {processor.py:925} INFO - DAG(s) 'dataset_with_extra_by_context', 'dataset_with_extra_from_classic_operator', 'dataset_with_extra_by_yield' retrieved from /home/nikita/airflow-setup/ENV/lib/python3.12/site-packages/airflow/example_dags/example_outlet_event_extra.py
[2026-05-04T01:01:56.110+0300] {logging_mixin.py:190} INFO - [2026-05-04T01:01:56.110+0300] {dag.py:3239} INFO - Sync 3 DAGs
[2026-05-04T01:01:56.126+0300] {logging_mixin.py:190} INFO - [2026-05-04T01:01:56.126+0300] {dag.py:4180} INFO - Setting next_dagrun for dataset_with_extra_by_context to 2026-05-02 00:00:00+00:00, run_after=2026-05-03 00:00:00+00:00
[2026-05-04T01:01:56.129+0300] {logging_mixin.py:190} INFO - [2026-05-04T01:01:56.129+0300] {dag.py:4180} INFO - Setting next_dagrun for dataset_with_extra_by_yield to 2026-05-02 00:00:00+00:00, run_after=2026-05-03 00:00:00+00:00
[2026-05-04T01:01:56.131+0300] {logging_mixin.py:190} INFO - [2026-05-04T01:01:56.131+0300] {dag.py:4180} INFO - Setting next_dagrun for dataset_with_extra_from_classic_operator to 2026-05-02 00:00:00+00:00, run_after=2026-05-03 00:00:00+00:00
[2026-05-04T01:01:56.156+0300] {processor.py:208} INFO - Processing /home/nikita/airflow-setup/ENV/lib/python3.12/site-packages/airflow/example_dags/example_outlet_event_extra.py took 0.417 seconds
[2026-05-04T01:03:03.152+0300] {processor.py:186} INFO - Started process (PID=9609) to work on /home/nikita/airflow-setup/ENV/lib/python3.12/site-packages/airflow/example_dags/example_outlet_event_extra.py
[2026-05-04T01:03:03.162+0300] {processor.py:914} INFO - Processing file /home/nikita/airflow-setup/ENV/lib/python3.12/site-packages/airflow/example_dags/example_outlet_event_extra.py for tasks to queue
[2026-05-04T01:03:03.163+0300] {logging_mixin.py:190} INFO - [2026-05-04T01:03:03.163+0300] {dagbag.py:588} INFO - Filling up the DagBag from /home/nikita/airflow-setup/ENV/lib/python3.12/site-packages/airflow/example_dags/example_outlet_event_extra.py
[2026-05-04T01:03:03.476+0300] {processor.py:925} INFO - DAG(s) 'dataset_with_extra_from_classic_operator', 'dataset_with_extra_by_yield', 'dataset_with_extra_by_context' retrieved from /home/nikita/airflow-setup/ENV/lib/python3.12/site-packages/airflow/example_dags/example_outlet_event_extra.py
[2026-05-04T01:03:03.487+0300] {logging_mixin.py:190} INFO - [2026-05-04T01:03:03.487+0300] {dag.py:3239} INFO - Sync 3 DAGs
[2026-05-04T01:03:03.500+0300] {logging_mixin.py:190} INFO - [2026-05-04T01:03:03.500+0300] {dag.py:4180} INFO - Setting next_dagrun for dataset_with_extra_by_context to 2026-05-02 00:00:00+00:00, run_after=2026-05-03 00:00:00+00:00
[2026-05-04T01:03:03.502+0300] {logging_mixin.py:190} INFO - [2026-05-04T01:03:03.502+0300] {dag.py:4180} INFO - Setting next_dagrun for dataset_with_extra_by_yield to 2026-05-02 00:00:00+00:00, run_after=2026-05-03 00:00:00+00:00
[2026-05-04T01:03:03.504+0300] {logging_mixin.py:190} INFO - [2026-05-04T01:03:03.503+0300] {dag.py:4180} INFO - Setting next_dagrun for dataset_with_extra_from_classic_operator to 2026-05-02 00:00:00+00:00, run_after=2026-05-03 00:00:00+00:00
[2026-05-04T01:03:03.521+0300] {processor.py:208} INFO - Processing /home/nikita/airflow-setup/ENV/lib/python3.12/site-packages/airflow/example_dags/example_outlet_event_extra.py took 0.372 seconds
[2026-05-04T01:04:05.768+0300] {processor.py:186} INFO - Started process (PID=9875) to work on /home/nikita/airflow-setup/ENV/lib/python3.12/site-packages/airflow/example_dags/example_outlet_event_extra.py
[2026-05-04T01:04:05.777+0300] {processor.py:914} INFO - Processing file /home/nikita/airflow-setup/ENV/lib/python3.12/site-packages/airflow/example_dags/example_outlet_event_extra.py for tasks to queue
[2026-05-04T01:04:05.778+0300] {logging_mixin.py:190} INFO - [2026-05-04T01:04:05.778+0300] {dagbag.py:588} INFO - Filling up the DagBag from /home/nikita/airflow-setup/ENV/lib/python3.12/site-packages/airflow/example_dags/example_outlet_event_extra.py
[2026-05-04T01:04:06.090+0300] {processor.py:925} INFO - DAG(s) 'dataset_with_extra_by_context', 'dataset_with_extra_from_classic_operator', 'dataset_with_extra_by_yield' retrieved from /home/nikita/airflow-setup/ENV/lib/python3.12/site-packages/airflow/example_dags/example_outlet_event_extra.py
[2026-05-04T01:04:06.101+0300] {logging_mixin.py:190} INFO - [2026-05-04T01:04:06.101+0300] {dag.py:3239} INFO - Sync 3 DAGs
[2026-05-04T01:04:06.113+0300] {logging_mixin.py:190} INFO - [2026-05-04T01:04:06.112+0300] {dag.py:4180} INFO - Setting next_dagrun for dataset_with_extra_by_context to 2026-05-02 00:00:00+00:00, run_after=2026-05-03 00:00:00+00:00
[2026-05-04T01:04:06.117+0300] {logging_mixin.py:190} INFO - [2026-05-04T01:04:06.116+0300] {dag.py:4180} INFO - Setting next_dagrun for dataset_with_extra_by_yield to 2026-05-02 00:00:00+00:00, run_after=2026-05-03 00:00:00+00:00
[2026-05-04T01:04:06.118+0300] {logging_mixin.py:190} INFO - [2026-05-04T01:04:06.118+0300] {dag.py:4180} INFO - Setting next_dagrun for dataset_with_extra_from_classic_operator to 2026-05-02 00:00:00+00:00, run_after=2026-05-03 00:00:00+00:00
[2026-05-04T01:04:06.142+0300] {processor.py:208} INFO - Processing /home/nikita/airflow-setup/ENV/lib/python3.12/site-packages/airflow/example_dags/example_outlet_event_extra.py took 0.379 seconds
[2026-05-04T01:05:10.999+0300] {processor.py:186} INFO - Started process (PID=10132) to work on /home/nikita/airflow-setup/ENV/lib/python3.12/site-packages/airflow/example_dags/example_outlet_event_extra.py
[2026-05-04T01:05:11.007+0300] {processor.py:914} INFO - Processing file /home/nikita/airflow-setup/ENV/lib/python3.12/site-packages/airflow/example_dags/example_outlet_event_extra.py for tasks to queue
[2026-05-04T01:05:11.008+0300] {logging_mixin.py:190} INFO - [2026-05-04T01:05:11.008+0300] {dagbag.py:588} INFO - Filling up the DagBag from /home/nikita/airflow-setup/ENV/lib/python3.12/site-packages/airflow/example_dags/example_outlet_event_extra.py
[2026-05-04T01:05:11.333+0300] {processor.py:925} INFO - DAG(s) 'dataset_with_extra_from_classic_operator', 'dataset_with_extra_by_yield', 'dataset_with_extra_by_context' retrieved from /home/nikita/airflow-setup/ENV/lib/python3.12/site-packages/airflow/example_dags/example_outlet_event_extra.py
[2026-05-04T01:05:11.345+0300] {logging_mixin.py:190} INFO - [2026-05-04T01:05:11.345+0300] {dag.py:3239} INFO - Sync 3 DAGs
[2026-05-04T01:05:11.359+0300] {logging_mixin.py:190} INFO - [2026-05-04T01:05:11.359+0300] {dag.py:4180} INFO - Setting next_dagrun for dataset_with_extra_by_context to 2026-05-02 00:00:00+00:00, run_after=2026-05-03 00:00:00+00:00
[2026-05-04T01:05:11.362+0300] {logging_mixin.py:190} INFO - [2026-05-04T01:05:11.362+0300] {dag.py:4180} INFO - Setting next_dagrun for dataset_with_extra_by_yield to 2026-05-02 00:00:00+00:00, run_after=2026-05-03 00:00:00+00:00
[2026-05-04T01:05:11.364+0300] {logging_mixin.py:190} INFO - [2026-05-04T01:05:11.364+0300] {dag.py:4180} INFO - Setting next_dagrun for dataset_with_extra_from_classic_operator to 2026-05-02 00:00:00+00:00, run_after=2026-05-03 00:00:00+00:00
[2026-05-04T01:05:11.379+0300] {processor.py:208} INFO - Processing /home/nikita/airflow-setup/ENV/lib/python3.12/site-packages/airflow/example_dags/example_outlet_event_extra.py took 0.385 seconds
[2026-05-04T01:06:17.640+0300] {processor.py:186} INFO - Started process (PID=10409) to work on /home/nikita/airflow-setup/ENV/lib/python3.12/site-packages/airflow/example_dags/example_outlet_event_extra.py
[2026-05-04T01:06:17.642+0300] {processor.py:914} INFO - Processing file /home/nikita/airflow-setup/ENV/lib/python3.12/site-packages/airflow/example_dags/example_outlet_event_extra.py for tasks to queue
[2026-05-04T01:06:17.643+0300] {logging_mixin.py:190} INFO - [2026-05-04T01:06:17.643+0300] {dagbag.py:588} INFO - Filling up the DagBag from /home/nikita/airflow-setup/ENV/lib/python3.12/site-packages/airflow/example_dags/example_outlet_event_extra.py
[2026-05-04T01:06:17.955+0300] {processor.py:925} INFO - DAG(s) 'dataset_with_extra_from_classic_operator', 'dataset_with_extra_by_context', 'dataset_with_extra_by_yield' retrieved from /home/nikita/airflow-setup/ENV/lib/python3.12/site-packages/airflow/example_dags/example_outlet_event_extra.py
[2026-05-04T01:06:17.967+0300] {logging_mixin.py:190} INFO - [2026-05-04T01:06:17.967+0300] {dag.py:3239} INFO - Sync 3 DAGs
[2026-05-04T01:06:17.981+0300] {logging_mixin.py:190} INFO - [2026-05-04T01:06:17.980+0300] {dag.py:4180} INFO - Setting next_dagrun for dataset_with_extra_by_context to 2026-05-02 00:00:00+00:00, run_after=2026-05-03 00:00:00+00:00
[2026-05-04T01:06:17.984+0300] {logging_mixin.py:190} INFO - [2026-05-04T01:06:17.984+0300] {dag.py:4180} INFO - Setting next_dagrun for dataset_with_extra_by_yield to 2026-05-02 00:00:00+00:00, run_after=2026-05-03 00:00:00+00:00
[2026-05-04T01:06:17.985+0300] {logging_mixin.py:190} INFO - [2026-05-04T01:06:17.985+0300] {dag.py:4180} INFO - Setting next_dagrun for dataset_with_extra_from_classic_operator to 2026-05-02 00:00:00+00:00, run_after=2026-05-03 00:00:00+00:00
[2026-05-04T01:06:18.011+0300] {processor.py:208} INFO - Processing /home/nikita/airflow-setup/ENV/lib/python3.12/site-packages/airflow/example_dags/example_outlet_event_extra.py took 0.374 seconds
[2026-05-04T01:07:21.878+0300] {processor.py:186} INFO - Started process (PID=10652) to work on /home/nikita/airflow-setup/ENV/lib/python3.12/site-packages/airflow/example_dags/example_outlet_event_extra.py
[2026-05-04T01:07:21.888+0300] {processor.py:914} INFO - Processing file /home/nikita/airflow-setup/ENV/lib/python3.12/site-packages/airflow/example_dags/example_outlet_event_extra.py for tasks to queue
[2026-05-04T01:07:21.889+0300] {logging_mixin.py:190} INFO - [2026-05-04T01:07:21.889+0300] {dagbag.py:588} INFO - Filling up the DagBag from /home/nikita/airflow-setup/ENV/lib/python3.12/site-packages/airflow/example_dags/example_outlet_event_extra.py
[2026-05-04T01:07:22.237+0300] {processor.py:925} INFO - DAG(s) 'dataset_with_extra_by_yield', 'dataset_with_extra_from_classic_operator', 'dataset_with_extra_by_context' retrieved from /home/nikita/airflow-setup/ENV/lib/python3.12/site-packages/airflow/example_dags/example_outlet_event_extra.py
[2026-05-04T01:07:22.249+0300] {logging_mixin.py:190} INFO - [2026-05-04T01:07:22.249+0300] {dag.py:3239} INFO - Sync 3 DAGs
[2026-05-04T01:07:22.263+0300] {logging_mixin.py:190} INFO - [2026-05-04T01:07:22.262+0300] {dag.py:4180} INFO - Setting next_dagrun for dataset_with_extra_by_context to 2026-05-02 00:00:00+00:00, run_after=2026-05-03 00:00:00+00:00
[2026-05-04T01:07:22.265+0300] {logging_mixin.py:190} INFO - [2026-05-04T01:07:22.265+0300] {dag.py:4180} INFO - Setting next_dagrun for dataset_with_extra_by_yield to 2026-05-02 00:00:00+00:00, run_after=2026-05-03 00:00:00+00:00
[2026-05-04T01:07:22.267+0300] {logging_mixin.py:190} INFO - [2026-05-04T01:07:22.267+0300] {dag.py:4180} INFO - Setting next_dagrun for dataset_with_extra_from_classic_operator to 2026-05-02 00:00:00+00:00, run_after=2026-05-03 00:00:00+00:00
[2026-05-04T01:07:22.298+0300] {processor.py:208} INFO - Processing /home/nikita/airflow-setup/ENV/lib/python3.12/site-packages/airflow/example_dags/example_outlet_event_extra.py took 0.424 seconds
[2026-05-04T01:08:31.242+0300] {processor.py:186} INFO - Started process (PID=11222) to work on /home/nikita/airflow-setup/ENV/lib/python3.12/site-packages/airflow/example_dags/example_outlet_event_extra.py
[2026-05-04T01:08:31.251+0300] {processor.py:914} INFO - Processing file /home/nikita/airflow-setup/ENV/lib/python3.12/site-packages/airflow/example_dags/example_outlet_event_extra.py for tasks to queue
[2026-05-04T01:08:31.252+0300] {logging_mixin.py:190} INFO - [2026-05-04T01:08:31.251+0300] {dagbag.py:588} INFO - Filling up the DagBag from /home/nikita/airflow-setup/ENV/lib/python3.12/site-packages/airflow/example_dags/example_outlet_event_extra.py
[2026-05-04T01:08:31.540+0300] {processor.py:925} INFO - DAG(s) 'dataset_with_extra_by_yield', 'dataset_with_extra_from_classic_operator', 'dataset_with_extra_by_context' retrieved from /home/nikita/airflow-setup/ENV/lib/python3.12/site-packages/airflow/example_dags/example_outlet_event_extra.py
[2026-05-04T01:08:31.550+0300] {logging_mixin.py:190} INFO - [2026-05-04T01:08:31.550+0300] {dag.py:3239} INFO - Sync 3 DAGs
[2026-05-04T01:08:31.563+0300] {logging_mixin.py:190} INFO - [2026-05-04T01:08:31.563+0300] {dag.py:4180} INFO - Setting next_dagrun for dataset_with_extra_by_context to 2026-05-02 00:00:00+00:00, run_after=2026-05-03 00:00:00+00:00
[2026-05-04T01:08:31.566+0300] {logging_mixin.py:190} INFO - [2026-05-04T01:08:31.566+0300] {dag.py:4180} INFO - Setting next_dagrun for dataset_with_extra_by_yield to 2026-05-02 00:00:00+00:00, run_after=2026-05-03 00:00:00+00:00
[2026-05-04T01:08:31.567+0300] {logging_mixin.py:190} INFO - [2026-05-04T01:08:31.567+0300] {dag.py:4180} INFO - Setting next_dagrun for dataset_with_extra_from_classic_operator to 2026-05-02 00:00:00+00:00, run_after=2026-05-03 00:00:00+00:00
[2026-05-04T01:08:31.602+0300] {processor.py:208} INFO - Processing /home/nikita/airflow-setup/ENV/lib/python3.12/site-packages/airflow/example_dags/example_outlet_event_extra.py took 0.364 seconds
[2026-05-04T01:09:37.593+0300] {processor.py:186} INFO - Started process (PID=12069) to work on /home/nikita/airflow-setup/ENV/lib/python3.12/site-packages/airflow/example_dags/example_outlet_event_extra.py
[2026-05-04T01:09:37.602+0300] {processor.py:914} INFO - Processing file /home/nikita/airflow-setup/ENV/lib/python3.12/site-packages/airflow/example_dags/example_outlet_event_extra.py for tasks to queue
[2026-05-04T01:09:37.603+0300] {logging_mixin.py:190} INFO - [2026-05-04T01:09:37.603+0300] {dagbag.py:588} INFO - Filling up the DagBag from /home/nikita/airflow-setup/ENV/lib/python3.12/site-packages/airflow/example_dags/example_outlet_event_extra.py
[2026-05-04T01:09:37.921+0300] {processor.py:925} INFO - DAG(s) 'dataset_with_extra_by_context', 'dataset_with_extra_from_classic_operator', 'dataset_with_extra_by_yield' retrieved from /home/nikita/airflow-setup/ENV/lib/python3.12/site-packages/airflow/example_dags/example_outlet_event_extra.py
[2026-05-04T01:09:37.934+0300] {logging_mixin.py:190} INFO - [2026-05-04T01:09:37.934+0300] {dag.py:3239} INFO - Sync 3 DAGs
[2026-05-04T01:09:37.947+0300] {logging_mixin.py:190} INFO - [2026-05-04T01:09:37.946+0300] {dag.py:4180} INFO - Setting next_dagrun for dataset_with_extra_by_context to 2026-05-02 00:00:00+00:00, run_after=2026-05-03 00:00:00+00:00
[2026-05-04T01:09:37.949+0300] {logging_mixin.py:190} INFO - [2026-05-04T01:09:37.949+0300] {dag.py:4180} INFO - Setting next_dagrun for dataset_with_extra_by_yield to 2026-05-02 00:00:00+00:00, run_after=2026-05-03 00:00:00+00:00
[2026-05-04T01:09:37.951+0300] {logging_mixin.py:190} INFO - [2026-05-04T01:09:37.951+0300] {dag.py:4180} INFO - Setting next_dagrun for dataset_with_extra_from_classic_operator to 2026-05-02 00:00:00+00:00, run_after=2026-05-03 00:00:00+00:00
[2026-05-04T01:09:37.978+0300] {processor.py:208} INFO - Processing /home/nikita/airflow-setup/ENV/lib/python3.12/site-packages/airflow/example_dags/example_outlet_event_extra.py took 0.390 seconds
[2026-05-04T01:10:46.226+0300] {processor.py:186} INFO - Started process (PID=12372) to work on /home/nikita/airflow-setup/ENV/lib/python3.12/site-packages/airflow/example_dags/example_outlet_event_extra.py
[2026-05-04T01:10:46.227+0300] {processor.py:914} INFO - Processing file /home/nikita/airflow-setup/ENV/lib/python3.12/site-packages/airflow/example_dags/example_outlet_event_extra.py for tasks to queue
[2026-05-04T01:10:46.228+0300] {logging_mixin.py:190} INFO - [2026-05-04T01:10:46.228+0300] {dagbag.py:588} INFO - Filling up the DagBag from /home/nikita/airflow-setup/ENV/lib/python3.12/site-packages/airflow/example_dags/example_outlet_event_extra.py
[2026-05-04T01:10:46.548+0300] {processor.py:925} INFO - DAG(s) 'dataset_with_extra_by_context', 'dataset_with_extra_from_classic_operator', 'dataset_with_extra_by_yield' retrieved from /home/nikita/airflow-setup/ENV/lib/python3.12/site-packages/airflow/example_dags/example_outlet_event_extra.py
[2026-05-04T01:10:46.562+0300] {logging_mixin.py:190} INFO - [2026-05-04T01:10:46.562+0300] {dag.py:3239} INFO - Sync 3 DAGs
[2026-05-04T01:10:46.577+0300] {logging_mixin.py:190} INFO - [2026-05-04T01:10:46.577+0300] {dag.py:4180} INFO - Setting next_dagrun for dataset_with_extra_by_context to 2026-05-02 00:00:00+00:00, run_after=2026-05-03 00:00:00+00:00
[2026-05-04T01:10:46.580+0300] {logging_mixin.py:190} INFO - [2026-05-04T01:10:46.580+0300] {dag.py:4180} INFO - Setting next_dagrun for dataset_with_extra_by_yield to 2026-05-02 00:00:00+00:00, run_after=2026-05-03 00:00:00+00:00
[2026-05-04T01:10:46.582+0300] {logging_mixin.py:190} INFO - [2026-05-04T01:10:46.582+0300] {dag.py:4180} INFO - Setting next_dagrun for dataset_with_extra_from_classic_operator to 2026-05-02 00:00:00+00:00, run_after=2026-05-03 00:00:00+00:00
[2026-05-04T01:10:46.608+0300] {processor.py:208} INFO - Processing /home/nikita/airflow-setup/ENV/lib/python3.12/site-packages/airflow/example_dags/example_outlet_event_extra.py took 0.387 seconds
[2026-05-04T01:11:53.447+0300] {processor.py:186} INFO - Started process (PID=12624) to work on /home/nikita/airflow-setup/ENV/lib/python3.12/site-packages/airflow/example_dags/example_outlet_event_extra.py
[2026-05-04T01:11:53.456+0300] {processor.py:914} INFO - Processing file /home/nikita/airflow-setup/ENV/lib/python3.12/site-packages/airflow/example_dags/example_outlet_event_extra.py for tasks to queue
[2026-05-04T01:11:53.458+0300] {logging_mixin.py:190} INFO - [2026-05-04T01:11:53.457+0300] {dagbag.py:588} INFO - Filling up the DagBag from /home/nikita/airflow-setup/ENV/lib/python3.12/site-packages/airflow/example_dags/example_outlet_event_extra.py
[2026-05-04T01:11:53.781+0300] {processor.py:925} INFO - DAG(s) 'dataset_with_extra_by_context', 'dataset_with_extra_by_yield', 'dataset_with_extra_from_classic_operator' retrieved from /home/nikita/airflow-setup/ENV/lib/python3.12/site-packages/airflow/example_dags/example_outlet_event_extra.py
[2026-05-04T01:11:53.796+0300] {logging_mixin.py:190} INFO - [2026-05-04T01:11:53.796+0300] {dag.py:3239} INFO - Sync 3 DAGs
[2026-05-04T01:11:53.809+0300] {logging_mixin.py:190} INFO - [2026-05-04T01:11:53.809+0300] {dag.py:4180} INFO - Setting next_dagrun for dataset_with_extra_by_context to 2026-05-02 00:00:00+00:00, run_after=2026-05-03 00:00:00+00:00
[2026-05-04T01:11:53.812+0300] {logging_mixin.py:190} INFO - [2026-05-04T01:11:53.812+0300] {dag.py:4180} INFO - Setting next_dagrun for dataset_with_extra_by_yield to 2026-05-02 00:00:00+00:00, run_after=2026-05-03 00:00:00+00:00
[2026-05-04T01:11:53.813+0300] {logging_mixin.py:190} INFO - [2026-05-04T01:11:53.813+0300] {dag.py:4180} INFO - Setting next_dagrun for dataset_with_extra_from_classic_operator to 2026-05-02 00:00:00+00:00, run_after=2026-05-03 00:00:00+00:00
[2026-05-04T01:11:53.836+0300] {processor.py:208} INFO - Processing /home/nikita/airflow-setup/ENV/lib/python3.12/site-packages/airflow/example_dags/example_outlet_event_extra.py took 0.394 seconds
[2026-05-04T01:12:52.587+0300] {processor.py:186} INFO - Started process (PID=12853) to work on /home/nikita/airflow-setup/ENV/lib/python3.12/site-packages/airflow/example_dags/example_outlet_event_extra.py
[2026-05-04T01:12:52.588+0300] {processor.py:914} INFO - Processing file /home/nikita/airflow-setup/ENV/lib/python3.12/site-packages/airflow/example_dags/example_outlet_event_extra.py for tasks to queue
[2026-05-04T01:12:52.589+0300] {logging_mixin.py:190} INFO - [2026-05-04T01:12:52.589+0300] {dagbag.py:588} INFO - Filling up the DagBag from /home/nikita/airflow-setup/ENV/lib/python3.12/site-packages/airflow/example_dags/example_outlet_event_extra.py
[2026-05-04T01:12:52.915+0300] {processor.py:925} INFO - DAG(s) 'dataset_with_extra_from_classic_operator', 'dataset_with_extra_by_yield', 'dataset_with_extra_by_context' retrieved from /home/nikita/airflow-setup/ENV/lib/python3.12/site-packages/airflow/example_dags/example_outlet_event_extra.py
[2026-05-04T01:12:52.928+0300] {logging_mixin.py:190} INFO - [2026-05-04T01:12:52.928+0300] {dag.py:3239} INFO - Sync 3 DAGs
[2026-05-04T01:12:52.943+0300] {logging_mixin.py:190} INFO - [2026-05-04T01:12:52.943+0300] {dag.py:4180} INFO - Setting next_dagrun for dataset_with_extra_by_context to 2026-05-02 00:00:00+00:00, run_after=2026-05-03 00:00:00+00:00
[2026-05-04T01:12:52.946+0300] {logging_mixin.py:190} INFO - [2026-05-04T01:12:52.946+0300] {dag.py:4180} INFO - Setting next_dagrun for dataset_with_extra_by_yield to 2026-05-02 00:00:00+00:00, run_after=2026-05-03 00:00:00+00:00
[2026-05-04T01:12:52.947+0300] {logging_mixin.py:190} INFO - [2026-05-04T01:12:52.947+0300] {dag.py:4180} INFO - Setting next_dagrun for dataset_with_extra_from_classic_operator to 2026-05-02 00:00:00+00:00, run_after=2026-05-03 00:00:00+00:00
[2026-05-04T01:12:52.971+0300] {processor.py:208} INFO - Processing /home/nikita/airflow-setup/ENV/lib/python3.12/site-packages/airflow/example_dags/example_outlet_event_extra.py took 0.388 seconds
[2026-05-04T01:13:54.585+0300] {processor.py:186} INFO - Started process (PID=13453) to work on /home/nikita/airflow-setup/ENV/lib/python3.12/site-packages/airflow/example_dags/example_outlet_event_extra.py
[2026-05-04T01:13:54.587+0300] {processor.py:914} INFO - Processing file /home/nikita/airflow-setup/ENV/lib/python3.12/site-packages/airflow/example_dags/example_outlet_event_extra.py for tasks to queue
[2026-05-04T01:13:54.588+0300] {logging_mixin.py:190} INFO - [2026-05-04T01:13:54.587+0300] {dagbag.py:588} INFO - Filling up the DagBag from /home/nikita/airflow-setup/ENV/lib/python3.12/site-packages/airflow/example_dags/example_outlet_event_extra.py
[2026-05-04T01:13:54.880+0300] {processor.py:925} INFO - DAG(s) 'dataset_with_extra_by_yield', 'dataset_with_extra_from_classic_operator', 'dataset_with_extra_by_context' retrieved from /home/nikita/airflow-setup/ENV/lib/python3.12/site-packages/airflow/example_dags/example_outlet_event_extra.py
[2026-05-04T01:13:54.892+0300] {logging_mixin.py:190} INFO - [2026-05-04T01:13:54.891+0300] {dag.py:3239} INFO - Sync 3 DAGs
[2026-05-04T01:13:54.905+0300] {logging_mixin.py:190} INFO - [2026-05-04T01:13:54.905+0300] {dag.py:4180} INFO - Setting next_dagrun for dataset_with_extra_by_context to 2026-05-02 00:00:00+00:00, run_after=2026-05-03 00:00:00+00:00
[2026-05-04T01:13:54.907+0300] {logging_mixin.py:190} INFO - [2026-05-04T01:13:54.907+0300] {dag.py:4180} INFO - Setting next_dagrun for dataset_with_extra_by_yield to 2026-05-02 00:00:00+00:00, run_after=2026-05-03 00:00:00+00:00
[2026-05-04T01:13:54.908+0300] {logging_mixin.py:190} INFO - [2026-05-04T01:13:54.908+0300] {dag.py:4180} INFO - Setting next_dagrun for dataset_with_extra_from_classic_operator to 2026-05-02 00:00:00+00:00, run_after=2026-05-03 00:00:00+00:00
[2026-05-04T01:13:54.932+0300] {processor.py:208} INFO - Processing /home/nikita/airflow-setup/ENV/lib/python3.12/site-packages/airflow/example_dags/example_outlet_event_extra.py took 0.351 seconds
[2026-05-04T01:15:03.305+0300] {processor.py:186} INFO - Started process (PID=14416) to work on /home/nikita/airflow-setup/ENV/lib/python3.12/site-packages/airflow/example_dags/example_outlet_event_extra.py
[2026-05-04T01:15:03.315+0300] {processor.py:914} INFO - Processing file /home/nikita/airflow-setup/ENV/lib/python3.12/site-packages/airflow/example_dags/example_outlet_event_extra.py for tasks to queue
[2026-05-04T01:15:03.316+0300] {logging_mixin.py:190} INFO - [2026-05-04T01:15:03.315+0300] {dagbag.py:588} INFO - Filling up the DagBag from /home/nikita/airflow-setup/ENV/lib/python3.12/site-packages/airflow/example_dags/example_outlet_event_extra.py
[2026-05-04T01:15:03.615+0300] {processor.py:925} INFO - DAG(s) 'dataset_with_extra_by_context', 'dataset_with_extra_by_yield', 'dataset_with_extra_from_classic_operator' retrieved from /home/nikita/airflow-setup/ENV/lib/python3.12/site-packages/airflow/example_dags/example_outlet_event_extra.py
[2026-05-04T01:15:03.627+0300] {logging_mixin.py:190} INFO - [2026-05-04T01:15:03.627+0300] {dag.py:3239} INFO - Sync 3 DAGs
[2026-05-04T01:15:03.640+0300] {logging_mixin.py:190} INFO - [2026-05-04T01:15:03.640+0300] {dag.py:4180} INFO - Setting next_dagrun for dataset_with_extra_by_context to 2026-05-02 00:00:00+00:00, run_after=2026-05-03 00:00:00+00:00
[2026-05-04T01:15:03.643+0300] {logging_mixin.py:190} INFO - [2026-05-04T01:15:03.643+0300] {dag.py:4180} INFO - Setting next_dagrun for dataset_with_extra_by_yield to 2026-05-02 00:00:00+00:00, run_after=2026-05-03 00:00:00+00:00
[2026-05-04T01:15:03.644+0300] {logging_mixin.py:190} INFO - [2026-05-04T01:15:03.644+0300] {dag.py:4180} INFO - Setting next_dagrun for dataset_with_extra_from_classic_operator to 2026-05-02 00:00:00+00:00, run_after=2026-05-03 00:00:00+00:00
[2026-05-04T01:15:03.661+0300] {processor.py:208} INFO - Processing /home/nikita/airflow-setup/ENV/lib/python3.12/site-packages/airflow/example_dags/example_outlet_event_extra.py took 0.361 seconds
[2026-05-04T01:16:11.289+0300] {processor.py:186} INFO - Started process (PID=15629) to work on /home/nikita/airflow-setup/ENV/lib/python3.12/site-packages/airflow/example_dags/example_outlet_event_extra.py
[2026-05-04T01:16:11.298+0300] {processor.py:914} INFO - Processing file /home/nikita/airflow-setup/ENV/lib/python3.12/site-packages/airflow/example_dags/example_outlet_event_extra.py for tasks to queue
[2026-05-04T01:16:11.299+0300] {logging_mixin.py:190} INFO - [2026-05-04T01:16:11.299+0300] {dagbag.py:588} INFO - Filling up the DagBag from /home/nikita/airflow-setup/ENV/lib/python3.12/site-packages/airflow/example_dags/example_outlet_event_extra.py
[2026-05-04T01:16:11.595+0300] {processor.py:925} INFO - DAG(s) 'dataset_with_extra_from_classic_operator', 'dataset_with_extra_by_yield', 'dataset_with_extra_by_context' retrieved from /home/nikita/airflow-setup/ENV/lib/python3.12/site-packages/airflow/example_dags/example_outlet_event_extra.py
[2026-05-04T01:16:11.607+0300] {logging_mixin.py:190} INFO - [2026-05-04T01:16:11.607+0300] {dag.py:3239} INFO - Sync 3 DAGs
[2026-05-04T01:16:11.618+0300] {logging_mixin.py:190} INFO - [2026-05-04T01:16:11.618+0300] {dag.py:4180} INFO - Setting next_dagrun for dataset_with_extra_by_context to 2026-05-02 00:00:00+00:00, run_after=2026-05-03 00:00:00+00:00
[2026-05-04T01:16:11.621+0300] {logging_mixin.py:190} INFO - [2026-05-04T01:16:11.620+0300] {dag.py:4180} INFO - Setting next_dagrun for dataset_with_extra_by_yield to 2026-05-02 00:00:00+00:00, run_after=2026-05-03 00:00:00+00:00
[2026-05-04T01:16:11.622+0300] {logging_mixin.py:190} INFO - [2026-05-04T01:16:11.622+0300] {dag.py:4180} INFO - Setting next_dagrun for dataset_with_extra_from_classic_operator to 2026-05-02 00:00:00+00:00, run_after=2026-05-03 00:00:00+00:00
[2026-05-04T01:16:11.638+0300] {processor.py:208} INFO - Processing /home/nikita/airflow-setup/ENV/lib/python3.12/site-packages/airflow/example_dags/example_outlet_event_extra.py took 0.354 seconds
[2026-05-04T01:17:20.001+0300] {processor.py:186} INFO - Started process (PID=15891) to work on /home/nikita/airflow-setup/ENV/lib/python3.12/site-packages/airflow/example_dags/example_outlet_event_extra.py
[2026-05-04T01:17:20.012+0300] {processor.py:914} INFO - Processing file /home/nikita/airflow-setup/ENV/lib/python3.12/site-packages/airflow/example_dags/example_outlet_event_extra.py for tasks to queue
[2026-05-04T01:17:20.014+0300] {logging_mixin.py:190} INFO - [2026-05-04T01:17:20.013+0300] {dagbag.py:588} INFO - Filling up the DagBag from /home/nikita/airflow-setup/ENV/lib/python3.12/site-packages/airflow/example_dags/example_outlet_event_extra.py
[2026-05-04T01:17:20.360+0300] {processor.py:925} INFO - DAG(s) 'dataset_with_extra_by_yield', 'dataset_with_extra_by_context', 'dataset_with_extra_from_classic_operator' retrieved from /home/nikita/airflow-setup/ENV/lib/python3.12/site-packages/airflow/example_dags/example_outlet_event_extra.py
[2026-05-04T01:17:20.372+0300] {logging_mixin.py:190} INFO - [2026-05-04T01:17:20.372+0300] {dag.py:3239} INFO - Sync 3 DAGs
[2026-05-04T01:17:20.387+0300] {logging_mixin.py:190} INFO - [2026-05-04T01:17:20.386+0300] {dag.py:4180} INFO - Setting next_dagrun for dataset_with_extra_by_context to 2026-05-02 00:00:00+00:00, run_after=2026-05-03 00:00:00+00:00
[2026-05-04T01:17:20.390+0300] {logging_mixin.py:190} INFO - [2026-05-04T01:17:20.390+0300] {dag.py:4180} INFO - Setting next_dagrun for dataset_with_extra_by_yield to 2026-05-02 00:00:00+00:00, run_after=2026-05-03 00:00:00+00:00
[2026-05-04T01:17:20.391+0300] {logging_mixin.py:190} INFO - [2026-05-04T01:17:20.391+0300] {dag.py:4180} INFO - Setting next_dagrun for dataset_with_extra_from_classic_operator to 2026-05-02 00:00:00+00:00, run_after=2026-05-03 00:00:00+00:00
[2026-05-04T01:17:20.419+0300] {processor.py:208} INFO - Processing /home/nikita/airflow-setup/ENV/lib/python3.12/site-packages/airflow/example_dags/example_outlet_event_extra.py took 0.422 seconds
[2026-05-04T01:18:28.905+0300] {processor.py:186} INFO - Started process (PID=16148) to work on /home/nikita/airflow-setup/ENV/lib/python3.12/site-packages/airflow/example_dags/example_outlet_event_extra.py
[2026-05-04T01:18:28.909+0300] {processor.py:914} INFO - Processing file /home/nikita/airflow-setup/ENV/lib/python3.12/site-packages/airflow/example_dags/example_outlet_event_extra.py for tasks to queue
[2026-05-04T01:18:28.911+0300] {logging_mixin.py:190} INFO - [2026-05-04T01:18:28.911+0300] {dagbag.py:588} INFO - Filling up the DagBag from /home/nikita/airflow-setup/ENV/lib/python3.12/site-packages/airflow/example_dags/example_outlet_event_extra.py
[2026-05-04T01:18:29.297+0300] {processor.py:925} INFO - DAG(s) 'dataset_with_extra_by_yield', 'dataset_with_extra_by_context', 'dataset_with_extra_from_classic_operator' retrieved from /home/nikita/airflow-setup/ENV/lib/python3.12/site-packages/airflow/example_dags/example_outlet_event_extra.py
[2026-05-04T01:18:29.327+0300] {logging_mixin.py:190} INFO - [2026-05-04T01:18:29.326+0300] {dag.py:3239} INFO - Sync 3 DAGs
[2026-05-04T01:18:29.368+0300] {logging_mixin.py:190} INFO - [2026-05-04T01:18:29.367+0300] {dag.py:4180} INFO - Setting next_dagrun for dataset_with_extra_by_context to 2026-05-02 00:00:00+00:00, run_after=2026-05-03 00:00:00+00:00
[2026-05-04T01:18:29.375+0300] {logging_mixin.py:190} INFO - [2026-05-04T01:18:29.375+0300] {dag.py:4180} INFO - Setting next_dagrun for dataset_with_extra_by_yield to 2026-05-02 00:00:00+00:00, run_after=2026-05-03 00:00:00+00:00
[2026-05-04T01:18:29.380+0300] {logging_mixin.py:190} INFO - [2026-05-04T01:18:29.379+0300] {dag.py:4180} INFO - Setting next_dagrun for dataset_with_extra_from_classic_operator to 2026-05-02 00:00:00+00:00, run_after=2026-05-03 00:00:00+00:00
[2026-05-04T01:18:29.428+0300] {processor.py:208} INFO - Processing /home/nikita/airflow-setup/ENV/lib/python3.12/site-packages/airflow/example_dags/example_outlet_event_extra.py took 0.538 seconds
[2026-05-04T01:19:32.842+0300] {processor.py:186} INFO - Started process (PID=16396) to work on /home/nikita/airflow-setup/ENV/lib/python3.12/site-packages/airflow/example_dags/example_outlet_event_extra.py
[2026-05-04T01:19:32.851+0300] {processor.py:914} INFO - Processing file /home/nikita/airflow-setup/ENV/lib/python3.12/site-packages/airflow/example_dags/example_outlet_event_extra.py for tasks to queue
[2026-05-04T01:19:32.852+0300] {logging_mixin.py:190} INFO - [2026-05-04T01:19:32.852+0300] {dagbag.py:588} INFO - Filling up the DagBag from /home/nikita/airflow-setup/ENV/lib/python3.12/site-packages/airflow/example_dags/example_outlet_event_extra.py
[2026-05-04T01:19:33.171+0300] {processor.py:925} INFO - DAG(s) 'dataset_with_extra_from_classic_operator', 'dataset_with_extra_by_context', 'dataset_with_extra_by_yield' retrieved from /home/nikita/airflow-setup/ENV/lib/python3.12/site-packages/airflow/example_dags/example_outlet_event_extra.py
[2026-05-04T01:19:33.184+0300] {logging_mixin.py:190} INFO - [2026-05-04T01:19:33.184+0300] {dag.py:3239} INFO - Sync 3 DAGs
[2026-05-04T01:19:33.197+0300] {logging_mixin.py:190} INFO - [2026-05-04T01:19:33.197+0300] {dag.py:4180} INFO - Setting next_dagrun for dataset_with_extra_by_context to 2026-05-02 00:00:00+00:00, run_after=2026-05-03 00:00:00+00:00
[2026-05-04T01:19:33.200+0300] {logging_mixin.py:190} INFO - [2026-05-04T01:19:33.200+0300] {dag.py:4180} INFO - Setting next_dagrun for dataset_with_extra_by_yield to 2026-05-02 00:00:00+00:00, run_after=2026-05-03 00:00:00+00:00
[2026-05-04T01:19:33.201+0300] {logging_mixin.py:190} INFO - [2026-05-04T01:19:33.201+0300] {dag.py:4180} INFO - Setting next_dagrun for dataset_with_extra_from_classic_operator to 2026-05-02 00:00:00+00:00, run_after=2026-05-03 00:00:00+00:00
[2026-05-04T01:19:33.227+0300] {processor.py:208} INFO - Processing /home/nikita/airflow-setup/ENV/lib/python3.12/site-packages/airflow/example_dags/example_outlet_event_extra.py took 0.389 seconds
[2026-05-04T01:20:39.064+0300] {processor.py:186} INFO - Started process (PID=16666) to work on /home/nikita/airflow-setup/ENV/lib/python3.12/site-packages/airflow/example_dags/example_outlet_event_extra.py
[2026-05-04T01:20:39.072+0300] {processor.py:914} INFO - Processing file /home/nikita/airflow-setup/ENV/lib/python3.12/site-packages/airflow/example_dags/example_outlet_event_extra.py for tasks to queue
[2026-05-04T01:20:39.073+0300] {logging_mixin.py:190} INFO - [2026-05-04T01:20:39.073+0300] {dagbag.py:588} INFO - Filling up the DagBag from /home/nikita/airflow-setup/ENV/lib/python3.12/site-packages/airflow/example_dags/example_outlet_event_extra.py
[2026-05-04T01:20:39.388+0300] {processor.py:925} INFO - DAG(s) 'dataset_with_extra_by_yield', 'dataset_with_extra_by_context', 'dataset_with_extra_from_classic_operator' retrieved from /home/nikita/airflow-setup/ENV/lib/python3.12/site-packages/airflow/example_dags/example_outlet_event_extra.py
[2026-05-04T01:20:39.400+0300] {logging_mixin.py:190} INFO - [2026-05-04T01:20:39.400+0300] {dag.py:3239} INFO - Sync 3 DAGs
[2026-05-04T01:20:39.413+0300] {logging_mixin.py:190} INFO - [2026-05-04T01:20:39.413+0300] {dag.py:4180} INFO - Setting next_dagrun for dataset_with_extra_by_context to 2026-05-02 00:00:00+00:00, run_after=2026-05-03 00:00:00+00:00
[2026-05-04T01:20:39.416+0300] {logging_mixin.py:190} INFO - [2026-05-04T01:20:39.416+0300] {dag.py:4180} INFO - Setting next_dagrun for dataset_with_extra_by_yield to 2026-05-02 00:00:00+00:00, run_after=2026-05-03 00:00:00+00:00
[2026-05-04T01:20:39.417+0300] {logging_mixin.py:190} INFO - [2026-05-04T01:20:39.417+0300] {dag.py:4180} INFO - Setting next_dagrun for dataset_with_extra_from_classic_operator to 2026-05-02 00:00:00+00:00, run_after=2026-05-03 00:00:00+00:00
[2026-05-04T01:20:39.442+0300] {processor.py:208} INFO - Processing /home/nikita/airflow-setup/ENV/lib/python3.12/site-packages/airflow/example_dags/example_outlet_event_extra.py took 0.383 seconds
[2026-05-04T01:21:45.982+0300] {processor.py:186} INFO - Started process (PID=16917) to work on /home/nikita/airflow-setup/ENV/lib/python3.12/site-packages/airflow/example_dags/example_outlet_event_extra.py
[2026-05-04T01:21:45.984+0300] {processor.py:914} INFO - Processing file /home/nikita/airflow-setup/ENV/lib/python3.12/site-packages/airflow/example_dags/example_outlet_event_extra.py for tasks to queue
[2026-05-04T01:21:45.985+0300] {logging_mixin.py:190} INFO - [2026-05-04T01:21:45.984+0300] {dagbag.py:588} INFO - Filling up the DagBag from /home/nikita/airflow-setup/ENV/lib/python3.12/site-packages/airflow/example_dags/example_outlet_event_extra.py
[2026-05-04T01:21:46.335+0300] {processor.py:925} INFO - DAG(s) 'dataset_with_extra_by_context', 'dataset_with_extra_from_classic_operator', 'dataset_with_extra_by_yield' retrieved from /home/nikita/airflow-setup/ENV/lib/python3.12/site-packages/airflow/example_dags/example_outlet_event_extra.py
[2026-05-04T01:21:46.353+0300] {logging_mixin.py:190} INFO - [2026-05-04T01:21:46.353+0300] {dag.py:3239} INFO - Sync 3 DAGs
[2026-05-04T01:21:46.367+0300] {logging_mixin.py:190} INFO - [2026-05-04T01:21:46.366+0300] {dag.py:4180} INFO - Setting next_dagrun for dataset_with_extra_by_context to 2026-05-02 00:00:00+00:00, run_after=2026-05-03 00:00:00+00:00
[2026-05-04T01:21:46.369+0300] {logging_mixin.py:190} INFO - [2026-05-04T01:21:46.369+0300] {dag.py:4180} INFO - Setting next_dagrun for dataset_with_extra_by_yield to 2026-05-02 00:00:00+00:00, run_after=2026-05-03 00:00:00+00:00
[2026-05-04T01:21:46.371+0300] {logging_mixin.py:190} INFO - [2026-05-04T01:21:46.371+0300] {dag.py:4180} INFO - Setting next_dagrun for dataset_with_extra_from_classic_operator to 2026-05-02 00:00:00+00:00, run_after=2026-05-03 00:00:00+00:00
[2026-05-04T01:21:46.388+0300] {processor.py:208} INFO - Processing /home/nikita/airflow-setup/ENV/lib/python3.12/site-packages/airflow/example_dags/example_outlet_event_extra.py took 0.410 seconds
[2026-05-04T01:23:01.158+0300] {processor.py:186} INFO - Started process (PID=17197) to work on /home/nikita/airflow-setup/ENV/lib/python3.12/site-packages/airflow/example_dags/example_outlet_event_extra.py
[2026-05-04T01:23:01.164+0300] {processor.py:914} INFO - Processing file /home/nikita/airflow-setup/ENV/lib/python3.12/site-packages/airflow/example_dags/example_outlet_event_extra.py for tasks to queue
[2026-05-04T01:23:01.165+0300] {logging_mixin.py:190} INFO - [2026-05-04T01:23:01.165+0300] {dagbag.py:588} INFO - Filling up the DagBag from /home/nikita/airflow-setup/ENV/lib/python3.12/site-packages/airflow/example_dags/example_outlet_event_extra.py
[2026-05-04T01:23:01.490+0300] {processor.py:925} INFO - DAG(s) 'dataset_with_extra_by_yield', 'dataset_with_extra_from_classic_operator', 'dataset_with_extra_by_context' retrieved from /home/nikita/airflow-setup/ENV/lib/python3.12/site-packages/airflow/example_dags/example_outlet_event_extra.py
[2026-05-04T01:23:01.504+0300] {logging_mixin.py:190} INFO - [2026-05-04T01:23:01.503+0300] {dag.py:3239} INFO - Sync 3 DAGs
[2026-05-04T01:23:01.519+0300] {logging_mixin.py:190} INFO - [2026-05-04T01:23:01.518+0300] {dag.py:4180} INFO - Setting next_dagrun for dataset_with_extra_by_context to 2026-05-02 00:00:00+00:00, run_after=2026-05-03 00:00:00+00:00
[2026-05-04T01:23:01.522+0300] {logging_mixin.py:190} INFO - [2026-05-04T01:23:01.522+0300] {dag.py:4180} INFO - Setting next_dagrun for dataset_with_extra_by_yield to 2026-05-02 00:00:00+00:00, run_after=2026-05-03 00:00:00+00:00
[2026-05-04T01:23:01.524+0300] {logging_mixin.py:190} INFO - [2026-05-04T01:23:01.523+0300] {dag.py:4180} INFO - Setting next_dagrun for dataset_with_extra_from_classic_operator to 2026-05-02 00:00:00+00:00, run_after=2026-05-03 00:00:00+00:00
[2026-05-04T01:23:01.545+0300] {processor.py:208} INFO - Processing /home/nikita/airflow-setup/ENV/lib/python3.12/site-packages/airflow/example_dags/example_outlet_event_extra.py took 0.391 seconds
[2026-05-04T01:24:05.870+0300] {processor.py:186} INFO - Started process (PID=17441) to work on /home/nikita/airflow-setup/ENV/lib/python3.12/site-packages/airflow/example_dags/example_outlet_event_extra.py
[2026-05-04T01:24:05.879+0300] {processor.py:914} INFO - Processing file /home/nikita/airflow-setup/ENV/lib/python3.12/site-packages/airflow/example_dags/example_outlet_event_extra.py for tasks to queue
[2026-05-04T01:24:05.880+0300] {logging_mixin.py:190} INFO - [2026-05-04T01:24:05.879+0300] {dagbag.py:588} INFO - Filling up the DagBag from /home/nikita/airflow-setup/ENV/lib/python3.12/site-packages/airflow/example_dags/example_outlet_event_extra.py
[2026-05-04T01:24:06.190+0300] {processor.py:925} INFO - DAG(s) 'dataset_with_extra_by_yield', 'dataset_with_extra_from_classic_operator', 'dataset_with_extra_by_context' retrieved from /home/nikita/airflow-setup/ENV/lib/python3.12/site-packages/airflow/example_dags/example_outlet_event_extra.py
[2026-05-04T01:24:06.202+0300] {logging_mixin.py:190} INFO - [2026-05-04T01:24:06.202+0300] {dag.py:3239} INFO - Sync 3 DAGs
[2026-05-04T01:24:06.215+0300] {logging_mixin.py:190} INFO - [2026-05-04T01:24:06.214+0300] {dag.py:4180} INFO - Setting next_dagrun for dataset_with_extra_by_context to 2026-05-02 00:00:00+00:00, run_after=2026-05-03 00:00:00+00:00
[2026-05-04T01:24:06.217+0300] {logging_mixin.py:190} INFO - [2026-05-04T01:24:06.217+0300] {dag.py:4180} INFO - Setting next_dagrun for dataset_with_extra_by_yield to 2026-05-02 00:00:00+00:00, run_after=2026-05-03 00:00:00+00:00
[2026-05-04T01:24:06.218+0300] {logging_mixin.py:190} INFO - [2026-05-04T01:24:06.218+0300] {dag.py:4180} INFO - Setting next_dagrun for dataset_with_extra_from_classic_operator to 2026-05-02 00:00:00+00:00, run_after=2026-05-03 00:00:00+00:00
[2026-05-04T01:24:06.243+0300] {processor.py:208} INFO - Processing /home/nikita/airflow-setup/ENV/lib/python3.12/site-packages/airflow/example_dags/example_outlet_event_extra.py took 0.377 seconds
[2026-05-04T01:25:16.235+0300] {processor.py:186} INFO - Started process (PID=18046) to work on /home/nikita/airflow-setup/ENV/lib/python3.12/site-packages/airflow/example_dags/example_outlet_event_extra.py
[2026-05-04T01:25:16.237+0300] {processor.py:914} INFO - Processing file /home/nikita/airflow-setup/ENV/lib/python3.12/site-packages/airflow/example_dags/example_outlet_event_extra.py for tasks to queue
[2026-05-04T01:25:16.237+0300] {logging_mixin.py:190} INFO - [2026-05-04T01:25:16.237+0300] {dagbag.py:588} INFO - Filling up the DagBag from /home/nikita/airflow-setup/ENV/lib/python3.12/site-packages/airflow/example_dags/example_outlet_event_extra.py
[2026-05-04T01:25:16.568+0300] {processor.py:925} INFO - DAG(s) 'dataset_with_extra_by_yield', 'dataset_with_extra_by_context', 'dataset_with_extra_from_classic_operator' retrieved from /home/nikita/airflow-setup/ENV/lib/python3.12/site-packages/airflow/example_dags/example_outlet_event_extra.py
[2026-05-04T01:25:16.583+0300] {logging_mixin.py:190} INFO - [2026-05-04T01:25:16.583+0300] {dag.py:3239} INFO - Sync 3 DAGs
[2026-05-04T01:25:16.596+0300] {logging_mixin.py:190} INFO - [2026-05-04T01:25:16.596+0300] {dag.py:4180} INFO - Setting next_dagrun for dataset_with_extra_by_context to 2026-05-02 00:00:00+00:00, run_after=2026-05-03 00:00:00+00:00
[2026-05-04T01:25:16.599+0300] {logging_mixin.py:190} INFO - [2026-05-04T01:25:16.598+0300] {dag.py:4180} INFO - Setting next_dagrun for dataset_with_extra_by_yield to 2026-05-02 00:00:00+00:00, run_after=2026-05-03 00:00:00+00:00
[2026-05-04T01:25:16.600+0300] {logging_mixin.py:190} INFO - [2026-05-04T01:25:16.600+0300] {dag.py:4180} INFO - Setting next_dagrun for dataset_with_extra_from_classic_operator to 2026-05-02 00:00:00+00:00, run_after=2026-05-03 00:00:00+00:00
[2026-05-04T01:25:16.616+0300] {processor.py:208} INFO - Processing /home/nikita/airflow-setup/ENV/lib/python3.12/site-packages/airflow/example_dags/example_outlet_event_extra.py took 0.385 seconds
[2026-05-04T01:26:25.775+0300] {processor.py:186} INFO - Started process (PID=19307) to work on /home/nikita/airflow-setup/ENV/lib/python3.12/site-packages/airflow/example_dags/example_outlet_event_extra.py
[2026-05-04T01:26:25.777+0300] {processor.py:914} INFO - Processing file /home/nikita/airflow-setup/ENV/lib/python3.12/site-packages/airflow/example_dags/example_outlet_event_extra.py for tasks to queue
[2026-05-04T01:26:25.778+0300] {logging_mixin.py:190} INFO - [2026-05-04T01:26:25.778+0300] {dagbag.py:588} INFO - Filling up the DagBag from /home/nikita/airflow-setup/ENV/lib/python3.12/site-packages/airflow/example_dags/example_outlet_event_extra.py
[2026-05-04T01:26:26.128+0300] {processor.py:925} INFO - DAG(s) 'dataset_with_extra_by_yield', 'dataset_with_extra_by_context', 'dataset_with_extra_from_classic_operator' retrieved from /home/nikita/airflow-setup/ENV/lib/python3.12/site-packages/airflow/example_dags/example_outlet_event_extra.py
[2026-05-04T01:26:26.144+0300] {logging_mixin.py:190} INFO - [2026-05-04T01:26:26.144+0300] {dag.py:3239} INFO - Sync 3 DAGs
[2026-05-04T01:26:26.162+0300] {logging_mixin.py:190} INFO - [2026-05-04T01:26:26.162+0300] {dag.py:4180} INFO - Setting next_dagrun for dataset_with_extra_by_context to 2026-05-02 00:00:00+00:00, run_after=2026-05-03 00:00:00+00:00
[2026-05-04T01:26:26.166+0300] {logging_mixin.py:190} INFO - [2026-05-04T01:26:26.166+0300] {dag.py:4180} INFO - Setting next_dagrun for dataset_with_extra_by_yield to 2026-05-02 00:00:00+00:00, run_after=2026-05-03 00:00:00+00:00
[2026-05-04T01:26:26.168+0300] {logging_mixin.py:190} INFO - [2026-05-04T01:26:26.167+0300] {dag.py:4180} INFO - Setting next_dagrun for dataset_with_extra_from_classic_operator to 2026-05-02 00:00:00+00:00, run_after=2026-05-03 00:00:00+00:00
[2026-05-04T01:26:26.186+0300] {processor.py:208} INFO - Processing /home/nikita/airflow-setup/ENV/lib/python3.12/site-packages/airflow/example_dags/example_outlet_event_extra.py took 0.416 seconds
[2026-05-04T01:27:33.890+0300] {processor.py:186} INFO - Started process (PID=19571) to work on /home/nikita/airflow-setup/ENV/lib/python3.12/site-packages/airflow/example_dags/example_outlet_event_extra.py
[2026-05-04T01:27:33.901+0300] {processor.py:914} INFO - Processing file /home/nikita/airflow-setup/ENV/lib/python3.12/site-packages/airflow/example_dags/example_outlet_event_extra.py for tasks to queue
[2026-05-04T01:27:33.903+0300] {logging_mixin.py:190} INFO - [2026-05-04T01:27:33.902+0300] {dagbag.py:588} INFO - Filling up the DagBag from /home/nikita/airflow-setup/ENV/lib/python3.12/site-packages/airflow/example_dags/example_outlet_event_extra.py
[2026-05-04T01:27:34.230+0300] {processor.py:925} INFO - DAG(s) 'dataset_with_extra_from_classic_operator', 'dataset_with_extra_by_context', 'dataset_with_extra_by_yield' retrieved from /home/nikita/airflow-setup/ENV/lib/python3.12/site-packages/airflow/example_dags/example_outlet_event_extra.py
[2026-05-04T01:27:34.243+0300] {logging_mixin.py:190} INFO - [2026-05-04T01:27:34.242+0300] {dag.py:3239} INFO - Sync 3 DAGs
[2026-05-04T01:27:34.258+0300] {logging_mixin.py:190} INFO - [2026-05-04T01:27:34.258+0300] {dag.py:4180} INFO - Setting next_dagrun for dataset_with_extra_by_context to 2026-05-02 00:00:00+00:00, run_after=2026-05-03 00:00:00+00:00
[2026-05-04T01:27:34.261+0300] {logging_mixin.py:190} INFO - [2026-05-04T01:27:34.261+0300] {dag.py:4180} INFO - Setting next_dagrun for dataset_with_extra_by_yield to 2026-05-02 00:00:00+00:00, run_after=2026-05-03 00:00:00+00:00
[2026-05-04T01:27:34.262+0300] {logging_mixin.py:190} INFO - [2026-05-04T01:27:34.262+0300] {dag.py:4180} INFO - Setting next_dagrun for dataset_with_extra_from_classic_operator to 2026-05-02 00:00:00+00:00, run_after=2026-05-03 00:00:00+00:00
[2026-05-04T01:27:34.294+0300] {processor.py:208} INFO - Processing /home/nikita/airflow-setup/ENV/lib/python3.12/site-packages/airflow/example_dags/example_outlet_event_extra.py took 0.408 seconds
[2026-05-04T01:28:48.713+0300] {processor.py:186} INFO - Started process (PID=19853) to work on /home/nikita/airflow-setup/ENV/lib/python3.12/site-packages/airflow/example_dags/example_outlet_event_extra.py
[2026-05-04T01:28:48.723+0300] {processor.py:914} INFO - Processing file /home/nikita/airflow-setup/ENV/lib/python3.12/site-packages/airflow/example_dags/example_outlet_event_extra.py for tasks to queue
[2026-05-04T01:28:48.724+0300] {logging_mixin.py:190} INFO - [2026-05-04T01:28:48.723+0300] {dagbag.py:588} INFO - Filling up the DagBag from /home/nikita/airflow-setup/ENV/lib/python3.12/site-packages/airflow/example_dags/example_outlet_event_extra.py
[2026-05-04T01:28:49.019+0300] {processor.py:925} INFO - DAG(s) 'dataset_with_extra_by_yield', 'dataset_with_extra_from_classic_operator', 'dataset_with_extra_by_context' retrieved from /home/nikita/airflow-setup/ENV/lib/python3.12/site-packages/airflow/example_dags/example_outlet_event_extra.py
[2026-05-04T01:28:49.031+0300] {logging_mixin.py:190} INFO - [2026-05-04T01:28:49.031+0300] {dag.py:3239} INFO - Sync 3 DAGs
[2026-05-04T01:28:49.043+0300] {logging_mixin.py:190} INFO - [2026-05-04T01:28:49.043+0300] {dag.py:4180} INFO - Setting next_dagrun for dataset_with_extra_by_context to 2026-05-02 00:00:00+00:00, run_after=2026-05-03 00:00:00+00:00
[2026-05-04T01:28:49.046+0300] {logging_mixin.py:190} INFO - [2026-05-04T01:28:49.046+0300] {dag.py:4180} INFO - Setting next_dagrun for dataset_with_extra_by_yield to 2026-05-02 00:00:00+00:00, run_after=2026-05-03 00:00:00+00:00
[2026-05-04T01:28:49.047+0300] {logging_mixin.py:190} INFO - [2026-05-04T01:28:49.047+0300] {dag.py:4180} INFO - Setting next_dagrun for dataset_with_extra_from_classic_operator to 2026-05-02 00:00:00+00:00, run_after=2026-05-03 00:00:00+00:00
[2026-05-04T01:28:49.065+0300] {processor.py:208} INFO - Processing /home/nikita/airflow-setup/ENV/lib/python3.12/site-packages/airflow/example_dags/example_outlet_event_extra.py took 0.356 seconds
[2026-05-04T01:29:57.203+0300] {processor.py:186} INFO - Started process (PID=20110) to work on /home/nikita/airflow-setup/ENV/lib/python3.12/site-packages/airflow/example_dags/example_outlet_event_extra.py
[2026-05-04T01:29:57.205+0300] {processor.py:914} INFO - Processing file /home/nikita/airflow-setup/ENV/lib/python3.12/site-packages/airflow/example_dags/example_outlet_event_extra.py for tasks to queue
[2026-05-04T01:29:57.208+0300] {logging_mixin.py:190} INFO - [2026-05-04T01:29:57.208+0300] {dagbag.py:588} INFO - Filling up the DagBag from /home/nikita/airflow-setup/ENV/lib/python3.12/site-packages/airflow/example_dags/example_outlet_event_extra.py
[2026-05-04T01:29:57.604+0300] {processor.py:925} INFO - DAG(s) 'dataset_with_extra_by_yield', 'dataset_with_extra_from_classic_operator', 'dataset_with_extra_by_context' retrieved from /home/nikita/airflow-setup/ENV/lib/python3.12/site-packages/airflow/example_dags/example_outlet_event_extra.py
[2026-05-04T01:29:57.618+0300] {logging_mixin.py:190} INFO - [2026-05-04T01:29:57.618+0300] {dag.py:3239} INFO - Sync 3 DAGs
[2026-05-04T01:29:57.632+0300] {logging_mixin.py:190} INFO - [2026-05-04T01:29:57.632+0300] {dag.py:4180} INFO - Setting next_dagrun for dataset_with_extra_by_context to 2026-05-02 00:00:00+00:00, run_after=2026-05-03 00:00:00+00:00
[2026-05-04T01:29:57.635+0300] {logging_mixin.py:190} INFO - [2026-05-04T01:29:57.635+0300] {dag.py:4180} INFO - Setting next_dagrun for dataset_with_extra_by_yield to 2026-05-02 00:00:00+00:00, run_after=2026-05-03 00:00:00+00:00
[2026-05-04T01:29:57.637+0300] {logging_mixin.py:190} INFO - [2026-05-04T01:29:57.636+0300] {dag.py:4180} INFO - Setting next_dagrun for dataset_with_extra_from_classic_operator to 2026-05-02 00:00:00+00:00, run_after=2026-05-03 00:00:00+00:00
[2026-05-04T01:29:57.660+0300] {processor.py:208} INFO - Processing /home/nikita/airflow-setup/ENV/lib/python3.12/site-packages/airflow/example_dags/example_outlet_event_extra.py took 0.466 seconds
[2026-05-04T01:31:11.481+0300] {processor.py:186} INFO - Started process (PID=20387) to work on /home/nikita/airflow-setup/ENV/lib/python3.12/site-packages/airflow/example_dags/example_outlet_event_extra.py
[2026-05-04T01:31:11.489+0300] {processor.py:914} INFO - Processing file /home/nikita/airflow-setup/ENV/lib/python3.12/site-packages/airflow/example_dags/example_outlet_event_extra.py for tasks to queue
[2026-05-04T01:31:11.490+0300] {logging_mixin.py:190} INFO - [2026-05-04T01:31:11.490+0300] {dagbag.py:588} INFO - Filling up the DagBag from /home/nikita/airflow-setup/ENV/lib/python3.12/site-packages/airflow/example_dags/example_outlet_event_extra.py
[2026-05-04T01:31:11.834+0300] {processor.py:925} INFO - DAG(s) 'dataset_with_extra_by_yield', 'dataset_with_extra_from_classic_operator', 'dataset_with_extra_by_context' retrieved from /home/nikita/airflow-setup/ENV/lib/python3.12/site-packages/airflow/example_dags/example_outlet_event_extra.py
[2026-05-04T01:31:11.851+0300] {logging_mixin.py:190} INFO - [2026-05-04T01:31:11.851+0300] {dag.py:3239} INFO - Sync 3 DAGs
[2026-05-04T01:31:11.869+0300] {logging_mixin.py:190} INFO - [2026-05-04T01:31:11.869+0300] {dag.py:4180} INFO - Setting next_dagrun for dataset_with_extra_by_context to 2026-05-02 00:00:00+00:00, run_after=2026-05-03 00:00:00+00:00
[2026-05-04T01:31:11.872+0300] {logging_mixin.py:190} INFO - [2026-05-04T01:31:11.872+0300] {dag.py:4180} INFO - Setting next_dagrun for dataset_with_extra_by_yield to 2026-05-02 00:00:00+00:00, run_after=2026-05-03 00:00:00+00:00
[2026-05-04T01:31:11.874+0300] {logging_mixin.py:190} INFO - [2026-05-04T01:31:11.874+0300] {dag.py:4180} INFO - Setting next_dagrun for dataset_with_extra_from_classic_operator to 2026-05-02 00:00:00+00:00, run_after=2026-05-03 00:00:00+00:00
[2026-05-04T01:31:11.893+0300] {processor.py:208} INFO - Processing /home/nikita/airflow-setup/ENV/lib/python3.12/site-packages/airflow/example_dags/example_outlet_event_extra.py took 0.417 seconds
[2026-05-04T01:32:30.891+0300] {processor.py:186} INFO - Started process (PID=20682) to work on /home/nikita/airflow-setup/ENV/lib/python3.12/site-packages/airflow/example_dags/example_outlet_event_extra.py
[2026-05-04T01:32:30.901+0300] {processor.py:914} INFO - Processing file /home/nikita/airflow-setup/ENV/lib/python3.12/site-packages/airflow/example_dags/example_outlet_event_extra.py for tasks to queue
[2026-05-04T01:32:30.903+0300] {logging_mixin.py:190} INFO - [2026-05-04T01:32:30.902+0300] {dagbag.py:588} INFO - Filling up the DagBag from /home/nikita/airflow-setup/ENV/lib/python3.12/site-packages/airflow/example_dags/example_outlet_event_extra.py
[2026-05-04T01:32:31.096+0300] {processor.py:925} INFO - DAG(s) 'dataset_with_extra_from_classic_operator', 'dataset_with_extra_by_context', 'dataset_with_extra_by_yield' retrieved from /home/nikita/airflow-setup/ENV/lib/python3.12/site-packages/airflow/example_dags/example_outlet_event_extra.py
[2026-05-04T01:32:31.112+0300] {logging_mixin.py:190} INFO - [2026-05-04T01:32:31.112+0300] {dag.py:3239} INFO - Sync 3 DAGs
[2026-05-04T01:32:31.130+0300] {logging_mixin.py:190} INFO - [2026-05-04T01:32:31.130+0300] {dag.py:4180} INFO - Setting next_dagrun for dataset_with_extra_by_context to 2026-05-02 00:00:00+00:00, run_after=2026-05-03 00:00:00+00:00
[2026-05-04T01:32:31.133+0300] {logging_mixin.py:190} INFO - [2026-05-04T01:32:31.133+0300] {dag.py:4180} INFO - Setting next_dagrun for dataset_with_extra_by_yield to 2026-05-02 00:00:00+00:00, run_after=2026-05-03 00:00:00+00:00
[2026-05-04T01:32:31.135+0300] {logging_mixin.py:190} INFO - [2026-05-04T01:32:31.135+0300] {dag.py:4180} INFO - Setting next_dagrun for dataset_with_extra_from_classic_operator to 2026-05-02 00:00:00+00:00, run_after=2026-05-03 00:00:00+00:00
[2026-05-04T01:32:31.157+0300] {processor.py:208} INFO - Processing /home/nikita/airflow-setup/ENV/lib/python3.12/site-packages/airflow/example_dags/example_outlet_event_extra.py took 0.269 seconds
[2026-05-04T01:33:37.212+0300] {processor.py:186} INFO - Started process (PID=21110) to work on /home/nikita/airflow-setup/ENV/lib/python3.12/site-packages/airflow/example_dags/example_outlet_event_extra.py
[2026-05-04T01:33:37.214+0300] {processor.py:914} INFO - Processing file /home/nikita/airflow-setup/ENV/lib/python3.12/site-packages/airflow/example_dags/example_outlet_event_extra.py for tasks to queue
[2026-05-04T01:33:37.216+0300] {logging_mixin.py:190} INFO - [2026-05-04T01:33:37.215+0300] {dagbag.py:588} INFO - Filling up the DagBag from /home/nikita/airflow-setup/ENV/lib/python3.12/site-packages/airflow/example_dags/example_outlet_event_extra.py
[2026-05-04T01:33:37.442+0300] {processor.py:925} INFO - DAG(s) 'dataset_with_extra_by_context', 'dataset_with_extra_by_yield', 'dataset_with_extra_from_classic_operator' retrieved from /home/nikita/airflow-setup/ENV/lib/python3.12/site-packages/airflow/example_dags/example_outlet_event_extra.py
[2026-05-04T01:33:37.459+0300] {logging_mixin.py:190} INFO - [2026-05-04T01:33:37.459+0300] {dag.py:3239} INFO - Sync 3 DAGs
[2026-05-04T01:33:37.477+0300] {logging_mixin.py:190} INFO - [2026-05-04T01:33:37.477+0300] {dag.py:4180} INFO - Setting next_dagrun for dataset_with_extra_by_context to 2026-05-02 00:00:00+00:00, run_after=2026-05-03 00:00:00+00:00
[2026-05-04T01:33:37.480+0300] {logging_mixin.py:190} INFO - [2026-05-04T01:33:37.480+0300] {dag.py:4180} INFO - Setting next_dagrun for dataset_with_extra_by_yield to 2026-05-02 00:00:00+00:00, run_after=2026-05-03 00:00:00+00:00
[2026-05-04T01:33:37.482+0300] {logging_mixin.py:190} INFO - [2026-05-04T01:33:37.481+0300] {dag.py:4180} INFO - Setting next_dagrun for dataset_with_extra_from_classic_operator to 2026-05-02 00:00:00+00:00, run_after=2026-05-03 00:00:00+00:00
[2026-05-04T01:33:37.502+0300] {processor.py:208} INFO - Processing /home/nikita/airflow-setup/ENV/lib/python3.12/site-packages/airflow/example_dags/example_outlet_event_extra.py took 0.300 seconds
[2026-05-04T01:34:40.279+0300] {processor.py:186} INFO - Started process (PID=21449) to work on /home/nikita/airflow-setup/ENV/lib/python3.12/site-packages/airflow/example_dags/example_outlet_event_extra.py
[2026-05-04T01:34:40.281+0300] {processor.py:914} INFO - Processing file /home/nikita/airflow-setup/ENV/lib/python3.12/site-packages/airflow/example_dags/example_outlet_event_extra.py for tasks to queue
[2026-05-04T01:34:40.283+0300] {logging_mixin.py:190} INFO - [2026-05-04T01:34:40.282+0300] {dagbag.py:588} INFO - Filling up the DagBag from /home/nikita/airflow-setup/ENV/lib/python3.12/site-packages/airflow/example_dags/example_outlet_event_extra.py
[2026-05-04T01:34:40.472+0300] {processor.py:925} INFO - DAG(s) 'dataset_with_extra_by_yield', 'dataset_with_extra_by_context', 'dataset_with_extra_from_classic_operator' retrieved from /home/nikita/airflow-setup/ENV/lib/python3.12/site-packages/airflow/example_dags/example_outlet_event_extra.py
[2026-05-04T01:34:40.487+0300] {logging_mixin.py:190} INFO - [2026-05-04T01:34:40.487+0300] {dag.py:3239} INFO - Sync 3 DAGs
[2026-05-04T01:34:40.504+0300] {logging_mixin.py:190} INFO - [2026-05-04T01:34:40.504+0300] {dag.py:4180} INFO - Setting next_dagrun for dataset_with_extra_by_context to 2026-05-02 00:00:00+00:00, run_after=2026-05-03 00:00:00+00:00
[2026-05-04T01:34:40.507+0300] {logging_mixin.py:190} INFO - [2026-05-04T01:34:40.507+0300] {dag.py:4180} INFO - Setting next_dagrun for dataset_with_extra_by_yield to 2026-05-02 00:00:00+00:00, run_after=2026-05-03 00:00:00+00:00
[2026-05-04T01:34:40.508+0300] {logging_mixin.py:190} INFO - [2026-05-04T01:34:40.508+0300] {dag.py:4180} INFO - Setting next_dagrun for dataset_with_extra_from_classic_operator to 2026-05-02 00:00:00+00:00, run_after=2026-05-03 00:00:00+00:00
[2026-05-04T01:34:40.529+0300] {processor.py:208} INFO - Processing /home/nikita/airflow-setup/ENV/lib/python3.12/site-packages/airflow/example_dags/example_outlet_event_extra.py took 0.253 seconds
[2026-05-04T01:35:42.680+0300] {processor.py:186} INFO - Started process (PID=21690) to work on /home/nikita/airflow-setup/ENV/lib/python3.12/site-packages/airflow/example_dags/example_outlet_event_extra.py
[2026-05-04T01:35:42.688+0300] {processor.py:914} INFO - Processing file /home/nikita/airflow-setup/ENV/lib/python3.12/site-packages/airflow/example_dags/example_outlet_event_extra.py for tasks to queue
[2026-05-04T01:35:42.690+0300] {logging_mixin.py:190} INFO - [2026-05-04T01:35:42.689+0300] {dagbag.py:588} INFO - Filling up the DagBag from /home/nikita/airflow-setup/ENV/lib/python3.12/site-packages/airflow/example_dags/example_outlet_event_extra.py
[2026-05-04T01:35:42.875+0300] {processor.py:925} INFO - DAG(s) 'dataset_with_extra_by_yield', 'dataset_with_extra_from_classic_operator', 'dataset_with_extra_by_context' retrieved from /home/nikita/airflow-setup/ENV/lib/python3.12/site-packages/airflow/example_dags/example_outlet_event_extra.py
[2026-05-04T01:35:42.888+0300] {logging_mixin.py:190} INFO - [2026-05-04T01:35:42.888+0300] {dag.py:3239} INFO - Sync 3 DAGs
[2026-05-04T01:35:42.901+0300] {logging_mixin.py:190} INFO - [2026-05-04T01:35:42.901+0300] {dag.py:4180} INFO - Setting next_dagrun for dataset_with_extra_by_context to 2026-05-02 00:00:00+00:00, run_after=2026-05-03 00:00:00+00:00
[2026-05-04T01:35:42.904+0300] {logging_mixin.py:190} INFO - [2026-05-04T01:35:42.904+0300] {dag.py:4180} INFO - Setting next_dagrun for dataset_with_extra_by_yield to 2026-05-02 00:00:00+00:00, run_after=2026-05-03 00:00:00+00:00
[2026-05-04T01:35:42.905+0300] {logging_mixin.py:190} INFO - [2026-05-04T01:35:42.905+0300] {dag.py:4180} INFO - Setting next_dagrun for dataset_with_extra_from_classic_operator to 2026-05-02 00:00:00+00:00, run_after=2026-05-03 00:00:00+00:00
[2026-05-04T01:35:42.922+0300] {processor.py:208} INFO - Processing /home/nikita/airflow-setup/ENV/lib/python3.12/site-packages/airflow/example_dags/example_outlet_event_extra.py took 0.246 seconds
