[2026-05-04T00:46:20.200+0300] {processor.py:186} INFO - Started process (PID=5978) to work on /home/nikita/airflow-setup/ENV/lib/python3.12/site-packages/airflow/example_dags/example_params_ui_tutorial.py
[2026-05-04T00:46:20.201+0300] {processor.py:914} INFO - Processing file /home/nikita/airflow-setup/ENV/lib/python3.12/site-packages/airflow/example_dags/example_params_ui_tutorial.py for tasks to queue
[2026-05-04T00:46:20.205+0300] {logging_mixin.py:190} INFO - [2026-05-04T00:46:20.204+0300] {dagbag.py:588} INFO - Filling up the DagBag from /home/nikita/airflow-setup/ENV/lib/python3.12/site-packages/airflow/example_dags/example_params_ui_tutorial.py
[2026-05-04T00:46:20.219+0300] {processor.py:925} INFO - DAG(s) 'example_params_ui_tutorial' retrieved from /home/nikita/airflow-setup/ENV/lib/python3.12/site-packages/airflow/example_dags/example_params_ui_tutorial.py
[2026-05-04T00:46:20.370+0300] {logging_mixin.py:190} INFO - [2026-05-04T00:46:20.369+0300] {override.py:1930} INFO - Created Permission View: can read on DAG:example_params_ui_tutorial
[2026-05-04T00:46:20.384+0300] {logging_mixin.py:190} INFO - [2026-05-04T00:46:20.383+0300] {override.py:1930} INFO - Created Permission View: can delete on DAG:example_params_ui_tutorial
[2026-05-04T00:46:20.397+0300] {logging_mixin.py:190} INFO - [2026-05-04T00:46:20.396+0300] {override.py:1930} INFO - Created Permission View: can edit on DAG:example_params_ui_tutorial
[2026-05-04T00:46:20.413+0300] {logging_mixin.py:190} INFO - [2026-05-04T00:46:20.413+0300] {override.py:1930} INFO - Created Permission View: can read on DAG Run:example_params_ui_tutorial
[2026-05-04T00:46:20.430+0300] {logging_mixin.py:190} INFO - [2026-05-04T00:46:20.429+0300] {override.py:1930} INFO - Created Permission View: can delete on DAG Run:example_params_ui_tutorial
[2026-05-04T00:46:20.441+0300] {logging_mixin.py:190} INFO - [2026-05-04T00:46:20.440+0300] {override.py:1930} INFO - Created Permission View: menu access on DAG Run:example_params_ui_tutorial
[2026-05-04T00:46:20.449+0300] {logging_mixin.py:190} INFO - [2026-05-04T00:46:20.448+0300] {override.py:1930} INFO - Created Permission View: can create on DAG Run:example_params_ui_tutorial
[2026-05-04T00:46:20.449+0300] {logging_mixin.py:190} INFO - [2026-05-04T00:46:20.449+0300] {dag.py:3239} INFO - Sync 1 DAGs
[2026-05-04T00:46:20.460+0300] {logging_mixin.py:190} INFO - [2026-05-04T00:46:20.459+0300] {dag.py:3262} INFO - Creating ORM DAG for example_params_ui_tutorial
[2026-05-04T00:46:20.461+0300] {logging_mixin.py:190} INFO - [2026-05-04T00:46:20.460+0300] {dag.py:4180} INFO - Setting next_dagrun for example_params_ui_tutorial to None, run_after=None
[2026-05-04T00:46:20.484+0300] {processor.py:208} INFO - Processing /home/nikita/airflow-setup/ENV/lib/python3.12/site-packages/airflow/example_dags/example_params_ui_tutorial.py took 0.291 seconds
[2026-05-04T00:47:27.014+0300] {processor.py:186} INFO - Started process (PID=6056) to work on /home/nikita/airflow-setup/ENV/lib/python3.12/site-packages/airflow/example_dags/example_params_ui_tutorial.py
[2026-05-04T00:47:27.022+0300] {processor.py:914} INFO - Processing file /home/nikita/airflow-setup/ENV/lib/python3.12/site-packages/airflow/example_dags/example_params_ui_tutorial.py for tasks to queue
[2026-05-04T00:47:27.024+0300] {logging_mixin.py:190} INFO - [2026-05-04T00:47:27.024+0300] {dagbag.py:588} INFO - Filling up the DagBag from /home/nikita/airflow-setup/ENV/lib/python3.12/site-packages/airflow/example_dags/example_params_ui_tutorial.py
[2026-05-04T00:47:27.030+0300] {processor.py:925} INFO - DAG(s) 'example_params_ui_tutorial' retrieved from /home/nikita/airflow-setup/ENV/lib/python3.12/site-packages/airflow/example_dags/example_params_ui_tutorial.py
[2026-05-04T00:47:27.053+0300] {logging_mixin.py:190} INFO - [2026-05-04T00:47:27.053+0300] {dag.py:3239} INFO - Sync 1 DAGs
[2026-05-04T00:47:27.061+0300] {logging_mixin.py:190} INFO - [2026-05-04T00:47:27.061+0300] {dag.py:4180} INFO - Setting next_dagrun for example_params_ui_tutorial to None, run_after=None
[2026-05-04T00:47:27.078+0300] {processor.py:208} INFO - Processing /home/nikita/airflow-setup/ENV/lib/python3.12/site-packages/airflow/example_dags/example_params_ui_tutorial.py took 0.069 seconds
[2026-05-04T00:48:26.231+0300] {processor.py:186} INFO - Started process (PID=6113) to work on /home/nikita/airflow-setup/ENV/lib/python3.12/site-packages/airflow/example_dags/example_params_ui_tutorial.py
[2026-05-04T00:48:26.233+0300] {processor.py:914} INFO - Processing file /home/nikita/airflow-setup/ENV/lib/python3.12/site-packages/airflow/example_dags/example_params_ui_tutorial.py for tasks to queue
[2026-05-04T00:48:26.234+0300] {logging_mixin.py:190} INFO - [2026-05-04T00:48:26.234+0300] {dagbag.py:588} INFO - Filling up the DagBag from /home/nikita/airflow-setup/ENV/lib/python3.12/site-packages/airflow/example_dags/example_params_ui_tutorial.py
[2026-05-04T00:48:26.241+0300] {processor.py:925} INFO - DAG(s) 'example_params_ui_tutorial' retrieved from /home/nikita/airflow-setup/ENV/lib/python3.12/site-packages/airflow/example_dags/example_params_ui_tutorial.py
[2026-05-04T00:48:26.272+0300] {logging_mixin.py:190} INFO - [2026-05-04T00:48:26.271+0300] {dag.py:3239} INFO - Sync 1 DAGs
[2026-05-04T00:48:26.281+0300] {logging_mixin.py:190} INFO - [2026-05-04T00:48:26.281+0300] {dag.py:4180} INFO - Setting next_dagrun for example_params_ui_tutorial to None, run_after=None
[2026-05-04T00:48:26.297+0300] {processor.py:208} INFO - Processing /home/nikita/airflow-setup/ENV/lib/python3.12/site-packages/airflow/example_dags/example_params_ui_tutorial.py took 0.070 seconds
[2026-05-04T00:49:26.516+0300] {processor.py:186} INFO - Started process (PID=6171) to work on /home/nikita/airflow-setup/ENV/lib/python3.12/site-packages/airflow/example_dags/example_params_ui_tutorial.py
[2026-05-04T00:49:26.526+0300] {processor.py:914} INFO - Processing file /home/nikita/airflow-setup/ENV/lib/python3.12/site-packages/airflow/example_dags/example_params_ui_tutorial.py for tasks to queue
[2026-05-04T00:49:26.527+0300] {logging_mixin.py:190} INFO - [2026-05-04T00:49:26.527+0300] {dagbag.py:588} INFO - Filling up the DagBag from /home/nikita/airflow-setup/ENV/lib/python3.12/site-packages/airflow/example_dags/example_params_ui_tutorial.py
[2026-05-04T00:49:26.534+0300] {processor.py:925} INFO - DAG(s) 'example_params_ui_tutorial' retrieved from /home/nikita/airflow-setup/ENV/lib/python3.12/site-packages/airflow/example_dags/example_params_ui_tutorial.py
[2026-05-04T00:49:26.556+0300] {logging_mixin.py:190} INFO - [2026-05-04T00:49:26.556+0300] {dag.py:3239} INFO - Sync 1 DAGs
[2026-05-04T00:49:26.565+0300] {logging_mixin.py:190} INFO - [2026-05-04T00:49:26.564+0300] {dag.py:4180} INFO - Setting next_dagrun for example_params_ui_tutorial to None, run_after=None
[2026-05-04T00:49:26.581+0300] {processor.py:208} INFO - Processing /home/nikita/airflow-setup/ENV/lib/python3.12/site-packages/airflow/example_dags/example_params_ui_tutorial.py took 0.069 seconds
[2026-05-04T00:50:23.677+0300] {processor.py:186} INFO - Started process (PID=6247) to work on /home/nikita/airflow-setup/ENV/lib/python3.12/site-packages/airflow/example_dags/example_params_ui_tutorial.py
[2026-05-04T00:50:23.686+0300] {processor.py:914} INFO - Processing file /home/nikita/airflow-setup/ENV/lib/python3.12/site-packages/airflow/example_dags/example_params_ui_tutorial.py for tasks to queue
[2026-05-04T00:50:23.688+0300] {logging_mixin.py:190} INFO - [2026-05-04T00:50:23.688+0300] {dagbag.py:588} INFO - Filling up the DagBag from /home/nikita/airflow-setup/ENV/lib/python3.12/site-packages/airflow/example_dags/example_params_ui_tutorial.py
[2026-05-04T00:50:23.694+0300] {processor.py:925} INFO - DAG(s) 'example_params_ui_tutorial' retrieved from /home/nikita/airflow-setup/ENV/lib/python3.12/site-packages/airflow/example_dags/example_params_ui_tutorial.py
[2026-05-04T00:50:23.719+0300] {logging_mixin.py:190} INFO - [2026-05-04T00:50:23.719+0300] {dag.py:3239} INFO - Sync 1 DAGs
[2026-05-04T00:50:23.729+0300] {logging_mixin.py:190} INFO - [2026-05-04T00:50:23.728+0300] {dag.py:4180} INFO - Setting next_dagrun for example_params_ui_tutorial to None, run_after=None
[2026-05-04T00:50:23.746+0300] {processor.py:208} INFO - Processing /home/nikita/airflow-setup/ENV/lib/python3.12/site-packages/airflow/example_dags/example_params_ui_tutorial.py took 0.073 seconds
[2026-05-04T00:51:21.634+0300] {processor.py:186} INFO - Started process (PID=6310) to work on /home/nikita/airflow-setup/ENV/lib/python3.12/site-packages/airflow/example_dags/example_params_ui_tutorial.py
[2026-05-04T00:51:21.644+0300] {processor.py:914} INFO - Processing file /home/nikita/airflow-setup/ENV/lib/python3.12/site-packages/airflow/example_dags/example_params_ui_tutorial.py for tasks to queue
[2026-05-04T00:51:21.646+0300] {logging_mixin.py:190} INFO - [2026-05-04T00:51:21.646+0300] {dagbag.py:588} INFO - Filling up the DagBag from /home/nikita/airflow-setup/ENV/lib/python3.12/site-packages/airflow/example_dags/example_params_ui_tutorial.py
[2026-05-04T00:51:21.654+0300] {processor.py:925} INFO - DAG(s) 'example_params_ui_tutorial' retrieved from /home/nikita/airflow-setup/ENV/lib/python3.12/site-packages/airflow/example_dags/example_params_ui_tutorial.py
[2026-05-04T00:51:21.687+0300] {logging_mixin.py:190} INFO - [2026-05-04T00:51:21.687+0300] {dag.py:3239} INFO - Sync 1 DAGs
[2026-05-04T00:51:21.708+0300] {logging_mixin.py:190} INFO - [2026-05-04T00:51:21.708+0300] {dag.py:4180} INFO - Setting next_dagrun for example_params_ui_tutorial to None, run_after=None
[2026-05-04T00:51:21.751+0300] {processor.py:208} INFO - Processing /home/nikita/airflow-setup/ENV/lib/python3.12/site-packages/airflow/example_dags/example_params_ui_tutorial.py took 0.125 seconds
[2026-05-04T00:52:19.099+0300] {processor.py:186} INFO - Started process (PID=6364) to work on /home/nikita/airflow-setup/ENV/lib/python3.12/site-packages/airflow/example_dags/example_params_ui_tutorial.py
[2026-05-04T00:52:19.101+0300] {processor.py:914} INFO - Processing file /home/nikita/airflow-setup/ENV/lib/python3.12/site-packages/airflow/example_dags/example_params_ui_tutorial.py for tasks to queue
[2026-05-04T00:52:19.104+0300] {logging_mixin.py:190} INFO - [2026-05-04T00:52:19.104+0300] {dagbag.py:588} INFO - Filling up the DagBag from /home/nikita/airflow-setup/ENV/lib/python3.12/site-packages/airflow/example_dags/example_params_ui_tutorial.py
[2026-05-04T00:52:19.125+0300] {processor.py:925} INFO - DAG(s) 'example_params_ui_tutorial' retrieved from /home/nikita/airflow-setup/ENV/lib/python3.12/site-packages/airflow/example_dags/example_params_ui_tutorial.py
[2026-05-04T00:52:19.175+0300] {logging_mixin.py:190} INFO - [2026-05-04T00:52:19.174+0300] {dag.py:3239} INFO - Sync 1 DAGs
[2026-05-04T00:52:19.187+0300] {logging_mixin.py:190} INFO - [2026-05-04T00:52:19.187+0300] {dag.py:4180} INFO - Setting next_dagrun for example_params_ui_tutorial to None, run_after=None
[2026-05-04T00:52:19.219+0300] {processor.py:208} INFO - Processing /home/nikita/airflow-setup/ENV/lib/python3.12/site-packages/airflow/example_dags/example_params_ui_tutorial.py took 0.131 seconds
[2026-05-04T00:53:21.126+0300] {processor.py:186} INFO - Started process (PID=6443) to work on /home/nikita/airflow-setup/ENV/lib/python3.12/site-packages/airflow/example_dags/example_params_ui_tutorial.py
[2026-05-04T00:53:21.135+0300] {processor.py:914} INFO - Processing file /home/nikita/airflow-setup/ENV/lib/python3.12/site-packages/airflow/example_dags/example_params_ui_tutorial.py for tasks to queue
[2026-05-04T00:53:21.138+0300] {logging_mixin.py:190} INFO - [2026-05-04T00:53:21.137+0300] {dagbag.py:588} INFO - Filling up the DagBag from /home/nikita/airflow-setup/ENV/lib/python3.12/site-packages/airflow/example_dags/example_params_ui_tutorial.py
[2026-05-04T00:53:21.146+0300] {processor.py:925} INFO - DAG(s) 'example_params_ui_tutorial' retrieved from /home/nikita/airflow-setup/ENV/lib/python3.12/site-packages/airflow/example_dags/example_params_ui_tutorial.py
[2026-05-04T00:53:21.177+0300] {logging_mixin.py:190} INFO - [2026-05-04T00:53:21.177+0300] {dag.py:3239} INFO - Sync 1 DAGs
[2026-05-04T00:53:21.189+0300] {logging_mixin.py:190} INFO - [2026-05-04T00:53:21.189+0300] {dag.py:4180} INFO - Setting next_dagrun for example_params_ui_tutorial to None, run_after=None
[2026-05-04T00:53:21.217+0300] {processor.py:208} INFO - Processing /home/nikita/airflow-setup/ENV/lib/python3.12/site-packages/airflow/example_dags/example_params_ui_tutorial.py took 0.096 seconds
[2026-05-04T00:54:20.550+0300] {processor.py:186} INFO - Started process (PID=6500) to work on /home/nikita/airflow-setup/ENV/lib/python3.12/site-packages/airflow/example_dags/example_params_ui_tutorial.py
[2026-05-04T00:54:20.558+0300] {processor.py:914} INFO - Processing file /home/nikita/airflow-setup/ENV/lib/python3.12/site-packages/airflow/example_dags/example_params_ui_tutorial.py for tasks to queue
[2026-05-04T00:54:20.560+0300] {logging_mixin.py:190} INFO - [2026-05-04T00:54:20.560+0300] {dagbag.py:588} INFO - Filling up the DagBag from /home/nikita/airflow-setup/ENV/lib/python3.12/site-packages/airflow/example_dags/example_params_ui_tutorial.py
[2026-05-04T00:54:20.567+0300] {processor.py:925} INFO - DAG(s) 'example_params_ui_tutorial' retrieved from /home/nikita/airflow-setup/ENV/lib/python3.12/site-packages/airflow/example_dags/example_params_ui_tutorial.py
[2026-05-04T00:54:20.595+0300] {logging_mixin.py:190} INFO - [2026-05-04T00:54:20.594+0300] {dag.py:3239} INFO - Sync 1 DAGs
[2026-05-04T00:54:20.605+0300] {logging_mixin.py:190} INFO - [2026-05-04T00:54:20.605+0300] {dag.py:4180} INFO - Setting next_dagrun for example_params_ui_tutorial to None, run_after=None
[2026-05-04T00:54:20.623+0300] {processor.py:208} INFO - Processing /home/nikita/airflow-setup/ENV/lib/python3.12/site-packages/airflow/example_dags/example_params_ui_tutorial.py took 0.077 seconds
[2026-05-04T00:55:24.705+0300] {processor.py:186} INFO - Started process (PID=6569) to work on /home/nikita/airflow-setup/ENV/lib/python3.12/site-packages/airflow/example_dags/example_params_ui_tutorial.py
[2026-05-04T00:55:24.707+0300] {processor.py:914} INFO - Processing file /home/nikita/airflow-setup/ENV/lib/python3.12/site-packages/airflow/example_dags/example_params_ui_tutorial.py for tasks to queue
[2026-05-04T00:55:24.708+0300] {logging_mixin.py:190} INFO - [2026-05-04T00:55:24.708+0300] {dagbag.py:588} INFO - Filling up the DagBag from /home/nikita/airflow-setup/ENV/lib/python3.12/site-packages/airflow/example_dags/example_params_ui_tutorial.py
[2026-05-04T00:55:24.716+0300] {processor.py:925} INFO - DAG(s) 'example_params_ui_tutorial' retrieved from /home/nikita/airflow-setup/ENV/lib/python3.12/site-packages/airflow/example_dags/example_params_ui_tutorial.py
[2026-05-04T00:55:24.741+0300] {logging_mixin.py:190} INFO - [2026-05-04T00:55:24.740+0300] {dag.py:3239} INFO - Sync 1 DAGs
[2026-05-04T00:55:24.749+0300] {logging_mixin.py:190} INFO - [2026-05-04T00:55:24.749+0300] {dag.py:4180} INFO - Setting next_dagrun for example_params_ui_tutorial to None, run_after=None
[2026-05-04T00:55:24.766+0300] {processor.py:208} INFO - Processing /home/nikita/airflow-setup/ENV/lib/python3.12/site-packages/airflow/example_dags/example_params_ui_tutorial.py took 0.065 seconds
[2026-05-04T00:56:25.125+0300] {processor.py:186} INFO - Started process (PID=6628) to work on /home/nikita/airflow-setup/ENV/lib/python3.12/site-packages/airflow/example_dags/example_params_ui_tutorial.py
[2026-05-04T00:56:25.134+0300] {processor.py:914} INFO - Processing file /home/nikita/airflow-setup/ENV/lib/python3.12/site-packages/airflow/example_dags/example_params_ui_tutorial.py for tasks to queue
[2026-05-04T00:56:25.136+0300] {logging_mixin.py:190} INFO - [2026-05-04T00:56:25.136+0300] {dagbag.py:588} INFO - Filling up the DagBag from /home/nikita/airflow-setup/ENV/lib/python3.12/site-packages/airflow/example_dags/example_params_ui_tutorial.py
[2026-05-04T00:56:25.144+0300] {processor.py:925} INFO - DAG(s) 'example_params_ui_tutorial' retrieved from /home/nikita/airflow-setup/ENV/lib/python3.12/site-packages/airflow/example_dags/example_params_ui_tutorial.py
[2026-05-04T00:56:25.170+0300] {logging_mixin.py:190} INFO - [2026-05-04T00:56:25.170+0300] {dag.py:3239} INFO - Sync 1 DAGs
[2026-05-04T00:56:25.181+0300] {logging_mixin.py:190} INFO - [2026-05-04T00:56:25.181+0300] {dag.py:4180} INFO - Setting next_dagrun for example_params_ui_tutorial to None, run_after=None
[2026-05-04T00:56:25.203+0300] {processor.py:208} INFO - Processing /home/nikita/airflow-setup/ENV/lib/python3.12/site-packages/airflow/example_dags/example_params_ui_tutorial.py took 0.083 seconds
[2026-05-04T00:57:21.911+0300] {processor.py:186} INFO - Started process (PID=7044) to work on /home/nikita/airflow-setup/ENV/lib/python3.12/site-packages/airflow/example_dags/example_params_ui_tutorial.py
[2026-05-04T00:57:21.920+0300] {processor.py:914} INFO - Processing file /home/nikita/airflow-setup/ENV/lib/python3.12/site-packages/airflow/example_dags/example_params_ui_tutorial.py for tasks to queue
[2026-05-04T00:57:21.922+0300] {logging_mixin.py:190} INFO - [2026-05-04T00:57:21.922+0300] {dagbag.py:588} INFO - Filling up the DagBag from /home/nikita/airflow-setup/ENV/lib/python3.12/site-packages/airflow/example_dags/example_params_ui_tutorial.py
[2026-05-04T00:57:21.931+0300] {processor.py:925} INFO - DAG(s) 'example_params_ui_tutorial' retrieved from /home/nikita/airflow-setup/ENV/lib/python3.12/site-packages/airflow/example_dags/example_params_ui_tutorial.py
[2026-05-04T00:57:21.958+0300] {logging_mixin.py:190} INFO - [2026-05-04T00:57:21.958+0300] {dag.py:3239} INFO - Sync 1 DAGs
[2026-05-04T00:57:21.967+0300] {logging_mixin.py:190} INFO - [2026-05-04T00:57:21.967+0300] {dag.py:4180} INFO - Setting next_dagrun for example_params_ui_tutorial to None, run_after=None
[2026-05-04T00:57:21.987+0300] {processor.py:208} INFO - Processing /home/nikita/airflow-setup/ENV/lib/python3.12/site-packages/airflow/example_dags/example_params_ui_tutorial.py took 0.081 seconds
[2026-05-04T00:58:21.410+0300] {processor.py:186} INFO - Started process (PID=7271) to work on /home/nikita/airflow-setup/ENV/lib/python3.12/site-packages/airflow/example_dags/example_params_ui_tutorial.py
[2026-05-04T00:58:21.419+0300] {processor.py:914} INFO - Processing file /home/nikita/airflow-setup/ENV/lib/python3.12/site-packages/airflow/example_dags/example_params_ui_tutorial.py for tasks to queue
[2026-05-04T00:58:21.423+0300] {logging_mixin.py:190} INFO - [2026-05-04T00:58:21.422+0300] {dagbag.py:588} INFO - Filling up the DagBag from /home/nikita/airflow-setup/ENV/lib/python3.12/site-packages/airflow/example_dags/example_params_ui_tutorial.py
[2026-05-04T00:58:21.430+0300] {processor.py:925} INFO - DAG(s) 'example_params_ui_tutorial' retrieved from /home/nikita/airflow-setup/ENV/lib/python3.12/site-packages/airflow/example_dags/example_params_ui_tutorial.py
[2026-05-04T00:58:21.453+0300] {logging_mixin.py:190} INFO - [2026-05-04T00:58:21.453+0300] {dag.py:3239} INFO - Sync 1 DAGs
[2026-05-04T00:58:21.462+0300] {logging_mixin.py:190} INFO - [2026-05-04T00:58:21.462+0300] {dag.py:4180} INFO - Setting next_dagrun for example_params_ui_tutorial to None, run_after=None
[2026-05-04T00:58:21.480+0300] {processor.py:208} INFO - Processing /home/nikita/airflow-setup/ENV/lib/python3.12/site-packages/airflow/example_dags/example_params_ui_tutorial.py took 0.074 seconds
[2026-05-04T00:59:19.541+0300] {processor.py:186} INFO - Started process (PID=7531) to work on /home/nikita/airflow-setup/ENV/lib/python3.12/site-packages/airflow/example_dags/example_params_ui_tutorial.py
[2026-05-04T00:59:19.543+0300] {processor.py:914} INFO - Processing file /home/nikita/airflow-setup/ENV/lib/python3.12/site-packages/airflow/example_dags/example_params_ui_tutorial.py for tasks to queue
[2026-05-04T00:59:19.546+0300] {logging_mixin.py:190} INFO - [2026-05-04T00:59:19.545+0300] {dagbag.py:588} INFO - Filling up the DagBag from /home/nikita/airflow-setup/ENV/lib/python3.12/site-packages/airflow/example_dags/example_params_ui_tutorial.py
[2026-05-04T00:59:19.555+0300] {processor.py:925} INFO - DAG(s) 'example_params_ui_tutorial' retrieved from /home/nikita/airflow-setup/ENV/lib/python3.12/site-packages/airflow/example_dags/example_params_ui_tutorial.py
[2026-05-04T00:59:19.584+0300] {logging_mixin.py:190} INFO - [2026-05-04T00:59:19.584+0300] {dag.py:3239} INFO - Sync 1 DAGs
[2026-05-04T00:59:19.595+0300] {logging_mixin.py:190} INFO - [2026-05-04T00:59:19.595+0300] {dag.py:4180} INFO - Setting next_dagrun for example_params_ui_tutorial to None, run_after=None
[2026-05-04T00:59:19.612+0300] {processor.py:208} INFO - Processing /home/nikita/airflow-setup/ENV/lib/python3.12/site-packages/airflow/example_dags/example_params_ui_tutorial.py took 0.077 seconds
[2026-05-04T01:00:18.599+0300] {processor.py:186} INFO - Started process (PID=8320) to work on /home/nikita/airflow-setup/ENV/lib/python3.12/site-packages/airflow/example_dags/example_params_ui_tutorial.py
[2026-05-04T01:00:18.609+0300] {processor.py:914} INFO - Processing file /home/nikita/airflow-setup/ENV/lib/python3.12/site-packages/airflow/example_dags/example_params_ui_tutorial.py for tasks to queue
[2026-05-04T01:00:18.611+0300] {logging_mixin.py:190} INFO - [2026-05-04T01:00:18.610+0300] {dagbag.py:588} INFO - Filling up the DagBag from /home/nikita/airflow-setup/ENV/lib/python3.12/site-packages/airflow/example_dags/example_params_ui_tutorial.py
[2026-05-04T01:00:18.618+0300] {processor.py:925} INFO - DAG(s) 'example_params_ui_tutorial' retrieved from /home/nikita/airflow-setup/ENV/lib/python3.12/site-packages/airflow/example_dags/example_params_ui_tutorial.py
[2026-05-04T01:00:18.642+0300] {logging_mixin.py:190} INFO - [2026-05-04T01:00:18.642+0300] {dag.py:3239} INFO - Sync 1 DAGs
[2026-05-04T01:00:18.651+0300] {logging_mixin.py:190} INFO - [2026-05-04T01:00:18.651+0300] {dag.py:4180} INFO - Setting next_dagrun for example_params_ui_tutorial to None, run_after=None
[2026-05-04T01:00:18.667+0300] {processor.py:208} INFO - Processing /home/nikita/airflow-setup/ENV/lib/python3.12/site-packages/airflow/example_dags/example_params_ui_tutorial.py took 0.073 seconds
[2026-05-04T01:01:24.831+0300] {processor.py:186} INFO - Started process (PID=8762) to work on /home/nikita/airflow-setup/ENV/lib/python3.12/site-packages/airflow/example_dags/example_params_ui_tutorial.py
[2026-05-04T01:01:24.833+0300] {processor.py:914} INFO - Processing file /home/nikita/airflow-setup/ENV/lib/python3.12/site-packages/airflow/example_dags/example_params_ui_tutorial.py for tasks to queue
[2026-05-04T01:01:24.834+0300] {logging_mixin.py:190} INFO - [2026-05-04T01:01:24.833+0300] {dagbag.py:588} INFO - Filling up the DagBag from /home/nikita/airflow-setup/ENV/lib/python3.12/site-packages/airflow/example_dags/example_params_ui_tutorial.py
[2026-05-04T01:01:24.842+0300] {processor.py:925} INFO - DAG(s) 'example_params_ui_tutorial' retrieved from /home/nikita/airflow-setup/ENV/lib/python3.12/site-packages/airflow/example_dags/example_params_ui_tutorial.py
[2026-05-04T01:01:24.869+0300] {logging_mixin.py:190} INFO - [2026-05-04T01:01:24.869+0300] {dag.py:3239} INFO - Sync 1 DAGs
[2026-05-04T01:01:24.880+0300] {logging_mixin.py:190} INFO - [2026-05-04T01:01:24.879+0300] {dag.py:4180} INFO - Setting next_dagrun for example_params_ui_tutorial to None, run_after=None
[2026-05-04T01:01:24.896+0300] {processor.py:208} INFO - Processing /home/nikita/airflow-setup/ENV/lib/python3.12/site-packages/airflow/example_dags/example_params_ui_tutorial.py took 0.070 seconds
[2026-05-04T01:02:33.118+0300] {processor.py:186} INFO - Started process (PID=9380) to work on /home/nikita/airflow-setup/ENV/lib/python3.12/site-packages/airflow/example_dags/example_params_ui_tutorial.py
[2026-05-04T01:02:33.127+0300] {processor.py:914} INFO - Processing file /home/nikita/airflow-setup/ENV/lib/python3.12/site-packages/airflow/example_dags/example_params_ui_tutorial.py for tasks to queue
[2026-05-04T01:02:33.128+0300] {logging_mixin.py:190} INFO - [2026-05-04T01:02:33.128+0300] {dagbag.py:588} INFO - Filling up the DagBag from /home/nikita/airflow-setup/ENV/lib/python3.12/site-packages/airflow/example_dags/example_params_ui_tutorial.py
[2026-05-04T01:02:33.135+0300] {processor.py:925} INFO - DAG(s) 'example_params_ui_tutorial' retrieved from /home/nikita/airflow-setup/ENV/lib/python3.12/site-packages/airflow/example_dags/example_params_ui_tutorial.py
[2026-05-04T01:02:33.158+0300] {logging_mixin.py:190} INFO - [2026-05-04T01:02:33.158+0300] {dag.py:3239} INFO - Sync 1 DAGs
[2026-05-04T01:02:33.166+0300] {logging_mixin.py:190} INFO - [2026-05-04T01:02:33.166+0300] {dag.py:4180} INFO - Setting next_dagrun for example_params_ui_tutorial to None, run_after=None
[2026-05-04T01:02:33.182+0300] {processor.py:208} INFO - Processing /home/nikita/airflow-setup/ENV/lib/python3.12/site-packages/airflow/example_dags/example_params_ui_tutorial.py took 0.068 seconds
[2026-05-04T01:03:36.601+0300] {processor.py:186} INFO - Started process (PID=9740) to work on /home/nikita/airflow-setup/ENV/lib/python3.12/site-packages/airflow/example_dags/example_params_ui_tutorial.py
[2026-05-04T01:03:36.603+0300] {processor.py:914} INFO - Processing file /home/nikita/airflow-setup/ENV/lib/python3.12/site-packages/airflow/example_dags/example_params_ui_tutorial.py for tasks to queue
[2026-05-04T01:03:36.604+0300] {logging_mixin.py:190} INFO - [2026-05-04T01:03:36.604+0300] {dagbag.py:588} INFO - Filling up the DagBag from /home/nikita/airflow-setup/ENV/lib/python3.12/site-packages/airflow/example_dags/example_params_ui_tutorial.py
[2026-05-04T01:03:36.611+0300] {processor.py:925} INFO - DAG(s) 'example_params_ui_tutorial' retrieved from /home/nikita/airflow-setup/ENV/lib/python3.12/site-packages/airflow/example_dags/example_params_ui_tutorial.py
[2026-05-04T01:03:36.635+0300] {logging_mixin.py:190} INFO - [2026-05-04T01:03:36.635+0300] {dag.py:3239} INFO - Sync 1 DAGs
[2026-05-04T01:03:36.644+0300] {logging_mixin.py:190} INFO - [2026-05-04T01:03:36.644+0300] {dag.py:4180} INFO - Setting next_dagrun for example_params_ui_tutorial to None, run_after=None
[2026-05-04T01:03:36.660+0300] {processor.py:208} INFO - Processing /home/nikita/airflow-setup/ENV/lib/python3.12/site-packages/airflow/example_dags/example_params_ui_tutorial.py took 0.063 seconds
[2026-05-04T01:04:39.601+0300] {processor.py:186} INFO - Started process (PID=10012) to work on /home/nikita/airflow-setup/ENV/lib/python3.12/site-packages/airflow/example_dags/example_params_ui_tutorial.py
[2026-05-04T01:04:39.610+0300] {processor.py:914} INFO - Processing file /home/nikita/airflow-setup/ENV/lib/python3.12/site-packages/airflow/example_dags/example_params_ui_tutorial.py for tasks to queue
[2026-05-04T01:04:39.611+0300] {logging_mixin.py:190} INFO - [2026-05-04T01:04:39.611+0300] {dagbag.py:588} INFO - Filling up the DagBag from /home/nikita/airflow-setup/ENV/lib/python3.12/site-packages/airflow/example_dags/example_params_ui_tutorial.py
[2026-05-04T01:04:39.619+0300] {processor.py:925} INFO - DAG(s) 'example_params_ui_tutorial' retrieved from /home/nikita/airflow-setup/ENV/lib/python3.12/site-packages/airflow/example_dags/example_params_ui_tutorial.py
[2026-05-04T01:04:39.647+0300] {logging_mixin.py:190} INFO - [2026-05-04T01:04:39.646+0300] {dag.py:3239} INFO - Sync 1 DAGs
[2026-05-04T01:04:39.657+0300] {logging_mixin.py:190} INFO - [2026-05-04T01:04:39.656+0300] {dag.py:4180} INFO - Setting next_dagrun for example_params_ui_tutorial to None, run_after=None
[2026-05-04T01:04:39.674+0300] {processor.py:208} INFO - Processing /home/nikita/airflow-setup/ENV/lib/python3.12/site-packages/airflow/example_dags/example_params_ui_tutorial.py took 0.078 seconds
[2026-05-04T01:05:47.938+0300] {processor.py:186} INFO - Started process (PID=10279) to work on /home/nikita/airflow-setup/ENV/lib/python3.12/site-packages/airflow/example_dags/example_params_ui_tutorial.py
[2026-05-04T01:05:47.947+0300] {processor.py:914} INFO - Processing file /home/nikita/airflow-setup/ENV/lib/python3.12/site-packages/airflow/example_dags/example_params_ui_tutorial.py for tasks to queue
[2026-05-04T01:05:47.948+0300] {logging_mixin.py:190} INFO - [2026-05-04T01:05:47.948+0300] {dagbag.py:588} INFO - Filling up the DagBag from /home/nikita/airflow-setup/ENV/lib/python3.12/site-packages/airflow/example_dags/example_params_ui_tutorial.py
[2026-05-04T01:05:47.957+0300] {processor.py:925} INFO - DAG(s) 'example_params_ui_tutorial' retrieved from /home/nikita/airflow-setup/ENV/lib/python3.12/site-packages/airflow/example_dags/example_params_ui_tutorial.py
[2026-05-04T01:05:47.983+0300] {logging_mixin.py:190} INFO - [2026-05-04T01:05:47.983+0300] {dag.py:3239} INFO - Sync 1 DAGs
[2026-05-04T01:05:47.993+0300] {logging_mixin.py:190} INFO - [2026-05-04T01:05:47.993+0300] {dag.py:4180} INFO - Setting next_dagrun for example_params_ui_tutorial to None, run_after=None
[2026-05-04T01:05:48.010+0300] {processor.py:208} INFO - Processing /home/nikita/airflow-setup/ENV/lib/python3.12/site-packages/airflow/example_dags/example_params_ui_tutorial.py took 0.077 seconds
[2026-05-04T01:06:52.094+0300] {processor.py:186} INFO - Started process (PID=10540) to work on /home/nikita/airflow-setup/ENV/lib/python3.12/site-packages/airflow/example_dags/example_params_ui_tutorial.py
[2026-05-04T01:06:52.098+0300] {processor.py:914} INFO - Processing file /home/nikita/airflow-setup/ENV/lib/python3.12/site-packages/airflow/example_dags/example_params_ui_tutorial.py for tasks to queue
[2026-05-04T01:06:52.100+0300] {logging_mixin.py:190} INFO - [2026-05-04T01:06:52.100+0300] {dagbag.py:588} INFO - Filling up the DagBag from /home/nikita/airflow-setup/ENV/lib/python3.12/site-packages/airflow/example_dags/example_params_ui_tutorial.py
[2026-05-04T01:06:52.108+0300] {processor.py:925} INFO - DAG(s) 'example_params_ui_tutorial' retrieved from /home/nikita/airflow-setup/ENV/lib/python3.12/site-packages/airflow/example_dags/example_params_ui_tutorial.py
[2026-05-04T01:06:52.137+0300] {logging_mixin.py:190} INFO - [2026-05-04T01:06:52.136+0300] {dag.py:3239} INFO - Sync 1 DAGs
[2026-05-04T01:06:52.148+0300] {logging_mixin.py:190} INFO - [2026-05-04T01:06:52.147+0300] {dag.py:4180} INFO - Setting next_dagrun for example_params_ui_tutorial to None, run_after=None
[2026-05-04T01:06:52.168+0300] {processor.py:208} INFO - Processing /home/nikita/airflow-setup/ENV/lib/python3.12/site-packages/airflow/example_dags/example_params_ui_tutorial.py took 0.083 seconds
[2026-05-04T01:08:00.583+0300] {processor.py:186} INFO - Started process (PID=10798) to work on /home/nikita/airflow-setup/ENV/lib/python3.12/site-packages/airflow/example_dags/example_params_ui_tutorial.py
[2026-05-04T01:08:00.585+0300] {processor.py:914} INFO - Processing file /home/nikita/airflow-setup/ENV/lib/python3.12/site-packages/airflow/example_dags/example_params_ui_tutorial.py for tasks to queue
[2026-05-04T01:08:00.586+0300] {logging_mixin.py:190} INFO - [2026-05-04T01:08:00.585+0300] {dagbag.py:588} INFO - Filling up the DagBag from /home/nikita/airflow-setup/ENV/lib/python3.12/site-packages/airflow/example_dags/example_params_ui_tutorial.py
[2026-05-04T01:08:00.595+0300] {processor.py:925} INFO - DAG(s) 'example_params_ui_tutorial' retrieved from /home/nikita/airflow-setup/ENV/lib/python3.12/site-packages/airflow/example_dags/example_params_ui_tutorial.py
[2026-05-04T01:08:00.623+0300] {logging_mixin.py:190} INFO - [2026-05-04T01:08:00.622+0300] {dag.py:3239} INFO - Sync 1 DAGs
[2026-05-04T01:08:00.634+0300] {logging_mixin.py:190} INFO - [2026-05-04T01:08:00.633+0300] {dag.py:4180} INFO - Setting next_dagrun for example_params_ui_tutorial to None, run_after=None
[2026-05-04T01:08:00.658+0300] {processor.py:208} INFO - Processing /home/nikita/airflow-setup/ENV/lib/python3.12/site-packages/airflow/example_dags/example_params_ui_tutorial.py took 0.079 seconds
[2026-05-04T01:09:06.464+0300] {processor.py:186} INFO - Started process (PID=11938) to work on /home/nikita/airflow-setup/ENV/lib/python3.12/site-packages/airflow/example_dags/example_params_ui_tutorial.py
[2026-05-04T01:09:06.473+0300] {processor.py:914} INFO - Processing file /home/nikita/airflow-setup/ENV/lib/python3.12/site-packages/airflow/example_dags/example_params_ui_tutorial.py for tasks to queue
[2026-05-04T01:09:06.474+0300] {logging_mixin.py:190} INFO - [2026-05-04T01:09:06.474+0300] {dagbag.py:588} INFO - Filling up the DagBag from /home/nikita/airflow-setup/ENV/lib/python3.12/site-packages/airflow/example_dags/example_params_ui_tutorial.py
[2026-05-04T01:09:06.482+0300] {processor.py:925} INFO - DAG(s) 'example_params_ui_tutorial' retrieved from /home/nikita/airflow-setup/ENV/lib/python3.12/site-packages/airflow/example_dags/example_params_ui_tutorial.py
[2026-05-04T01:09:06.506+0300] {logging_mixin.py:190} INFO - [2026-05-04T01:09:06.506+0300] {dag.py:3239} INFO - Sync 1 DAGs
[2026-05-04T01:09:06.516+0300] {logging_mixin.py:190} INFO - [2026-05-04T01:09:06.515+0300] {dag.py:4180} INFO - Setting next_dagrun for example_params_ui_tutorial to None, run_after=None
[2026-05-04T01:09:06.539+0300] {processor.py:208} INFO - Processing /home/nikita/airflow-setup/ENV/lib/python3.12/site-packages/airflow/example_dags/example_params_ui_tutorial.py took 0.079 seconds
[2026-05-04T01:10:17.011+0300] {processor.py:186} INFO - Started process (PID=12259) to work on /home/nikita/airflow-setup/ENV/lib/python3.12/site-packages/airflow/example_dags/example_params_ui_tutorial.py
[2026-05-04T01:10:17.018+0300] {processor.py:914} INFO - Processing file /home/nikita/airflow-setup/ENV/lib/python3.12/site-packages/airflow/example_dags/example_params_ui_tutorial.py for tasks to queue
[2026-05-04T01:10:17.019+0300] {logging_mixin.py:190} INFO - [2026-05-04T01:10:17.019+0300] {dagbag.py:588} INFO - Filling up the DagBag from /home/nikita/airflow-setup/ENV/lib/python3.12/site-packages/airflow/example_dags/example_params_ui_tutorial.py
[2026-05-04T01:10:17.029+0300] {processor.py:925} INFO - DAG(s) 'example_params_ui_tutorial' retrieved from /home/nikita/airflow-setup/ENV/lib/python3.12/site-packages/airflow/example_dags/example_params_ui_tutorial.py
[2026-05-04T01:10:17.059+0300] {logging_mixin.py:190} INFO - [2026-05-04T01:10:17.058+0300] {dag.py:3239} INFO - Sync 1 DAGs
[2026-05-04T01:10:17.072+0300] {logging_mixin.py:190} INFO - [2026-05-04T01:10:17.072+0300] {dag.py:4180} INFO - Setting next_dagrun for example_params_ui_tutorial to None, run_after=None
[2026-05-04T01:10:17.112+0300] {processor.py:208} INFO - Processing /home/nikita/airflow-setup/ENV/lib/python3.12/site-packages/airflow/example_dags/example_params_ui_tutorial.py took 0.105 seconds
[2026-05-04T01:11:27.630+0300] {processor.py:186} INFO - Started process (PID=12525) to work on /home/nikita/airflow-setup/ENV/lib/python3.12/site-packages/airflow/example_dags/example_params_ui_tutorial.py
[2026-05-04T01:11:27.632+0300] {processor.py:914} INFO - Processing file /home/nikita/airflow-setup/ENV/lib/python3.12/site-packages/airflow/example_dags/example_params_ui_tutorial.py for tasks to queue
[2026-05-04T01:11:27.633+0300] {logging_mixin.py:190} INFO - [2026-05-04T01:11:27.633+0300] {dagbag.py:588} INFO - Filling up the DagBag from /home/nikita/airflow-setup/ENV/lib/python3.12/site-packages/airflow/example_dags/example_params_ui_tutorial.py
[2026-05-04T01:11:27.640+0300] {processor.py:925} INFO - DAG(s) 'example_params_ui_tutorial' retrieved from /home/nikita/airflow-setup/ENV/lib/python3.12/site-packages/airflow/example_dags/example_params_ui_tutorial.py
[2026-05-04T01:11:27.665+0300] {logging_mixin.py:190} INFO - [2026-05-04T01:11:27.664+0300] {dag.py:3239} INFO - Sync 1 DAGs
[2026-05-04T01:11:27.675+0300] {logging_mixin.py:190} INFO - [2026-05-04T01:11:27.675+0300] {dag.py:4180} INFO - Setting next_dagrun for example_params_ui_tutorial to None, run_after=None
[2026-05-04T01:11:27.693+0300] {processor.py:208} INFO - Processing /home/nikita/airflow-setup/ENV/lib/python3.12/site-packages/airflow/example_dags/example_params_ui_tutorial.py took 0.067 seconds
[2026-05-04T01:12:26.589+0300] {processor.py:186} INFO - Started process (PID=12755) to work on /home/nikita/airflow-setup/ENV/lib/python3.12/site-packages/airflow/example_dags/example_params_ui_tutorial.py
[2026-05-04T01:12:26.590+0300] {processor.py:914} INFO - Processing file /home/nikita/airflow-setup/ENV/lib/python3.12/site-packages/airflow/example_dags/example_params_ui_tutorial.py for tasks to queue
[2026-05-04T01:12:26.591+0300] {logging_mixin.py:190} INFO - [2026-05-04T01:12:26.591+0300] {dagbag.py:588} INFO - Filling up the DagBag from /home/nikita/airflow-setup/ENV/lib/python3.12/site-packages/airflow/example_dags/example_params_ui_tutorial.py
[2026-05-04T01:12:26.599+0300] {processor.py:925} INFO - DAG(s) 'example_params_ui_tutorial' retrieved from /home/nikita/airflow-setup/ENV/lib/python3.12/site-packages/airflow/example_dags/example_params_ui_tutorial.py
[2026-05-04T01:12:26.624+0300] {logging_mixin.py:190} INFO - [2026-05-04T01:12:26.624+0300] {dag.py:3239} INFO - Sync 1 DAGs
[2026-05-04T01:12:26.635+0300] {logging_mixin.py:190} INFO - [2026-05-04T01:12:26.635+0300] {dag.py:4180} INFO - Setting next_dagrun for example_params_ui_tutorial to None, run_after=None
[2026-05-04T01:12:26.654+0300] {processor.py:208} INFO - Processing /home/nikita/airflow-setup/ENV/lib/python3.12/site-packages/airflow/example_dags/example_params_ui_tutorial.py took 0.070 seconds
[2026-05-04T01:13:26.826+0300] {processor.py:186} INFO - Started process (PID=13271) to work on /home/nikita/airflow-setup/ENV/lib/python3.12/site-packages/airflow/example_dags/example_params_ui_tutorial.py
[2026-05-04T01:13:26.829+0300] {processor.py:914} INFO - Processing file /home/nikita/airflow-setup/ENV/lib/python3.12/site-packages/airflow/example_dags/example_params_ui_tutorial.py for tasks to queue
[2026-05-04T01:13:26.832+0300] {logging_mixin.py:190} INFO - [2026-05-04T01:13:26.831+0300] {dagbag.py:588} INFO - Filling up the DagBag from /home/nikita/airflow-setup/ENV/lib/python3.12/site-packages/airflow/example_dags/example_params_ui_tutorial.py
[2026-05-04T01:13:26.848+0300] {processor.py:925} INFO - DAG(s) 'example_params_ui_tutorial' retrieved from /home/nikita/airflow-setup/ENV/lib/python3.12/site-packages/airflow/example_dags/example_params_ui_tutorial.py
[2026-05-04T01:13:26.881+0300] {logging_mixin.py:190} INFO - [2026-05-04T01:13:26.881+0300] {dag.py:3239} INFO - Sync 1 DAGs
[2026-05-04T01:13:26.890+0300] {logging_mixin.py:190} INFO - [2026-05-04T01:13:26.890+0300] {dag.py:4180} INFO - Setting next_dagrun for example_params_ui_tutorial to None, run_after=None
[2026-05-04T01:13:26.909+0300] {processor.py:208} INFO - Processing /home/nikita/airflow-setup/ENV/lib/python3.12/site-packages/airflow/example_dags/example_params_ui_tutorial.py took 0.091 seconds
[2026-05-04T01:14:31.908+0300] {processor.py:186} INFO - Started process (PID=14299) to work on /home/nikita/airflow-setup/ENV/lib/python3.12/site-packages/airflow/example_dags/example_params_ui_tutorial.py
[2026-05-04T01:14:31.909+0300] {processor.py:914} INFO - Processing file /home/nikita/airflow-setup/ENV/lib/python3.12/site-packages/airflow/example_dags/example_params_ui_tutorial.py for tasks to queue
[2026-05-04T01:14:31.911+0300] {logging_mixin.py:190} INFO - [2026-05-04T01:14:31.910+0300] {dagbag.py:588} INFO - Filling up the DagBag from /home/nikita/airflow-setup/ENV/lib/python3.12/site-packages/airflow/example_dags/example_params_ui_tutorial.py
[2026-05-04T01:14:31.920+0300] {processor.py:925} INFO - DAG(s) 'example_params_ui_tutorial' retrieved from /home/nikita/airflow-setup/ENV/lib/python3.12/site-packages/airflow/example_dags/example_params_ui_tutorial.py
[2026-05-04T01:14:31.950+0300] {logging_mixin.py:190} INFO - [2026-05-04T01:14:31.950+0300] {dag.py:3239} INFO - Sync 1 DAGs
[2026-05-04T01:14:31.960+0300] {logging_mixin.py:190} INFO - [2026-05-04T01:14:31.960+0300] {dag.py:4180} INFO - Setting next_dagrun for example_params_ui_tutorial to None, run_after=None
[2026-05-04T01:14:31.978+0300] {processor.py:208} INFO - Processing /home/nikita/airflow-setup/ENV/lib/python3.12/site-packages/airflow/example_dags/example_params_ui_tutorial.py took 0.076 seconds
[2026-05-04T01:15:41.950+0300] {processor.py:186} INFO - Started process (PID=14631) to work on /home/nikita/airflow-setup/ENV/lib/python3.12/site-packages/airflow/example_dags/example_params_ui_tutorial.py
[2026-05-04T01:15:41.960+0300] {processor.py:914} INFO - Processing file /home/nikita/airflow-setup/ENV/lib/python3.12/site-packages/airflow/example_dags/example_params_ui_tutorial.py for tasks to queue
[2026-05-04T01:15:41.962+0300] {logging_mixin.py:190} INFO - [2026-05-04T01:15:41.961+0300] {dagbag.py:588} INFO - Filling up the DagBag from /home/nikita/airflow-setup/ENV/lib/python3.12/site-packages/airflow/example_dags/example_params_ui_tutorial.py
[2026-05-04T01:15:41.972+0300] {processor.py:925} INFO - DAG(s) 'example_params_ui_tutorial' retrieved from /home/nikita/airflow-setup/ENV/lib/python3.12/site-packages/airflow/example_dags/example_params_ui_tutorial.py
[2026-05-04T01:15:42.008+0300] {logging_mixin.py:190} INFO - [2026-05-04T01:15:42.007+0300] {dag.py:3239} INFO - Sync 1 DAGs
[2026-05-04T01:15:42.023+0300] {logging_mixin.py:190} INFO - [2026-05-04T01:15:42.023+0300] {dag.py:4180} INFO - Setting next_dagrun for example_params_ui_tutorial to None, run_after=None
[2026-05-04T01:15:42.044+0300] {processor.py:208} INFO - Processing /home/nikita/airflow-setup/ENV/lib/python3.12/site-packages/airflow/example_dags/example_params_ui_tutorial.py took 0.100 seconds
[2026-05-04T01:16:50.058+0300] {processor.py:186} INFO - Started process (PID=15777) to work on /home/nikita/airflow-setup/ENV/lib/python3.12/site-packages/airflow/example_dags/example_params_ui_tutorial.py
[2026-05-04T01:16:50.059+0300] {processor.py:914} INFO - Processing file /home/nikita/airflow-setup/ENV/lib/python3.12/site-packages/airflow/example_dags/example_params_ui_tutorial.py for tasks to queue
[2026-05-04T01:16:50.060+0300] {logging_mixin.py:190} INFO - [2026-05-04T01:16:50.060+0300] {dagbag.py:588} INFO - Filling up the DagBag from /home/nikita/airflow-setup/ENV/lib/python3.12/site-packages/airflow/example_dags/example_params_ui_tutorial.py
[2026-05-04T01:16:50.068+0300] {processor.py:925} INFO - DAG(s) 'example_params_ui_tutorial' retrieved from /home/nikita/airflow-setup/ENV/lib/python3.12/site-packages/airflow/example_dags/example_params_ui_tutorial.py
[2026-05-04T01:16:50.092+0300] {logging_mixin.py:190} INFO - [2026-05-04T01:16:50.092+0300] {dag.py:3239} INFO - Sync 1 DAGs
[2026-05-04T01:16:50.101+0300] {logging_mixin.py:190} INFO - [2026-05-04T01:16:50.100+0300] {dag.py:4180} INFO - Setting next_dagrun for example_params_ui_tutorial to None, run_after=None
[2026-05-04T01:16:50.117+0300] {processor.py:208} INFO - Processing /home/nikita/airflow-setup/ENV/lib/python3.12/site-packages/airflow/example_dags/example_params_ui_tutorial.py took 0.063 seconds
[2026-05-04T01:17:57.487+0300] {processor.py:186} INFO - Started process (PID=16037) to work on /home/nikita/airflow-setup/ENV/lib/python3.12/site-packages/airflow/example_dags/example_params_ui_tutorial.py
[2026-05-04T01:17:57.497+0300] {processor.py:914} INFO - Processing file /home/nikita/airflow-setup/ENV/lib/python3.12/site-packages/airflow/example_dags/example_params_ui_tutorial.py for tasks to queue
[2026-05-04T01:17:57.498+0300] {logging_mixin.py:190} INFO - [2026-05-04T01:17:57.498+0300] {dagbag.py:588} INFO - Filling up the DagBag from /home/nikita/airflow-setup/ENV/lib/python3.12/site-packages/airflow/example_dags/example_params_ui_tutorial.py
[2026-05-04T01:17:57.506+0300] {processor.py:925} INFO - DAG(s) 'example_params_ui_tutorial' retrieved from /home/nikita/airflow-setup/ENV/lib/python3.12/site-packages/airflow/example_dags/example_params_ui_tutorial.py
[2026-05-04T01:17:57.533+0300] {logging_mixin.py:190} INFO - [2026-05-04T01:17:57.533+0300] {dag.py:3239} INFO - Sync 1 DAGs
[2026-05-04T01:17:57.543+0300] {logging_mixin.py:190} INFO - [2026-05-04T01:17:57.543+0300] {dag.py:4180} INFO - Setting next_dagrun for example_params_ui_tutorial to None, run_after=None
[2026-05-04T01:17:57.564+0300] {processor.py:208} INFO - Processing /home/nikita/airflow-setup/ENV/lib/python3.12/site-packages/airflow/example_dags/example_params_ui_tutorial.py took 0.082 seconds
[2026-05-04T01:19:07.006+0300] {processor.py:186} INFO - Started process (PID=16295) to work on /home/nikita/airflow-setup/ENV/lib/python3.12/site-packages/airflow/example_dags/example_params_ui_tutorial.py
[2026-05-04T01:19:07.015+0300] {processor.py:914} INFO - Processing file /home/nikita/airflow-setup/ENV/lib/python3.12/site-packages/airflow/example_dags/example_params_ui_tutorial.py for tasks to queue
[2026-05-04T01:19:07.016+0300] {logging_mixin.py:190} INFO - [2026-05-04T01:19:07.016+0300] {dagbag.py:588} INFO - Filling up the DagBag from /home/nikita/airflow-setup/ENV/lib/python3.12/site-packages/airflow/example_dags/example_params_ui_tutorial.py
[2026-05-04T01:19:07.022+0300] {processor.py:925} INFO - DAG(s) 'example_params_ui_tutorial' retrieved from /home/nikita/airflow-setup/ENV/lib/python3.12/site-packages/airflow/example_dags/example_params_ui_tutorial.py
[2026-05-04T01:19:07.045+0300] {logging_mixin.py:190} INFO - [2026-05-04T01:19:07.045+0300] {dag.py:3239} INFO - Sync 1 DAGs
[2026-05-04T01:19:07.055+0300] {logging_mixin.py:190} INFO - [2026-05-04T01:19:07.054+0300] {dag.py:4180} INFO - Setting next_dagrun for example_params_ui_tutorial to None, run_after=None
[2026-05-04T01:19:07.072+0300] {processor.py:208} INFO - Processing /home/nikita/airflow-setup/ENV/lib/python3.12/site-packages/airflow/example_dags/example_params_ui_tutorial.py took 0.070 seconds
[2026-05-04T01:20:09.912+0300] {processor.py:186} INFO - Started process (PID=16553) to work on /home/nikita/airflow-setup/ENV/lib/python3.12/site-packages/airflow/example_dags/example_params_ui_tutorial.py
[2026-05-04T01:20:09.922+0300] {processor.py:914} INFO - Processing file /home/nikita/airflow-setup/ENV/lib/python3.12/site-packages/airflow/example_dags/example_params_ui_tutorial.py for tasks to queue
[2026-05-04T01:20:09.924+0300] {logging_mixin.py:190} INFO - [2026-05-04T01:20:09.924+0300] {dagbag.py:588} INFO - Filling up the DagBag from /home/nikita/airflow-setup/ENV/lib/python3.12/site-packages/airflow/example_dags/example_params_ui_tutorial.py
[2026-05-04T01:20:09.935+0300] {processor.py:925} INFO - DAG(s) 'example_params_ui_tutorial' retrieved from /home/nikita/airflow-setup/ENV/lib/python3.12/site-packages/airflow/example_dags/example_params_ui_tutorial.py
[2026-05-04T01:20:09.965+0300] {logging_mixin.py:190} INFO - [2026-05-04T01:20:09.965+0300] {dag.py:3239} INFO - Sync 1 DAGs
[2026-05-04T01:20:09.978+0300] {logging_mixin.py:190} INFO - [2026-05-04T01:20:09.978+0300] {dag.py:4180} INFO - Setting next_dagrun for example_params_ui_tutorial to None, run_after=None
[2026-05-04T01:20:09.998+0300] {processor.py:208} INFO - Processing /home/nikita/airflow-setup/ENV/lib/python3.12/site-packages/airflow/example_dags/example_params_ui_tutorial.py took 0.092 seconds
[2026-05-04T01:21:16.585+0300] {processor.py:186} INFO - Started process (PID=16805) to work on /home/nikita/airflow-setup/ENV/lib/python3.12/site-packages/airflow/example_dags/example_params_ui_tutorial.py
[2026-05-04T01:21:16.587+0300] {processor.py:914} INFO - Processing file /home/nikita/airflow-setup/ENV/lib/python3.12/site-packages/airflow/example_dags/example_params_ui_tutorial.py for tasks to queue
[2026-05-04T01:21:16.588+0300] {logging_mixin.py:190} INFO - [2026-05-04T01:21:16.588+0300] {dagbag.py:588} INFO - Filling up the DagBag from /home/nikita/airflow-setup/ENV/lib/python3.12/site-packages/airflow/example_dags/example_params_ui_tutorial.py
[2026-05-04T01:21:16.595+0300] {processor.py:925} INFO - DAG(s) 'example_params_ui_tutorial' retrieved from /home/nikita/airflow-setup/ENV/lib/python3.12/site-packages/airflow/example_dags/example_params_ui_tutorial.py
[2026-05-04T01:21:16.619+0300] {logging_mixin.py:190} INFO - [2026-05-04T01:21:16.619+0300] {dag.py:3239} INFO - Sync 1 DAGs
[2026-05-04T01:21:16.627+0300] {logging_mixin.py:190} INFO - [2026-05-04T01:21:16.627+0300] {dag.py:4180} INFO - Setting next_dagrun for example_params_ui_tutorial to None, run_after=None
[2026-05-04T01:21:16.644+0300] {processor.py:208} INFO - Processing /home/nikita/airflow-setup/ENV/lib/python3.12/site-packages/airflow/example_dags/example_params_ui_tutorial.py took 0.063 seconds
[2026-05-04T01:22:28.890+0300] {processor.py:186} INFO - Started process (PID=17077) to work on /home/nikita/airflow-setup/ENV/lib/python3.12/site-packages/airflow/example_dags/example_params_ui_tutorial.py
[2026-05-04T01:22:28.891+0300] {processor.py:914} INFO - Processing file /home/nikita/airflow-setup/ENV/lib/python3.12/site-packages/airflow/example_dags/example_params_ui_tutorial.py for tasks to queue
[2026-05-04T01:22:28.892+0300] {logging_mixin.py:190} INFO - [2026-05-04T01:22:28.892+0300] {dagbag.py:588} INFO - Filling up the DagBag from /home/nikita/airflow-setup/ENV/lib/python3.12/site-packages/airflow/example_dags/example_params_ui_tutorial.py
[2026-05-04T01:22:28.899+0300] {processor.py:925} INFO - DAG(s) 'example_params_ui_tutorial' retrieved from /home/nikita/airflow-setup/ENV/lib/python3.12/site-packages/airflow/example_dags/example_params_ui_tutorial.py
[2026-05-04T01:22:28.923+0300] {logging_mixin.py:190} INFO - [2026-05-04T01:22:28.923+0300] {dag.py:3239} INFO - Sync 1 DAGs
[2026-05-04T01:22:28.932+0300] {logging_mixin.py:190} INFO - [2026-05-04T01:22:28.931+0300] {dag.py:4180} INFO - Setting next_dagrun for example_params_ui_tutorial to None, run_after=None
[2026-05-04T01:22:28.947+0300] {processor.py:208} INFO - Processing /home/nikita/airflow-setup/ENV/lib/python3.12/site-packages/airflow/example_dags/example_params_ui_tutorial.py took 0.061 seconds
[2026-05-04T01:23:37.121+0300] {processor.py:186} INFO - Started process (PID=17335) to work on /home/nikita/airflow-setup/ENV/lib/python3.12/site-packages/airflow/example_dags/example_params_ui_tutorial.py
[2026-05-04T01:23:37.129+0300] {processor.py:914} INFO - Processing file /home/nikita/airflow-setup/ENV/lib/python3.12/site-packages/airflow/example_dags/example_params_ui_tutorial.py for tasks to queue
[2026-05-04T01:23:37.131+0300] {logging_mixin.py:190} INFO - [2026-05-04T01:23:37.130+0300] {dagbag.py:588} INFO - Filling up the DagBag from /home/nikita/airflow-setup/ENV/lib/python3.12/site-packages/airflow/example_dags/example_params_ui_tutorial.py
[2026-05-04T01:23:37.139+0300] {processor.py:925} INFO - DAG(s) 'example_params_ui_tutorial' retrieved from /home/nikita/airflow-setup/ENV/lib/python3.12/site-packages/airflow/example_dags/example_params_ui_tutorial.py
[2026-05-04T01:23:37.167+0300] {logging_mixin.py:190} INFO - [2026-05-04T01:23:37.166+0300] {dag.py:3239} INFO - Sync 1 DAGs
[2026-05-04T01:23:37.177+0300] {logging_mixin.py:190} INFO - [2026-05-04T01:23:37.177+0300] {dag.py:4180} INFO - Setting next_dagrun for example_params_ui_tutorial to None, run_after=None
[2026-05-04T01:23:37.195+0300] {processor.py:208} INFO - Processing /home/nikita/airflow-setup/ENV/lib/python3.12/site-packages/airflow/example_dags/example_params_ui_tutorial.py took 0.079 seconds
[2026-05-04T01:24:43.828+0300] {processor.py:186} INFO - Started process (PID=17900) to work on /home/nikita/airflow-setup/ENV/lib/python3.12/site-packages/airflow/example_dags/example_params_ui_tutorial.py
[2026-05-04T01:24:43.837+0300] {processor.py:914} INFO - Processing file /home/nikita/airflow-setup/ENV/lib/python3.12/site-packages/airflow/example_dags/example_params_ui_tutorial.py for tasks to queue
[2026-05-04T01:24:43.838+0300] {logging_mixin.py:190} INFO - [2026-05-04T01:24:43.838+0300] {dagbag.py:588} INFO - Filling up the DagBag from /home/nikita/airflow-setup/ENV/lib/python3.12/site-packages/airflow/example_dags/example_params_ui_tutorial.py
[2026-05-04T01:24:43.845+0300] {processor.py:925} INFO - DAG(s) 'example_params_ui_tutorial' retrieved from /home/nikita/airflow-setup/ENV/lib/python3.12/site-packages/airflow/example_dags/example_params_ui_tutorial.py
[2026-05-04T01:24:43.869+0300] {logging_mixin.py:190} INFO - [2026-05-04T01:24:43.869+0300] {dag.py:3239} INFO - Sync 1 DAGs
[2026-05-04T01:24:43.878+0300] {logging_mixin.py:190} INFO - [2026-05-04T01:24:43.878+0300] {dag.py:4180} INFO - Setting next_dagrun for example_params_ui_tutorial to None, run_after=None
[2026-05-04T01:24:43.994+0300] {processor.py:208} INFO - Processing /home/nikita/airflow-setup/ENV/lib/python3.12/site-packages/airflow/example_dags/example_params_ui_tutorial.py took 0.171 seconds
[2026-05-04T01:25:53.979+0300] {processor.py:186} INFO - Started process (PID=18516) to work on /home/nikita/airflow-setup/ENV/lib/python3.12/site-packages/airflow/example_dags/example_params_ui_tutorial.py
[2026-05-04T01:25:53.983+0300] {processor.py:914} INFO - Processing file /home/nikita/airflow-setup/ENV/lib/python3.12/site-packages/airflow/example_dags/example_params_ui_tutorial.py for tasks to queue
[2026-05-04T01:25:53.983+0300] {logging_mixin.py:190} INFO - [2026-05-04T01:25:53.983+0300] {dagbag.py:588} INFO - Filling up the DagBag from /home/nikita/airflow-setup/ENV/lib/python3.12/site-packages/airflow/example_dags/example_params_ui_tutorial.py
[2026-05-04T01:25:53.990+0300] {processor.py:925} INFO - DAG(s) 'example_params_ui_tutorial' retrieved from /home/nikita/airflow-setup/ENV/lib/python3.12/site-packages/airflow/example_dags/example_params_ui_tutorial.py
[2026-05-04T01:25:54.016+0300] {logging_mixin.py:190} INFO - [2026-05-04T01:25:54.016+0300] {dag.py:3239} INFO - Sync 1 DAGs
[2026-05-04T01:25:54.025+0300] {logging_mixin.py:190} INFO - [2026-05-04T01:25:54.025+0300] {dag.py:4180} INFO - Setting next_dagrun for example_params_ui_tutorial to None, run_after=None
[2026-05-04T01:25:54.040+0300] {processor.py:208} INFO - Processing /home/nikita/airflow-setup/ENV/lib/python3.12/site-packages/airflow/example_dags/example_params_ui_tutorial.py took 0.066 seconds
[2026-05-04T01:27:07.330+0300] {processor.py:186} INFO - Started process (PID=19465) to work on /home/nikita/airflow-setup/ENV/lib/python3.12/site-packages/airflow/example_dags/example_params_ui_tutorial.py
[2026-05-04T01:27:07.331+0300] {processor.py:914} INFO - Processing file /home/nikita/airflow-setup/ENV/lib/python3.12/site-packages/airflow/example_dags/example_params_ui_tutorial.py for tasks to queue
[2026-05-04T01:27:07.332+0300] {logging_mixin.py:190} INFO - [2026-05-04T01:27:07.332+0300] {dagbag.py:588} INFO - Filling up the DagBag from /home/nikita/airflow-setup/ENV/lib/python3.12/site-packages/airflow/example_dags/example_params_ui_tutorial.py
[2026-05-04T01:27:07.341+0300] {processor.py:925} INFO - DAG(s) 'example_params_ui_tutorial' retrieved from /home/nikita/airflow-setup/ENV/lib/python3.12/site-packages/airflow/example_dags/example_params_ui_tutorial.py
[2026-05-04T01:27:07.369+0300] {logging_mixin.py:190} INFO - [2026-05-04T01:27:07.369+0300] {dag.py:3239} INFO - Sync 1 DAGs
[2026-05-04T01:27:07.380+0300] {logging_mixin.py:190} INFO - [2026-05-04T01:27:07.380+0300] {dag.py:4180} INFO - Setting next_dagrun for example_params_ui_tutorial to None, run_after=None
[2026-05-04T01:27:07.405+0300] {processor.py:208} INFO - Processing /home/nikita/airflow-setup/ENV/lib/python3.12/site-packages/airflow/example_dags/example_params_ui_tutorial.py took 0.082 seconds
[2026-05-04T01:28:18.375+0300] {processor.py:186} INFO - Started process (PID=19736) to work on /home/nikita/airflow-setup/ENV/lib/python3.12/site-packages/airflow/example_dags/example_params_ui_tutorial.py
[2026-05-04T01:28:18.384+0300] {processor.py:914} INFO - Processing file /home/nikita/airflow-setup/ENV/lib/python3.12/site-packages/airflow/example_dags/example_params_ui_tutorial.py for tasks to queue
[2026-05-04T01:28:18.385+0300] {logging_mixin.py:190} INFO - [2026-05-04T01:28:18.385+0300] {dagbag.py:588} INFO - Filling up the DagBag from /home/nikita/airflow-setup/ENV/lib/python3.12/site-packages/airflow/example_dags/example_params_ui_tutorial.py
[2026-05-04T01:28:18.392+0300] {processor.py:925} INFO - DAG(s) 'example_params_ui_tutorial' retrieved from /home/nikita/airflow-setup/ENV/lib/python3.12/site-packages/airflow/example_dags/example_params_ui_tutorial.py
[2026-05-04T01:28:18.418+0300] {logging_mixin.py:190} INFO - [2026-05-04T01:28:18.418+0300] {dag.py:3239} INFO - Sync 1 DAGs
[2026-05-04T01:28:18.429+0300] {logging_mixin.py:190} INFO - [2026-05-04T01:28:18.429+0300] {dag.py:4180} INFO - Setting next_dagrun for example_params_ui_tutorial to None, run_after=None
[2026-05-04T01:28:18.447+0300] {processor.py:208} INFO - Processing /home/nikita/airflow-setup/ENV/lib/python3.12/site-packages/airflow/example_dags/example_params_ui_tutorial.py took 0.077 seconds
[2026-05-04T01:29:26.343+0300] {processor.py:186} INFO - Started process (PID=19998) to work on /home/nikita/airflow-setup/ENV/lib/python3.12/site-packages/airflow/example_dags/example_params_ui_tutorial.py
[2026-05-04T01:29:26.352+0300] {processor.py:914} INFO - Processing file /home/nikita/airflow-setup/ENV/lib/python3.12/site-packages/airflow/example_dags/example_params_ui_tutorial.py for tasks to queue
[2026-05-04T01:29:26.353+0300] {logging_mixin.py:190} INFO - [2026-05-04T01:29:26.353+0300] {dagbag.py:588} INFO - Filling up the DagBag from /home/nikita/airflow-setup/ENV/lib/python3.12/site-packages/airflow/example_dags/example_params_ui_tutorial.py
[2026-05-04T01:29:26.360+0300] {processor.py:925} INFO - DAG(s) 'example_params_ui_tutorial' retrieved from /home/nikita/airflow-setup/ENV/lib/python3.12/site-packages/airflow/example_dags/example_params_ui_tutorial.py
[2026-05-04T01:29:26.384+0300] {logging_mixin.py:190} INFO - [2026-05-04T01:29:26.384+0300] {dag.py:3239} INFO - Sync 1 DAGs
[2026-05-04T01:29:26.393+0300] {logging_mixin.py:190} INFO - [2026-05-04T01:29:26.393+0300] {dag.py:4180} INFO - Setting next_dagrun for example_params_ui_tutorial to None, run_after=None
[2026-05-04T01:29:26.508+0300] {processor.py:208} INFO - Processing /home/nikita/airflow-setup/ENV/lib/python3.12/site-packages/airflow/example_dags/example_params_ui_tutorial.py took 0.169 seconds
[2026-05-04T01:30:38.695+0300] {processor.py:186} INFO - Started process (PID=20269) to work on /home/nikita/airflow-setup/ENV/lib/python3.12/site-packages/airflow/example_dags/example_params_ui_tutorial.py
[2026-05-04T01:30:38.697+0300] {processor.py:914} INFO - Processing file /home/nikita/airflow-setup/ENV/lib/python3.12/site-packages/airflow/example_dags/example_params_ui_tutorial.py for tasks to queue
[2026-05-04T01:30:38.698+0300] {logging_mixin.py:190} INFO - [2026-05-04T01:30:38.698+0300] {dagbag.py:588} INFO - Filling up the DagBag from /home/nikita/airflow-setup/ENV/lib/python3.12/site-packages/airflow/example_dags/example_params_ui_tutorial.py
[2026-05-04T01:30:38.706+0300] {processor.py:925} INFO - DAG(s) 'example_params_ui_tutorial' retrieved from /home/nikita/airflow-setup/ENV/lib/python3.12/site-packages/airflow/example_dags/example_params_ui_tutorial.py
[2026-05-04T01:30:38.733+0300] {logging_mixin.py:190} INFO - [2026-05-04T01:30:38.732+0300] {dag.py:3239} INFO - Sync 1 DAGs
[2026-05-04T01:30:38.743+0300] {logging_mixin.py:190} INFO - [2026-05-04T01:30:38.743+0300] {dag.py:4180} INFO - Setting next_dagrun for example_params_ui_tutorial to None, run_after=None
[2026-05-04T01:30:38.760+0300] {processor.py:208} INFO - Processing /home/nikita/airflow-setup/ENV/lib/python3.12/site-packages/airflow/example_dags/example_params_ui_tutorial.py took 0.070 seconds
[2026-05-04T01:31:59.882+0300] {processor.py:186} INFO - Started process (PID=20567) to work on /home/nikita/airflow-setup/ENV/lib/python3.12/site-packages/airflow/example_dags/example_params_ui_tutorial.py
[2026-05-04T01:31:59.883+0300] {processor.py:914} INFO - Processing file /home/nikita/airflow-setup/ENV/lib/python3.12/site-packages/airflow/example_dags/example_params_ui_tutorial.py for tasks to queue
[2026-05-04T01:31:59.885+0300] {logging_mixin.py:190} INFO - [2026-05-04T01:31:59.884+0300] {dagbag.py:588} INFO - Filling up the DagBag from /home/nikita/airflow-setup/ENV/lib/python3.12/site-packages/airflow/example_dags/example_params_ui_tutorial.py
[2026-05-04T01:31:59.893+0300] {processor.py:925} INFO - DAG(s) 'example_params_ui_tutorial' retrieved from /home/nikita/airflow-setup/ENV/lib/python3.12/site-packages/airflow/example_dags/example_params_ui_tutorial.py
[2026-05-04T01:31:59.919+0300] {logging_mixin.py:190} INFO - [2026-05-04T01:31:59.919+0300] {dag.py:3239} INFO - Sync 1 DAGs
[2026-05-04T01:31:59.930+0300] {logging_mixin.py:190} INFO - [2026-05-04T01:31:59.930+0300] {dag.py:4180} INFO - Setting next_dagrun for example_params_ui_tutorial to None, run_after=None
[2026-05-04T01:31:59.952+0300] {processor.py:208} INFO - Processing /home/nikita/airflow-setup/ENV/lib/python3.12/site-packages/airflow/example_dags/example_params_ui_tutorial.py took 0.075 seconds
[2026-05-04T01:33:09.258+0300] {processor.py:186} INFO - Started process (PID=20979) to work on /home/nikita/airflow-setup/ENV/lib/python3.12/site-packages/airflow/example_dags/example_params_ui_tutorial.py
[2026-05-04T01:33:09.260+0300] {processor.py:914} INFO - Processing file /home/nikita/airflow-setup/ENV/lib/python3.12/site-packages/airflow/example_dags/example_params_ui_tutorial.py for tasks to queue
[2026-05-04T01:33:09.261+0300] {logging_mixin.py:190} INFO - [2026-05-04T01:33:09.261+0300] {dagbag.py:588} INFO - Filling up the DagBag from /home/nikita/airflow-setup/ENV/lib/python3.12/site-packages/airflow/example_dags/example_params_ui_tutorial.py
[2026-05-04T01:33:09.268+0300] {processor.py:925} INFO - DAG(s) 'example_params_ui_tutorial' retrieved from /home/nikita/airflow-setup/ENV/lib/python3.12/site-packages/airflow/example_dags/example_params_ui_tutorial.py
[2026-05-04T01:33:09.292+0300] {logging_mixin.py:190} INFO - [2026-05-04T01:33:09.292+0300] {dag.py:3239} INFO - Sync 1 DAGs
[2026-05-04T01:33:09.301+0300] {logging_mixin.py:190} INFO - [2026-05-04T01:33:09.301+0300] {dag.py:4180} INFO - Setting next_dagrun for example_params_ui_tutorial to None, run_after=None
[2026-05-04T01:33:09.320+0300] {processor.py:208} INFO - Processing /home/nikita/airflow-setup/ENV/lib/python3.12/site-packages/airflow/example_dags/example_params_ui_tutorial.py took 0.066 seconds
[2026-05-04T01:34:12.659+0300] {processor.py:186} INFO - Started process (PID=21345) to work on /home/nikita/airflow-setup/ENV/lib/python3.12/site-packages/airflow/example_dags/example_params_ui_tutorial.py
[2026-05-04T01:34:12.672+0300] {processor.py:914} INFO - Processing file /home/nikita/airflow-setup/ENV/lib/python3.12/site-packages/airflow/example_dags/example_params_ui_tutorial.py for tasks to queue
[2026-05-04T01:34:12.673+0300] {logging_mixin.py:190} INFO - [2026-05-04T01:34:12.673+0300] {dagbag.py:588} INFO - Filling up the DagBag from /home/nikita/airflow-setup/ENV/lib/python3.12/site-packages/airflow/example_dags/example_params_ui_tutorial.py
[2026-05-04T01:34:12.681+0300] {processor.py:925} INFO - DAG(s) 'example_params_ui_tutorial' retrieved from /home/nikita/airflow-setup/ENV/lib/python3.12/site-packages/airflow/example_dags/example_params_ui_tutorial.py
[2026-05-04T01:34:12.707+0300] {logging_mixin.py:190} INFO - [2026-05-04T01:34:12.706+0300] {dag.py:3239} INFO - Sync 1 DAGs
[2026-05-04T01:34:12.717+0300] {logging_mixin.py:190} INFO - [2026-05-04T01:34:12.717+0300] {dag.py:4180} INFO - Setting next_dagrun for example_params_ui_tutorial to None, run_after=None
[2026-05-04T01:34:12.732+0300] {processor.py:208} INFO - Processing /home/nikita/airflow-setup/ENV/lib/python3.12/site-packages/airflow/example_dags/example_params_ui_tutorial.py took 0.077 seconds
[2026-05-04T01:35:17.478+0300] {processor.py:186} INFO - Started process (PID=21599) to work on /home/nikita/airflow-setup/ENV/lib/python3.12/site-packages/airflow/example_dags/example_params_ui_tutorial.py
[2026-05-04T01:35:17.480+0300] {processor.py:914} INFO - Processing file /home/nikita/airflow-setup/ENV/lib/python3.12/site-packages/airflow/example_dags/example_params_ui_tutorial.py for tasks to queue
[2026-05-04T01:35:17.481+0300] {logging_mixin.py:190} INFO - [2026-05-04T01:35:17.481+0300] {dagbag.py:588} INFO - Filling up the DagBag from /home/nikita/airflow-setup/ENV/lib/python3.12/site-packages/airflow/example_dags/example_params_ui_tutorial.py
[2026-05-04T01:35:17.491+0300] {processor.py:925} INFO - DAG(s) 'example_params_ui_tutorial' retrieved from /home/nikita/airflow-setup/ENV/lib/python3.12/site-packages/airflow/example_dags/example_params_ui_tutorial.py
[2026-05-04T01:35:17.519+0300] {logging_mixin.py:190} INFO - [2026-05-04T01:35:17.519+0300] {dag.py:3239} INFO - Sync 1 DAGs
[2026-05-04T01:35:17.530+0300] {logging_mixin.py:190} INFO - [2026-05-04T01:35:17.530+0300] {dag.py:4180} INFO - Setting next_dagrun for example_params_ui_tutorial to None, run_after=None
[2026-05-04T01:35:17.549+0300] {processor.py:208} INFO - Processing /home/nikita/airflow-setup/ENV/lib/python3.12/site-packages/airflow/example_dags/example_params_ui_tutorial.py took 0.075 seconds
[2026-05-04T01:36:19.505+0300] {processor.py:186} INFO - Started process (PID=21839) to work on /home/nikita/airflow-setup/ENV/lib/python3.12/site-packages/airflow/example_dags/example_params_ui_tutorial.py
[2026-05-04T01:36:19.515+0300] {processor.py:914} INFO - Processing file /home/nikita/airflow-setup/ENV/lib/python3.12/site-packages/airflow/example_dags/example_params_ui_tutorial.py for tasks to queue
[2026-05-04T01:36:19.516+0300] {logging_mixin.py:190} INFO - [2026-05-04T01:36:19.515+0300] {dagbag.py:588} INFO - Filling up the DagBag from /home/nikita/airflow-setup/ENV/lib/python3.12/site-packages/airflow/example_dags/example_params_ui_tutorial.py
[2026-05-04T01:36:19.523+0300] {processor.py:925} INFO - DAG(s) 'example_params_ui_tutorial' retrieved from /home/nikita/airflow-setup/ENV/lib/python3.12/site-packages/airflow/example_dags/example_params_ui_tutorial.py
[2026-05-04T01:36:19.549+0300] {logging_mixin.py:190} INFO - [2026-05-04T01:36:19.549+0300] {dag.py:3239} INFO - Sync 1 DAGs
[2026-05-04T01:36:19.559+0300] {logging_mixin.py:190} INFO - [2026-05-04T01:36:19.559+0300] {dag.py:4180} INFO - Setting next_dagrun for example_params_ui_tutorial to None, run_after=None
[2026-05-04T01:36:19.575+0300] {processor.py:208} INFO - Processing /home/nikita/airflow-setup/ENV/lib/python3.12/site-packages/airflow/example_dags/example_params_ui_tutorial.py took 0.075 seconds
