[2026-05-04T00:45:52.786+0300] {processor.py:186} INFO - Started process (PID=5949) to work on /home/nikita/airflow-setup/ENV/lib/python3.12/site-packages/airflow/example_dags/example_external_task_marker_dag.py
[2026-05-04T00:45:52.787+0300] {processor.py:914} INFO - Processing file /home/nikita/airflow-setup/ENV/lib/python3.12/site-packages/airflow/example_dags/example_external_task_marker_dag.py for tasks to queue
[2026-05-04T00:45:52.789+0300] {logging_mixin.py:190} INFO - [2026-05-04T00:45:52.788+0300] {dagbag.py:588} INFO - Filling up the DagBag from /home/nikita/airflow-setup/ENV/lib/python3.12/site-packages/airflow/example_dags/example_external_task_marker_dag.py
[2026-05-04T00:45:52.795+0300] {processor.py:925} INFO - DAG(s) 'example_external_task_marker_parent', 'example_external_task_marker_child' retrieved from /home/nikita/airflow-setup/ENV/lib/python3.12/site-packages/airflow/example_dags/example_external_task_marker_dag.py
[2026-05-04T00:45:52.867+0300] {logging_mixin.py:190} INFO - [2026-05-04T00:45:52.867+0300] {override.py:1930} INFO - Created Permission View: can read on DAG:example_external_task_marker_parent
[2026-05-04T00:45:52.876+0300] {logging_mixin.py:190} INFO - [2026-05-04T00:45:52.876+0300] {override.py:1930} INFO - Created Permission View: can delete on DAG:example_external_task_marker_parent
[2026-05-04T00:45:52.882+0300] {logging_mixin.py:190} INFO - [2026-05-04T00:45:52.882+0300] {override.py:1930} INFO - Created Permission View: can edit on DAG:example_external_task_marker_parent
[2026-05-04T00:45:52.892+0300] {logging_mixin.py:190} INFO - [2026-05-04T00:45:52.892+0300] {override.py:1930} INFO - Created Permission View: can read on DAG Run:example_external_task_marker_parent
[2026-05-04T00:45:52.898+0300] {logging_mixin.py:190} INFO - [2026-05-04T00:45:52.898+0300] {override.py:1930} INFO - Created Permission View: can delete on DAG Run:example_external_task_marker_parent
[2026-05-04T00:45:52.903+0300] {logging_mixin.py:190} INFO - [2026-05-04T00:45:52.903+0300] {override.py:1930} INFO - Created Permission View: menu access on DAG Run:example_external_task_marker_parent
[2026-05-04T00:45:52.910+0300] {logging_mixin.py:190} INFO - [2026-05-04T00:45:52.910+0300] {override.py:1930} INFO - Created Permission View: can create on DAG Run:example_external_task_marker_parent
[2026-05-04T00:45:52.923+0300] {logging_mixin.py:190} INFO - [2026-05-04T00:45:52.923+0300] {override.py:1930} INFO - Created Permission View: can read on DAG:example_external_task_marker_child
[2026-05-04T00:45:52.929+0300] {logging_mixin.py:190} INFO - [2026-05-04T00:45:52.929+0300] {override.py:1930} INFO - Created Permission View: can delete on DAG:example_external_task_marker_child
[2026-05-04T00:45:52.934+0300] {logging_mixin.py:190} INFO - [2026-05-04T00:45:52.934+0300] {override.py:1930} INFO - Created Permission View: can edit on DAG:example_external_task_marker_child
[2026-05-04T00:45:52.941+0300] {logging_mixin.py:190} INFO - [2026-05-04T00:45:52.941+0300] {override.py:1930} INFO - Created Permission View: can read on DAG Run:example_external_task_marker_child
[2026-05-04T00:45:52.946+0300] {logging_mixin.py:190} INFO - [2026-05-04T00:45:52.946+0300] {override.py:1930} INFO - Created Permission View: can delete on DAG Run:example_external_task_marker_child
[2026-05-04T00:45:52.951+0300] {logging_mixin.py:190} INFO - [2026-05-04T00:45:52.951+0300] {override.py:1930} INFO - Created Permission View: menu access on DAG Run:example_external_task_marker_child
[2026-05-04T00:45:52.957+0300] {logging_mixin.py:190} INFO - [2026-05-04T00:45:52.956+0300] {override.py:1930} INFO - Created Permission View: can create on DAG Run:example_external_task_marker_child
[2026-05-04T00:45:52.957+0300] {logging_mixin.py:190} INFO - [2026-05-04T00:45:52.957+0300] {dag.py:3239} INFO - Sync 2 DAGs
[2026-05-04T00:45:52.965+0300] {logging_mixin.py:190} INFO - [2026-05-04T00:45:52.965+0300] {dag.py:3262} INFO - Creating ORM DAG for example_external_task_marker_child
[2026-05-04T00:45:52.965+0300] {logging_mixin.py:190} INFO - [2026-05-04T00:45:52.965+0300] {dag.py:3262} INFO - Creating ORM DAG for example_external_task_marker_parent
[2026-05-04T00:45:52.966+0300] {logging_mixin.py:190} INFO - [2026-05-04T00:45:52.966+0300] {dag.py:4180} INFO - Setting next_dagrun for example_external_task_marker_child to None, run_after=None
[2026-05-04T00:45:52.966+0300] {logging_mixin.py:190} INFO - [2026-05-04T00:45:52.966+0300] {dag.py:4180} INFO - Setting next_dagrun for example_external_task_marker_parent to None, run_after=None
[2026-05-04T00:45:52.980+0300] {processor.py:208} INFO - Processing /home/nikita/airflow-setup/ENV/lib/python3.12/site-packages/airflow/example_dags/example_external_task_marker_dag.py took 0.197 seconds
[2026-05-04T00:46:57.026+0300] {processor.py:186} INFO - Started process (PID=6010) to work on /home/nikita/airflow-setup/ENV/lib/python3.12/site-packages/airflow/example_dags/example_external_task_marker_dag.py
[2026-05-04T00:46:57.037+0300] {processor.py:914} INFO - Processing file /home/nikita/airflow-setup/ENV/lib/python3.12/site-packages/airflow/example_dags/example_external_task_marker_dag.py for tasks to queue
[2026-05-04T00:46:57.040+0300] {logging_mixin.py:190} INFO - [2026-05-04T00:46:57.040+0300] {dagbag.py:588} INFO - Filling up the DagBag from /home/nikita/airflow-setup/ENV/lib/python3.12/site-packages/airflow/example_dags/example_external_task_marker_dag.py
[2026-05-04T00:46:57.048+0300] {processor.py:925} INFO - DAG(s) 'example_external_task_marker_child', 'example_external_task_marker_parent' retrieved from /home/nikita/airflow-setup/ENV/lib/python3.12/site-packages/airflow/example_dags/example_external_task_marker_dag.py
[2026-05-04T00:46:57.066+0300] {logging_mixin.py:190} INFO - [2026-05-04T00:46:57.066+0300] {dag.py:3239} INFO - Sync 2 DAGs
[2026-05-04T00:46:57.079+0300] {logging_mixin.py:190} INFO - [2026-05-04T00:46:57.079+0300] {dag.py:4180} INFO - Setting next_dagrun for example_external_task_marker_child to None, run_after=None
[2026-05-04T00:46:57.082+0300] {logging_mixin.py:190} INFO - [2026-05-04T00:46:57.082+0300] {dag.py:4180} INFO - Setting next_dagrun for example_external_task_marker_parent to None, run_after=None
[2026-05-04T00:46:57.099+0300] {processor.py:208} INFO - Processing /home/nikita/airflow-setup/ENV/lib/python3.12/site-packages/airflow/example_dags/example_external_task_marker_dag.py took 0.078 seconds
[2026-05-04T00:47:58.104+0300] {processor.py:186} INFO - Started process (PID=6085) to work on /home/nikita/airflow-setup/ENV/lib/python3.12/site-packages/airflow/example_dags/example_external_task_marker_dag.py
[2026-05-04T00:47:58.105+0300] {processor.py:914} INFO - Processing file /home/nikita/airflow-setup/ENV/lib/python3.12/site-packages/airflow/example_dags/example_external_task_marker_dag.py for tasks to queue
[2026-05-04T00:47:58.107+0300] {logging_mixin.py:190} INFO - [2026-05-04T00:47:58.106+0300] {dagbag.py:588} INFO - Filling up the DagBag from /home/nikita/airflow-setup/ENV/lib/python3.12/site-packages/airflow/example_dags/example_external_task_marker_dag.py
[2026-05-04T00:47:58.112+0300] {processor.py:925} INFO - DAG(s) 'example_external_task_marker_child', 'example_external_task_marker_parent' retrieved from /home/nikita/airflow-setup/ENV/lib/python3.12/site-packages/airflow/example_dags/example_external_task_marker_dag.py
[2026-05-04T00:47:58.124+0300] {logging_mixin.py:190} INFO - [2026-05-04T00:47:58.123+0300] {dag.py:3239} INFO - Sync 2 DAGs
[2026-05-04T00:47:58.131+0300] {logging_mixin.py:190} INFO - [2026-05-04T00:47:58.131+0300] {dag.py:4180} INFO - Setting next_dagrun for example_external_task_marker_child to None, run_after=None
[2026-05-04T00:47:58.133+0300] {logging_mixin.py:190} INFO - [2026-05-04T00:47:58.133+0300] {dag.py:4180} INFO - Setting next_dagrun for example_external_task_marker_parent to None, run_after=None
[2026-05-04T00:47:58.148+0300] {processor.py:208} INFO - Processing /home/nikita/airflow-setup/ENV/lib/python3.12/site-packages/airflow/example_dags/example_external_task_marker_dag.py took 0.048 seconds
[2026-05-04T00:48:58.840+0300] {processor.py:186} INFO - Started process (PID=6143) to work on /home/nikita/airflow-setup/ENV/lib/python3.12/site-packages/airflow/example_dags/example_external_task_marker_dag.py
[2026-05-04T00:48:58.842+0300] {processor.py:914} INFO - Processing file /home/nikita/airflow-setup/ENV/lib/python3.12/site-packages/airflow/example_dags/example_external_task_marker_dag.py for tasks to queue
[2026-05-04T00:48:58.844+0300] {logging_mixin.py:190} INFO - [2026-05-04T00:48:58.843+0300] {dagbag.py:588} INFO - Filling up the DagBag from /home/nikita/airflow-setup/ENV/lib/python3.12/site-packages/airflow/example_dags/example_external_task_marker_dag.py
[2026-05-04T00:48:58.849+0300] {processor.py:925} INFO - DAG(s) 'example_external_task_marker_parent', 'example_external_task_marker_child' retrieved from /home/nikita/airflow-setup/ENV/lib/python3.12/site-packages/airflow/example_dags/example_external_task_marker_dag.py
[2026-05-04T00:48:58.863+0300] {logging_mixin.py:190} INFO - [2026-05-04T00:48:58.863+0300] {dag.py:3239} INFO - Sync 2 DAGs
[2026-05-04T00:48:58.873+0300] {logging_mixin.py:190} INFO - [2026-05-04T00:48:58.872+0300] {dag.py:4180} INFO - Setting next_dagrun for example_external_task_marker_child to None, run_after=None
[2026-05-04T00:48:58.875+0300] {logging_mixin.py:190} INFO - [2026-05-04T00:48:58.875+0300] {dag.py:4180} INFO - Setting next_dagrun for example_external_task_marker_parent to None, run_after=None
[2026-05-04T00:48:58.893+0300] {processor.py:208} INFO - Processing /home/nikita/airflow-setup/ENV/lib/python3.12/site-packages/airflow/example_dags/example_external_task_marker_dag.py took 0.057 seconds
[2026-05-04T00:49:54.602+0300] {processor.py:186} INFO - Started process (PID=6200) to work on /home/nikita/airflow-setup/ENV/lib/python3.12/site-packages/airflow/example_dags/example_external_task_marker_dag.py
[2026-05-04T00:49:54.611+0300] {processor.py:914} INFO - Processing file /home/nikita/airflow-setup/ENV/lib/python3.12/site-packages/airflow/example_dags/example_external_task_marker_dag.py for tasks to queue
[2026-05-04T00:49:54.613+0300] {logging_mixin.py:190} INFO - [2026-05-04T00:49:54.612+0300] {dagbag.py:588} INFO - Filling up the DagBag from /home/nikita/airflow-setup/ENV/lib/python3.12/site-packages/airflow/example_dags/example_external_task_marker_dag.py
[2026-05-04T00:49:54.619+0300] {processor.py:925} INFO - DAG(s) 'example_external_task_marker_child', 'example_external_task_marker_parent' retrieved from /home/nikita/airflow-setup/ENV/lib/python3.12/site-packages/airflow/example_dags/example_external_task_marker_dag.py
[2026-05-04T00:49:54.630+0300] {logging_mixin.py:190} INFO - [2026-05-04T00:49:54.630+0300] {dag.py:3239} INFO - Sync 2 DAGs
[2026-05-04T00:49:54.638+0300] {logging_mixin.py:190} INFO - [2026-05-04T00:49:54.638+0300] {dag.py:4180} INFO - Setting next_dagrun for example_external_task_marker_child to None, run_after=None
[2026-05-04T00:49:54.640+0300] {logging_mixin.py:190} INFO - [2026-05-04T00:49:54.640+0300] {dag.py:4180} INFO - Setting next_dagrun for example_external_task_marker_parent to None, run_after=None
[2026-05-04T00:49:54.654+0300] {processor.py:208} INFO - Processing /home/nikita/airflow-setup/ENV/lib/python3.12/site-packages/airflow/example_dags/example_external_task_marker_dag.py took 0.056 seconds
[2026-05-04T00:50:49.361+0300] {processor.py:186} INFO - Started process (PID=6279) to work on /home/nikita/airflow-setup/ENV/lib/python3.12/site-packages/airflow/example_dags/example_external_task_marker_dag.py
[2026-05-04T00:50:49.371+0300] {processor.py:914} INFO - Processing file /home/nikita/airflow-setup/ENV/lib/python3.12/site-packages/airflow/example_dags/example_external_task_marker_dag.py for tasks to queue
[2026-05-04T00:50:49.374+0300] {logging_mixin.py:190} INFO - [2026-05-04T00:50:49.374+0300] {dagbag.py:588} INFO - Filling up the DagBag from /home/nikita/airflow-setup/ENV/lib/python3.12/site-packages/airflow/example_dags/example_external_task_marker_dag.py
[2026-05-04T00:50:49.385+0300] {processor.py:925} INFO - DAG(s) 'example_external_task_marker_parent', 'example_external_task_marker_child' retrieved from /home/nikita/airflow-setup/ENV/lib/python3.12/site-packages/airflow/example_dags/example_external_task_marker_dag.py
[2026-05-04T00:50:49.400+0300] {logging_mixin.py:190} INFO - [2026-05-04T00:50:49.400+0300] {dag.py:3239} INFO - Sync 2 DAGs
[2026-05-04T00:50:49.409+0300] {logging_mixin.py:190} INFO - [2026-05-04T00:50:49.409+0300] {dag.py:4180} INFO - Setting next_dagrun for example_external_task_marker_child to None, run_after=None
[2026-05-04T00:50:49.412+0300] {logging_mixin.py:190} INFO - [2026-05-04T00:50:49.411+0300] {dag.py:4180} INFO - Setting next_dagrun for example_external_task_marker_parent to None, run_after=None
[2026-05-04T00:50:49.428+0300] {processor.py:208} INFO - Processing /home/nikita/airflow-setup/ENV/lib/python3.12/site-packages/airflow/example_dags/example_external_task_marker_dag.py took 0.071 seconds
[2026-05-04T00:51:45.266+0300] {processor.py:186} INFO - Started process (PID=6332) to work on /home/nikita/airflow-setup/ENV/lib/python3.12/site-packages/airflow/example_dags/example_external_task_marker_dag.py
[2026-05-04T00:51:45.267+0300] {processor.py:914} INFO - Processing file /home/nikita/airflow-setup/ENV/lib/python3.12/site-packages/airflow/example_dags/example_external_task_marker_dag.py for tasks to queue
[2026-05-04T00:51:45.270+0300] {logging_mixin.py:190} INFO - [2026-05-04T00:51:45.270+0300] {dagbag.py:588} INFO - Filling up the DagBag from /home/nikita/airflow-setup/ENV/lib/python3.12/site-packages/airflow/example_dags/example_external_task_marker_dag.py
[2026-05-04T00:51:45.277+0300] {processor.py:925} INFO - DAG(s) 'example_external_task_marker_parent', 'example_external_task_marker_child' retrieved from /home/nikita/airflow-setup/ENV/lib/python3.12/site-packages/airflow/example_dags/example_external_task_marker_dag.py
[2026-05-04T00:51:45.292+0300] {logging_mixin.py:190} INFO - [2026-05-04T00:51:45.292+0300] {dag.py:3239} INFO - Sync 2 DAGs
[2026-05-04T00:51:45.301+0300] {logging_mixin.py:190} INFO - [2026-05-04T00:51:45.301+0300] {dag.py:4180} INFO - Setting next_dagrun for example_external_task_marker_child to None, run_after=None
[2026-05-04T00:51:45.304+0300] {logging_mixin.py:190} INFO - [2026-05-04T00:51:45.304+0300] {dag.py:4180} INFO - Setting next_dagrun for example_external_task_marker_parent to None, run_after=None
[2026-05-04T00:51:45.321+0300] {processor.py:208} INFO - Processing /home/nikita/airflow-setup/ENV/lib/python3.12/site-packages/airflow/example_dags/example_external_task_marker_dag.py took 0.060 seconds
[2026-05-04T00:52:45.619+0300] {processor.py:186} INFO - Started process (PID=6389) to work on /home/nikita/airflow-setup/ENV/lib/python3.12/site-packages/airflow/example_dags/example_external_task_marker_dag.py
[2026-05-04T00:52:45.621+0300] {processor.py:914} INFO - Processing file /home/nikita/airflow-setup/ENV/lib/python3.12/site-packages/airflow/example_dags/example_external_task_marker_dag.py for tasks to queue
[2026-05-04T00:52:45.623+0300] {logging_mixin.py:190} INFO - [2026-05-04T00:52:45.622+0300] {dagbag.py:588} INFO - Filling up the DagBag from /home/nikita/airflow-setup/ENV/lib/python3.12/site-packages/airflow/example_dags/example_external_task_marker_dag.py
[2026-05-04T00:52:45.629+0300] {processor.py:925} INFO - DAG(s) 'example_external_task_marker_parent', 'example_external_task_marker_child' retrieved from /home/nikita/airflow-setup/ENV/lib/python3.12/site-packages/airflow/example_dags/example_external_task_marker_dag.py
[2026-05-04T00:52:45.646+0300] {logging_mixin.py:190} INFO - [2026-05-04T00:52:45.646+0300] {dag.py:3239} INFO - Sync 2 DAGs
[2026-05-04T00:52:45.658+0300] {logging_mixin.py:190} INFO - [2026-05-04T00:52:45.658+0300] {dag.py:4180} INFO - Setting next_dagrun for example_external_task_marker_child to None, run_after=None
[2026-05-04T00:52:45.661+0300] {logging_mixin.py:190} INFO - [2026-05-04T00:52:45.660+0300] {dag.py:4180} INFO - Setting next_dagrun for example_external_task_marker_parent to None, run_after=None
[2026-05-04T00:52:45.676+0300] {processor.py:208} INFO - Processing /home/nikita/airflow-setup/ENV/lib/python3.12/site-packages/airflow/example_dags/example_external_task_marker_dag.py took 0.062 seconds
[2026-05-04T00:53:47.849+0300] {processor.py:186} INFO - Started process (PID=6469) to work on /home/nikita/airflow-setup/ENV/lib/python3.12/site-packages/airflow/example_dags/example_external_task_marker_dag.py
[2026-05-04T00:53:47.850+0300] {processor.py:914} INFO - Processing file /home/nikita/airflow-setup/ENV/lib/python3.12/site-packages/airflow/example_dags/example_external_task_marker_dag.py for tasks to queue
[2026-05-04T00:53:47.852+0300] {logging_mixin.py:190} INFO - [2026-05-04T00:53:47.852+0300] {dagbag.py:588} INFO - Filling up the DagBag from /home/nikita/airflow-setup/ENV/lib/python3.12/site-packages/airflow/example_dags/example_external_task_marker_dag.py
[2026-05-04T00:53:47.858+0300] {processor.py:925} INFO - DAG(s) 'example_external_task_marker_child', 'example_external_task_marker_parent' retrieved from /home/nikita/airflow-setup/ENV/lib/python3.12/site-packages/airflow/example_dags/example_external_task_marker_dag.py
[2026-05-04T00:53:47.872+0300] {logging_mixin.py:190} INFO - [2026-05-04T00:53:47.872+0300] {dag.py:3239} INFO - Sync 2 DAGs
[2026-05-04T00:53:47.881+0300] {logging_mixin.py:190} INFO - [2026-05-04T00:53:47.881+0300] {dag.py:4180} INFO - Setting next_dagrun for example_external_task_marker_child to None, run_after=None
[2026-05-04T00:53:47.883+0300] {logging_mixin.py:190} INFO - [2026-05-04T00:53:47.883+0300] {dag.py:4180} INFO - Setting next_dagrun for example_external_task_marker_parent to None, run_after=None
[2026-05-04T00:53:47.897+0300] {processor.py:208} INFO - Processing /home/nikita/airflow-setup/ENV/lib/python3.12/site-packages/airflow/example_dags/example_external_task_marker_dag.py took 0.054 seconds
[2026-05-04T00:54:49.755+0300] {processor.py:186} INFO - Started process (PID=6536) to work on /home/nikita/airflow-setup/ENV/lib/python3.12/site-packages/airflow/example_dags/example_external_task_marker_dag.py
[2026-05-04T00:54:49.764+0300] {processor.py:914} INFO - Processing file /home/nikita/airflow-setup/ENV/lib/python3.12/site-packages/airflow/example_dags/example_external_task_marker_dag.py for tasks to queue
[2026-05-04T00:54:49.766+0300] {logging_mixin.py:190} INFO - [2026-05-04T00:54:49.766+0300] {dagbag.py:588} INFO - Filling up the DagBag from /home/nikita/airflow-setup/ENV/lib/python3.12/site-packages/airflow/example_dags/example_external_task_marker_dag.py
[2026-05-04T00:54:49.773+0300] {processor.py:925} INFO - DAG(s) 'example_external_task_marker_child', 'example_external_task_marker_parent' retrieved from /home/nikita/airflow-setup/ENV/lib/python3.12/site-packages/airflow/example_dags/example_external_task_marker_dag.py
[2026-05-04T00:54:49.788+0300] {logging_mixin.py:190} INFO - [2026-05-04T00:54:49.788+0300] {dag.py:3239} INFO - Sync 2 DAGs
[2026-05-04T00:54:49.798+0300] {logging_mixin.py:190} INFO - [2026-05-04T00:54:49.798+0300] {dag.py:4180} INFO - Setting next_dagrun for example_external_task_marker_child to None, run_after=None
[2026-05-04T00:54:49.801+0300] {logging_mixin.py:190} INFO - [2026-05-04T00:54:49.801+0300] {dag.py:4180} INFO - Setting next_dagrun for example_external_task_marker_parent to None, run_after=None
[2026-05-04T00:54:49.816+0300] {processor.py:208} INFO - Processing /home/nikita/airflow-setup/ENV/lib/python3.12/site-packages/airflow/example_dags/example_external_task_marker_dag.py took 0.066 seconds
[2026-05-04T00:55:53.714+0300] {processor.py:186} INFO - Started process (PID=6596) to work on /home/nikita/airflow-setup/ENV/lib/python3.12/site-packages/airflow/example_dags/example_external_task_marker_dag.py
[2026-05-04T00:55:53.722+0300] {processor.py:914} INFO - Processing file /home/nikita/airflow-setup/ENV/lib/python3.12/site-packages/airflow/example_dags/example_external_task_marker_dag.py for tasks to queue
[2026-05-04T00:55:53.724+0300] {logging_mixin.py:190} INFO - [2026-05-04T00:55:53.724+0300] {dagbag.py:588} INFO - Filling up the DagBag from /home/nikita/airflow-setup/ENV/lib/python3.12/site-packages/airflow/example_dags/example_external_task_marker_dag.py
[2026-05-04T00:55:53.730+0300] {processor.py:925} INFO - DAG(s) 'example_external_task_marker_child', 'example_external_task_marker_parent' retrieved from /home/nikita/airflow-setup/ENV/lib/python3.12/site-packages/airflow/example_dags/example_external_task_marker_dag.py
[2026-05-04T00:55:53.744+0300] {logging_mixin.py:190} INFO - [2026-05-04T00:55:53.744+0300] {dag.py:3239} INFO - Sync 2 DAGs
[2026-05-04T00:55:53.754+0300] {logging_mixin.py:190} INFO - [2026-05-04T00:55:53.753+0300] {dag.py:4180} INFO - Setting next_dagrun for example_external_task_marker_child to None, run_after=None
[2026-05-04T00:55:53.756+0300] {logging_mixin.py:190} INFO - [2026-05-04T00:55:53.756+0300] {dag.py:4180} INFO - Setting next_dagrun for example_external_task_marker_parent to None, run_after=None
[2026-05-04T00:55:53.771+0300] {processor.py:208} INFO - Processing /home/nikita/airflow-setup/ENV/lib/python3.12/site-packages/airflow/example_dags/example_external_task_marker_dag.py took 0.063 seconds
[2026-05-04T00:56:51.480+0300] {processor.py:186} INFO - Started process (PID=6859) to work on /home/nikita/airflow-setup/ENV/lib/python3.12/site-packages/airflow/example_dags/example_external_task_marker_dag.py
[2026-05-04T00:56:51.490+0300] {processor.py:914} INFO - Processing file /home/nikita/airflow-setup/ENV/lib/python3.12/site-packages/airflow/example_dags/example_external_task_marker_dag.py for tasks to queue
[2026-05-04T00:56:51.492+0300] {logging_mixin.py:190} INFO - [2026-05-04T00:56:51.492+0300] {dagbag.py:588} INFO - Filling up the DagBag from /home/nikita/airflow-setup/ENV/lib/python3.12/site-packages/airflow/example_dags/example_external_task_marker_dag.py
[2026-05-04T00:56:51.500+0300] {processor.py:925} INFO - DAG(s) 'example_external_task_marker_parent', 'example_external_task_marker_child' retrieved from /home/nikita/airflow-setup/ENV/lib/python3.12/site-packages/airflow/example_dags/example_external_task_marker_dag.py
[2026-05-04T00:56:51.515+0300] {logging_mixin.py:190} INFO - [2026-05-04T00:56:51.515+0300] {dag.py:3239} INFO - Sync 2 DAGs
[2026-05-04T00:56:51.526+0300] {logging_mixin.py:190} INFO - [2026-05-04T00:56:51.526+0300] {dag.py:4180} INFO - Setting next_dagrun for example_external_task_marker_child to None, run_after=None
[2026-05-04T00:56:51.530+0300] {logging_mixin.py:190} INFO - [2026-05-04T00:56:51.529+0300] {dag.py:4180} INFO - Setting next_dagrun for example_external_task_marker_parent to None, run_after=None
[2026-05-04T00:56:51.548+0300] {processor.py:208} INFO - Processing /home/nikita/airflow-setup/ENV/lib/python3.12/site-packages/airflow/example_dags/example_external_task_marker_dag.py took 0.072 seconds
[2026-05-04T00:57:51.580+0300] {processor.py:186} INFO - Started process (PID=7156) to work on /home/nikita/airflow-setup/ENV/lib/python3.12/site-packages/airflow/example_dags/example_external_task_marker_dag.py
[2026-05-04T00:57:51.581+0300] {processor.py:914} INFO - Processing file /home/nikita/airflow-setup/ENV/lib/python3.12/site-packages/airflow/example_dags/example_external_task_marker_dag.py for tasks to queue
[2026-05-04T00:57:51.583+0300] {logging_mixin.py:190} INFO - [2026-05-04T00:57:51.583+0300] {dagbag.py:588} INFO - Filling up the DagBag from /home/nikita/airflow-setup/ENV/lib/python3.12/site-packages/airflow/example_dags/example_external_task_marker_dag.py
[2026-05-04T00:57:51.590+0300] {processor.py:925} INFO - DAG(s) 'example_external_task_marker_parent', 'example_external_task_marker_child' retrieved from /home/nikita/airflow-setup/ENV/lib/python3.12/site-packages/airflow/example_dags/example_external_task_marker_dag.py
[2026-05-04T00:57:51.603+0300] {logging_mixin.py:190} INFO - [2026-05-04T00:57:51.603+0300] {dag.py:3239} INFO - Sync 2 DAGs
[2026-05-04T00:57:51.612+0300] {logging_mixin.py:190} INFO - [2026-05-04T00:57:51.612+0300] {dag.py:4180} INFO - Setting next_dagrun for example_external_task_marker_child to None, run_after=None
[2026-05-04T00:57:51.614+0300] {logging_mixin.py:190} INFO - [2026-05-04T00:57:51.614+0300] {dag.py:4180} INFO - Setting next_dagrun for example_external_task_marker_parent to None, run_after=None
[2026-05-04T00:57:51.628+0300] {processor.py:208} INFO - Processing /home/nikita/airflow-setup/ENV/lib/python3.12/site-packages/airflow/example_dags/example_external_task_marker_dag.py took 0.053 seconds
[2026-05-04T00:58:50.018+0300] {processor.py:186} INFO - Started process (PID=7376) to work on /home/nikita/airflow-setup/ENV/lib/python3.12/site-packages/airflow/example_dags/example_external_task_marker_dag.py
[2026-05-04T00:58:50.026+0300] {processor.py:914} INFO - Processing file /home/nikita/airflow-setup/ENV/lib/python3.12/site-packages/airflow/example_dags/example_external_task_marker_dag.py for tasks to queue
[2026-05-04T00:58:50.028+0300] {logging_mixin.py:190} INFO - [2026-05-04T00:58:50.028+0300] {dagbag.py:588} INFO - Filling up the DagBag from /home/nikita/airflow-setup/ENV/lib/python3.12/site-packages/airflow/example_dags/example_external_task_marker_dag.py
[2026-05-04T00:58:50.035+0300] {processor.py:925} INFO - DAG(s) 'example_external_task_marker_parent', 'example_external_task_marker_child' retrieved from /home/nikita/airflow-setup/ENV/lib/python3.12/site-packages/airflow/example_dags/example_external_task_marker_dag.py
[2026-05-04T00:58:50.048+0300] {logging_mixin.py:190} INFO - [2026-05-04T00:58:50.048+0300] {dag.py:3239} INFO - Sync 2 DAGs
[2026-05-04T00:58:50.057+0300] {logging_mixin.py:190} INFO - [2026-05-04T00:58:50.057+0300] {dag.py:4180} INFO - Setting next_dagrun for example_external_task_marker_child to None, run_after=None
[2026-05-04T00:58:50.059+0300] {logging_mixin.py:190} INFO - [2026-05-04T00:58:50.059+0300] {dag.py:4180} INFO - Setting next_dagrun for example_external_task_marker_parent to None, run_after=None
[2026-05-04T00:58:50.074+0300] {processor.py:208} INFO - Processing /home/nikita/airflow-setup/ENV/lib/python3.12/site-packages/airflow/example_dags/example_external_task_marker_dag.py took 0.061 seconds
[2026-05-04T00:59:50.042+0300] {processor.py:186} INFO - Started process (PID=8214) to work on /home/nikita/airflow-setup/ENV/lib/python3.12/site-packages/airflow/example_dags/example_external_task_marker_dag.py
[2026-05-04T00:59:50.051+0300] {processor.py:914} INFO - Processing file /home/nikita/airflow-setup/ENV/lib/python3.12/site-packages/airflow/example_dags/example_external_task_marker_dag.py for tasks to queue
[2026-05-04T00:59:50.053+0300] {logging_mixin.py:190} INFO - [2026-05-04T00:59:50.053+0300] {dagbag.py:588} INFO - Filling up the DagBag from /home/nikita/airflow-setup/ENV/lib/python3.12/site-packages/airflow/example_dags/example_external_task_marker_dag.py
[2026-05-04T00:59:50.059+0300] {processor.py:925} INFO - DAG(s) 'example_external_task_marker_child', 'example_external_task_marker_parent' retrieved from /home/nikita/airflow-setup/ENV/lib/python3.12/site-packages/airflow/example_dags/example_external_task_marker_dag.py
[2026-05-04T00:59:50.071+0300] {logging_mixin.py:190} INFO - [2026-05-04T00:59:50.071+0300] {dag.py:3239} INFO - Sync 2 DAGs
[2026-05-04T00:59:50.079+0300] {logging_mixin.py:190} INFO - [2026-05-04T00:59:50.079+0300] {dag.py:4180} INFO - Setting next_dagrun for example_external_task_marker_child to None, run_after=None
[2026-05-04T00:59:50.081+0300] {logging_mixin.py:190} INFO - [2026-05-04T00:59:50.081+0300] {dag.py:4180} INFO - Setting next_dagrun for example_external_task_marker_parent to None, run_after=None
[2026-05-04T00:59:50.095+0300] {processor.py:208} INFO - Processing /home/nikita/airflow-setup/ENV/lib/python3.12/site-packages/airflow/example_dags/example_external_task_marker_dag.py took 0.057 seconds
[2026-05-04T01:00:54.578+0300] {processor.py:186} INFO - Started process (PID=8482) to work on /home/nikita/airflow-setup/ENV/lib/python3.12/site-packages/airflow/example_dags/example_external_task_marker_dag.py
[2026-05-04T01:00:54.580+0300] {processor.py:914} INFO - Processing file /home/nikita/airflow-setup/ENV/lib/python3.12/site-packages/airflow/example_dags/example_external_task_marker_dag.py for tasks to queue
[2026-05-04T01:00:54.581+0300] {logging_mixin.py:190} INFO - [2026-05-04T01:00:54.581+0300] {dagbag.py:588} INFO - Filling up the DagBag from /home/nikita/airflow-setup/ENV/lib/python3.12/site-packages/airflow/example_dags/example_external_task_marker_dag.py
[2026-05-04T01:00:54.587+0300] {processor.py:925} INFO - DAG(s) 'example_external_task_marker_parent', 'example_external_task_marker_child' retrieved from /home/nikita/airflow-setup/ENV/lib/python3.12/site-packages/airflow/example_dags/example_external_task_marker_dag.py
[2026-05-04T01:00:54.601+0300] {logging_mixin.py:190} INFO - [2026-05-04T01:00:54.601+0300] {dag.py:3239} INFO - Sync 2 DAGs
[2026-05-04T01:00:54.610+0300] {logging_mixin.py:190} INFO - [2026-05-04T01:00:54.610+0300] {dag.py:4180} INFO - Setting next_dagrun for example_external_task_marker_child to None, run_after=None
[2026-05-04T01:00:54.612+0300] {logging_mixin.py:190} INFO - [2026-05-04T01:00:54.612+0300] {dag.py:4180} INFO - Setting next_dagrun for example_external_task_marker_parent to None, run_after=None
[2026-05-04T01:00:54.627+0300] {processor.py:208} INFO - Processing /home/nikita/airflow-setup/ENV/lib/python3.12/site-packages/airflow/example_dags/example_external_task_marker_dag.py took 0.053 seconds
[2026-05-04T01:02:00.876+0300] {processor.py:186} INFO - Started process (PID=9087) to work on /home/nikita/airflow-setup/ENV/lib/python3.12/site-packages/airflow/example_dags/example_external_task_marker_dag.py
[2026-05-04T01:02:00.885+0300] {processor.py:914} INFO - Processing file /home/nikita/airflow-setup/ENV/lib/python3.12/site-packages/airflow/example_dags/example_external_task_marker_dag.py for tasks to queue
[2026-05-04T01:02:00.886+0300] {logging_mixin.py:190} INFO - [2026-05-04T01:02:00.886+0300] {dagbag.py:588} INFO - Filling up the DagBag from /home/nikita/airflow-setup/ENV/lib/python3.12/site-packages/airflow/example_dags/example_external_task_marker_dag.py
[2026-05-04T01:02:00.892+0300] {processor.py:925} INFO - DAG(s) 'example_external_task_marker_child', 'example_external_task_marker_parent' retrieved from /home/nikita/airflow-setup/ENV/lib/python3.12/site-packages/airflow/example_dags/example_external_task_marker_dag.py
[2026-05-04T01:02:00.904+0300] {logging_mixin.py:190} INFO - [2026-05-04T01:02:00.904+0300] {dag.py:3239} INFO - Sync 2 DAGs
[2026-05-04T01:02:00.912+0300] {logging_mixin.py:190} INFO - [2026-05-04T01:02:00.912+0300] {dag.py:4180} INFO - Setting next_dagrun for example_external_task_marker_child to None, run_after=None
[2026-05-04T01:02:00.914+0300] {logging_mixin.py:190} INFO - [2026-05-04T01:02:00.914+0300] {dag.py:4180} INFO - Setting next_dagrun for example_external_task_marker_parent to None, run_after=None
[2026-05-04T01:02:00.929+0300] {processor.py:208} INFO - Processing /home/nikita/airflow-setup/ENV/lib/python3.12/site-packages/airflow/example_dags/example_external_task_marker_dag.py took 0.056 seconds
[2026-05-04T01:03:08.665+0300] {processor.py:186} INFO - Started process (PID=9626) to work on /home/nikita/airflow-setup/ENV/lib/python3.12/site-packages/airflow/example_dags/example_external_task_marker_dag.py
[2026-05-04T01:03:08.666+0300] {processor.py:914} INFO - Processing file /home/nikita/airflow-setup/ENV/lib/python3.12/site-packages/airflow/example_dags/example_external_task_marker_dag.py for tasks to queue
[2026-05-04T01:03:08.667+0300] {logging_mixin.py:190} INFO - [2026-05-04T01:03:08.667+0300] {dagbag.py:588} INFO - Filling up the DagBag from /home/nikita/airflow-setup/ENV/lib/python3.12/site-packages/airflow/example_dags/example_external_task_marker_dag.py
[2026-05-04T01:03:08.674+0300] {processor.py:925} INFO - DAG(s) 'example_external_task_marker_parent', 'example_external_task_marker_child' retrieved from /home/nikita/airflow-setup/ENV/lib/python3.12/site-packages/airflow/example_dags/example_external_task_marker_dag.py
[2026-05-04T01:03:08.689+0300] {logging_mixin.py:190} INFO - [2026-05-04T01:03:08.689+0300] {dag.py:3239} INFO - Sync 2 DAGs
[2026-05-04T01:03:08.700+0300] {logging_mixin.py:190} INFO - [2026-05-04T01:03:08.700+0300] {dag.py:4180} INFO - Setting next_dagrun for example_external_task_marker_child to None, run_after=None
[2026-05-04T01:03:08.702+0300] {logging_mixin.py:190} INFO - [2026-05-04T01:03:08.702+0300] {dag.py:4180} INFO - Setting next_dagrun for example_external_task_marker_parent to None, run_after=None
[2026-05-04T01:03:08.718+0300] {processor.py:208} INFO - Processing /home/nikita/airflow-setup/ENV/lib/python3.12/site-packages/airflow/example_dags/example_external_task_marker_dag.py took 0.057 seconds
[2026-05-04T01:04:10.810+0300] {processor.py:186} INFO - Started process (PID=9892) to work on /home/nikita/airflow-setup/ENV/lib/python3.12/site-packages/airflow/example_dags/example_external_task_marker_dag.py
[2026-05-04T01:04:10.820+0300] {processor.py:914} INFO - Processing file /home/nikita/airflow-setup/ENV/lib/python3.12/site-packages/airflow/example_dags/example_external_task_marker_dag.py for tasks to queue
[2026-05-04T01:04:10.821+0300] {logging_mixin.py:190} INFO - [2026-05-04T01:04:10.821+0300] {dagbag.py:588} INFO - Filling up the DagBag from /home/nikita/airflow-setup/ENV/lib/python3.12/site-packages/airflow/example_dags/example_external_task_marker_dag.py
[2026-05-04T01:04:10.827+0300] {processor.py:925} INFO - DAG(s) 'example_external_task_marker_parent', 'example_external_task_marker_child' retrieved from /home/nikita/airflow-setup/ENV/lib/python3.12/site-packages/airflow/example_dags/example_external_task_marker_dag.py
[2026-05-04T01:04:10.841+0300] {logging_mixin.py:190} INFO - [2026-05-04T01:04:10.841+0300] {dag.py:3239} INFO - Sync 2 DAGs
[2026-05-04T01:04:10.851+0300] {logging_mixin.py:190} INFO - [2026-05-04T01:04:10.851+0300] {dag.py:4180} INFO - Setting next_dagrun for example_external_task_marker_child to None, run_after=None
[2026-05-04T01:04:10.853+0300] {logging_mixin.py:190} INFO - [2026-05-04T01:04:10.853+0300] {dag.py:4180} INFO - Setting next_dagrun for example_external_task_marker_parent to None, run_after=None
[2026-05-04T01:04:10.867+0300] {processor.py:208} INFO - Processing /home/nikita/airflow-setup/ENV/lib/python3.12/site-packages/airflow/example_dags/example_external_task_marker_dag.py took 0.061 seconds
[2026-05-04T01:05:16.453+0300] {processor.py:186} INFO - Started process (PID=10149) to work on /home/nikita/airflow-setup/ENV/lib/python3.12/site-packages/airflow/example_dags/example_external_task_marker_dag.py
[2026-05-04T01:05:16.455+0300] {processor.py:914} INFO - Processing file /home/nikita/airflow-setup/ENV/lib/python3.12/site-packages/airflow/example_dags/example_external_task_marker_dag.py for tasks to queue
[2026-05-04T01:05:16.456+0300] {logging_mixin.py:190} INFO - [2026-05-04T01:05:16.456+0300] {dagbag.py:588} INFO - Filling up the DagBag from /home/nikita/airflow-setup/ENV/lib/python3.12/site-packages/airflow/example_dags/example_external_task_marker_dag.py
[2026-05-04T01:05:16.463+0300] {processor.py:925} INFO - DAG(s) 'example_external_task_marker_child', 'example_external_task_marker_parent' retrieved from /home/nikita/airflow-setup/ENV/lib/python3.12/site-packages/airflow/example_dags/example_external_task_marker_dag.py
[2026-05-04T01:05:16.476+0300] {logging_mixin.py:190} INFO - [2026-05-04T01:05:16.476+0300] {dag.py:3239} INFO - Sync 2 DAGs
[2026-05-04T01:05:16.485+0300] {logging_mixin.py:190} INFO - [2026-05-04T01:05:16.484+0300] {dag.py:4180} INFO - Setting next_dagrun for example_external_task_marker_child to None, run_after=None
[2026-05-04T01:05:16.487+0300] {logging_mixin.py:190} INFO - [2026-05-04T01:05:16.487+0300] {dag.py:4180} INFO - Setting next_dagrun for example_external_task_marker_parent to None, run_after=None
[2026-05-04T01:05:16.505+0300] {processor.py:208} INFO - Processing /home/nikita/airflow-setup/ENV/lib/python3.12/site-packages/airflow/example_dags/example_external_task_marker_dag.py took 0.057 seconds
[2026-05-04T01:06:21.940+0300] {processor.py:186} INFO - Started process (PID=10426) to work on /home/nikita/airflow-setup/ENV/lib/python3.12/site-packages/airflow/example_dags/example_external_task_marker_dag.py
[2026-05-04T01:06:21.948+0300] {processor.py:914} INFO - Processing file /home/nikita/airflow-setup/ENV/lib/python3.12/site-packages/airflow/example_dags/example_external_task_marker_dag.py for tasks to queue
[2026-05-04T01:06:21.950+0300] {logging_mixin.py:190} INFO - [2026-05-04T01:06:21.949+0300] {dagbag.py:588} INFO - Filling up the DagBag from /home/nikita/airflow-setup/ENV/lib/python3.12/site-packages/airflow/example_dags/example_external_task_marker_dag.py
[2026-05-04T01:06:21.957+0300] {processor.py:925} INFO - DAG(s) 'example_external_task_marker_parent', 'example_external_task_marker_child' retrieved from /home/nikita/airflow-setup/ENV/lib/python3.12/site-packages/airflow/example_dags/example_external_task_marker_dag.py
[2026-05-04T01:06:21.972+0300] {logging_mixin.py:190} INFO - [2026-05-04T01:06:21.972+0300] {dag.py:3239} INFO - Sync 2 DAGs
[2026-05-04T01:06:21.984+0300] {logging_mixin.py:190} INFO - [2026-05-04T01:06:21.984+0300] {dag.py:4180} INFO - Setting next_dagrun for example_external_task_marker_child to None, run_after=None
[2026-05-04T01:06:21.986+0300] {logging_mixin.py:190} INFO - [2026-05-04T01:06:21.986+0300] {dag.py:4180} INFO - Setting next_dagrun for example_external_task_marker_parent to None, run_after=None
[2026-05-04T01:06:22.003+0300] {processor.py:208} INFO - Processing /home/nikita/airflow-setup/ENV/lib/python3.12/site-packages/airflow/example_dags/example_external_task_marker_dag.py took 0.068 seconds
[2026-05-04T01:07:27.409+0300] {processor.py:186} INFO - Started process (PID=10675) to work on /home/nikita/airflow-setup/ENV/lib/python3.12/site-packages/airflow/example_dags/example_external_task_marker_dag.py
[2026-05-04T01:07:27.417+0300] {processor.py:914} INFO - Processing file /home/nikita/airflow-setup/ENV/lib/python3.12/site-packages/airflow/example_dags/example_external_task_marker_dag.py for tasks to queue
[2026-05-04T01:07:27.419+0300] {logging_mixin.py:190} INFO - [2026-05-04T01:07:27.418+0300] {dagbag.py:588} INFO - Filling up the DagBag from /home/nikita/airflow-setup/ENV/lib/python3.12/site-packages/airflow/example_dags/example_external_task_marker_dag.py
[2026-05-04T01:07:27.426+0300] {processor.py:925} INFO - DAG(s) 'example_external_task_marker_parent', 'example_external_task_marker_child' retrieved from /home/nikita/airflow-setup/ENV/lib/python3.12/site-packages/airflow/example_dags/example_external_task_marker_dag.py
[2026-05-04T01:07:27.440+0300] {logging_mixin.py:190} INFO - [2026-05-04T01:07:27.439+0300] {dag.py:3239} INFO - Sync 2 DAGs
[2026-05-04T01:07:27.450+0300] {logging_mixin.py:190} INFO - [2026-05-04T01:07:27.450+0300] {dag.py:4180} INFO - Setting next_dagrun for example_external_task_marker_child to None, run_after=None
[2026-05-04T01:07:27.452+0300] {logging_mixin.py:190} INFO - [2026-05-04T01:07:27.452+0300] {dag.py:4180} INFO - Setting next_dagrun for example_external_task_marker_parent to None, run_after=None
[2026-05-04T01:07:27.467+0300] {processor.py:208} INFO - Processing /home/nikita/airflow-setup/ENV/lib/python3.12/site-packages/airflow/example_dags/example_external_task_marker_dag.py took 0.062 seconds
[2026-05-04T01:08:35.667+0300] {processor.py:186} INFO - Started process (PID=11239) to work on /home/nikita/airflow-setup/ENV/lib/python3.12/site-packages/airflow/example_dags/example_external_task_marker_dag.py
[2026-05-04T01:08:35.678+0300] {processor.py:914} INFO - Processing file /home/nikita/airflow-setup/ENV/lib/python3.12/site-packages/airflow/example_dags/example_external_task_marker_dag.py for tasks to queue
[2026-05-04T01:08:35.679+0300] {logging_mixin.py:190} INFO - [2026-05-04T01:08:35.679+0300] {dagbag.py:588} INFO - Filling up the DagBag from /home/nikita/airflow-setup/ENV/lib/python3.12/site-packages/airflow/example_dags/example_external_task_marker_dag.py
[2026-05-04T01:08:35.687+0300] {processor.py:925} INFO - DAG(s) 'example_external_task_marker_parent', 'example_external_task_marker_child' retrieved from /home/nikita/airflow-setup/ENV/lib/python3.12/site-packages/airflow/example_dags/example_external_task_marker_dag.py
[2026-05-04T01:08:35.701+0300] {logging_mixin.py:190} INFO - [2026-05-04T01:08:35.701+0300] {dag.py:3239} INFO - Sync 2 DAGs
[2026-05-04T01:08:35.711+0300] {logging_mixin.py:190} INFO - [2026-05-04T01:08:35.711+0300] {dag.py:4180} INFO - Setting next_dagrun for example_external_task_marker_child to None, run_after=None
[2026-05-04T01:08:35.713+0300] {logging_mixin.py:190} INFO - [2026-05-04T01:08:35.713+0300] {dag.py:4180} INFO - Setting next_dagrun for example_external_task_marker_parent to None, run_after=None
[2026-05-04T01:08:35.730+0300] {processor.py:208} INFO - Processing /home/nikita/airflow-setup/ENV/lib/python3.12/site-packages/airflow/example_dags/example_external_task_marker_dag.py took 0.068 seconds
[2026-05-04T01:09:42.729+0300] {processor.py:186} INFO - Started process (PID=12119) to work on /home/nikita/airflow-setup/ENV/lib/python3.12/site-packages/airflow/example_dags/example_external_task_marker_dag.py
[2026-05-04T01:09:42.732+0300] {processor.py:914} INFO - Processing file /home/nikita/airflow-setup/ENV/lib/python3.12/site-packages/airflow/example_dags/example_external_task_marker_dag.py for tasks to queue
[2026-05-04T01:09:42.733+0300] {logging_mixin.py:190} INFO - [2026-05-04T01:09:42.732+0300] {dagbag.py:588} INFO - Filling up the DagBag from /home/nikita/airflow-setup/ENV/lib/python3.12/site-packages/airflow/example_dags/example_external_task_marker_dag.py
[2026-05-04T01:09:42.740+0300] {processor.py:925} INFO - DAG(s) 'example_external_task_marker_parent', 'example_external_task_marker_child' retrieved from /home/nikita/airflow-setup/ENV/lib/python3.12/site-packages/airflow/example_dags/example_external_task_marker_dag.py
[2026-05-04T01:09:42.753+0300] {logging_mixin.py:190} INFO - [2026-05-04T01:09:42.753+0300] {dag.py:3239} INFO - Sync 2 DAGs
[2026-05-04T01:09:42.762+0300] {logging_mixin.py:190} INFO - [2026-05-04T01:09:42.762+0300] {dag.py:4180} INFO - Setting next_dagrun for example_external_task_marker_child to None, run_after=None
[2026-05-04T01:09:42.764+0300] {logging_mixin.py:190} INFO - [2026-05-04T01:09:42.764+0300] {dag.py:4180} INFO - Setting next_dagrun for example_external_task_marker_parent to None, run_after=None
[2026-05-04T01:09:42.779+0300] {processor.py:208} INFO - Processing /home/nikita/airflow-setup/ENV/lib/python3.12/site-packages/airflow/example_dags/example_external_task_marker_dag.py took 0.055 seconds
[2026-05-04T01:10:51.665+0300] {processor.py:186} INFO - Started process (PID=12389) to work on /home/nikita/airflow-setup/ENV/lib/python3.12/site-packages/airflow/example_dags/example_external_task_marker_dag.py
[2026-05-04T01:10:51.676+0300] {processor.py:914} INFO - Processing file /home/nikita/airflow-setup/ENV/lib/python3.12/site-packages/airflow/example_dags/example_external_task_marker_dag.py for tasks to queue
[2026-05-04T01:10:51.677+0300] {logging_mixin.py:190} INFO - [2026-05-04T01:10:51.677+0300] {dagbag.py:588} INFO - Filling up the DagBag from /home/nikita/airflow-setup/ENV/lib/python3.12/site-packages/airflow/example_dags/example_external_task_marker_dag.py
[2026-05-04T01:10:51.685+0300] {processor.py:925} INFO - DAG(s) 'example_external_task_marker_parent', 'example_external_task_marker_child' retrieved from /home/nikita/airflow-setup/ENV/lib/python3.12/site-packages/airflow/example_dags/example_external_task_marker_dag.py
[2026-05-04T01:10:51.702+0300] {logging_mixin.py:190} INFO - [2026-05-04T01:10:51.702+0300] {dag.py:3239} INFO - Sync 2 DAGs
[2026-05-04T01:10:51.720+0300] {logging_mixin.py:190} INFO - [2026-05-04T01:10:51.718+0300] {dag.py:4180} INFO - Setting next_dagrun for example_external_task_marker_child to None, run_after=None
[2026-05-04T01:10:51.726+0300] {logging_mixin.py:190} INFO - [2026-05-04T01:10:51.726+0300] {dag.py:4180} INFO - Setting next_dagrun for example_external_task_marker_parent to None, run_after=None
[2026-05-04T01:10:51.758+0300] {processor.py:208} INFO - Processing /home/nikita/airflow-setup/ENV/lib/python3.12/site-packages/airflow/example_dags/example_external_task_marker_dag.py took 0.099 seconds
[2026-05-04T01:11:57.456+0300] {processor.py:186} INFO - Started process (PID=12641) to work on /home/nikita/airflow-setup/ENV/lib/python3.12/site-packages/airflow/example_dags/example_external_task_marker_dag.py
[2026-05-04T01:11:57.465+0300] {processor.py:914} INFO - Processing file /home/nikita/airflow-setup/ENV/lib/python3.12/site-packages/airflow/example_dags/example_external_task_marker_dag.py for tasks to queue
[2026-05-04T01:11:57.466+0300] {logging_mixin.py:190} INFO - [2026-05-04T01:11:57.466+0300] {dagbag.py:588} INFO - Filling up the DagBag from /home/nikita/airflow-setup/ENV/lib/python3.12/site-packages/airflow/example_dags/example_external_task_marker_dag.py
[2026-05-04T01:11:57.473+0300] {processor.py:925} INFO - DAG(s) 'example_external_task_marker_parent', 'example_external_task_marker_child' retrieved from /home/nikita/airflow-setup/ENV/lib/python3.12/site-packages/airflow/example_dags/example_external_task_marker_dag.py
[2026-05-04T01:11:57.486+0300] {logging_mixin.py:190} INFO - [2026-05-04T01:11:57.486+0300] {dag.py:3239} INFO - Sync 2 DAGs
[2026-05-04T01:11:58.024+0300] {logging_mixin.py:190} INFO - [2026-05-04T01:11:58.024+0300] {dag.py:4180} INFO - Setting next_dagrun for example_external_task_marker_child to None, run_after=None
[2026-05-04T01:11:58.027+0300] {logging_mixin.py:190} INFO - [2026-05-04T01:11:58.026+0300] {dag.py:4180} INFO - Setting next_dagrun for example_external_task_marker_parent to None, run_after=None
[2026-05-04T01:11:58.042+0300] {processor.py:208} INFO - Processing /home/nikita/airflow-setup/ENV/lib/python3.12/site-packages/airflow/example_dags/example_external_task_marker_dag.py took 0.064 seconds
[2026-05-04T01:12:57.737+0300] {processor.py:186} INFO - Started process (PID=12876) to work on /home/nikita/airflow-setup/ENV/lib/python3.12/site-packages/airflow/example_dags/example_external_task_marker_dag.py
[2026-05-04T01:12:57.739+0300] {processor.py:914} INFO - Processing file /home/nikita/airflow-setup/ENV/lib/python3.12/site-packages/airflow/example_dags/example_external_task_marker_dag.py for tasks to queue
[2026-05-04T01:12:57.740+0300] {logging_mixin.py:190} INFO - [2026-05-04T01:12:57.740+0300] {dagbag.py:588} INFO - Filling up the DagBag from /home/nikita/airflow-setup/ENV/lib/python3.12/site-packages/airflow/example_dags/example_external_task_marker_dag.py
[2026-05-04T01:12:57.747+0300] {processor.py:925} INFO - DAG(s) 'example_external_task_marker_parent', 'example_external_task_marker_child' retrieved from /home/nikita/airflow-setup/ENV/lib/python3.12/site-packages/airflow/example_dags/example_external_task_marker_dag.py
[2026-05-04T01:12:57.761+0300] {logging_mixin.py:190} INFO - [2026-05-04T01:12:57.761+0300] {dag.py:3239} INFO - Sync 2 DAGs
[2026-05-04T01:12:57.772+0300] {logging_mixin.py:190} INFO - [2026-05-04T01:12:57.772+0300] {dag.py:4180} INFO - Setting next_dagrun for example_external_task_marker_child to None, run_after=None
[2026-05-04T01:12:57.774+0300] {logging_mixin.py:190} INFO - [2026-05-04T01:12:57.774+0300] {dag.py:4180} INFO - Setting next_dagrun for example_external_task_marker_parent to None, run_after=None
[2026-05-04T01:12:57.788+0300] {processor.py:208} INFO - Processing /home/nikita/airflow-setup/ENV/lib/python3.12/site-packages/airflow/example_dags/example_external_task_marker_dag.py took 0.055 seconds
[2026-05-04T01:14:00.023+0300] {processor.py:186} INFO - Started process (PID=13502) to work on /home/nikita/airflow-setup/ENV/lib/python3.12/site-packages/airflow/example_dags/example_external_task_marker_dag.py
[2026-05-04T01:14:00.024+0300] {processor.py:914} INFO - Processing file /home/nikita/airflow-setup/ENV/lib/python3.12/site-packages/airflow/example_dags/example_external_task_marker_dag.py for tasks to queue
[2026-05-04T01:14:00.025+0300] {logging_mixin.py:190} INFO - [2026-05-04T01:14:00.025+0300] {dagbag.py:588} INFO - Filling up the DagBag from /home/nikita/airflow-setup/ENV/lib/python3.12/site-packages/airflow/example_dags/example_external_task_marker_dag.py
[2026-05-04T01:14:00.032+0300] {processor.py:925} INFO - DAG(s) 'example_external_task_marker_child', 'example_external_task_marker_parent' retrieved from /home/nikita/airflow-setup/ENV/lib/python3.12/site-packages/airflow/example_dags/example_external_task_marker_dag.py
[2026-05-04T01:14:00.045+0300] {logging_mixin.py:190} INFO - [2026-05-04T01:14:00.045+0300] {dag.py:3239} INFO - Sync 2 DAGs
[2026-05-04T01:14:00.054+0300] {logging_mixin.py:190} INFO - [2026-05-04T01:14:00.054+0300] {dag.py:4180} INFO - Setting next_dagrun for example_external_task_marker_child to None, run_after=None
[2026-05-04T01:14:00.056+0300] {logging_mixin.py:190} INFO - [2026-05-04T01:14:00.056+0300] {dag.py:4180} INFO - Setting next_dagrun for example_external_task_marker_parent to None, run_after=None
[2026-05-04T01:14:00.071+0300] {processor.py:208} INFO - Processing /home/nikita/airflow-setup/ENV/lib/python3.12/site-packages/airflow/example_dags/example_external_task_marker_dag.py took 0.054 seconds
[2026-05-04T01:15:09.023+0300] {processor.py:186} INFO - Started process (PID=14433) to work on /home/nikita/airflow-setup/ENV/lib/python3.12/site-packages/airflow/example_dags/example_external_task_marker_dag.py
[2026-05-04T01:15:09.031+0300] {processor.py:914} INFO - Processing file /home/nikita/airflow-setup/ENV/lib/python3.12/site-packages/airflow/example_dags/example_external_task_marker_dag.py for tasks to queue
[2026-05-04T01:15:09.033+0300] {logging_mixin.py:190} INFO - [2026-05-04T01:15:09.032+0300] {dagbag.py:588} INFO - Filling up the DagBag from /home/nikita/airflow-setup/ENV/lib/python3.12/site-packages/airflow/example_dags/example_external_task_marker_dag.py
[2026-05-04T01:15:09.040+0300] {processor.py:925} INFO - DAG(s) 'example_external_task_marker_child', 'example_external_task_marker_parent' retrieved from /home/nikita/airflow-setup/ENV/lib/python3.12/site-packages/airflow/example_dags/example_external_task_marker_dag.py
[2026-05-04T01:15:09.055+0300] {logging_mixin.py:190} INFO - [2026-05-04T01:15:09.055+0300] {dag.py:3239} INFO - Sync 2 DAGs
[2026-05-04T01:15:09.066+0300] {logging_mixin.py:190} INFO - [2026-05-04T01:15:09.066+0300] {dag.py:4180} INFO - Setting next_dagrun for example_external_task_marker_child to None, run_after=None
[2026-05-04T01:15:09.068+0300] {logging_mixin.py:190} INFO - [2026-05-04T01:15:09.068+0300] {dag.py:4180} INFO - Setting next_dagrun for example_external_task_marker_parent to None, run_after=None
[2026-05-04T01:15:09.085+0300] {processor.py:208} INFO - Processing /home/nikita/airflow-setup/ENV/lib/python3.12/site-packages/airflow/example_dags/example_external_task_marker_dag.py took 0.067 seconds
[2026-05-04T01:16:16.276+0300] {processor.py:186} INFO - Started process (PID=15646) to work on /home/nikita/airflow-setup/ENV/lib/python3.12/site-packages/airflow/example_dags/example_external_task_marker_dag.py
[2026-05-04T01:16:16.285+0300] {processor.py:914} INFO - Processing file /home/nikita/airflow-setup/ENV/lib/python3.12/site-packages/airflow/example_dags/example_external_task_marker_dag.py for tasks to queue
[2026-05-04T01:16:16.286+0300] {logging_mixin.py:190} INFO - [2026-05-04T01:16:16.286+0300] {dagbag.py:588} INFO - Filling up the DagBag from /home/nikita/airflow-setup/ENV/lib/python3.12/site-packages/airflow/example_dags/example_external_task_marker_dag.py
[2026-05-04T01:16:16.294+0300] {processor.py:925} INFO - DAG(s) 'example_external_task_marker_parent', 'example_external_task_marker_child' retrieved from /home/nikita/airflow-setup/ENV/lib/python3.12/site-packages/airflow/example_dags/example_external_task_marker_dag.py
[2026-05-04T01:16:16.310+0300] {logging_mixin.py:190} INFO - [2026-05-04T01:16:16.310+0300] {dag.py:3239} INFO - Sync 2 DAGs
[2026-05-04T01:16:16.320+0300] {logging_mixin.py:190} INFO - [2026-05-04T01:16:16.320+0300] {dag.py:4180} INFO - Setting next_dagrun for example_external_task_marker_child to None, run_after=None
[2026-05-04T01:16:16.323+0300] {logging_mixin.py:190} INFO - [2026-05-04T01:16:16.322+0300] {dag.py:4180} INFO - Setting next_dagrun for example_external_task_marker_parent to None, run_after=None
[2026-05-04T01:16:16.338+0300] {processor.py:208} INFO - Processing /home/nikita/airflow-setup/ENV/lib/python3.12/site-packages/airflow/example_dags/example_external_task_marker_dag.py took 0.066 seconds
[2026-05-04T01:17:25.517+0300] {processor.py:186} INFO - Started process (PID=15914) to work on /home/nikita/airflow-setup/ENV/lib/python3.12/site-packages/airflow/example_dags/example_external_task_marker_dag.py
[2026-05-04T01:17:25.518+0300] {processor.py:914} INFO - Processing file /home/nikita/airflow-setup/ENV/lib/python3.12/site-packages/airflow/example_dags/example_external_task_marker_dag.py for tasks to queue
[2026-05-04T01:17:25.519+0300] {logging_mixin.py:190} INFO - [2026-05-04T01:17:25.519+0300] {dagbag.py:588} INFO - Filling up the DagBag from /home/nikita/airflow-setup/ENV/lib/python3.12/site-packages/airflow/example_dags/example_external_task_marker_dag.py
[2026-05-04T01:17:25.526+0300] {processor.py:925} INFO - DAG(s) 'example_external_task_marker_parent', 'example_external_task_marker_child' retrieved from /home/nikita/airflow-setup/ENV/lib/python3.12/site-packages/airflow/example_dags/example_external_task_marker_dag.py
[2026-05-04T01:17:25.539+0300] {logging_mixin.py:190} INFO - [2026-05-04T01:17:25.539+0300] {dag.py:3239} INFO - Sync 2 DAGs
[2026-05-04T01:17:25.552+0300] {logging_mixin.py:190} INFO - [2026-05-04T01:17:25.552+0300] {dag.py:4180} INFO - Setting next_dagrun for example_external_task_marker_child to None, run_after=None
[2026-05-04T01:17:25.555+0300] {logging_mixin.py:190} INFO - [2026-05-04T01:17:25.555+0300] {dag.py:4180} INFO - Setting next_dagrun for example_external_task_marker_parent to None, run_after=None
[2026-05-04T01:17:25.569+0300] {processor.py:208} INFO - Processing /home/nikita/airflow-setup/ENV/lib/python3.12/site-packages/airflow/example_dags/example_external_task_marker_dag.py took 0.057 seconds
[2026-05-04T01:18:34.995+0300] {processor.py:186} INFO - Started process (PID=16171) to work on /home/nikita/airflow-setup/ENV/lib/python3.12/site-packages/airflow/example_dags/example_external_task_marker_dag.py
[2026-05-04T01:18:35.005+0300] {processor.py:914} INFO - Processing file /home/nikita/airflow-setup/ENV/lib/python3.12/site-packages/airflow/example_dags/example_external_task_marker_dag.py for tasks to queue
[2026-05-04T01:18:35.006+0300] {logging_mixin.py:190} INFO - [2026-05-04T01:18:35.005+0300] {dagbag.py:588} INFO - Filling up the DagBag from /home/nikita/airflow-setup/ENV/lib/python3.12/site-packages/airflow/example_dags/example_external_task_marker_dag.py
[2026-05-04T01:18:35.012+0300] {processor.py:925} INFO - DAG(s) 'example_external_task_marker_parent', 'example_external_task_marker_child' retrieved from /home/nikita/airflow-setup/ENV/lib/python3.12/site-packages/airflow/example_dags/example_external_task_marker_dag.py
[2026-05-04T01:18:35.024+0300] {logging_mixin.py:190} INFO - [2026-05-04T01:18:35.024+0300] {dag.py:3239} INFO - Sync 2 DAGs
[2026-05-04T01:18:35.033+0300] {logging_mixin.py:190} INFO - [2026-05-04T01:18:35.033+0300] {dag.py:4180} INFO - Setting next_dagrun for example_external_task_marker_child to None, run_after=None
[2026-05-04T01:18:35.035+0300] {logging_mixin.py:190} INFO - [2026-05-04T01:18:35.035+0300] {dag.py:4180} INFO - Setting next_dagrun for example_external_task_marker_parent to None, run_after=None
[2026-05-04T01:18:35.049+0300] {processor.py:208} INFO - Processing /home/nikita/airflow-setup/ENV/lib/python3.12/site-packages/airflow/example_dags/example_external_task_marker_dag.py took 0.058 seconds
[2026-05-04T01:19:37.976+0300] {processor.py:186} INFO - Started process (PID=16419) to work on /home/nikita/airflow-setup/ENV/lib/python3.12/site-packages/airflow/example_dags/example_external_task_marker_dag.py
[2026-05-04T01:19:37.978+0300] {processor.py:914} INFO - Processing file /home/nikita/airflow-setup/ENV/lib/python3.12/site-packages/airflow/example_dags/example_external_task_marker_dag.py for tasks to queue
[2026-05-04T01:19:37.979+0300] {logging_mixin.py:190} INFO - [2026-05-04T01:19:37.978+0300] {dagbag.py:588} INFO - Filling up the DagBag from /home/nikita/airflow-setup/ENV/lib/python3.12/site-packages/airflow/example_dags/example_external_task_marker_dag.py
[2026-05-04T01:19:37.985+0300] {processor.py:925} INFO - DAG(s) 'example_external_task_marker_parent', 'example_external_task_marker_child' retrieved from /home/nikita/airflow-setup/ENV/lib/python3.12/site-packages/airflow/example_dags/example_external_task_marker_dag.py
[2026-05-04T01:19:37.996+0300] {logging_mixin.py:190} INFO - [2026-05-04T01:19:37.996+0300] {dag.py:3239} INFO - Sync 2 DAGs
[2026-05-04T01:19:38.006+0300] {logging_mixin.py:190} INFO - [2026-05-04T01:19:38.006+0300] {dag.py:4180} INFO - Setting next_dagrun for example_external_task_marker_child to None, run_after=None
[2026-05-04T01:19:38.008+0300] {logging_mixin.py:190} INFO - [2026-05-04T01:19:38.008+0300] {dag.py:4180} INFO - Setting next_dagrun for example_external_task_marker_parent to None, run_after=None
[2026-05-04T01:19:38.024+0300] {processor.py:208} INFO - Processing /home/nikita/airflow-setup/ENV/lib/python3.12/site-packages/airflow/example_dags/example_external_task_marker_dag.py took 0.052 seconds
[2026-05-04T01:20:44.508+0300] {processor.py:186} INFO - Started process (PID=16683) to work on /home/nikita/airflow-setup/ENV/lib/python3.12/site-packages/airflow/example_dags/example_external_task_marker_dag.py
[2026-05-04T01:20:44.519+0300] {processor.py:914} INFO - Processing file /home/nikita/airflow-setup/ENV/lib/python3.12/site-packages/airflow/example_dags/example_external_task_marker_dag.py for tasks to queue
[2026-05-04T01:20:44.520+0300] {logging_mixin.py:190} INFO - [2026-05-04T01:20:44.520+0300] {dagbag.py:588} INFO - Filling up the DagBag from /home/nikita/airflow-setup/ENV/lib/python3.12/site-packages/airflow/example_dags/example_external_task_marker_dag.py
[2026-05-04T01:20:44.527+0300] {processor.py:925} INFO - DAG(s) 'example_external_task_marker_parent', 'example_external_task_marker_child' retrieved from /home/nikita/airflow-setup/ENV/lib/python3.12/site-packages/airflow/example_dags/example_external_task_marker_dag.py
[2026-05-04T01:20:44.540+0300] {logging_mixin.py:190} INFO - [2026-05-04T01:20:44.540+0300] {dag.py:3239} INFO - Sync 2 DAGs
[2026-05-04T01:20:44.551+0300] {logging_mixin.py:190} INFO - [2026-05-04T01:20:44.550+0300] {dag.py:4180} INFO - Setting next_dagrun for example_external_task_marker_child to None, run_after=None
[2026-05-04T01:20:44.553+0300] {logging_mixin.py:190} INFO - [2026-05-04T01:20:44.553+0300] {dag.py:4180} INFO - Setting next_dagrun for example_external_task_marker_parent to None, run_after=None
[2026-05-04T01:20:44.568+0300] {processor.py:208} INFO - Processing /home/nikita/airflow-setup/ENV/lib/python3.12/site-packages/airflow/example_dags/example_external_task_marker_dag.py took 0.064 seconds
[2026-05-04T01:21:52.351+0300] {processor.py:186} INFO - Started process (PID=16941) to work on /home/nikita/airflow-setup/ENV/lib/python3.12/site-packages/airflow/example_dags/example_external_task_marker_dag.py
[2026-05-04T01:21:52.352+0300] {processor.py:914} INFO - Processing file /home/nikita/airflow-setup/ENV/lib/python3.12/site-packages/airflow/example_dags/example_external_task_marker_dag.py for tasks to queue
[2026-05-04T01:21:52.354+0300] {logging_mixin.py:190} INFO - [2026-05-04T01:21:52.353+0300] {dagbag.py:588} INFO - Filling up the DagBag from /home/nikita/airflow-setup/ENV/lib/python3.12/site-packages/airflow/example_dags/example_external_task_marker_dag.py
[2026-05-04T01:21:52.361+0300] {processor.py:925} INFO - DAG(s) 'example_external_task_marker_child', 'example_external_task_marker_parent' retrieved from /home/nikita/airflow-setup/ENV/lib/python3.12/site-packages/airflow/example_dags/example_external_task_marker_dag.py
[2026-05-04T01:21:52.375+0300] {logging_mixin.py:190} INFO - [2026-05-04T01:21:52.375+0300] {dag.py:3239} INFO - Sync 2 DAGs
[2026-05-04T01:21:52.386+0300] {logging_mixin.py:190} INFO - [2026-05-04T01:21:52.386+0300] {dag.py:4180} INFO - Setting next_dagrun for example_external_task_marker_child to None, run_after=None
[2026-05-04T01:21:52.388+0300] {logging_mixin.py:190} INFO - [2026-05-04T01:21:52.388+0300] {dag.py:4180} INFO - Setting next_dagrun for example_external_task_marker_parent to None, run_after=None
[2026-05-04T01:21:52.403+0300] {processor.py:208} INFO - Processing /home/nikita/airflow-setup/ENV/lib/python3.12/site-packages/airflow/example_dags/example_external_task_marker_dag.py took 0.056 seconds
[2026-05-04T01:23:05.527+0300] {processor.py:186} INFO - Started process (PID=17214) to work on /home/nikita/airflow-setup/ENV/lib/python3.12/site-packages/airflow/example_dags/example_external_task_marker_dag.py
[2026-05-04T01:23:05.529+0300] {processor.py:914} INFO - Processing file /home/nikita/airflow-setup/ENV/lib/python3.12/site-packages/airflow/example_dags/example_external_task_marker_dag.py for tasks to queue
[2026-05-04T01:23:05.530+0300] {logging_mixin.py:190} INFO - [2026-05-04T01:23:05.530+0300] {dagbag.py:588} INFO - Filling up the DagBag from /home/nikita/airflow-setup/ENV/lib/python3.12/site-packages/airflow/example_dags/example_external_task_marker_dag.py
[2026-05-04T01:23:05.536+0300] {processor.py:925} INFO - DAG(s) 'example_external_task_marker_parent', 'example_external_task_marker_child' retrieved from /home/nikita/airflow-setup/ENV/lib/python3.12/site-packages/airflow/example_dags/example_external_task_marker_dag.py
[2026-05-04T01:23:05.548+0300] {logging_mixin.py:190} INFO - [2026-05-04T01:23:05.548+0300] {dag.py:3239} INFO - Sync 2 DAGs
[2026-05-04T01:23:05.557+0300] {logging_mixin.py:190} INFO - [2026-05-04T01:23:05.557+0300] {dag.py:4180} INFO - Setting next_dagrun for example_external_task_marker_child to None, run_after=None
[2026-05-04T01:23:05.559+0300] {logging_mixin.py:190} INFO - [2026-05-04T01:23:05.559+0300] {dag.py:4180} INFO - Setting next_dagrun for example_external_task_marker_parent to None, run_after=None
[2026-05-04T01:23:05.573+0300] {processor.py:208} INFO - Processing /home/nikita/airflow-setup/ENV/lib/python3.12/site-packages/airflow/example_dags/example_external_task_marker_dag.py took 0.050 seconds
[2026-05-04T01:24:10.471+0300] {processor.py:186} INFO - Started process (PID=17464) to work on /home/nikita/airflow-setup/ENV/lib/python3.12/site-packages/airflow/example_dags/example_external_task_marker_dag.py
[2026-05-04T01:24:10.481+0300] {processor.py:914} INFO - Processing file /home/nikita/airflow-setup/ENV/lib/python3.12/site-packages/airflow/example_dags/example_external_task_marker_dag.py for tasks to queue
[2026-05-04T01:24:10.482+0300] {logging_mixin.py:190} INFO - [2026-05-04T01:24:10.482+0300] {dagbag.py:588} INFO - Filling up the DagBag from /home/nikita/airflow-setup/ENV/lib/python3.12/site-packages/airflow/example_dags/example_external_task_marker_dag.py
[2026-05-04T01:24:10.489+0300] {processor.py:925} INFO - DAG(s) 'example_external_task_marker_child', 'example_external_task_marker_parent' retrieved from /home/nikita/airflow-setup/ENV/lib/python3.12/site-packages/airflow/example_dags/example_external_task_marker_dag.py
[2026-05-04T01:24:10.501+0300] {logging_mixin.py:190} INFO - [2026-05-04T01:24:10.501+0300] {dag.py:3239} INFO - Sync 2 DAGs
[2026-05-04T01:24:10.511+0300] {logging_mixin.py:190} INFO - [2026-05-04T01:24:10.511+0300] {dag.py:4180} INFO - Setting next_dagrun for example_external_task_marker_child to None, run_after=None
[2026-05-04T01:24:10.513+0300] {logging_mixin.py:190} INFO - [2026-05-04T01:24:10.513+0300] {dag.py:4180} INFO - Setting next_dagrun for example_external_task_marker_parent to None, run_after=None
[2026-05-04T01:24:10.527+0300] {processor.py:208} INFO - Processing /home/nikita/airflow-setup/ENV/lib/python3.12/site-packages/airflow/example_dags/example_external_task_marker_dag.py took 0.060 seconds
[2026-05-04T01:25:21.372+0300] {processor.py:186} INFO - Started process (PID=18063) to work on /home/nikita/airflow-setup/ENV/lib/python3.12/site-packages/airflow/example_dags/example_external_task_marker_dag.py
[2026-05-04T01:25:21.373+0300] {processor.py:914} INFO - Processing file /home/nikita/airflow-setup/ENV/lib/python3.12/site-packages/airflow/example_dags/example_external_task_marker_dag.py for tasks to queue
[2026-05-04T01:25:21.374+0300] {logging_mixin.py:190} INFO - [2026-05-04T01:25:21.373+0300] {dagbag.py:588} INFO - Filling up the DagBag from /home/nikita/airflow-setup/ENV/lib/python3.12/site-packages/airflow/example_dags/example_external_task_marker_dag.py
[2026-05-04T01:25:21.380+0300] {processor.py:925} INFO - DAG(s) 'example_external_task_marker_parent', 'example_external_task_marker_child' retrieved from /home/nikita/airflow-setup/ENV/lib/python3.12/site-packages/airflow/example_dags/example_external_task_marker_dag.py
[2026-05-04T01:25:21.394+0300] {logging_mixin.py:190} INFO - [2026-05-04T01:25:21.394+0300] {dag.py:3239} INFO - Sync 2 DAGs
[2026-05-04T01:25:21.404+0300] {logging_mixin.py:190} INFO - [2026-05-04T01:25:21.403+0300] {dag.py:4180} INFO - Setting next_dagrun for example_external_task_marker_child to None, run_after=None
[2026-05-04T01:25:21.406+0300] {logging_mixin.py:190} INFO - [2026-05-04T01:25:21.406+0300] {dag.py:4180} INFO - Setting next_dagrun for example_external_task_marker_parent to None, run_after=None
[2026-05-04T01:25:21.421+0300] {processor.py:208} INFO - Processing /home/nikita/airflow-setup/ENV/lib/python3.12/site-packages/airflow/example_dags/example_external_task_marker_dag.py took 0.054 seconds
[2026-05-04T01:26:31.123+0300] {processor.py:186} INFO - Started process (PID=19333) to work on /home/nikita/airflow-setup/ENV/lib/python3.12/site-packages/airflow/example_dags/example_external_task_marker_dag.py
[2026-05-04T01:26:31.125+0300] {processor.py:914} INFO - Processing file /home/nikita/airflow-setup/ENV/lib/python3.12/site-packages/airflow/example_dags/example_external_task_marker_dag.py for tasks to queue
[2026-05-04T01:26:31.126+0300] {logging_mixin.py:190} INFO - [2026-05-04T01:26:31.125+0300] {dagbag.py:588} INFO - Filling up the DagBag from /home/nikita/airflow-setup/ENV/lib/python3.12/site-packages/airflow/example_dags/example_external_task_marker_dag.py
[2026-05-04T01:26:31.137+0300] {processor.py:925} INFO - DAG(s) 'example_external_task_marker_child', 'example_external_task_marker_parent' retrieved from /home/nikita/airflow-setup/ENV/lib/python3.12/site-packages/airflow/example_dags/example_external_task_marker_dag.py
[2026-05-04T01:26:31.154+0300] {logging_mixin.py:190} INFO - [2026-05-04T01:26:31.154+0300] {dag.py:3239} INFO - Sync 2 DAGs
[2026-05-04T01:26:31.164+0300] {logging_mixin.py:190} INFO - [2026-05-04T01:26:31.164+0300] {dag.py:4180} INFO - Setting next_dagrun for example_external_task_marker_child to None, run_after=None
[2026-05-04T01:26:31.167+0300] {logging_mixin.py:190} INFO - [2026-05-04T01:26:31.167+0300] {dag.py:4180} INFO - Setting next_dagrun for example_external_task_marker_parent to None, run_after=None
[2026-05-04T01:26:31.184+0300] {processor.py:208} INFO - Processing /home/nikita/airflow-setup/ENV/lib/python3.12/site-packages/airflow/example_dags/example_external_task_marker_dag.py took 0.067 seconds
[2026-05-04T01:27:40.704+0300] {processor.py:186} INFO - Started process (PID=19594) to work on /home/nikita/airflow-setup/ENV/lib/python3.12/site-packages/airflow/example_dags/example_external_task_marker_dag.py
[2026-05-04T01:27:40.714+0300] {processor.py:914} INFO - Processing file /home/nikita/airflow-setup/ENV/lib/python3.12/site-packages/airflow/example_dags/example_external_task_marker_dag.py for tasks to queue
[2026-05-04T01:27:40.715+0300] {logging_mixin.py:190} INFO - [2026-05-04T01:27:40.714+0300] {dagbag.py:588} INFO - Filling up the DagBag from /home/nikita/airflow-setup/ENV/lib/python3.12/site-packages/airflow/example_dags/example_external_task_marker_dag.py
[2026-05-04T01:27:40.721+0300] {processor.py:925} INFO - DAG(s) 'example_external_task_marker_child', 'example_external_task_marker_parent' retrieved from /home/nikita/airflow-setup/ENV/lib/python3.12/site-packages/airflow/example_dags/example_external_task_marker_dag.py
[2026-05-04T01:27:40.735+0300] {logging_mixin.py:190} INFO - [2026-05-04T01:27:40.734+0300] {dag.py:3239} INFO - Sync 2 DAGs
[2026-05-04T01:27:40.743+0300] {logging_mixin.py:190} INFO - [2026-05-04T01:27:40.743+0300] {dag.py:4180} INFO - Setting next_dagrun for example_external_task_marker_child to None, run_after=None
[2026-05-04T01:27:40.746+0300] {logging_mixin.py:190} INFO - [2026-05-04T01:27:40.746+0300] {dag.py:4180} INFO - Setting next_dagrun for example_external_task_marker_parent to None, run_after=None
[2026-05-04T01:27:40.761+0300] {processor.py:208} INFO - Processing /home/nikita/airflow-setup/ENV/lib/python3.12/site-packages/airflow/example_dags/example_external_task_marker_dag.py took 0.061 seconds
[2026-05-04T01:28:53.849+0300] {processor.py:186} INFO - Started process (PID=19876) to work on /home/nikita/airflow-setup/ENV/lib/python3.12/site-packages/airflow/example_dags/example_external_task_marker_dag.py
[2026-05-04T01:28:53.850+0300] {processor.py:914} INFO - Processing file /home/nikita/airflow-setup/ENV/lib/python3.12/site-packages/airflow/example_dags/example_external_task_marker_dag.py for tasks to queue
[2026-05-04T01:28:53.851+0300] {logging_mixin.py:190} INFO - [2026-05-04T01:28:53.850+0300] {dagbag.py:588} INFO - Filling up the DagBag from /home/nikita/airflow-setup/ENV/lib/python3.12/site-packages/airflow/example_dags/example_external_task_marker_dag.py
[2026-05-04T01:28:53.858+0300] {processor.py:925} INFO - DAG(s) 'example_external_task_marker_parent', 'example_external_task_marker_child' retrieved from /home/nikita/airflow-setup/ENV/lib/python3.12/site-packages/airflow/example_dags/example_external_task_marker_dag.py
[2026-05-04T01:28:53.871+0300] {logging_mixin.py:190} INFO - [2026-05-04T01:28:53.871+0300] {dag.py:3239} INFO - Sync 2 DAGs
[2026-05-04T01:28:53.880+0300] {logging_mixin.py:190} INFO - [2026-05-04T01:28:53.880+0300] {dag.py:4180} INFO - Setting next_dagrun for example_external_task_marker_child to None, run_after=None
[2026-05-04T01:28:53.882+0300] {logging_mixin.py:190} INFO - [2026-05-04T01:28:53.882+0300] {dag.py:4180} INFO - Setting next_dagrun for example_external_task_marker_parent to None, run_after=None
[2026-05-04T01:28:53.896+0300] {processor.py:208} INFO - Processing /home/nikita/airflow-setup/ENV/lib/python3.12/site-packages/airflow/example_dags/example_external_task_marker_dag.py took 0.052 seconds
[2026-05-04T01:30:03.144+0300] {processor.py:186} INFO - Started process (PID=20133) to work on /home/nikita/airflow-setup/ENV/lib/python3.12/site-packages/airflow/example_dags/example_external_task_marker_dag.py
[2026-05-04T01:30:03.146+0300] {processor.py:914} INFO - Processing file /home/nikita/airflow-setup/ENV/lib/python3.12/site-packages/airflow/example_dags/example_external_task_marker_dag.py for tasks to queue
[2026-05-04T01:30:03.147+0300] {logging_mixin.py:190} INFO - [2026-05-04T01:30:03.147+0300] {dagbag.py:588} INFO - Filling up the DagBag from /home/nikita/airflow-setup/ENV/lib/python3.12/site-packages/airflow/example_dags/example_external_task_marker_dag.py
[2026-05-04T01:30:03.155+0300] {processor.py:925} INFO - DAG(s) 'example_external_task_marker_child', 'example_external_task_marker_parent' retrieved from /home/nikita/airflow-setup/ENV/lib/python3.12/site-packages/airflow/example_dags/example_external_task_marker_dag.py
[2026-05-04T01:30:03.303+0300] {logging_mixin.py:190} INFO - [2026-05-04T01:30:03.303+0300] {dag.py:3239} INFO - Sync 2 DAGs
[2026-05-04T01:30:03.311+0300] {logging_mixin.py:190} INFO - [2026-05-04T01:30:03.311+0300] {dag.py:4180} INFO - Setting next_dagrun for example_external_task_marker_child to None, run_after=None
[2026-05-04T01:30:03.314+0300] {logging_mixin.py:190} INFO - [2026-05-04T01:30:03.314+0300] {dag.py:4180} INFO - Setting next_dagrun for example_external_task_marker_parent to None, run_after=None
[2026-05-04T01:30:03.332+0300] {processor.py:208} INFO - Processing /home/nikita/airflow-setup/ENV/lib/python3.12/site-packages/airflow/example_dags/example_external_task_marker_dag.py took 0.193 seconds
[2026-05-04T01:31:17.504+0300] {processor.py:186} INFO - Started process (PID=20410) to work on /home/nikita/airflow-setup/ENV/lib/python3.12/site-packages/airflow/example_dags/example_external_task_marker_dag.py
[2026-05-04T01:31:17.513+0300] {processor.py:914} INFO - Processing file /home/nikita/airflow-setup/ENV/lib/python3.12/site-packages/airflow/example_dags/example_external_task_marker_dag.py for tasks to queue
[2026-05-04T01:31:17.514+0300] {logging_mixin.py:190} INFO - [2026-05-04T01:31:17.514+0300] {dagbag.py:588} INFO - Filling up the DagBag from /home/nikita/airflow-setup/ENV/lib/python3.12/site-packages/airflow/example_dags/example_external_task_marker_dag.py
[2026-05-04T01:31:17.522+0300] {processor.py:925} INFO - DAG(s) 'example_external_task_marker_child', 'example_external_task_marker_parent' retrieved from /home/nikita/airflow-setup/ENV/lib/python3.12/site-packages/airflow/example_dags/example_external_task_marker_dag.py
[2026-05-04T01:31:17.539+0300] {logging_mixin.py:190} INFO - [2026-05-04T01:31:17.539+0300] {dag.py:3239} INFO - Sync 2 DAGs
[2026-05-04T01:31:17.709+0300] {logging_mixin.py:190} INFO - [2026-05-04T01:31:17.709+0300] {dag.py:4180} INFO - Setting next_dagrun for example_external_task_marker_child to None, run_after=None
[2026-05-04T01:31:17.712+0300] {logging_mixin.py:190} INFO - [2026-05-04T01:31:17.712+0300] {dag.py:4180} INFO - Setting next_dagrun for example_external_task_marker_parent to None, run_after=None
[2026-05-04T01:31:17.746+0300] {processor.py:208} INFO - Processing /home/nikita/airflow-setup/ENV/lib/python3.12/site-packages/airflow/example_dags/example_external_task_marker_dag.py took 0.247 seconds
[2026-05-04T01:32:36.108+0300] {processor.py:186} INFO - Started process (PID=20722) to work on /home/nikita/airflow-setup/ENV/lib/python3.12/site-packages/airflow/example_dags/example_external_task_marker_dag.py
[2026-05-04T01:32:36.117+0300] {processor.py:914} INFO - Processing file /home/nikita/airflow-setup/ENV/lib/python3.12/site-packages/airflow/example_dags/example_external_task_marker_dag.py for tasks to queue
[2026-05-04T01:32:36.118+0300] {logging_mixin.py:190} INFO - [2026-05-04T01:32:36.117+0300] {dagbag.py:588} INFO - Filling up the DagBag from /home/nikita/airflow-setup/ENV/lib/python3.12/site-packages/airflow/example_dags/example_external_task_marker_dag.py
[2026-05-04T01:32:36.125+0300] {processor.py:925} INFO - DAG(s) 'example_external_task_marker_child', 'example_external_task_marker_parent' retrieved from /home/nikita/airflow-setup/ENV/lib/python3.12/site-packages/airflow/example_dags/example_external_task_marker_dag.py
[2026-05-04T01:32:36.138+0300] {logging_mixin.py:190} INFO - [2026-05-04T01:32:36.138+0300] {dag.py:3239} INFO - Sync 2 DAGs
[2026-05-04T01:32:36.149+0300] {logging_mixin.py:190} INFO - [2026-05-04T01:32:36.149+0300] {dag.py:4180} INFO - Setting next_dagrun for example_external_task_marker_child to None, run_after=None
[2026-05-04T01:32:36.151+0300] {logging_mixin.py:190} INFO - [2026-05-04T01:32:36.151+0300] {dag.py:4180} INFO - Setting next_dagrun for example_external_task_marker_parent to None, run_after=None
[2026-05-04T01:32:36.167+0300] {processor.py:208} INFO - Processing /home/nikita/airflow-setup/ENV/lib/python3.12/site-packages/airflow/example_dags/example_external_task_marker_dag.py took 0.064 seconds
[2026-05-04T01:33:41.200+0300] {processor.py:186} INFO - Started process (PID=21226) to work on /home/nikita/airflow-setup/ENV/lib/python3.12/site-packages/airflow/example_dags/example_external_task_marker_dag.py
[2026-05-04T01:33:41.201+0300] {processor.py:914} INFO - Processing file /home/nikita/airflow-setup/ENV/lib/python3.12/site-packages/airflow/example_dags/example_external_task_marker_dag.py for tasks to queue
[2026-05-04T01:33:41.202+0300] {logging_mixin.py:190} INFO - [2026-05-04T01:33:41.202+0300] {dagbag.py:588} INFO - Filling up the DagBag from /home/nikita/airflow-setup/ENV/lib/python3.12/site-packages/airflow/example_dags/example_external_task_marker_dag.py
[2026-05-04T01:33:41.209+0300] {processor.py:925} INFO - DAG(s) 'example_external_task_marker_child', 'example_external_task_marker_parent' retrieved from /home/nikita/airflow-setup/ENV/lib/python3.12/site-packages/airflow/example_dags/example_external_task_marker_dag.py
[2026-05-04T01:33:41.221+0300] {logging_mixin.py:190} INFO - [2026-05-04T01:33:41.221+0300] {dag.py:3239} INFO - Sync 2 DAGs
[2026-05-04T01:33:41.230+0300] {logging_mixin.py:190} INFO - [2026-05-04T01:33:41.230+0300] {dag.py:4180} INFO - Setting next_dagrun for example_external_task_marker_child to None, run_after=None
[2026-05-04T01:33:41.233+0300] {logging_mixin.py:190} INFO - [2026-05-04T01:33:41.233+0300] {dag.py:4180} INFO - Setting next_dagrun for example_external_task_marker_parent to None, run_after=None
[2026-05-04T01:33:41.253+0300] {processor.py:208} INFO - Processing /home/nikita/airflow-setup/ENV/lib/python3.12/site-packages/airflow/example_dags/example_external_task_marker_dag.py took 0.058 seconds
[2026-05-04T01:34:44.540+0300] {processor.py:186} INFO - Started process (PID=21466) to work on /home/nikita/airflow-setup/ENV/lib/python3.12/site-packages/airflow/example_dags/example_external_task_marker_dag.py
[2026-05-04T01:34:44.542+0300] {processor.py:914} INFO - Processing file /home/nikita/airflow-setup/ENV/lib/python3.12/site-packages/airflow/example_dags/example_external_task_marker_dag.py for tasks to queue
[2026-05-04T01:34:44.544+0300] {logging_mixin.py:190} INFO - [2026-05-04T01:34:44.543+0300] {dagbag.py:588} INFO - Filling up the DagBag from /home/nikita/airflow-setup/ENV/lib/python3.12/site-packages/airflow/example_dags/example_external_task_marker_dag.py
[2026-05-04T01:34:44.550+0300] {processor.py:925} INFO - DAG(s) 'example_external_task_marker_parent', 'example_external_task_marker_child' retrieved from /home/nikita/airflow-setup/ENV/lib/python3.12/site-packages/airflow/example_dags/example_external_task_marker_dag.py
[2026-05-04T01:34:44.563+0300] {logging_mixin.py:190} INFO - [2026-05-04T01:34:44.563+0300] {dag.py:3239} INFO - Sync 2 DAGs
[2026-05-04T01:34:44.572+0300] {logging_mixin.py:190} INFO - [2026-05-04T01:34:44.572+0300] {dag.py:4180} INFO - Setting next_dagrun for example_external_task_marker_child to None, run_after=None
[2026-05-04T01:34:44.574+0300] {logging_mixin.py:190} INFO - [2026-05-04T01:34:44.574+0300] {dag.py:4180} INFO - Setting next_dagrun for example_external_task_marker_parent to None, run_after=None
[2026-05-04T01:34:44.590+0300] {processor.py:208} INFO - Processing /home/nikita/airflow-setup/ENV/lib/python3.12/site-packages/airflow/example_dags/example_external_task_marker_dag.py took 0.054 seconds
[2026-05-04T01:35:47.268+0300] {processor.py:186} INFO - Started process (PID=21713) to work on /home/nikita/airflow-setup/ENV/lib/python3.12/site-packages/airflow/example_dags/example_external_task_marker_dag.py
[2026-05-04T01:35:47.278+0300] {processor.py:914} INFO - Processing file /home/nikita/airflow-setup/ENV/lib/python3.12/site-packages/airflow/example_dags/example_external_task_marker_dag.py for tasks to queue
[2026-05-04T01:35:47.279+0300] {logging_mixin.py:190} INFO - [2026-05-04T01:35:47.279+0300] {dagbag.py:588} INFO - Filling up the DagBag from /home/nikita/airflow-setup/ENV/lib/python3.12/site-packages/airflow/example_dags/example_external_task_marker_dag.py
[2026-05-04T01:35:47.286+0300] {processor.py:925} INFO - DAG(s) 'example_external_task_marker_child', 'example_external_task_marker_parent' retrieved from /home/nikita/airflow-setup/ENV/lib/python3.12/site-packages/airflow/example_dags/example_external_task_marker_dag.py
[2026-05-04T01:35:47.297+0300] {logging_mixin.py:190} INFO - [2026-05-04T01:35:47.297+0300] {dag.py:3239} INFO - Sync 2 DAGs
[2026-05-04T01:35:47.306+0300] {logging_mixin.py:190} INFO - [2026-05-04T01:35:47.306+0300] {dag.py:4180} INFO - Setting next_dagrun for example_external_task_marker_child to None, run_after=None
[2026-05-04T01:35:47.308+0300] {logging_mixin.py:190} INFO - [2026-05-04T01:35:47.308+0300] {dag.py:4180} INFO - Setting next_dagrun for example_external_task_marker_parent to None, run_after=None
[2026-05-04T01:35:47.322+0300] {processor.py:208} INFO - Processing /home/nikita/airflow-setup/ENV/lib/python3.12/site-packages/airflow/example_dags/example_external_task_marker_dag.py took 0.058 seconds
