[2026-05-04T00:46:12.097+0300] {processor.py:186} INFO - Started process (PID=5971) to work on /home/nikita/airflow-setup/ENV/lib/python3.12/site-packages/airflow/example_dags/example_inlet_event_extra.py
[2026-05-04T00:46:12.098+0300] {processor.py:914} INFO - Processing file /home/nikita/airflow-setup/ENV/lib/python3.12/site-packages/airflow/example_dags/example_inlet_event_extra.py for tasks to queue
[2026-05-04T00:46:12.100+0300] {logging_mixin.py:190} INFO - [2026-05-04T00:46:12.099+0300] {dagbag.py:588} INFO - Filling up the DagBag from /home/nikita/airflow-setup/ENV/lib/python3.12/site-packages/airflow/example_dags/example_inlet_event_extra.py
[2026-05-04T00:46:12.432+0300] {processor.py:925} INFO - DAG(s) 'read_dataset_event', 'read_dataset_event_from_classic' retrieved from /home/nikita/airflow-setup/ENV/lib/python3.12/site-packages/airflow/example_dags/example_inlet_event_extra.py
[2026-05-04T00:46:12.502+0300] {logging_mixin.py:190} INFO - [2026-05-04T00:46:12.501+0300] {override.py:1930} INFO - Created Permission View: can read on DAG:read_dataset_event
[2026-05-04T00:46:12.512+0300] {logging_mixin.py:190} INFO - [2026-05-04T00:46:12.511+0300] {override.py:1930} INFO - Created Permission View: can delete on DAG:read_dataset_event
[2026-05-04T00:46:12.518+0300] {logging_mixin.py:190} INFO - [2026-05-04T00:46:12.518+0300] {override.py:1930} INFO - Created Permission View: can edit on DAG:read_dataset_event
[2026-05-04T00:46:12.530+0300] {logging_mixin.py:190} INFO - [2026-05-04T00:46:12.530+0300] {override.py:1930} INFO - Created Permission View: can read on DAG Run:read_dataset_event
[2026-05-04T00:46:12.537+0300] {logging_mixin.py:190} INFO - [2026-05-04T00:46:12.537+0300] {override.py:1930} INFO - Created Permission View: can delete on DAG Run:read_dataset_event
[2026-05-04T00:46:12.543+0300] {logging_mixin.py:190} INFO - [2026-05-04T00:46:12.543+0300] {override.py:1930} INFO - Created Permission View: menu access on DAG Run:read_dataset_event
[2026-05-04T00:46:12.550+0300] {logging_mixin.py:190} INFO - [2026-05-04T00:46:12.550+0300] {override.py:1930} INFO - Created Permission View: can create on DAG Run:read_dataset_event
[2026-05-04T00:46:12.564+0300] {logging_mixin.py:190} INFO - [2026-05-04T00:46:12.563+0300] {override.py:1930} INFO - Created Permission View: can read on DAG:read_dataset_event_from_classic
[2026-05-04T00:46:12.570+0300] {logging_mixin.py:190} INFO - [2026-05-04T00:46:12.570+0300] {override.py:1930} INFO - Created Permission View: can delete on DAG:read_dataset_event_from_classic
[2026-05-04T00:46:12.576+0300] {logging_mixin.py:190} INFO - [2026-05-04T00:46:12.576+0300] {override.py:1930} INFO - Created Permission View: can edit on DAG:read_dataset_event_from_classic
[2026-05-04T00:46:12.586+0300] {logging_mixin.py:190} INFO - [2026-05-04T00:46:12.586+0300] {override.py:1930} INFO - Created Permission View: can read on DAG Run:read_dataset_event_from_classic
[2026-05-04T00:46:12.593+0300] {logging_mixin.py:190} INFO - [2026-05-04T00:46:12.592+0300] {override.py:1930} INFO - Created Permission View: can delete on DAG Run:read_dataset_event_from_classic
[2026-05-04T00:46:12.599+0300] {logging_mixin.py:190} INFO - [2026-05-04T00:46:12.599+0300] {override.py:1930} INFO - Created Permission View: menu access on DAG Run:read_dataset_event_from_classic
[2026-05-04T00:46:12.606+0300] {logging_mixin.py:190} INFO - [2026-05-04T00:46:12.605+0300] {override.py:1930} INFO - Created Permission View: can create on DAG Run:read_dataset_event_from_classic
[2026-05-04T00:46:12.606+0300] {logging_mixin.py:190} INFO - [2026-05-04T00:46:12.606+0300] {dag.py:3239} INFO - Sync 2 DAGs
[2026-05-04T00:46:12.615+0300] {logging_mixin.py:190} INFO - [2026-05-04T00:46:12.614+0300] {dag.py:3262} INFO - Creating ORM DAG for read_dataset_event
[2026-05-04T00:46:12.615+0300] {logging_mixin.py:190} INFO - [2026-05-04T00:46:12.615+0300] {dag.py:3262} INFO - Creating ORM DAG for read_dataset_event_from_classic
[2026-05-04T00:46:12.623+0300] {logging_mixin.py:190} INFO - [2026-05-04T00:46:12.623+0300] {dag.py:4180} INFO - Setting next_dagrun for read_dataset_event to 2026-05-02 00:00:00+00:00, run_after=2026-05-03 00:00:00+00:00
[2026-05-04T00:46:12.624+0300] {logging_mixin.py:190} INFO - [2026-05-04T00:46:12.624+0300] {dag.py:4180} INFO - Setting next_dagrun for read_dataset_event_from_classic to 2026-05-02 00:00:00+00:00, run_after=2026-05-03 00:00:00+00:00
[2026-05-04T00:46:12.640+0300] {processor.py:208} INFO - Processing /home/nikita/airflow-setup/ENV/lib/python3.12/site-packages/airflow/example_dags/example_inlet_event_extra.py took 0.547 seconds
[2026-05-04T00:47:19.880+0300] {processor.py:186} INFO - Started process (PID=6049) to work on /home/nikita/airflow-setup/ENV/lib/python3.12/site-packages/airflow/example_dags/example_inlet_event_extra.py
[2026-05-04T00:47:19.889+0300] {processor.py:914} INFO - Processing file /home/nikita/airflow-setup/ENV/lib/python3.12/site-packages/airflow/example_dags/example_inlet_event_extra.py for tasks to queue
[2026-05-04T00:47:19.890+0300] {logging_mixin.py:190} INFO - [2026-05-04T00:47:19.890+0300] {dagbag.py:588} INFO - Filling up the DagBag from /home/nikita/airflow-setup/ENV/lib/python3.12/site-packages/airflow/example_dags/example_inlet_event_extra.py
[2026-05-04T00:47:20.205+0300] {processor.py:925} INFO - DAG(s) 'read_dataset_event_from_classic', 'read_dataset_event' retrieved from /home/nikita/airflow-setup/ENV/lib/python3.12/site-packages/airflow/example_dags/example_inlet_event_extra.py
[2026-05-04T00:47:20.214+0300] {logging_mixin.py:190} INFO - [2026-05-04T00:47:20.214+0300] {dag.py:3239} INFO - Sync 2 DAGs
[2026-05-04T00:47:20.226+0300] {logging_mixin.py:190} INFO - [2026-05-04T00:47:20.226+0300] {dag.py:4180} INFO - Setting next_dagrun for read_dataset_event to 2026-05-02 00:00:00+00:00, run_after=2026-05-03 00:00:00+00:00
[2026-05-04T00:47:20.229+0300] {logging_mixin.py:190} INFO - [2026-05-04T00:47:20.229+0300] {dag.py:4180} INFO - Setting next_dagrun for read_dataset_event_from_classic to 2026-05-02 00:00:00+00:00, run_after=2026-05-03 00:00:00+00:00
[2026-05-04T00:47:20.242+0300] {processor.py:208} INFO - Processing /home/nikita/airflow-setup/ENV/lib/python3.12/site-packages/airflow/example_dags/example_inlet_event_extra.py took 0.366 seconds
[2026-05-04T00:48:18.824+0300] {processor.py:186} INFO - Started process (PID=6106) to work on /home/nikita/airflow-setup/ENV/lib/python3.12/site-packages/airflow/example_dags/example_inlet_event_extra.py
[2026-05-04T00:48:18.826+0300] {processor.py:914} INFO - Processing file /home/nikita/airflow-setup/ENV/lib/python3.12/site-packages/airflow/example_dags/example_inlet_event_extra.py for tasks to queue
[2026-05-04T00:48:18.828+0300] {logging_mixin.py:190} INFO - [2026-05-04T00:48:18.827+0300] {dagbag.py:588} INFO - Filling up the DagBag from /home/nikita/airflow-setup/ENV/lib/python3.12/site-packages/airflow/example_dags/example_inlet_event_extra.py
[2026-05-04T00:48:19.134+0300] {processor.py:925} INFO - DAG(s) 'read_dataset_event', 'read_dataset_event_from_classic' retrieved from /home/nikita/airflow-setup/ENV/lib/python3.12/site-packages/airflow/example_dags/example_inlet_event_extra.py
[2026-05-04T00:48:19.143+0300] {logging_mixin.py:190} INFO - [2026-05-04T00:48:19.143+0300] {dag.py:3239} INFO - Sync 2 DAGs
[2026-05-04T00:48:19.157+0300] {logging_mixin.py:190} INFO - [2026-05-04T00:48:19.157+0300] {dag.py:4180} INFO - Setting next_dagrun for read_dataset_event to 2026-05-02 00:00:00+00:00, run_after=2026-05-03 00:00:00+00:00
[2026-05-04T00:48:19.160+0300] {logging_mixin.py:190} INFO - [2026-05-04T00:48:19.159+0300] {dag.py:4180} INFO - Setting next_dagrun for read_dataset_event_from_classic to 2026-05-02 00:00:00+00:00, run_after=2026-05-03 00:00:00+00:00
[2026-05-04T00:48:19.175+0300] {processor.py:208} INFO - Processing /home/nikita/airflow-setup/ENV/lib/python3.12/site-packages/airflow/example_dags/example_inlet_event_extra.py took 0.355 seconds
[2026-05-04T00:49:19.113+0300] {processor.py:186} INFO - Started process (PID=6164) to work on /home/nikita/airflow-setup/ENV/lib/python3.12/site-packages/airflow/example_dags/example_inlet_event_extra.py
[2026-05-04T00:49:19.123+0300] {processor.py:914} INFO - Processing file /home/nikita/airflow-setup/ENV/lib/python3.12/site-packages/airflow/example_dags/example_inlet_event_extra.py for tasks to queue
[2026-05-04T00:49:19.125+0300] {logging_mixin.py:190} INFO - [2026-05-04T00:49:19.124+0300] {dagbag.py:588} INFO - Filling up the DagBag from /home/nikita/airflow-setup/ENV/lib/python3.12/site-packages/airflow/example_dags/example_inlet_event_extra.py
[2026-05-04T00:49:19.441+0300] {processor.py:925} INFO - DAG(s) 'read_dataset_event', 'read_dataset_event_from_classic' retrieved from /home/nikita/airflow-setup/ENV/lib/python3.12/site-packages/airflow/example_dags/example_inlet_event_extra.py
[2026-05-04T00:49:19.451+0300] {logging_mixin.py:190} INFO - [2026-05-04T00:49:19.451+0300] {dag.py:3239} INFO - Sync 2 DAGs
[2026-05-04T00:49:19.464+0300] {logging_mixin.py:190} INFO - [2026-05-04T00:49:19.464+0300] {dag.py:4180} INFO - Setting next_dagrun for read_dataset_event to 2026-05-02 00:00:00+00:00, run_after=2026-05-03 00:00:00+00:00
[2026-05-04T00:49:19.466+0300] {logging_mixin.py:190} INFO - [2026-05-04T00:49:19.466+0300] {dag.py:4180} INFO - Setting next_dagrun for read_dataset_event_from_classic to 2026-05-02 00:00:00+00:00, run_after=2026-05-03 00:00:00+00:00
[2026-05-04T00:49:19.488+0300] {processor.py:208} INFO - Processing /home/nikita/airflow-setup/ENV/lib/python3.12/site-packages/airflow/example_dags/example_inlet_event_extra.py took 0.379 seconds
[2026-05-04T00:50:15.948+0300] {processor.py:186} INFO - Started process (PID=6225) to work on /home/nikita/airflow-setup/ENV/lib/python3.12/site-packages/airflow/example_dags/example_inlet_event_extra.py
[2026-05-04T00:50:15.950+0300] {processor.py:914} INFO - Processing file /home/nikita/airflow-setup/ENV/lib/python3.12/site-packages/airflow/example_dags/example_inlet_event_extra.py for tasks to queue
[2026-05-04T00:50:15.952+0300] {logging_mixin.py:190} INFO - [2026-05-04T00:50:15.951+0300] {dagbag.py:588} INFO - Filling up the DagBag from /home/nikita/airflow-setup/ENV/lib/python3.12/site-packages/airflow/example_dags/example_inlet_event_extra.py
[2026-05-04T00:50:16.262+0300] {processor.py:925} INFO - DAG(s) 'read_dataset_event', 'read_dataset_event_from_classic' retrieved from /home/nikita/airflow-setup/ENV/lib/python3.12/site-packages/airflow/example_dags/example_inlet_event_extra.py
[2026-05-04T00:50:16.272+0300] {logging_mixin.py:190} INFO - [2026-05-04T00:50:16.272+0300] {dag.py:3239} INFO - Sync 2 DAGs
[2026-05-04T00:50:16.284+0300] {logging_mixin.py:190} INFO - [2026-05-04T00:50:16.284+0300] {dag.py:4180} INFO - Setting next_dagrun for read_dataset_event to 2026-05-02 00:00:00+00:00, run_after=2026-05-03 00:00:00+00:00
[2026-05-04T00:50:16.287+0300] {logging_mixin.py:190} INFO - [2026-05-04T00:50:16.287+0300] {dag.py:4180} INFO - Setting next_dagrun for read_dataset_event_from_classic to 2026-05-02 00:00:00+00:00, run_after=2026-05-03 00:00:00+00:00
[2026-05-04T00:50:16.301+0300] {processor.py:208} INFO - Processing /home/nikita/airflow-setup/ENV/lib/python3.12/site-packages/airflow/example_dags/example_inlet_event_extra.py took 0.357 seconds
[2026-05-04T00:51:14.713+0300] {processor.py:186} INFO - Started process (PID=6303) to work on /home/nikita/airflow-setup/ENV/lib/python3.12/site-packages/airflow/example_dags/example_inlet_event_extra.py
[2026-05-04T00:51:14.717+0300] {processor.py:914} INFO - Processing file /home/nikita/airflow-setup/ENV/lib/python3.12/site-packages/airflow/example_dags/example_inlet_event_extra.py for tasks to queue
[2026-05-04T00:51:14.721+0300] {logging_mixin.py:190} INFO - [2026-05-04T00:51:14.720+0300] {dagbag.py:588} INFO - Filling up the DagBag from /home/nikita/airflow-setup/ENV/lib/python3.12/site-packages/airflow/example_dags/example_inlet_event_extra.py
[2026-05-04T00:51:15.250+0300] {processor.py:925} INFO - DAG(s) 'read_dataset_event_from_classic', 'read_dataset_event' retrieved from /home/nikita/airflow-setup/ENV/lib/python3.12/site-packages/airflow/example_dags/example_inlet_event_extra.py
[2026-05-04T00:51:15.267+0300] {logging_mixin.py:190} INFO - [2026-05-04T00:51:15.266+0300] {dag.py:3239} INFO - Sync 2 DAGs
[2026-05-04T00:51:15.293+0300] {logging_mixin.py:190} INFO - [2026-05-04T00:51:15.293+0300] {dag.py:4180} INFO - Setting next_dagrun for read_dataset_event to 2026-05-02 00:00:00+00:00, run_after=2026-05-03 00:00:00+00:00
[2026-05-04T00:51:15.299+0300] {logging_mixin.py:190} INFO - [2026-05-04T00:51:15.299+0300] {dag.py:4180} INFO - Setting next_dagrun for read_dataset_event_from_classic to 2026-05-02 00:00:00+00:00, run_after=2026-05-03 00:00:00+00:00
[2026-05-04T00:51:15.338+0300] {processor.py:208} INFO - Processing /home/nikita/airflow-setup/ENV/lib/python3.12/site-packages/airflow/example_dags/example_inlet_event_extra.py took 0.632 seconds
[2026-05-04T00:52:10.273+0300] {processor.py:186} INFO - Started process (PID=6357) to work on /home/nikita/airflow-setup/ENV/lib/python3.12/site-packages/airflow/example_dags/example_inlet_event_extra.py
[2026-05-04T00:52:10.283+0300] {processor.py:914} INFO - Processing file /home/nikita/airflow-setup/ENV/lib/python3.12/site-packages/airflow/example_dags/example_inlet_event_extra.py for tasks to queue
[2026-05-04T00:52:10.285+0300] {logging_mixin.py:190} INFO - [2026-05-04T00:52:10.285+0300] {dagbag.py:588} INFO - Filling up the DagBag from /home/nikita/airflow-setup/ENV/lib/python3.12/site-packages/airflow/example_dags/example_inlet_event_extra.py
[2026-05-04T00:52:10.646+0300] {processor.py:925} INFO - DAG(s) 'read_dataset_event', 'read_dataset_event_from_classic' retrieved from /home/nikita/airflow-setup/ENV/lib/python3.12/site-packages/airflow/example_dags/example_inlet_event_extra.py
[2026-05-04T00:52:10.658+0300] {logging_mixin.py:190} INFO - [2026-05-04T00:52:10.658+0300] {dag.py:3239} INFO - Sync 2 DAGs
[2026-05-04T00:52:10.673+0300] {logging_mixin.py:190} INFO - [2026-05-04T00:52:10.673+0300] {dag.py:4180} INFO - Setting next_dagrun for read_dataset_event to 2026-05-02 00:00:00+00:00, run_after=2026-05-03 00:00:00+00:00
[2026-05-04T00:52:10.677+0300] {logging_mixin.py:190} INFO - [2026-05-04T00:52:10.677+0300] {dag.py:4180} INFO - Setting next_dagrun for read_dataset_event_from_classic to 2026-05-02 00:00:00+00:00, run_after=2026-05-03 00:00:00+00:00
[2026-05-04T00:52:10.699+0300] {processor.py:208} INFO - Processing /home/nikita/airflow-setup/ENV/lib/python3.12/site-packages/airflow/example_dags/example_inlet_event_extra.py took 0.432 seconds
[2026-05-04T00:53:12.145+0300] {processor.py:186} INFO - Started process (PID=6436) to work on /home/nikita/airflow-setup/ENV/lib/python3.12/site-packages/airflow/example_dags/example_inlet_event_extra.py
[2026-05-04T00:53:12.154+0300] {processor.py:914} INFO - Processing file /home/nikita/airflow-setup/ENV/lib/python3.12/site-packages/airflow/example_dags/example_inlet_event_extra.py for tasks to queue
[2026-05-04T00:53:12.156+0300] {logging_mixin.py:190} INFO - [2026-05-04T00:53:12.156+0300] {dagbag.py:588} INFO - Filling up the DagBag from /home/nikita/airflow-setup/ENV/lib/python3.12/site-packages/airflow/example_dags/example_inlet_event_extra.py
[2026-05-04T00:53:12.495+0300] {processor.py:925} INFO - DAG(s) 'read_dataset_event_from_classic', 'read_dataset_event' retrieved from /home/nikita/airflow-setup/ENV/lib/python3.12/site-packages/airflow/example_dags/example_inlet_event_extra.py
[2026-05-04T00:53:12.506+0300] {logging_mixin.py:190} INFO - [2026-05-04T00:53:12.505+0300] {dag.py:3239} INFO - Sync 2 DAGs
[2026-05-04T00:53:12.521+0300] {logging_mixin.py:190} INFO - [2026-05-04T00:53:12.520+0300] {dag.py:4180} INFO - Setting next_dagrun for read_dataset_event to 2026-05-02 00:00:00+00:00, run_after=2026-05-03 00:00:00+00:00
[2026-05-04T00:53:12.524+0300] {logging_mixin.py:190} INFO - [2026-05-04T00:53:12.524+0300] {dag.py:4180} INFO - Setting next_dagrun for read_dataset_event_from_classic to 2026-05-02 00:00:00+00:00, run_after=2026-05-03 00:00:00+00:00
[2026-05-04T00:53:12.549+0300] {processor.py:208} INFO - Processing /home/nikita/airflow-setup/ENV/lib/python3.12/site-packages/airflow/example_dags/example_inlet_event_extra.py took 0.409 seconds
[2026-05-04T00:54:12.579+0300] {processor.py:186} INFO - Started process (PID=6493) to work on /home/nikita/airflow-setup/ENV/lib/python3.12/site-packages/airflow/example_dags/example_inlet_event_extra.py
[2026-05-04T00:54:12.588+0300] {processor.py:914} INFO - Processing file /home/nikita/airflow-setup/ENV/lib/python3.12/site-packages/airflow/example_dags/example_inlet_event_extra.py for tasks to queue
[2026-05-04T00:54:12.590+0300] {logging_mixin.py:190} INFO - [2026-05-04T00:54:12.589+0300] {dagbag.py:588} INFO - Filling up the DagBag from /home/nikita/airflow-setup/ENV/lib/python3.12/site-packages/airflow/example_dags/example_inlet_event_extra.py
[2026-05-04T00:54:12.893+0300] {processor.py:925} INFO - DAG(s) 'read_dataset_event', 'read_dataset_event_from_classic' retrieved from /home/nikita/airflow-setup/ENV/lib/python3.12/site-packages/airflow/example_dags/example_inlet_event_extra.py
[2026-05-04T00:54:12.903+0300] {logging_mixin.py:190} INFO - [2026-05-04T00:54:12.902+0300] {dag.py:3239} INFO - Sync 2 DAGs
[2026-05-04T00:54:12.915+0300] {logging_mixin.py:190} INFO - [2026-05-04T00:54:12.915+0300] {dag.py:4180} INFO - Setting next_dagrun for read_dataset_event to 2026-05-02 00:00:00+00:00, run_after=2026-05-03 00:00:00+00:00
[2026-05-04T00:54:12.918+0300] {logging_mixin.py:190} INFO - [2026-05-04T00:54:12.918+0300] {dag.py:4180} INFO - Setting next_dagrun for read_dataset_event_from_classic to 2026-05-02 00:00:00+00:00, run_after=2026-05-03 00:00:00+00:00
[2026-05-04T00:54:12.940+0300] {processor.py:208} INFO - Processing /home/nikita/airflow-setup/ENV/lib/python3.12/site-packages/airflow/example_dags/example_inlet_event_extra.py took 0.365 seconds
[2026-05-04T00:55:16.603+0300] {processor.py:186} INFO - Started process (PID=6562) to work on /home/nikita/airflow-setup/ENV/lib/python3.12/site-packages/airflow/example_dags/example_inlet_event_extra.py
[2026-05-04T00:55:16.605+0300] {processor.py:914} INFO - Processing file /home/nikita/airflow-setup/ENV/lib/python3.12/site-packages/airflow/example_dags/example_inlet_event_extra.py for tasks to queue
[2026-05-04T00:55:16.606+0300] {logging_mixin.py:190} INFO - [2026-05-04T00:55:16.606+0300] {dagbag.py:588} INFO - Filling up the DagBag from /home/nikita/airflow-setup/ENV/lib/python3.12/site-packages/airflow/example_dags/example_inlet_event_extra.py
[2026-05-04T00:55:16.946+0300] {processor.py:925} INFO - DAG(s) 'read_dataset_event', 'read_dataset_event_from_classic' retrieved from /home/nikita/airflow-setup/ENV/lib/python3.12/site-packages/airflow/example_dags/example_inlet_event_extra.py
[2026-05-04T00:55:16.957+0300] {logging_mixin.py:190} INFO - [2026-05-04T00:55:16.957+0300] {dag.py:3239} INFO - Sync 2 DAGs
[2026-05-04T00:55:16.970+0300] {logging_mixin.py:190} INFO - [2026-05-04T00:55:16.970+0300] {dag.py:4180} INFO - Setting next_dagrun for read_dataset_event to 2026-05-02 00:00:00+00:00, run_after=2026-05-03 00:00:00+00:00
[2026-05-04T00:55:16.973+0300] {logging_mixin.py:190} INFO - [2026-05-04T00:55:16.972+0300] {dag.py:4180} INFO - Setting next_dagrun for read_dataset_event_from_classic to 2026-05-02 00:00:00+00:00, run_after=2026-05-03 00:00:00+00:00
[2026-05-04T00:55:16.996+0300] {processor.py:208} INFO - Processing /home/nikita/airflow-setup/ENV/lib/python3.12/site-packages/airflow/example_dags/example_inlet_event_extra.py took 0.397 seconds
[2026-05-04T00:56:16.198+0300] {processor.py:186} INFO - Started process (PID=6621) to work on /home/nikita/airflow-setup/ENV/lib/python3.12/site-packages/airflow/example_dags/example_inlet_event_extra.py
[2026-05-04T00:56:16.200+0300] {processor.py:914} INFO - Processing file /home/nikita/airflow-setup/ENV/lib/python3.12/site-packages/airflow/example_dags/example_inlet_event_extra.py for tasks to queue
[2026-05-04T00:56:16.203+0300] {logging_mixin.py:190} INFO - [2026-05-04T00:56:16.202+0300] {dagbag.py:588} INFO - Filling up the DagBag from /home/nikita/airflow-setup/ENV/lib/python3.12/site-packages/airflow/example_dags/example_inlet_event_extra.py
[2026-05-04T00:56:16.660+0300] {processor.py:925} INFO - DAG(s) 'read_dataset_event_from_classic', 'read_dataset_event' retrieved from /home/nikita/airflow-setup/ENV/lib/python3.12/site-packages/airflow/example_dags/example_inlet_event_extra.py
[2026-05-04T00:56:16.673+0300] {logging_mixin.py:190} INFO - [2026-05-04T00:56:16.672+0300] {dag.py:3239} INFO - Sync 2 DAGs
[2026-05-04T00:56:16.691+0300] {logging_mixin.py:190} INFO - [2026-05-04T00:56:16.691+0300] {dag.py:4180} INFO - Setting next_dagrun for read_dataset_event to 2026-05-02 00:00:00+00:00, run_after=2026-05-03 00:00:00+00:00
[2026-05-04T00:56:16.696+0300] {logging_mixin.py:190} INFO - [2026-05-04T00:56:16.696+0300] {dag.py:4180} INFO - Setting next_dagrun for read_dataset_event_from_classic to 2026-05-02 00:00:00+00:00, run_after=2026-05-03 00:00:00+00:00
[2026-05-04T00:56:16.717+0300] {processor.py:208} INFO - Processing /home/nikita/airflow-setup/ENV/lib/python3.12/site-packages/airflow/example_dags/example_inlet_event_extra.py took 0.524 seconds
[2026-05-04T00:57:14.498+0300] {processor.py:186} INFO - Started process (PID=7013) to work on /home/nikita/airflow-setup/ENV/lib/python3.12/site-packages/airflow/example_dags/example_inlet_event_extra.py
[2026-05-04T00:57:14.507+0300] {processor.py:914} INFO - Processing file /home/nikita/airflow-setup/ENV/lib/python3.12/site-packages/airflow/example_dags/example_inlet_event_extra.py for tasks to queue
[2026-05-04T00:57:14.509+0300] {logging_mixin.py:190} INFO - [2026-05-04T00:57:14.508+0300] {dagbag.py:588} INFO - Filling up the DagBag from /home/nikita/airflow-setup/ENV/lib/python3.12/site-packages/airflow/example_dags/example_inlet_event_extra.py
[2026-05-04T00:57:14.832+0300] {processor.py:925} INFO - DAG(s) 'read_dataset_event_from_classic', 'read_dataset_event' retrieved from /home/nikita/airflow-setup/ENV/lib/python3.12/site-packages/airflow/example_dags/example_inlet_event_extra.py
[2026-05-04T00:57:14.841+0300] {logging_mixin.py:190} INFO - [2026-05-04T00:57:14.841+0300] {dag.py:3239} INFO - Sync 2 DAGs
[2026-05-04T00:57:14.855+0300] {logging_mixin.py:190} INFO - [2026-05-04T00:57:14.855+0300] {dag.py:4180} INFO - Setting next_dagrun for read_dataset_event to 2026-05-02 00:00:00+00:00, run_after=2026-05-03 00:00:00+00:00
[2026-05-04T00:57:14.858+0300] {logging_mixin.py:190} INFO - [2026-05-04T00:57:14.857+0300] {dag.py:4180} INFO - Setting next_dagrun for read_dataset_event_from_classic to 2026-05-02 00:00:00+00:00, run_after=2026-05-03 00:00:00+00:00
[2026-05-04T00:57:14.879+0300] {processor.py:208} INFO - Processing /home/nikita/airflow-setup/ENV/lib/python3.12/site-packages/airflow/example_dags/example_inlet_event_extra.py took 0.385 seconds
[2026-05-04T00:58:14.856+0300] {processor.py:186} INFO - Started process (PID=7240) to work on /home/nikita/airflow-setup/ENV/lib/python3.12/site-packages/airflow/example_dags/example_inlet_event_extra.py
[2026-05-04T00:58:14.864+0300] {processor.py:914} INFO - Processing file /home/nikita/airflow-setup/ENV/lib/python3.12/site-packages/airflow/example_dags/example_inlet_event_extra.py for tasks to queue
[2026-05-04T00:58:14.866+0300] {logging_mixin.py:190} INFO - [2026-05-04T00:58:14.866+0300] {dagbag.py:588} INFO - Filling up the DagBag from /home/nikita/airflow-setup/ENV/lib/python3.12/site-packages/airflow/example_dags/example_inlet_event_extra.py
[2026-05-04T00:58:15.197+0300] {processor.py:925} INFO - DAG(s) 'read_dataset_event_from_classic', 'read_dataset_event' retrieved from /home/nikita/airflow-setup/ENV/lib/python3.12/site-packages/airflow/example_dags/example_inlet_event_extra.py
[2026-05-04T00:58:15.207+0300] {logging_mixin.py:190} INFO - [2026-05-04T00:58:15.207+0300] {dag.py:3239} INFO - Sync 2 DAGs
[2026-05-04T00:58:15.221+0300] {logging_mixin.py:190} INFO - [2026-05-04T00:58:15.221+0300] {dag.py:4180} INFO - Setting next_dagrun for read_dataset_event to 2026-05-02 00:00:00+00:00, run_after=2026-05-03 00:00:00+00:00
[2026-05-04T00:58:15.224+0300] {logging_mixin.py:190} INFO - [2026-05-04T00:58:15.224+0300] {dag.py:4180} INFO - Setting next_dagrun for read_dataset_event_from_classic to 2026-05-02 00:00:00+00:00, run_after=2026-05-03 00:00:00+00:00
[2026-05-04T00:58:15.237+0300] {processor.py:208} INFO - Processing /home/nikita/airflow-setup/ENV/lib/python3.12/site-packages/airflow/example_dags/example_inlet_event_extra.py took 0.386 seconds
[2026-05-04T00:59:11.725+0300] {processor.py:186} INFO - Started process (PID=7473) to work on /home/nikita/airflow-setup/ENV/lib/python3.12/site-packages/airflow/example_dags/example_inlet_event_extra.py
[2026-05-04T00:59:11.727+0300] {processor.py:914} INFO - Processing file /home/nikita/airflow-setup/ENV/lib/python3.12/site-packages/airflow/example_dags/example_inlet_event_extra.py for tasks to queue
[2026-05-04T00:59:11.729+0300] {logging_mixin.py:190} INFO - [2026-05-04T00:59:11.729+0300] {dagbag.py:588} INFO - Filling up the DagBag from /home/nikita/airflow-setup/ENV/lib/python3.12/site-packages/airflow/example_dags/example_inlet_event_extra.py
[2026-05-04T00:59:12.070+0300] {processor.py:925} INFO - DAG(s) 'read_dataset_event', 'read_dataset_event_from_classic' retrieved from /home/nikita/airflow-setup/ENV/lib/python3.12/site-packages/airflow/example_dags/example_inlet_event_extra.py
[2026-05-04T00:59:12.082+0300] {logging_mixin.py:190} INFO - [2026-05-04T00:59:12.081+0300] {dag.py:3239} INFO - Sync 2 DAGs
[2026-05-04T00:59:12.095+0300] {logging_mixin.py:190} INFO - [2026-05-04T00:59:12.095+0300] {dag.py:4180} INFO - Setting next_dagrun for read_dataset_event to 2026-05-02 00:00:00+00:00, run_after=2026-05-03 00:00:00+00:00
[2026-05-04T00:59:12.098+0300] {logging_mixin.py:190} INFO - [2026-05-04T00:59:12.098+0300] {dag.py:4180} INFO - Setting next_dagrun for read_dataset_event_from_classic to 2026-05-02 00:00:00+00:00, run_after=2026-05-03 00:00:00+00:00
[2026-05-04T00:59:12.119+0300] {processor.py:208} INFO - Processing /home/nikita/airflow-setup/ENV/lib/python3.12/site-packages/airflow/example_dags/example_inlet_event_extra.py took 0.400 seconds
[2026-05-04T01:00:11.767+0300] {processor.py:186} INFO - Started process (PID=8295) to work on /home/nikita/airflow-setup/ENV/lib/python3.12/site-packages/airflow/example_dags/example_inlet_event_extra.py
[2026-05-04T01:00:11.769+0300] {processor.py:914} INFO - Processing file /home/nikita/airflow-setup/ENV/lib/python3.12/site-packages/airflow/example_dags/example_inlet_event_extra.py for tasks to queue
[2026-05-04T01:00:11.771+0300] {logging_mixin.py:190} INFO - [2026-05-04T01:00:11.771+0300] {dagbag.py:588} INFO - Filling up the DagBag from /home/nikita/airflow-setup/ENV/lib/python3.12/site-packages/airflow/example_dags/example_inlet_event_extra.py
[2026-05-04T01:00:12.089+0300] {processor.py:925} INFO - DAG(s) 'read_dataset_event', 'read_dataset_event_from_classic' retrieved from /home/nikita/airflow-setup/ENV/lib/python3.12/site-packages/airflow/example_dags/example_inlet_event_extra.py
[2026-05-04T01:00:12.099+0300] {logging_mixin.py:190} INFO - [2026-05-04T01:00:12.099+0300] {dag.py:3239} INFO - Sync 2 DAGs
[2026-05-04T01:00:12.112+0300] {logging_mixin.py:190} INFO - [2026-05-04T01:00:12.112+0300] {dag.py:4180} INFO - Setting next_dagrun for read_dataset_event to 2026-05-02 00:00:00+00:00, run_after=2026-05-03 00:00:00+00:00
[2026-05-04T01:00:12.115+0300] {logging_mixin.py:190} INFO - [2026-05-04T01:00:12.115+0300] {dag.py:4180} INFO - Setting next_dagrun for read_dataset_event_from_classic to 2026-05-02 00:00:00+00:00, run_after=2026-05-03 00:00:00+00:00
[2026-05-04T01:00:12.129+0300] {processor.py:208} INFO - Processing /home/nikita/airflow-setup/ENV/lib/python3.12/site-packages/airflow/example_dags/example_inlet_event_extra.py took 0.367 seconds
[2026-05-04T01:01:17.625+0300] {processor.py:186} INFO - Started process (PID=8683) to work on /home/nikita/airflow-setup/ENV/lib/python3.12/site-packages/airflow/example_dags/example_inlet_event_extra.py
[2026-05-04T01:01:17.627+0300] {processor.py:914} INFO - Processing file /home/nikita/airflow-setup/ENV/lib/python3.12/site-packages/airflow/example_dags/example_inlet_event_extra.py for tasks to queue
[2026-05-04T01:01:17.628+0300] {logging_mixin.py:190} INFO - [2026-05-04T01:01:17.628+0300] {dagbag.py:588} INFO - Filling up the DagBag from /home/nikita/airflow-setup/ENV/lib/python3.12/site-packages/airflow/example_dags/example_inlet_event_extra.py
[2026-05-04T01:01:17.959+0300] {processor.py:925} INFO - DAG(s) 'read_dataset_event', 'read_dataset_event_from_classic' retrieved from /home/nikita/airflow-setup/ENV/lib/python3.12/site-packages/airflow/example_dags/example_inlet_event_extra.py
[2026-05-04T01:01:17.970+0300] {logging_mixin.py:190} INFO - [2026-05-04T01:01:17.970+0300] {dag.py:3239} INFO - Sync 2 DAGs
[2026-05-04T01:01:17.983+0300] {logging_mixin.py:190} INFO - [2026-05-04T01:01:17.983+0300] {dag.py:4180} INFO - Setting next_dagrun for read_dataset_event to 2026-05-02 00:00:00+00:00, run_after=2026-05-03 00:00:00+00:00
[2026-05-04T01:01:17.987+0300] {logging_mixin.py:190} INFO - [2026-05-04T01:01:17.987+0300] {dag.py:4180} INFO - Setting next_dagrun for read_dataset_event_from_classic to 2026-05-02 00:00:00+00:00, run_after=2026-05-03 00:00:00+00:00
[2026-05-04T01:01:18.000+0300] {processor.py:208} INFO - Processing /home/nikita/airflow-setup/ENV/lib/python3.12/site-packages/airflow/example_dags/example_inlet_event_extra.py took 0.380 seconds
[2026-05-04T01:02:25.405+0300] {processor.py:186} INFO - Started process (PID=9308) to work on /home/nikita/airflow-setup/ENV/lib/python3.12/site-packages/airflow/example_dags/example_inlet_event_extra.py
[2026-05-04T01:02:25.407+0300] {processor.py:914} INFO - Processing file /home/nikita/airflow-setup/ENV/lib/python3.12/site-packages/airflow/example_dags/example_inlet_event_extra.py for tasks to queue
[2026-05-04T01:02:25.408+0300] {logging_mixin.py:190} INFO - [2026-05-04T01:02:25.408+0300] {dagbag.py:588} INFO - Filling up the DagBag from /home/nikita/airflow-setup/ENV/lib/python3.12/site-packages/airflow/example_dags/example_inlet_event_extra.py
[2026-05-04T01:02:25.728+0300] {processor.py:925} INFO - DAG(s) 'read_dataset_event_from_classic', 'read_dataset_event' retrieved from /home/nikita/airflow-setup/ENV/lib/python3.12/site-packages/airflow/example_dags/example_inlet_event_extra.py
[2026-05-04T01:02:25.738+0300] {logging_mixin.py:190} INFO - [2026-05-04T01:02:25.738+0300] {dag.py:3239} INFO - Sync 2 DAGs
[2026-05-04T01:02:25.757+0300] {logging_mixin.py:190} INFO - [2026-05-04T01:02:25.757+0300] {dag.py:4180} INFO - Setting next_dagrun for read_dataset_event to 2026-05-02 00:00:00+00:00, run_after=2026-05-03 00:00:00+00:00
[2026-05-04T01:02:25.762+0300] {logging_mixin.py:190} INFO - [2026-05-04T01:02:25.762+0300] {dag.py:4180} INFO - Setting next_dagrun for read_dataset_event_from_classic to 2026-05-02 00:00:00+00:00, run_after=2026-05-03 00:00:00+00:00
[2026-05-04T01:02:25.786+0300] {processor.py:208} INFO - Processing /home/nikita/airflow-setup/ENV/lib/python3.12/site-packages/airflow/example_dags/example_inlet_event_extra.py took 0.385 seconds
[2026-05-04T01:03:29.841+0300] {processor.py:186} INFO - Started process (PID=9709) to work on /home/nikita/airflow-setup/ENV/lib/python3.12/site-packages/airflow/example_dags/example_inlet_event_extra.py
[2026-05-04T01:03:29.842+0300] {processor.py:914} INFO - Processing file /home/nikita/airflow-setup/ENV/lib/python3.12/site-packages/airflow/example_dags/example_inlet_event_extra.py for tasks to queue
[2026-05-04T01:03:29.843+0300] {logging_mixin.py:190} INFO - [2026-05-04T01:03:29.843+0300] {dagbag.py:588} INFO - Filling up the DagBag from /home/nikita/airflow-setup/ENV/lib/python3.12/site-packages/airflow/example_dags/example_inlet_event_extra.py
[2026-05-04T01:03:30.155+0300] {processor.py:925} INFO - DAG(s) 'read_dataset_event', 'read_dataset_event_from_classic' retrieved from /home/nikita/airflow-setup/ENV/lib/python3.12/site-packages/airflow/example_dags/example_inlet_event_extra.py
[2026-05-04T01:03:30.165+0300] {logging_mixin.py:190} INFO - [2026-05-04T01:03:30.165+0300] {dag.py:3239} INFO - Sync 2 DAGs
[2026-05-04T01:03:30.178+0300] {logging_mixin.py:190} INFO - [2026-05-04T01:03:30.177+0300] {dag.py:4180} INFO - Setting next_dagrun for read_dataset_event to 2026-05-02 00:00:00+00:00, run_after=2026-05-03 00:00:00+00:00
[2026-05-04T01:03:30.180+0300] {logging_mixin.py:190} INFO - [2026-05-04T01:03:30.180+0300] {dag.py:4180} INFO - Setting next_dagrun for read_dataset_event_from_classic to 2026-05-02 00:00:00+00:00, run_after=2026-05-03 00:00:00+00:00
[2026-05-04T01:03:30.203+0300] {processor.py:208} INFO - Processing /home/nikita/airflow-setup/ENV/lib/python3.12/site-packages/airflow/example_dags/example_inlet_event_extra.py took 0.367 seconds
[2026-05-04T01:04:32.213+0300] {processor.py:186} INFO - Started process (PID=9986) to work on /home/nikita/airflow-setup/ENV/lib/python3.12/site-packages/airflow/example_dags/example_inlet_event_extra.py
[2026-05-04T01:04:32.221+0300] {processor.py:914} INFO - Processing file /home/nikita/airflow-setup/ENV/lib/python3.12/site-packages/airflow/example_dags/example_inlet_event_extra.py for tasks to queue
[2026-05-04T01:04:32.222+0300] {logging_mixin.py:190} INFO - [2026-05-04T01:04:32.222+0300] {dagbag.py:588} INFO - Filling up the DagBag from /home/nikita/airflow-setup/ENV/lib/python3.12/site-packages/airflow/example_dags/example_inlet_event_extra.py
[2026-05-04T01:04:32.650+0300] {processor.py:925} INFO - DAG(s) 'read_dataset_event', 'read_dataset_event_from_classic' retrieved from /home/nikita/airflow-setup/ENV/lib/python3.12/site-packages/airflow/example_dags/example_inlet_event_extra.py
[2026-05-04T01:04:32.681+0300] {logging_mixin.py:190} INFO - [2026-05-04T01:04:32.681+0300] {dag.py:3239} INFO - Sync 2 DAGs
[2026-05-04T01:04:32.702+0300] {logging_mixin.py:190} INFO - [2026-05-04T01:04:32.702+0300] {dag.py:4180} INFO - Setting next_dagrun for read_dataset_event to 2026-05-02 00:00:00+00:00, run_after=2026-05-03 00:00:00+00:00
[2026-05-04T01:04:32.705+0300] {logging_mixin.py:190} INFO - [2026-05-04T01:04:32.705+0300] {dag.py:4180} INFO - Setting next_dagrun for read_dataset_event_from_classic to 2026-05-02 00:00:00+00:00, run_after=2026-05-03 00:00:00+00:00
[2026-05-04T01:04:32.740+0300] {processor.py:208} INFO - Processing /home/nikita/airflow-setup/ENV/lib/python3.12/site-packages/airflow/example_dags/example_inlet_event_extra.py took 0.531 seconds
[2026-05-04T01:05:39.731+0300] {processor.py:186} INFO - Started process (PID=10242) to work on /home/nikita/airflow-setup/ENV/lib/python3.12/site-packages/airflow/example_dags/example_inlet_event_extra.py
[2026-05-04T01:05:39.740+0300] {processor.py:914} INFO - Processing file /home/nikita/airflow-setup/ENV/lib/python3.12/site-packages/airflow/example_dags/example_inlet_event_extra.py for tasks to queue
[2026-05-04T01:05:39.741+0300] {logging_mixin.py:190} INFO - [2026-05-04T01:05:39.740+0300] {dagbag.py:588} INFO - Filling up the DagBag from /home/nikita/airflow-setup/ENV/lib/python3.12/site-packages/airflow/example_dags/example_inlet_event_extra.py
[2026-05-04T01:05:40.082+0300] {processor.py:925} INFO - DAG(s) 'read_dataset_event', 'read_dataset_event_from_classic' retrieved from /home/nikita/airflow-setup/ENV/lib/python3.12/site-packages/airflow/example_dags/example_inlet_event_extra.py
[2026-05-04T01:05:40.095+0300] {logging_mixin.py:190} INFO - [2026-05-04T01:05:40.094+0300] {dag.py:3239} INFO - Sync 2 DAGs
[2026-05-04T01:05:40.112+0300] {logging_mixin.py:190} INFO - [2026-05-04T01:05:40.112+0300] {dag.py:4180} INFO - Setting next_dagrun for read_dataset_event to 2026-05-02 00:00:00+00:00, run_after=2026-05-03 00:00:00+00:00
[2026-05-04T01:05:40.115+0300] {logging_mixin.py:190} INFO - [2026-05-04T01:05:40.115+0300] {dag.py:4180} INFO - Setting next_dagrun for read_dataset_event_from_classic to 2026-05-02 00:00:00+00:00, run_after=2026-05-03 00:00:00+00:00
[2026-05-04T01:05:40.142+0300] {processor.py:208} INFO - Processing /home/nikita/airflow-setup/ENV/lib/python3.12/site-packages/airflow/example_dags/example_inlet_event_extra.py took 0.415 seconds
[2026-05-04T01:06:44.109+0300] {processor.py:186} INFO - Started process (PID=10515) to work on /home/nikita/airflow-setup/ENV/lib/python3.12/site-packages/airflow/example_dags/example_inlet_event_extra.py
[2026-05-04T01:06:44.119+0300] {processor.py:914} INFO - Processing file /home/nikita/airflow-setup/ENV/lib/python3.12/site-packages/airflow/example_dags/example_inlet_event_extra.py for tasks to queue
[2026-05-04T01:06:44.120+0300] {logging_mixin.py:190} INFO - [2026-05-04T01:06:44.120+0300] {dagbag.py:588} INFO - Filling up the DagBag from /home/nikita/airflow-setup/ENV/lib/python3.12/site-packages/airflow/example_dags/example_inlet_event_extra.py
[2026-05-04T01:06:44.507+0300] {processor.py:925} INFO - DAG(s) 'read_dataset_event', 'read_dataset_event_from_classic' retrieved from /home/nikita/airflow-setup/ENV/lib/python3.12/site-packages/airflow/example_dags/example_inlet_event_extra.py
[2026-05-04T01:06:44.522+0300] {logging_mixin.py:190} INFO - [2026-05-04T01:06:44.522+0300] {dag.py:3239} INFO - Sync 2 DAGs
[2026-05-04T01:06:44.543+0300] {logging_mixin.py:190} INFO - [2026-05-04T01:06:44.542+0300] {dag.py:4180} INFO - Setting next_dagrun for read_dataset_event to 2026-05-02 00:00:00+00:00, run_after=2026-05-03 00:00:00+00:00
[2026-05-04T01:06:44.547+0300] {logging_mixin.py:190} INFO - [2026-05-04T01:06:44.546+0300] {dag.py:4180} INFO - Setting next_dagrun for read_dataset_event_from_classic to 2026-05-02 00:00:00+00:00, run_after=2026-05-03 00:00:00+00:00
[2026-05-04T01:06:44.571+0300] {processor.py:208} INFO - Processing /home/nikita/airflow-setup/ENV/lib/python3.12/site-packages/airflow/example_dags/example_inlet_event_extra.py took 0.468 seconds
[2026-05-04T01:07:53.122+0300] {processor.py:186} INFO - Started process (PID=10773) to work on /home/nikita/airflow-setup/ENV/lib/python3.12/site-packages/airflow/example_dags/example_inlet_event_extra.py
[2026-05-04T01:07:53.124+0300] {processor.py:914} INFO - Processing file /home/nikita/airflow-setup/ENV/lib/python3.12/site-packages/airflow/example_dags/example_inlet_event_extra.py for tasks to queue
[2026-05-04T01:07:53.125+0300] {logging_mixin.py:190} INFO - [2026-05-04T01:07:53.125+0300] {dagbag.py:588} INFO - Filling up the DagBag from /home/nikita/airflow-setup/ENV/lib/python3.12/site-packages/airflow/example_dags/example_inlet_event_extra.py
[2026-05-04T01:07:53.581+0300] {processor.py:925} INFO - DAG(s) 'read_dataset_event_from_classic', 'read_dataset_event' retrieved from /home/nikita/airflow-setup/ENV/lib/python3.12/site-packages/airflow/example_dags/example_inlet_event_extra.py
[2026-05-04T01:07:53.605+0300] {logging_mixin.py:190} INFO - [2026-05-04T01:07:53.605+0300] {dag.py:3239} INFO - Sync 2 DAGs
[2026-05-04T01:07:53.635+0300] {logging_mixin.py:190} INFO - [2026-05-04T01:07:53.634+0300] {dag.py:4180} INFO - Setting next_dagrun for read_dataset_event to 2026-05-02 00:00:00+00:00, run_after=2026-05-03 00:00:00+00:00
[2026-05-04T01:07:53.643+0300] {logging_mixin.py:190} INFO - [2026-05-04T01:07:53.643+0300] {dag.py:4180} INFO - Setting next_dagrun for read_dataset_event_from_classic to 2026-05-02 00:00:00+00:00, run_after=2026-05-03 00:00:00+00:00
[2026-05-04T01:07:53.684+0300] {processor.py:208} INFO - Processing /home/nikita/airflow-setup/ENV/lib/python3.12/site-packages/airflow/example_dags/example_inlet_event_extra.py took 0.568 seconds
[2026-05-04T01:08:58.543+0300] {processor.py:186} INFO - Started process (PID=11423) to work on /home/nikita/airflow-setup/ENV/lib/python3.12/site-packages/airflow/example_dags/example_inlet_event_extra.py
[2026-05-04T01:08:58.544+0300] {processor.py:914} INFO - Processing file /home/nikita/airflow-setup/ENV/lib/python3.12/site-packages/airflow/example_dags/example_inlet_event_extra.py for tasks to queue
[2026-05-04T01:08:58.546+0300] {logging_mixin.py:190} INFO - [2026-05-04T01:08:58.545+0300] {dagbag.py:588} INFO - Filling up the DagBag from /home/nikita/airflow-setup/ENV/lib/python3.12/site-packages/airflow/example_dags/example_inlet_event_extra.py
[2026-05-04T01:08:58.948+0300] {processor.py:925} INFO - DAG(s) 'read_dataset_event', 'read_dataset_event_from_classic' retrieved from /home/nikita/airflow-setup/ENV/lib/python3.12/site-packages/airflow/example_dags/example_inlet_event_extra.py
[2026-05-04T01:08:58.963+0300] {logging_mixin.py:190} INFO - [2026-05-04T01:08:58.962+0300] {dag.py:3239} INFO - Sync 2 DAGs
[2026-05-04T01:08:58.979+0300] {logging_mixin.py:190} INFO - [2026-05-04T01:08:58.978+0300] {dag.py:4180} INFO - Setting next_dagrun for read_dataset_event to 2026-05-02 00:00:00+00:00, run_after=2026-05-03 00:00:00+00:00
[2026-05-04T01:08:58.982+0300] {logging_mixin.py:190} INFO - [2026-05-04T01:08:58.981+0300] {dag.py:4180} INFO - Setting next_dagrun for read_dataset_event_from_classic to 2026-05-02 00:00:00+00:00, run_after=2026-05-03 00:00:00+00:00
[2026-05-04T01:08:58.998+0300] {processor.py:208} INFO - Processing /home/nikita/airflow-setup/ENV/lib/python3.12/site-packages/airflow/example_dags/example_inlet_event_extra.py took 0.459 seconds
[2026-05-04T01:10:09.625+0300] {processor.py:186} INFO - Started process (PID=12228) to work on /home/nikita/airflow-setup/ENV/lib/python3.12/site-packages/airflow/example_dags/example_inlet_event_extra.py
[2026-05-04T01:10:09.629+0300] {processor.py:914} INFO - Processing file /home/nikita/airflow-setup/ENV/lib/python3.12/site-packages/airflow/example_dags/example_inlet_event_extra.py for tasks to queue
[2026-05-04T01:10:09.632+0300] {logging_mixin.py:190} INFO - [2026-05-04T01:10:09.631+0300] {dagbag.py:588} INFO - Filling up the DagBag from /home/nikita/airflow-setup/ENV/lib/python3.12/site-packages/airflow/example_dags/example_inlet_event_extra.py
[2026-05-04T01:10:10.341+0300] {processor.py:925} INFO - DAG(s) 'read_dataset_event_from_classic', 'read_dataset_event' retrieved from /home/nikita/airflow-setup/ENV/lib/python3.12/site-packages/airflow/example_dags/example_inlet_event_extra.py
[2026-05-04T01:10:10.354+0300] {logging_mixin.py:190} INFO - [2026-05-04T01:10:10.354+0300] {dag.py:3239} INFO - Sync 2 DAGs
[2026-05-04T01:10:10.378+0300] {logging_mixin.py:190} INFO - [2026-05-04T01:10:10.377+0300] {dag.py:4180} INFO - Setting next_dagrun for read_dataset_event to 2026-05-02 00:00:00+00:00, run_after=2026-05-03 00:00:00+00:00
[2026-05-04T01:10:10.384+0300] {logging_mixin.py:190} INFO - [2026-05-04T01:10:10.383+0300] {dag.py:4180} INFO - Setting next_dagrun for read_dataset_event_from_classic to 2026-05-02 00:00:00+00:00, run_after=2026-05-03 00:00:00+00:00
[2026-05-04T01:10:10.407+0300] {processor.py:208} INFO - Processing /home/nikita/airflow-setup/ENV/lib/python3.12/site-packages/airflow/example_dags/example_inlet_event_extra.py took 0.792 seconds
[2026-05-04T01:11:18.708+0300] {processor.py:186} INFO - Started process (PID=12493) to work on /home/nikita/airflow-setup/ENV/lib/python3.12/site-packages/airflow/example_dags/example_inlet_event_extra.py
[2026-05-04T01:11:18.717+0300] {processor.py:914} INFO - Processing file /home/nikita/airflow-setup/ENV/lib/python3.12/site-packages/airflow/example_dags/example_inlet_event_extra.py for tasks to queue
[2026-05-04T01:11:18.719+0300] {logging_mixin.py:190} INFO - [2026-05-04T01:11:18.718+0300] {dagbag.py:588} INFO - Filling up the DagBag from /home/nikita/airflow-setup/ENV/lib/python3.12/site-packages/airflow/example_dags/example_inlet_event_extra.py
[2026-05-04T01:11:19.046+0300] {processor.py:925} INFO - DAG(s) 'read_dataset_event_from_classic', 'read_dataset_event' retrieved from /home/nikita/airflow-setup/ENV/lib/python3.12/site-packages/airflow/example_dags/example_inlet_event_extra.py
[2026-05-04T01:11:19.057+0300] {logging_mixin.py:190} INFO - [2026-05-04T01:11:19.056+0300] {dag.py:3239} INFO - Sync 2 DAGs
[2026-05-04T01:11:19.070+0300] {logging_mixin.py:190} INFO - [2026-05-04T01:11:19.069+0300] {dag.py:4180} INFO - Setting next_dagrun for read_dataset_event to 2026-05-02 00:00:00+00:00, run_after=2026-05-03 00:00:00+00:00
[2026-05-04T01:11:19.073+0300] {logging_mixin.py:190} INFO - [2026-05-04T01:11:19.073+0300] {dag.py:4180} INFO - Setting next_dagrun for read_dataset_event_from_classic to 2026-05-02 00:00:00+00:00, run_after=2026-05-03 00:00:00+00:00
[2026-05-04T01:11:19.095+0300] {processor.py:208} INFO - Processing /home/nikita/airflow-setup/ENV/lib/python3.12/site-packages/airflow/example_dags/example_inlet_event_extra.py took 0.391 seconds
[2026-05-04T01:12:19.193+0300] {processor.py:186} INFO - Started process (PID=12724) to work on /home/nikita/airflow-setup/ENV/lib/python3.12/site-packages/airflow/example_dags/example_inlet_event_extra.py
[2026-05-04T01:12:19.202+0300] {processor.py:914} INFO - Processing file /home/nikita/airflow-setup/ENV/lib/python3.12/site-packages/airflow/example_dags/example_inlet_event_extra.py for tasks to queue
[2026-05-04T01:12:19.203+0300] {logging_mixin.py:190} INFO - [2026-05-04T01:12:19.202+0300] {dagbag.py:588} INFO - Filling up the DagBag from /home/nikita/airflow-setup/ENV/lib/python3.12/site-packages/airflow/example_dags/example_inlet_event_extra.py
[2026-05-04T01:12:19.529+0300] {processor.py:925} INFO - DAG(s) 'read_dataset_event_from_classic', 'read_dataset_event' retrieved from /home/nikita/airflow-setup/ENV/lib/python3.12/site-packages/airflow/example_dags/example_inlet_event_extra.py
[2026-05-04T01:12:19.540+0300] {logging_mixin.py:190} INFO - [2026-05-04T01:12:19.539+0300] {dag.py:3239} INFO - Sync 2 DAGs
[2026-05-04T01:12:19.553+0300] {logging_mixin.py:190} INFO - [2026-05-04T01:12:19.553+0300] {dag.py:4180} INFO - Setting next_dagrun for read_dataset_event to 2026-05-02 00:00:00+00:00, run_after=2026-05-03 00:00:00+00:00
[2026-05-04T01:12:19.556+0300] {logging_mixin.py:190} INFO - [2026-05-04T01:12:19.556+0300] {dag.py:4180} INFO - Setting next_dagrun for read_dataset_event_from_classic to 2026-05-02 00:00:00+00:00, run_after=2026-05-03 00:00:00+00:00
[2026-05-04T01:12:19.570+0300] {processor.py:208} INFO - Processing /home/nikita/airflow-setup/ENV/lib/python3.12/site-packages/airflow/example_dags/example_inlet_event_extra.py took 0.381 seconds
[2026-05-04T01:13:20.353+0300] {processor.py:186} INFO - Started process (PID=13067) to work on /home/nikita/airflow-setup/ENV/lib/python3.12/site-packages/airflow/example_dags/example_inlet_event_extra.py
[2026-05-04T01:13:20.355+0300] {processor.py:914} INFO - Processing file /home/nikita/airflow-setup/ENV/lib/python3.12/site-packages/airflow/example_dags/example_inlet_event_extra.py for tasks to queue
[2026-05-04T01:13:20.356+0300] {logging_mixin.py:190} INFO - [2026-05-04T01:13:20.355+0300] {dagbag.py:588} INFO - Filling up the DagBag from /home/nikita/airflow-setup/ENV/lib/python3.12/site-packages/airflow/example_dags/example_inlet_event_extra.py
[2026-05-04T01:13:20.746+0300] {processor.py:925} INFO - DAG(s) 'read_dataset_event_from_classic', 'read_dataset_event' retrieved from /home/nikita/airflow-setup/ENV/lib/python3.12/site-packages/airflow/example_dags/example_inlet_event_extra.py
[2026-05-04T01:13:20.757+0300] {logging_mixin.py:190} INFO - [2026-05-04T01:13:20.757+0300] {dag.py:3239} INFO - Sync 2 DAGs
[2026-05-04T01:13:20.770+0300] {logging_mixin.py:190} INFO - [2026-05-04T01:13:20.770+0300] {dag.py:4180} INFO - Setting next_dagrun for read_dataset_event to 2026-05-02 00:00:00+00:00, run_after=2026-05-03 00:00:00+00:00
[2026-05-04T01:13:20.774+0300] {logging_mixin.py:190} INFO - [2026-05-04T01:13:20.774+0300] {dag.py:4180} INFO - Setting next_dagrun for read_dataset_event_from_classic to 2026-05-02 00:00:00+00:00, run_after=2026-05-03 00:00:00+00:00
[2026-05-04T01:13:20.792+0300] {processor.py:208} INFO - Processing /home/nikita/airflow-setup/ENV/lib/python3.12/site-packages/airflow/example_dags/example_inlet_event_extra.py took 0.445 seconds
[2026-05-04T01:14:24.246+0300] {processor.py:186} INFO - Started process (PID=14271) to work on /home/nikita/airflow-setup/ENV/lib/python3.12/site-packages/airflow/example_dags/example_inlet_event_extra.py
[2026-05-04T01:14:24.247+0300] {processor.py:914} INFO - Processing file /home/nikita/airflow-setup/ENV/lib/python3.12/site-packages/airflow/example_dags/example_inlet_event_extra.py for tasks to queue
[2026-05-04T01:14:24.248+0300] {logging_mixin.py:190} INFO - [2026-05-04T01:14:24.248+0300] {dagbag.py:588} INFO - Filling up the DagBag from /home/nikita/airflow-setup/ENV/lib/python3.12/site-packages/airflow/example_dags/example_inlet_event_extra.py
[2026-05-04T01:14:24.543+0300] {processor.py:925} INFO - DAG(s) 'read_dataset_event_from_classic', 'read_dataset_event' retrieved from /home/nikita/airflow-setup/ENV/lib/python3.12/site-packages/airflow/example_dags/example_inlet_event_extra.py
[2026-05-04T01:14:24.552+0300] {logging_mixin.py:190} INFO - [2026-05-04T01:14:24.552+0300] {dag.py:3239} INFO - Sync 2 DAGs
[2026-05-04T01:14:24.564+0300] {logging_mixin.py:190} INFO - [2026-05-04T01:14:24.563+0300] {dag.py:4180} INFO - Setting next_dagrun for read_dataset_event to 2026-05-02 00:00:00+00:00, run_after=2026-05-03 00:00:00+00:00
[2026-05-04T01:14:24.566+0300] {logging_mixin.py:190} INFO - [2026-05-04T01:14:24.566+0300] {dag.py:4180} INFO - Setting next_dagrun for read_dataset_event_from_classic to 2026-05-02 00:00:00+00:00, run_after=2026-05-03 00:00:00+00:00
[2026-05-04T01:14:24.588+0300] {processor.py:208} INFO - Processing /home/nikita/airflow-setup/ENV/lib/python3.12/site-packages/airflow/example_dags/example_inlet_event_extra.py took 0.347 seconds
[2026-05-04T01:15:34.033+0300] {processor.py:186} INFO - Started process (PID=14536) to work on /home/nikita/airflow-setup/ENV/lib/python3.12/site-packages/airflow/example_dags/example_inlet_event_extra.py
[2026-05-04T01:15:34.042+0300] {processor.py:914} INFO - Processing file /home/nikita/airflow-setup/ENV/lib/python3.12/site-packages/airflow/example_dags/example_inlet_event_extra.py for tasks to queue
[2026-05-04T01:15:34.043+0300] {logging_mixin.py:190} INFO - [2026-05-04T01:15:34.043+0300] {dagbag.py:588} INFO - Filling up the DagBag from /home/nikita/airflow-setup/ENV/lib/python3.12/site-packages/airflow/example_dags/example_inlet_event_extra.py
[2026-05-04T01:15:34.340+0300] {processor.py:925} INFO - DAG(s) 'read_dataset_event_from_classic', 'read_dataset_event' retrieved from /home/nikita/airflow-setup/ENV/lib/python3.12/site-packages/airflow/example_dags/example_inlet_event_extra.py
[2026-05-04T01:15:34.350+0300] {logging_mixin.py:190} INFO - [2026-05-04T01:15:34.349+0300] {dag.py:3239} INFO - Sync 2 DAGs
[2026-05-04T01:15:34.362+0300] {logging_mixin.py:190} INFO - [2026-05-04T01:15:34.362+0300] {dag.py:4180} INFO - Setting next_dagrun for read_dataset_event to 2026-05-02 00:00:00+00:00, run_after=2026-05-03 00:00:00+00:00
[2026-05-04T01:15:34.365+0300] {logging_mixin.py:190} INFO - [2026-05-04T01:15:34.365+0300] {dag.py:4180} INFO - Setting next_dagrun for read_dataset_event_from_classic to 2026-05-02 00:00:00+00:00, run_after=2026-05-03 00:00:00+00:00
[2026-05-04T01:15:34.388+0300] {processor.py:208} INFO - Processing /home/nikita/airflow-setup/ENV/lib/python3.12/site-packages/airflow/example_dags/example_inlet_event_extra.py took 0.359 seconds
[2026-05-04T01:16:43.139+0300] {processor.py:186} INFO - Started process (PID=15752) to work on /home/nikita/airflow-setup/ENV/lib/python3.12/site-packages/airflow/example_dags/example_inlet_event_extra.py
[2026-05-04T01:16:43.148+0300] {processor.py:914} INFO - Processing file /home/nikita/airflow-setup/ENV/lib/python3.12/site-packages/airflow/example_dags/example_inlet_event_extra.py for tasks to queue
[2026-05-04T01:16:43.149+0300] {logging_mixin.py:190} INFO - [2026-05-04T01:16:43.148+0300] {dagbag.py:588} INFO - Filling up the DagBag from /home/nikita/airflow-setup/ENV/lib/python3.12/site-packages/airflow/example_dags/example_inlet_event_extra.py
[2026-05-04T01:16:43.462+0300] {processor.py:925} INFO - DAG(s) 'read_dataset_event_from_classic', 'read_dataset_event' retrieved from /home/nikita/airflow-setup/ENV/lib/python3.12/site-packages/airflow/example_dags/example_inlet_event_extra.py
[2026-05-04T01:16:43.472+0300] {logging_mixin.py:190} INFO - [2026-05-04T01:16:43.472+0300] {dag.py:3239} INFO - Sync 2 DAGs
[2026-05-04T01:16:43.484+0300] {logging_mixin.py:190} INFO - [2026-05-04T01:16:43.484+0300] {dag.py:4180} INFO - Setting next_dagrun for read_dataset_event to 2026-05-02 00:00:00+00:00, run_after=2026-05-03 00:00:00+00:00
[2026-05-04T01:16:43.487+0300] {logging_mixin.py:190} INFO - [2026-05-04T01:16:43.487+0300] {dag.py:4180} INFO - Setting next_dagrun for read_dataset_event_from_classic to 2026-05-02 00:00:00+00:00, run_after=2026-05-03 00:00:00+00:00
[2026-05-04T01:16:43.509+0300] {processor.py:208} INFO - Processing /home/nikita/airflow-setup/ENV/lib/python3.12/site-packages/airflow/example_dags/example_inlet_event_extra.py took 0.374 seconds
[2026-05-04T01:17:50.919+0300] {processor.py:186} INFO - Started process (PID=16006) to work on /home/nikita/airflow-setup/ENV/lib/python3.12/site-packages/airflow/example_dags/example_inlet_event_extra.py
[2026-05-04T01:17:50.921+0300] {processor.py:914} INFO - Processing file /home/nikita/airflow-setup/ENV/lib/python3.12/site-packages/airflow/example_dags/example_inlet_event_extra.py for tasks to queue
[2026-05-04T01:17:50.922+0300] {logging_mixin.py:190} INFO - [2026-05-04T01:17:50.922+0300] {dagbag.py:588} INFO - Filling up the DagBag from /home/nikita/airflow-setup/ENV/lib/python3.12/site-packages/airflow/example_dags/example_inlet_event_extra.py
[2026-05-04T01:17:51.250+0300] {processor.py:925} INFO - DAG(s) 'read_dataset_event_from_classic', 'read_dataset_event' retrieved from /home/nikita/airflow-setup/ENV/lib/python3.12/site-packages/airflow/example_dags/example_inlet_event_extra.py
[2026-05-04T01:17:51.261+0300] {logging_mixin.py:190} INFO - [2026-05-04T01:17:51.261+0300] {dag.py:3239} INFO - Sync 2 DAGs
[2026-05-04T01:17:51.273+0300] {logging_mixin.py:190} INFO - [2026-05-04T01:17:51.273+0300] {dag.py:4180} INFO - Setting next_dagrun for read_dataset_event to 2026-05-02 00:00:00+00:00, run_after=2026-05-03 00:00:00+00:00
[2026-05-04T01:17:51.276+0300] {logging_mixin.py:190} INFO - [2026-05-04T01:17:51.276+0300] {dag.py:4180} INFO - Setting next_dagrun for read_dataset_event_from_classic to 2026-05-02 00:00:00+00:00, run_after=2026-05-03 00:00:00+00:00
[2026-05-04T01:17:51.290+0300] {processor.py:208} INFO - Processing /home/nikita/airflow-setup/ENV/lib/python3.12/site-packages/airflow/example_dags/example_inlet_event_extra.py took 0.376 seconds
[2026-05-04T01:18:59.618+0300] {processor.py:186} INFO - Started process (PID=16270) to work on /home/nikita/airflow-setup/ENV/lib/python3.12/site-packages/airflow/example_dags/example_inlet_event_extra.py
[2026-05-04T01:18:59.620+0300] {processor.py:914} INFO - Processing file /home/nikita/airflow-setup/ENV/lib/python3.12/site-packages/airflow/example_dags/example_inlet_event_extra.py for tasks to queue
[2026-05-04T01:18:59.621+0300] {logging_mixin.py:190} INFO - [2026-05-04T01:18:59.620+0300] {dagbag.py:588} INFO - Filling up the DagBag from /home/nikita/airflow-setup/ENV/lib/python3.12/site-packages/airflow/example_dags/example_inlet_event_extra.py
[2026-05-04T01:18:59.924+0300] {processor.py:925} INFO - DAG(s) 'read_dataset_event_from_classic', 'read_dataset_event' retrieved from /home/nikita/airflow-setup/ENV/lib/python3.12/site-packages/airflow/example_dags/example_inlet_event_extra.py
[2026-05-04T01:18:59.934+0300] {logging_mixin.py:190} INFO - [2026-05-04T01:18:59.934+0300] {dag.py:3239} INFO - Sync 2 DAGs
[2026-05-04T01:18:59.947+0300] {logging_mixin.py:190} INFO - [2026-05-04T01:18:59.947+0300] {dag.py:4180} INFO - Setting next_dagrun for read_dataset_event to 2026-05-02 00:00:00+00:00, run_after=2026-05-03 00:00:00+00:00
[2026-05-04T01:18:59.949+0300] {logging_mixin.py:190} INFO - [2026-05-04T01:18:59.949+0300] {dag.py:4180} INFO - Setting next_dagrun for read_dataset_event_from_classic to 2026-05-02 00:00:00+00:00, run_after=2026-05-03 00:00:00+00:00
[2026-05-04T01:18:59.964+0300] {processor.py:208} INFO - Processing /home/nikita/airflow-setup/ENV/lib/python3.12/site-packages/airflow/example_dags/example_inlet_event_extra.py took 0.351 seconds
[2026-05-04T01:20:02.510+0300] {processor.py:186} INFO - Started process (PID=16520) to work on /home/nikita/airflow-setup/ENV/lib/python3.12/site-packages/airflow/example_dags/example_inlet_event_extra.py
[2026-05-04T01:20:02.512+0300] {processor.py:914} INFO - Processing file /home/nikita/airflow-setup/ENV/lib/python3.12/site-packages/airflow/example_dags/example_inlet_event_extra.py for tasks to queue
[2026-05-04T01:20:02.513+0300] {logging_mixin.py:190} INFO - [2026-05-04T01:20:02.513+0300] {dagbag.py:588} INFO - Filling up the DagBag from /home/nikita/airflow-setup/ENV/lib/python3.12/site-packages/airflow/example_dags/example_inlet_event_extra.py
[2026-05-04T01:20:02.831+0300] {processor.py:925} INFO - DAG(s) 'read_dataset_event_from_classic', 'read_dataset_event' retrieved from /home/nikita/airflow-setup/ENV/lib/python3.12/site-packages/airflow/example_dags/example_inlet_event_extra.py
[2026-05-04T01:20:02.841+0300] {logging_mixin.py:190} INFO - [2026-05-04T01:20:02.841+0300] {dag.py:3239} INFO - Sync 2 DAGs
[2026-05-04T01:20:02.856+0300] {logging_mixin.py:190} INFO - [2026-05-04T01:20:02.856+0300] {dag.py:4180} INFO - Setting next_dagrun for read_dataset_event to 2026-05-02 00:00:00+00:00, run_after=2026-05-03 00:00:00+00:00
[2026-05-04T01:20:02.859+0300] {logging_mixin.py:190} INFO - [2026-05-04T01:20:02.859+0300] {dag.py:4180} INFO - Setting next_dagrun for read_dataset_event_from_classic to 2026-05-02 00:00:00+00:00, run_after=2026-05-03 00:00:00+00:00
[2026-05-04T01:20:02.881+0300] {processor.py:208} INFO - Processing /home/nikita/airflow-setup/ENV/lib/python3.12/site-packages/airflow/example_dags/example_inlet_event_extra.py took 0.377 seconds
[2026-05-04T01:21:10.266+0300] {processor.py:186} INFO - Started process (PID=16780) to work on /home/nikita/airflow-setup/ENV/lib/python3.12/site-packages/airflow/example_dags/example_inlet_event_extra.py
[2026-05-04T01:21:10.275+0300] {processor.py:914} INFO - Processing file /home/nikita/airflow-setup/ENV/lib/python3.12/site-packages/airflow/example_dags/example_inlet_event_extra.py for tasks to queue
[2026-05-04T01:21:10.277+0300] {logging_mixin.py:190} INFO - [2026-05-04T01:21:10.276+0300] {dagbag.py:588} INFO - Filling up the DagBag from /home/nikita/airflow-setup/ENV/lib/python3.12/site-packages/airflow/example_dags/example_inlet_event_extra.py
[2026-05-04T01:21:10.598+0300] {processor.py:925} INFO - DAG(s) 'read_dataset_event', 'read_dataset_event_from_classic' retrieved from /home/nikita/airflow-setup/ENV/lib/python3.12/site-packages/airflow/example_dags/example_inlet_event_extra.py
[2026-05-04T01:21:10.609+0300] {logging_mixin.py:190} INFO - [2026-05-04T01:21:10.609+0300] {dag.py:3239} INFO - Sync 2 DAGs
[2026-05-04T01:21:10.622+0300] {logging_mixin.py:190} INFO - [2026-05-04T01:21:10.621+0300] {dag.py:4180} INFO - Setting next_dagrun for read_dataset_event to 2026-05-02 00:00:00+00:00, run_after=2026-05-03 00:00:00+00:00
[2026-05-04T01:21:10.624+0300] {logging_mixin.py:190} INFO - [2026-05-04T01:21:10.624+0300] {dag.py:4180} INFO - Setting next_dagrun for read_dataset_event_from_classic to 2026-05-02 00:00:00+00:00, run_after=2026-05-03 00:00:00+00:00
[2026-05-04T01:21:10.648+0300] {processor.py:208} INFO - Processing /home/nikita/airflow-setup/ENV/lib/python3.12/site-packages/airflow/example_dags/example_inlet_event_extra.py took 0.387 seconds
[2026-05-04T01:22:20.498+0300] {processor.py:186} INFO - Started process (PID=17046) to work on /home/nikita/airflow-setup/ENV/lib/python3.12/site-packages/airflow/example_dags/example_inlet_event_extra.py
[2026-05-04T01:22:20.499+0300] {processor.py:914} INFO - Processing file /home/nikita/airflow-setup/ENV/lib/python3.12/site-packages/airflow/example_dags/example_inlet_event_extra.py for tasks to queue
[2026-05-04T01:22:20.500+0300] {logging_mixin.py:190} INFO - [2026-05-04T01:22:20.500+0300] {dagbag.py:588} INFO - Filling up the DagBag from /home/nikita/airflow-setup/ENV/lib/python3.12/site-packages/airflow/example_dags/example_inlet_event_extra.py
[2026-05-04T01:22:20.791+0300] {processor.py:925} INFO - DAG(s) 'read_dataset_event', 'read_dataset_event_from_classic' retrieved from /home/nikita/airflow-setup/ENV/lib/python3.12/site-packages/airflow/example_dags/example_inlet_event_extra.py
[2026-05-04T01:22:20.802+0300] {logging_mixin.py:190} INFO - [2026-05-04T01:22:20.801+0300] {dag.py:3239} INFO - Sync 2 DAGs
[2026-05-04T01:22:20.815+0300] {logging_mixin.py:190} INFO - [2026-05-04T01:22:20.815+0300] {dag.py:4180} INFO - Setting next_dagrun for read_dataset_event to 2026-05-02 00:00:00+00:00, run_after=2026-05-03 00:00:00+00:00
[2026-05-04T01:22:20.818+0300] {logging_mixin.py:190} INFO - [2026-05-04T01:22:20.818+0300] {dag.py:4180} INFO - Setting next_dagrun for read_dataset_event_from_classic to 2026-05-02 00:00:00+00:00, run_after=2026-05-03 00:00:00+00:00
[2026-05-04T01:22:20.833+0300] {processor.py:208} INFO - Processing /home/nikita/airflow-setup/ENV/lib/python3.12/site-packages/airflow/example_dags/example_inlet_event_extra.py took 0.339 seconds
[2026-05-04T01:23:30.375+0300] {processor.py:186} INFO - Started process (PID=17310) to work on /home/nikita/airflow-setup/ENV/lib/python3.12/site-packages/airflow/example_dags/example_inlet_event_extra.py
[2026-05-04T01:23:30.377+0300] {processor.py:914} INFO - Processing file /home/nikita/airflow-setup/ENV/lib/python3.12/site-packages/airflow/example_dags/example_inlet_event_extra.py for tasks to queue
[2026-05-04T01:23:30.378+0300] {logging_mixin.py:190} INFO - [2026-05-04T01:23:30.378+0300] {dagbag.py:588} INFO - Filling up the DagBag from /home/nikita/airflow-setup/ENV/lib/python3.12/site-packages/airflow/example_dags/example_inlet_event_extra.py
[2026-05-04T01:23:30.704+0300] {processor.py:925} INFO - DAG(s) 'read_dataset_event', 'read_dataset_event_from_classic' retrieved from /home/nikita/airflow-setup/ENV/lib/python3.12/site-packages/airflow/example_dags/example_inlet_event_extra.py
[2026-05-04T01:23:30.715+0300] {logging_mixin.py:190} INFO - [2026-05-04T01:23:30.715+0300] {dag.py:3239} INFO - Sync 2 DAGs
[2026-05-04T01:23:30.729+0300] {logging_mixin.py:190} INFO - [2026-05-04T01:23:30.729+0300] {dag.py:4180} INFO - Setting next_dagrun for read_dataset_event to 2026-05-02 00:00:00+00:00, run_after=2026-05-03 00:00:00+00:00
[2026-05-04T01:23:30.732+0300] {logging_mixin.py:190} INFO - [2026-05-04T01:23:30.732+0300] {dag.py:4180} INFO - Setting next_dagrun for read_dataset_event_from_classic to 2026-05-02 00:00:00+00:00, run_after=2026-05-03 00:00:00+00:00
[2026-05-04T01:23:30.753+0300] {processor.py:208} INFO - Processing /home/nikita/airflow-setup/ENV/lib/python3.12/site-packages/airflow/example_dags/example_inlet_event_extra.py took 0.383 seconds
[2026-05-04T01:24:35.928+0300] {processor.py:186} INFO - Started process (PID=17875) to work on /home/nikita/airflow-setup/ENV/lib/python3.12/site-packages/airflow/example_dags/example_inlet_event_extra.py
[2026-05-04T01:24:35.936+0300] {processor.py:914} INFO - Processing file /home/nikita/airflow-setup/ENV/lib/python3.12/site-packages/airflow/example_dags/example_inlet_event_extra.py for tasks to queue
[2026-05-04T01:24:35.938+0300] {logging_mixin.py:190} INFO - [2026-05-04T01:24:35.937+0300] {dagbag.py:588} INFO - Filling up the DagBag from /home/nikita/airflow-setup/ENV/lib/python3.12/site-packages/airflow/example_dags/example_inlet_event_extra.py
[2026-05-04T01:24:36.227+0300] {processor.py:925} INFO - DAG(s) 'read_dataset_event', 'read_dataset_event_from_classic' retrieved from /home/nikita/airflow-setup/ENV/lib/python3.12/site-packages/airflow/example_dags/example_inlet_event_extra.py
[2026-05-04T01:24:36.237+0300] {logging_mixin.py:190} INFO - [2026-05-04T01:24:36.237+0300] {dag.py:3239} INFO - Sync 2 DAGs
[2026-05-04T01:24:36.250+0300] {logging_mixin.py:190} INFO - [2026-05-04T01:24:36.249+0300] {dag.py:4180} INFO - Setting next_dagrun for read_dataset_event to 2026-05-02 00:00:00+00:00, run_after=2026-05-03 00:00:00+00:00
[2026-05-04T01:24:36.252+0300] {logging_mixin.py:190} INFO - [2026-05-04T01:24:36.252+0300] {dag.py:4180} INFO - Setting next_dagrun for read_dataset_event_from_classic to 2026-05-02 00:00:00+00:00, run_after=2026-05-03 00:00:00+00:00
[2026-05-04T01:24:36.273+0300] {processor.py:208} INFO - Processing /home/nikita/airflow-setup/ENV/lib/python3.12/site-packages/airflow/example_dags/example_inlet_event_extra.py took 0.349 seconds
[2026-05-04T01:25:46.270+0300] {processor.py:186} INFO - Started process (PID=18491) to work on /home/nikita/airflow-setup/ENV/lib/python3.12/site-packages/airflow/example_dags/example_inlet_event_extra.py
[2026-05-04T01:25:46.280+0300] {processor.py:914} INFO - Processing file /home/nikita/airflow-setup/ENV/lib/python3.12/site-packages/airflow/example_dags/example_inlet_event_extra.py for tasks to queue
[2026-05-04T01:25:46.281+0300] {logging_mixin.py:190} INFO - [2026-05-04T01:25:46.280+0300] {dagbag.py:588} INFO - Filling up the DagBag from /home/nikita/airflow-setup/ENV/lib/python3.12/site-packages/airflow/example_dags/example_inlet_event_extra.py
[2026-05-04T01:25:46.580+0300] {processor.py:925} INFO - DAG(s) 'read_dataset_event', 'read_dataset_event_from_classic' retrieved from /home/nikita/airflow-setup/ENV/lib/python3.12/site-packages/airflow/example_dags/example_inlet_event_extra.py
[2026-05-04T01:25:46.590+0300] {logging_mixin.py:190} INFO - [2026-05-04T01:25:46.590+0300] {dag.py:3239} INFO - Sync 2 DAGs
[2026-05-04T01:25:46.602+0300] {logging_mixin.py:190} INFO - [2026-05-04T01:25:46.602+0300] {dag.py:4180} INFO - Setting next_dagrun for read_dataset_event to 2026-05-02 00:00:00+00:00, run_after=2026-05-03 00:00:00+00:00
[2026-05-04T01:25:46.605+0300] {logging_mixin.py:190} INFO - [2026-05-04T01:25:46.604+0300] {dag.py:4180} INFO - Setting next_dagrun for read_dataset_event_from_classic to 2026-05-02 00:00:00+00:00, run_after=2026-05-03 00:00:00+00:00
[2026-05-04T01:25:46.620+0300] {processor.py:208} INFO - Processing /home/nikita/airflow-setup/ENV/lib/python3.12/site-packages/airflow/example_dags/example_inlet_event_extra.py took 0.354 seconds
[2026-05-04T01:26:58.837+0300] {processor.py:186} INFO - Started process (PID=19439) to work on /home/nikita/airflow-setup/ENV/lib/python3.12/site-packages/airflow/example_dags/example_inlet_event_extra.py
[2026-05-04T01:26:58.847+0300] {processor.py:914} INFO - Processing file /home/nikita/airflow-setup/ENV/lib/python3.12/site-packages/airflow/example_dags/example_inlet_event_extra.py for tasks to queue
[2026-05-04T01:26:58.848+0300] {logging_mixin.py:190} INFO - [2026-05-04T01:26:58.847+0300] {dagbag.py:588} INFO - Filling up the DagBag from /home/nikita/airflow-setup/ENV/lib/python3.12/site-packages/airflow/example_dags/example_inlet_event_extra.py
[2026-05-04T01:26:59.136+0300] {processor.py:925} INFO - DAG(s) 'read_dataset_event', 'read_dataset_event_from_classic' retrieved from /home/nikita/airflow-setup/ENV/lib/python3.12/site-packages/airflow/example_dags/example_inlet_event_extra.py
[2026-05-04T01:26:59.147+0300] {logging_mixin.py:190} INFO - [2026-05-04T01:26:59.147+0300] {dag.py:3239} INFO - Sync 2 DAGs
[2026-05-04T01:26:59.158+0300] {logging_mixin.py:190} INFO - [2026-05-04T01:26:59.158+0300] {dag.py:4180} INFO - Setting next_dagrun for read_dataset_event to 2026-05-02 00:00:00+00:00, run_after=2026-05-03 00:00:00+00:00
[2026-05-04T01:26:59.161+0300] {logging_mixin.py:190} INFO - [2026-05-04T01:26:59.161+0300] {dag.py:4180} INFO - Setting next_dagrun for read_dataset_event_from_classic to 2026-05-02 00:00:00+00:00, run_after=2026-05-03 00:00:00+00:00
[2026-05-04T01:26:59.176+0300] {processor.py:208} INFO - Processing /home/nikita/airflow-setup/ENV/lib/python3.12/site-packages/airflow/example_dags/example_inlet_event_extra.py took 0.343 seconds
[2026-05-04T01:28:11.618+0300] {processor.py:186} INFO - Started process (PID=19708) to work on /home/nikita/airflow-setup/ENV/lib/python3.12/site-packages/airflow/example_dags/example_inlet_event_extra.py
[2026-05-04T01:28:11.620+0300] {processor.py:914} INFO - Processing file /home/nikita/airflow-setup/ENV/lib/python3.12/site-packages/airflow/example_dags/example_inlet_event_extra.py for tasks to queue
[2026-05-04T01:28:11.622+0300] {logging_mixin.py:190} INFO - [2026-05-04T01:28:11.621+0300] {dagbag.py:588} INFO - Filling up the DagBag from /home/nikita/airflow-setup/ENV/lib/python3.12/site-packages/airflow/example_dags/example_inlet_event_extra.py
[2026-05-04T01:28:12.096+0300] {processor.py:925} INFO - DAG(s) 'read_dataset_event', 'read_dataset_event_from_classic' retrieved from /home/nikita/airflow-setup/ENV/lib/python3.12/site-packages/airflow/example_dags/example_inlet_event_extra.py
[2026-05-04T01:28:12.110+0300] {logging_mixin.py:190} INFO - [2026-05-04T01:28:12.109+0300] {dag.py:3239} INFO - Sync 2 DAGs
[2026-05-04T01:28:12.123+0300] {logging_mixin.py:190} INFO - [2026-05-04T01:28:12.123+0300] {dag.py:4180} INFO - Setting next_dagrun for read_dataset_event to 2026-05-02 00:00:00+00:00, run_after=2026-05-03 00:00:00+00:00
[2026-05-04T01:28:12.126+0300] {logging_mixin.py:190} INFO - [2026-05-04T01:28:12.126+0300] {dag.py:4180} INFO - Setting next_dagrun for read_dataset_event_from_classic to 2026-05-02 00:00:00+00:00, run_after=2026-05-03 00:00:00+00:00
[2026-05-04T01:28:12.147+0300] {processor.py:208} INFO - Processing /home/nikita/airflow-setup/ENV/lib/python3.12/site-packages/airflow/example_dags/example_inlet_event_extra.py took 0.540 seconds
[2026-05-04T01:29:19.108+0300] {processor.py:186} INFO - Started process (PID=19967) to work on /home/nikita/airflow-setup/ENV/lib/python3.12/site-packages/airflow/example_dags/example_inlet_event_extra.py
[2026-05-04T01:29:19.109+0300] {processor.py:914} INFO - Processing file /home/nikita/airflow-setup/ENV/lib/python3.12/site-packages/airflow/example_dags/example_inlet_event_extra.py for tasks to queue
[2026-05-04T01:29:19.110+0300] {logging_mixin.py:190} INFO - [2026-05-04T01:29:19.110+0300] {dagbag.py:588} INFO - Filling up the DagBag from /home/nikita/airflow-setup/ENV/lib/python3.12/site-packages/airflow/example_dags/example_inlet_event_extra.py
[2026-05-04T01:29:19.420+0300] {processor.py:925} INFO - DAG(s) 'read_dataset_event', 'read_dataset_event_from_classic' retrieved from /home/nikita/airflow-setup/ENV/lib/python3.12/site-packages/airflow/example_dags/example_inlet_event_extra.py
[2026-05-04T01:29:19.431+0300] {logging_mixin.py:190} INFO - [2026-05-04T01:29:19.431+0300] {dag.py:3239} INFO - Sync 2 DAGs
[2026-05-04T01:29:19.445+0300] {logging_mixin.py:190} INFO - [2026-05-04T01:29:19.444+0300] {dag.py:4180} INFO - Setting next_dagrun for read_dataset_event to 2026-05-02 00:00:00+00:00, run_after=2026-05-03 00:00:00+00:00
[2026-05-04T01:29:19.447+0300] {logging_mixin.py:190} INFO - [2026-05-04T01:29:19.447+0300] {dag.py:4180} INFO - Setting next_dagrun for read_dataset_event_from_classic to 2026-05-02 00:00:00+00:00, run_after=2026-05-03 00:00:00+00:00
[2026-05-04T01:29:19.461+0300] {processor.py:208} INFO - Processing /home/nikita/airflow-setup/ENV/lib/python3.12/site-packages/airflow/example_dags/example_inlet_event_extra.py took 0.357 seconds
[2026-05-04T01:30:30.983+0300] {processor.py:186} INFO - Started process (PID=20238) to work on /home/nikita/airflow-setup/ENV/lib/python3.12/site-packages/airflow/example_dags/example_inlet_event_extra.py
[2026-05-04T01:30:30.993+0300] {processor.py:914} INFO - Processing file /home/nikita/airflow-setup/ENV/lib/python3.12/site-packages/airflow/example_dags/example_inlet_event_extra.py for tasks to queue
[2026-05-04T01:30:30.994+0300] {logging_mixin.py:190} INFO - [2026-05-04T01:30:30.994+0300] {dagbag.py:588} INFO - Filling up the DagBag from /home/nikita/airflow-setup/ENV/lib/python3.12/site-packages/airflow/example_dags/example_inlet_event_extra.py
[2026-05-04T01:30:31.368+0300] {processor.py:925} INFO - DAG(s) 'read_dataset_event', 'read_dataset_event_from_classic' retrieved from /home/nikita/airflow-setup/ENV/lib/python3.12/site-packages/airflow/example_dags/example_inlet_event_extra.py
[2026-05-04T01:30:31.379+0300] {logging_mixin.py:190} INFO - [2026-05-04T01:30:31.379+0300] {dag.py:3239} INFO - Sync 2 DAGs
[2026-05-04T01:30:31.394+0300] {logging_mixin.py:190} INFO - [2026-05-04T01:30:31.394+0300] {dag.py:4180} INFO - Setting next_dagrun for read_dataset_event to 2026-05-02 00:00:00+00:00, run_after=2026-05-03 00:00:00+00:00
[2026-05-04T01:30:31.398+0300] {logging_mixin.py:190} INFO - [2026-05-04T01:30:31.397+0300] {dag.py:4180} INFO - Setting next_dagrun for read_dataset_event_from_classic to 2026-05-02 00:00:00+00:00, run_after=2026-05-03 00:00:00+00:00
[2026-05-04T01:30:31.423+0300] {processor.py:208} INFO - Processing /home/nikita/airflow-setup/ENV/lib/python3.12/site-packages/airflow/example_dags/example_inlet_event_extra.py took 0.444 seconds
[2026-05-04T01:31:51.770+0300] {processor.py:186} INFO - Started process (PID=20536) to work on /home/nikita/airflow-setup/ENV/lib/python3.12/site-packages/airflow/example_dags/example_inlet_event_extra.py
[2026-05-04T01:31:51.771+0300] {processor.py:914} INFO - Processing file /home/nikita/airflow-setup/ENV/lib/python3.12/site-packages/airflow/example_dags/example_inlet_event_extra.py for tasks to queue
[2026-05-04T01:31:51.772+0300] {logging_mixin.py:190} INFO - [2026-05-04T01:31:51.772+0300] {dagbag.py:588} INFO - Filling up the DagBag from /home/nikita/airflow-setup/ENV/lib/python3.12/site-packages/airflow/example_dags/example_inlet_event_extra.py
[2026-05-04T01:31:52.102+0300] {processor.py:925} INFO - DAG(s) 'read_dataset_event_from_classic', 'read_dataset_event' retrieved from /home/nikita/airflow-setup/ENV/lib/python3.12/site-packages/airflow/example_dags/example_inlet_event_extra.py
[2026-05-04T01:31:52.113+0300] {logging_mixin.py:190} INFO - [2026-05-04T01:31:52.113+0300] {dag.py:3239} INFO - Sync 2 DAGs
[2026-05-04T01:31:52.127+0300] {logging_mixin.py:190} INFO - [2026-05-04T01:31:52.127+0300] {dag.py:4180} INFO - Setting next_dagrun for read_dataset_event to 2026-05-02 00:00:00+00:00, run_after=2026-05-03 00:00:00+00:00
[2026-05-04T01:31:52.130+0300] {logging_mixin.py:190} INFO - [2026-05-04T01:31:52.130+0300] {dag.py:4180} INFO - Setting next_dagrun for read_dataset_event_from_classic to 2026-05-02 00:00:00+00:00, run_after=2026-05-03 00:00:00+00:00
[2026-05-04T01:31:52.153+0300] {processor.py:208} INFO - Processing /home/nikita/airflow-setup/ENV/lib/python3.12/site-packages/airflow/example_dags/example_inlet_event_extra.py took 0.388 seconds
[2026-05-04T01:33:03.647+0300] {processor.py:186} INFO - Started process (PID=20954) to work on /home/nikita/airflow-setup/ENV/lib/python3.12/site-packages/airflow/example_dags/example_inlet_event_extra.py
[2026-05-04T01:33:03.655+0300] {processor.py:914} INFO - Processing file /home/nikita/airflow-setup/ENV/lib/python3.12/site-packages/airflow/example_dags/example_inlet_event_extra.py for tasks to queue
[2026-05-04T01:33:03.656+0300] {logging_mixin.py:190} INFO - [2026-05-04T01:33:03.656+0300] {dagbag.py:588} INFO - Filling up the DagBag from /home/nikita/airflow-setup/ENV/lib/python3.12/site-packages/airflow/example_dags/example_inlet_event_extra.py
[2026-05-04T01:33:03.851+0300] {processor.py:925} INFO - DAG(s) 'read_dataset_event_from_classic', 'read_dataset_event' retrieved from /home/nikita/airflow-setup/ENV/lib/python3.12/site-packages/airflow/example_dags/example_inlet_event_extra.py
[2026-05-04T01:33:03.865+0300] {logging_mixin.py:190} INFO - [2026-05-04T01:33:03.864+0300] {dag.py:3239} INFO - Sync 2 DAGs
[2026-05-04T01:33:03.880+0300] {logging_mixin.py:190} INFO - [2026-05-04T01:33:03.880+0300] {dag.py:4180} INFO - Setting next_dagrun for read_dataset_event to 2026-05-02 00:00:00+00:00, run_after=2026-05-03 00:00:00+00:00
[2026-05-04T01:33:03.883+0300] {logging_mixin.py:190} INFO - [2026-05-04T01:33:03.883+0300] {dag.py:4180} INFO - Setting next_dagrun for read_dataset_event_from_classic to 2026-05-02 00:00:00+00:00, run_after=2026-05-03 00:00:00+00:00
[2026-05-04T01:33:03.909+0300] {processor.py:208} INFO - Processing /home/nikita/airflow-setup/ENV/lib/python3.12/site-packages/airflow/example_dags/example_inlet_event_extra.py took 0.267 seconds
[2026-05-04T01:34:06.247+0300] {processor.py:186} INFO - Started process (PID=21319) to work on /home/nikita/airflow-setup/ENV/lib/python3.12/site-packages/airflow/example_dags/example_inlet_event_extra.py
[2026-05-04T01:34:06.256+0300] {processor.py:914} INFO - Processing file /home/nikita/airflow-setup/ENV/lib/python3.12/site-packages/airflow/example_dags/example_inlet_event_extra.py for tasks to queue
[2026-05-04T01:34:06.257+0300] {logging_mixin.py:190} INFO - [2026-05-04T01:34:06.257+0300] {dagbag.py:588} INFO - Filling up the DagBag from /home/nikita/airflow-setup/ENV/lib/python3.12/site-packages/airflow/example_dags/example_inlet_event_extra.py
[2026-05-04T01:34:06.445+0300] {processor.py:925} INFO - DAG(s) 'read_dataset_event', 'read_dataset_event_from_classic' retrieved from /home/nikita/airflow-setup/ENV/lib/python3.12/site-packages/airflow/example_dags/example_inlet_event_extra.py
[2026-05-04T01:34:06.458+0300] {logging_mixin.py:190} INFO - [2026-05-04T01:34:06.458+0300] {dag.py:3239} INFO - Sync 2 DAGs
[2026-05-04T01:34:06.472+0300] {logging_mixin.py:190} INFO - [2026-05-04T01:34:06.472+0300] {dag.py:4180} INFO - Setting next_dagrun for read_dataset_event to 2026-05-02 00:00:00+00:00, run_after=2026-05-03 00:00:00+00:00
[2026-05-04T01:34:06.474+0300] {logging_mixin.py:190} INFO - [2026-05-04T01:34:06.474+0300] {dag.py:4180} INFO - Setting next_dagrun for read_dataset_event_from_classic to 2026-05-02 00:00:00+00:00, run_after=2026-05-03 00:00:00+00:00
[2026-05-04T01:34:06.491+0300] {processor.py:208} INFO - Processing /home/nikita/airflow-setup/ENV/lib/python3.12/site-packages/airflow/example_dags/example_inlet_event_extra.py took 0.248 seconds
[2026-05-04T01:35:11.719+0300] {processor.py:186} INFO - Started process (PID=21572) to work on /home/nikita/airflow-setup/ENV/lib/python3.12/site-packages/airflow/example_dags/example_inlet_event_extra.py
[2026-05-04T01:35:11.721+0300] {processor.py:914} INFO - Processing file /home/nikita/airflow-setup/ENV/lib/python3.12/site-packages/airflow/example_dags/example_inlet_event_extra.py for tasks to queue
[2026-05-04T01:35:11.722+0300] {logging_mixin.py:190} INFO - [2026-05-04T01:35:11.722+0300] {dagbag.py:588} INFO - Filling up the DagBag from /home/nikita/airflow-setup/ENV/lib/python3.12/site-packages/airflow/example_dags/example_inlet_event_extra.py
[2026-05-04T01:35:11.942+0300] {processor.py:925} INFO - DAG(s) 'read_dataset_event_from_classic', 'read_dataset_event' retrieved from /home/nikita/airflow-setup/ENV/lib/python3.12/site-packages/airflow/example_dags/example_inlet_event_extra.py
[2026-05-04T01:35:11.956+0300] {logging_mixin.py:190} INFO - [2026-05-04T01:35:11.956+0300] {dag.py:3239} INFO - Sync 2 DAGs
[2026-05-04T01:35:11.976+0300] {logging_mixin.py:190} INFO - [2026-05-04T01:35:11.976+0300] {dag.py:4180} INFO - Setting next_dagrun for read_dataset_event to 2026-05-02 00:00:00+00:00, run_after=2026-05-03 00:00:00+00:00
[2026-05-04T01:35:11.980+0300] {logging_mixin.py:190} INFO - [2026-05-04T01:35:11.979+0300] {dag.py:4180} INFO - Setting next_dagrun for read_dataset_event_from_classic to 2026-05-02 00:00:00+00:00, run_after=2026-05-03 00:00:00+00:00
[2026-05-04T01:35:11.997+0300] {processor.py:208} INFO - Processing /home/nikita/airflow-setup/ENV/lib/python3.12/site-packages/airflow/example_dags/example_inlet_event_extra.py took 0.282 seconds
[2026-05-04T01:36:12.518+0300] {processor.py:186} INFO - Started process (PID=21808) to work on /home/nikita/airflow-setup/ENV/lib/python3.12/site-packages/airflow/example_dags/example_inlet_event_extra.py
[2026-05-04T01:36:12.528+0300] {processor.py:914} INFO - Processing file /home/nikita/airflow-setup/ENV/lib/python3.12/site-packages/airflow/example_dags/example_inlet_event_extra.py for tasks to queue
[2026-05-04T01:36:12.529+0300] {logging_mixin.py:190} INFO - [2026-05-04T01:36:12.529+0300] {dagbag.py:588} INFO - Filling up the DagBag from /home/nikita/airflow-setup/ENV/lib/python3.12/site-packages/airflow/example_dags/example_inlet_event_extra.py
[2026-05-04T01:36:12.721+0300] {processor.py:925} INFO - DAG(s) 'read_dataset_event_from_classic', 'read_dataset_event' retrieved from /home/nikita/airflow-setup/ENV/lib/python3.12/site-packages/airflow/example_dags/example_inlet_event_extra.py
[2026-05-04T01:36:12.733+0300] {logging_mixin.py:190} INFO - [2026-05-04T01:36:12.733+0300] {dag.py:3239} INFO - Sync 2 DAGs
[2026-05-04T01:36:12.748+0300] {logging_mixin.py:190} INFO - [2026-05-04T01:36:12.748+0300] {dag.py:4180} INFO - Setting next_dagrun for read_dataset_event to 2026-05-02 00:00:00+00:00, run_after=2026-05-03 00:00:00+00:00
[2026-05-04T01:36:12.751+0300] {logging_mixin.py:190} INFO - [2026-05-04T01:36:12.751+0300] {dag.py:4180} INFO - Setting next_dagrun for read_dataset_event_from_classic to 2026-05-02 00:00:00+00:00, run_after=2026-05-03 00:00:00+00:00
[2026-05-04T01:36:12.777+0300] {processor.py:208} INFO - Processing /home/nikita/airflow-setup/ENV/lib/python3.12/site-packages/airflow/example_dags/example_inlet_event_extra.py took 0.263 seconds
