[2026-05-04T00:46:33.076+0300] {processor.py:186} INFO - Started process (PID=5989) to work on /home/nikita/airflow-setup/ENV/lib/python3.12/site-packages/airflow/example_dags/example_branch_python_dop_operator_3.py
[2026-05-04T00:46:33.078+0300] {processor.py:914} INFO - Processing file /home/nikita/airflow-setup/ENV/lib/python3.12/site-packages/airflow/example_dags/example_branch_python_dop_operator_3.py for tasks to queue
[2026-05-04T00:46:33.083+0300] {logging_mixin.py:190} INFO - [2026-05-04T00:46:33.082+0300] {dagbag.py:588} INFO - Filling up the DagBag from /home/nikita/airflow-setup/ENV/lib/python3.12/site-packages/airflow/example_dags/example_branch_python_dop_operator_3.py
[2026-05-04T00:46:33.106+0300] {processor.py:925} INFO - DAG(s) 'example_branch_dop_operator_v3' retrieved from /home/nikita/airflow-setup/ENV/lib/python3.12/site-packages/airflow/example_dags/example_branch_python_dop_operator_3.py
[2026-05-04T00:46:33.238+0300] {logging_mixin.py:190} INFO - [2026-05-04T00:46:33.237+0300] {override.py:1930} INFO - Created Permission View: can read on DAG:example_branch_dop_operator_v3
[2026-05-04T00:46:33.255+0300] {logging_mixin.py:190} INFO - [2026-05-04T00:46:33.255+0300] {override.py:1930} INFO - Created Permission View: can delete on DAG:example_branch_dop_operator_v3
[2026-05-04T00:46:33.269+0300] {logging_mixin.py:190} INFO - [2026-05-04T00:46:33.269+0300] {override.py:1930} INFO - Created Permission View: can edit on DAG:example_branch_dop_operator_v3
[2026-05-04T00:46:33.288+0300] {logging_mixin.py:190} INFO - [2026-05-04T00:46:33.288+0300] {override.py:1930} INFO - Created Permission View: can read on DAG Run:example_branch_dop_operator_v3
[2026-05-04T00:46:33.301+0300] {logging_mixin.py:190} INFO - [2026-05-04T00:46:33.301+0300] {override.py:1930} INFO - Created Permission View: can delete on DAG Run:example_branch_dop_operator_v3
[2026-05-04T00:46:33.314+0300] {logging_mixin.py:190} INFO - [2026-05-04T00:46:33.314+0300] {override.py:1930} INFO - Created Permission View: menu access on DAG Run:example_branch_dop_operator_v3
[2026-05-04T00:46:33.323+0300] {logging_mixin.py:190} INFO - [2026-05-04T00:46:33.322+0300] {override.py:1930} INFO - Created Permission View: can create on DAG Run:example_branch_dop_operator_v3
[2026-05-04T00:46:33.323+0300] {logging_mixin.py:190} INFO - [2026-05-04T00:46:33.323+0300] {dag.py:3239} INFO - Sync 1 DAGs
[2026-05-04T00:46:33.333+0300] {logging_mixin.py:190} INFO - [2026-05-04T00:46:33.333+0300] {dag.py:3262} INFO - Creating ORM DAG for example_branch_dop_operator_v3
[2026-05-04T00:46:33.345+0300] {logging_mixin.py:190} INFO - [2026-05-04T00:46:33.344+0300] {dag.py:4180} INFO - Setting next_dagrun for example_branch_dop_operator_v3 to 2026-05-03 21:45:00+00:00, run_after=2026-05-03 21:46:00+00:00
[2026-05-04T00:46:33.365+0300] {processor.py:208} INFO - Processing /home/nikita/airflow-setup/ENV/lib/python3.12/site-packages/airflow/example_dags/example_branch_python_dop_operator_3.py took 0.299 seconds
[2026-05-04T00:47:38.284+0300] {processor.py:186} INFO - Started process (PID=6067) to work on /home/nikita/airflow-setup/ENV/lib/python3.12/site-packages/airflow/example_dags/example_branch_python_dop_operator_3.py
[2026-05-04T00:47:38.293+0300] {processor.py:914} INFO - Processing file /home/nikita/airflow-setup/ENV/lib/python3.12/site-packages/airflow/example_dags/example_branch_python_dop_operator_3.py for tasks to queue
[2026-05-04T00:47:38.295+0300] {logging_mixin.py:190} INFO - [2026-05-04T00:47:38.294+0300] {dagbag.py:588} INFO - Filling up the DagBag from /home/nikita/airflow-setup/ENV/lib/python3.12/site-packages/airflow/example_dags/example_branch_python_dop_operator_3.py
[2026-05-04T00:47:38.303+0300] {processor.py:925} INFO - DAG(s) 'example_branch_dop_operator_v3' retrieved from /home/nikita/airflow-setup/ENV/lib/python3.12/site-packages/airflow/example_dags/example_branch_python_dop_operator_3.py
[2026-05-04T00:47:38.314+0300] {logging_mixin.py:190} INFO - [2026-05-04T00:47:38.313+0300] {dag.py:3239} INFO - Sync 1 DAGs
[2026-05-04T00:47:38.329+0300] {logging_mixin.py:190} INFO - [2026-05-04T00:47:38.329+0300] {dag.py:4180} INFO - Setting next_dagrun for example_branch_dop_operator_v3 to 2026-05-03 21:46:00+00:00, run_after=2026-05-03 21:47:00+00:00
[2026-05-04T00:47:38.344+0300] {processor.py:208} INFO - Processing /home/nikita/airflow-setup/ENV/lib/python3.12/site-packages/airflow/example_dags/example_branch_python_dop_operator_3.py took 0.064 seconds
[2026-05-04T00:48:38.357+0300] {processor.py:186} INFO - Started process (PID=6124) to work on /home/nikita/airflow-setup/ENV/lib/python3.12/site-packages/airflow/example_dags/example_branch_python_dop_operator_3.py
[2026-05-04T00:48:38.360+0300] {processor.py:914} INFO - Processing file /home/nikita/airflow-setup/ENV/lib/python3.12/site-packages/airflow/example_dags/example_branch_python_dop_operator_3.py for tasks to queue
[2026-05-04T00:48:38.363+0300] {logging_mixin.py:190} INFO - [2026-05-04T00:48:38.362+0300] {dagbag.py:588} INFO - Filling up the DagBag from /home/nikita/airflow-setup/ENV/lib/python3.12/site-packages/airflow/example_dags/example_branch_python_dop_operator_3.py
[2026-05-04T00:48:38.377+0300] {processor.py:925} INFO - DAG(s) 'example_branch_dop_operator_v3' retrieved from /home/nikita/airflow-setup/ENV/lib/python3.12/site-packages/airflow/example_dags/example_branch_python_dop_operator_3.py
[2026-05-04T00:48:38.394+0300] {logging_mixin.py:190} INFO - [2026-05-04T00:48:38.393+0300] {dag.py:3239} INFO - Sync 1 DAGs
[2026-05-04T00:48:38.413+0300] {logging_mixin.py:190} INFO - [2026-05-04T00:48:38.413+0300] {dag.py:4180} INFO - Setting next_dagrun for example_branch_dop_operator_v3 to 2026-05-03 21:47:00+00:00, run_after=2026-05-03 21:48:00+00:00
[2026-05-04T00:48:38.441+0300] {processor.py:208} INFO - Processing /home/nikita/airflow-setup/ENV/lib/python3.12/site-packages/airflow/example_dags/example_branch_python_dop_operator_3.py took 0.094 seconds
[2026-05-04T00:49:37.732+0300] {processor.py:186} INFO - Started process (PID=6182) to work on /home/nikita/airflow-setup/ENV/lib/python3.12/site-packages/airflow/example_dags/example_branch_python_dop_operator_3.py
[2026-05-04T00:49:37.733+0300] {processor.py:914} INFO - Processing file /home/nikita/airflow-setup/ENV/lib/python3.12/site-packages/airflow/example_dags/example_branch_python_dop_operator_3.py for tasks to queue
[2026-05-04T00:49:37.734+0300] {logging_mixin.py:190} INFO - [2026-05-04T00:49:37.734+0300] {dagbag.py:588} INFO - Filling up the DagBag from /home/nikita/airflow-setup/ENV/lib/python3.12/site-packages/airflow/example_dags/example_branch_python_dop_operator_3.py
[2026-05-04T00:49:37.742+0300] {processor.py:925} INFO - DAG(s) 'example_branch_dop_operator_v3' retrieved from /home/nikita/airflow-setup/ENV/lib/python3.12/site-packages/airflow/example_dags/example_branch_python_dop_operator_3.py
[2026-05-04T00:49:37.752+0300] {logging_mixin.py:190} INFO - [2026-05-04T00:49:37.751+0300] {dag.py:3239} INFO - Sync 1 DAGs
[2026-05-04T00:49:37.766+0300] {logging_mixin.py:190} INFO - [2026-05-04T00:49:37.766+0300] {dag.py:4180} INFO - Setting next_dagrun for example_branch_dop_operator_v3 to 2026-05-03 21:48:00+00:00, run_after=2026-05-03 21:49:00+00:00
[2026-05-04T00:49:37.782+0300] {processor.py:208} INFO - Processing /home/nikita/airflow-setup/ENV/lib/python3.12/site-packages/airflow/example_dags/example_branch_python_dop_operator_3.py took 0.055 seconds
[2026-05-04T00:50:58.357+0300] {processor.py:186} INFO - Started process (PID=6288) to work on /home/nikita/airflow-setup/ENV/lib/python3.12/site-packages/airflow/example_dags/example_branch_python_dop_operator_3.py
[2026-05-04T00:50:58.366+0300] {processor.py:914} INFO - Processing file /home/nikita/airflow-setup/ENV/lib/python3.12/site-packages/airflow/example_dags/example_branch_python_dop_operator_3.py for tasks to queue
[2026-05-04T00:50:58.368+0300] {logging_mixin.py:190} INFO - [2026-05-04T00:50:58.368+0300] {dagbag.py:588} INFO - Filling up the DagBag from /home/nikita/airflow-setup/ENV/lib/python3.12/site-packages/airflow/example_dags/example_branch_python_dop_operator_3.py
[2026-05-04T00:50:58.376+0300] {processor.py:925} INFO - DAG(s) 'example_branch_dop_operator_v3' retrieved from /home/nikita/airflow-setup/ENV/lib/python3.12/site-packages/airflow/example_dags/example_branch_python_dop_operator_3.py
[2026-05-04T00:50:58.386+0300] {logging_mixin.py:190} INFO - [2026-05-04T00:50:58.386+0300] {dag.py:3239} INFO - Sync 1 DAGs
[2026-05-04T00:50:58.401+0300] {logging_mixin.py:190} INFO - [2026-05-04T00:50:58.401+0300] {dag.py:4180} INFO - Setting next_dagrun for example_branch_dop_operator_v3 to 2026-05-03 21:49:00+00:00, run_after=2026-05-03 21:50:00+00:00
[2026-05-04T00:50:58.418+0300] {processor.py:208} INFO - Processing /home/nikita/airflow-setup/ENV/lib/python3.12/site-packages/airflow/example_dags/example_branch_python_dop_operator_3.py took 0.065 seconds
[2026-05-04T00:52:24.714+0300] {processor.py:186} INFO - Started process (PID=6371) to work on /home/nikita/airflow-setup/ENV/lib/python3.12/site-packages/airflow/example_dags/example_branch_python_dop_operator_3.py
[2026-05-04T00:52:24.715+0300] {processor.py:914} INFO - Processing file /home/nikita/airflow-setup/ENV/lib/python3.12/site-packages/airflow/example_dags/example_branch_python_dop_operator_3.py for tasks to queue
[2026-05-04T00:52:24.718+0300] {logging_mixin.py:190} INFO - [2026-05-04T00:52:24.717+0300] {dagbag.py:588} INFO - Filling up the DagBag from /home/nikita/airflow-setup/ENV/lib/python3.12/site-packages/airflow/example_dags/example_branch_python_dop_operator_3.py
[2026-05-04T00:52:24.727+0300] {processor.py:925} INFO - DAG(s) 'example_branch_dop_operator_v3' retrieved from /home/nikita/airflow-setup/ENV/lib/python3.12/site-packages/airflow/example_dags/example_branch_python_dop_operator_3.py
[2026-05-04T00:52:24.739+0300] {logging_mixin.py:190} INFO - [2026-05-04T00:52:24.739+0300] {dag.py:3239} INFO - Sync 1 DAGs
[2026-05-04T00:52:24.757+0300] {logging_mixin.py:190} INFO - [2026-05-04T00:52:24.757+0300] {dag.py:4180} INFO - Setting next_dagrun for example_branch_dop_operator_v3 to 2026-05-03 21:51:00+00:00, run_after=2026-05-03 21:52:00+00:00
[2026-05-04T00:52:24.778+0300] {processor.py:208} INFO - Processing /home/nikita/airflow-setup/ENV/lib/python3.12/site-packages/airflow/example_dags/example_branch_python_dop_operator_3.py took 0.071 seconds
[2026-05-04T00:53:28.391+0300] {processor.py:186} INFO - Started process (PID=6450) to work on /home/nikita/airflow-setup/ENV/lib/python3.12/site-packages/airflow/example_dags/example_branch_python_dop_operator_3.py
[2026-05-04T00:53:28.400+0300] {processor.py:914} INFO - Processing file /home/nikita/airflow-setup/ENV/lib/python3.12/site-packages/airflow/example_dags/example_branch_python_dop_operator_3.py for tasks to queue
[2026-05-04T00:53:28.402+0300] {logging_mixin.py:190} INFO - [2026-05-04T00:53:28.401+0300] {dagbag.py:588} INFO - Filling up the DagBag from /home/nikita/airflow-setup/ENV/lib/python3.12/site-packages/airflow/example_dags/example_branch_python_dop_operator_3.py
[2026-05-04T00:53:28.410+0300] {processor.py:925} INFO - DAG(s) 'example_branch_dop_operator_v3' retrieved from /home/nikita/airflow-setup/ENV/lib/python3.12/site-packages/airflow/example_dags/example_branch_python_dop_operator_3.py
[2026-05-04T00:53:28.422+0300] {logging_mixin.py:190} INFO - [2026-05-04T00:53:28.421+0300] {dag.py:3239} INFO - Sync 1 DAGs
[2026-05-04T00:53:28.439+0300] {logging_mixin.py:190} INFO - [2026-05-04T00:53:28.439+0300] {dag.py:4180} INFO - Setting next_dagrun for example_branch_dop_operator_v3 to 2026-05-03 21:52:00+00:00, run_after=2026-05-03 21:53:00+00:00
[2026-05-04T00:53:28.456+0300] {processor.py:208} INFO - Processing /home/nikita/airflow-setup/ENV/lib/python3.12/site-packages/airflow/example_dags/example_branch_python_dop_operator_3.py took 0.069 seconds
[2026-05-04T00:54:27.825+0300] {processor.py:186} INFO - Started process (PID=6507) to work on /home/nikita/airflow-setup/ENV/lib/python3.12/site-packages/airflow/example_dags/example_branch_python_dop_operator_3.py
[2026-05-04T00:54:27.835+0300] {processor.py:914} INFO - Processing file /home/nikita/airflow-setup/ENV/lib/python3.12/site-packages/airflow/example_dags/example_branch_python_dop_operator_3.py for tasks to queue
[2026-05-04T00:54:27.838+0300] {logging_mixin.py:190} INFO - [2026-05-04T00:54:27.838+0300] {dagbag.py:588} INFO - Filling up the DagBag from /home/nikita/airflow-setup/ENV/lib/python3.12/site-packages/airflow/example_dags/example_branch_python_dop_operator_3.py
[2026-05-04T00:54:27.851+0300] {processor.py:925} INFO - DAG(s) 'example_branch_dop_operator_v3' retrieved from /home/nikita/airflow-setup/ENV/lib/python3.12/site-packages/airflow/example_dags/example_branch_python_dop_operator_3.py
[2026-05-04T00:54:27.872+0300] {logging_mixin.py:190} INFO - [2026-05-04T00:54:27.872+0300] {dag.py:3239} INFO - Sync 1 DAGs
[2026-05-04T00:54:27.905+0300] {logging_mixin.py:190} INFO - [2026-05-04T00:54:27.904+0300] {dag.py:4180} INFO - Setting next_dagrun for example_branch_dop_operator_v3 to 2026-05-03 21:53:00+00:00, run_after=2026-05-03 21:54:00+00:00
[2026-05-04T00:54:27.961+0300] {processor.py:208} INFO - Processing /home/nikita/airflow-setup/ENV/lib/python3.12/site-packages/airflow/example_dags/example_branch_python_dop_operator_3.py took 0.144 seconds
[2026-05-04T00:55:31.915+0300] {processor.py:186} INFO - Started process (PID=6576) to work on /home/nikita/airflow-setup/ENV/lib/python3.12/site-packages/airflow/example_dags/example_branch_python_dop_operator_3.py
[2026-05-04T00:55:31.917+0300] {processor.py:914} INFO - Processing file /home/nikita/airflow-setup/ENV/lib/python3.12/site-packages/airflow/example_dags/example_branch_python_dop_operator_3.py for tasks to queue
[2026-05-04T00:55:31.918+0300] {logging_mixin.py:190} INFO - [2026-05-04T00:55:31.918+0300] {dagbag.py:588} INFO - Filling up the DagBag from /home/nikita/airflow-setup/ENV/lib/python3.12/site-packages/airflow/example_dags/example_branch_python_dop_operator_3.py
[2026-05-04T00:55:31.927+0300] {processor.py:925} INFO - DAG(s) 'example_branch_dop_operator_v3' retrieved from /home/nikita/airflow-setup/ENV/lib/python3.12/site-packages/airflow/example_dags/example_branch_python_dop_operator_3.py
[2026-05-04T00:55:31.938+0300] {logging_mixin.py:190} INFO - [2026-05-04T00:55:31.938+0300] {dag.py:3239} INFO - Sync 1 DAGs
[2026-05-04T00:55:31.954+0300] {logging_mixin.py:190} INFO - [2026-05-04T00:55:31.954+0300] {dag.py:4180} INFO - Setting next_dagrun for example_branch_dop_operator_v3 to 2026-05-03 21:54:00+00:00, run_after=2026-05-03 21:55:00+00:00
[2026-05-04T00:55:31.972+0300] {processor.py:208} INFO - Processing /home/nikita/airflow-setup/ENV/lib/python3.12/site-packages/airflow/example_dags/example_branch_python_dop_operator_3.py took 0.062 seconds
[2026-05-04T00:56:30.859+0300] {processor.py:186} INFO - Started process (PID=6635) to work on /home/nikita/airflow-setup/ENV/lib/python3.12/site-packages/airflow/example_dags/example_branch_python_dop_operator_3.py
[2026-05-04T00:56:30.867+0300] {processor.py:914} INFO - Processing file /home/nikita/airflow-setup/ENV/lib/python3.12/site-packages/airflow/example_dags/example_branch_python_dop_operator_3.py for tasks to queue
[2026-05-04T00:56:30.869+0300] {logging_mixin.py:190} INFO - [2026-05-04T00:56:30.869+0300] {dagbag.py:588} INFO - Filling up the DagBag from /home/nikita/airflow-setup/ENV/lib/python3.12/site-packages/airflow/example_dags/example_branch_python_dop_operator_3.py
[2026-05-04T00:56:30.878+0300] {processor.py:925} INFO - DAG(s) 'example_branch_dop_operator_v3' retrieved from /home/nikita/airflow-setup/ENV/lib/python3.12/site-packages/airflow/example_dags/example_branch_python_dop_operator_3.py
[2026-05-04T00:56:30.891+0300] {logging_mixin.py:190} INFO - [2026-05-04T00:56:30.891+0300] {dag.py:3239} INFO - Sync 1 DAGs
[2026-05-04T00:56:30.908+0300] {logging_mixin.py:190} INFO - [2026-05-04T00:56:30.908+0300] {dag.py:4180} INFO - Setting next_dagrun for example_branch_dop_operator_v3 to 2026-05-03 21:55:00+00:00, run_after=2026-05-03 21:56:00+00:00
[2026-05-04T00:56:30.927+0300] {processor.py:208} INFO - Processing /home/nikita/airflow-setup/ENV/lib/python3.12/site-packages/airflow/example_dags/example_branch_python_dop_operator_3.py took 0.073 seconds
[2026-05-04T00:57:31.072+0300] {processor.py:186} INFO - Started process (PID=7073) to work on /home/nikita/airflow-setup/ENV/lib/python3.12/site-packages/airflow/example_dags/example_branch_python_dop_operator_3.py
[2026-05-04T00:57:31.081+0300] {processor.py:914} INFO - Processing file /home/nikita/airflow-setup/ENV/lib/python3.12/site-packages/airflow/example_dags/example_branch_python_dop_operator_3.py for tasks to queue
[2026-05-04T00:57:31.083+0300] {logging_mixin.py:190} INFO - [2026-05-04T00:57:31.083+0300] {dagbag.py:588} INFO - Filling up the DagBag from /home/nikita/airflow-setup/ENV/lib/python3.12/site-packages/airflow/example_dags/example_branch_python_dop_operator_3.py
[2026-05-04T00:57:31.092+0300] {processor.py:925} INFO - DAG(s) 'example_branch_dop_operator_v3' retrieved from /home/nikita/airflow-setup/ENV/lib/python3.12/site-packages/airflow/example_dags/example_branch_python_dop_operator_3.py
[2026-05-04T00:57:31.104+0300] {logging_mixin.py:190} INFO - [2026-05-04T00:57:31.103+0300] {dag.py:3239} INFO - Sync 1 DAGs
[2026-05-04T00:57:31.120+0300] {logging_mixin.py:190} INFO - [2026-05-04T00:57:31.120+0300] {dag.py:4180} INFO - Setting next_dagrun for example_branch_dop_operator_v3 to 2026-05-03 21:56:00+00:00, run_after=2026-05-03 21:57:00+00:00
[2026-05-04T00:57:31.136+0300] {processor.py:208} INFO - Processing /home/nikita/airflow-setup/ENV/lib/python3.12/site-packages/airflow/example_dags/example_branch_python_dop_operator_3.py took 0.068 seconds
[2026-05-04T00:58:29.195+0300] {processor.py:186} INFO - Started process (PID=7297) to work on /home/nikita/airflow-setup/ENV/lib/python3.12/site-packages/airflow/example_dags/example_branch_python_dop_operator_3.py
[2026-05-04T00:58:29.204+0300] {processor.py:914} INFO - Processing file /home/nikita/airflow-setup/ENV/lib/python3.12/site-packages/airflow/example_dags/example_branch_python_dop_operator_3.py for tasks to queue
[2026-05-04T00:58:29.206+0300] {logging_mixin.py:190} INFO - [2026-05-04T00:58:29.205+0300] {dagbag.py:588} INFO - Filling up the DagBag from /home/nikita/airflow-setup/ENV/lib/python3.12/site-packages/airflow/example_dags/example_branch_python_dop_operator_3.py
[2026-05-04T00:58:29.216+0300] {processor.py:925} INFO - DAG(s) 'example_branch_dop_operator_v3' retrieved from /home/nikita/airflow-setup/ENV/lib/python3.12/site-packages/airflow/example_dags/example_branch_python_dop_operator_3.py
[2026-05-04T00:58:29.228+0300] {logging_mixin.py:190} INFO - [2026-05-04T00:58:29.227+0300] {dag.py:3239} INFO - Sync 1 DAGs
[2026-05-04T00:58:29.246+0300] {logging_mixin.py:190} INFO - [2026-05-04T00:58:29.246+0300] {dag.py:4180} INFO - Setting next_dagrun for example_branch_dop_operator_v3 to 2026-05-03 21:57:00+00:00, run_after=2026-05-03 21:58:00+00:00
[2026-05-04T00:58:29.265+0300] {processor.py:208} INFO - Processing /home/nikita/airflow-setup/ENV/lib/python3.12/site-packages/airflow/example_dags/example_branch_python_dop_operator_3.py took 0.076 seconds
[2026-05-04T00:59:27.549+0300] {processor.py:186} INFO - Started process (PID=7579) to work on /home/nikita/airflow-setup/ENV/lib/python3.12/site-packages/airflow/example_dags/example_branch_python_dop_operator_3.py
[2026-05-04T00:59:27.559+0300] {processor.py:914} INFO - Processing file /home/nikita/airflow-setup/ENV/lib/python3.12/site-packages/airflow/example_dags/example_branch_python_dop_operator_3.py for tasks to queue
[2026-05-04T00:59:27.561+0300] {logging_mixin.py:190} INFO - [2026-05-04T00:59:27.561+0300] {dagbag.py:588} INFO - Filling up the DagBag from /home/nikita/airflow-setup/ENV/lib/python3.12/site-packages/airflow/example_dags/example_branch_python_dop_operator_3.py
[2026-05-04T00:59:27.572+0300] {processor.py:925} INFO - DAG(s) 'example_branch_dop_operator_v3' retrieved from /home/nikita/airflow-setup/ENV/lib/python3.12/site-packages/airflow/example_dags/example_branch_python_dop_operator_3.py
[2026-05-04T00:59:27.589+0300] {logging_mixin.py:190} INFO - [2026-05-04T00:59:27.588+0300] {dag.py:3239} INFO - Sync 1 DAGs
[2026-05-04T00:59:27.609+0300] {logging_mixin.py:190} INFO - [2026-05-04T00:59:27.608+0300] {dag.py:4180} INFO - Setting next_dagrun for example_branch_dop_operator_v3 to 2026-05-03 21:58:00+00:00, run_after=2026-05-03 21:59:00+00:00
[2026-05-04T00:59:27.629+0300] {processor.py:208} INFO - Processing /home/nikita/airflow-setup/ENV/lib/python3.12/site-packages/airflow/example_dags/example_branch_python_dop_operator_3.py took 0.087 seconds
[2026-05-04T01:00:27.348+0300] {processor.py:186} INFO - Started process (PID=8359) to work on /home/nikita/airflow-setup/ENV/lib/python3.12/site-packages/airflow/example_dags/example_branch_python_dop_operator_3.py
[2026-05-04T01:00:27.357+0300] {processor.py:914} INFO - Processing file /home/nikita/airflow-setup/ENV/lib/python3.12/site-packages/airflow/example_dags/example_branch_python_dop_operator_3.py for tasks to queue
[2026-05-04T01:00:27.359+0300] {logging_mixin.py:190} INFO - [2026-05-04T01:00:27.359+0300] {dagbag.py:588} INFO - Filling up the DagBag from /home/nikita/airflow-setup/ENV/lib/python3.12/site-packages/airflow/example_dags/example_branch_python_dop_operator_3.py
[2026-05-04T01:00:27.368+0300] {processor.py:925} INFO - DAG(s) 'example_branch_dop_operator_v3' retrieved from /home/nikita/airflow-setup/ENV/lib/python3.12/site-packages/airflow/example_dags/example_branch_python_dop_operator_3.py
[2026-05-04T01:00:27.379+0300] {logging_mixin.py:190} INFO - [2026-05-04T01:00:27.379+0300] {dag.py:3239} INFO - Sync 1 DAGs
[2026-05-04T01:00:27.394+0300] {logging_mixin.py:190} INFO - [2026-05-04T01:00:27.394+0300] {dag.py:4180} INFO - Setting next_dagrun for example_branch_dop_operator_v3 to 2026-05-03 21:59:00+00:00, run_after=2026-05-03 22:00:00+00:00
[2026-05-04T01:00:27.411+0300] {processor.py:208} INFO - Processing /home/nikita/airflow-setup/ENV/lib/python3.12/site-packages/airflow/example_dags/example_branch_python_dop_operator_3.py took 0.068 seconds
[2026-05-04T01:01:35.096+0300] {processor.py:186} INFO - Started process (PID=8865) to work on /home/nikita/airflow-setup/ENV/lib/python3.12/site-packages/airflow/example_dags/example_branch_python_dop_operator_3.py
[2026-05-04T01:01:35.097+0300] {processor.py:914} INFO - Processing file /home/nikita/airflow-setup/ENV/lib/python3.12/site-packages/airflow/example_dags/example_branch_python_dop_operator_3.py for tasks to queue
[2026-05-04T01:01:35.098+0300] {logging_mixin.py:190} INFO - [2026-05-04T01:01:35.098+0300] {dagbag.py:588} INFO - Filling up the DagBag from /home/nikita/airflow-setup/ENV/lib/python3.12/site-packages/airflow/example_dags/example_branch_python_dop_operator_3.py
[2026-05-04T01:01:35.108+0300] {processor.py:925} INFO - DAG(s) 'example_branch_dop_operator_v3' retrieved from /home/nikita/airflow-setup/ENV/lib/python3.12/site-packages/airflow/example_dags/example_branch_python_dop_operator_3.py
[2026-05-04T01:01:35.121+0300] {logging_mixin.py:190} INFO - [2026-05-04T01:01:35.121+0300] {dag.py:3239} INFO - Sync 1 DAGs
[2026-05-04T01:01:35.138+0300] {logging_mixin.py:190} INFO - [2026-05-04T01:01:35.138+0300] {dag.py:4180} INFO - Setting next_dagrun for example_branch_dop_operator_v3 to 2026-05-03 22:00:00+00:00, run_after=2026-05-03 22:01:00+00:00
[2026-05-04T01:01:35.154+0300] {processor.py:208} INFO - Processing /home/nikita/airflow-setup/ENV/lib/python3.12/site-packages/airflow/example_dags/example_branch_python_dop_operator_3.py took 0.063 seconds
[2026-05-04T01:02:43.437+0300] {processor.py:186} INFO - Started process (PID=9453) to work on /home/nikita/airflow-setup/ENV/lib/python3.12/site-packages/airflow/example_dags/example_branch_python_dop_operator_3.py
[2026-05-04T01:02:43.439+0300] {processor.py:914} INFO - Processing file /home/nikita/airflow-setup/ENV/lib/python3.12/site-packages/airflow/example_dags/example_branch_python_dop_operator_3.py for tasks to queue
[2026-05-04T01:02:43.441+0300] {logging_mixin.py:190} INFO - [2026-05-04T01:02:43.440+0300] {dagbag.py:588} INFO - Filling up the DagBag from /home/nikita/airflow-setup/ENV/lib/python3.12/site-packages/airflow/example_dags/example_branch_python_dop_operator_3.py
[2026-05-04T01:02:43.448+0300] {processor.py:925} INFO - DAG(s) 'example_branch_dop_operator_v3' retrieved from /home/nikita/airflow-setup/ENV/lib/python3.12/site-packages/airflow/example_dags/example_branch_python_dop_operator_3.py
[2026-05-04T01:02:43.461+0300] {logging_mixin.py:190} INFO - [2026-05-04T01:02:43.461+0300] {dag.py:3239} INFO - Sync 1 DAGs
[2026-05-04T01:02:43.478+0300] {logging_mixin.py:190} INFO - [2026-05-04T01:02:43.478+0300] {dag.py:4180} INFO - Setting next_dagrun for example_branch_dop_operator_v3 to 2026-05-03 22:01:00+00:00, run_after=2026-05-03 22:02:00+00:00
[2026-05-04T01:02:43.495+0300] {processor.py:208} INFO - Processing /home/nikita/airflow-setup/ENV/lib/python3.12/site-packages/airflow/example_dags/example_branch_python_dop_operator_3.py took 0.062 seconds
[2026-05-04T01:03:46.951+0300] {processor.py:186} INFO - Started process (PID=9776) to work on /home/nikita/airflow-setup/ENV/lib/python3.12/site-packages/airflow/example_dags/example_branch_python_dop_operator_3.py
[2026-05-04T01:03:46.952+0300] {processor.py:914} INFO - Processing file /home/nikita/airflow-setup/ENV/lib/python3.12/site-packages/airflow/example_dags/example_branch_python_dop_operator_3.py for tasks to queue
[2026-05-04T01:03:46.953+0300] {logging_mixin.py:190} INFO - [2026-05-04T01:03:46.953+0300] {dagbag.py:588} INFO - Filling up the DagBag from /home/nikita/airflow-setup/ENV/lib/python3.12/site-packages/airflow/example_dags/example_branch_python_dop_operator_3.py
[2026-05-04T01:03:46.961+0300] {processor.py:925} INFO - DAG(s) 'example_branch_dop_operator_v3' retrieved from /home/nikita/airflow-setup/ENV/lib/python3.12/site-packages/airflow/example_dags/example_branch_python_dop_operator_3.py
[2026-05-04T01:03:46.971+0300] {logging_mixin.py:190} INFO - [2026-05-04T01:03:46.971+0300] {dag.py:3239} INFO - Sync 1 DAGs
[2026-05-04T01:03:46.985+0300] {logging_mixin.py:190} INFO - [2026-05-04T01:03:46.985+0300] {dag.py:4180} INFO - Setting next_dagrun for example_branch_dop_operator_v3 to 2026-05-03 22:02:00+00:00, run_after=2026-05-03 22:03:00+00:00
[2026-05-04T01:03:47.002+0300] {processor.py:208} INFO - Processing /home/nikita/airflow-setup/ENV/lib/python3.12/site-packages/airflow/example_dags/example_branch_python_dop_operator_3.py took 0.055 seconds
[2026-05-04T01:04:50.449+0300] {processor.py:186} INFO - Started process (PID=10052) to work on /home/nikita/airflow-setup/ENV/lib/python3.12/site-packages/airflow/example_dags/example_branch_python_dop_operator_3.py
[2026-05-04T01:04:50.458+0300] {processor.py:914} INFO - Processing file /home/nikita/airflow-setup/ENV/lib/python3.12/site-packages/airflow/example_dags/example_branch_python_dop_operator_3.py for tasks to queue
[2026-05-04T01:04:50.459+0300] {logging_mixin.py:190} INFO - [2026-05-04T01:04:50.459+0300] {dagbag.py:588} INFO - Filling up the DagBag from /home/nikita/airflow-setup/ENV/lib/python3.12/site-packages/airflow/example_dags/example_branch_python_dop_operator_3.py
[2026-05-04T01:04:50.468+0300] {processor.py:925} INFO - DAG(s) 'example_branch_dop_operator_v3' retrieved from /home/nikita/airflow-setup/ENV/lib/python3.12/site-packages/airflow/example_dags/example_branch_python_dop_operator_3.py
[2026-05-04T01:04:50.480+0300] {logging_mixin.py:190} INFO - [2026-05-04T01:04:50.479+0300] {dag.py:3239} INFO - Sync 1 DAGs
[2026-05-04T01:04:50.498+0300] {logging_mixin.py:190} INFO - [2026-05-04T01:04:50.497+0300] {dag.py:4180} INFO - Setting next_dagrun for example_branch_dop_operator_v3 to 2026-05-03 22:03:00+00:00, run_after=2026-05-03 22:04:00+00:00
[2026-05-04T01:04:50.516+0300] {processor.py:208} INFO - Processing /home/nikita/airflow-setup/ENV/lib/python3.12/site-packages/airflow/example_dags/example_branch_python_dop_operator_3.py took 0.072 seconds
[2026-05-04T01:05:56.940+0300] {processor.py:186} INFO - Started process (PID=10327) to work on /home/nikita/airflow-setup/ENV/lib/python3.12/site-packages/airflow/example_dags/example_branch_python_dop_operator_3.py
[2026-05-04T01:05:56.950+0300] {processor.py:914} INFO - Processing file /home/nikita/airflow-setup/ENV/lib/python3.12/site-packages/airflow/example_dags/example_branch_python_dop_operator_3.py for tasks to queue
[2026-05-04T01:05:56.951+0300] {logging_mixin.py:190} INFO - [2026-05-04T01:05:56.950+0300] {dagbag.py:588} INFO - Filling up the DagBag from /home/nikita/airflow-setup/ENV/lib/python3.12/site-packages/airflow/example_dags/example_branch_python_dop_operator_3.py
[2026-05-04T01:05:56.960+0300] {processor.py:925} INFO - DAG(s) 'example_branch_dop_operator_v3' retrieved from /home/nikita/airflow-setup/ENV/lib/python3.12/site-packages/airflow/example_dags/example_branch_python_dop_operator_3.py
[2026-05-04T01:05:56.972+0300] {logging_mixin.py:190} INFO - [2026-05-04T01:05:56.971+0300] {dag.py:3239} INFO - Sync 1 DAGs
[2026-05-04T01:05:56.989+0300] {logging_mixin.py:190} INFO - [2026-05-04T01:05:56.989+0300] {dag.py:4180} INFO - Setting next_dagrun for example_branch_dop_operator_v3 to 2026-05-03 22:04:00+00:00, run_after=2026-05-03 22:05:00+00:00
[2026-05-04T01:05:57.007+0300] {processor.py:208} INFO - Processing /home/nikita/airflow-setup/ENV/lib/python3.12/site-packages/airflow/example_dags/example_branch_python_dop_operator_3.py took 0.071 seconds
[2026-05-04T01:07:00.954+0300] {processor.py:186} INFO - Started process (PID=10573) to work on /home/nikita/airflow-setup/ENV/lib/python3.12/site-packages/airflow/example_dags/example_branch_python_dop_operator_3.py
[2026-05-04T01:07:00.966+0300] {processor.py:914} INFO - Processing file /home/nikita/airflow-setup/ENV/lib/python3.12/site-packages/airflow/example_dags/example_branch_python_dop_operator_3.py for tasks to queue
[2026-05-04T01:07:00.968+0300] {logging_mixin.py:190} INFO - [2026-05-04T01:07:00.968+0300] {dagbag.py:588} INFO - Filling up the DagBag from /home/nikita/airflow-setup/ENV/lib/python3.12/site-packages/airflow/example_dags/example_branch_python_dop_operator_3.py
[2026-05-04T01:07:00.982+0300] {processor.py:925} INFO - DAG(s) 'example_branch_dop_operator_v3' retrieved from /home/nikita/airflow-setup/ENV/lib/python3.12/site-packages/airflow/example_dags/example_branch_python_dop_operator_3.py
[2026-05-04T01:07:00.998+0300] {logging_mixin.py:190} INFO - [2026-05-04T01:07:00.998+0300] {dag.py:3239} INFO - Sync 1 DAGs
[2026-05-04T01:07:01.020+0300] {logging_mixin.py:190} INFO - [2026-05-04T01:07:01.020+0300] {dag.py:4180} INFO - Setting next_dagrun for example_branch_dop_operator_v3 to 2026-05-03 22:06:00+00:00, run_after=2026-05-03 22:07:00+00:00
[2026-05-04T01:07:01.043+0300] {processor.py:208} INFO - Processing /home/nikita/airflow-setup/ENV/lib/python3.12/site-packages/airflow/example_dags/example_branch_python_dop_operator_3.py took 0.099 seconds
[2026-05-04T01:08:09.720+0300] {processor.py:186} INFO - Started process (PID=10837) to work on /home/nikita/airflow-setup/ENV/lib/python3.12/site-packages/airflow/example_dags/example_branch_python_dop_operator_3.py
[2026-05-04T01:08:09.723+0300] {processor.py:914} INFO - Processing file /home/nikita/airflow-setup/ENV/lib/python3.12/site-packages/airflow/example_dags/example_branch_python_dop_operator_3.py for tasks to queue
[2026-05-04T01:08:09.724+0300] {logging_mixin.py:190} INFO - [2026-05-04T01:08:09.723+0300] {dagbag.py:588} INFO - Filling up the DagBag from /home/nikita/airflow-setup/ENV/lib/python3.12/site-packages/airflow/example_dags/example_branch_python_dop_operator_3.py
[2026-05-04T01:08:09.732+0300] {processor.py:925} INFO - DAG(s) 'example_branch_dop_operator_v3' retrieved from /home/nikita/airflow-setup/ENV/lib/python3.12/site-packages/airflow/example_dags/example_branch_python_dop_operator_3.py
[2026-05-04T01:08:09.744+0300] {logging_mixin.py:190} INFO - [2026-05-04T01:08:09.743+0300] {dag.py:3239} INFO - Sync 1 DAGs
[2026-05-04T01:08:09.771+0300] {logging_mixin.py:190} INFO - [2026-05-04T01:08:09.770+0300] {dag.py:4180} INFO - Setting next_dagrun for example_branch_dop_operator_v3 to 2026-05-03 22:07:00+00:00, run_after=2026-05-03 22:08:00+00:00
[2026-05-04T01:08:09.796+0300] {processor.py:208} INFO - Processing /home/nikita/airflow-setup/ENV/lib/python3.12/site-packages/airflow/example_dags/example_branch_python_dop_operator_3.py took 0.080 seconds
[2026-05-04T01:09:15.621+0300] {processor.py:186} INFO - Started process (PID=11986) to work on /home/nikita/airflow-setup/ENV/lib/python3.12/site-packages/airflow/example_dags/example_branch_python_dop_operator_3.py
[2026-05-04T01:09:15.629+0300] {processor.py:914} INFO - Processing file /home/nikita/airflow-setup/ENV/lib/python3.12/site-packages/airflow/example_dags/example_branch_python_dop_operator_3.py for tasks to queue
[2026-05-04T01:09:15.630+0300] {logging_mixin.py:190} INFO - [2026-05-04T01:09:15.630+0300] {dagbag.py:588} INFO - Filling up the DagBag from /home/nikita/airflow-setup/ENV/lib/python3.12/site-packages/airflow/example_dags/example_branch_python_dop_operator_3.py
[2026-05-04T01:09:15.640+0300] {processor.py:925} INFO - DAG(s) 'example_branch_dop_operator_v3' retrieved from /home/nikita/airflow-setup/ENV/lib/python3.12/site-packages/airflow/example_dags/example_branch_python_dop_operator_3.py
[2026-05-04T01:09:15.652+0300] {logging_mixin.py:190} INFO - [2026-05-04T01:09:15.652+0300] {dag.py:3239} INFO - Sync 1 DAGs
[2026-05-04T01:09:15.669+0300] {logging_mixin.py:190} INFO - [2026-05-04T01:09:15.669+0300] {dag.py:4180} INFO - Setting next_dagrun for example_branch_dop_operator_v3 to 2026-05-03 22:08:00+00:00, run_after=2026-05-03 22:09:00+00:00
[2026-05-04T01:09:15.686+0300] {processor.py:208} INFO - Processing /home/nikita/airflow-setup/ENV/lib/python3.12/site-packages/airflow/example_dags/example_branch_python_dop_operator_3.py took 0.070 seconds
[2026-05-04T01:10:27.358+0300] {processor.py:186} INFO - Started process (PID=12298) to work on /home/nikita/airflow-setup/ENV/lib/python3.12/site-packages/airflow/example_dags/example_branch_python_dop_operator_3.py
[2026-05-04T01:10:27.368+0300] {processor.py:914} INFO - Processing file /home/nikita/airflow-setup/ENV/lib/python3.12/site-packages/airflow/example_dags/example_branch_python_dop_operator_3.py for tasks to queue
[2026-05-04T01:10:27.369+0300] {logging_mixin.py:190} INFO - [2026-05-04T01:10:27.369+0300] {dagbag.py:588} INFO - Filling up the DagBag from /home/nikita/airflow-setup/ENV/lib/python3.12/site-packages/airflow/example_dags/example_branch_python_dop_operator_3.py
[2026-05-04T01:10:27.378+0300] {processor.py:925} INFO - DAG(s) 'example_branch_dop_operator_v3' retrieved from /home/nikita/airflow-setup/ENV/lib/python3.12/site-packages/airflow/example_dags/example_branch_python_dop_operator_3.py
[2026-05-04T01:10:27.390+0300] {logging_mixin.py:190} INFO - [2026-05-04T01:10:27.390+0300] {dag.py:3239} INFO - Sync 1 DAGs
[2026-05-04T01:10:27.406+0300] {logging_mixin.py:190} INFO - [2026-05-04T01:10:27.406+0300] {dag.py:4180} INFO - Setting next_dagrun for example_branch_dop_operator_v3 to 2026-05-03 22:09:00+00:00, run_after=2026-05-03 22:10:00+00:00
[2026-05-04T01:10:27.423+0300] {processor.py:208} INFO - Processing /home/nikita/airflow-setup/ENV/lib/python3.12/site-packages/airflow/example_dags/example_branch_python_dop_operator_3.py took 0.069 seconds
[2026-05-04T01:11:34.637+0300] {processor.py:186} INFO - Started process (PID=12552) to work on /home/nikita/airflow-setup/ENV/lib/python3.12/site-packages/airflow/example_dags/example_branch_python_dop_operator_3.py
[2026-05-04T01:11:34.645+0300] {processor.py:914} INFO - Processing file /home/nikita/airflow-setup/ENV/lib/python3.12/site-packages/airflow/example_dags/example_branch_python_dop_operator_3.py for tasks to queue
[2026-05-04T01:11:34.646+0300] {logging_mixin.py:190} INFO - [2026-05-04T01:11:34.646+0300] {dagbag.py:588} INFO - Filling up the DagBag from /home/nikita/airflow-setup/ENV/lib/python3.12/site-packages/airflow/example_dags/example_branch_python_dop_operator_3.py
[2026-05-04T01:11:34.655+0300] {processor.py:925} INFO - DAG(s) 'example_branch_dop_operator_v3' retrieved from /home/nikita/airflow-setup/ENV/lib/python3.12/site-packages/airflow/example_dags/example_branch_python_dop_operator_3.py
[2026-05-04T01:11:34.666+0300] {logging_mixin.py:190} INFO - [2026-05-04T01:11:34.666+0300] {dag.py:3239} INFO - Sync 1 DAGs
[2026-05-04T01:11:34.683+0300] {logging_mixin.py:190} INFO - [2026-05-04T01:11:34.683+0300] {dag.py:4180} INFO - Setting next_dagrun for example_branch_dop_operator_v3 to 2026-05-03 22:10:00+00:00, run_after=2026-05-03 22:11:00+00:00
[2026-05-04T01:11:34.699+0300] {processor.py:208} INFO - Processing /home/nikita/airflow-setup/ENV/lib/python3.12/site-packages/airflow/example_dags/example_branch_python_dop_operator_3.py took 0.066 seconds
[2026-05-04T01:12:35.790+0300] {processor.py:186} INFO - Started process (PID=12788) to work on /home/nikita/airflow-setup/ENV/lib/python3.12/site-packages/airflow/example_dags/example_branch_python_dop_operator_3.py
[2026-05-04T01:12:35.791+0300] {processor.py:914} INFO - Processing file /home/nikita/airflow-setup/ENV/lib/python3.12/site-packages/airflow/example_dags/example_branch_python_dop_operator_3.py for tasks to queue
[2026-05-04T01:12:35.792+0300] {logging_mixin.py:190} INFO - [2026-05-04T01:12:35.792+0300] {dagbag.py:588} INFO - Filling up the DagBag from /home/nikita/airflow-setup/ENV/lib/python3.12/site-packages/airflow/example_dags/example_branch_python_dop_operator_3.py
[2026-05-04T01:12:35.801+0300] {processor.py:925} INFO - DAG(s) 'example_branch_dop_operator_v3' retrieved from /home/nikita/airflow-setup/ENV/lib/python3.12/site-packages/airflow/example_dags/example_branch_python_dop_operator_3.py
[2026-05-04T01:12:35.812+0300] {logging_mixin.py:190} INFO - [2026-05-04T01:12:35.812+0300] {dag.py:3239} INFO - Sync 1 DAGs
[2026-05-04T01:12:35.828+0300] {logging_mixin.py:190} INFO - [2026-05-04T01:12:35.828+0300] {dag.py:4180} INFO - Setting next_dagrun for example_branch_dop_operator_v3 to 2026-05-03 22:11:00+00:00, run_after=2026-05-03 22:12:00+00:00
[2026-05-04T01:12:35.846+0300] {processor.py:208} INFO - Processing /home/nikita/airflow-setup/ENV/lib/python3.12/site-packages/airflow/example_dags/example_branch_python_dop_operator_3.py took 0.061 seconds
[2026-05-04T01:13:37.107+0300] {processor.py:186} INFO - Started process (PID=13326) to work on /home/nikita/airflow-setup/ENV/lib/python3.12/site-packages/airflow/example_dags/example_branch_python_dop_operator_3.py
[2026-05-04T01:13:37.116+0300] {processor.py:914} INFO - Processing file /home/nikita/airflow-setup/ENV/lib/python3.12/site-packages/airflow/example_dags/example_branch_python_dop_operator_3.py for tasks to queue
[2026-05-04T01:13:37.117+0300] {logging_mixin.py:190} INFO - [2026-05-04T01:13:37.117+0300] {dagbag.py:588} INFO - Filling up the DagBag from /home/nikita/airflow-setup/ENV/lib/python3.12/site-packages/airflow/example_dags/example_branch_python_dop_operator_3.py
[2026-05-04T01:13:37.125+0300] {processor.py:925} INFO - DAG(s) 'example_branch_dop_operator_v3' retrieved from /home/nikita/airflow-setup/ENV/lib/python3.12/site-packages/airflow/example_dags/example_branch_python_dop_operator_3.py
[2026-05-04T01:13:37.136+0300] {logging_mixin.py:190} INFO - [2026-05-04T01:13:37.135+0300] {dag.py:3239} INFO - Sync 1 DAGs
[2026-05-04T01:13:37.150+0300] {logging_mixin.py:190} INFO - [2026-05-04T01:13:37.150+0300] {dag.py:4180} INFO - Setting next_dagrun for example_branch_dop_operator_v3 to 2026-05-03 22:12:00+00:00, run_after=2026-05-03 22:13:00+00:00
[2026-05-04T01:13:37.167+0300] {processor.py:208} INFO - Processing /home/nikita/airflow-setup/ENV/lib/python3.12/site-packages/airflow/example_dags/example_branch_python_dop_operator_3.py took 0.064 seconds
[2026-05-04T01:14:43.361+0300] {processor.py:186} INFO - Started process (PID=14336) to work on /home/nikita/airflow-setup/ENV/lib/python3.12/site-packages/airflow/example_dags/example_branch_python_dop_operator_3.py
[2026-05-04T01:14:43.370+0300] {processor.py:914} INFO - Processing file /home/nikita/airflow-setup/ENV/lib/python3.12/site-packages/airflow/example_dags/example_branch_python_dop_operator_3.py for tasks to queue
[2026-05-04T01:14:43.371+0300] {logging_mixin.py:190} INFO - [2026-05-04T01:14:43.371+0300] {dagbag.py:588} INFO - Filling up the DagBag from /home/nikita/airflow-setup/ENV/lib/python3.12/site-packages/airflow/example_dags/example_branch_python_dop_operator_3.py
[2026-05-04T01:14:43.379+0300] {processor.py:925} INFO - DAG(s) 'example_branch_dop_operator_v3' retrieved from /home/nikita/airflow-setup/ENV/lib/python3.12/site-packages/airflow/example_dags/example_branch_python_dop_operator_3.py
[2026-05-04T01:14:43.389+0300] {logging_mixin.py:190} INFO - [2026-05-04T01:14:43.389+0300] {dag.py:3239} INFO - Sync 1 DAGs
[2026-05-04T01:14:43.403+0300] {logging_mixin.py:190} INFO - [2026-05-04T01:14:43.403+0300] {dag.py:4180} INFO - Setting next_dagrun for example_branch_dop_operator_v3 to 2026-05-03 22:13:00+00:00, run_after=2026-05-03 22:14:00+00:00
[2026-05-04T01:14:43.420+0300] {processor.py:208} INFO - Processing /home/nikita/airflow-setup/ENV/lib/python3.12/site-packages/airflow/example_dags/example_branch_python_dop_operator_3.py took 0.063 seconds
[2026-05-04T01:15:50.951+0300] {processor.py:186} INFO - Started process (PID=14749) to work on /home/nikita/airflow-setup/ENV/lib/python3.12/site-packages/airflow/example_dags/example_branch_python_dop_operator_3.py
[2026-05-04T01:15:50.952+0300] {processor.py:914} INFO - Processing file /home/nikita/airflow-setup/ENV/lib/python3.12/site-packages/airflow/example_dags/example_branch_python_dop_operator_3.py for tasks to queue
[2026-05-04T01:15:50.954+0300] {logging_mixin.py:190} INFO - [2026-05-04T01:15:50.954+0300] {dagbag.py:588} INFO - Filling up the DagBag from /home/nikita/airflow-setup/ENV/lib/python3.12/site-packages/airflow/example_dags/example_branch_python_dop_operator_3.py
[2026-05-04T01:15:50.967+0300] {processor.py:925} INFO - DAG(s) 'example_branch_dop_operator_v3' retrieved from /home/nikita/airflow-setup/ENV/lib/python3.12/site-packages/airflow/example_dags/example_branch_python_dop_operator_3.py
[2026-05-04T01:15:50.987+0300] {logging_mixin.py:190} INFO - [2026-05-04T01:15:50.986+0300] {dag.py:3239} INFO - Sync 1 DAGs
[2026-05-04T01:15:51.019+0300] {logging_mixin.py:190} INFO - [2026-05-04T01:15:51.018+0300] {dag.py:4180} INFO - Setting next_dagrun for example_branch_dop_operator_v3 to 2026-05-03 22:14:00+00:00, run_after=2026-05-03 22:15:00+00:00
[2026-05-04T01:15:51.051+0300] {processor.py:208} INFO - Processing /home/nikita/airflow-setup/ENV/lib/python3.12/site-packages/airflow/example_dags/example_branch_python_dop_operator_3.py took 0.106 seconds
[2026-05-04T01:17:00.140+0300] {processor.py:186} INFO - Started process (PID=15817) to work on /home/nikita/airflow-setup/ENV/lib/python3.12/site-packages/airflow/example_dags/example_branch_python_dop_operator_3.py
[2026-05-04T01:17:00.149+0300] {processor.py:914} INFO - Processing file /home/nikita/airflow-setup/ENV/lib/python3.12/site-packages/airflow/example_dags/example_branch_python_dop_operator_3.py for tasks to queue
[2026-05-04T01:17:00.152+0300] {logging_mixin.py:190} INFO - [2026-05-04T01:17:00.151+0300] {dagbag.py:588} INFO - Filling up the DagBag from /home/nikita/airflow-setup/ENV/lib/python3.12/site-packages/airflow/example_dags/example_branch_python_dop_operator_3.py
[2026-05-04T01:17:00.169+0300] {processor.py:925} INFO - DAG(s) 'example_branch_dop_operator_v3' retrieved from /home/nikita/airflow-setup/ENV/lib/python3.12/site-packages/airflow/example_dags/example_branch_python_dop_operator_3.py
[2026-05-04T01:17:00.191+0300] {logging_mixin.py:190} INFO - [2026-05-04T01:17:00.190+0300] {dag.py:3239} INFO - Sync 1 DAGs
[2026-05-04T01:17:00.220+0300] {logging_mixin.py:190} INFO - [2026-05-04T01:17:00.219+0300] {dag.py:4180} INFO - Setting next_dagrun for example_branch_dop_operator_v3 to 2026-05-03 22:16:00+00:00, run_after=2026-05-03 22:17:00+00:00
[2026-05-04T01:17:00.261+0300] {processor.py:208} INFO - Processing /home/nikita/airflow-setup/ENV/lib/python3.12/site-packages/airflow/example_dags/example_branch_python_dop_operator_3.py took 0.130 seconds
[2026-05-04T01:18:07.891+0300] {processor.py:186} INFO - Started process (PID=16077) to work on /home/nikita/airflow-setup/ENV/lib/python3.12/site-packages/airflow/example_dags/example_branch_python_dop_operator_3.py
[2026-05-04T01:18:07.902+0300] {processor.py:914} INFO - Processing file /home/nikita/airflow-setup/ENV/lib/python3.12/site-packages/airflow/example_dags/example_branch_python_dop_operator_3.py for tasks to queue
[2026-05-04T01:18:07.904+0300] {logging_mixin.py:190} INFO - [2026-05-04T01:18:07.903+0300] {dagbag.py:588} INFO - Filling up the DagBag from /home/nikita/airflow-setup/ENV/lib/python3.12/site-packages/airflow/example_dags/example_branch_python_dop_operator_3.py
[2026-05-04T01:18:07.920+0300] {processor.py:925} INFO - DAG(s) 'example_branch_dop_operator_v3' retrieved from /home/nikita/airflow-setup/ENV/lib/python3.12/site-packages/airflow/example_dags/example_branch_python_dop_operator_3.py
[2026-05-04T01:18:07.941+0300] {logging_mixin.py:190} INFO - [2026-05-04T01:18:07.940+0300] {dag.py:3239} INFO - Sync 1 DAGs
[2026-05-04T01:18:07.971+0300] {logging_mixin.py:190} INFO - [2026-05-04T01:18:07.971+0300] {dag.py:4180} INFO - Setting next_dagrun for example_branch_dop_operator_v3 to 2026-05-03 22:17:00+00:00, run_after=2026-05-03 22:18:00+00:00
[2026-05-04T01:18:08.013+0300] {processor.py:208} INFO - Processing /home/nikita/airflow-setup/ENV/lib/python3.12/site-packages/airflow/example_dags/example_branch_python_dop_operator_3.py took 0.130 seconds
[2026-05-04T01:19:17.447+0300] {processor.py:186} INFO - Started process (PID=16337) to work on /home/nikita/airflow-setup/ENV/lib/python3.12/site-packages/airflow/example_dags/example_branch_python_dop_operator_3.py
[2026-05-04T01:19:17.448+0300] {processor.py:914} INFO - Processing file /home/nikita/airflow-setup/ENV/lib/python3.12/site-packages/airflow/example_dags/example_branch_python_dop_operator_3.py for tasks to queue
[2026-05-04T01:19:17.449+0300] {logging_mixin.py:190} INFO - [2026-05-04T01:19:17.449+0300] {dagbag.py:588} INFO - Filling up the DagBag from /home/nikita/airflow-setup/ENV/lib/python3.12/site-packages/airflow/example_dags/example_branch_python_dop_operator_3.py
[2026-05-04T01:19:17.458+0300] {processor.py:925} INFO - DAG(s) 'example_branch_dop_operator_v3' retrieved from /home/nikita/airflow-setup/ENV/lib/python3.12/site-packages/airflow/example_dags/example_branch_python_dop_operator_3.py
[2026-05-04T01:19:17.471+0300] {logging_mixin.py:190} INFO - [2026-05-04T01:19:17.470+0300] {dag.py:3239} INFO - Sync 1 DAGs
[2026-05-04T01:19:17.489+0300] {logging_mixin.py:190} INFO - [2026-05-04T01:19:17.489+0300] {dag.py:4180} INFO - Setting next_dagrun for example_branch_dop_operator_v3 to 2026-05-03 22:18:00+00:00, run_after=2026-05-03 22:19:00+00:00
[2026-05-04T01:19:17.506+0300] {processor.py:208} INFO - Processing /home/nikita/airflow-setup/ENV/lib/python3.12/site-packages/airflow/example_dags/example_branch_python_dop_operator_3.py took 0.064 seconds
[2026-05-04T01:20:20.284+0300] {processor.py:186} INFO - Started process (PID=16587) to work on /home/nikita/airflow-setup/ENV/lib/python3.12/site-packages/airflow/example_dags/example_branch_python_dop_operator_3.py
[2026-05-04T01:20:20.286+0300] {processor.py:914} INFO - Processing file /home/nikita/airflow-setup/ENV/lib/python3.12/site-packages/airflow/example_dags/example_branch_python_dop_operator_3.py for tasks to queue
[2026-05-04T01:20:20.287+0300] {logging_mixin.py:190} INFO - [2026-05-04T01:20:20.287+0300] {dagbag.py:588} INFO - Filling up the DagBag from /home/nikita/airflow-setup/ENV/lib/python3.12/site-packages/airflow/example_dags/example_branch_python_dop_operator_3.py
[2026-05-04T01:20:20.297+0300] {processor.py:925} INFO - DAG(s) 'example_branch_dop_operator_v3' retrieved from /home/nikita/airflow-setup/ENV/lib/python3.12/site-packages/airflow/example_dags/example_branch_python_dop_operator_3.py
[2026-05-04T01:20:20.311+0300] {logging_mixin.py:190} INFO - [2026-05-04T01:20:20.310+0300] {dag.py:3239} INFO - Sync 1 DAGs
[2026-05-04T01:20:20.328+0300] {logging_mixin.py:190} INFO - [2026-05-04T01:20:20.328+0300] {dag.py:4180} INFO - Setting next_dagrun for example_branch_dop_operator_v3 to 2026-05-03 22:19:00+00:00, run_after=2026-05-03 22:20:00+00:00
[2026-05-04T01:20:20.345+0300] {processor.py:208} INFO - Processing /home/nikita/airflow-setup/ENV/lib/python3.12/site-packages/airflow/example_dags/example_branch_python_dop_operator_3.py took 0.066 seconds
[2026-05-04T01:21:27.522+0300] {processor.py:186} INFO - Started process (PID=16845) to work on /home/nikita/airflow-setup/ENV/lib/python3.12/site-packages/airflow/example_dags/example_branch_python_dop_operator_3.py
[2026-05-04T01:21:27.523+0300] {processor.py:914} INFO - Processing file /home/nikita/airflow-setup/ENV/lib/python3.12/site-packages/airflow/example_dags/example_branch_python_dop_operator_3.py for tasks to queue
[2026-05-04T01:21:27.524+0300] {logging_mixin.py:190} INFO - [2026-05-04T01:21:27.524+0300] {dagbag.py:588} INFO - Filling up the DagBag from /home/nikita/airflow-setup/ENV/lib/python3.12/site-packages/airflow/example_dags/example_branch_python_dop_operator_3.py
[2026-05-04T01:21:27.533+0300] {processor.py:925} INFO - DAG(s) 'example_branch_dop_operator_v3' retrieved from /home/nikita/airflow-setup/ENV/lib/python3.12/site-packages/airflow/example_dags/example_branch_python_dop_operator_3.py
[2026-05-04T01:21:27.549+0300] {logging_mixin.py:190} INFO - [2026-05-04T01:21:27.549+0300] {dag.py:3239} INFO - Sync 1 DAGs
[2026-05-04T01:21:27.570+0300] {logging_mixin.py:190} INFO - [2026-05-04T01:21:27.570+0300] {dag.py:4180} INFO - Setting next_dagrun for example_branch_dop_operator_v3 to 2026-05-03 22:20:00+00:00, run_after=2026-05-03 22:21:00+00:00
[2026-05-04T01:21:27.590+0300] {processor.py:208} INFO - Processing /home/nikita/airflow-setup/ENV/lib/python3.12/site-packages/airflow/example_dags/example_branch_python_dop_operator_3.py took 0.072 seconds
[2026-05-04T01:22:39.140+0300] {processor.py:186} INFO - Started process (PID=17117) to work on /home/nikita/airflow-setup/ENV/lib/python3.12/site-packages/airflow/example_dags/example_branch_python_dop_operator_3.py
[2026-05-04T01:22:39.142+0300] {processor.py:914} INFO - Processing file /home/nikita/airflow-setup/ENV/lib/python3.12/site-packages/airflow/example_dags/example_branch_python_dop_operator_3.py for tasks to queue
[2026-05-04T01:22:39.143+0300] {logging_mixin.py:190} INFO - [2026-05-04T01:22:39.143+0300] {dagbag.py:588} INFO - Filling up the DagBag from /home/nikita/airflow-setup/ENV/lib/python3.12/site-packages/airflow/example_dags/example_branch_python_dop_operator_3.py
[2026-05-04T01:22:39.152+0300] {processor.py:925} INFO - DAG(s) 'example_branch_dop_operator_v3' retrieved from /home/nikita/airflow-setup/ENV/lib/python3.12/site-packages/airflow/example_dags/example_branch_python_dop_operator_3.py
[2026-05-04T01:22:39.165+0300] {logging_mixin.py:190} INFO - [2026-05-04T01:22:39.165+0300] {dag.py:3239} INFO - Sync 1 DAGs
[2026-05-04T01:22:39.182+0300] {logging_mixin.py:190} INFO - [2026-05-04T01:22:39.181+0300] {dag.py:4180} INFO - Setting next_dagrun for example_branch_dop_operator_v3 to 2026-05-03 22:21:00+00:00, run_after=2026-05-03 22:22:00+00:00
[2026-05-04T01:22:39.198+0300] {processor.py:208} INFO - Processing /home/nikita/airflow-setup/ENV/lib/python3.12/site-packages/airflow/example_dags/example_branch_python_dop_operator_3.py took 0.062 seconds
[2026-05-04T01:23:47.261+0300] {processor.py:186} INFO - Started process (PID=17375) to work on /home/nikita/airflow-setup/ENV/lib/python3.12/site-packages/airflow/example_dags/example_branch_python_dop_operator_3.py
[2026-05-04T01:23:47.270+0300] {processor.py:914} INFO - Processing file /home/nikita/airflow-setup/ENV/lib/python3.12/site-packages/airflow/example_dags/example_branch_python_dop_operator_3.py for tasks to queue
[2026-05-04T01:23:47.271+0300] {logging_mixin.py:190} INFO - [2026-05-04T01:23:47.270+0300] {dagbag.py:588} INFO - Filling up the DagBag from /home/nikita/airflow-setup/ENV/lib/python3.12/site-packages/airflow/example_dags/example_branch_python_dop_operator_3.py
[2026-05-04T01:23:47.281+0300] {processor.py:925} INFO - DAG(s) 'example_branch_dop_operator_v3' retrieved from /home/nikita/airflow-setup/ENV/lib/python3.12/site-packages/airflow/example_dags/example_branch_python_dop_operator_3.py
[2026-05-04T01:23:47.293+0300] {logging_mixin.py:190} INFO - [2026-05-04T01:23:47.293+0300] {dag.py:3239} INFO - Sync 1 DAGs
[2026-05-04T01:23:47.312+0300] {logging_mixin.py:190} INFO - [2026-05-04T01:23:47.311+0300] {dag.py:4180} INFO - Setting next_dagrun for example_branch_dop_operator_v3 to 2026-05-03 22:22:00+00:00, run_after=2026-05-03 22:23:00+00:00
[2026-05-04T01:23:47.331+0300] {processor.py:208} INFO - Processing /home/nikita/airflow-setup/ENV/lib/python3.12/site-packages/airflow/example_dags/example_branch_python_dop_operator_3.py took 0.075 seconds
[2026-05-04T01:24:54.214+0300] {processor.py:186} INFO - Started process (PID=17940) to work on /home/nikita/airflow-setup/ENV/lib/python3.12/site-packages/airflow/example_dags/example_branch_python_dop_operator_3.py
[2026-05-04T01:24:54.222+0300] {processor.py:914} INFO - Processing file /home/nikita/airflow-setup/ENV/lib/python3.12/site-packages/airflow/example_dags/example_branch_python_dop_operator_3.py for tasks to queue
[2026-05-04T01:24:54.224+0300] {logging_mixin.py:190} INFO - [2026-05-04T01:24:54.223+0300] {dagbag.py:588} INFO - Filling up the DagBag from /home/nikita/airflow-setup/ENV/lib/python3.12/site-packages/airflow/example_dags/example_branch_python_dop_operator_3.py
[2026-05-04T01:24:54.232+0300] {processor.py:925} INFO - DAG(s) 'example_branch_dop_operator_v3' retrieved from /home/nikita/airflow-setup/ENV/lib/python3.12/site-packages/airflow/example_dags/example_branch_python_dop_operator_3.py
[2026-05-04T01:24:54.246+0300] {logging_mixin.py:190} INFO - [2026-05-04T01:24:54.246+0300] {dag.py:3239} INFO - Sync 1 DAGs
[2026-05-04T01:24:54.460+0300] {logging_mixin.py:190} INFO - [2026-05-04T01:24:54.460+0300] {dag.py:4180} INFO - Setting next_dagrun for example_branch_dop_operator_v3 to 2026-05-03 22:23:00+00:00, run_after=2026-05-03 22:24:00+00:00
[2026-05-04T01:24:54.484+0300] {processor.py:208} INFO - Processing /home/nikita/airflow-setup/ENV/lib/python3.12/site-packages/airflow/example_dags/example_branch_python_dop_operator_3.py took 0.275 seconds
[2026-05-04T01:26:04.567+0300] {processor.py:186} INFO - Started process (PID=18568) to work on /home/nikita/airflow-setup/ENV/lib/python3.12/site-packages/airflow/example_dags/example_branch_python_dop_operator_3.py
[2026-05-04T01:26:04.569+0300] {processor.py:914} INFO - Processing file /home/nikita/airflow-setup/ENV/lib/python3.12/site-packages/airflow/example_dags/example_branch_python_dop_operator_3.py for tasks to queue
[2026-05-04T01:26:04.570+0300] {logging_mixin.py:190} INFO - [2026-05-04T01:26:04.570+0300] {dagbag.py:588} INFO - Filling up the DagBag from /home/nikita/airflow-setup/ENV/lib/python3.12/site-packages/airflow/example_dags/example_branch_python_dop_operator_3.py
[2026-05-04T01:26:04.583+0300] {processor.py:925} INFO - DAG(s) 'example_branch_dop_operator_v3' retrieved from /home/nikita/airflow-setup/ENV/lib/python3.12/site-packages/airflow/example_dags/example_branch_python_dop_operator_3.py
[2026-05-04T01:26:04.600+0300] {logging_mixin.py:190} INFO - [2026-05-04T01:26:04.599+0300] {dag.py:3239} INFO - Sync 1 DAGs
[2026-05-04T01:26:04.623+0300] {logging_mixin.py:190} INFO - [2026-05-04T01:26:04.623+0300] {dag.py:4180} INFO - Setting next_dagrun for example_branch_dop_operator_v3 to 2026-05-03 22:25:00+00:00, run_after=2026-05-03 22:26:00+00:00
[2026-05-04T01:26:04.799+0300] {processor.py:208} INFO - Processing /home/nikita/airflow-setup/ENV/lib/python3.12/site-packages/airflow/example_dags/example_branch_python_dop_operator_3.py took 0.241 seconds
[2026-05-04T01:27:15.620+0300] {processor.py:186} INFO - Started process (PID=19499) to work on /home/nikita/airflow-setup/ENV/lib/python3.12/site-packages/airflow/example_dags/example_branch_python_dop_operator_3.py
[2026-05-04T01:27:15.630+0300] {processor.py:914} INFO - Processing file /home/nikita/airflow-setup/ENV/lib/python3.12/site-packages/airflow/example_dags/example_branch_python_dop_operator_3.py for tasks to queue
[2026-05-04T01:27:15.632+0300] {logging_mixin.py:190} INFO - [2026-05-04T01:27:15.631+0300] {dagbag.py:588} INFO - Filling up the DagBag from /home/nikita/airflow-setup/ENV/lib/python3.12/site-packages/airflow/example_dags/example_branch_python_dop_operator_3.py
[2026-05-04T01:27:15.646+0300] {processor.py:925} INFO - DAG(s) 'example_branch_dop_operator_v3' retrieved from /home/nikita/airflow-setup/ENV/lib/python3.12/site-packages/airflow/example_dags/example_branch_python_dop_operator_3.py
[2026-05-04T01:27:15.672+0300] {logging_mixin.py:190} INFO - [2026-05-04T01:27:15.672+0300] {dag.py:3239} INFO - Sync 1 DAGs
[2026-05-04T01:27:15.701+0300] {logging_mixin.py:190} INFO - [2026-05-04T01:27:15.700+0300] {dag.py:4180} INFO - Setting next_dagrun for example_branch_dop_operator_v3 to 2026-05-03 22:26:00+00:00, run_after=2026-05-03 22:27:00+00:00
[2026-05-04T01:27:15.728+0300] {processor.py:208} INFO - Processing /home/nikita/airflow-setup/ENV/lib/python3.12/site-packages/airflow/example_dags/example_branch_python_dop_operator_3.py took 0.115 seconds
[2026-05-04T01:28:28.067+0300] {processor.py:186} INFO - Started process (PID=19776) to work on /home/nikita/airflow-setup/ENV/lib/python3.12/site-packages/airflow/example_dags/example_branch_python_dop_operator_3.py
[2026-05-04T01:28:28.075+0300] {processor.py:914} INFO - Processing file /home/nikita/airflow-setup/ENV/lib/python3.12/site-packages/airflow/example_dags/example_branch_python_dop_operator_3.py for tasks to queue
[2026-05-04T01:28:28.077+0300] {logging_mixin.py:190} INFO - [2026-05-04T01:28:28.076+0300] {dagbag.py:588} INFO - Filling up the DagBag from /home/nikita/airflow-setup/ENV/lib/python3.12/site-packages/airflow/example_dags/example_branch_python_dop_operator_3.py
[2026-05-04T01:28:28.086+0300] {processor.py:925} INFO - DAG(s) 'example_branch_dop_operator_v3' retrieved from /home/nikita/airflow-setup/ENV/lib/python3.12/site-packages/airflow/example_dags/example_branch_python_dop_operator_3.py
[2026-05-04T01:28:28.099+0300] {logging_mixin.py:190} INFO - [2026-05-04T01:28:28.099+0300] {dag.py:3239} INFO - Sync 1 DAGs
[2026-05-04T01:28:28.116+0300] {logging_mixin.py:190} INFO - [2026-05-04T01:28:28.116+0300] {dag.py:4180} INFO - Setting next_dagrun for example_branch_dop_operator_v3 to 2026-05-03 22:27:00+00:00, run_after=2026-05-03 22:28:00+00:00
[2026-05-04T01:28:28.132+0300] {processor.py:208} INFO - Processing /home/nikita/airflow-setup/ENV/lib/python3.12/site-packages/airflow/example_dags/example_branch_python_dop_operator_3.py took 0.070 seconds
[2026-05-04T01:29:36.572+0300] {processor.py:186} INFO - Started process (PID=20038) to work on /home/nikita/airflow-setup/ENV/lib/python3.12/site-packages/airflow/example_dags/example_branch_python_dop_operator_3.py
[2026-05-04T01:29:36.581+0300] {processor.py:914} INFO - Processing file /home/nikita/airflow-setup/ENV/lib/python3.12/site-packages/airflow/example_dags/example_branch_python_dop_operator_3.py for tasks to queue
[2026-05-04T01:29:36.582+0300] {logging_mixin.py:190} INFO - [2026-05-04T01:29:36.581+0300] {dagbag.py:588} INFO - Filling up the DagBag from /home/nikita/airflow-setup/ENV/lib/python3.12/site-packages/airflow/example_dags/example_branch_python_dop_operator_3.py
[2026-05-04T01:29:36.591+0300] {processor.py:925} INFO - DAG(s) 'example_branch_dop_operator_v3' retrieved from /home/nikita/airflow-setup/ENV/lib/python3.12/site-packages/airflow/example_dags/example_branch_python_dop_operator_3.py
[2026-05-04T01:29:36.602+0300] {logging_mixin.py:190} INFO - [2026-05-04T01:29:36.602+0300] {dag.py:3239} INFO - Sync 1 DAGs
[2026-05-04T01:29:36.720+0300] {logging_mixin.py:190} INFO - [2026-05-04T01:29:36.720+0300] {dag.py:4180} INFO - Setting next_dagrun for example_branch_dop_operator_v3 to 2026-05-03 22:28:00+00:00, run_after=2026-05-03 22:29:00+00:00
[2026-05-04T01:29:36.736+0300] {processor.py:208} INFO - Processing /home/nikita/airflow-setup/ENV/lib/python3.12/site-packages/airflow/example_dags/example_branch_python_dop_operator_3.py took 0.170 seconds
[2026-05-04T01:30:49.286+0300] {processor.py:186} INFO - Started process (PID=20309) to work on /home/nikita/airflow-setup/ENV/lib/python3.12/site-packages/airflow/example_dags/example_branch_python_dop_operator_3.py
[2026-05-04T01:30:49.288+0300] {processor.py:914} INFO - Processing file /home/nikita/airflow-setup/ENV/lib/python3.12/site-packages/airflow/example_dags/example_branch_python_dop_operator_3.py for tasks to queue
[2026-05-04T01:30:49.289+0300] {logging_mixin.py:190} INFO - [2026-05-04T01:30:49.288+0300] {dagbag.py:588} INFO - Filling up the DagBag from /home/nikita/airflow-setup/ENV/lib/python3.12/site-packages/airflow/example_dags/example_branch_python_dop_operator_3.py
[2026-05-04T01:30:49.297+0300] {processor.py:925} INFO - DAG(s) 'example_branch_dop_operator_v3' retrieved from /home/nikita/airflow-setup/ENV/lib/python3.12/site-packages/airflow/example_dags/example_branch_python_dop_operator_3.py
[2026-05-04T01:30:49.309+0300] {logging_mixin.py:190} INFO - [2026-05-04T01:30:49.309+0300] {dag.py:3239} INFO - Sync 1 DAGs
[2026-05-04T01:30:49.326+0300] {logging_mixin.py:190} INFO - [2026-05-04T01:30:49.325+0300] {dag.py:4180} INFO - Setting next_dagrun for example_branch_dop_operator_v3 to 2026-05-03 22:29:00+00:00, run_after=2026-05-03 22:30:00+00:00
[2026-05-04T01:30:49.453+0300] {processor.py:208} INFO - Processing /home/nikita/airflow-setup/ENV/lib/python3.12/site-packages/airflow/example_dags/example_branch_python_dop_operator_3.py took 0.172 seconds
[2026-05-04T01:32:10.152+0300] {processor.py:186} INFO - Started process (PID=20607) to work on /home/nikita/airflow-setup/ENV/lib/python3.12/site-packages/airflow/example_dags/example_branch_python_dop_operator_3.py
[2026-05-04T01:32:10.161+0300] {processor.py:914} INFO - Processing file /home/nikita/airflow-setup/ENV/lib/python3.12/site-packages/airflow/example_dags/example_branch_python_dop_operator_3.py for tasks to queue
[2026-05-04T01:32:10.162+0300] {logging_mixin.py:190} INFO - [2026-05-04T01:32:10.162+0300] {dagbag.py:588} INFO - Filling up the DagBag from /home/nikita/airflow-setup/ENV/lib/python3.12/site-packages/airflow/example_dags/example_branch_python_dop_operator_3.py
[2026-05-04T01:32:10.170+0300] {processor.py:925} INFO - DAG(s) 'example_branch_dop_operator_v3' retrieved from /home/nikita/airflow-setup/ENV/lib/python3.12/site-packages/airflow/example_dags/example_branch_python_dop_operator_3.py
[2026-05-04T01:32:10.180+0300] {logging_mixin.py:190} INFO - [2026-05-04T01:32:10.180+0300] {dag.py:3239} INFO - Sync 1 DAGs
[2026-05-04T01:32:10.195+0300] {logging_mixin.py:190} INFO - [2026-05-04T01:32:10.195+0300] {dag.py:4180} INFO - Setting next_dagrun for example_branch_dop_operator_v3 to 2026-05-03 22:31:00+00:00, run_after=2026-05-03 22:32:00+00:00
[2026-05-04T01:32:10.211+0300] {processor.py:208} INFO - Processing /home/nikita/airflow-setup/ENV/lib/python3.12/site-packages/airflow/example_dags/example_branch_python_dop_operator_3.py took 0.063 seconds
[2026-05-04T01:33:20.584+0300] {processor.py:186} INFO - Started process (PID=21013) to work on /home/nikita/airflow-setup/ENV/lib/python3.12/site-packages/airflow/example_dags/example_branch_python_dop_operator_3.py
[2026-05-04T01:33:20.585+0300] {processor.py:914} INFO - Processing file /home/nikita/airflow-setup/ENV/lib/python3.12/site-packages/airflow/example_dags/example_branch_python_dop_operator_3.py for tasks to queue
[2026-05-04T01:33:20.586+0300] {logging_mixin.py:190} INFO - [2026-05-04T01:33:20.585+0300] {dagbag.py:588} INFO - Filling up the DagBag from /home/nikita/airflow-setup/ENV/lib/python3.12/site-packages/airflow/example_dags/example_branch_python_dop_operator_3.py
[2026-05-04T01:33:20.594+0300] {processor.py:925} INFO - DAG(s) 'example_branch_dop_operator_v3' retrieved from /home/nikita/airflow-setup/ENV/lib/python3.12/site-packages/airflow/example_dags/example_branch_python_dop_operator_3.py
[2026-05-04T01:33:20.605+0300] {logging_mixin.py:190} INFO - [2026-05-04T01:33:20.604+0300] {dag.py:3239} INFO - Sync 1 DAGs
[2026-05-04T01:33:20.620+0300] {logging_mixin.py:190} INFO - [2026-05-04T01:33:20.620+0300] {dag.py:4180} INFO - Setting next_dagrun for example_branch_dop_operator_v3 to 2026-05-03 22:32:00+00:00, run_after=2026-05-03 22:33:00+00:00
[2026-05-04T01:33:20.636+0300] {processor.py:208} INFO - Processing /home/nikita/airflow-setup/ENV/lib/python3.12/site-packages/airflow/example_dags/example_branch_python_dop_operator_3.py took 0.057 seconds
[2026-05-04T01:34:24.066+0300] {processor.py:186} INFO - Started process (PID=21385) to work on /home/nikita/airflow-setup/ENV/lib/python3.12/site-packages/airflow/example_dags/example_branch_python_dop_operator_3.py
[2026-05-04T01:34:24.074+0300] {processor.py:914} INFO - Processing file /home/nikita/airflow-setup/ENV/lib/python3.12/site-packages/airflow/example_dags/example_branch_python_dop_operator_3.py for tasks to queue
[2026-05-04T01:34:24.075+0300] {logging_mixin.py:190} INFO - [2026-05-04T01:34:24.075+0300] {dagbag.py:588} INFO - Filling up the DagBag from /home/nikita/airflow-setup/ENV/lib/python3.12/site-packages/airflow/example_dags/example_branch_python_dop_operator_3.py
[2026-05-04T01:34:24.084+0300] {processor.py:925} INFO - DAG(s) 'example_branch_dop_operator_v3' retrieved from /home/nikita/airflow-setup/ENV/lib/python3.12/site-packages/airflow/example_dags/example_branch_python_dop_operator_3.py
[2026-05-04T01:34:24.095+0300] {logging_mixin.py:190} INFO - [2026-05-04T01:34:24.095+0300] {dag.py:3239} INFO - Sync 1 DAGs
[2026-05-04T01:34:24.111+0300] {logging_mixin.py:190} INFO - [2026-05-04T01:34:24.111+0300] {dag.py:4180} INFO - Setting next_dagrun for example_branch_dop_operator_v3 to 2026-05-03 22:33:00+00:00, run_after=2026-05-03 22:34:00+00:00
[2026-05-04T01:34:24.127+0300] {processor.py:208} INFO - Processing /home/nikita/airflow-setup/ENV/lib/python3.12/site-packages/airflow/example_dags/example_branch_python_dop_operator_3.py took 0.065 seconds
[2026-05-04T01:35:28.711+0300] {processor.py:186} INFO - Started process (PID=21639) to work on /home/nikita/airflow-setup/ENV/lib/python3.12/site-packages/airflow/example_dags/example_branch_python_dop_operator_3.py
[2026-05-04T01:35:28.714+0300] {processor.py:914} INFO - Processing file /home/nikita/airflow-setup/ENV/lib/python3.12/site-packages/airflow/example_dags/example_branch_python_dop_operator_3.py for tasks to queue
[2026-05-04T01:35:28.715+0300] {logging_mixin.py:190} INFO - [2026-05-04T01:35:28.715+0300] {dagbag.py:588} INFO - Filling up the DagBag from /home/nikita/airflow-setup/ENV/lib/python3.12/site-packages/airflow/example_dags/example_branch_python_dop_operator_3.py
[2026-05-04T01:35:28.722+0300] {processor.py:925} INFO - DAG(s) 'example_branch_dop_operator_v3' retrieved from /home/nikita/airflow-setup/ENV/lib/python3.12/site-packages/airflow/example_dags/example_branch_python_dop_operator_3.py
[2026-05-04T01:35:28.733+0300] {logging_mixin.py:190} INFO - [2026-05-04T01:35:28.733+0300] {dag.py:3239} INFO - Sync 1 DAGs
[2026-05-04T01:35:28.750+0300] {logging_mixin.py:190} INFO - [2026-05-04T01:35:28.750+0300] {dag.py:4180} INFO - Setting next_dagrun for example_branch_dop_operator_v3 to 2026-05-03 22:34:00+00:00, run_after=2026-05-03 22:35:00+00:00
[2026-05-04T01:35:28.766+0300] {processor.py:208} INFO - Processing /home/nikita/airflow-setup/ENV/lib/python3.12/site-packages/airflow/example_dags/example_branch_python_dop_operator_3.py took 0.058 seconds
