[2026-05-04T00:45:56.480+0300] {processor.py:186} INFO - Started process (PID=5952) to work on /home/nikita/airflow-setup/ENV/lib/python3.12/site-packages/airflow/example_dags/example_short_circuit_operator.py
[2026-05-04T00:45:56.481+0300] {processor.py:914} INFO - Processing file /home/nikita/airflow-setup/ENV/lib/python3.12/site-packages/airflow/example_dags/example_short_circuit_operator.py for tasks to queue
[2026-05-04T00:45:56.482+0300] {logging_mixin.py:190} INFO - [2026-05-04T00:45:56.482+0300] {dagbag.py:588} INFO - Filling up the DagBag from /home/nikita/airflow-setup/ENV/lib/python3.12/site-packages/airflow/example_dags/example_short_circuit_operator.py
[2026-05-04T00:45:56.488+0300] {processor.py:925} INFO - DAG(s) 'example_short_circuit_operator' retrieved from /home/nikita/airflow-setup/ENV/lib/python3.12/site-packages/airflow/example_dags/example_short_circuit_operator.py
[2026-05-04T00:45:56.574+0300] {logging_mixin.py:190} INFO - [2026-05-04T00:45:56.574+0300] {override.py:1930} INFO - Created Permission View: can read on DAG:example_short_circuit_operator
[2026-05-04T00:45:56.583+0300] {logging_mixin.py:190} INFO - [2026-05-04T00:45:56.582+0300] {override.py:1930} INFO - Created Permission View: can delete on DAG:example_short_circuit_operator
[2026-05-04T00:45:56.589+0300] {logging_mixin.py:190} INFO - [2026-05-04T00:45:56.588+0300] {override.py:1930} INFO - Created Permission View: can edit on DAG:example_short_circuit_operator
[2026-05-04T00:45:56.597+0300] {logging_mixin.py:190} INFO - [2026-05-04T00:45:56.597+0300] {override.py:1930} INFO - Created Permission View: can read on DAG Run:example_short_circuit_operator
[2026-05-04T00:45:56.603+0300] {logging_mixin.py:190} INFO - [2026-05-04T00:45:56.603+0300] {override.py:1930} INFO - Created Permission View: can delete on DAG Run:example_short_circuit_operator
[2026-05-04T00:45:56.609+0300] {logging_mixin.py:190} INFO - [2026-05-04T00:45:56.609+0300] {override.py:1930} INFO - Created Permission View: menu access on DAG Run:example_short_circuit_operator
[2026-05-04T00:45:56.614+0300] {logging_mixin.py:190} INFO - [2026-05-04T00:45:56.614+0300] {override.py:1930} INFO - Created Permission View: can create on DAG Run:example_short_circuit_operator
[2026-05-04T00:45:56.615+0300] {logging_mixin.py:190} INFO - [2026-05-04T00:45:56.614+0300] {dag.py:3239} INFO - Sync 1 DAGs
[2026-05-04T00:45:56.624+0300] {logging_mixin.py:190} INFO - [2026-05-04T00:45:56.624+0300] {dag.py:3262} INFO - Creating ORM DAG for example_short_circuit_operator
[2026-05-04T00:45:56.624+0300] {logging_mixin.py:190} INFO - [2026-05-04T00:45:56.624+0300] {dag.py:4180} INFO - Setting next_dagrun for example_short_circuit_operator to None, run_after=None
[2026-05-04T00:45:56.639+0300] {processor.py:208} INFO - Processing /home/nikita/airflow-setup/ENV/lib/python3.12/site-packages/airflow/example_dags/example_short_circuit_operator.py took 0.163 seconds
[2026-05-04T00:47:00.431+0300] {processor.py:186} INFO - Started process (PID=6013) to work on /home/nikita/airflow-setup/ENV/lib/python3.12/site-packages/airflow/example_dags/example_short_circuit_operator.py
[2026-05-04T00:47:00.440+0300] {processor.py:914} INFO - Processing file /home/nikita/airflow-setup/ENV/lib/python3.12/site-packages/airflow/example_dags/example_short_circuit_operator.py for tasks to queue
[2026-05-04T00:47:00.441+0300] {logging_mixin.py:190} INFO - [2026-05-04T00:47:00.441+0300] {dagbag.py:588} INFO - Filling up the DagBag from /home/nikita/airflow-setup/ENV/lib/python3.12/site-packages/airflow/example_dags/example_short_circuit_operator.py
[2026-05-04T00:47:00.448+0300] {processor.py:925} INFO - DAG(s) 'example_short_circuit_operator' retrieved from /home/nikita/airflow-setup/ENV/lib/python3.12/site-packages/airflow/example_dags/example_short_circuit_operator.py
[2026-05-04T00:47:00.460+0300] {logging_mixin.py:190} INFO - [2026-05-04T00:47:00.460+0300] {dag.py:3239} INFO - Sync 1 DAGs
[2026-05-04T00:47:00.470+0300] {logging_mixin.py:190} INFO - [2026-05-04T00:47:00.470+0300] {dag.py:4180} INFO - Setting next_dagrun for example_short_circuit_operator to None, run_after=None
[2026-05-04T00:47:00.487+0300] {processor.py:208} INFO - Processing /home/nikita/airflow-setup/ENV/lib/python3.12/site-packages/airflow/example_dags/example_short_circuit_operator.py took 0.059 seconds
[2026-05-04T00:48:00.819+0300] {processor.py:186} INFO - Started process (PID=6088) to work on /home/nikita/airflow-setup/ENV/lib/python3.12/site-packages/airflow/example_dags/example_short_circuit_operator.py
[2026-05-04T00:48:00.827+0300] {processor.py:914} INFO - Processing file /home/nikita/airflow-setup/ENV/lib/python3.12/site-packages/airflow/example_dags/example_short_circuit_operator.py for tasks to queue
[2026-05-04T00:48:00.829+0300] {logging_mixin.py:190} INFO - [2026-05-04T00:48:00.829+0300] {dagbag.py:588} INFO - Filling up the DagBag from /home/nikita/airflow-setup/ENV/lib/python3.12/site-packages/airflow/example_dags/example_short_circuit_operator.py
[2026-05-04T00:48:00.835+0300] {processor.py:925} INFO - DAG(s) 'example_short_circuit_operator' retrieved from /home/nikita/airflow-setup/ENV/lib/python3.12/site-packages/airflow/example_dags/example_short_circuit_operator.py
[2026-05-04T00:48:00.848+0300] {logging_mixin.py:190} INFO - [2026-05-04T00:48:00.847+0300] {dag.py:3239} INFO - Sync 1 DAGs
[2026-05-04T00:48:00.857+0300] {logging_mixin.py:190} INFO - [2026-05-04T00:48:00.856+0300] {dag.py:4180} INFO - Setting next_dagrun for example_short_circuit_operator to None, run_after=None
[2026-05-04T00:48:00.873+0300] {processor.py:208} INFO - Processing /home/nikita/airflow-setup/ENV/lib/python3.12/site-packages/airflow/example_dags/example_short_circuit_operator.py took 0.059 seconds
[2026-05-04T00:49:01.368+0300] {processor.py:186} INFO - Started process (PID=6146) to work on /home/nikita/airflow-setup/ENV/lib/python3.12/site-packages/airflow/example_dags/example_short_circuit_operator.py
[2026-05-04T00:49:01.377+0300] {processor.py:914} INFO - Processing file /home/nikita/airflow-setup/ENV/lib/python3.12/site-packages/airflow/example_dags/example_short_circuit_operator.py for tasks to queue
[2026-05-04T00:49:01.379+0300] {logging_mixin.py:190} INFO - [2026-05-04T00:49:01.379+0300] {dagbag.py:588} INFO - Filling up the DagBag from /home/nikita/airflow-setup/ENV/lib/python3.12/site-packages/airflow/example_dags/example_short_circuit_operator.py
[2026-05-04T00:49:01.385+0300] {processor.py:925} INFO - DAG(s) 'example_short_circuit_operator' retrieved from /home/nikita/airflow-setup/ENV/lib/python3.12/site-packages/airflow/example_dags/example_short_circuit_operator.py
[2026-05-04T00:49:01.399+0300] {logging_mixin.py:190} INFO - [2026-05-04T00:49:01.399+0300] {dag.py:3239} INFO - Sync 1 DAGs
[2026-05-04T00:49:01.409+0300] {logging_mixin.py:190} INFO - [2026-05-04T00:49:01.409+0300] {dag.py:4180} INFO - Setting next_dagrun for example_short_circuit_operator to None, run_after=None
[2026-05-04T00:49:01.426+0300] {processor.py:208} INFO - Processing /home/nikita/airflow-setup/ENV/lib/python3.12/site-packages/airflow/example_dags/example_short_circuit_operator.py took 0.061 seconds
[2026-05-04T00:49:58.006+0300] {processor.py:186} INFO - Started process (PID=6205) to work on /home/nikita/airflow-setup/ENV/lib/python3.12/site-packages/airflow/example_dags/example_short_circuit_operator.py
[2026-05-04T00:49:58.015+0300] {processor.py:914} INFO - Processing file /home/nikita/airflow-setup/ENV/lib/python3.12/site-packages/airflow/example_dags/example_short_circuit_operator.py for tasks to queue
[2026-05-04T00:49:58.017+0300] {logging_mixin.py:190} INFO - [2026-05-04T00:49:58.017+0300] {dagbag.py:588} INFO - Filling up the DagBag from /home/nikita/airflow-setup/ENV/lib/python3.12/site-packages/airflow/example_dags/example_short_circuit_operator.py
[2026-05-04T00:49:58.023+0300] {processor.py:925} INFO - DAG(s) 'example_short_circuit_operator' retrieved from /home/nikita/airflow-setup/ENV/lib/python3.12/site-packages/airflow/example_dags/example_short_circuit_operator.py
[2026-05-04T00:49:58.035+0300] {logging_mixin.py:190} INFO - [2026-05-04T00:49:58.034+0300] {dag.py:3239} INFO - Sync 1 DAGs
[2026-05-04T00:49:58.043+0300] {logging_mixin.py:190} INFO - [2026-05-04T00:49:58.042+0300] {dag.py:4180} INFO - Setting next_dagrun for example_short_circuit_operator to None, run_after=None
[2026-05-04T00:49:58.058+0300] {processor.py:208} INFO - Processing /home/nikita/airflow-setup/ENV/lib/python3.12/site-packages/airflow/example_dags/example_short_circuit_operator.py took 0.056 seconds
[2026-05-04T00:50:52.750+0300] {processor.py:186} INFO - Started process (PID=6282) to work on /home/nikita/airflow-setup/ENV/lib/python3.12/site-packages/airflow/example_dags/example_short_circuit_operator.py
[2026-05-04T00:50:52.752+0300] {processor.py:914} INFO - Processing file /home/nikita/airflow-setup/ENV/lib/python3.12/site-packages/airflow/example_dags/example_short_circuit_operator.py for tasks to queue
[2026-05-04T00:50:52.754+0300] {logging_mixin.py:190} INFO - [2026-05-04T00:50:52.754+0300] {dagbag.py:588} INFO - Filling up the DagBag from /home/nikita/airflow-setup/ENV/lib/python3.12/site-packages/airflow/example_dags/example_short_circuit_operator.py
[2026-05-04T00:50:52.762+0300] {processor.py:925} INFO - DAG(s) 'example_short_circuit_operator' retrieved from /home/nikita/airflow-setup/ENV/lib/python3.12/site-packages/airflow/example_dags/example_short_circuit_operator.py
[2026-05-04T00:50:52.778+0300] {logging_mixin.py:190} INFO - [2026-05-04T00:50:52.778+0300] {dag.py:3239} INFO - Sync 1 DAGs
[2026-05-04T00:50:52.792+0300] {logging_mixin.py:190} INFO - [2026-05-04T00:50:52.791+0300] {dag.py:4180} INFO - Setting next_dagrun for example_short_circuit_operator to None, run_after=None
[2026-05-04T00:50:52.812+0300] {processor.py:208} INFO - Processing /home/nikita/airflow-setup/ENV/lib/python3.12/site-packages/airflow/example_dags/example_short_circuit_operator.py took 0.067 seconds
[2026-05-04T00:51:47.402+0300] {processor.py:186} INFO - Started process (PID=6335) to work on /home/nikita/airflow-setup/ENV/lib/python3.12/site-packages/airflow/example_dags/example_short_circuit_operator.py
[2026-05-04T00:51:47.404+0300] {processor.py:914} INFO - Processing file /home/nikita/airflow-setup/ENV/lib/python3.12/site-packages/airflow/example_dags/example_short_circuit_operator.py for tasks to queue
[2026-05-04T00:51:47.405+0300] {logging_mixin.py:190} INFO - [2026-05-04T00:51:47.405+0300] {dagbag.py:588} INFO - Filling up the DagBag from /home/nikita/airflow-setup/ENV/lib/python3.12/site-packages/airflow/example_dags/example_short_circuit_operator.py
[2026-05-04T00:51:47.412+0300] {processor.py:925} INFO - DAG(s) 'example_short_circuit_operator' retrieved from /home/nikita/airflow-setup/ENV/lib/python3.12/site-packages/airflow/example_dags/example_short_circuit_operator.py
[2026-05-04T00:51:47.425+0300] {logging_mixin.py:190} INFO - [2026-05-04T00:51:47.425+0300] {dag.py:3239} INFO - Sync 1 DAGs
[2026-05-04T00:51:47.435+0300] {logging_mixin.py:190} INFO - [2026-05-04T00:51:47.435+0300] {dag.py:4180} INFO - Setting next_dagrun for example_short_circuit_operator to None, run_after=None
[2026-05-04T00:51:47.470+0300] {processor.py:208} INFO - Processing /home/nikita/airflow-setup/ENV/lib/python3.12/site-packages/airflow/example_dags/example_short_circuit_operator.py took 0.073 seconds
[2026-05-04T00:52:48.286+0300] {processor.py:186} INFO - Started process (PID=6392) to work on /home/nikita/airflow-setup/ENV/lib/python3.12/site-packages/airflow/example_dags/example_short_circuit_operator.py
[2026-05-04T00:52:48.294+0300] {processor.py:914} INFO - Processing file /home/nikita/airflow-setup/ENV/lib/python3.12/site-packages/airflow/example_dags/example_short_circuit_operator.py for tasks to queue
[2026-05-04T00:52:48.296+0300] {logging_mixin.py:190} INFO - [2026-05-04T00:52:48.296+0300] {dagbag.py:588} INFO - Filling up the DagBag from /home/nikita/airflow-setup/ENV/lib/python3.12/site-packages/airflow/example_dags/example_short_circuit_operator.py
[2026-05-04T00:52:48.303+0300] {processor.py:925} INFO - DAG(s) 'example_short_circuit_operator' retrieved from /home/nikita/airflow-setup/ENV/lib/python3.12/site-packages/airflow/example_dags/example_short_circuit_operator.py
[2026-05-04T00:52:48.317+0300] {logging_mixin.py:190} INFO - [2026-05-04T00:52:48.317+0300] {dag.py:3239} INFO - Sync 1 DAGs
[2026-05-04T00:52:48.328+0300] {logging_mixin.py:190} INFO - [2026-05-04T00:52:48.328+0300] {dag.py:4180} INFO - Setting next_dagrun for example_short_circuit_operator to None, run_after=None
[2026-05-04T00:52:48.350+0300] {processor.py:208} INFO - Processing /home/nikita/airflow-setup/ENV/lib/python3.12/site-packages/airflow/example_dags/example_short_circuit_operator.py took 0.070 seconds
[2026-05-04T00:53:50.767+0300] {processor.py:186} INFO - Started process (PID=6472) to work on /home/nikita/airflow-setup/ENV/lib/python3.12/site-packages/airflow/example_dags/example_short_circuit_operator.py
[2026-05-04T00:53:50.769+0300] {processor.py:914} INFO - Processing file /home/nikita/airflow-setup/ENV/lib/python3.12/site-packages/airflow/example_dags/example_short_circuit_operator.py for tasks to queue
[2026-05-04T00:53:50.770+0300] {logging_mixin.py:190} INFO - [2026-05-04T00:53:50.770+0300] {dagbag.py:588} INFO - Filling up the DagBag from /home/nikita/airflow-setup/ENV/lib/python3.12/site-packages/airflow/example_dags/example_short_circuit_operator.py
[2026-05-04T00:53:50.777+0300] {processor.py:925} INFO - DAG(s) 'example_short_circuit_operator' retrieved from /home/nikita/airflow-setup/ENV/lib/python3.12/site-packages/airflow/example_dags/example_short_circuit_operator.py
[2026-05-04T00:53:50.790+0300] {logging_mixin.py:190} INFO - [2026-05-04T00:53:50.790+0300] {dag.py:3239} INFO - Sync 1 DAGs
[2026-05-04T00:53:50.800+0300] {logging_mixin.py:190} INFO - [2026-05-04T00:53:50.800+0300] {dag.py:4180} INFO - Setting next_dagrun for example_short_circuit_operator to None, run_after=None
[2026-05-04T00:53:50.815+0300] {processor.py:208} INFO - Processing /home/nikita/airflow-setup/ENV/lib/python3.12/site-packages/airflow/example_dags/example_short_circuit_operator.py took 0.052 seconds
[2026-05-04T00:54:53.157+0300] {processor.py:186} INFO - Started process (PID=6539) to work on /home/nikita/airflow-setup/ENV/lib/python3.12/site-packages/airflow/example_dags/example_short_circuit_operator.py
[2026-05-04T00:54:53.166+0300] {processor.py:914} INFO - Processing file /home/nikita/airflow-setup/ENV/lib/python3.12/site-packages/airflow/example_dags/example_short_circuit_operator.py for tasks to queue
[2026-05-04T00:54:53.168+0300] {logging_mixin.py:190} INFO - [2026-05-04T00:54:53.168+0300] {dagbag.py:588} INFO - Filling up the DagBag from /home/nikita/airflow-setup/ENV/lib/python3.12/site-packages/airflow/example_dags/example_short_circuit_operator.py
[2026-05-04T00:54:53.175+0300] {processor.py:925} INFO - DAG(s) 'example_short_circuit_operator' retrieved from /home/nikita/airflow-setup/ENV/lib/python3.12/site-packages/airflow/example_dags/example_short_circuit_operator.py
[2026-05-04T00:54:53.189+0300] {logging_mixin.py:190} INFO - [2026-05-04T00:54:53.189+0300] {dag.py:3239} INFO - Sync 1 DAGs
[2026-05-04T00:54:53.198+0300] {logging_mixin.py:190} INFO - [2026-05-04T00:54:53.197+0300] {dag.py:4180} INFO - Setting next_dagrun for example_short_circuit_operator to None, run_after=None
[2026-05-04T00:54:53.214+0300] {processor.py:208} INFO - Processing /home/nikita/airflow-setup/ENV/lib/python3.12/site-packages/airflow/example_dags/example_short_circuit_operator.py took 0.061 seconds
[2026-05-04T00:55:54.849+0300] {processor.py:186} INFO - Started process (PID=6599) to work on /home/nikita/airflow-setup/ENV/lib/python3.12/site-packages/airflow/example_dags/example_short_circuit_operator.py
[2026-05-04T00:55:54.858+0300] {processor.py:914} INFO - Processing file /home/nikita/airflow-setup/ENV/lib/python3.12/site-packages/airflow/example_dags/example_short_circuit_operator.py for tasks to queue
[2026-05-04T00:55:54.861+0300] {logging_mixin.py:190} INFO - [2026-05-04T00:55:54.860+0300] {dagbag.py:588} INFO - Filling up the DagBag from /home/nikita/airflow-setup/ENV/lib/python3.12/site-packages/airflow/example_dags/example_short_circuit_operator.py
[2026-05-04T00:55:54.871+0300] {processor.py:925} INFO - DAG(s) 'example_short_circuit_operator' retrieved from /home/nikita/airflow-setup/ENV/lib/python3.12/site-packages/airflow/example_dags/example_short_circuit_operator.py
[2026-05-04T00:55:54.888+0300] {logging_mixin.py:190} INFO - [2026-05-04T00:55:54.887+0300] {dag.py:3239} INFO - Sync 1 DAGs
[2026-05-04T00:55:54.900+0300] {logging_mixin.py:190} INFO - [2026-05-04T00:55:54.899+0300] {dag.py:4180} INFO - Setting next_dagrun for example_short_circuit_operator to None, run_after=None
[2026-05-04T00:55:54.922+0300] {processor.py:208} INFO - Processing /home/nikita/airflow-setup/ENV/lib/python3.12/site-packages/airflow/example_dags/example_short_circuit_operator.py took 0.077 seconds
[2026-05-04T00:56:56.101+0300] {processor.py:186} INFO - Started process (PID=6868) to work on /home/nikita/airflow-setup/ENV/lib/python3.12/site-packages/airflow/example_dags/example_short_circuit_operator.py
[2026-05-04T00:56:56.110+0300] {processor.py:914} INFO - Processing file /home/nikita/airflow-setup/ENV/lib/python3.12/site-packages/airflow/example_dags/example_short_circuit_operator.py for tasks to queue
[2026-05-04T00:56:56.112+0300] {logging_mixin.py:190} INFO - [2026-05-04T00:56:56.112+0300] {dagbag.py:588} INFO - Filling up the DagBag from /home/nikita/airflow-setup/ENV/lib/python3.12/site-packages/airflow/example_dags/example_short_circuit_operator.py
[2026-05-04T00:56:56.120+0300] {processor.py:925} INFO - DAG(s) 'example_short_circuit_operator' retrieved from /home/nikita/airflow-setup/ENV/lib/python3.12/site-packages/airflow/example_dags/example_short_circuit_operator.py
[2026-05-04T00:56:56.142+0300] {logging_mixin.py:190} INFO - [2026-05-04T00:56:56.141+0300] {dag.py:3239} INFO - Sync 1 DAGs
[2026-05-04T00:56:56.156+0300] {logging_mixin.py:190} INFO - [2026-05-04T00:56:56.156+0300] {dag.py:4180} INFO - Setting next_dagrun for example_short_circuit_operator to None, run_after=None
[2026-05-04T00:56:56.197+0300] {processor.py:208} INFO - Processing /home/nikita/airflow-setup/ENV/lib/python3.12/site-packages/airflow/example_dags/example_short_circuit_operator.py took 0.102 seconds
[2026-05-04T00:57:54.973+0300] {processor.py:186} INFO - Started process (PID=7165) to work on /home/nikita/airflow-setup/ENV/lib/python3.12/site-packages/airflow/example_dags/example_short_circuit_operator.py
[2026-05-04T00:57:54.982+0300] {processor.py:914} INFO - Processing file /home/nikita/airflow-setup/ENV/lib/python3.12/site-packages/airflow/example_dags/example_short_circuit_operator.py for tasks to queue
[2026-05-04T00:57:54.984+0300] {logging_mixin.py:190} INFO - [2026-05-04T00:57:54.984+0300] {dagbag.py:588} INFO - Filling up the DagBag from /home/nikita/airflow-setup/ENV/lib/python3.12/site-packages/airflow/example_dags/example_short_circuit_operator.py
[2026-05-04T00:57:54.991+0300] {processor.py:925} INFO - DAG(s) 'example_short_circuit_operator' retrieved from /home/nikita/airflow-setup/ENV/lib/python3.12/site-packages/airflow/example_dags/example_short_circuit_operator.py
[2026-05-04T00:57:55.004+0300] {logging_mixin.py:190} INFO - [2026-05-04T00:57:55.004+0300] {dag.py:3239} INFO - Sync 1 DAGs
[2026-05-04T00:57:55.012+0300] {logging_mixin.py:190} INFO - [2026-05-04T00:57:55.012+0300] {dag.py:4180} INFO - Setting next_dagrun for example_short_circuit_operator to None, run_after=None
[2026-05-04T00:57:55.029+0300] {processor.py:208} INFO - Processing /home/nikita/airflow-setup/ENV/lib/python3.12/site-packages/airflow/example_dags/example_short_circuit_operator.py took 0.060 seconds
[2026-05-04T00:58:52.863+0300] {processor.py:186} INFO - Started process (PID=7385) to work on /home/nikita/airflow-setup/ENV/lib/python3.12/site-packages/airflow/example_dags/example_short_circuit_operator.py
[2026-05-04T00:58:52.872+0300] {processor.py:914} INFO - Processing file /home/nikita/airflow-setup/ENV/lib/python3.12/site-packages/airflow/example_dags/example_short_circuit_operator.py for tasks to queue
[2026-05-04T00:58:52.874+0300] {logging_mixin.py:190} INFO - [2026-05-04T00:58:52.873+0300] {dagbag.py:588} INFO - Filling up the DagBag from /home/nikita/airflow-setup/ENV/lib/python3.12/site-packages/airflow/example_dags/example_short_circuit_operator.py
[2026-05-04T00:58:52.880+0300] {processor.py:925} INFO - DAG(s) 'example_short_circuit_operator' retrieved from /home/nikita/airflow-setup/ENV/lib/python3.12/site-packages/airflow/example_dags/example_short_circuit_operator.py
[2026-05-04T00:58:52.894+0300] {logging_mixin.py:190} INFO - [2026-05-04T00:58:52.893+0300] {dag.py:3239} INFO - Sync 1 DAGs
[2026-05-04T00:58:52.903+0300] {logging_mixin.py:190} INFO - [2026-05-04T00:58:52.903+0300] {dag.py:4180} INFO - Setting next_dagrun for example_short_circuit_operator to None, run_after=None
[2026-05-04T00:58:52.921+0300] {processor.py:208} INFO - Processing /home/nikita/airflow-setup/ENV/lib/python3.12/site-packages/airflow/example_dags/example_short_circuit_operator.py took 0.062 seconds
[2026-05-04T00:59:53.439+0300] {processor.py:186} INFO - Started process (PID=8226) to work on /home/nikita/airflow-setup/ENV/lib/python3.12/site-packages/airflow/example_dags/example_short_circuit_operator.py
[2026-05-04T00:59:53.448+0300] {processor.py:914} INFO - Processing file /home/nikita/airflow-setup/ENV/lib/python3.12/site-packages/airflow/example_dags/example_short_circuit_operator.py for tasks to queue
[2026-05-04T00:59:53.450+0300] {logging_mixin.py:190} INFO - [2026-05-04T00:59:53.450+0300] {dagbag.py:588} INFO - Filling up the DagBag from /home/nikita/airflow-setup/ENV/lib/python3.12/site-packages/airflow/example_dags/example_short_circuit_operator.py
[2026-05-04T00:59:53.459+0300] {processor.py:925} INFO - DAG(s) 'example_short_circuit_operator' retrieved from /home/nikita/airflow-setup/ENV/lib/python3.12/site-packages/airflow/example_dags/example_short_circuit_operator.py
[2026-05-04T00:59:53.474+0300] {logging_mixin.py:190} INFO - [2026-05-04T00:59:53.473+0300] {dag.py:3239} INFO - Sync 1 DAGs
[2026-05-04T00:59:53.484+0300] {logging_mixin.py:190} INFO - [2026-05-04T00:59:53.484+0300] {dag.py:4180} INFO - Setting next_dagrun for example_short_circuit_operator to None, run_after=None
[2026-05-04T00:59:53.501+0300] {processor.py:208} INFO - Processing /home/nikita/airflow-setup/ENV/lib/python3.12/site-packages/airflow/example_dags/example_short_circuit_operator.py took 0.067 seconds
[2026-05-04T01:00:57.979+0300] {processor.py:186} INFO - Started process (PID=8506) to work on /home/nikita/airflow-setup/ENV/lib/python3.12/site-packages/airflow/example_dags/example_short_circuit_operator.py
[2026-05-04T01:00:57.988+0300] {processor.py:914} INFO - Processing file /home/nikita/airflow-setup/ENV/lib/python3.12/site-packages/airflow/example_dags/example_short_circuit_operator.py for tasks to queue
[2026-05-04T01:00:57.988+0300] {logging_mixin.py:190} INFO - [2026-05-04T01:00:57.988+0300] {dagbag.py:588} INFO - Filling up the DagBag from /home/nikita/airflow-setup/ENV/lib/python3.12/site-packages/airflow/example_dags/example_short_circuit_operator.py
[2026-05-04T01:00:57.995+0300] {processor.py:925} INFO - DAG(s) 'example_short_circuit_operator' retrieved from /home/nikita/airflow-setup/ENV/lib/python3.12/site-packages/airflow/example_dags/example_short_circuit_operator.py
[2026-05-04T01:00:58.007+0300] {logging_mixin.py:190} INFO - [2026-05-04T01:00:58.007+0300] {dag.py:3239} INFO - Sync 1 DAGs
[2026-05-04T01:00:58.017+0300] {logging_mixin.py:190} INFO - [2026-05-04T01:00:58.017+0300] {dag.py:4180} INFO - Setting next_dagrun for example_short_circuit_operator to None, run_after=None
[2026-05-04T01:00:58.035+0300] {processor.py:208} INFO - Processing /home/nikita/airflow-setup/ENV/lib/python3.12/site-packages/airflow/example_dags/example_short_circuit_operator.py took 0.061 seconds
[2026-05-04T01:02:03.464+0300] {processor.py:186} INFO - Started process (PID=9120) to work on /home/nikita/airflow-setup/ENV/lib/python3.12/site-packages/airflow/example_dags/example_short_circuit_operator.py
[2026-05-04T01:02:03.466+0300] {processor.py:914} INFO - Processing file /home/nikita/airflow-setup/ENV/lib/python3.12/site-packages/airflow/example_dags/example_short_circuit_operator.py for tasks to queue
[2026-05-04T01:02:03.467+0300] {logging_mixin.py:190} INFO - [2026-05-04T01:02:03.466+0300] {dagbag.py:588} INFO - Filling up the DagBag from /home/nikita/airflow-setup/ENV/lib/python3.12/site-packages/airflow/example_dags/example_short_circuit_operator.py
[2026-05-04T01:02:03.474+0300] {processor.py:925} INFO - DAG(s) 'example_short_circuit_operator' retrieved from /home/nikita/airflow-setup/ENV/lib/python3.12/site-packages/airflow/example_dags/example_short_circuit_operator.py
[2026-05-04T01:02:03.486+0300] {logging_mixin.py:190} INFO - [2026-05-04T01:02:03.486+0300] {dag.py:3239} INFO - Sync 1 DAGs
[2026-05-04T01:02:03.495+0300] {logging_mixin.py:190} INFO - [2026-05-04T01:02:03.495+0300] {dag.py:4180} INFO - Setting next_dagrun for example_short_circuit_operator to None, run_after=None
[2026-05-04T01:02:03.511+0300] {processor.py:208} INFO - Processing /home/nikita/airflow-setup/ENV/lib/python3.12/site-packages/airflow/example_dags/example_short_circuit_operator.py took 0.051 seconds
[2026-05-04T01:03:12.049+0300] {processor.py:186} INFO - Started process (PID=9641) to work on /home/nikita/airflow-setup/ENV/lib/python3.12/site-packages/airflow/example_dags/example_short_circuit_operator.py
[2026-05-04T01:03:12.058+0300] {processor.py:914} INFO - Processing file /home/nikita/airflow-setup/ENV/lib/python3.12/site-packages/airflow/example_dags/example_short_circuit_operator.py for tasks to queue
[2026-05-04T01:03:12.058+0300] {logging_mixin.py:190} INFO - [2026-05-04T01:03:12.058+0300] {dagbag.py:588} INFO - Filling up the DagBag from /home/nikita/airflow-setup/ENV/lib/python3.12/site-packages/airflow/example_dags/example_short_circuit_operator.py
[2026-05-04T01:03:12.065+0300] {processor.py:925} INFO - DAG(s) 'example_short_circuit_operator' retrieved from /home/nikita/airflow-setup/ENV/lib/python3.12/site-packages/airflow/example_dags/example_short_circuit_operator.py
[2026-05-04T01:03:12.077+0300] {logging_mixin.py:190} INFO - [2026-05-04T01:03:12.077+0300] {dag.py:3239} INFO - Sync 1 DAGs
[2026-05-04T01:03:12.087+0300] {logging_mixin.py:190} INFO - [2026-05-04T01:03:12.087+0300] {dag.py:4180} INFO - Setting next_dagrun for example_short_circuit_operator to None, run_after=None
[2026-05-04T01:03:12.104+0300] {processor.py:208} INFO - Processing /home/nikita/airflow-setup/ENV/lib/python3.12/site-packages/airflow/example_dags/example_short_circuit_operator.py took 0.059 seconds
[2026-05-04T01:04:13.815+0300] {processor.py:186} INFO - Started process (PID=9907) to work on /home/nikita/airflow-setup/ENV/lib/python3.12/site-packages/airflow/example_dags/example_short_circuit_operator.py
[2026-05-04T01:04:13.817+0300] {processor.py:914} INFO - Processing file /home/nikita/airflow-setup/ENV/lib/python3.12/site-packages/airflow/example_dags/example_short_circuit_operator.py for tasks to queue
[2026-05-04T01:04:13.818+0300] {logging_mixin.py:190} INFO - [2026-05-04T01:04:13.818+0300] {dagbag.py:588} INFO - Filling up the DagBag from /home/nikita/airflow-setup/ENV/lib/python3.12/site-packages/airflow/example_dags/example_short_circuit_operator.py
[2026-05-04T01:04:13.824+0300] {processor.py:925} INFO - DAG(s) 'example_short_circuit_operator' retrieved from /home/nikita/airflow-setup/ENV/lib/python3.12/site-packages/airflow/example_dags/example_short_circuit_operator.py
[2026-05-04T01:04:13.836+0300] {logging_mixin.py:190} INFO - [2026-05-04T01:04:13.836+0300] {dag.py:3239} INFO - Sync 1 DAGs
[2026-05-04T01:04:13.848+0300] {logging_mixin.py:190} INFO - [2026-05-04T01:04:13.848+0300] {dag.py:4180} INFO - Setting next_dagrun for example_short_circuit_operator to None, run_after=None
[2026-05-04T01:04:13.881+0300] {processor.py:208} INFO - Processing /home/nikita/airflow-setup/ENV/lib/python3.12/site-packages/airflow/example_dags/example_short_circuit_operator.py took 0.070 seconds
[2026-05-04T01:05:18.186+0300] {processor.py:186} INFO - Started process (PID=10158) to work on /home/nikita/airflow-setup/ENV/lib/python3.12/site-packages/airflow/example_dags/example_short_circuit_operator.py
[2026-05-04T01:05:18.188+0300] {processor.py:914} INFO - Processing file /home/nikita/airflow-setup/ENV/lib/python3.12/site-packages/airflow/example_dags/example_short_circuit_operator.py for tasks to queue
[2026-05-04T01:05:18.189+0300] {logging_mixin.py:190} INFO - [2026-05-04T01:05:18.189+0300] {dagbag.py:588} INFO - Filling up the DagBag from /home/nikita/airflow-setup/ENV/lib/python3.12/site-packages/airflow/example_dags/example_short_circuit_operator.py
[2026-05-04T01:05:18.197+0300] {processor.py:925} INFO - DAG(s) 'example_short_circuit_operator' retrieved from /home/nikita/airflow-setup/ENV/lib/python3.12/site-packages/airflow/example_dags/example_short_circuit_operator.py
[2026-05-04T01:05:18.210+0300] {logging_mixin.py:190} INFO - [2026-05-04T01:05:18.209+0300] {dag.py:3239} INFO - Sync 1 DAGs
[2026-05-04T01:05:18.219+0300] {logging_mixin.py:190} INFO - [2026-05-04T01:05:18.219+0300] {dag.py:4180} INFO - Setting next_dagrun for example_short_circuit_operator to None, run_after=None
[2026-05-04T01:05:18.238+0300] {processor.py:208} INFO - Processing /home/nikita/airflow-setup/ENV/lib/python3.12/site-packages/airflow/example_dags/example_short_circuit_operator.py took 0.056 seconds
[2026-05-04T01:06:24.635+0300] {processor.py:186} INFO - Started process (PID=10435) to work on /home/nikita/airflow-setup/ENV/lib/python3.12/site-packages/airflow/example_dags/example_short_circuit_operator.py
[2026-05-04T01:06:24.644+0300] {processor.py:914} INFO - Processing file /home/nikita/airflow-setup/ENV/lib/python3.12/site-packages/airflow/example_dags/example_short_circuit_operator.py for tasks to queue
[2026-05-04T01:06:24.645+0300] {logging_mixin.py:190} INFO - [2026-05-04T01:06:24.645+0300] {dagbag.py:588} INFO - Filling up the DagBag from /home/nikita/airflow-setup/ENV/lib/python3.12/site-packages/airflow/example_dags/example_short_circuit_operator.py
[2026-05-04T01:06:24.653+0300] {processor.py:925} INFO - DAG(s) 'example_short_circuit_operator' retrieved from /home/nikita/airflow-setup/ENV/lib/python3.12/site-packages/airflow/example_dags/example_short_circuit_operator.py
[2026-05-04T01:06:24.665+0300] {logging_mixin.py:190} INFO - [2026-05-04T01:06:24.665+0300] {dag.py:3239} INFO - Sync 1 DAGs
[2026-05-04T01:06:24.678+0300] {logging_mixin.py:190} INFO - [2026-05-04T01:06:24.677+0300] {dag.py:4180} INFO - Setting next_dagrun for example_short_circuit_operator to None, run_after=None
[2026-05-04T01:06:24.696+0300] {processor.py:208} INFO - Processing /home/nikita/airflow-setup/ENV/lib/python3.12/site-packages/airflow/example_dags/example_short_circuit_operator.py took 0.066 seconds
[2026-05-04T01:07:30.818+0300] {processor.py:186} INFO - Started process (PID=10684) to work on /home/nikita/airflow-setup/ENV/lib/python3.12/site-packages/airflow/example_dags/example_short_circuit_operator.py
[2026-05-04T01:07:30.826+0300] {processor.py:914} INFO - Processing file /home/nikita/airflow-setup/ENV/lib/python3.12/site-packages/airflow/example_dags/example_short_circuit_operator.py for tasks to queue
[2026-05-04T01:07:30.827+0300] {logging_mixin.py:190} INFO - [2026-05-04T01:07:30.827+0300] {dagbag.py:588} INFO - Filling up the DagBag from /home/nikita/airflow-setup/ENV/lib/python3.12/site-packages/airflow/example_dags/example_short_circuit_operator.py
[2026-05-04T01:07:30.835+0300] {processor.py:925} INFO - DAG(s) 'example_short_circuit_operator' retrieved from /home/nikita/airflow-setup/ENV/lib/python3.12/site-packages/airflow/example_dags/example_short_circuit_operator.py
[2026-05-04T01:07:30.848+0300] {logging_mixin.py:190} INFO - [2026-05-04T01:07:30.848+0300] {dag.py:3239} INFO - Sync 1 DAGs
[2026-05-04T01:07:30.858+0300] {logging_mixin.py:190} INFO - [2026-05-04T01:07:30.858+0300] {dag.py:4180} INFO - Setting next_dagrun for example_short_circuit_operator to None, run_after=None
[2026-05-04T01:07:30.879+0300] {processor.py:208} INFO - Processing /home/nikita/airflow-setup/ENV/lib/python3.12/site-packages/airflow/example_dags/example_short_circuit_operator.py took 0.066 seconds
[2026-05-04T01:08:38.196+0300] {processor.py:186} INFO - Started process (PID=11248) to work on /home/nikita/airflow-setup/ENV/lib/python3.12/site-packages/airflow/example_dags/example_short_circuit_operator.py
[2026-05-04T01:08:38.197+0300] {processor.py:914} INFO - Processing file /home/nikita/airflow-setup/ENV/lib/python3.12/site-packages/airflow/example_dags/example_short_circuit_operator.py for tasks to queue
[2026-05-04T01:08:38.198+0300] {logging_mixin.py:190} INFO - [2026-05-04T01:08:38.198+0300] {dagbag.py:588} INFO - Filling up the DagBag from /home/nikita/airflow-setup/ENV/lib/python3.12/site-packages/airflow/example_dags/example_short_circuit_operator.py
[2026-05-04T01:08:38.206+0300] {processor.py:925} INFO - DAG(s) 'example_short_circuit_operator' retrieved from /home/nikita/airflow-setup/ENV/lib/python3.12/site-packages/airflow/example_dags/example_short_circuit_operator.py
[2026-05-04T01:08:38.220+0300] {logging_mixin.py:190} INFO - [2026-05-04T01:08:38.219+0300] {dag.py:3239} INFO - Sync 1 DAGs
[2026-05-04T01:08:38.232+0300] {logging_mixin.py:190} INFO - [2026-05-04T01:08:38.232+0300] {dag.py:4180} INFO - Setting next_dagrun for example_short_circuit_operator to None, run_after=None
[2026-05-04T01:08:38.256+0300] {processor.py:208} INFO - Processing /home/nikita/airflow-setup/ENV/lib/python3.12/site-packages/airflow/example_dags/example_short_circuit_operator.py took 0.065 seconds
[2026-05-04T01:09:46.116+0300] {processor.py:186} INFO - Started process (PID=12143) to work on /home/nikita/airflow-setup/ENV/lib/python3.12/site-packages/airflow/example_dags/example_short_circuit_operator.py
[2026-05-04T01:09:46.117+0300] {processor.py:914} INFO - Processing file /home/nikita/airflow-setup/ENV/lib/python3.12/site-packages/airflow/example_dags/example_short_circuit_operator.py for tasks to queue
[2026-05-04T01:09:46.118+0300] {logging_mixin.py:190} INFO - [2026-05-04T01:09:46.118+0300] {dagbag.py:588} INFO - Filling up the DagBag from /home/nikita/airflow-setup/ENV/lib/python3.12/site-packages/airflow/example_dags/example_short_circuit_operator.py
[2026-05-04T01:09:46.125+0300] {processor.py:925} INFO - DAG(s) 'example_short_circuit_operator' retrieved from /home/nikita/airflow-setup/ENV/lib/python3.12/site-packages/airflow/example_dags/example_short_circuit_operator.py
[2026-05-04T01:09:46.138+0300] {logging_mixin.py:190} INFO - [2026-05-04T01:09:46.138+0300] {dag.py:3239} INFO - Sync 1 DAGs
[2026-05-04T01:09:46.147+0300] {logging_mixin.py:190} INFO - [2026-05-04T01:09:46.146+0300] {dag.py:4180} INFO - Setting next_dagrun for example_short_circuit_operator to None, run_after=None
[2026-05-04T01:09:46.163+0300] {processor.py:208} INFO - Processing /home/nikita/airflow-setup/ENV/lib/python3.12/site-packages/airflow/example_dags/example_short_circuit_operator.py took 0.051 seconds
[2026-05-04T01:10:54.848+0300] {processor.py:186} INFO - Started process (PID=12404) to work on /home/nikita/airflow-setup/ENV/lib/python3.12/site-packages/airflow/example_dags/example_short_circuit_operator.py
[2026-05-04T01:10:54.858+0300] {processor.py:914} INFO - Processing file /home/nikita/airflow-setup/ENV/lib/python3.12/site-packages/airflow/example_dags/example_short_circuit_operator.py for tasks to queue
[2026-05-04T01:10:54.859+0300] {logging_mixin.py:190} INFO - [2026-05-04T01:10:54.859+0300] {dagbag.py:588} INFO - Filling up the DagBag from /home/nikita/airflow-setup/ENV/lib/python3.12/site-packages/airflow/example_dags/example_short_circuit_operator.py
[2026-05-04T01:10:54.866+0300] {processor.py:925} INFO - DAG(s) 'example_short_circuit_operator' retrieved from /home/nikita/airflow-setup/ENV/lib/python3.12/site-packages/airflow/example_dags/example_short_circuit_operator.py
[2026-05-04T01:10:54.879+0300] {logging_mixin.py:190} INFO - [2026-05-04T01:10:54.878+0300] {dag.py:3239} INFO - Sync 1 DAGs
[2026-05-04T01:10:54.888+0300] {logging_mixin.py:190} INFO - [2026-05-04T01:10:54.887+0300] {dag.py:4180} INFO - Setting next_dagrun for example_short_circuit_operator to None, run_after=None
[2026-05-04T01:10:54.904+0300] {processor.py:208} INFO - Processing /home/nikita/airflow-setup/ENV/lib/python3.12/site-packages/airflow/example_dags/example_short_circuit_operator.py took 0.060 seconds
[2026-05-04T01:12:02.054+0300] {processor.py:186} INFO - Started process (PID=12656) to work on /home/nikita/airflow-setup/ENV/lib/python3.12/site-packages/airflow/example_dags/example_short_circuit_operator.py
[2026-05-04T01:12:02.064+0300] {processor.py:914} INFO - Processing file /home/nikita/airflow-setup/ENV/lib/python3.12/site-packages/airflow/example_dags/example_short_circuit_operator.py for tasks to queue
[2026-05-04T01:12:02.065+0300] {logging_mixin.py:190} INFO - [2026-05-04T01:12:02.064+0300] {dagbag.py:588} INFO - Filling up the DagBag from /home/nikita/airflow-setup/ENV/lib/python3.12/site-packages/airflow/example_dags/example_short_circuit_operator.py
[2026-05-04T01:12:02.072+0300] {processor.py:925} INFO - DAG(s) 'example_short_circuit_operator' retrieved from /home/nikita/airflow-setup/ENV/lib/python3.12/site-packages/airflow/example_dags/example_short_circuit_operator.py
[2026-05-04T01:12:02.085+0300] {logging_mixin.py:190} INFO - [2026-05-04T01:12:02.084+0300] {dag.py:3239} INFO - Sync 1 DAGs
[2026-05-04T01:12:02.094+0300] {logging_mixin.py:190} INFO - [2026-05-04T01:12:02.094+0300] {dag.py:4180} INFO - Setting next_dagrun for example_short_circuit_operator to None, run_after=None
[2026-05-04T01:12:02.112+0300] {processor.py:208} INFO - Processing /home/nikita/airflow-setup/ENV/lib/python3.12/site-packages/airflow/example_dags/example_short_circuit_operator.py took 0.062 seconds
[2026-05-04T01:13:01.664+0300] {processor.py:186} INFO - Started process (PID=12885) to work on /home/nikita/airflow-setup/ENV/lib/python3.12/site-packages/airflow/example_dags/example_short_circuit_operator.py
[2026-05-04T01:13:01.665+0300] {processor.py:914} INFO - Processing file /home/nikita/airflow-setup/ENV/lib/python3.12/site-packages/airflow/example_dags/example_short_circuit_operator.py for tasks to queue
[2026-05-04T01:13:01.666+0300] {logging_mixin.py:190} INFO - [2026-05-04T01:13:01.666+0300] {dagbag.py:588} INFO - Filling up the DagBag from /home/nikita/airflow-setup/ENV/lib/python3.12/site-packages/airflow/example_dags/example_short_circuit_operator.py
[2026-05-04T01:13:01.673+0300] {processor.py:925} INFO - DAG(s) 'example_short_circuit_operator' retrieved from /home/nikita/airflow-setup/ENV/lib/python3.12/site-packages/airflow/example_dags/example_short_circuit_operator.py
[2026-05-04T01:13:01.685+0300] {logging_mixin.py:190} INFO - [2026-05-04T01:13:01.685+0300] {dag.py:3239} INFO - Sync 1 DAGs
[2026-05-04T01:13:01.693+0300] {logging_mixin.py:190} INFO - [2026-05-04T01:13:01.693+0300] {dag.py:4180} INFO - Setting next_dagrun for example_short_circuit_operator to None, run_after=None
[2026-05-04T01:13:01.710+0300] {processor.py:208} INFO - Processing /home/nikita/airflow-setup/ENV/lib/python3.12/site-packages/airflow/example_dags/example_short_circuit_operator.py took 0.050 seconds
[2026-05-04T01:14:03.976+0300] {processor.py:186} INFO - Started process (PID=13512) to work on /home/nikita/airflow-setup/ENV/lib/python3.12/site-packages/airflow/example_dags/example_short_circuit_operator.py
[2026-05-04T01:14:03.978+0300] {processor.py:914} INFO - Processing file /home/nikita/airflow-setup/ENV/lib/python3.12/site-packages/airflow/example_dags/example_short_circuit_operator.py for tasks to queue
[2026-05-04T01:14:03.979+0300] {logging_mixin.py:190} INFO - [2026-05-04T01:14:03.979+0300] {dagbag.py:588} INFO - Filling up the DagBag from /home/nikita/airflow-setup/ENV/lib/python3.12/site-packages/airflow/example_dags/example_short_circuit_operator.py
[2026-05-04T01:14:03.989+0300] {processor.py:925} INFO - DAG(s) 'example_short_circuit_operator' retrieved from /home/nikita/airflow-setup/ENV/lib/python3.12/site-packages/airflow/example_dags/example_short_circuit_operator.py
[2026-05-04T01:14:04.007+0300] {logging_mixin.py:190} INFO - [2026-05-04T01:14:04.006+0300] {dag.py:3239} INFO - Sync 1 DAGs
[2026-05-04T01:14:04.032+0300] {logging_mixin.py:190} INFO - [2026-05-04T01:14:04.031+0300] {dag.py:4180} INFO - Setting next_dagrun for example_short_circuit_operator to None, run_after=None
[2026-05-04T01:14:04.057+0300] {processor.py:208} INFO - Processing /home/nikita/airflow-setup/ENV/lib/python3.12/site-packages/airflow/example_dags/example_short_circuit_operator.py took 0.087 seconds
[2026-05-04T01:15:11.898+0300] {processor.py:186} INFO - Started process (PID=14448) to work on /home/nikita/airflow-setup/ENV/lib/python3.12/site-packages/airflow/example_dags/example_short_circuit_operator.py
[2026-05-04T01:15:11.908+0300] {processor.py:914} INFO - Processing file /home/nikita/airflow-setup/ENV/lib/python3.12/site-packages/airflow/example_dags/example_short_circuit_operator.py for tasks to queue
[2026-05-04T01:15:11.909+0300] {logging_mixin.py:190} INFO - [2026-05-04T01:15:11.909+0300] {dagbag.py:588} INFO - Filling up the DagBag from /home/nikita/airflow-setup/ENV/lib/python3.12/site-packages/airflow/example_dags/example_short_circuit_operator.py
[2026-05-04T01:15:11.916+0300] {processor.py:925} INFO - DAG(s) 'example_short_circuit_operator' retrieved from /home/nikita/airflow-setup/ENV/lib/python3.12/site-packages/airflow/example_dags/example_short_circuit_operator.py
[2026-05-04T01:15:11.928+0300] {logging_mixin.py:190} INFO - [2026-05-04T01:15:11.928+0300] {dag.py:3239} INFO - Sync 1 DAGs
[2026-05-04T01:15:11.937+0300] {logging_mixin.py:190} INFO - [2026-05-04T01:15:11.936+0300] {dag.py:4180} INFO - Setting next_dagrun for example_short_circuit_operator to None, run_after=None
[2026-05-04T01:15:11.952+0300] {processor.py:208} INFO - Processing /home/nikita/airflow-setup/ENV/lib/python3.12/site-packages/airflow/example_dags/example_short_circuit_operator.py took 0.058 seconds
[2026-05-04T01:16:19.345+0300] {processor.py:186} INFO - Started process (PID=15661) to work on /home/nikita/airflow-setup/ENV/lib/python3.12/site-packages/airflow/example_dags/example_short_circuit_operator.py
[2026-05-04T01:16:19.346+0300] {processor.py:914} INFO - Processing file /home/nikita/airflow-setup/ENV/lib/python3.12/site-packages/airflow/example_dags/example_short_circuit_operator.py for tasks to queue
[2026-05-04T01:16:19.347+0300] {logging_mixin.py:190} INFO - [2026-05-04T01:16:19.346+0300] {dagbag.py:588} INFO - Filling up the DagBag from /home/nikita/airflow-setup/ENV/lib/python3.12/site-packages/airflow/example_dags/example_short_circuit_operator.py
[2026-05-04T01:16:19.355+0300] {processor.py:925} INFO - DAG(s) 'example_short_circuit_operator' retrieved from /home/nikita/airflow-setup/ENV/lib/python3.12/site-packages/airflow/example_dags/example_short_circuit_operator.py
[2026-05-04T01:16:19.369+0300] {logging_mixin.py:190} INFO - [2026-05-04T01:16:19.369+0300] {dag.py:3239} INFO - Sync 1 DAGs
[2026-05-04T01:16:19.380+0300] {logging_mixin.py:190} INFO - [2026-05-04T01:16:19.380+0300] {dag.py:4180} INFO - Setting next_dagrun for example_short_circuit_operator to None, run_after=None
[2026-05-04T01:16:19.398+0300] {processor.py:208} INFO - Processing /home/nikita/airflow-setup/ENV/lib/python3.12/site-packages/airflow/example_dags/example_short_circuit_operator.py took 0.059 seconds
[2026-05-04T01:17:29.050+0300] {processor.py:186} INFO - Started process (PID=15923) to work on /home/nikita/airflow-setup/ENV/lib/python3.12/site-packages/airflow/example_dags/example_short_circuit_operator.py
[2026-05-04T01:17:29.060+0300] {processor.py:914} INFO - Processing file /home/nikita/airflow-setup/ENV/lib/python3.12/site-packages/airflow/example_dags/example_short_circuit_operator.py for tasks to queue
[2026-05-04T01:17:29.062+0300] {logging_mixin.py:190} INFO - [2026-05-04T01:17:29.062+0300] {dagbag.py:588} INFO - Filling up the DagBag from /home/nikita/airflow-setup/ENV/lib/python3.12/site-packages/airflow/example_dags/example_short_circuit_operator.py
[2026-05-04T01:17:29.075+0300] {processor.py:925} INFO - DAG(s) 'example_short_circuit_operator' retrieved from /home/nikita/airflow-setup/ENV/lib/python3.12/site-packages/airflow/example_dags/example_short_circuit_operator.py
[2026-05-04T01:17:29.100+0300] {logging_mixin.py:190} INFO - [2026-05-04T01:17:29.100+0300] {dag.py:3239} INFO - Sync 1 DAGs
[2026-05-04T01:17:29.111+0300] {logging_mixin.py:190} INFO - [2026-05-04T01:17:29.111+0300] {dag.py:4180} INFO - Setting next_dagrun for example_short_circuit_operator to None, run_after=None
[2026-05-04T01:17:29.130+0300] {processor.py:208} INFO - Processing /home/nikita/airflow-setup/ENV/lib/python3.12/site-packages/airflow/example_dags/example_short_circuit_operator.py took 0.089 seconds
[2026-05-04T01:18:37.127+0300] {processor.py:186} INFO - Started process (PID=16180) to work on /home/nikita/airflow-setup/ENV/lib/python3.12/site-packages/airflow/example_dags/example_short_circuit_operator.py
[2026-05-04T01:18:37.136+0300] {processor.py:914} INFO - Processing file /home/nikita/airflow-setup/ENV/lib/python3.12/site-packages/airflow/example_dags/example_short_circuit_operator.py for tasks to queue
[2026-05-04T01:18:37.137+0300] {logging_mixin.py:190} INFO - [2026-05-04T01:18:37.137+0300] {dagbag.py:588} INFO - Filling up the DagBag from /home/nikita/airflow-setup/ENV/lib/python3.12/site-packages/airflow/example_dags/example_short_circuit_operator.py
[2026-05-04T01:18:37.144+0300] {processor.py:925} INFO - DAG(s) 'example_short_circuit_operator' retrieved from /home/nikita/airflow-setup/ENV/lib/python3.12/site-packages/airflow/example_dags/example_short_circuit_operator.py
[2026-05-04T01:18:37.156+0300] {logging_mixin.py:190} INFO - [2026-05-04T01:18:37.156+0300] {dag.py:3239} INFO - Sync 1 DAGs
[2026-05-04T01:18:37.164+0300] {logging_mixin.py:190} INFO - [2026-05-04T01:18:37.164+0300] {dag.py:4180} INFO - Setting next_dagrun for example_short_circuit_operator to None, run_after=None
[2026-05-04T01:18:37.182+0300] {processor.py:208} INFO - Processing /home/nikita/airflow-setup/ENV/lib/python3.12/site-packages/airflow/example_dags/example_short_circuit_operator.py took 0.060 seconds
[2026-05-04T01:19:40.484+0300] {processor.py:186} INFO - Started process (PID=16428) to work on /home/nikita/airflow-setup/ENV/lib/python3.12/site-packages/airflow/example_dags/example_short_circuit_operator.py
[2026-05-04T01:19:40.485+0300] {processor.py:914} INFO - Processing file /home/nikita/airflow-setup/ENV/lib/python3.12/site-packages/airflow/example_dags/example_short_circuit_operator.py for tasks to queue
[2026-05-04T01:19:40.487+0300] {logging_mixin.py:190} INFO - [2026-05-04T01:19:40.486+0300] {dagbag.py:588} INFO - Filling up the DagBag from /home/nikita/airflow-setup/ENV/lib/python3.12/site-packages/airflow/example_dags/example_short_circuit_operator.py
[2026-05-04T01:19:40.495+0300] {processor.py:925} INFO - DAG(s) 'example_short_circuit_operator' retrieved from /home/nikita/airflow-setup/ENV/lib/python3.12/site-packages/airflow/example_dags/example_short_circuit_operator.py
[2026-05-04T01:19:40.509+0300] {logging_mixin.py:190} INFO - [2026-05-04T01:19:40.509+0300] {dag.py:3239} INFO - Sync 1 DAGs
[2026-05-04T01:19:40.519+0300] {logging_mixin.py:190} INFO - [2026-05-04T01:19:40.518+0300] {dag.py:4180} INFO - Setting next_dagrun for example_short_circuit_operator to None, run_after=None
[2026-05-04T01:19:40.536+0300] {processor.py:208} INFO - Processing /home/nikita/airflow-setup/ENV/lib/python3.12/site-packages/airflow/example_dags/example_short_circuit_operator.py took 0.057 seconds
[2026-05-04T01:20:47.624+0300] {processor.py:186} INFO - Started process (PID=16698) to work on /home/nikita/airflow-setup/ENV/lib/python3.12/site-packages/airflow/example_dags/example_short_circuit_operator.py
[2026-05-04T01:20:47.632+0300] {processor.py:914} INFO - Processing file /home/nikita/airflow-setup/ENV/lib/python3.12/site-packages/airflow/example_dags/example_short_circuit_operator.py for tasks to queue
[2026-05-04T01:20:47.633+0300] {logging_mixin.py:190} INFO - [2026-05-04T01:20:47.633+0300] {dagbag.py:588} INFO - Filling up the DagBag from /home/nikita/airflow-setup/ENV/lib/python3.12/site-packages/airflow/example_dags/example_short_circuit_operator.py
[2026-05-04T01:20:47.640+0300] {processor.py:925} INFO - DAG(s) 'example_short_circuit_operator' retrieved from /home/nikita/airflow-setup/ENV/lib/python3.12/site-packages/airflow/example_dags/example_short_circuit_operator.py
[2026-05-04T01:20:47.652+0300] {logging_mixin.py:190} INFO - [2026-05-04T01:20:47.652+0300] {dag.py:3239} INFO - Sync 1 DAGs
[2026-05-04T01:20:47.660+0300] {logging_mixin.py:190} INFO - [2026-05-04T01:20:47.660+0300] {dag.py:4180} INFO - Setting next_dagrun for example_short_circuit_operator to None, run_after=None
[2026-05-04T01:20:47.677+0300] {processor.py:208} INFO - Processing /home/nikita/airflow-setup/ENV/lib/python3.12/site-packages/airflow/example_dags/example_short_circuit_operator.py took 0.057 seconds
[2026-05-04T01:21:55.120+0300] {processor.py:186} INFO - Started process (PID=16950) to work on /home/nikita/airflow-setup/ENV/lib/python3.12/site-packages/airflow/example_dags/example_short_circuit_operator.py
[2026-05-04T01:21:55.122+0300] {processor.py:914} INFO - Processing file /home/nikita/airflow-setup/ENV/lib/python3.12/site-packages/airflow/example_dags/example_short_circuit_operator.py for tasks to queue
[2026-05-04T01:21:55.124+0300] {logging_mixin.py:190} INFO - [2026-05-04T01:21:55.123+0300] {dagbag.py:588} INFO - Filling up the DagBag from /home/nikita/airflow-setup/ENV/lib/python3.12/site-packages/airflow/example_dags/example_short_circuit_operator.py
[2026-05-04T01:21:55.132+0300] {processor.py:925} INFO - DAG(s) 'example_short_circuit_operator' retrieved from /home/nikita/airflow-setup/ENV/lib/python3.12/site-packages/airflow/example_dags/example_short_circuit_operator.py
[2026-05-04T01:21:55.146+0300] {logging_mixin.py:190} INFO - [2026-05-04T01:21:55.146+0300] {dag.py:3239} INFO - Sync 1 DAGs
[2026-05-04T01:21:55.157+0300] {logging_mixin.py:190} INFO - [2026-05-04T01:21:55.157+0300] {dag.py:4180} INFO - Setting next_dagrun for example_short_circuit_operator to None, run_after=None
[2026-05-04T01:21:55.185+0300] {processor.py:208} INFO - Processing /home/nikita/airflow-setup/ENV/lib/python3.12/site-packages/airflow/example_dags/example_short_circuit_operator.py took 0.070 seconds
[2026-05-04T01:23:08.462+0300] {processor.py:186} INFO - Started process (PID=17229) to work on /home/nikita/airflow-setup/ENV/lib/python3.12/site-packages/airflow/example_dags/example_short_circuit_operator.py
[2026-05-04T01:23:08.472+0300] {processor.py:914} INFO - Processing file /home/nikita/airflow-setup/ENV/lib/python3.12/site-packages/airflow/example_dags/example_short_circuit_operator.py for tasks to queue
[2026-05-04T01:23:08.473+0300] {logging_mixin.py:190} INFO - [2026-05-04T01:23:08.473+0300] {dagbag.py:588} INFO - Filling up the DagBag from /home/nikita/airflow-setup/ENV/lib/python3.12/site-packages/airflow/example_dags/example_short_circuit_operator.py
[2026-05-04T01:23:08.480+0300] {processor.py:925} INFO - DAG(s) 'example_short_circuit_operator' retrieved from /home/nikita/airflow-setup/ENV/lib/python3.12/site-packages/airflow/example_dags/example_short_circuit_operator.py
[2026-05-04T01:23:08.495+0300] {logging_mixin.py:190} INFO - [2026-05-04T01:23:08.494+0300] {dag.py:3239} INFO - Sync 1 DAGs
[2026-05-04T01:23:08.503+0300] {logging_mixin.py:190} INFO - [2026-05-04T01:23:08.503+0300] {dag.py:4180} INFO - Setting next_dagrun for example_short_circuit_operator to None, run_after=None
[2026-05-04T01:23:08.520+0300] {processor.py:208} INFO - Processing /home/nikita/airflow-setup/ENV/lib/python3.12/site-packages/airflow/example_dags/example_short_circuit_operator.py took 0.063 seconds
[2026-05-04T01:24:13.861+0300] {processor.py:186} INFO - Started process (PID=17473) to work on /home/nikita/airflow-setup/ENV/lib/python3.12/site-packages/airflow/example_dags/example_short_circuit_operator.py
[2026-05-04T01:24:13.869+0300] {processor.py:914} INFO - Processing file /home/nikita/airflow-setup/ENV/lib/python3.12/site-packages/airflow/example_dags/example_short_circuit_operator.py for tasks to queue
[2026-05-04T01:24:13.870+0300] {logging_mixin.py:190} INFO - [2026-05-04T01:24:13.870+0300] {dagbag.py:588} INFO - Filling up the DagBag from /home/nikita/airflow-setup/ENV/lib/python3.12/site-packages/airflow/example_dags/example_short_circuit_operator.py
[2026-05-04T01:24:13.878+0300] {processor.py:925} INFO - DAG(s) 'example_short_circuit_operator' retrieved from /home/nikita/airflow-setup/ENV/lib/python3.12/site-packages/airflow/example_dags/example_short_circuit_operator.py
[2026-05-04T01:24:13.891+0300] {logging_mixin.py:190} INFO - [2026-05-04T01:24:13.891+0300] {dag.py:3239} INFO - Sync 1 DAGs
[2026-05-04T01:24:13.901+0300] {logging_mixin.py:190} INFO - [2026-05-04T01:24:13.901+0300] {dag.py:4180} INFO - Setting next_dagrun for example_short_circuit_operator to None, run_after=None
[2026-05-04T01:24:13.917+0300] {processor.py:208} INFO - Processing /home/nikita/airflow-setup/ENV/lib/python3.12/site-packages/airflow/example_dags/example_short_circuit_operator.py took 0.061 seconds
[2026-05-04T01:25:23.851+0300] {processor.py:186} INFO - Started process (PID=18088) to work on /home/nikita/airflow-setup/ENV/lib/python3.12/site-packages/airflow/example_dags/example_short_circuit_operator.py
[2026-05-04T01:25:23.852+0300] {processor.py:914} INFO - Processing file /home/nikita/airflow-setup/ENV/lib/python3.12/site-packages/airflow/example_dags/example_short_circuit_operator.py for tasks to queue
[2026-05-04T01:25:23.853+0300] {logging_mixin.py:190} INFO - [2026-05-04T01:25:23.853+0300] {dagbag.py:588} INFO - Filling up the DagBag from /home/nikita/airflow-setup/ENV/lib/python3.12/site-packages/airflow/example_dags/example_short_circuit_operator.py
[2026-05-04T01:25:23.860+0300] {processor.py:925} INFO - DAG(s) 'example_short_circuit_operator' retrieved from /home/nikita/airflow-setup/ENV/lib/python3.12/site-packages/airflow/example_dags/example_short_circuit_operator.py
[2026-05-04T01:25:23.873+0300] {logging_mixin.py:190} INFO - [2026-05-04T01:25:23.873+0300] {dag.py:3239} INFO - Sync 1 DAGs
[2026-05-04T01:25:23.882+0300] {logging_mixin.py:190} INFO - [2026-05-04T01:25:23.882+0300] {dag.py:4180} INFO - Setting next_dagrun for example_short_circuit_operator to None, run_after=None
[2026-05-04T01:25:23.897+0300] {processor.py:208} INFO - Processing /home/nikita/airflow-setup/ENV/lib/python3.12/site-packages/airflow/example_dags/example_short_circuit_operator.py took 0.051 seconds
[2026-05-04T01:26:35.763+0300] {processor.py:186} INFO - Started process (PID=19349) to work on /home/nikita/airflow-setup/ENV/lib/python3.12/site-packages/airflow/example_dags/example_short_circuit_operator.py
[2026-05-04T01:26:35.764+0300] {processor.py:914} INFO - Processing file /home/nikita/airflow-setup/ENV/lib/python3.12/site-packages/airflow/example_dags/example_short_circuit_operator.py for tasks to queue
[2026-05-04T01:26:35.765+0300] {logging_mixin.py:190} INFO - [2026-05-04T01:26:35.765+0300] {dagbag.py:588} INFO - Filling up the DagBag from /home/nikita/airflow-setup/ENV/lib/python3.12/site-packages/airflow/example_dags/example_short_circuit_operator.py
[2026-05-04T01:26:35.773+0300] {processor.py:925} INFO - DAG(s) 'example_short_circuit_operator' retrieved from /home/nikita/airflow-setup/ENV/lib/python3.12/site-packages/airflow/example_dags/example_short_circuit_operator.py
[2026-05-04T01:26:35.787+0300] {logging_mixin.py:190} INFO - [2026-05-04T01:26:35.787+0300] {dag.py:3239} INFO - Sync 1 DAGs
[2026-05-04T01:26:35.797+0300] {logging_mixin.py:190} INFO - [2026-05-04T01:26:35.796+0300] {dag.py:4180} INFO - Setting next_dagrun for example_short_circuit_operator to None, run_after=None
[2026-05-04T01:26:35.814+0300] {processor.py:208} INFO - Processing /home/nikita/airflow-setup/ENV/lib/python3.12/site-packages/airflow/example_dags/example_short_circuit_operator.py took 0.056 seconds
[2026-05-04T01:27:43.314+0300] {processor.py:186} INFO - Started process (PID=19603) to work on /home/nikita/airflow-setup/ENV/lib/python3.12/site-packages/airflow/example_dags/example_short_circuit_operator.py
[2026-05-04T01:27:43.316+0300] {processor.py:914} INFO - Processing file /home/nikita/airflow-setup/ENV/lib/python3.12/site-packages/airflow/example_dags/example_short_circuit_operator.py for tasks to queue
[2026-05-04T01:27:43.317+0300] {logging_mixin.py:190} INFO - [2026-05-04T01:27:43.317+0300] {dagbag.py:588} INFO - Filling up the DagBag from /home/nikita/airflow-setup/ENV/lib/python3.12/site-packages/airflow/example_dags/example_short_circuit_operator.py
[2026-05-04T01:27:43.325+0300] {processor.py:925} INFO - DAG(s) 'example_short_circuit_operator' retrieved from /home/nikita/airflow-setup/ENV/lib/python3.12/site-packages/airflow/example_dags/example_short_circuit_operator.py
[2026-05-04T01:27:43.340+0300] {logging_mixin.py:190} INFO - [2026-05-04T01:27:43.340+0300] {dag.py:3239} INFO - Sync 1 DAGs
[2026-05-04T01:27:43.350+0300] {logging_mixin.py:190} INFO - [2026-05-04T01:27:43.350+0300] {dag.py:4180} INFO - Setting next_dagrun for example_short_circuit_operator to None, run_after=None
[2026-05-04T01:27:43.510+0300] {processor.py:208} INFO - Processing /home/nikita/airflow-setup/ENV/lib/python3.12/site-packages/airflow/example_dags/example_short_circuit_operator.py took 0.201 seconds
[2026-05-04T01:28:55.586+0300] {processor.py:186} INFO - Started process (PID=19879) to work on /home/nikita/airflow-setup/ENV/lib/python3.12/site-packages/airflow/example_dags/example_short_circuit_operator.py
[2026-05-04T01:28:55.588+0300] {processor.py:914} INFO - Processing file /home/nikita/airflow-setup/ENV/lib/python3.12/site-packages/airflow/example_dags/example_short_circuit_operator.py for tasks to queue
[2026-05-04T01:28:55.589+0300] {logging_mixin.py:190} INFO - [2026-05-04T01:28:55.588+0300] {dagbag.py:588} INFO - Filling up the DagBag from /home/nikita/airflow-setup/ENV/lib/python3.12/site-packages/airflow/example_dags/example_short_circuit_operator.py
[2026-05-04T01:28:55.596+0300] {processor.py:925} INFO - DAG(s) 'example_short_circuit_operator' retrieved from /home/nikita/airflow-setup/ENV/lib/python3.12/site-packages/airflow/example_dags/example_short_circuit_operator.py
[2026-05-04T01:28:55.610+0300] {logging_mixin.py:190} INFO - [2026-05-04T01:28:55.609+0300] {dag.py:3239} INFO - Sync 1 DAGs
[2026-05-04T01:28:55.620+0300] {logging_mixin.py:190} INFO - [2026-05-04T01:28:55.620+0300] {dag.py:4180} INFO - Setting next_dagrun for example_short_circuit_operator to None, run_after=None
[2026-05-04T01:28:55.638+0300] {processor.py:208} INFO - Processing /home/nikita/airflow-setup/ENV/lib/python3.12/site-packages/airflow/example_dags/example_short_circuit_operator.py took 0.055 seconds
[2026-05-04T01:30:06.806+0300] {processor.py:186} INFO - Started process (PID=20148) to work on /home/nikita/airflow-setup/ENV/lib/python3.12/site-packages/airflow/example_dags/example_short_circuit_operator.py
[2026-05-04T01:30:06.807+0300] {processor.py:914} INFO - Processing file /home/nikita/airflow-setup/ENV/lib/python3.12/site-packages/airflow/example_dags/example_short_circuit_operator.py for tasks to queue
[2026-05-04T01:30:06.808+0300] {logging_mixin.py:190} INFO - [2026-05-04T01:30:06.808+0300] {dagbag.py:588} INFO - Filling up the DagBag from /home/nikita/airflow-setup/ENV/lib/python3.12/site-packages/airflow/example_dags/example_short_circuit_operator.py
[2026-05-04T01:30:06.816+0300] {processor.py:925} INFO - DAG(s) 'example_short_circuit_operator' retrieved from /home/nikita/airflow-setup/ENV/lib/python3.12/site-packages/airflow/example_dags/example_short_circuit_operator.py
[2026-05-04T01:30:06.831+0300] {logging_mixin.py:190} INFO - [2026-05-04T01:30:06.831+0300] {dag.py:3239} INFO - Sync 1 DAGs
[2026-05-04T01:30:06.841+0300] {logging_mixin.py:190} INFO - [2026-05-04T01:30:06.841+0300] {dag.py:4180} INFO - Setting next_dagrun for example_short_circuit_operator to None, run_after=None
[2026-05-04T01:30:06.860+0300] {processor.py:208} INFO - Processing /home/nikita/airflow-setup/ENV/lib/python3.12/site-packages/airflow/example_dags/example_short_circuit_operator.py took 0.059 seconds
[2026-05-04T01:31:20.756+0300] {processor.py:186} INFO - Started process (PID=20419) to work on /home/nikita/airflow-setup/ENV/lib/python3.12/site-packages/airflow/example_dags/example_short_circuit_operator.py
[2026-05-04T01:31:20.758+0300] {processor.py:914} INFO - Processing file /home/nikita/airflow-setup/ENV/lib/python3.12/site-packages/airflow/example_dags/example_short_circuit_operator.py for tasks to queue
[2026-05-04T01:31:20.759+0300] {logging_mixin.py:190} INFO - [2026-05-04T01:31:20.759+0300] {dagbag.py:588} INFO - Filling up the DagBag from /home/nikita/airflow-setup/ENV/lib/python3.12/site-packages/airflow/example_dags/example_short_circuit_operator.py
[2026-05-04T01:31:20.766+0300] {processor.py:925} INFO - DAG(s) 'example_short_circuit_operator' retrieved from /home/nikita/airflow-setup/ENV/lib/python3.12/site-packages/airflow/example_dags/example_short_circuit_operator.py
[2026-05-04T01:31:20.780+0300] {logging_mixin.py:190} INFO - [2026-05-04T01:31:20.780+0300] {dag.py:3239} INFO - Sync 1 DAGs
[2026-05-04T01:31:20.901+0300] {logging_mixin.py:190} INFO - [2026-05-04T01:31:20.901+0300] {dag.py:4180} INFO - Setting next_dagrun for example_short_circuit_operator to None, run_after=None
[2026-05-04T01:31:20.918+0300] {processor.py:208} INFO - Processing /home/nikita/airflow-setup/ENV/lib/python3.12/site-packages/airflow/example_dags/example_short_circuit_operator.py took 0.167 seconds
[2026-05-04T01:32:38.755+0300] {processor.py:186} INFO - Started process (PID=20731) to work on /home/nikita/airflow-setup/ENV/lib/python3.12/site-packages/airflow/example_dags/example_short_circuit_operator.py
[2026-05-04T01:32:38.757+0300] {processor.py:914} INFO - Processing file /home/nikita/airflow-setup/ENV/lib/python3.12/site-packages/airflow/example_dags/example_short_circuit_operator.py for tasks to queue
[2026-05-04T01:32:38.758+0300] {logging_mixin.py:190} INFO - [2026-05-04T01:32:38.758+0300] {dagbag.py:588} INFO - Filling up the DagBag from /home/nikita/airflow-setup/ENV/lib/python3.12/site-packages/airflow/example_dags/example_short_circuit_operator.py
[2026-05-04T01:32:38.764+0300] {processor.py:925} INFO - DAG(s) 'example_short_circuit_operator' retrieved from /home/nikita/airflow-setup/ENV/lib/python3.12/site-packages/airflow/example_dags/example_short_circuit_operator.py
[2026-05-04T01:32:38.776+0300] {logging_mixin.py:190} INFO - [2026-05-04T01:32:38.776+0300] {dag.py:3239} INFO - Sync 1 DAGs
[2026-05-04T01:32:38.785+0300] {logging_mixin.py:190} INFO - [2026-05-04T01:32:38.785+0300] {dag.py:4180} INFO - Setting next_dagrun for example_short_circuit_operator to None, run_after=None
[2026-05-04T01:32:38.802+0300] {processor.py:208} INFO - Processing /home/nikita/airflow-setup/ENV/lib/python3.12/site-packages/airflow/example_dags/example_short_circuit_operator.py took 0.050 seconds
[2026-05-04T01:33:44.606+0300] {processor.py:186} INFO - Started process (PID=21237) to work on /home/nikita/airflow-setup/ENV/lib/python3.12/site-packages/airflow/example_dags/example_short_circuit_operator.py
[2026-05-04T01:33:44.615+0300] {processor.py:914} INFO - Processing file /home/nikita/airflow-setup/ENV/lib/python3.12/site-packages/airflow/example_dags/example_short_circuit_operator.py for tasks to queue
[2026-05-04T01:33:44.616+0300] {logging_mixin.py:190} INFO - [2026-05-04T01:33:44.616+0300] {dagbag.py:588} INFO - Filling up the DagBag from /home/nikita/airflow-setup/ENV/lib/python3.12/site-packages/airflow/example_dags/example_short_circuit_operator.py
[2026-05-04T01:33:44.623+0300] {processor.py:925} INFO - DAG(s) 'example_short_circuit_operator' retrieved from /home/nikita/airflow-setup/ENV/lib/python3.12/site-packages/airflow/example_dags/example_short_circuit_operator.py
[2026-05-04T01:33:44.637+0300] {logging_mixin.py:190} INFO - [2026-05-04T01:33:44.637+0300] {dag.py:3239} INFO - Sync 1 DAGs
[2026-05-04T01:33:44.647+0300] {logging_mixin.py:190} INFO - [2026-05-04T01:33:44.646+0300] {dag.py:4180} INFO - Setting next_dagrun for example_short_circuit_operator to None, run_after=None
[2026-05-04T01:33:44.662+0300] {processor.py:208} INFO - Processing /home/nikita/airflow-setup/ENV/lib/python3.12/site-packages/airflow/example_dags/example_short_circuit_operator.py took 0.061 seconds
[2026-05-04T01:34:47.890+0300] {processor.py:186} INFO - Started process (PID=21481) to work on /home/nikita/airflow-setup/ENV/lib/python3.12/site-packages/airflow/example_dags/example_short_circuit_operator.py
[2026-05-04T01:34:47.899+0300] {processor.py:914} INFO - Processing file /home/nikita/airflow-setup/ENV/lib/python3.12/site-packages/airflow/example_dags/example_short_circuit_operator.py for tasks to queue
[2026-05-04T01:34:47.900+0300] {logging_mixin.py:190} INFO - [2026-05-04T01:34:47.899+0300] {dagbag.py:588} INFO - Filling up the DagBag from /home/nikita/airflow-setup/ENV/lib/python3.12/site-packages/airflow/example_dags/example_short_circuit_operator.py
[2026-05-04T01:34:47.906+0300] {processor.py:925} INFO - DAG(s) 'example_short_circuit_operator' retrieved from /home/nikita/airflow-setup/ENV/lib/python3.12/site-packages/airflow/example_dags/example_short_circuit_operator.py
[2026-05-04T01:34:47.918+0300] {logging_mixin.py:190} INFO - [2026-05-04T01:34:47.918+0300] {dag.py:3239} INFO - Sync 1 DAGs
[2026-05-04T01:34:47.929+0300] {logging_mixin.py:190} INFO - [2026-05-04T01:34:47.929+0300] {dag.py:4180} INFO - Setting next_dagrun for example_short_circuit_operator to None, run_after=None
[2026-05-04T01:34:47.946+0300] {processor.py:208} INFO - Processing /home/nikita/airflow-setup/ENV/lib/python3.12/site-packages/airflow/example_dags/example_short_circuit_operator.py took 0.060 seconds
[2026-05-04T01:35:49.546+0300] {processor.py:186} INFO - Started process (PID=21722) to work on /home/nikita/airflow-setup/ENV/lib/python3.12/site-packages/airflow/example_dags/example_short_circuit_operator.py
[2026-05-04T01:35:49.555+0300] {processor.py:914} INFO - Processing file /home/nikita/airflow-setup/ENV/lib/python3.12/site-packages/airflow/example_dags/example_short_circuit_operator.py for tasks to queue
[2026-05-04T01:35:49.556+0300] {logging_mixin.py:190} INFO - [2026-05-04T01:35:49.556+0300] {dagbag.py:588} INFO - Filling up the DagBag from /home/nikita/airflow-setup/ENV/lib/python3.12/site-packages/airflow/example_dags/example_short_circuit_operator.py
[2026-05-04T01:35:49.564+0300] {processor.py:925} INFO - DAG(s) 'example_short_circuit_operator' retrieved from /home/nikita/airflow-setup/ENV/lib/python3.12/site-packages/airflow/example_dags/example_short_circuit_operator.py
[2026-05-04T01:35:49.577+0300] {logging_mixin.py:190} INFO - [2026-05-04T01:35:49.577+0300] {dag.py:3239} INFO - Sync 1 DAGs
[2026-05-04T01:35:49.586+0300] {logging_mixin.py:190} INFO - [2026-05-04T01:35:49.586+0300] {dag.py:4180} INFO - Setting next_dagrun for example_short_circuit_operator to None, run_after=None
[2026-05-04T01:35:49.602+0300] {processor.py:208} INFO - Processing /home/nikita/airflow-setup/ENV/lib/python3.12/site-packages/airflow/example_dags/example_short_circuit_operator.py took 0.060 seconds
