[2026-05-04T00:45:51.308+0300] {processor.py:186} INFO - Started process (PID=5947) to work on /home/nikita/airflow-setup/ENV/lib/python3.12/site-packages/airflow/example_dags/example_task_group.py
[2026-05-04T00:45:51.309+0300] {processor.py:914} INFO - Processing file /home/nikita/airflow-setup/ENV/lib/python3.12/site-packages/airflow/example_dags/example_task_group.py for tasks to queue
[2026-05-04T00:45:51.310+0300] {logging_mixin.py:190} INFO - [2026-05-04T00:45:51.310+0300] {dagbag.py:588} INFO - Filling up the DagBag from /home/nikita/airflow-setup/ENV/lib/python3.12/site-packages/airflow/example_dags/example_task_group.py
[2026-05-04T00:45:51.317+0300] {processor.py:925} INFO - DAG(s) 'example_task_group' retrieved from /home/nikita/airflow-setup/ENV/lib/python3.12/site-packages/airflow/example_dags/example_task_group.py
[2026-05-04T00:45:51.395+0300] {logging_mixin.py:190} INFO - [2026-05-04T00:45:51.395+0300] {override.py:1930} INFO - Created Permission View: can read on DAG:example_task_group
[2026-05-04T00:45:51.404+0300] {logging_mixin.py:190} INFO - [2026-05-04T00:45:51.404+0300] {override.py:1930} INFO - Created Permission View: can delete on DAG:example_task_group
[2026-05-04T00:45:51.410+0300] {logging_mixin.py:190} INFO - [2026-05-04T00:45:51.410+0300] {override.py:1930} INFO - Created Permission View: can edit on DAG:example_task_group
[2026-05-04T00:45:51.418+0300] {logging_mixin.py:190} INFO - [2026-05-04T00:45:51.418+0300] {override.py:1930} INFO - Created Permission View: can read on DAG Run:example_task_group
[2026-05-04T00:45:51.424+0300] {logging_mixin.py:190} INFO - [2026-05-04T00:45:51.423+0300] {override.py:1930} INFO - Created Permission View: can delete on DAG Run:example_task_group
[2026-05-04T00:45:51.429+0300] {logging_mixin.py:190} INFO - [2026-05-04T00:45:51.428+0300] {override.py:1930} INFO - Created Permission View: menu access on DAG Run:example_task_group
[2026-05-04T00:45:51.434+0300] {logging_mixin.py:190} INFO - [2026-05-04T00:45:51.433+0300] {override.py:1930} INFO - Created Permission View: can create on DAG Run:example_task_group
[2026-05-04T00:45:51.434+0300] {logging_mixin.py:190} INFO - [2026-05-04T00:45:51.434+0300] {dag.py:3239} INFO - Sync 1 DAGs
[2026-05-04T00:45:51.441+0300] {logging_mixin.py:190} INFO - [2026-05-04T00:45:51.441+0300] {dag.py:3262} INFO - Creating ORM DAG for example_task_group
[2026-05-04T00:45:51.442+0300] {logging_mixin.py:190} INFO - [2026-05-04T00:45:51.441+0300] {dag.py:4180} INFO - Setting next_dagrun for example_task_group to None, run_after=None
[2026-05-04T00:45:51.455+0300] {processor.py:208} INFO - Processing /home/nikita/airflow-setup/ENV/lib/python3.12/site-packages/airflow/example_dags/example_task_group.py took 0.151 seconds
[2026-05-04T00:46:55.330+0300] {processor.py:186} INFO - Started process (PID=6008) to work on /home/nikita/airflow-setup/ENV/lib/python3.12/site-packages/airflow/example_dags/example_task_group.py
[2026-05-04T00:46:55.340+0300] {processor.py:914} INFO - Processing file /home/nikita/airflow-setup/ENV/lib/python3.12/site-packages/airflow/example_dags/example_task_group.py for tasks to queue
[2026-05-04T00:46:55.342+0300] {logging_mixin.py:190} INFO - [2026-05-04T00:46:55.342+0300] {dagbag.py:588} INFO - Filling up the DagBag from /home/nikita/airflow-setup/ENV/lib/python3.12/site-packages/airflow/example_dags/example_task_group.py
[2026-05-04T00:46:55.348+0300] {processor.py:925} INFO - DAG(s) 'example_task_group' retrieved from /home/nikita/airflow-setup/ENV/lib/python3.12/site-packages/airflow/example_dags/example_task_group.py
[2026-05-04T00:46:55.359+0300] {logging_mixin.py:190} INFO - [2026-05-04T00:46:55.359+0300] {dag.py:3239} INFO - Sync 1 DAGs
[2026-05-04T00:46:55.367+0300] {logging_mixin.py:190} INFO - [2026-05-04T00:46:55.367+0300] {dag.py:4180} INFO - Setting next_dagrun for example_task_group to None, run_after=None
[2026-05-04T00:46:55.382+0300] {processor.py:208} INFO - Processing /home/nikita/airflow-setup/ENV/lib/python3.12/site-packages/airflow/example_dags/example_task_group.py took 0.056 seconds
[2026-05-04T00:47:55.828+0300] {processor.py:186} INFO - Started process (PID=6083) to work on /home/nikita/airflow-setup/ENV/lib/python3.12/site-packages/airflow/example_dags/example_task_group.py
[2026-05-04T00:47:55.829+0300] {processor.py:914} INFO - Processing file /home/nikita/airflow-setup/ENV/lib/python3.12/site-packages/airflow/example_dags/example_task_group.py for tasks to queue
[2026-05-04T00:47:55.831+0300] {logging_mixin.py:190} INFO - [2026-05-04T00:47:55.830+0300] {dagbag.py:588} INFO - Filling up the DagBag from /home/nikita/airflow-setup/ENV/lib/python3.12/site-packages/airflow/example_dags/example_task_group.py
[2026-05-04T00:47:55.836+0300] {processor.py:925} INFO - DAG(s) 'example_task_group' retrieved from /home/nikita/airflow-setup/ENV/lib/python3.12/site-packages/airflow/example_dags/example_task_group.py
[2026-05-04T00:47:55.847+0300] {logging_mixin.py:190} INFO - [2026-05-04T00:47:55.847+0300] {dag.py:3239} INFO - Sync 1 DAGs
[2026-05-04T00:47:55.855+0300] {logging_mixin.py:190} INFO - [2026-05-04T00:47:55.855+0300] {dag.py:4180} INFO - Setting next_dagrun for example_task_group to None, run_after=None
[2026-05-04T00:47:55.885+0300] {processor.py:208} INFO - Processing /home/nikita/airflow-setup/ENV/lib/python3.12/site-packages/airflow/example_dags/example_task_group.py took 0.060 seconds
[2026-05-04T00:48:56.582+0300] {processor.py:186} INFO - Started process (PID=6141) to work on /home/nikita/airflow-setup/ENV/lib/python3.12/site-packages/airflow/example_dags/example_task_group.py
[2026-05-04T00:48:56.592+0300] {processor.py:914} INFO - Processing file /home/nikita/airflow-setup/ENV/lib/python3.12/site-packages/airflow/example_dags/example_task_group.py for tasks to queue
[2026-05-04T00:48:56.594+0300] {logging_mixin.py:190} INFO - [2026-05-04T00:48:56.594+0300] {dagbag.py:588} INFO - Filling up the DagBag from /home/nikita/airflow-setup/ENV/lib/python3.12/site-packages/airflow/example_dags/example_task_group.py
[2026-05-04T00:48:56.600+0300] {processor.py:925} INFO - DAG(s) 'example_task_group' retrieved from /home/nikita/airflow-setup/ENV/lib/python3.12/site-packages/airflow/example_dags/example_task_group.py
[2026-05-04T00:48:56.613+0300] {logging_mixin.py:190} INFO - [2026-05-04T00:48:56.613+0300] {dag.py:3239} INFO - Sync 1 DAGs
[2026-05-04T00:48:56.622+0300] {logging_mixin.py:190} INFO - [2026-05-04T00:48:56.622+0300] {dag.py:4180} INFO - Setting next_dagrun for example_task_group to None, run_after=None
[2026-05-04T00:48:56.640+0300] {processor.py:208} INFO - Processing /home/nikita/airflow-setup/ENV/lib/python3.12/site-packages/airflow/example_dags/example_task_group.py took 0.061 seconds
[2026-05-04T00:49:53.943+0300] {processor.py:186} INFO - Started process (PID=6198) to work on /home/nikita/airflow-setup/ENV/lib/python3.12/site-packages/airflow/example_dags/example_task_group.py
[2026-05-04T00:49:53.953+0300] {processor.py:914} INFO - Processing file /home/nikita/airflow-setup/ENV/lib/python3.12/site-packages/airflow/example_dags/example_task_group.py for tasks to queue
[2026-05-04T00:49:53.954+0300] {logging_mixin.py:190} INFO - [2026-05-04T00:49:53.954+0300] {dagbag.py:588} INFO - Filling up the DagBag from /home/nikita/airflow-setup/ENV/lib/python3.12/site-packages/airflow/example_dags/example_task_group.py
[2026-05-04T00:49:53.961+0300] {processor.py:925} INFO - DAG(s) 'example_task_group' retrieved from /home/nikita/airflow-setup/ENV/lib/python3.12/site-packages/airflow/example_dags/example_task_group.py
[2026-05-04T00:49:53.973+0300] {logging_mixin.py:190} INFO - [2026-05-04T00:49:53.973+0300] {dag.py:3239} INFO - Sync 1 DAGs
[2026-05-04T00:49:53.982+0300] {logging_mixin.py:190} INFO - [2026-05-04T00:49:53.982+0300] {dag.py:4180} INFO - Setting next_dagrun for example_task_group to None, run_after=None
[2026-05-04T00:49:54.000+0300] {processor.py:208} INFO - Processing /home/nikita/airflow-setup/ENV/lib/python3.12/site-packages/airflow/example_dags/example_task_group.py took 0.061 seconds
[2026-05-04T00:50:47.536+0300] {processor.py:186} INFO - Started process (PID=6277) to work on /home/nikita/airflow-setup/ENV/lib/python3.12/site-packages/airflow/example_dags/example_task_group.py
[2026-05-04T00:50:47.546+0300] {processor.py:914} INFO - Processing file /home/nikita/airflow-setup/ENV/lib/python3.12/site-packages/airflow/example_dags/example_task_group.py for tasks to queue
[2026-05-04T00:50:47.550+0300] {logging_mixin.py:190} INFO - [2026-05-04T00:50:47.549+0300] {dagbag.py:588} INFO - Filling up the DagBag from /home/nikita/airflow-setup/ENV/lib/python3.12/site-packages/airflow/example_dags/example_task_group.py
[2026-05-04T00:50:47.563+0300] {processor.py:925} INFO - DAG(s) 'example_task_group' retrieved from /home/nikita/airflow-setup/ENV/lib/python3.12/site-packages/airflow/example_dags/example_task_group.py
[2026-05-04T00:50:47.583+0300] {logging_mixin.py:190} INFO - [2026-05-04T00:50:47.582+0300] {dag.py:3239} INFO - Sync 1 DAGs
[2026-05-04T00:50:47.597+0300] {logging_mixin.py:190} INFO - [2026-05-04T00:50:47.597+0300] {dag.py:4180} INFO - Setting next_dagrun for example_task_group to None, run_after=None
[2026-05-04T00:50:47.622+0300] {processor.py:208} INFO - Processing /home/nikita/airflow-setup/ENV/lib/python3.12/site-packages/airflow/example_dags/example_task_group.py took 0.091 seconds
[2026-05-04T00:51:43.401+0300] {processor.py:186} INFO - Started process (PID=6330) to work on /home/nikita/airflow-setup/ENV/lib/python3.12/site-packages/airflow/example_dags/example_task_group.py
[2026-05-04T00:51:43.403+0300] {processor.py:914} INFO - Processing file /home/nikita/airflow-setup/ENV/lib/python3.12/site-packages/airflow/example_dags/example_task_group.py for tasks to queue
[2026-05-04T00:51:43.406+0300] {logging_mixin.py:190} INFO - [2026-05-04T00:51:43.405+0300] {dagbag.py:588} INFO - Filling up the DagBag from /home/nikita/airflow-setup/ENV/lib/python3.12/site-packages/airflow/example_dags/example_task_group.py
[2026-05-04T00:51:43.413+0300] {processor.py:925} INFO - DAG(s) 'example_task_group' retrieved from /home/nikita/airflow-setup/ENV/lib/python3.12/site-packages/airflow/example_dags/example_task_group.py
[2026-05-04T00:51:43.428+0300] {logging_mixin.py:190} INFO - [2026-05-04T00:51:43.428+0300] {dag.py:3239} INFO - Sync 1 DAGs
[2026-05-04T00:51:43.439+0300] {logging_mixin.py:190} INFO - [2026-05-04T00:51:43.439+0300] {dag.py:4180} INFO - Setting next_dagrun for example_task_group to None, run_after=None
[2026-05-04T00:51:43.456+0300] {processor.py:208} INFO - Processing /home/nikita/airflow-setup/ENV/lib/python3.12/site-packages/airflow/example_dags/example_task_group.py took 0.060 seconds
[2026-05-04T00:52:42.545+0300] {processor.py:186} INFO - Started process (PID=6387) to work on /home/nikita/airflow-setup/ENV/lib/python3.12/site-packages/airflow/example_dags/example_task_group.py
[2026-05-04T00:52:42.546+0300] {processor.py:914} INFO - Processing file /home/nikita/airflow-setup/ENV/lib/python3.12/site-packages/airflow/example_dags/example_task_group.py for tasks to queue
[2026-05-04T00:52:42.549+0300] {logging_mixin.py:190} INFO - [2026-05-04T00:52:42.548+0300] {dagbag.py:588} INFO - Filling up the DagBag from /home/nikita/airflow-setup/ENV/lib/python3.12/site-packages/airflow/example_dags/example_task_group.py
[2026-05-04T00:52:42.556+0300] {processor.py:925} INFO - DAG(s) 'example_task_group' retrieved from /home/nikita/airflow-setup/ENV/lib/python3.12/site-packages/airflow/example_dags/example_task_group.py
[2026-05-04T00:52:42.577+0300] {logging_mixin.py:190} INFO - [2026-05-04T00:52:42.576+0300] {dag.py:3239} INFO - Sync 1 DAGs
[2026-05-04T00:52:42.591+0300] {logging_mixin.py:190} INFO - [2026-05-04T00:52:42.590+0300] {dag.py:4180} INFO - Setting next_dagrun for example_task_group to None, run_after=None
[2026-05-04T00:52:42.612+0300] {processor.py:208} INFO - Processing /home/nikita/airflow-setup/ENV/lib/python3.12/site-packages/airflow/example_dags/example_task_group.py took 0.073 seconds
[2026-05-04T00:53:44.477+0300] {processor.py:186} INFO - Started process (PID=6467) to work on /home/nikita/airflow-setup/ENV/lib/python3.12/site-packages/airflow/example_dags/example_task_group.py
[2026-05-04T00:53:44.479+0300] {processor.py:914} INFO - Processing file /home/nikita/airflow-setup/ENV/lib/python3.12/site-packages/airflow/example_dags/example_task_group.py for tasks to queue
[2026-05-04T00:53:44.481+0300] {logging_mixin.py:190} INFO - [2026-05-04T00:53:44.481+0300] {dagbag.py:588} INFO - Filling up the DagBag from /home/nikita/airflow-setup/ENV/lib/python3.12/site-packages/airflow/example_dags/example_task_group.py
[2026-05-04T00:53:44.488+0300] {processor.py:925} INFO - DAG(s) 'example_task_group' retrieved from /home/nikita/airflow-setup/ENV/lib/python3.12/site-packages/airflow/example_dags/example_task_group.py
[2026-05-04T00:53:44.500+0300] {logging_mixin.py:190} INFO - [2026-05-04T00:53:44.500+0300] {dag.py:3239} INFO - Sync 1 DAGs
[2026-05-04T00:53:44.510+0300] {logging_mixin.py:190} INFO - [2026-05-04T00:53:44.510+0300] {dag.py:4180} INFO - Setting next_dagrun for example_task_group to None, run_after=None
[2026-05-04T00:53:44.526+0300] {processor.py:208} INFO - Processing /home/nikita/airflow-setup/ENV/lib/python3.12/site-packages/airflow/example_dags/example_task_group.py took 0.053 seconds
[2026-05-04T00:54:46.857+0300] {processor.py:186} INFO - Started process (PID=6534) to work on /home/nikita/airflow-setup/ENV/lib/python3.12/site-packages/airflow/example_dags/example_task_group.py
[2026-05-04T00:54:46.865+0300] {processor.py:914} INFO - Processing file /home/nikita/airflow-setup/ENV/lib/python3.12/site-packages/airflow/example_dags/example_task_group.py for tasks to queue
[2026-05-04T00:54:46.868+0300] {logging_mixin.py:190} INFO - [2026-05-04T00:54:46.867+0300] {dagbag.py:588} INFO - Filling up the DagBag from /home/nikita/airflow-setup/ENV/lib/python3.12/site-packages/airflow/example_dags/example_task_group.py
[2026-05-04T00:54:46.876+0300] {processor.py:925} INFO - DAG(s) 'example_task_group' retrieved from /home/nikita/airflow-setup/ENV/lib/python3.12/site-packages/airflow/example_dags/example_task_group.py
[2026-05-04T00:54:46.890+0300] {logging_mixin.py:190} INFO - [2026-05-04T00:54:46.890+0300] {dag.py:3239} INFO - Sync 1 DAGs
[2026-05-04T00:54:46.901+0300] {logging_mixin.py:190} INFO - [2026-05-04T00:54:46.901+0300] {dag.py:4180} INFO - Setting next_dagrun for example_task_group to None, run_after=None
[2026-05-04T00:54:46.923+0300] {processor.py:208} INFO - Processing /home/nikita/airflow-setup/ENV/lib/python3.12/site-packages/airflow/example_dags/example_task_group.py took 0.071 seconds
[2026-05-04T00:55:51.973+0300] {processor.py:186} INFO - Started process (PID=6594) to work on /home/nikita/airflow-setup/ENV/lib/python3.12/site-packages/airflow/example_dags/example_task_group.py
[2026-05-04T00:55:51.983+0300] {processor.py:914} INFO - Processing file /home/nikita/airflow-setup/ENV/lib/python3.12/site-packages/airflow/example_dags/example_task_group.py for tasks to queue
[2026-05-04T00:55:51.985+0300] {logging_mixin.py:190} INFO - [2026-05-04T00:55:51.985+0300] {dagbag.py:588} INFO - Filling up the DagBag from /home/nikita/airflow-setup/ENV/lib/python3.12/site-packages/airflow/example_dags/example_task_group.py
[2026-05-04T00:55:51.993+0300] {processor.py:925} INFO - DAG(s) 'example_task_group' retrieved from /home/nikita/airflow-setup/ENV/lib/python3.12/site-packages/airflow/example_dags/example_task_group.py
[2026-05-04T00:55:52.005+0300] {logging_mixin.py:190} INFO - [2026-05-04T00:55:52.004+0300] {dag.py:3239} INFO - Sync 1 DAGs
[2026-05-04T00:55:52.014+0300] {logging_mixin.py:190} INFO - [2026-05-04T00:55:52.014+0300] {dag.py:4180} INFO - Setting next_dagrun for example_task_group to None, run_after=None
[2026-05-04T00:55:52.030+0300] {processor.py:208} INFO - Processing /home/nikita/airflow-setup/ENV/lib/python3.12/site-packages/airflow/example_dags/example_task_group.py took 0.061 seconds
[2026-05-04T00:56:49.290+0300] {processor.py:186} INFO - Started process (PID=6851) to work on /home/nikita/airflow-setup/ENV/lib/python3.12/site-packages/airflow/example_dags/example_task_group.py
[2026-05-04T00:56:49.300+0300] {processor.py:914} INFO - Processing file /home/nikita/airflow-setup/ENV/lib/python3.12/site-packages/airflow/example_dags/example_task_group.py for tasks to queue
[2026-05-04T00:56:49.302+0300] {logging_mixin.py:190} INFO - [2026-05-04T00:56:49.301+0300] {dagbag.py:588} INFO - Filling up the DagBag from /home/nikita/airflow-setup/ENV/lib/python3.12/site-packages/airflow/example_dags/example_task_group.py
[2026-05-04T00:56:49.309+0300] {processor.py:925} INFO - DAG(s) 'example_task_group' retrieved from /home/nikita/airflow-setup/ENV/lib/python3.12/site-packages/airflow/example_dags/example_task_group.py
[2026-05-04T00:56:49.324+0300] {logging_mixin.py:190} INFO - [2026-05-04T00:56:49.324+0300] {dag.py:3239} INFO - Sync 1 DAGs
[2026-05-04T00:56:49.337+0300] {logging_mixin.py:190} INFO - [2026-05-04T00:56:49.336+0300] {dag.py:4180} INFO - Setting next_dagrun for example_task_group to None, run_after=None
[2026-05-04T00:56:49.355+0300] {processor.py:208} INFO - Processing /home/nikita/airflow-setup/ENV/lib/python3.12/site-packages/airflow/example_dags/example_task_group.py took 0.069 seconds
[2026-05-04T00:57:49.941+0300] {processor.py:186} INFO - Started process (PID=7148) to work on /home/nikita/airflow-setup/ENV/lib/python3.12/site-packages/airflow/example_dags/example_task_group.py
[2026-05-04T00:57:49.949+0300] {processor.py:914} INFO - Processing file /home/nikita/airflow-setup/ENV/lib/python3.12/site-packages/airflow/example_dags/example_task_group.py for tasks to queue
[2026-05-04T00:57:49.951+0300] {logging_mixin.py:190} INFO - [2026-05-04T00:57:49.950+0300] {dagbag.py:588} INFO - Filling up the DagBag from /home/nikita/airflow-setup/ENV/lib/python3.12/site-packages/airflow/example_dags/example_task_group.py
[2026-05-04T00:57:49.958+0300] {processor.py:925} INFO - DAG(s) 'example_task_group' retrieved from /home/nikita/airflow-setup/ENV/lib/python3.12/site-packages/airflow/example_dags/example_task_group.py
[2026-05-04T00:57:49.970+0300] {logging_mixin.py:190} INFO - [2026-05-04T00:57:49.970+0300] {dag.py:3239} INFO - Sync 1 DAGs
[2026-05-04T00:57:49.979+0300] {logging_mixin.py:190} INFO - [2026-05-04T00:57:49.979+0300] {dag.py:4180} INFO - Setting next_dagrun for example_task_group to None, run_after=None
[2026-05-04T00:57:49.995+0300] {processor.py:208} INFO - Processing /home/nikita/airflow-setup/ENV/lib/python3.12/site-packages/airflow/example_dags/example_task_group.py took 0.059 seconds
[2026-05-04T00:58:48.279+0300] {processor.py:186} INFO - Started process (PID=7368) to work on /home/nikita/airflow-setup/ENV/lib/python3.12/site-packages/airflow/example_dags/example_task_group.py
[2026-05-04T00:58:48.281+0300] {processor.py:914} INFO - Processing file /home/nikita/airflow-setup/ENV/lib/python3.12/site-packages/airflow/example_dags/example_task_group.py for tasks to queue
[2026-05-04T00:58:48.283+0300] {logging_mixin.py:190} INFO - [2026-05-04T00:58:48.283+0300] {dagbag.py:588} INFO - Filling up the DagBag from /home/nikita/airflow-setup/ENV/lib/python3.12/site-packages/airflow/example_dags/example_task_group.py
[2026-05-04T00:58:48.292+0300] {processor.py:925} INFO - DAG(s) 'example_task_group' retrieved from /home/nikita/airflow-setup/ENV/lib/python3.12/site-packages/airflow/example_dags/example_task_group.py
[2026-05-04T00:58:48.308+0300] {logging_mixin.py:190} INFO - [2026-05-04T00:58:48.307+0300] {dag.py:3239} INFO - Sync 1 DAGs
[2026-05-04T00:58:48.319+0300] {logging_mixin.py:190} INFO - [2026-05-04T00:58:48.319+0300] {dag.py:4180} INFO - Setting next_dagrun for example_task_group to None, run_after=None
[2026-05-04T00:58:48.340+0300] {processor.py:208} INFO - Processing /home/nikita/airflow-setup/ENV/lib/python3.12/site-packages/airflow/example_dags/example_task_group.py took 0.067 seconds
[2026-05-04T00:59:48.156+0300] {processor.py:186} INFO - Started process (PID=8206) to work on /home/nikita/airflow-setup/ENV/lib/python3.12/site-packages/airflow/example_dags/example_task_group.py
[2026-05-04T00:59:48.158+0300] {processor.py:914} INFO - Processing file /home/nikita/airflow-setup/ENV/lib/python3.12/site-packages/airflow/example_dags/example_task_group.py for tasks to queue
[2026-05-04T00:59:48.160+0300] {logging_mixin.py:190} INFO - [2026-05-04T00:59:48.160+0300] {dagbag.py:588} INFO - Filling up the DagBag from /home/nikita/airflow-setup/ENV/lib/python3.12/site-packages/airflow/example_dags/example_task_group.py
[2026-05-04T00:59:48.168+0300] {processor.py:925} INFO - DAG(s) 'example_task_group' retrieved from /home/nikita/airflow-setup/ENV/lib/python3.12/site-packages/airflow/example_dags/example_task_group.py
[2026-05-04T00:59:48.182+0300] {logging_mixin.py:190} INFO - [2026-05-04T00:59:48.182+0300] {dag.py:3239} INFO - Sync 1 DAGs
[2026-05-04T00:59:48.191+0300] {logging_mixin.py:190} INFO - [2026-05-04T00:59:48.191+0300] {dag.py:4180} INFO - Setting next_dagrun for example_task_group to None, run_after=None
[2026-05-04T00:59:48.207+0300] {processor.py:208} INFO - Processing /home/nikita/airflow-setup/ENV/lib/python3.12/site-packages/airflow/example_dags/example_task_group.py took 0.056 seconds
[2026-05-04T01:00:52.844+0300] {processor.py:186} INFO - Started process (PID=8471) to work on /home/nikita/airflow-setup/ENV/lib/python3.12/site-packages/airflow/example_dags/example_task_group.py
[2026-05-04T01:00:52.852+0300] {processor.py:914} INFO - Processing file /home/nikita/airflow-setup/ENV/lib/python3.12/site-packages/airflow/example_dags/example_task_group.py for tasks to queue
[2026-05-04T01:00:52.853+0300] {logging_mixin.py:190} INFO - [2026-05-04T01:00:52.853+0300] {dagbag.py:588} INFO - Filling up the DagBag from /home/nikita/airflow-setup/ENV/lib/python3.12/site-packages/airflow/example_dags/example_task_group.py
[2026-05-04T01:00:52.860+0300] {processor.py:925} INFO - DAG(s) 'example_task_group' retrieved from /home/nikita/airflow-setup/ENV/lib/python3.12/site-packages/airflow/example_dags/example_task_group.py
[2026-05-04T01:00:52.872+0300] {logging_mixin.py:190} INFO - [2026-05-04T01:00:52.871+0300] {dag.py:3239} INFO - Sync 1 DAGs
[2026-05-04T01:00:52.882+0300] {logging_mixin.py:190} INFO - [2026-05-04T01:00:52.881+0300] {dag.py:4180} INFO - Setting next_dagrun for example_task_group to None, run_after=None
[2026-05-04T01:00:52.900+0300] {processor.py:208} INFO - Processing /home/nikita/airflow-setup/ENV/lib/python3.12/site-packages/airflow/example_dags/example_task_group.py took 0.061 seconds
[2026-05-04T01:01:58.608+0300] {processor.py:186} INFO - Started process (PID=9073) to work on /home/nikita/airflow-setup/ENV/lib/python3.12/site-packages/airflow/example_dags/example_task_group.py
[2026-05-04T01:01:58.610+0300] {processor.py:914} INFO - Processing file /home/nikita/airflow-setup/ENV/lib/python3.12/site-packages/airflow/example_dags/example_task_group.py for tasks to queue
[2026-05-04T01:01:58.611+0300] {logging_mixin.py:190} INFO - [2026-05-04T01:01:58.610+0300] {dagbag.py:588} INFO - Filling up the DagBag from /home/nikita/airflow-setup/ENV/lib/python3.12/site-packages/airflow/example_dags/example_task_group.py
[2026-05-04T01:01:58.617+0300] {processor.py:925} INFO - DAG(s) 'example_task_group' retrieved from /home/nikita/airflow-setup/ENV/lib/python3.12/site-packages/airflow/example_dags/example_task_group.py
[2026-05-04T01:01:58.629+0300] {logging_mixin.py:190} INFO - [2026-05-04T01:01:58.629+0300] {dag.py:3239} INFO - Sync 1 DAGs
[2026-05-04T01:01:58.638+0300] {logging_mixin.py:190} INFO - [2026-05-04T01:01:58.637+0300] {dag.py:4180} INFO - Setting next_dagrun for example_task_group to None, run_after=None
[2026-05-04T01:01:58.654+0300] {processor.py:208} INFO - Processing /home/nikita/airflow-setup/ENV/lib/python3.12/site-packages/airflow/example_dags/example_task_group.py took 0.050 seconds
[2026-05-04T01:03:06.124+0300] {processor.py:186} INFO - Started process (PID=9618) to work on /home/nikita/airflow-setup/ENV/lib/python3.12/site-packages/airflow/example_dags/example_task_group.py
[2026-05-04T01:03:06.132+0300] {processor.py:914} INFO - Processing file /home/nikita/airflow-setup/ENV/lib/python3.12/site-packages/airflow/example_dags/example_task_group.py for tasks to queue
[2026-05-04T01:03:06.133+0300] {logging_mixin.py:190} INFO - [2026-05-04T01:03:06.133+0300] {dagbag.py:588} INFO - Filling up the DagBag from /home/nikita/airflow-setup/ENV/lib/python3.12/site-packages/airflow/example_dags/example_task_group.py
[2026-05-04T01:03:06.140+0300] {processor.py:925} INFO - DAG(s) 'example_task_group' retrieved from /home/nikita/airflow-setup/ENV/lib/python3.12/site-packages/airflow/example_dags/example_task_group.py
[2026-05-04T01:03:06.152+0300] {logging_mixin.py:190} INFO - [2026-05-04T01:03:06.151+0300] {dag.py:3239} INFO - Sync 1 DAGs
[2026-05-04T01:03:06.160+0300] {logging_mixin.py:190} INFO - [2026-05-04T01:03:06.160+0300] {dag.py:4180} INFO - Setting next_dagrun for example_task_group to None, run_after=None
[2026-05-04T01:03:06.177+0300] {processor.py:208} INFO - Processing /home/nikita/airflow-setup/ENV/lib/python3.12/site-packages/airflow/example_dags/example_task_group.py took 0.057 seconds
[2026-05-04T01:04:08.636+0300] {processor.py:186} INFO - Started process (PID=9890) to work on /home/nikita/airflow-setup/ENV/lib/python3.12/site-packages/airflow/example_dags/example_task_group.py
[2026-05-04T01:04:08.645+0300] {processor.py:914} INFO - Processing file /home/nikita/airflow-setup/ENV/lib/python3.12/site-packages/airflow/example_dags/example_task_group.py for tasks to queue
[2026-05-04T01:04:08.645+0300] {logging_mixin.py:190} INFO - [2026-05-04T01:04:08.645+0300] {dagbag.py:588} INFO - Filling up the DagBag from /home/nikita/airflow-setup/ENV/lib/python3.12/site-packages/airflow/example_dags/example_task_group.py
[2026-05-04T01:04:08.652+0300] {processor.py:925} INFO - DAG(s) 'example_task_group' retrieved from /home/nikita/airflow-setup/ENV/lib/python3.12/site-packages/airflow/example_dags/example_task_group.py
[2026-05-04T01:04:08.665+0300] {logging_mixin.py:190} INFO - [2026-05-04T01:04:08.665+0300] {dag.py:3239} INFO - Sync 1 DAGs
[2026-05-04T01:04:08.674+0300] {logging_mixin.py:190} INFO - [2026-05-04T01:04:08.673+0300] {dag.py:4180} INFO - Setting next_dagrun for example_task_group to None, run_after=None
[2026-05-04T01:04:08.690+0300] {processor.py:208} INFO - Processing /home/nikita/airflow-setup/ENV/lib/python3.12/site-packages/airflow/example_dags/example_task_group.py took 0.059 seconds
[2026-05-04T01:05:14.188+0300] {processor.py:186} INFO - Started process (PID=10141) to work on /home/nikita/airflow-setup/ENV/lib/python3.12/site-packages/airflow/example_dags/example_task_group.py
[2026-05-04T01:05:14.197+0300] {processor.py:914} INFO - Processing file /home/nikita/airflow-setup/ENV/lib/python3.12/site-packages/airflow/example_dags/example_task_group.py for tasks to queue
[2026-05-04T01:05:14.198+0300] {logging_mixin.py:190} INFO - [2026-05-04T01:05:14.198+0300] {dagbag.py:588} INFO - Filling up the DagBag from /home/nikita/airflow-setup/ENV/lib/python3.12/site-packages/airflow/example_dags/example_task_group.py
[2026-05-04T01:05:14.206+0300] {processor.py:925} INFO - DAG(s) 'example_task_group' retrieved from /home/nikita/airflow-setup/ENV/lib/python3.12/site-packages/airflow/example_dags/example_task_group.py
[2026-05-04T01:05:14.219+0300] {logging_mixin.py:190} INFO - [2026-05-04T01:05:14.219+0300] {dag.py:3239} INFO - Sync 1 DAGs
[2026-05-04T01:05:14.228+0300] {logging_mixin.py:190} INFO - [2026-05-04T01:05:14.228+0300] {dag.py:4180} INFO - Setting next_dagrun for example_task_group to None, run_after=None
[2026-05-04T01:05:14.245+0300] {processor.py:208} INFO - Processing /home/nikita/airflow-setup/ENV/lib/python3.12/site-packages/airflow/example_dags/example_task_group.py took 0.062 seconds
[2026-05-04T01:06:20.340+0300] {processor.py:186} INFO - Started process (PID=10418) to work on /home/nikita/airflow-setup/ENV/lib/python3.12/site-packages/airflow/example_dags/example_task_group.py
[2026-05-04T01:06:20.349+0300] {processor.py:914} INFO - Processing file /home/nikita/airflow-setup/ENV/lib/python3.12/site-packages/airflow/example_dags/example_task_group.py for tasks to queue
[2026-05-04T01:06:20.351+0300] {logging_mixin.py:190} INFO - [2026-05-04T01:06:20.350+0300] {dagbag.py:588} INFO - Filling up the DagBag from /home/nikita/airflow-setup/ENV/lib/python3.12/site-packages/airflow/example_dags/example_task_group.py
[2026-05-04T01:06:20.359+0300] {processor.py:925} INFO - DAG(s) 'example_task_group' retrieved from /home/nikita/airflow-setup/ENV/lib/python3.12/site-packages/airflow/example_dags/example_task_group.py
[2026-05-04T01:06:20.373+0300] {logging_mixin.py:190} INFO - [2026-05-04T01:06:20.373+0300] {dag.py:3239} INFO - Sync 1 DAGs
[2026-05-04T01:06:20.382+0300] {logging_mixin.py:190} INFO - [2026-05-04T01:06:20.382+0300] {dag.py:4180} INFO - Setting next_dagrun for example_task_group to None, run_after=None
[2026-05-04T01:06:20.401+0300] {processor.py:208} INFO - Processing /home/nikita/airflow-setup/ENV/lib/python3.12/site-packages/airflow/example_dags/example_task_group.py took 0.065 seconds
[2026-05-04T01:07:25.596+0300] {processor.py:186} INFO - Started process (PID=10667) to work on /home/nikita/airflow-setup/ENV/lib/python3.12/site-packages/airflow/example_dags/example_task_group.py
[2026-05-04T01:07:25.605+0300] {processor.py:914} INFO - Processing file /home/nikita/airflow-setup/ENV/lib/python3.12/site-packages/airflow/example_dags/example_task_group.py for tasks to queue
[2026-05-04T01:07:25.606+0300] {logging_mixin.py:190} INFO - [2026-05-04T01:07:25.606+0300] {dagbag.py:588} INFO - Filling up the DagBag from /home/nikita/airflow-setup/ENV/lib/python3.12/site-packages/airflow/example_dags/example_task_group.py
[2026-05-04T01:07:25.613+0300] {processor.py:925} INFO - DAG(s) 'example_task_group' retrieved from /home/nikita/airflow-setup/ENV/lib/python3.12/site-packages/airflow/example_dags/example_task_group.py
[2026-05-04T01:07:25.626+0300] {logging_mixin.py:190} INFO - [2026-05-04T01:07:25.626+0300] {dag.py:3239} INFO - Sync 1 DAGs
[2026-05-04T01:07:25.635+0300] {logging_mixin.py:190} INFO - [2026-05-04T01:07:25.635+0300] {dag.py:4180} INFO - Setting next_dagrun for example_task_group to None, run_after=None
[2026-05-04T01:07:25.651+0300] {processor.py:208} INFO - Processing /home/nikita/airflow-setup/ENV/lib/python3.12/site-packages/airflow/example_dags/example_task_group.py took 0.059 seconds
[2026-05-04T01:08:34.114+0300] {processor.py:186} INFO - Started process (PID=11231) to work on /home/nikita/airflow-setup/ENV/lib/python3.12/site-packages/airflow/example_dags/example_task_group.py
[2026-05-04T01:08:34.115+0300] {processor.py:914} INFO - Processing file /home/nikita/airflow-setup/ENV/lib/python3.12/site-packages/airflow/example_dags/example_task_group.py for tasks to queue
[2026-05-04T01:08:34.116+0300] {logging_mixin.py:190} INFO - [2026-05-04T01:08:34.116+0300] {dagbag.py:588} INFO - Filling up the DagBag from /home/nikita/airflow-setup/ENV/lib/python3.12/site-packages/airflow/example_dags/example_task_group.py
[2026-05-04T01:08:34.123+0300] {processor.py:925} INFO - DAG(s) 'example_task_group' retrieved from /home/nikita/airflow-setup/ENV/lib/python3.12/site-packages/airflow/example_dags/example_task_group.py
[2026-05-04T01:08:34.134+0300] {logging_mixin.py:190} INFO - [2026-05-04T01:08:34.134+0300] {dag.py:3239} INFO - Sync 1 DAGs
[2026-05-04T01:08:34.143+0300] {logging_mixin.py:190} INFO - [2026-05-04T01:08:34.143+0300] {dag.py:4180} INFO - Setting next_dagrun for example_task_group to None, run_after=None
[2026-05-04T01:08:34.159+0300] {processor.py:208} INFO - Processing /home/nikita/airflow-setup/ENV/lib/python3.12/site-packages/airflow/example_dags/example_task_group.py took 0.049 seconds
[2026-05-04T01:09:41.034+0300] {processor.py:186} INFO - Started process (PID=12108) to work on /home/nikita/airflow-setup/ENV/lib/python3.12/site-packages/airflow/example_dags/example_task_group.py
[2026-05-04T01:09:41.038+0300] {processor.py:914} INFO - Processing file /home/nikita/airflow-setup/ENV/lib/python3.12/site-packages/airflow/example_dags/example_task_group.py for tasks to queue
[2026-05-04T01:09:41.039+0300] {logging_mixin.py:190} INFO - [2026-05-04T01:09:41.039+0300] {dagbag.py:588} INFO - Filling up the DagBag from /home/nikita/airflow-setup/ENV/lib/python3.12/site-packages/airflow/example_dags/example_task_group.py
[2026-05-04T01:09:41.047+0300] {processor.py:925} INFO - DAG(s) 'example_task_group' retrieved from /home/nikita/airflow-setup/ENV/lib/python3.12/site-packages/airflow/example_dags/example_task_group.py
[2026-05-04T01:09:41.059+0300] {logging_mixin.py:190} INFO - [2026-05-04T01:09:41.059+0300] {dag.py:3239} INFO - Sync 1 DAGs
[2026-05-04T01:09:41.068+0300] {logging_mixin.py:190} INFO - [2026-05-04T01:09:41.068+0300] {dag.py:4180} INFO - Setting next_dagrun for example_task_group to None, run_after=None
[2026-05-04T01:09:41.084+0300] {processor.py:208} INFO - Processing /home/nikita/airflow-setup/ENV/lib/python3.12/site-packages/airflow/example_dags/example_task_group.py took 0.054 seconds
[2026-05-04T01:10:49.922+0300] {processor.py:186} INFO - Started process (PID=12387) to work on /home/nikita/airflow-setup/ENV/lib/python3.12/site-packages/airflow/example_dags/example_task_group.py
[2026-05-04T01:10:49.924+0300] {processor.py:914} INFO - Processing file /home/nikita/airflow-setup/ENV/lib/python3.12/site-packages/airflow/example_dags/example_task_group.py for tasks to queue
[2026-05-04T01:10:49.925+0300] {logging_mixin.py:190} INFO - [2026-05-04T01:10:49.925+0300] {dagbag.py:588} INFO - Filling up the DagBag from /home/nikita/airflow-setup/ENV/lib/python3.12/site-packages/airflow/example_dags/example_task_group.py
[2026-05-04T01:10:49.933+0300] {processor.py:925} INFO - DAG(s) 'example_task_group' retrieved from /home/nikita/airflow-setup/ENV/lib/python3.12/site-packages/airflow/example_dags/example_task_group.py
[2026-05-04T01:10:49.951+0300] {logging_mixin.py:190} INFO - [2026-05-04T01:10:49.951+0300] {dag.py:3239} INFO - Sync 1 DAGs
[2026-05-04T01:10:49.962+0300] {logging_mixin.py:190} INFO - [2026-05-04T01:10:49.962+0300] {dag.py:4180} INFO - Setting next_dagrun for example_task_group to None, run_after=None
[2026-05-04T01:10:49.979+0300] {processor.py:208} INFO - Processing /home/nikita/airflow-setup/ENV/lib/python3.12/site-packages/airflow/example_dags/example_task_group.py took 0.062 seconds
[2026-05-04T01:11:56.180+0300] {processor.py:186} INFO - Started process (PID=12639) to work on /home/nikita/airflow-setup/ENV/lib/python3.12/site-packages/airflow/example_dags/example_task_group.py
[2026-05-04T01:11:56.182+0300] {processor.py:914} INFO - Processing file /home/nikita/airflow-setup/ENV/lib/python3.12/site-packages/airflow/example_dags/example_task_group.py for tasks to queue
[2026-05-04T01:11:56.183+0300] {logging_mixin.py:190} INFO - [2026-05-04T01:11:56.183+0300] {dagbag.py:588} INFO - Filling up the DagBag from /home/nikita/airflow-setup/ENV/lib/python3.12/site-packages/airflow/example_dags/example_task_group.py
[2026-05-04T01:11:56.191+0300] {processor.py:925} INFO - DAG(s) 'example_task_group' retrieved from /home/nikita/airflow-setup/ENV/lib/python3.12/site-packages/airflow/example_dags/example_task_group.py
[2026-05-04T01:11:56.202+0300] {logging_mixin.py:190} INFO - [2026-05-04T01:11:56.202+0300] {dag.py:3239} INFO - Sync 1 DAGs
[2026-05-04T01:11:56.211+0300] {logging_mixin.py:190} INFO - [2026-05-04T01:11:56.211+0300] {dag.py:4180} INFO - Setting next_dagrun for example_task_group to None, run_after=None
[2026-05-04T01:11:56.229+0300] {processor.py:208} INFO - Processing /home/nikita/airflow-setup/ENV/lib/python3.12/site-packages/airflow/example_dags/example_task_group.py took 0.052 seconds
[2026-05-04T01:12:55.461+0300] {processor.py:186} INFO - Started process (PID=12868) to work on /home/nikita/airflow-setup/ENV/lib/python3.12/site-packages/airflow/example_dags/example_task_group.py
[2026-05-04T01:12:55.463+0300] {processor.py:914} INFO - Processing file /home/nikita/airflow-setup/ENV/lib/python3.12/site-packages/airflow/example_dags/example_task_group.py for tasks to queue
[2026-05-04T01:12:55.464+0300] {logging_mixin.py:190} INFO - [2026-05-04T01:12:55.464+0300] {dagbag.py:588} INFO - Filling up the DagBag from /home/nikita/airflow-setup/ENV/lib/python3.12/site-packages/airflow/example_dags/example_task_group.py
[2026-05-04T01:12:55.475+0300] {processor.py:925} INFO - DAG(s) 'example_task_group' retrieved from /home/nikita/airflow-setup/ENV/lib/python3.12/site-packages/airflow/example_dags/example_task_group.py
[2026-05-04T01:12:55.495+0300] {logging_mixin.py:190} INFO - [2026-05-04T01:12:55.495+0300] {dag.py:3239} INFO - Sync 1 DAGs
[2026-05-04T01:12:55.507+0300] {logging_mixin.py:190} INFO - [2026-05-04T01:12:55.507+0300] {dag.py:4180} INFO - Setting next_dagrun for example_task_group to None, run_after=None
[2026-05-04T01:12:55.532+0300] {processor.py:208} INFO - Processing /home/nikita/airflow-setup/ENV/lib/python3.12/site-packages/airflow/example_dags/example_task_group.py took 0.076 seconds
[2026-05-04T01:13:58.290+0300] {processor.py:186} INFO - Started process (PID=13493) to work on /home/nikita/airflow-setup/ENV/lib/python3.12/site-packages/airflow/example_dags/example_task_group.py
[2026-05-04T01:13:58.291+0300] {processor.py:914} INFO - Processing file /home/nikita/airflow-setup/ENV/lib/python3.12/site-packages/airflow/example_dags/example_task_group.py for tasks to queue
[2026-05-04T01:13:58.292+0300] {logging_mixin.py:190} INFO - [2026-05-04T01:13:58.292+0300] {dagbag.py:588} INFO - Filling up the DagBag from /home/nikita/airflow-setup/ENV/lib/python3.12/site-packages/airflow/example_dags/example_task_group.py
[2026-05-04T01:13:58.300+0300] {processor.py:925} INFO - DAG(s) 'example_task_group' retrieved from /home/nikita/airflow-setup/ENV/lib/python3.12/site-packages/airflow/example_dags/example_task_group.py
[2026-05-04T01:13:58.312+0300] {logging_mixin.py:190} INFO - [2026-05-04T01:13:58.312+0300] {dag.py:3239} INFO - Sync 1 DAGs
[2026-05-04T01:13:58.322+0300] {logging_mixin.py:190} INFO - [2026-05-04T01:13:58.322+0300] {dag.py:4180} INFO - Setting next_dagrun for example_task_group to None, run_after=None
[2026-05-04T01:13:58.339+0300] {processor.py:208} INFO - Processing /home/nikita/airflow-setup/ENV/lib/python3.12/site-packages/airflow/example_dags/example_task_group.py took 0.054 seconds
[2026-05-04T01:15:07.414+0300] {processor.py:186} INFO - Started process (PID=14431) to work on /home/nikita/airflow-setup/ENV/lib/python3.12/site-packages/airflow/example_dags/example_task_group.py
[2026-05-04T01:15:07.416+0300] {processor.py:914} INFO - Processing file /home/nikita/airflow-setup/ENV/lib/python3.12/site-packages/airflow/example_dags/example_task_group.py for tasks to queue
[2026-05-04T01:15:07.417+0300] {logging_mixin.py:190} INFO - [2026-05-04T01:15:07.417+0300] {dagbag.py:588} INFO - Filling up the DagBag from /home/nikita/airflow-setup/ENV/lib/python3.12/site-packages/airflow/example_dags/example_task_group.py
[2026-05-04T01:15:07.424+0300] {processor.py:925} INFO - DAG(s) 'example_task_group' retrieved from /home/nikita/airflow-setup/ENV/lib/python3.12/site-packages/airflow/example_dags/example_task_group.py
[2026-05-04T01:15:07.435+0300] {logging_mixin.py:190} INFO - [2026-05-04T01:15:07.435+0300] {dag.py:3239} INFO - Sync 1 DAGs
[2026-05-04T01:15:07.443+0300] {logging_mixin.py:190} INFO - [2026-05-04T01:15:07.443+0300] {dag.py:4180} INFO - Setting next_dagrun for example_task_group to None, run_after=None
[2026-05-04T01:15:07.459+0300] {processor.py:208} INFO - Processing /home/nikita/airflow-setup/ENV/lib/python3.12/site-packages/airflow/example_dags/example_task_group.py took 0.049 seconds
[2026-05-04T01:16:14.216+0300] {processor.py:186} INFO - Started process (PID=15638) to work on /home/nikita/airflow-setup/ENV/lib/python3.12/site-packages/airflow/example_dags/example_task_group.py
[2026-05-04T01:16:14.226+0300] {processor.py:914} INFO - Processing file /home/nikita/airflow-setup/ENV/lib/python3.12/site-packages/airflow/example_dags/example_task_group.py for tasks to queue
[2026-05-04T01:16:14.227+0300] {logging_mixin.py:190} INFO - [2026-05-04T01:16:14.226+0300] {dagbag.py:588} INFO - Filling up the DagBag from /home/nikita/airflow-setup/ENV/lib/python3.12/site-packages/airflow/example_dags/example_task_group.py
[2026-05-04T01:16:14.235+0300] {processor.py:925} INFO - DAG(s) 'example_task_group' retrieved from /home/nikita/airflow-setup/ENV/lib/python3.12/site-packages/airflow/example_dags/example_task_group.py
[2026-05-04T01:16:14.247+0300] {logging_mixin.py:190} INFO - [2026-05-04T01:16:14.247+0300] {dag.py:3239} INFO - Sync 1 DAGs
[2026-05-04T01:16:14.256+0300] {logging_mixin.py:190} INFO - [2026-05-04T01:16:14.256+0300] {dag.py:4180} INFO - Setting next_dagrun for example_task_group to None, run_after=None
[2026-05-04T01:16:14.272+0300] {processor.py:208} INFO - Processing /home/nikita/airflow-setup/ENV/lib/python3.12/site-packages/airflow/example_dags/example_task_group.py took 0.063 seconds
[2026-05-04T01:17:23.790+0300] {processor.py:186} INFO - Started process (PID=15906) to work on /home/nikita/airflow-setup/ENV/lib/python3.12/site-packages/airflow/example_dags/example_task_group.py
[2026-05-04T01:17:23.799+0300] {processor.py:914} INFO - Processing file /home/nikita/airflow-setup/ENV/lib/python3.12/site-packages/airflow/example_dags/example_task_group.py for tasks to queue
[2026-05-04T01:17:23.800+0300] {logging_mixin.py:190} INFO - [2026-05-04T01:17:23.800+0300] {dagbag.py:588} INFO - Filling up the DagBag from /home/nikita/airflow-setup/ENV/lib/python3.12/site-packages/airflow/example_dags/example_task_group.py
[2026-05-04T01:17:23.808+0300] {processor.py:925} INFO - DAG(s) 'example_task_group' retrieved from /home/nikita/airflow-setup/ENV/lib/python3.12/site-packages/airflow/example_dags/example_task_group.py
[2026-05-04T01:17:23.821+0300] {logging_mixin.py:190} INFO - [2026-05-04T01:17:23.821+0300] {dag.py:3239} INFO - Sync 1 DAGs
[2026-05-04T01:17:23.833+0300] {logging_mixin.py:190} INFO - [2026-05-04T01:17:23.832+0300] {dag.py:4180} INFO - Setting next_dagrun for example_task_group to None, run_after=None
[2026-05-04T01:17:23.850+0300] {processor.py:208} INFO - Processing /home/nikita/airflow-setup/ENV/lib/python3.12/site-packages/airflow/example_dags/example_task_group.py took 0.065 seconds
[2026-05-04T01:18:32.740+0300] {processor.py:186} INFO - Started process (PID=16163) to work on /home/nikita/airflow-setup/ENV/lib/python3.12/site-packages/airflow/example_dags/example_task_group.py
[2026-05-04T01:18:32.748+0300] {processor.py:914} INFO - Processing file /home/nikita/airflow-setup/ENV/lib/python3.12/site-packages/airflow/example_dags/example_task_group.py for tasks to queue
[2026-05-04T01:18:32.749+0300] {logging_mixin.py:190} INFO - [2026-05-04T01:18:32.749+0300] {dagbag.py:588} INFO - Filling up the DagBag from /home/nikita/airflow-setup/ENV/lib/python3.12/site-packages/airflow/example_dags/example_task_group.py
[2026-05-04T01:18:32.756+0300] {processor.py:925} INFO - DAG(s) 'example_task_group' retrieved from /home/nikita/airflow-setup/ENV/lib/python3.12/site-packages/airflow/example_dags/example_task_group.py
[2026-05-04T01:18:32.768+0300] {logging_mixin.py:190} INFO - [2026-05-04T01:18:32.768+0300] {dag.py:3239} INFO - Sync 1 DAGs
[2026-05-04T01:18:32.777+0300] {logging_mixin.py:190} INFO - [2026-05-04T01:18:32.776+0300] {dag.py:4180} INFO - Setting next_dagrun for example_task_group to None, run_after=None
[2026-05-04T01:18:32.795+0300] {processor.py:208} INFO - Processing /home/nikita/airflow-setup/ENV/lib/python3.12/site-packages/airflow/example_dags/example_task_group.py took 0.059 seconds
[2026-05-04T01:19:35.711+0300] {processor.py:186} INFO - Started process (PID=16411) to work on /home/nikita/airflow-setup/ENV/lib/python3.12/site-packages/airflow/example_dags/example_task_group.py
[2026-05-04T01:19:35.712+0300] {processor.py:914} INFO - Processing file /home/nikita/airflow-setup/ENV/lib/python3.12/site-packages/airflow/example_dags/example_task_group.py for tasks to queue
[2026-05-04T01:19:35.713+0300] {logging_mixin.py:190} INFO - [2026-05-04T01:19:35.713+0300] {dagbag.py:588} INFO - Filling up the DagBag from /home/nikita/airflow-setup/ENV/lib/python3.12/site-packages/airflow/example_dags/example_task_group.py
[2026-05-04T01:19:35.720+0300] {processor.py:925} INFO - DAG(s) 'example_task_group' retrieved from /home/nikita/airflow-setup/ENV/lib/python3.12/site-packages/airflow/example_dags/example_task_group.py
[2026-05-04T01:19:35.731+0300] {logging_mixin.py:190} INFO - [2026-05-04T01:19:35.730+0300] {dag.py:3239} INFO - Sync 1 DAGs
[2026-05-04T01:19:35.739+0300] {logging_mixin.py:190} INFO - [2026-05-04T01:19:35.739+0300] {dag.py:4180} INFO - Setting next_dagrun for example_task_group to None, run_after=None
[2026-05-04T01:19:35.754+0300] {processor.py:208} INFO - Processing /home/nikita/airflow-setup/ENV/lib/python3.12/site-packages/airflow/example_dags/example_task_group.py took 0.048 seconds
[2026-05-04T01:20:42.765+0300] {processor.py:186} INFO - Started process (PID=16675) to work on /home/nikita/airflow-setup/ENV/lib/python3.12/site-packages/airflow/example_dags/example_task_group.py
[2026-05-04T01:20:42.773+0300] {processor.py:914} INFO - Processing file /home/nikita/airflow-setup/ENV/lib/python3.12/site-packages/airflow/example_dags/example_task_group.py for tasks to queue
[2026-05-04T01:20:42.774+0300] {logging_mixin.py:190} INFO - [2026-05-04T01:20:42.774+0300] {dagbag.py:588} INFO - Filling up the DagBag from /home/nikita/airflow-setup/ENV/lib/python3.12/site-packages/airflow/example_dags/example_task_group.py
[2026-05-04T01:20:42.781+0300] {processor.py:925} INFO - DAG(s) 'example_task_group' retrieved from /home/nikita/airflow-setup/ENV/lib/python3.12/site-packages/airflow/example_dags/example_task_group.py
[2026-05-04T01:20:42.792+0300] {logging_mixin.py:190} INFO - [2026-05-04T01:20:42.792+0300] {dag.py:3239} INFO - Sync 1 DAGs
[2026-05-04T01:20:42.800+0300] {logging_mixin.py:190} INFO - [2026-05-04T01:20:42.800+0300] {dag.py:4180} INFO - Setting next_dagrun for example_task_group to None, run_after=None
[2026-05-04T01:20:42.818+0300] {processor.py:208} INFO - Processing /home/nikita/airflow-setup/ENV/lib/python3.12/site-packages/airflow/example_dags/example_task_group.py took 0.057 seconds
[2026-05-04T01:21:48.853+0300] {processor.py:186} INFO - Started process (PID=16926) to work on /home/nikita/airflow-setup/ENV/lib/python3.12/site-packages/airflow/example_dags/example_task_group.py
[2026-05-04T01:21:48.855+0300] {processor.py:914} INFO - Processing file /home/nikita/airflow-setup/ENV/lib/python3.12/site-packages/airflow/example_dags/example_task_group.py for tasks to queue
[2026-05-04T01:21:48.856+0300] {logging_mixin.py:190} INFO - [2026-05-04T01:21:48.856+0300] {dagbag.py:588} INFO - Filling up the DagBag from /home/nikita/airflow-setup/ENV/lib/python3.12/site-packages/airflow/example_dags/example_task_group.py
[2026-05-04T01:21:48.863+0300] {processor.py:925} INFO - DAG(s) 'example_task_group' retrieved from /home/nikita/airflow-setup/ENV/lib/python3.12/site-packages/airflow/example_dags/example_task_group.py
[2026-05-04T01:21:48.875+0300] {logging_mixin.py:190} INFO - [2026-05-04T01:21:48.875+0300] {dag.py:3239} INFO - Sync 1 DAGs
[2026-05-04T01:21:48.886+0300] {logging_mixin.py:190} INFO - [2026-05-04T01:21:48.885+0300] {dag.py:4180} INFO - Setting next_dagrun for example_task_group to None, run_after=None
[2026-05-04T01:21:48.902+0300] {processor.py:208} INFO - Processing /home/nikita/airflow-setup/ENV/lib/python3.12/site-packages/airflow/example_dags/example_task_group.py took 0.053 seconds
[2026-05-04T01:23:04.371+0300] {processor.py:186} INFO - Started process (PID=17212) to work on /home/nikita/airflow-setup/ENV/lib/python3.12/site-packages/airflow/example_dags/example_task_group.py
[2026-05-04T01:23:04.381+0300] {processor.py:914} INFO - Processing file /home/nikita/airflow-setup/ENV/lib/python3.12/site-packages/airflow/example_dags/example_task_group.py for tasks to queue
[2026-05-04T01:23:04.382+0300] {logging_mixin.py:190} INFO - [2026-05-04T01:23:04.382+0300] {dagbag.py:588} INFO - Filling up the DagBag from /home/nikita/airflow-setup/ENV/lib/python3.12/site-packages/airflow/example_dags/example_task_group.py
[2026-05-04T01:23:04.390+0300] {processor.py:925} INFO - DAG(s) 'example_task_group' retrieved from /home/nikita/airflow-setup/ENV/lib/python3.12/site-packages/airflow/example_dags/example_task_group.py
[2026-05-04T01:23:04.402+0300] {logging_mixin.py:190} INFO - [2026-05-04T01:23:04.402+0300] {dag.py:3239} INFO - Sync 1 DAGs
[2026-05-04T01:23:04.411+0300] {logging_mixin.py:190} INFO - [2026-05-04T01:23:04.411+0300] {dag.py:4180} INFO - Setting next_dagrun for example_task_group to None, run_after=None
[2026-05-04T01:23:04.427+0300] {processor.py:208} INFO - Processing /home/nikita/airflow-setup/ENV/lib/python3.12/site-packages/airflow/example_dags/example_task_group.py took 0.061 seconds
[2026-05-04T01:24:09.064+0300] {processor.py:186} INFO - Started process (PID=17456) to work on /home/nikita/airflow-setup/ENV/lib/python3.12/site-packages/airflow/example_dags/example_task_group.py
[2026-05-04T01:24:09.066+0300] {processor.py:914} INFO - Processing file /home/nikita/airflow-setup/ENV/lib/python3.12/site-packages/airflow/example_dags/example_task_group.py for tasks to queue
[2026-05-04T01:24:09.069+0300] {logging_mixin.py:190} INFO - [2026-05-04T01:24:09.068+0300] {dagbag.py:588} INFO - Filling up the DagBag from /home/nikita/airflow-setup/ENV/lib/python3.12/site-packages/airflow/example_dags/example_task_group.py
[2026-05-04T01:24:09.086+0300] {processor.py:925} INFO - DAG(s) 'example_task_group' retrieved from /home/nikita/airflow-setup/ENV/lib/python3.12/site-packages/airflow/example_dags/example_task_group.py
[2026-05-04T01:24:09.106+0300] {logging_mixin.py:190} INFO - [2026-05-04T01:24:09.105+0300] {dag.py:3239} INFO - Sync 1 DAGs
[2026-05-04T01:24:09.118+0300] {logging_mixin.py:190} INFO - [2026-05-04T01:24:09.118+0300] {dag.py:4180} INFO - Setting next_dagrun for example_task_group to None, run_after=None
[2026-05-04T01:24:09.145+0300] {processor.py:208} INFO - Processing /home/nikita/airflow-setup/ENV/lib/python3.12/site-packages/airflow/example_dags/example_task_group.py took 0.089 seconds
[2026-05-04T01:25:19.108+0300] {processor.py:186} INFO - Started process (PID=18055) to work on /home/nikita/airflow-setup/ENV/lib/python3.12/site-packages/airflow/example_dags/example_task_group.py
[2026-05-04T01:25:19.118+0300] {processor.py:914} INFO - Processing file /home/nikita/airflow-setup/ENV/lib/python3.12/site-packages/airflow/example_dags/example_task_group.py for tasks to queue
[2026-05-04T01:25:19.119+0300] {logging_mixin.py:190} INFO - [2026-05-04T01:25:19.119+0300] {dagbag.py:588} INFO - Filling up the DagBag from /home/nikita/airflow-setup/ENV/lib/python3.12/site-packages/airflow/example_dags/example_task_group.py
[2026-05-04T01:25:19.128+0300] {processor.py:925} INFO - DAG(s) 'example_task_group' retrieved from /home/nikita/airflow-setup/ENV/lib/python3.12/site-packages/airflow/example_dags/example_task_group.py
[2026-05-04T01:25:19.142+0300] {logging_mixin.py:190} INFO - [2026-05-04T01:25:19.141+0300] {dag.py:3239} INFO - Sync 1 DAGs
[2026-05-04T01:25:19.154+0300] {logging_mixin.py:190} INFO - [2026-05-04T01:25:19.153+0300] {dag.py:4180} INFO - Setting next_dagrun for example_task_group to None, run_after=None
[2026-05-04T01:25:19.174+0300] {processor.py:208} INFO - Processing /home/nikita/airflow-setup/ENV/lib/python3.12/site-packages/airflow/example_dags/example_task_group.py took 0.071 seconds
[2026-05-04T01:26:29.769+0300] {processor.py:186} INFO - Started process (PID=19325) to work on /home/nikita/airflow-setup/ENV/lib/python3.12/site-packages/airflow/example_dags/example_task_group.py
[2026-05-04T01:26:29.771+0300] {processor.py:914} INFO - Processing file /home/nikita/airflow-setup/ENV/lib/python3.12/site-packages/airflow/example_dags/example_task_group.py for tasks to queue
[2026-05-04T01:26:29.771+0300] {logging_mixin.py:190} INFO - [2026-05-04T01:26:29.771+0300] {dagbag.py:588} INFO - Filling up the DagBag from /home/nikita/airflow-setup/ENV/lib/python3.12/site-packages/airflow/example_dags/example_task_group.py
[2026-05-04T01:26:29.778+0300] {processor.py:925} INFO - DAG(s) 'example_task_group' retrieved from /home/nikita/airflow-setup/ENV/lib/python3.12/site-packages/airflow/example_dags/example_task_group.py
[2026-05-04T01:26:29.789+0300] {logging_mixin.py:190} INFO - [2026-05-04T01:26:29.789+0300] {dag.py:3239} INFO - Sync 1 DAGs
[2026-05-04T01:26:29.798+0300] {logging_mixin.py:190} INFO - [2026-05-04T01:26:29.798+0300] {dag.py:4180} INFO - Setting next_dagrun for example_task_group to None, run_after=None
[2026-05-04T01:26:29.814+0300] {processor.py:208} INFO - Processing /home/nikita/airflow-setup/ENV/lib/python3.12/site-packages/airflow/example_dags/example_task_group.py took 0.049 seconds
[2026-05-04T01:27:38.970+0300] {processor.py:186} INFO - Started process (PID=19586) to work on /home/nikita/airflow-setup/ENV/lib/python3.12/site-packages/airflow/example_dags/example_task_group.py
[2026-05-04T01:27:38.979+0300] {processor.py:914} INFO - Processing file /home/nikita/airflow-setup/ENV/lib/python3.12/site-packages/airflow/example_dags/example_task_group.py for tasks to queue
[2026-05-04T01:27:38.980+0300] {logging_mixin.py:190} INFO - [2026-05-04T01:27:38.979+0300] {dagbag.py:588} INFO - Filling up the DagBag from /home/nikita/airflow-setup/ENV/lib/python3.12/site-packages/airflow/example_dags/example_task_group.py
[2026-05-04T01:27:38.987+0300] {processor.py:925} INFO - DAG(s) 'example_task_group' retrieved from /home/nikita/airflow-setup/ENV/lib/python3.12/site-packages/airflow/example_dags/example_task_group.py
[2026-05-04T01:27:39.000+0300] {logging_mixin.py:190} INFO - [2026-05-04T01:27:39.000+0300] {dag.py:3239} INFO - Sync 1 DAGs
[2026-05-04T01:27:39.008+0300] {logging_mixin.py:190} INFO - [2026-05-04T01:27:39.008+0300] {dag.py:4180} INFO - Setting next_dagrun for example_task_group to None, run_after=None
[2026-05-04T01:27:39.027+0300] {processor.py:208} INFO - Processing /home/nikita/airflow-setup/ENV/lib/python3.12/site-packages/airflow/example_dags/example_task_group.py took 0.062 seconds
[2026-05-04T01:28:51.589+0300] {processor.py:186} INFO - Started process (PID=19862) to work on /home/nikita/airflow-setup/ENV/lib/python3.12/site-packages/airflow/example_dags/example_task_group.py
[2026-05-04T01:28:51.590+0300] {processor.py:914} INFO - Processing file /home/nikita/airflow-setup/ENV/lib/python3.12/site-packages/airflow/example_dags/example_task_group.py for tasks to queue
[2026-05-04T01:28:51.591+0300] {logging_mixin.py:190} INFO - [2026-05-04T01:28:51.591+0300] {dagbag.py:588} INFO - Filling up the DagBag from /home/nikita/airflow-setup/ENV/lib/python3.12/site-packages/airflow/example_dags/example_task_group.py
[2026-05-04T01:28:51.599+0300] {processor.py:925} INFO - DAG(s) 'example_task_group' retrieved from /home/nikita/airflow-setup/ENV/lib/python3.12/site-packages/airflow/example_dags/example_task_group.py
[2026-05-04T01:28:51.612+0300] {logging_mixin.py:190} INFO - [2026-05-04T01:28:51.612+0300] {dag.py:3239} INFO - Sync 1 DAGs
[2026-05-04T01:28:51.623+0300] {logging_mixin.py:190} INFO - [2026-05-04T01:28:51.622+0300] {dag.py:4180} INFO - Setting next_dagrun for example_task_group to None, run_after=None
[2026-05-04T01:28:51.641+0300] {processor.py:208} INFO - Processing /home/nikita/airflow-setup/ENV/lib/python3.12/site-packages/airflow/example_dags/example_task_group.py took 0.057 seconds
[2026-05-04T01:30:00.355+0300] {processor.py:186} INFO - Started process (PID=20125) to work on /home/nikita/airflow-setup/ENV/lib/python3.12/site-packages/airflow/example_dags/example_task_group.py
[2026-05-04T01:30:00.358+0300] {processor.py:914} INFO - Processing file /home/nikita/airflow-setup/ENV/lib/python3.12/site-packages/airflow/example_dags/example_task_group.py for tasks to queue
[2026-05-04T01:30:00.360+0300] {logging_mixin.py:190} INFO - [2026-05-04T01:30:00.359+0300] {dagbag.py:588} INFO - Filling up the DagBag from /home/nikita/airflow-setup/ENV/lib/python3.12/site-packages/airflow/example_dags/example_task_group.py
[2026-05-04T01:30:00.375+0300] {processor.py:925} INFO - DAG(s) 'example_task_group' retrieved from /home/nikita/airflow-setup/ENV/lib/python3.12/site-packages/airflow/example_dags/example_task_group.py
[2026-05-04T01:30:00.624+0300] {logging_mixin.py:190} INFO - [2026-05-04T01:30:00.623+0300] {dag.py:3239} INFO - Sync 1 DAGs
[2026-05-04T01:30:00.638+0300] {logging_mixin.py:190} INFO - [2026-05-04T01:30:00.637+0300] {dag.py:4180} INFO - Setting next_dagrun for example_task_group to None, run_after=None
[2026-05-04T01:30:00.671+0300] {processor.py:208} INFO - Processing /home/nikita/airflow-setup/ENV/lib/python3.12/site-packages/airflow/example_dags/example_task_group.py took 0.327 seconds
[2026-05-04T01:31:16.155+0300] {processor.py:186} INFO - Started process (PID=20402) to work on /home/nikita/airflow-setup/ENV/lib/python3.12/site-packages/airflow/example_dags/example_task_group.py
[2026-05-04T01:31:16.164+0300] {processor.py:914} INFO - Processing file /home/nikita/airflow-setup/ENV/lib/python3.12/site-packages/airflow/example_dags/example_task_group.py for tasks to queue
[2026-05-04T01:31:16.165+0300] {logging_mixin.py:190} INFO - [2026-05-04T01:31:16.165+0300] {dagbag.py:588} INFO - Filling up the DagBag from /home/nikita/airflow-setup/ENV/lib/python3.12/site-packages/airflow/example_dags/example_task_group.py
[2026-05-04T01:31:16.173+0300] {processor.py:925} INFO - DAG(s) 'example_task_group' retrieved from /home/nikita/airflow-setup/ENV/lib/python3.12/site-packages/airflow/example_dags/example_task_group.py
[2026-05-04T01:31:16.188+0300] {logging_mixin.py:190} INFO - [2026-05-04T01:31:16.187+0300] {dag.py:3239} INFO - Sync 1 DAGs
[2026-05-04T01:31:16.529+0300] {logging_mixin.py:190} INFO - [2026-05-04T01:31:16.527+0300] {dag.py:4180} INFO - Setting next_dagrun for example_task_group to None, run_after=None
[2026-05-04T01:31:16.574+0300] {processor.py:208} INFO - Processing /home/nikita/airflow-setup/ENV/lib/python3.12/site-packages/airflow/example_dags/example_task_group.py took 0.424 seconds
[2026-05-04T01:32:34.188+0300] {processor.py:186} INFO - Started process (PID=20714) to work on /home/nikita/airflow-setup/ENV/lib/python3.12/site-packages/airflow/example_dags/example_task_group.py
[2026-05-04T01:32:34.197+0300] {processor.py:914} INFO - Processing file /home/nikita/airflow-setup/ENV/lib/python3.12/site-packages/airflow/example_dags/example_task_group.py for tasks to queue
[2026-05-04T01:32:34.198+0300] {logging_mixin.py:190} INFO - [2026-05-04T01:32:34.198+0300] {dagbag.py:588} INFO - Filling up the DagBag from /home/nikita/airflow-setup/ENV/lib/python3.12/site-packages/airflow/example_dags/example_task_group.py
[2026-05-04T01:32:34.206+0300] {processor.py:925} INFO - DAG(s) 'example_task_group' retrieved from /home/nikita/airflow-setup/ENV/lib/python3.12/site-packages/airflow/example_dags/example_task_group.py
[2026-05-04T01:32:34.220+0300] {logging_mixin.py:190} INFO - [2026-05-04T01:32:34.220+0300] {dag.py:3239} INFO - Sync 1 DAGs
[2026-05-04T01:32:34.232+0300] {logging_mixin.py:190} INFO - [2026-05-04T01:32:34.232+0300] {dag.py:4180} INFO - Setting next_dagrun for example_task_group to None, run_after=None
[2026-05-04T01:32:34.249+0300] {processor.py:208} INFO - Processing /home/nikita/airflow-setup/ENV/lib/python3.12/site-packages/airflow/example_dags/example_task_group.py took 0.065 seconds
[2026-05-04T01:33:40.252+0300] {processor.py:186} INFO - Started process (PID=21220) to work on /home/nikita/airflow-setup/ENV/lib/python3.12/site-packages/airflow/example_dags/example_task_group.py
[2026-05-04T01:33:40.262+0300] {processor.py:914} INFO - Processing file /home/nikita/airflow-setup/ENV/lib/python3.12/site-packages/airflow/example_dags/example_task_group.py for tasks to queue
[2026-05-04T01:33:40.263+0300] {logging_mixin.py:190} INFO - [2026-05-04T01:33:40.263+0300] {dagbag.py:588} INFO - Filling up the DagBag from /home/nikita/airflow-setup/ENV/lib/python3.12/site-packages/airflow/example_dags/example_task_group.py
[2026-05-04T01:33:40.270+0300] {processor.py:925} INFO - DAG(s) 'example_task_group' retrieved from /home/nikita/airflow-setup/ENV/lib/python3.12/site-packages/airflow/example_dags/example_task_group.py
[2026-05-04T01:33:40.282+0300] {logging_mixin.py:190} INFO - [2026-05-04T01:33:40.281+0300] {dag.py:3239} INFO - Sync 1 DAGs
[2026-05-04T01:33:40.290+0300] {logging_mixin.py:190} INFO - [2026-05-04T01:33:40.290+0300] {dag.py:4180} INFO - Setting next_dagrun for example_task_group to None, run_after=None
[2026-05-04T01:33:40.308+0300] {processor.py:208} INFO - Processing /home/nikita/airflow-setup/ENV/lib/python3.12/site-packages/airflow/example_dags/example_task_group.py took 0.060 seconds
[2026-05-04T01:34:43.214+0300] {processor.py:186} INFO - Started process (PID=21464) to work on /home/nikita/airflow-setup/ENV/lib/python3.12/site-packages/airflow/example_dags/example_task_group.py
[2026-05-04T01:34:43.216+0300] {processor.py:914} INFO - Processing file /home/nikita/airflow-setup/ENV/lib/python3.12/site-packages/airflow/example_dags/example_task_group.py for tasks to queue
[2026-05-04T01:34:43.218+0300] {logging_mixin.py:190} INFO - [2026-05-04T01:34:43.217+0300] {dagbag.py:588} INFO - Filling up the DagBag from /home/nikita/airflow-setup/ENV/lib/python3.12/site-packages/airflow/example_dags/example_task_group.py
[2026-05-04T01:34:43.228+0300] {processor.py:925} INFO - DAG(s) 'example_task_group' retrieved from /home/nikita/airflow-setup/ENV/lib/python3.12/site-packages/airflow/example_dags/example_task_group.py
[2026-05-04T01:34:43.241+0300] {logging_mixin.py:190} INFO - [2026-05-04T01:34:43.241+0300] {dag.py:3239} INFO - Sync 1 DAGs
[2026-05-04T01:34:43.250+0300] {logging_mixin.py:190} INFO - [2026-05-04T01:34:43.250+0300] {dag.py:4180} INFO - Setting next_dagrun for example_task_group to None, run_after=None
[2026-05-04T01:34:43.266+0300] {processor.py:208} INFO - Processing /home/nikita/airflow-setup/ENV/lib/python3.12/site-packages/airflow/example_dags/example_task_group.py took 0.057 seconds
[2026-05-04T01:35:45.002+0300] {processor.py:186} INFO - Started process (PID=21705) to work on /home/nikita/airflow-setup/ENV/lib/python3.12/site-packages/airflow/example_dags/example_task_group.py
[2026-05-04T01:35:45.011+0300] {processor.py:914} INFO - Processing file /home/nikita/airflow-setup/ENV/lib/python3.12/site-packages/airflow/example_dags/example_task_group.py for tasks to queue
[2026-05-04T01:35:45.012+0300] {logging_mixin.py:190} INFO - [2026-05-04T01:35:45.011+0300] {dagbag.py:588} INFO - Filling up the DagBag from /home/nikita/airflow-setup/ENV/lib/python3.12/site-packages/airflow/example_dags/example_task_group.py
[2026-05-04T01:35:45.019+0300] {processor.py:925} INFO - DAG(s) 'example_task_group' retrieved from /home/nikita/airflow-setup/ENV/lib/python3.12/site-packages/airflow/example_dags/example_task_group.py
[2026-05-04T01:35:45.030+0300] {logging_mixin.py:190} INFO - [2026-05-04T01:35:45.030+0300] {dag.py:3239} INFO - Sync 1 DAGs
[2026-05-04T01:35:45.038+0300] {logging_mixin.py:190} INFO - [2026-05-04T01:35:45.038+0300] {dag.py:4180} INFO - Setting next_dagrun for example_task_group to None, run_after=None
[2026-05-04T01:35:45.053+0300] {processor.py:208} INFO - Processing /home/nikita/airflow-setup/ENV/lib/python3.12/site-packages/airflow/example_dags/example_task_group.py took 0.055 seconds
