[2026-05-04T00:45:44.781+0300] {processor.py:186} INFO - Started process (PID=5941) to work on /home/nikita/airflow-setup/ENV/lib/python3.12/site-packages/airflow/example_dags/example_task_group_decorator.py
[2026-05-04T00:45:44.782+0300] {processor.py:914} INFO - Processing file /home/nikita/airflow-setup/ENV/lib/python3.12/site-packages/airflow/example_dags/example_task_group_decorator.py for tasks to queue
[2026-05-04T00:45:44.783+0300] {logging_mixin.py:190} INFO - [2026-05-04T00:45:44.783+0300] {dagbag.py:588} INFO - Filling up the DagBag from /home/nikita/airflow-setup/ENV/lib/python3.12/site-packages/airflow/example_dags/example_task_group_decorator.py
[2026-05-04T00:45:44.793+0300] {processor.py:925} INFO - DAG(s) 'example_task_group_decorator' retrieved from /home/nikita/airflow-setup/ENV/lib/python3.12/site-packages/airflow/example_dags/example_task_group_decorator.py
[2026-05-04T00:45:44.875+0300] {logging_mixin.py:190} INFO - [2026-05-04T00:45:44.874+0300] {override.py:1930} INFO - Created Permission View: can read on DAG:example_task_group_decorator
[2026-05-04T00:45:44.883+0300] {logging_mixin.py:190} INFO - [2026-05-04T00:45:44.883+0300] {override.py:1930} INFO - Created Permission View: can delete on DAG:example_task_group_decorator
[2026-05-04T00:45:44.890+0300] {logging_mixin.py:190} INFO - [2026-05-04T00:45:44.890+0300] {override.py:1930} INFO - Created Permission View: can edit on DAG:example_task_group_decorator
[2026-05-04T00:45:44.898+0300] {logging_mixin.py:190} INFO - [2026-05-04T00:45:44.898+0300] {override.py:1930} INFO - Created Permission View: can read on DAG Run:example_task_group_decorator
[2026-05-04T00:45:44.903+0300] {logging_mixin.py:190} INFO - [2026-05-04T00:45:44.903+0300] {override.py:1930} INFO - Created Permission View: can delete on DAG Run:example_task_group_decorator
[2026-05-04T00:45:44.909+0300] {logging_mixin.py:190} INFO - [2026-05-04T00:45:44.908+0300] {override.py:1930} INFO - Created Permission View: menu access on DAG Run:example_task_group_decorator
[2026-05-04T00:45:44.914+0300] {logging_mixin.py:190} INFO - [2026-05-04T00:45:44.913+0300] {override.py:1930} INFO - Created Permission View: can create on DAG Run:example_task_group_decorator
[2026-05-04T00:45:44.914+0300] {logging_mixin.py:190} INFO - [2026-05-04T00:45:44.914+0300] {dag.py:3239} INFO - Sync 1 DAGs
[2026-05-04T00:45:44.921+0300] {logging_mixin.py:190} INFO - [2026-05-04T00:45:44.921+0300] {dag.py:3262} INFO - Creating ORM DAG for example_task_group_decorator
[2026-05-04T00:45:44.922+0300] {logging_mixin.py:190} INFO - [2026-05-04T00:45:44.922+0300] {dag.py:4180} INFO - Setting next_dagrun for example_task_group_decorator to None, run_after=None
[2026-05-04T00:45:44.936+0300] {processor.py:208} INFO - Processing /home/nikita/airflow-setup/ENV/lib/python3.12/site-packages/airflow/example_dags/example_task_group_decorator.py took 0.158 seconds
[2026-05-04T00:46:48.408+0300] {processor.py:186} INFO - Started process (PID=6002) to work on /home/nikita/airflow-setup/ENV/lib/python3.12/site-packages/airflow/example_dags/example_task_group_decorator.py
[2026-05-04T00:46:48.414+0300] {processor.py:914} INFO - Processing file /home/nikita/airflow-setup/ENV/lib/python3.12/site-packages/airflow/example_dags/example_task_group_decorator.py for tasks to queue
[2026-05-04T00:46:48.417+0300] {logging_mixin.py:190} INFO - [2026-05-04T00:46:48.416+0300] {dagbag.py:588} INFO - Filling up the DagBag from /home/nikita/airflow-setup/ENV/lib/python3.12/site-packages/airflow/example_dags/example_task_group_decorator.py
[2026-05-04T00:46:48.431+0300] {processor.py:925} INFO - DAG(s) 'example_task_group_decorator' retrieved from /home/nikita/airflow-setup/ENV/lib/python3.12/site-packages/airflow/example_dags/example_task_group_decorator.py
[2026-05-04T00:46:48.446+0300] {logging_mixin.py:190} INFO - [2026-05-04T00:46:48.446+0300] {dag.py:3239} INFO - Sync 1 DAGs
[2026-05-04T00:46:48.456+0300] {logging_mixin.py:190} INFO - [2026-05-04T00:46:48.456+0300] {dag.py:4180} INFO - Setting next_dagrun for example_task_group_decorator to None, run_after=None
[2026-05-04T00:46:48.473+0300] {processor.py:208} INFO - Processing /home/nikita/airflow-setup/ENV/lib/python3.12/site-packages/airflow/example_dags/example_task_group_decorator.py took 0.071 seconds
[2026-05-04T00:47:49.550+0300] {processor.py:186} INFO - Started process (PID=6077) to work on /home/nikita/airflow-setup/ENV/lib/python3.12/site-packages/airflow/example_dags/example_task_group_decorator.py
[2026-05-04T00:47:49.560+0300] {processor.py:914} INFO - Processing file /home/nikita/airflow-setup/ENV/lib/python3.12/site-packages/airflow/example_dags/example_task_group_decorator.py for tasks to queue
[2026-05-04T00:47:49.562+0300] {logging_mixin.py:190} INFO - [2026-05-04T00:47:49.561+0300] {dagbag.py:588} INFO - Filling up the DagBag from /home/nikita/airflow-setup/ENV/lib/python3.12/site-packages/airflow/example_dags/example_task_group_decorator.py
[2026-05-04T00:47:49.572+0300] {processor.py:925} INFO - DAG(s) 'example_task_group_decorator' retrieved from /home/nikita/airflow-setup/ENV/lib/python3.12/site-packages/airflow/example_dags/example_task_group_decorator.py
[2026-05-04T00:47:49.588+0300] {logging_mixin.py:190} INFO - [2026-05-04T00:47:49.587+0300] {dag.py:3239} INFO - Sync 1 DAGs
[2026-05-04T00:47:49.597+0300] {logging_mixin.py:190} INFO - [2026-05-04T00:47:49.597+0300] {dag.py:4180} INFO - Setting next_dagrun for example_task_group_decorator to None, run_after=None
[2026-05-04T00:47:49.614+0300] {processor.py:208} INFO - Processing /home/nikita/airflow-setup/ENV/lib/python3.12/site-packages/airflow/example_dags/example_task_group_decorator.py took 0.068 seconds
[2026-05-04T00:48:51.089+0300] {processor.py:186} INFO - Started process (PID=6135) to work on /home/nikita/airflow-setup/ENV/lib/python3.12/site-packages/airflow/example_dags/example_task_group_decorator.py
[2026-05-04T00:48:51.091+0300] {processor.py:914} INFO - Processing file /home/nikita/airflow-setup/ENV/lib/python3.12/site-packages/airflow/example_dags/example_task_group_decorator.py for tasks to queue
[2026-05-04T00:48:51.095+0300] {logging_mixin.py:190} INFO - [2026-05-04T00:48:51.095+0300] {dagbag.py:588} INFO - Filling up the DagBag from /home/nikita/airflow-setup/ENV/lib/python3.12/site-packages/airflow/example_dags/example_task_group_decorator.py
[2026-05-04T00:48:51.113+0300] {processor.py:925} INFO - DAG(s) 'example_task_group_decorator' retrieved from /home/nikita/airflow-setup/ENV/lib/python3.12/site-packages/airflow/example_dags/example_task_group_decorator.py
[2026-05-04T00:48:51.132+0300] {logging_mixin.py:190} INFO - [2026-05-04T00:48:51.131+0300] {dag.py:3239} INFO - Sync 1 DAGs
[2026-05-04T00:48:51.144+0300] {logging_mixin.py:190} INFO - [2026-05-04T00:48:51.144+0300] {dag.py:4180} INFO - Setting next_dagrun for example_task_group_decorator to None, run_after=None
[2026-05-04T00:48:51.178+0300] {processor.py:208} INFO - Processing /home/nikita/airflow-setup/ENV/lib/python3.12/site-packages/airflow/example_dags/example_task_group_decorator.py took 0.098 seconds
[2026-05-04T00:49:46.738+0300] {processor.py:186} INFO - Started process (PID=6192) to work on /home/nikita/airflow-setup/ENV/lib/python3.12/site-packages/airflow/example_dags/example_task_group_decorator.py
[2026-05-04T00:49:46.746+0300] {processor.py:914} INFO - Processing file /home/nikita/airflow-setup/ENV/lib/python3.12/site-packages/airflow/example_dags/example_task_group_decorator.py for tasks to queue
[2026-05-04T00:49:46.748+0300] {logging_mixin.py:190} INFO - [2026-05-04T00:49:46.748+0300] {dagbag.py:588} INFO - Filling up the DagBag from /home/nikita/airflow-setup/ENV/lib/python3.12/site-packages/airflow/example_dags/example_task_group_decorator.py
[2026-05-04T00:49:46.762+0300] {processor.py:925} INFO - DAG(s) 'example_task_group_decorator' retrieved from /home/nikita/airflow-setup/ENV/lib/python3.12/site-packages/airflow/example_dags/example_task_group_decorator.py
[2026-05-04T00:49:46.778+0300] {logging_mixin.py:190} INFO - [2026-05-04T00:49:46.778+0300] {dag.py:3239} INFO - Sync 1 DAGs
[2026-05-04T00:49:46.788+0300] {logging_mixin.py:190} INFO - [2026-05-04T00:49:46.788+0300] {dag.py:4180} INFO - Setting next_dagrun for example_task_group_decorator to None, run_after=None
[2026-05-04T00:49:46.805+0300] {processor.py:208} INFO - Processing /home/nikita/airflow-setup/ENV/lib/python3.12/site-packages/airflow/example_dags/example_task_group_decorator.py took 0.072 seconds
[2026-05-04T00:50:42.409+0300] {processor.py:186} INFO - Started process (PID=6268) to work on /home/nikita/airflow-setup/ENV/lib/python3.12/site-packages/airflow/example_dags/example_task_group_decorator.py
[2026-05-04T00:50:42.419+0300] {processor.py:914} INFO - Processing file /home/nikita/airflow-setup/ENV/lib/python3.12/site-packages/airflow/example_dags/example_task_group_decorator.py for tasks to queue
[2026-05-04T00:50:42.420+0300] {logging_mixin.py:190} INFO - [2026-05-04T00:50:42.420+0300] {dagbag.py:588} INFO - Filling up the DagBag from /home/nikita/airflow-setup/ENV/lib/python3.12/site-packages/airflow/example_dags/example_task_group_decorator.py
[2026-05-04T00:50:42.431+0300] {processor.py:925} INFO - DAG(s) 'example_task_group_decorator' retrieved from /home/nikita/airflow-setup/ENV/lib/python3.12/site-packages/airflow/example_dags/example_task_group_decorator.py
[2026-05-04T00:50:42.444+0300] {logging_mixin.py:190} INFO - [2026-05-04T00:50:42.444+0300] {dag.py:3239} INFO - Sync 1 DAGs
[2026-05-04T00:50:42.452+0300] {logging_mixin.py:190} INFO - [2026-05-04T00:50:42.452+0300] {dag.py:4180} INFO - Setting next_dagrun for example_task_group_decorator to None, run_after=None
[2026-05-04T00:50:42.468+0300] {processor.py:208} INFO - Processing /home/nikita/airflow-setup/ENV/lib/python3.12/site-packages/airflow/example_dags/example_task_group_decorator.py took 0.062 seconds
[2026-05-04T00:51:35.906+0300] {processor.py:186} INFO - Started process (PID=6324) to work on /home/nikita/airflow-setup/ENV/lib/python3.12/site-packages/airflow/example_dags/example_task_group_decorator.py
[2026-05-04T00:51:35.916+0300] {processor.py:914} INFO - Processing file /home/nikita/airflow-setup/ENV/lib/python3.12/site-packages/airflow/example_dags/example_task_group_decorator.py for tasks to queue
[2026-05-04T00:51:35.919+0300] {logging_mixin.py:190} INFO - [2026-05-04T00:51:35.918+0300] {dagbag.py:588} INFO - Filling up the DagBag from /home/nikita/airflow-setup/ENV/lib/python3.12/site-packages/airflow/example_dags/example_task_group_decorator.py
[2026-05-04T00:51:35.931+0300] {processor.py:925} INFO - DAG(s) 'example_task_group_decorator' retrieved from /home/nikita/airflow-setup/ENV/lib/python3.12/site-packages/airflow/example_dags/example_task_group_decorator.py
[2026-05-04T00:51:35.949+0300] {logging_mixin.py:190} INFO - [2026-05-04T00:51:35.949+0300] {dag.py:3239} INFO - Sync 1 DAGs
[2026-05-04T00:51:35.958+0300] {logging_mixin.py:190} INFO - [2026-05-04T00:51:35.958+0300] {dag.py:4180} INFO - Setting next_dagrun for example_task_group_decorator to None, run_after=None
[2026-05-04T00:51:35.976+0300] {processor.py:208} INFO - Processing /home/nikita/airflow-setup/ENV/lib/python3.12/site-packages/airflow/example_dags/example_task_group_decorator.py took 0.079 seconds
[2026-05-04T00:52:34.997+0300] {processor.py:186} INFO - Started process (PID=6381) to work on /home/nikita/airflow-setup/ENV/lib/python3.12/site-packages/airflow/example_dags/example_task_group_decorator.py
[2026-05-04T00:52:34.998+0300] {processor.py:914} INFO - Processing file /home/nikita/airflow-setup/ENV/lib/python3.12/site-packages/airflow/example_dags/example_task_group_decorator.py for tasks to queue
[2026-05-04T00:52:35.000+0300] {logging_mixin.py:190} INFO - [2026-05-04T00:52:34.999+0300] {dagbag.py:588} INFO - Filling up the DagBag from /home/nikita/airflow-setup/ENV/lib/python3.12/site-packages/airflow/example_dags/example_task_group_decorator.py
[2026-05-04T00:52:35.012+0300] {processor.py:925} INFO - DAG(s) 'example_task_group_decorator' retrieved from /home/nikita/airflow-setup/ENV/lib/python3.12/site-packages/airflow/example_dags/example_task_group_decorator.py
[2026-05-04T00:52:35.025+0300] {logging_mixin.py:190} INFO - [2026-05-04T00:52:35.025+0300] {dag.py:3239} INFO - Sync 1 DAGs
[2026-05-04T00:52:35.035+0300] {logging_mixin.py:190} INFO - [2026-05-04T00:52:35.035+0300] {dag.py:4180} INFO - Setting next_dagrun for example_task_group_decorator to None, run_after=None
[2026-05-04T00:52:35.053+0300] {processor.py:208} INFO - Processing /home/nikita/airflow-setup/ENV/lib/python3.12/site-packages/airflow/example_dags/example_task_group_decorator.py took 0.061 seconds
[2026-05-04T00:53:39.056+0300] {processor.py:186} INFO - Started process (PID=6461) to work on /home/nikita/airflow-setup/ENV/lib/python3.12/site-packages/airflow/example_dags/example_task_group_decorator.py
[2026-05-04T00:53:39.058+0300] {processor.py:914} INFO - Processing file /home/nikita/airflow-setup/ENV/lib/python3.12/site-packages/airflow/example_dags/example_task_group_decorator.py for tasks to queue
[2026-05-04T00:53:39.059+0300] {logging_mixin.py:190} INFO - [2026-05-04T00:53:39.059+0300] {dagbag.py:588} INFO - Filling up the DagBag from /home/nikita/airflow-setup/ENV/lib/python3.12/site-packages/airflow/example_dags/example_task_group_decorator.py
[2026-05-04T00:53:39.069+0300] {processor.py:925} INFO - DAG(s) 'example_task_group_decorator' retrieved from /home/nikita/airflow-setup/ENV/lib/python3.12/site-packages/airflow/example_dags/example_task_group_decorator.py
[2026-05-04T00:53:39.082+0300] {logging_mixin.py:190} INFO - [2026-05-04T00:53:39.082+0300] {dag.py:3239} INFO - Sync 1 DAGs
[2026-05-04T00:53:39.090+0300] {logging_mixin.py:190} INFO - [2026-05-04T00:53:39.090+0300] {dag.py:4180} INFO - Setting next_dagrun for example_task_group_decorator to None, run_after=None
[2026-05-04T00:53:39.105+0300] {processor.py:208} INFO - Processing /home/nikita/airflow-setup/ENV/lib/python3.12/site-packages/airflow/example_dags/example_task_group_decorator.py took 0.053 seconds
[2026-05-04T00:54:39.687+0300] {processor.py:186} INFO - Started process (PID=6525) to work on /home/nikita/airflow-setup/ENV/lib/python3.12/site-packages/airflow/example_dags/example_task_group_decorator.py
[2026-05-04T00:54:39.688+0300] {processor.py:914} INFO - Processing file /home/nikita/airflow-setup/ENV/lib/python3.12/site-packages/airflow/example_dags/example_task_group_decorator.py for tasks to queue
[2026-05-04T00:54:39.690+0300] {logging_mixin.py:190} INFO - [2026-05-04T00:54:39.689+0300] {dagbag.py:588} INFO - Filling up the DagBag from /home/nikita/airflow-setup/ENV/lib/python3.12/site-packages/airflow/example_dags/example_task_group_decorator.py
[2026-05-04T00:54:39.702+0300] {processor.py:925} INFO - DAG(s) 'example_task_group_decorator' retrieved from /home/nikita/airflow-setup/ENV/lib/python3.12/site-packages/airflow/example_dags/example_task_group_decorator.py
[2026-05-04T00:54:39.717+0300] {logging_mixin.py:190} INFO - [2026-05-04T00:54:39.717+0300] {dag.py:3239} INFO - Sync 1 DAGs
[2026-05-04T00:54:39.726+0300] {logging_mixin.py:190} INFO - [2026-05-04T00:54:39.726+0300] {dag.py:4180} INFO - Setting next_dagrun for example_task_group_decorator to None, run_after=None
[2026-05-04T00:54:39.741+0300] {processor.py:208} INFO - Processing /home/nikita/airflow-setup/ENV/lib/python3.12/site-packages/airflow/example_dags/example_task_group_decorator.py took 0.059 seconds
[2026-05-04T00:55:43.833+0300] {processor.py:186} INFO - Started process (PID=6587) to work on /home/nikita/airflow-setup/ENV/lib/python3.12/site-packages/airflow/example_dags/example_task_group_decorator.py
[2026-05-04T00:55:43.842+0300] {processor.py:914} INFO - Processing file /home/nikita/airflow-setup/ENV/lib/python3.12/site-packages/airflow/example_dags/example_task_group_decorator.py for tasks to queue
[2026-05-04T00:55:43.844+0300] {logging_mixin.py:190} INFO - [2026-05-04T00:55:43.843+0300] {dagbag.py:588} INFO - Filling up the DagBag from /home/nikita/airflow-setup/ENV/lib/python3.12/site-packages/airflow/example_dags/example_task_group_decorator.py
[2026-05-04T00:55:43.855+0300] {processor.py:925} INFO - DAG(s) 'example_task_group_decorator' retrieved from /home/nikita/airflow-setup/ENV/lib/python3.12/site-packages/airflow/example_dags/example_task_group_decorator.py
[2026-05-04T00:55:43.870+0300] {logging_mixin.py:190} INFO - [2026-05-04T00:55:43.869+0300] {dag.py:3239} INFO - Sync 1 DAGs
[2026-05-04T00:55:43.879+0300] {logging_mixin.py:190} INFO - [2026-05-04T00:55:43.879+0300] {dag.py:4180} INFO - Setting next_dagrun for example_task_group_decorator to None, run_after=None
[2026-05-04T00:55:43.895+0300] {processor.py:208} INFO - Processing /home/nikita/airflow-setup/ENV/lib/python3.12/site-packages/airflow/example_dags/example_task_group_decorator.py took 0.067 seconds
[2026-05-04T00:56:42.378+0300] {processor.py:186} INFO - Started process (PID=6807) to work on /home/nikita/airflow-setup/ENV/lib/python3.12/site-packages/airflow/example_dags/example_task_group_decorator.py
[2026-05-04T00:56:42.381+0300] {processor.py:914} INFO - Processing file /home/nikita/airflow-setup/ENV/lib/python3.12/site-packages/airflow/example_dags/example_task_group_decorator.py for tasks to queue
[2026-05-04T00:56:42.384+0300] {logging_mixin.py:190} INFO - [2026-05-04T00:56:42.384+0300] {dagbag.py:588} INFO - Filling up the DagBag from /home/nikita/airflow-setup/ENV/lib/python3.12/site-packages/airflow/example_dags/example_task_group_decorator.py
[2026-05-04T00:56:42.400+0300] {processor.py:925} INFO - DAG(s) 'example_task_group_decorator' retrieved from /home/nikita/airflow-setup/ENV/lib/python3.12/site-packages/airflow/example_dags/example_task_group_decorator.py
[2026-05-04T00:56:42.419+0300] {logging_mixin.py:190} INFO - [2026-05-04T00:56:42.419+0300] {dag.py:3239} INFO - Sync 1 DAGs
[2026-05-04T00:56:42.432+0300] {logging_mixin.py:190} INFO - [2026-05-04T00:56:42.432+0300] {dag.py:4180} INFO - Setting next_dagrun for example_task_group_decorator to None, run_after=None
[2026-05-04T00:56:42.452+0300] {processor.py:208} INFO - Processing /home/nikita/airflow-setup/ENV/lib/python3.12/site-packages/airflow/example_dags/example_task_group_decorator.py took 0.080 seconds
[2026-05-04T00:57:43.998+0300] {processor.py:186} INFO - Started process (PID=7124) to work on /home/nikita/airflow-setup/ENV/lib/python3.12/site-packages/airflow/example_dags/example_task_group_decorator.py
[2026-05-04T00:57:44.006+0300] {processor.py:914} INFO - Processing file /home/nikita/airflow-setup/ENV/lib/python3.12/site-packages/airflow/example_dags/example_task_group_decorator.py for tasks to queue
[2026-05-04T00:57:44.008+0300] {logging_mixin.py:190} INFO - [2026-05-04T00:57:44.008+0300] {dagbag.py:588} INFO - Filling up the DagBag from /home/nikita/airflow-setup/ENV/lib/python3.12/site-packages/airflow/example_dags/example_task_group_decorator.py
[2026-05-04T00:57:44.019+0300] {processor.py:925} INFO - DAG(s) 'example_task_group_decorator' retrieved from /home/nikita/airflow-setup/ENV/lib/python3.12/site-packages/airflow/example_dags/example_task_group_decorator.py
[2026-05-04T00:57:44.033+0300] {logging_mixin.py:190} INFO - [2026-05-04T00:57:44.033+0300] {dag.py:3239} INFO - Sync 1 DAGs
[2026-05-04T00:57:44.042+0300] {logging_mixin.py:190} INFO - [2026-05-04T00:57:44.042+0300] {dag.py:4180} INFO - Setting next_dagrun for example_task_group_decorator to None, run_after=None
[2026-05-04T00:57:44.059+0300] {processor.py:208} INFO - Processing /home/nikita/airflow-setup/ENV/lib/python3.12/site-packages/airflow/example_dags/example_task_group_decorator.py took 0.065 seconds
[2026-05-04T00:58:41.608+0300] {processor.py:186} INFO - Started process (PID=7344) to work on /home/nikita/airflow-setup/ENV/lib/python3.12/site-packages/airflow/example_dags/example_task_group_decorator.py
[2026-05-04T00:58:41.610+0300] {processor.py:914} INFO - Processing file /home/nikita/airflow-setup/ENV/lib/python3.12/site-packages/airflow/example_dags/example_task_group_decorator.py for tasks to queue
[2026-05-04T00:58:41.612+0300] {logging_mixin.py:190} INFO - [2026-05-04T00:58:41.612+0300] {dagbag.py:588} INFO - Filling up the DagBag from /home/nikita/airflow-setup/ENV/lib/python3.12/site-packages/airflow/example_dags/example_task_group_decorator.py
[2026-05-04T00:58:41.625+0300] {processor.py:925} INFO - DAG(s) 'example_task_group_decorator' retrieved from /home/nikita/airflow-setup/ENV/lib/python3.12/site-packages/airflow/example_dags/example_task_group_decorator.py
[2026-05-04T00:58:41.642+0300] {logging_mixin.py:190} INFO - [2026-05-04T00:58:41.642+0300] {dag.py:3239} INFO - Sync 1 DAGs
[2026-05-04T00:58:41.653+0300] {logging_mixin.py:190} INFO - [2026-05-04T00:58:41.653+0300] {dag.py:4180} INFO - Setting next_dagrun for example_task_group_decorator to None, run_after=None
[2026-05-04T00:58:41.670+0300] {processor.py:208} INFO - Processing /home/nikita/airflow-setup/ENV/lib/python3.12/site-packages/airflow/example_dags/example_task_group_decorator.py took 0.067 seconds
[2026-05-04T00:59:41.695+0300] {processor.py:186} INFO - Started process (PID=8175) to work on /home/nikita/airflow-setup/ENV/lib/python3.12/site-packages/airflow/example_dags/example_task_group_decorator.py
[2026-05-04T00:59:41.703+0300] {processor.py:914} INFO - Processing file /home/nikita/airflow-setup/ENV/lib/python3.12/site-packages/airflow/example_dags/example_task_group_decorator.py for tasks to queue
[2026-05-04T00:59:41.705+0300] {logging_mixin.py:190} INFO - [2026-05-04T00:59:41.705+0300] {dagbag.py:588} INFO - Filling up the DagBag from /home/nikita/airflow-setup/ENV/lib/python3.12/site-packages/airflow/example_dags/example_task_group_decorator.py
[2026-05-04T00:59:41.719+0300] {processor.py:925} INFO - DAG(s) 'example_task_group_decorator' retrieved from /home/nikita/airflow-setup/ENV/lib/python3.12/site-packages/airflow/example_dags/example_task_group_decorator.py
[2026-05-04T00:59:41.732+0300] {logging_mixin.py:190} INFO - [2026-05-04T00:59:41.732+0300] {dag.py:3239} INFO - Sync 1 DAGs
[2026-05-04T00:59:41.741+0300] {logging_mixin.py:190} INFO - [2026-05-04T00:59:41.741+0300] {dag.py:4180} INFO - Setting next_dagrun for example_task_group_decorator to None, run_after=None
[2026-05-04T00:59:41.757+0300] {processor.py:208} INFO - Processing /home/nikita/airflow-setup/ENV/lib/python3.12/site-packages/airflow/example_dags/example_task_group_decorator.py took 0.066 seconds
[2026-05-04T01:00:46.176+0300] {processor.py:186} INFO - Started process (PID=8423) to work on /home/nikita/airflow-setup/ENV/lib/python3.12/site-packages/airflow/example_dags/example_task_group_decorator.py
[2026-05-04T01:00:46.184+0300] {processor.py:914} INFO - Processing file /home/nikita/airflow-setup/ENV/lib/python3.12/site-packages/airflow/example_dags/example_task_group_decorator.py for tasks to queue
[2026-05-04T01:00:46.185+0300] {logging_mixin.py:190} INFO - [2026-05-04T01:00:46.185+0300] {dagbag.py:588} INFO - Filling up the DagBag from /home/nikita/airflow-setup/ENV/lib/python3.12/site-packages/airflow/example_dags/example_task_group_decorator.py
[2026-05-04T01:00:46.198+0300] {processor.py:925} INFO - DAG(s) 'example_task_group_decorator' retrieved from /home/nikita/airflow-setup/ENV/lib/python3.12/site-packages/airflow/example_dags/example_task_group_decorator.py
[2026-05-04T01:00:46.212+0300] {logging_mixin.py:190} INFO - [2026-05-04T01:00:46.212+0300] {dag.py:3239} INFO - Sync 1 DAGs
[2026-05-04T01:00:46.221+0300] {logging_mixin.py:190} INFO - [2026-05-04T01:00:46.221+0300] {dag.py:4180} INFO - Setting next_dagrun for example_task_group_decorator to None, run_after=None
[2026-05-04T01:00:46.238+0300] {processor.py:208} INFO - Processing /home/nikita/airflow-setup/ENV/lib/python3.12/site-packages/airflow/example_dags/example_task_group_decorator.py took 0.066 seconds
[2026-05-04T01:01:52.567+0300] {processor.py:186} INFO - Started process (PID=9028) to work on /home/nikita/airflow-setup/ENV/lib/python3.12/site-packages/airflow/example_dags/example_task_group_decorator.py
[2026-05-04T01:01:52.575+0300] {processor.py:914} INFO - Processing file /home/nikita/airflow-setup/ENV/lib/python3.12/site-packages/airflow/example_dags/example_task_group_decorator.py for tasks to queue
[2026-05-04T01:01:52.577+0300] {logging_mixin.py:190} INFO - [2026-05-04T01:01:52.576+0300] {dagbag.py:588} INFO - Filling up the DagBag from /home/nikita/airflow-setup/ENV/lib/python3.12/site-packages/airflow/example_dags/example_task_group_decorator.py
[2026-05-04T01:01:52.588+0300] {processor.py:925} INFO - DAG(s) 'example_task_group_decorator' retrieved from /home/nikita/airflow-setup/ENV/lib/python3.12/site-packages/airflow/example_dags/example_task_group_decorator.py
[2026-05-04T01:01:52.602+0300] {logging_mixin.py:190} INFO - [2026-05-04T01:01:52.602+0300] {dag.py:3239} INFO - Sync 1 DAGs
[2026-05-04T01:01:52.612+0300] {logging_mixin.py:190} INFO - [2026-05-04T01:01:52.612+0300] {dag.py:4180} INFO - Setting next_dagrun for example_task_group_decorator to None, run_after=None
[2026-05-04T01:01:52.630+0300] {processor.py:208} INFO - Processing /home/nikita/airflow-setup/ENV/lib/python3.12/site-packages/airflow/example_dags/example_task_group_decorator.py took 0.067 seconds
[2026-05-04T01:03:00.280+0300] {processor.py:186} INFO - Started process (PID=9600) to work on /home/nikita/airflow-setup/ENV/lib/python3.12/site-packages/airflow/example_dags/example_task_group_decorator.py
[2026-05-04T01:03:00.289+0300] {processor.py:914} INFO - Processing file /home/nikita/airflow-setup/ENV/lib/python3.12/site-packages/airflow/example_dags/example_task_group_decorator.py for tasks to queue
[2026-05-04T01:03:00.290+0300] {logging_mixin.py:190} INFO - [2026-05-04T01:03:00.290+0300] {dagbag.py:588} INFO - Filling up the DagBag from /home/nikita/airflow-setup/ENV/lib/python3.12/site-packages/airflow/example_dags/example_task_group_decorator.py
[2026-05-04T01:03:00.301+0300] {processor.py:925} INFO - DAG(s) 'example_task_group_decorator' retrieved from /home/nikita/airflow-setup/ENV/lib/python3.12/site-packages/airflow/example_dags/example_task_group_decorator.py
[2026-05-04T01:03:00.314+0300] {logging_mixin.py:190} INFO - [2026-05-04T01:03:00.314+0300] {dag.py:3239} INFO - Sync 1 DAGs
[2026-05-04T01:03:00.323+0300] {logging_mixin.py:190} INFO - [2026-05-04T01:03:00.323+0300] {dag.py:4180} INFO - Setting next_dagrun for example_task_group_decorator to None, run_after=None
[2026-05-04T01:03:00.338+0300] {processor.py:208} INFO - Processing /home/nikita/airflow-setup/ENV/lib/python3.12/site-packages/airflow/example_dags/example_task_group_decorator.py took 0.062 seconds
[2026-05-04T01:04:02.364+0300] {processor.py:186} INFO - Started process (PID=9865) to work on /home/nikita/airflow-setup/ENV/lib/python3.12/site-packages/airflow/example_dags/example_task_group_decorator.py
[2026-05-04T01:04:02.373+0300] {processor.py:914} INFO - Processing file /home/nikita/airflow-setup/ENV/lib/python3.12/site-packages/airflow/example_dags/example_task_group_decorator.py for tasks to queue
[2026-05-04T01:04:02.374+0300] {logging_mixin.py:190} INFO - [2026-05-04T01:04:02.374+0300] {dagbag.py:588} INFO - Filling up the DagBag from /home/nikita/airflow-setup/ENV/lib/python3.12/site-packages/airflow/example_dags/example_task_group_decorator.py
[2026-05-04T01:04:02.384+0300] {processor.py:925} INFO - DAG(s) 'example_task_group_decorator' retrieved from /home/nikita/airflow-setup/ENV/lib/python3.12/site-packages/airflow/example_dags/example_task_group_decorator.py
[2026-05-04T01:04:02.397+0300] {logging_mixin.py:190} INFO - [2026-05-04T01:04:02.397+0300] {dag.py:3239} INFO - Sync 1 DAGs
[2026-05-04T01:04:02.406+0300] {logging_mixin.py:190} INFO - [2026-05-04T01:04:02.406+0300] {dag.py:4180} INFO - Setting next_dagrun for example_task_group_decorator to None, run_after=None
[2026-05-04T01:04:02.423+0300] {processor.py:208} INFO - Processing /home/nikita/airflow-setup/ENV/lib/python3.12/site-packages/airflow/example_dags/example_task_group_decorator.py took 0.063 seconds
[2026-05-04T01:05:07.598+0300] {processor.py:186} INFO - Started process (PID=10117) to work on /home/nikita/airflow-setup/ENV/lib/python3.12/site-packages/airflow/example_dags/example_task_group_decorator.py
[2026-05-04T01:05:07.607+0300] {processor.py:914} INFO - Processing file /home/nikita/airflow-setup/ENV/lib/python3.12/site-packages/airflow/example_dags/example_task_group_decorator.py for tasks to queue
[2026-05-04T01:05:07.609+0300] {logging_mixin.py:190} INFO - [2026-05-04T01:05:07.608+0300] {dagbag.py:588} INFO - Filling up the DagBag from /home/nikita/airflow-setup/ENV/lib/python3.12/site-packages/airflow/example_dags/example_task_group_decorator.py
[2026-05-04T01:05:07.620+0300] {processor.py:925} INFO - DAG(s) 'example_task_group_decorator' retrieved from /home/nikita/airflow-setup/ENV/lib/python3.12/site-packages/airflow/example_dags/example_task_group_decorator.py
[2026-05-04T01:05:07.635+0300] {logging_mixin.py:190} INFO - [2026-05-04T01:05:07.635+0300] {dag.py:3239} INFO - Sync 1 DAGs
[2026-05-04T01:05:07.645+0300] {logging_mixin.py:190} INFO - [2026-05-04T01:05:07.645+0300] {dag.py:4180} INFO - Setting next_dagrun for example_task_group_decorator to None, run_after=None
[2026-05-04T01:05:07.662+0300] {processor.py:208} INFO - Processing /home/nikita/airflow-setup/ENV/lib/python3.12/site-packages/airflow/example_dags/example_task_group_decorator.py took 0.068 seconds
[2026-05-04T01:06:15.616+0300] {processor.py:186} INFO - Started process (PID=10400) to work on /home/nikita/airflow-setup/ENV/lib/python3.12/site-packages/airflow/example_dags/example_task_group_decorator.py
[2026-05-04T01:06:15.618+0300] {processor.py:914} INFO - Processing file /home/nikita/airflow-setup/ENV/lib/python3.12/site-packages/airflow/example_dags/example_task_group_decorator.py for tasks to queue
[2026-05-04T01:06:15.619+0300] {logging_mixin.py:190} INFO - [2026-05-04T01:06:15.618+0300] {dagbag.py:588} INFO - Filling up the DagBag from /home/nikita/airflow-setup/ENV/lib/python3.12/site-packages/airflow/example_dags/example_task_group_decorator.py
[2026-05-04T01:06:15.630+0300] {processor.py:925} INFO - DAG(s) 'example_task_group_decorator' retrieved from /home/nikita/airflow-setup/ENV/lib/python3.12/site-packages/airflow/example_dags/example_task_group_decorator.py
[2026-05-04T01:06:15.643+0300] {logging_mixin.py:190} INFO - [2026-05-04T01:06:15.643+0300] {dag.py:3239} INFO - Sync 1 DAGs
[2026-05-04T01:06:15.652+0300] {logging_mixin.py:190} INFO - [2026-05-04T01:06:15.652+0300] {dag.py:4180} INFO - Setting next_dagrun for example_task_group_decorator to None, run_after=None
[2026-05-04T01:06:15.669+0300] {processor.py:208} INFO - Processing /home/nikita/airflow-setup/ENV/lib/python3.12/site-packages/airflow/example_dags/example_task_group_decorator.py took 0.057 seconds
[2026-05-04T01:07:20.137+0300] {processor.py:186} INFO - Started process (PID=10643) to work on /home/nikita/airflow-setup/ENV/lib/python3.12/site-packages/airflow/example_dags/example_task_group_decorator.py
[2026-05-04T01:07:20.147+0300] {processor.py:914} INFO - Processing file /home/nikita/airflow-setup/ENV/lib/python3.12/site-packages/airflow/example_dags/example_task_group_decorator.py for tasks to queue
[2026-05-04T01:07:20.148+0300] {logging_mixin.py:190} INFO - [2026-05-04T01:07:20.147+0300] {dagbag.py:588} INFO - Filling up the DagBag from /home/nikita/airflow-setup/ENV/lib/python3.12/site-packages/airflow/example_dags/example_task_group_decorator.py
[2026-05-04T01:07:20.159+0300] {processor.py:925} INFO - DAG(s) 'example_task_group_decorator' retrieved from /home/nikita/airflow-setup/ENV/lib/python3.12/site-packages/airflow/example_dags/example_task_group_decorator.py
[2026-05-04T01:07:20.173+0300] {logging_mixin.py:190} INFO - [2026-05-04T01:07:20.173+0300] {dag.py:3239} INFO - Sync 1 DAGs
[2026-05-04T01:07:20.184+0300] {logging_mixin.py:190} INFO - [2026-05-04T01:07:20.184+0300] {dag.py:4180} INFO - Setting next_dagrun for example_task_group_decorator to None, run_after=None
[2026-05-04T01:07:20.201+0300] {processor.py:208} INFO - Processing /home/nikita/airflow-setup/ENV/lib/python3.12/site-packages/airflow/example_dags/example_task_group_decorator.py took 0.068 seconds
[2026-05-04T01:08:27.856+0300] {processor.py:186} INFO - Started process (PID=11207) to work on /home/nikita/airflow-setup/ENV/lib/python3.12/site-packages/airflow/example_dags/example_task_group_decorator.py
[2026-05-04T01:08:27.864+0300] {processor.py:914} INFO - Processing file /home/nikita/airflow-setup/ENV/lib/python3.12/site-packages/airflow/example_dags/example_task_group_decorator.py for tasks to queue
[2026-05-04T01:08:27.865+0300] {logging_mixin.py:190} INFO - [2026-05-04T01:08:27.865+0300] {dagbag.py:588} INFO - Filling up the DagBag from /home/nikita/airflow-setup/ENV/lib/python3.12/site-packages/airflow/example_dags/example_task_group_decorator.py
[2026-05-04T01:08:27.877+0300] {processor.py:925} INFO - DAG(s) 'example_task_group_decorator' retrieved from /home/nikita/airflow-setup/ENV/lib/python3.12/site-packages/airflow/example_dags/example_task_group_decorator.py
[2026-05-04T01:08:27.895+0300] {logging_mixin.py:190} INFO - [2026-05-04T01:08:27.895+0300] {dag.py:3239} INFO - Sync 1 DAGs
[2026-05-04T01:08:27.906+0300] {logging_mixin.py:190} INFO - [2026-05-04T01:08:27.906+0300] {dag.py:4180} INFO - Setting next_dagrun for example_task_group_decorator to None, run_after=None
[2026-05-04T01:08:27.933+0300] {processor.py:208} INFO - Processing /home/nikita/airflow-setup/ENV/lib/python3.12/site-packages/airflow/example_dags/example_task_group_decorator.py took 0.082 seconds
[2026-05-04T01:09:34.726+0300] {processor.py:186} INFO - Started process (PID=12059) to work on /home/nikita/airflow-setup/ENV/lib/python3.12/site-packages/airflow/example_dags/example_task_group_decorator.py
[2026-05-04T01:09:34.736+0300] {processor.py:914} INFO - Processing file /home/nikita/airflow-setup/ENV/lib/python3.12/site-packages/airflow/example_dags/example_task_group_decorator.py for tasks to queue
[2026-05-04T01:09:34.737+0300] {logging_mixin.py:190} INFO - [2026-05-04T01:09:34.736+0300] {dagbag.py:588} INFO - Filling up the DagBag from /home/nikita/airflow-setup/ENV/lib/python3.12/site-packages/airflow/example_dags/example_task_group_decorator.py
[2026-05-04T01:09:34.749+0300] {processor.py:925} INFO - DAG(s) 'example_task_group_decorator' retrieved from /home/nikita/airflow-setup/ENV/lib/python3.12/site-packages/airflow/example_dags/example_task_group_decorator.py
[2026-05-04T01:09:34.763+0300] {logging_mixin.py:190} INFO - [2026-05-04T01:09:34.763+0300] {dag.py:3239} INFO - Sync 1 DAGs
[2026-05-04T01:09:34.773+0300] {logging_mixin.py:190} INFO - [2026-05-04T01:09:34.773+0300] {dag.py:4180} INFO - Setting next_dagrun for example_task_group_decorator to None, run_after=None
[2026-05-04T01:09:34.789+0300] {processor.py:208} INFO - Processing /home/nikita/airflow-setup/ENV/lib/python3.12/site-packages/airflow/example_dags/example_task_group_decorator.py took 0.068 seconds
[2026-05-04T01:10:42.831+0300] {processor.py:186} INFO - Started process (PID=12357) to work on /home/nikita/airflow-setup/ENV/lib/python3.12/site-packages/airflow/example_dags/example_task_group_decorator.py
[2026-05-04T01:10:42.840+0300] {processor.py:914} INFO - Processing file /home/nikita/airflow-setup/ENV/lib/python3.12/site-packages/airflow/example_dags/example_task_group_decorator.py for tasks to queue
[2026-05-04T01:10:42.841+0300] {logging_mixin.py:190} INFO - [2026-05-04T01:10:42.841+0300] {dagbag.py:588} INFO - Filling up the DagBag from /home/nikita/airflow-setup/ENV/lib/python3.12/site-packages/airflow/example_dags/example_task_group_decorator.py
[2026-05-04T01:10:42.853+0300] {processor.py:925} INFO - DAG(s) 'example_task_group_decorator' retrieved from /home/nikita/airflow-setup/ENV/lib/python3.12/site-packages/airflow/example_dags/example_task_group_decorator.py
[2026-05-04T01:10:42.869+0300] {logging_mixin.py:190} INFO - [2026-05-04T01:10:42.869+0300] {dag.py:3239} INFO - Sync 1 DAGs
[2026-05-04T01:10:42.879+0300] {logging_mixin.py:190} INFO - [2026-05-04T01:10:42.879+0300] {dag.py:4180} INFO - Setting next_dagrun for example_task_group_decorator to None, run_after=None
[2026-05-04T01:10:42.896+0300] {processor.py:208} INFO - Processing /home/nikita/airflow-setup/ENV/lib/python3.12/site-packages/airflow/example_dags/example_task_group_decorator.py took 0.070 seconds
[2026-05-04T01:11:50.868+0300] {processor.py:186} INFO - Started process (PID=12615) to work on /home/nikita/airflow-setup/ENV/lib/python3.12/site-packages/airflow/example_dags/example_task_group_decorator.py
[2026-05-04T01:11:50.878+0300] {processor.py:914} INFO - Processing file /home/nikita/airflow-setup/ENV/lib/python3.12/site-packages/airflow/example_dags/example_task_group_decorator.py for tasks to queue
[2026-05-04T01:11:50.879+0300] {logging_mixin.py:190} INFO - [2026-05-04T01:11:50.879+0300] {dagbag.py:588} INFO - Filling up the DagBag from /home/nikita/airflow-setup/ENV/lib/python3.12/site-packages/airflow/example_dags/example_task_group_decorator.py
[2026-05-04T01:11:50.890+0300] {processor.py:925} INFO - DAG(s) 'example_task_group_decorator' retrieved from /home/nikita/airflow-setup/ENV/lib/python3.12/site-packages/airflow/example_dags/example_task_group_decorator.py
[2026-05-04T01:11:50.905+0300] {logging_mixin.py:190} INFO - [2026-05-04T01:11:50.905+0300] {dag.py:3239} INFO - Sync 1 DAGs
[2026-05-04T01:11:50.915+0300] {logging_mixin.py:190} INFO - [2026-05-04T01:11:50.915+0300] {dag.py:4180} INFO - Setting next_dagrun for example_task_group_decorator to None, run_after=None
[2026-05-04T01:11:50.933+0300] {processor.py:208} INFO - Processing /home/nikita/airflow-setup/ENV/lib/python3.12/site-packages/airflow/example_dags/example_task_group_decorator.py took 0.069 seconds
[2026-05-04T01:12:49.181+0300] {processor.py:186} INFO - Started process (PID=12844) to work on /home/nikita/airflow-setup/ENV/lib/python3.12/site-packages/airflow/example_dags/example_task_group_decorator.py
[2026-05-04T01:12:49.183+0300] {processor.py:914} INFO - Processing file /home/nikita/airflow-setup/ENV/lib/python3.12/site-packages/airflow/example_dags/example_task_group_decorator.py for tasks to queue
[2026-05-04T01:12:49.184+0300] {logging_mixin.py:190} INFO - [2026-05-04T01:12:49.184+0300] {dagbag.py:588} INFO - Filling up the DagBag from /home/nikita/airflow-setup/ENV/lib/python3.12/site-packages/airflow/example_dags/example_task_group_decorator.py
[2026-05-04T01:12:49.196+0300] {processor.py:925} INFO - DAG(s) 'example_task_group_decorator' retrieved from /home/nikita/airflow-setup/ENV/lib/python3.12/site-packages/airflow/example_dags/example_task_group_decorator.py
[2026-05-04T01:12:49.211+0300] {logging_mixin.py:190} INFO - [2026-05-04T01:12:49.211+0300] {dag.py:3239} INFO - Sync 1 DAGs
[2026-05-04T01:12:49.222+0300] {logging_mixin.py:190} INFO - [2026-05-04T01:12:49.222+0300] {dag.py:4180} INFO - Setting next_dagrun for example_task_group_decorator to None, run_after=None
[2026-05-04T01:12:49.241+0300] {processor.py:208} INFO - Processing /home/nikita/airflow-setup/ENV/lib/python3.12/site-packages/airflow/example_dags/example_task_group_decorator.py took 0.065 seconds
[2026-05-04T01:13:52.240+0300] {processor.py:186} INFO - Started process (PID=13444) to work on /home/nikita/airflow-setup/ENV/lib/python3.12/site-packages/airflow/example_dags/example_task_group_decorator.py
[2026-05-04T01:13:52.248+0300] {processor.py:914} INFO - Processing file /home/nikita/airflow-setup/ENV/lib/python3.12/site-packages/airflow/example_dags/example_task_group_decorator.py for tasks to queue
[2026-05-04T01:13:52.249+0300] {logging_mixin.py:190} INFO - [2026-05-04T01:13:52.249+0300] {dagbag.py:588} INFO - Filling up the DagBag from /home/nikita/airflow-setup/ENV/lib/python3.12/site-packages/airflow/example_dags/example_task_group_decorator.py
[2026-05-04T01:13:52.260+0300] {processor.py:925} INFO - DAG(s) 'example_task_group_decorator' retrieved from /home/nikita/airflow-setup/ENV/lib/python3.12/site-packages/airflow/example_dags/example_task_group_decorator.py
[2026-05-04T01:13:52.273+0300] {logging_mixin.py:190} INFO - [2026-05-04T01:13:52.272+0300] {dag.py:3239} INFO - Sync 1 DAGs
[2026-05-04T01:13:52.281+0300] {logging_mixin.py:190} INFO - [2026-05-04T01:13:52.281+0300] {dag.py:4180} INFO - Setting next_dagrun for example_task_group_decorator to None, run_after=None
[2026-05-04T01:13:52.298+0300] {processor.py:208} INFO - Processing /home/nikita/airflow-setup/ENV/lib/python3.12/site-packages/airflow/example_dags/example_task_group_decorator.py took 0.062 seconds
[2026-05-04T01:14:59.906+0300] {processor.py:186} INFO - Started process (PID=14407) to work on /home/nikita/airflow-setup/ENV/lib/python3.12/site-packages/airflow/example_dags/example_task_group_decorator.py
[2026-05-04T01:14:59.908+0300] {processor.py:914} INFO - Processing file /home/nikita/airflow-setup/ENV/lib/python3.12/site-packages/airflow/example_dags/example_task_group_decorator.py for tasks to queue
[2026-05-04T01:14:59.909+0300] {logging_mixin.py:190} INFO - [2026-05-04T01:14:59.909+0300] {dagbag.py:588} INFO - Filling up the DagBag from /home/nikita/airflow-setup/ENV/lib/python3.12/site-packages/airflow/example_dags/example_task_group_decorator.py
[2026-05-04T01:14:59.920+0300] {processor.py:925} INFO - DAG(s) 'example_task_group_decorator' retrieved from /home/nikita/airflow-setup/ENV/lib/python3.12/site-packages/airflow/example_dags/example_task_group_decorator.py
[2026-05-04T01:14:59.933+0300] {logging_mixin.py:190} INFO - [2026-05-04T01:14:59.933+0300] {dag.py:3239} INFO - Sync 1 DAGs
[2026-05-04T01:14:59.942+0300] {logging_mixin.py:190} INFO - [2026-05-04T01:14:59.942+0300] {dag.py:4180} INFO - Setting next_dagrun for example_task_group_decorator to None, run_after=None
[2026-05-04T01:14:59.958+0300] {processor.py:208} INFO - Processing /home/nikita/airflow-setup/ENV/lib/python3.12/site-packages/airflow/example_dags/example_task_group_decorator.py took 0.056 seconds
[2026-05-04T01:16:08.751+0300] {processor.py:186} INFO - Started process (PID=15617) to work on /home/nikita/airflow-setup/ENV/lib/python3.12/site-packages/airflow/example_dags/example_task_group_decorator.py
[2026-05-04T01:16:08.752+0300] {processor.py:914} INFO - Processing file /home/nikita/airflow-setup/ENV/lib/python3.12/site-packages/airflow/example_dags/example_task_group_decorator.py for tasks to queue
[2026-05-04T01:16:08.753+0300] {logging_mixin.py:190} INFO - [2026-05-04T01:16:08.753+0300] {dagbag.py:588} INFO - Filling up the DagBag from /home/nikita/airflow-setup/ENV/lib/python3.12/site-packages/airflow/example_dags/example_task_group_decorator.py
[2026-05-04T01:16:08.765+0300] {processor.py:925} INFO - DAG(s) 'example_task_group_decorator' retrieved from /home/nikita/airflow-setup/ENV/lib/python3.12/site-packages/airflow/example_dags/example_task_group_decorator.py
[2026-05-04T01:16:08.779+0300] {logging_mixin.py:190} INFO - [2026-05-04T01:16:08.779+0300] {dag.py:3239} INFO - Sync 1 DAGs
[2026-05-04T01:16:08.789+0300] {logging_mixin.py:190} INFO - [2026-05-04T01:16:08.789+0300] {dag.py:4180} INFO - Setting next_dagrun for example_task_group_decorator to None, run_after=None
[2026-05-04T01:16:08.805+0300] {processor.py:208} INFO - Processing /home/nikita/airflow-setup/ENV/lib/python3.12/site-packages/airflow/example_dags/example_task_group_decorator.py took 0.059 seconds
[2026-05-04T01:17:17.683+0300] {processor.py:186} INFO - Started process (PID=15882) to work on /home/nikita/airflow-setup/ENV/lib/python3.12/site-packages/airflow/example_dags/example_task_group_decorator.py
[2026-05-04T01:17:17.693+0300] {processor.py:914} INFO - Processing file /home/nikita/airflow-setup/ENV/lib/python3.12/site-packages/airflow/example_dags/example_task_group_decorator.py for tasks to queue
[2026-05-04T01:17:17.696+0300] {logging_mixin.py:190} INFO - [2026-05-04T01:17:17.695+0300] {dagbag.py:588} INFO - Filling up the DagBag from /home/nikita/airflow-setup/ENV/lib/python3.12/site-packages/airflow/example_dags/example_task_group_decorator.py
[2026-05-04T01:17:17.720+0300] {processor.py:925} INFO - DAG(s) 'example_task_group_decorator' retrieved from /home/nikita/airflow-setup/ENV/lib/python3.12/site-packages/airflow/example_dags/example_task_group_decorator.py
[2026-05-04T01:17:17.739+0300] {logging_mixin.py:190} INFO - [2026-05-04T01:17:17.739+0300] {dag.py:3239} INFO - Sync 1 DAGs
[2026-05-04T01:17:17.750+0300] {logging_mixin.py:190} INFO - [2026-05-04T01:17:17.750+0300] {dag.py:4180} INFO - Setting next_dagrun for example_task_group_decorator to None, run_after=None
[2026-05-04T01:17:17.773+0300] {processor.py:208} INFO - Processing /home/nikita/airflow-setup/ENV/lib/python3.12/site-packages/airflow/example_dags/example_task_group_decorator.py took 0.099 seconds
[2026-05-04T01:18:25.346+0300] {processor.py:186} INFO - Started process (PID=16139) to work on /home/nikita/airflow-setup/ENV/lib/python3.12/site-packages/airflow/example_dags/example_task_group_decorator.py
[2026-05-04T01:18:25.354+0300] {processor.py:914} INFO - Processing file /home/nikita/airflow-setup/ENV/lib/python3.12/site-packages/airflow/example_dags/example_task_group_decorator.py for tasks to queue
[2026-05-04T01:18:25.355+0300] {logging_mixin.py:190} INFO - [2026-05-04T01:18:25.355+0300] {dagbag.py:588} INFO - Filling up the DagBag from /home/nikita/airflow-setup/ENV/lib/python3.12/site-packages/airflow/example_dags/example_task_group_decorator.py
[2026-05-04T01:18:25.366+0300] {processor.py:925} INFO - DAG(s) 'example_task_group_decorator' retrieved from /home/nikita/airflow-setup/ENV/lib/python3.12/site-packages/airflow/example_dags/example_task_group_decorator.py
[2026-05-04T01:18:25.383+0300] {logging_mixin.py:190} INFO - [2026-05-04T01:18:25.382+0300] {dag.py:3239} INFO - Sync 1 DAGs
[2026-05-04T01:18:25.392+0300] {logging_mixin.py:190} INFO - [2026-05-04T01:18:25.392+0300] {dag.py:4180} INFO - Setting next_dagrun for example_task_group_decorator to None, run_after=None
[2026-05-04T01:18:25.410+0300] {processor.py:208} INFO - Processing /home/nikita/airflow-setup/ENV/lib/python3.12/site-packages/airflow/example_dags/example_task_group_decorator.py took 0.069 seconds
[2026-05-04T01:19:29.446+0300] {processor.py:186} INFO - Started process (PID=16387) to work on /home/nikita/airflow-setup/ENV/lib/python3.12/site-packages/airflow/example_dags/example_task_group_decorator.py
[2026-05-04T01:19:29.448+0300] {processor.py:914} INFO - Processing file /home/nikita/airflow-setup/ENV/lib/python3.12/site-packages/airflow/example_dags/example_task_group_decorator.py for tasks to queue
[2026-05-04T01:19:29.449+0300] {logging_mixin.py:190} INFO - [2026-05-04T01:19:29.448+0300] {dagbag.py:588} INFO - Filling up the DagBag from /home/nikita/airflow-setup/ENV/lib/python3.12/site-packages/airflow/example_dags/example_task_group_decorator.py
[2026-05-04T01:19:29.463+0300] {processor.py:925} INFO - DAG(s) 'example_task_group_decorator' retrieved from /home/nikita/airflow-setup/ENV/lib/python3.12/site-packages/airflow/example_dags/example_task_group_decorator.py
[2026-05-04T01:19:29.478+0300] {logging_mixin.py:190} INFO - [2026-05-04T01:19:29.477+0300] {dag.py:3239} INFO - Sync 1 DAGs
[2026-05-04T01:19:29.487+0300] {logging_mixin.py:190} INFO - [2026-05-04T01:19:29.487+0300] {dag.py:4180} INFO - Setting next_dagrun for example_task_group_decorator to None, run_after=None
[2026-05-04T01:19:29.503+0300] {processor.py:208} INFO - Processing /home/nikita/airflow-setup/ENV/lib/python3.12/site-packages/airflow/example_dags/example_task_group_decorator.py took 0.061 seconds
[2026-05-04T01:20:36.362+0300] {processor.py:186} INFO - Started process (PID=16651) to work on /home/nikita/airflow-setup/ENV/lib/python3.12/site-packages/airflow/example_dags/example_task_group_decorator.py
[2026-05-04T01:20:36.363+0300] {processor.py:914} INFO - Processing file /home/nikita/airflow-setup/ENV/lib/python3.12/site-packages/airflow/example_dags/example_task_group_decorator.py for tasks to queue
[2026-05-04T01:20:36.364+0300] {logging_mixin.py:190} INFO - [2026-05-04T01:20:36.364+0300] {dagbag.py:588} INFO - Filling up the DagBag from /home/nikita/airflow-setup/ENV/lib/python3.12/site-packages/airflow/example_dags/example_task_group_decorator.py
[2026-05-04T01:20:36.374+0300] {processor.py:925} INFO - DAG(s) 'example_task_group_decorator' retrieved from /home/nikita/airflow-setup/ENV/lib/python3.12/site-packages/airflow/example_dags/example_task_group_decorator.py
[2026-05-04T01:20:36.387+0300] {logging_mixin.py:190} INFO - [2026-05-04T01:20:36.387+0300] {dag.py:3239} INFO - Sync 1 DAGs
[2026-05-04T01:20:36.395+0300] {logging_mixin.py:190} INFO - [2026-05-04T01:20:36.395+0300] {dag.py:4180} INFO - Setting next_dagrun for example_task_group_decorator to None, run_after=None
[2026-05-04T01:20:36.411+0300] {processor.py:208} INFO - Processing /home/nikita/airflow-setup/ENV/lib/python3.12/site-packages/airflow/example_dags/example_task_group_decorator.py took 0.053 seconds
[2026-05-04T01:21:43.369+0300] {processor.py:186} INFO - Started process (PID=16908) to work on /home/nikita/airflow-setup/ENV/lib/python3.12/site-packages/airflow/example_dags/example_task_group_decorator.py
[2026-05-04T01:21:43.370+0300] {processor.py:914} INFO - Processing file /home/nikita/airflow-setup/ENV/lib/python3.12/site-packages/airflow/example_dags/example_task_group_decorator.py for tasks to queue
[2026-05-04T01:21:43.371+0300] {logging_mixin.py:190} INFO - [2026-05-04T01:21:43.371+0300] {dagbag.py:588} INFO - Filling up the DagBag from /home/nikita/airflow-setup/ENV/lib/python3.12/site-packages/airflow/example_dags/example_task_group_decorator.py
[2026-05-04T01:21:43.383+0300] {processor.py:925} INFO - DAG(s) 'example_task_group_decorator' retrieved from /home/nikita/airflow-setup/ENV/lib/python3.12/site-packages/airflow/example_dags/example_task_group_decorator.py
[2026-05-04T01:21:43.402+0300] {logging_mixin.py:190} INFO - [2026-05-04T01:21:43.402+0300] {dag.py:3239} INFO - Sync 1 DAGs
[2026-05-04T01:21:43.413+0300] {logging_mixin.py:190} INFO - [2026-05-04T01:21:43.412+0300] {dag.py:4180} INFO - Setting next_dagrun for example_task_group_decorator to None, run_after=None
[2026-05-04T01:21:43.430+0300] {processor.py:208} INFO - Processing /home/nikita/airflow-setup/ENV/lib/python3.12/site-packages/airflow/example_dags/example_task_group_decorator.py took 0.065 seconds
[2026-05-04T01:22:58.795+0300] {processor.py:186} INFO - Started process (PID=17188) to work on /home/nikita/airflow-setup/ENV/lib/python3.12/site-packages/airflow/example_dags/example_task_group_decorator.py
[2026-05-04T01:22:58.804+0300] {processor.py:914} INFO - Processing file /home/nikita/airflow-setup/ENV/lib/python3.12/site-packages/airflow/example_dags/example_task_group_decorator.py for tasks to queue
[2026-05-04T01:22:58.805+0300] {logging_mixin.py:190} INFO - [2026-05-04T01:22:58.805+0300] {dagbag.py:588} INFO - Filling up the DagBag from /home/nikita/airflow-setup/ENV/lib/python3.12/site-packages/airflow/example_dags/example_task_group_decorator.py
[2026-05-04T01:22:58.817+0300] {processor.py:925} INFO - DAG(s) 'example_task_group_decorator' retrieved from /home/nikita/airflow-setup/ENV/lib/python3.12/site-packages/airflow/example_dags/example_task_group_decorator.py
[2026-05-04T01:22:58.831+0300] {logging_mixin.py:190} INFO - [2026-05-04T01:22:58.831+0300] {dag.py:3239} INFO - Sync 1 DAGs
[2026-05-04T01:22:58.841+0300] {logging_mixin.py:190} INFO - [2026-05-04T01:22:58.841+0300] {dag.py:4180} INFO - Setting next_dagrun for example_task_group_decorator to None, run_after=None
[2026-05-04T01:22:58.856+0300] {processor.py:208} INFO - Processing /home/nikita/airflow-setup/ENV/lib/python3.12/site-packages/airflow/example_dags/example_task_group_decorator.py took 0.065 seconds
[2026-05-04T01:24:03.742+0300] {processor.py:186} INFO - Started process (PID=17432) to work on /home/nikita/airflow-setup/ENV/lib/python3.12/site-packages/airflow/example_dags/example_task_group_decorator.py
[2026-05-04T01:24:03.750+0300] {processor.py:914} INFO - Processing file /home/nikita/airflow-setup/ENV/lib/python3.12/site-packages/airflow/example_dags/example_task_group_decorator.py for tasks to queue
[2026-05-04T01:24:03.751+0300] {logging_mixin.py:190} INFO - [2026-05-04T01:24:03.751+0300] {dagbag.py:588} INFO - Filling up the DagBag from /home/nikita/airflow-setup/ENV/lib/python3.12/site-packages/airflow/example_dags/example_task_group_decorator.py
[2026-05-04T01:24:03.762+0300] {processor.py:925} INFO - DAG(s) 'example_task_group_decorator' retrieved from /home/nikita/airflow-setup/ENV/lib/python3.12/site-packages/airflow/example_dags/example_task_group_decorator.py
[2026-05-04T01:24:03.775+0300] {logging_mixin.py:190} INFO - [2026-05-04T01:24:03.775+0300] {dag.py:3239} INFO - Sync 1 DAGs
[2026-05-04T01:24:03.784+0300] {logging_mixin.py:190} INFO - [2026-05-04T01:24:03.784+0300] {dag.py:4180} INFO - Setting next_dagrun for example_task_group_decorator to None, run_after=None
[2026-05-04T01:24:03.800+0300] {processor.py:208} INFO - Processing /home/nikita/airflow-setup/ENV/lib/python3.12/site-packages/airflow/example_dags/example_task_group_decorator.py took 0.063 seconds
[2026-05-04T01:25:13.722+0300] {processor.py:186} INFO - Started process (PID=18011) to work on /home/nikita/airflow-setup/ENV/lib/python3.12/site-packages/airflow/example_dags/example_task_group_decorator.py
[2026-05-04T01:25:13.731+0300] {processor.py:914} INFO - Processing file /home/nikita/airflow-setup/ENV/lib/python3.12/site-packages/airflow/example_dags/example_task_group_decorator.py for tasks to queue
[2026-05-04T01:25:13.732+0300] {logging_mixin.py:190} INFO - [2026-05-04T01:25:13.732+0300] {dagbag.py:588} INFO - Filling up the DagBag from /home/nikita/airflow-setup/ENV/lib/python3.12/site-packages/airflow/example_dags/example_task_group_decorator.py
[2026-05-04T01:25:13.744+0300] {processor.py:925} INFO - DAG(s) 'example_task_group_decorator' retrieved from /home/nikita/airflow-setup/ENV/lib/python3.12/site-packages/airflow/example_dags/example_task_group_decorator.py
[2026-05-04T01:25:13.764+0300] {logging_mixin.py:190} INFO - [2026-05-04T01:25:13.764+0300] {dag.py:3239} INFO - Sync 1 DAGs
[2026-05-04T01:25:13.774+0300] {logging_mixin.py:190} INFO - [2026-05-04T01:25:13.774+0300] {dag.py:4180} INFO - Setting next_dagrun for example_task_group_decorator to None, run_after=None
[2026-05-04T01:25:13.794+0300] {processor.py:208} INFO - Processing /home/nikita/airflow-setup/ENV/lib/python3.12/site-packages/airflow/example_dags/example_task_group_decorator.py took 0.076 seconds
[2026-05-04T01:26:23.104+0300] {processor.py:186} INFO - Started process (PID=19283) to work on /home/nikita/airflow-setup/ENV/lib/python3.12/site-packages/airflow/example_dags/example_task_group_decorator.py
[2026-05-04T01:26:23.113+0300] {processor.py:914} INFO - Processing file /home/nikita/airflow-setup/ENV/lib/python3.12/site-packages/airflow/example_dags/example_task_group_decorator.py for tasks to queue
[2026-05-04T01:26:23.114+0300] {logging_mixin.py:190} INFO - [2026-05-04T01:26:23.113+0300] {dagbag.py:588} INFO - Filling up the DagBag from /home/nikita/airflow-setup/ENV/lib/python3.12/site-packages/airflow/example_dags/example_task_group_decorator.py
[2026-05-04T01:26:23.124+0300] {processor.py:925} INFO - DAG(s) 'example_task_group_decorator' retrieved from /home/nikita/airflow-setup/ENV/lib/python3.12/site-packages/airflow/example_dags/example_task_group_decorator.py
[2026-05-04T01:26:23.137+0300] {logging_mixin.py:190} INFO - [2026-05-04T01:26:23.137+0300] {dag.py:3239} INFO - Sync 1 DAGs
[2026-05-04T01:26:23.145+0300] {logging_mixin.py:190} INFO - [2026-05-04T01:26:23.145+0300] {dag.py:4180} INFO - Setting next_dagrun for example_task_group_decorator to None, run_after=None
[2026-05-04T01:26:23.160+0300] {processor.py:208} INFO - Processing /home/nikita/airflow-setup/ENV/lib/python3.12/site-packages/airflow/example_dags/example_task_group_decorator.py took 0.060 seconds
[2026-05-04T01:27:30.578+0300] {processor.py:186} INFO - Started process (PID=19562) to work on /home/nikita/airflow-setup/ENV/lib/python3.12/site-packages/airflow/example_dags/example_task_group_decorator.py
[2026-05-04T01:27:30.587+0300] {processor.py:914} INFO - Processing file /home/nikita/airflow-setup/ENV/lib/python3.12/site-packages/airflow/example_dags/example_task_group_decorator.py for tasks to queue
[2026-05-04T01:27:30.588+0300] {logging_mixin.py:190} INFO - [2026-05-04T01:27:30.588+0300] {dagbag.py:588} INFO - Filling up the DagBag from /home/nikita/airflow-setup/ENV/lib/python3.12/site-packages/airflow/example_dags/example_task_group_decorator.py
[2026-05-04T01:27:30.599+0300] {processor.py:925} INFO - DAG(s) 'example_task_group_decorator' retrieved from /home/nikita/airflow-setup/ENV/lib/python3.12/site-packages/airflow/example_dags/example_task_group_decorator.py
[2026-05-04T01:27:30.612+0300] {logging_mixin.py:190} INFO - [2026-05-04T01:27:30.612+0300] {dag.py:3239} INFO - Sync 1 DAGs
[2026-05-04T01:27:30.621+0300] {logging_mixin.py:190} INFO - [2026-05-04T01:27:30.621+0300] {dag.py:4180} INFO - Setting next_dagrun for example_task_group_decorator to None, run_after=None
[2026-05-04T01:27:30.637+0300] {processor.py:208} INFO - Processing /home/nikita/airflow-setup/ENV/lib/python3.12/site-packages/airflow/example_dags/example_task_group_decorator.py took 0.064 seconds
[2026-05-04T01:28:45.320+0300] {processor.py:186} INFO - Started process (PID=19838) to work on /home/nikita/airflow-setup/ENV/lib/python3.12/site-packages/airflow/example_dags/example_task_group_decorator.py
[2026-05-04T01:28:45.329+0300] {processor.py:914} INFO - Processing file /home/nikita/airflow-setup/ENV/lib/python3.12/site-packages/airflow/example_dags/example_task_group_decorator.py for tasks to queue
[2026-05-04T01:28:45.330+0300] {logging_mixin.py:190} INFO - [2026-05-04T01:28:45.329+0300] {dagbag.py:588} INFO - Filling up the DagBag from /home/nikita/airflow-setup/ENV/lib/python3.12/site-packages/airflow/example_dags/example_task_group_decorator.py
[2026-05-04T01:28:45.342+0300] {processor.py:925} INFO - DAG(s) 'example_task_group_decorator' retrieved from /home/nikita/airflow-setup/ENV/lib/python3.12/site-packages/airflow/example_dags/example_task_group_decorator.py
[2026-05-04T01:28:45.356+0300] {logging_mixin.py:190} INFO - [2026-05-04T01:28:45.356+0300] {dag.py:3239} INFO - Sync 1 DAGs
[2026-05-04T01:28:45.368+0300] {logging_mixin.py:190} INFO - [2026-05-04T01:28:45.368+0300] {dag.py:4180} INFO - Setting next_dagrun for example_task_group_decorator to None, run_after=None
[2026-05-04T01:28:45.386+0300] {processor.py:208} INFO - Processing /home/nikita/airflow-setup/ENV/lib/python3.12/site-packages/airflow/example_dags/example_task_group_decorator.py took 0.070 seconds
[2026-05-04T01:29:53.757+0300] {processor.py:186} INFO - Started process (PID=20101) to work on /home/nikita/airflow-setup/ENV/lib/python3.12/site-packages/airflow/example_dags/example_task_group_decorator.py
[2026-05-04T01:29:53.766+0300] {processor.py:914} INFO - Processing file /home/nikita/airflow-setup/ENV/lib/python3.12/site-packages/airflow/example_dags/example_task_group_decorator.py for tasks to queue
[2026-05-04T01:29:53.767+0300] {logging_mixin.py:190} INFO - [2026-05-04T01:29:53.766+0300] {dagbag.py:588} INFO - Filling up the DagBag from /home/nikita/airflow-setup/ENV/lib/python3.12/site-packages/airflow/example_dags/example_task_group_decorator.py
[2026-05-04T01:29:53.777+0300] {processor.py:925} INFO - DAG(s) 'example_task_group_decorator' retrieved from /home/nikita/airflow-setup/ENV/lib/python3.12/site-packages/airflow/example_dags/example_task_group_decorator.py
[2026-05-04T01:29:53.939+0300] {logging_mixin.py:190} INFO - [2026-05-04T01:29:53.939+0300] {dag.py:3239} INFO - Sync 1 DAGs
[2026-05-04T01:29:53.950+0300] {logging_mixin.py:190} INFO - [2026-05-04T01:29:53.949+0300] {dag.py:4180} INFO - Setting next_dagrun for example_task_group_decorator to None, run_after=None
[2026-05-04T01:29:53.969+0300] {processor.py:208} INFO - Processing /home/nikita/airflow-setup/ENV/lib/python3.12/site-packages/airflow/example_dags/example_task_group_decorator.py took 0.216 seconds
[2026-05-04T01:31:07.488+0300] {processor.py:186} INFO - Started process (PID=20372) to work on /home/nikita/airflow-setup/ENV/lib/python3.12/site-packages/airflow/example_dags/example_task_group_decorator.py
[2026-05-04T01:31:07.500+0300] {processor.py:914} INFO - Processing file /home/nikita/airflow-setup/ENV/lib/python3.12/site-packages/airflow/example_dags/example_task_group_decorator.py for tasks to queue
[2026-05-04T01:31:07.504+0300] {logging_mixin.py:190} INFO - [2026-05-04T01:31:07.502+0300] {dagbag.py:588} INFO - Filling up the DagBag from /home/nikita/airflow-setup/ENV/lib/python3.12/site-packages/airflow/example_dags/example_task_group_decorator.py
[2026-05-04T01:31:07.535+0300] {processor.py:925} INFO - DAG(s) 'example_task_group_decorator' retrieved from /home/nikita/airflow-setup/ENV/lib/python3.12/site-packages/airflow/example_dags/example_task_group_decorator.py
[2026-05-04T01:31:07.573+0300] {logging_mixin.py:190} INFO - [2026-05-04T01:31:07.572+0300] {dag.py:3239} INFO - Sync 1 DAGs
[2026-05-04T01:31:07.769+0300] {logging_mixin.py:190} INFO - [2026-05-04T01:31:07.769+0300] {dag.py:4180} INFO - Setting next_dagrun for example_task_group_decorator to None, run_after=None
[2026-05-04T01:31:07.797+0300] {processor.py:208} INFO - Processing /home/nikita/airflow-setup/ENV/lib/python3.12/site-packages/airflow/example_dags/example_task_group_decorator.py took 0.323 seconds
[2026-05-04T01:32:27.490+0300] {processor.py:186} INFO - Started process (PID=20673) to work on /home/nikita/airflow-setup/ENV/lib/python3.12/site-packages/airflow/example_dags/example_task_group_decorator.py
[2026-05-04T01:32:27.500+0300] {processor.py:914} INFO - Processing file /home/nikita/airflow-setup/ENV/lib/python3.12/site-packages/airflow/example_dags/example_task_group_decorator.py for tasks to queue
[2026-05-04T01:32:27.501+0300] {logging_mixin.py:190} INFO - [2026-05-04T01:32:27.500+0300] {dagbag.py:588} INFO - Filling up the DagBag from /home/nikita/airflow-setup/ENV/lib/python3.12/site-packages/airflow/example_dags/example_task_group_decorator.py
[2026-05-04T01:32:27.512+0300] {processor.py:925} INFO - DAG(s) 'example_task_group_decorator' retrieved from /home/nikita/airflow-setup/ENV/lib/python3.12/site-packages/airflow/example_dags/example_task_group_decorator.py
[2026-05-04T01:32:27.526+0300] {logging_mixin.py:190} INFO - [2026-05-04T01:32:27.525+0300] {dag.py:3239} INFO - Sync 1 DAGs
[2026-05-04T01:32:27.535+0300] {logging_mixin.py:190} INFO - [2026-05-04T01:32:27.534+0300] {dag.py:4180} INFO - Setting next_dagrun for example_task_group_decorator to None, run_after=None
[2026-05-04T01:32:27.551+0300] {processor.py:208} INFO - Processing /home/nikita/airflow-setup/ENV/lib/python3.12/site-packages/airflow/example_dags/example_task_group_decorator.py took 0.065 seconds
[2026-05-04T01:33:34.330+0300] {processor.py:186} INFO - Started process (PID=21068) to work on /home/nikita/airflow-setup/ENV/lib/python3.12/site-packages/airflow/example_dags/example_task_group_decorator.py
[2026-05-04T01:33:34.339+0300] {processor.py:914} INFO - Processing file /home/nikita/airflow-setup/ENV/lib/python3.12/site-packages/airflow/example_dags/example_task_group_decorator.py for tasks to queue
[2026-05-04T01:33:34.340+0300] {logging_mixin.py:190} INFO - [2026-05-04T01:33:34.340+0300] {dagbag.py:588} INFO - Filling up the DagBag from /home/nikita/airflow-setup/ENV/lib/python3.12/site-packages/airflow/example_dags/example_task_group_decorator.py
[2026-05-04T01:33:34.351+0300] {processor.py:925} INFO - DAG(s) 'example_task_group_decorator' retrieved from /home/nikita/airflow-setup/ENV/lib/python3.12/site-packages/airflow/example_dags/example_task_group_decorator.py
[2026-05-04T01:33:34.366+0300] {logging_mixin.py:190} INFO - [2026-05-04T01:33:34.366+0300] {dag.py:3239} INFO - Sync 1 DAGs
[2026-05-04T01:33:34.377+0300] {logging_mixin.py:190} INFO - [2026-05-04T01:33:34.376+0300] {dag.py:4180} INFO - Setting next_dagrun for example_task_group_decorator to None, run_after=None
[2026-05-04T01:33:34.395+0300] {processor.py:208} INFO - Processing /home/nikita/airflow-setup/ENV/lib/python3.12/site-packages/airflow/example_dags/example_task_group_decorator.py took 0.069 seconds
[2026-05-04T01:34:37.414+0300] {processor.py:186} INFO - Started process (PID=21440) to work on /home/nikita/airflow-setup/ENV/lib/python3.12/site-packages/airflow/example_dags/example_task_group_decorator.py
[2026-05-04T01:34:37.423+0300] {processor.py:914} INFO - Processing file /home/nikita/airflow-setup/ENV/lib/python3.12/site-packages/airflow/example_dags/example_task_group_decorator.py for tasks to queue
[2026-05-04T01:34:37.424+0300] {logging_mixin.py:190} INFO - [2026-05-04T01:34:37.423+0300] {dagbag.py:588} INFO - Filling up the DagBag from /home/nikita/airflow-setup/ENV/lib/python3.12/site-packages/airflow/example_dags/example_task_group_decorator.py
[2026-05-04T01:34:37.435+0300] {processor.py:925} INFO - DAG(s) 'example_task_group_decorator' retrieved from /home/nikita/airflow-setup/ENV/lib/python3.12/site-packages/airflow/example_dags/example_task_group_decorator.py
[2026-05-04T01:34:37.448+0300] {logging_mixin.py:190} INFO - [2026-05-04T01:34:37.448+0300] {dag.py:3239} INFO - Sync 1 DAGs
[2026-05-04T01:34:37.457+0300] {logging_mixin.py:190} INFO - [2026-05-04T01:34:37.457+0300] {dag.py:4180} INFO - Setting next_dagrun for example_task_group_decorator to None, run_after=None
[2026-05-04T01:34:37.473+0300] {processor.py:208} INFO - Processing /home/nikita/airflow-setup/ENV/lib/python3.12/site-packages/airflow/example_dags/example_task_group_decorator.py took 0.065 seconds
[2026-05-04T01:35:39.280+0300] {processor.py:186} INFO - Started process (PID=21681) to work on /home/nikita/airflow-setup/ENV/lib/python3.12/site-packages/airflow/example_dags/example_task_group_decorator.py
[2026-05-04T01:35:39.282+0300] {processor.py:914} INFO - Processing file /home/nikita/airflow-setup/ENV/lib/python3.12/site-packages/airflow/example_dags/example_task_group_decorator.py for tasks to queue
[2026-05-04T01:35:39.283+0300] {logging_mixin.py:190} INFO - [2026-05-04T01:35:39.282+0300] {dagbag.py:588} INFO - Filling up the DagBag from /home/nikita/airflow-setup/ENV/lib/python3.12/site-packages/airflow/example_dags/example_task_group_decorator.py
[2026-05-04T01:35:39.294+0300] {processor.py:925} INFO - DAG(s) 'example_task_group_decorator' retrieved from /home/nikita/airflow-setup/ENV/lib/python3.12/site-packages/airflow/example_dags/example_task_group_decorator.py
[2026-05-04T01:35:39.306+0300] {logging_mixin.py:190} INFO - [2026-05-04T01:35:39.306+0300] {dag.py:3239} INFO - Sync 1 DAGs
[2026-05-04T01:35:39.315+0300] {logging_mixin.py:190} INFO - [2026-05-04T01:35:39.315+0300] {dag.py:4180} INFO - Setting next_dagrun for example_task_group_decorator to None, run_after=None
[2026-05-04T01:35:39.331+0300] {processor.py:208} INFO - Processing /home/nikita/airflow-setup/ENV/lib/python3.12/site-packages/airflow/example_dags/example_task_group_decorator.py took 0.054 seconds
