[2026-05-04T00:46:08.205+0300] {processor.py:186} INFO - Started process (PID=5967) to work on /home/nikita/airflow-setup/ENV/lib/python3.12/site-packages/airflow/example_dags/example_kubernetes_executor.py
[2026-05-04T00:46:08.205+0300] {processor.py:914} INFO - Processing file /home/nikita/airflow-setup/ENV/lib/python3.12/site-packages/airflow/example_dags/example_kubernetes_executor.py for tasks to queue
[2026-05-04T00:46:08.207+0300] {logging_mixin.py:190} INFO - [2026-05-04T00:46:08.206+0300] {dagbag.py:588} INFO - Filling up the DagBag from /home/nikita/airflow-setup/ENV/lib/python3.12/site-packages/airflow/example_dags/example_kubernetes_executor.py
[2026-05-04T00:46:08.209+0300] {logging_mixin.py:190} INFO - [2026-05-04T00:46:08.209+0300] {example_kubernetes_executor.py:39} WARNING - The example_kubernetes_executor example DAG requires the kubernetes provider. Please install it with: pip install apache-airflow[cncf.kubernetes]
[2026-05-04T00:46:08.209+0300] {processor.py:927} WARNING - No viable dags retrieved from /home/nikita/airflow-setup/ENV/lib/python3.12/site-packages/airflow/example_dags/example_kubernetes_executor.py
[2026-05-04T00:46:08.217+0300] {processor.py:208} INFO - Processing /home/nikita/airflow-setup/ENV/lib/python3.12/site-packages/airflow/example_dags/example_kubernetes_executor.py took 0.016 seconds
[2026-05-04T00:47:15.876+0300] {processor.py:186} INFO - Started process (PID=6045) to work on /home/nikita/airflow-setup/ENV/lib/python3.12/site-packages/airflow/example_dags/example_kubernetes_executor.py
[2026-05-04T00:47:15.885+0300] {processor.py:914} INFO - Processing file /home/nikita/airflow-setup/ENV/lib/python3.12/site-packages/airflow/example_dags/example_kubernetes_executor.py for tasks to queue
[2026-05-04T00:47:15.886+0300] {logging_mixin.py:190} INFO - [2026-05-04T00:47:15.886+0300] {dagbag.py:588} INFO - Filling up the DagBag from /home/nikita/airflow-setup/ENV/lib/python3.12/site-packages/airflow/example_dags/example_kubernetes_executor.py
[2026-05-04T00:47:15.889+0300] {logging_mixin.py:190} INFO - [2026-05-04T00:47:15.889+0300] {example_kubernetes_executor.py:39} WARNING - The example_kubernetes_executor example DAG requires the kubernetes provider. Please install it with: pip install apache-airflow[cncf.kubernetes]
[2026-05-04T00:47:15.889+0300] {processor.py:927} WARNING - No viable dags retrieved from /home/nikita/airflow-setup/ENV/lib/python3.12/site-packages/airflow/example_dags/example_kubernetes_executor.py
[2026-05-04T00:47:15.896+0300] {processor.py:208} INFO - Processing /home/nikita/airflow-setup/ENV/lib/python3.12/site-packages/airflow/example_dags/example_kubernetes_executor.py took 0.024 seconds
[2026-05-04T00:48:14.815+0300] {processor.py:186} INFO - Started process (PID=6102) to work on /home/nikita/airflow-setup/ENV/lib/python3.12/site-packages/airflow/example_dags/example_kubernetes_executor.py
[2026-05-04T00:48:14.823+0300] {processor.py:914} INFO - Processing file /home/nikita/airflow-setup/ENV/lib/python3.12/site-packages/airflow/example_dags/example_kubernetes_executor.py for tasks to queue
[2026-05-04T00:48:14.824+0300] {logging_mixin.py:190} INFO - [2026-05-04T00:48:14.824+0300] {dagbag.py:588} INFO - Filling up the DagBag from /home/nikita/airflow-setup/ENV/lib/python3.12/site-packages/airflow/example_dags/example_kubernetes_executor.py
[2026-05-04T00:48:14.826+0300] {logging_mixin.py:190} INFO - [2026-05-04T00:48:14.826+0300] {example_kubernetes_executor.py:39} WARNING - The example_kubernetes_executor example DAG requires the kubernetes provider. Please install it with: pip install apache-airflow[cncf.kubernetes]
[2026-05-04T00:48:14.827+0300] {processor.py:927} WARNING - No viable dags retrieved from /home/nikita/airflow-setup/ENV/lib/python3.12/site-packages/airflow/example_dags/example_kubernetes_executor.py
[2026-05-04T00:48:14.833+0300] {processor.py:208} INFO - Processing /home/nikita/airflow-setup/ENV/lib/python3.12/site-packages/airflow/example_dags/example_kubernetes_executor.py took 0.023 seconds
[2026-05-04T00:49:15.330+0300] {processor.py:186} INFO - Started process (PID=6160) to work on /home/nikita/airflow-setup/ENV/lib/python3.12/site-packages/airflow/example_dags/example_kubernetes_executor.py
[2026-05-04T00:49:15.332+0300] {processor.py:914} INFO - Processing file /home/nikita/airflow-setup/ENV/lib/python3.12/site-packages/airflow/example_dags/example_kubernetes_executor.py for tasks to queue
[2026-05-04T00:49:15.334+0300] {logging_mixin.py:190} INFO - [2026-05-04T00:49:15.333+0300] {dagbag.py:588} INFO - Filling up the DagBag from /home/nikita/airflow-setup/ENV/lib/python3.12/site-packages/airflow/example_dags/example_kubernetes_executor.py
[2026-05-04T00:49:15.336+0300] {logging_mixin.py:190} INFO - [2026-05-04T00:49:15.336+0300] {example_kubernetes_executor.py:39} WARNING - The example_kubernetes_executor example DAG requires the kubernetes provider. Please install it with: pip install apache-airflow[cncf.kubernetes]
[2026-05-04T00:49:15.336+0300] {processor.py:927} WARNING - No viable dags retrieved from /home/nikita/airflow-setup/ENV/lib/python3.12/site-packages/airflow/example_dags/example_kubernetes_executor.py
[2026-05-04T00:49:15.344+0300] {processor.py:208} INFO - Processing /home/nikita/airflow-setup/ENV/lib/python3.12/site-packages/airflow/example_dags/example_kubernetes_executor.py took 0.018 seconds
[2026-05-04T00:50:11.954+0300] {processor.py:186} INFO - Started process (PID=6221) to work on /home/nikita/airflow-setup/ENV/lib/python3.12/site-packages/airflow/example_dags/example_kubernetes_executor.py
[2026-05-04T00:50:11.963+0300] {processor.py:914} INFO - Processing file /home/nikita/airflow-setup/ENV/lib/python3.12/site-packages/airflow/example_dags/example_kubernetes_executor.py for tasks to queue
[2026-05-04T00:50:11.964+0300] {logging_mixin.py:190} INFO - [2026-05-04T00:50:11.964+0300] {dagbag.py:588} INFO - Filling up the DagBag from /home/nikita/airflow-setup/ENV/lib/python3.12/site-packages/airflow/example_dags/example_kubernetes_executor.py
[2026-05-04T00:50:11.966+0300] {logging_mixin.py:190} INFO - [2026-05-04T00:50:11.966+0300] {example_kubernetes_executor.py:39} WARNING - The example_kubernetes_executor example DAG requires the kubernetes provider. Please install it with: pip install apache-airflow[cncf.kubernetes]
[2026-05-04T00:50:11.967+0300] {processor.py:927} WARNING - No viable dags retrieved from /home/nikita/airflow-setup/ENV/lib/python3.12/site-packages/airflow/example_dags/example_kubernetes_executor.py
[2026-05-04T00:50:11.974+0300] {processor.py:208} INFO - Processing /home/nikita/airflow-setup/ENV/lib/python3.12/site-packages/airflow/example_dags/example_kubernetes_executor.py took 0.023 seconds
[2026-05-04T00:51:08.899+0300] {processor.py:186} INFO - Started process (PID=6299) to work on /home/nikita/airflow-setup/ENV/lib/python3.12/site-packages/airflow/example_dags/example_kubernetes_executor.py
[2026-05-04T00:51:08.909+0300] {processor.py:914} INFO - Processing file /home/nikita/airflow-setup/ENV/lib/python3.12/site-packages/airflow/example_dags/example_kubernetes_executor.py for tasks to queue
[2026-05-04T00:51:08.912+0300] {logging_mixin.py:190} INFO - [2026-05-04T00:51:08.912+0300] {dagbag.py:588} INFO - Filling up the DagBag from /home/nikita/airflow-setup/ENV/lib/python3.12/site-packages/airflow/example_dags/example_kubernetes_executor.py
[2026-05-04T00:51:08.917+0300] {logging_mixin.py:190} INFO - [2026-05-04T00:51:08.917+0300] {example_kubernetes_executor.py:39} WARNING - The example_kubernetes_executor example DAG requires the kubernetes provider. Please install it with: pip install apache-airflow[cncf.kubernetes]
[2026-05-04T00:51:08.918+0300] {processor.py:927} WARNING - No viable dags retrieved from /home/nikita/airflow-setup/ENV/lib/python3.12/site-packages/airflow/example_dags/example_kubernetes_executor.py
[2026-05-04T00:51:08.933+0300] {processor.py:208} INFO - Processing /home/nikita/airflow-setup/ENV/lib/python3.12/site-packages/airflow/example_dags/example_kubernetes_executor.py took 0.041 seconds
[2026-05-04T00:52:05.885+0300] {processor.py:186} INFO - Started process (PID=6353) to work on /home/nikita/airflow-setup/ENV/lib/python3.12/site-packages/airflow/example_dags/example_kubernetes_executor.py
[2026-05-04T00:52:05.887+0300] {processor.py:914} INFO - Processing file /home/nikita/airflow-setup/ENV/lib/python3.12/site-packages/airflow/example_dags/example_kubernetes_executor.py for tasks to queue
[2026-05-04T00:52:05.889+0300] {logging_mixin.py:190} INFO - [2026-05-04T00:52:05.888+0300] {dagbag.py:588} INFO - Filling up the DagBag from /home/nikita/airflow-setup/ENV/lib/python3.12/site-packages/airflow/example_dags/example_kubernetes_executor.py
[2026-05-04T00:52:05.891+0300] {logging_mixin.py:190} INFO - [2026-05-04T00:52:05.891+0300] {example_kubernetes_executor.py:39} WARNING - The example_kubernetes_executor example DAG requires the kubernetes provider. Please install it with: pip install apache-airflow[cncf.kubernetes]
[2026-05-04T00:52:05.891+0300] {processor.py:927} WARNING - No viable dags retrieved from /home/nikita/airflow-setup/ENV/lib/python3.12/site-packages/airflow/example_dags/example_kubernetes_executor.py
[2026-05-04T00:52:05.898+0300] {processor.py:208} INFO - Processing /home/nikita/airflow-setup/ENV/lib/python3.12/site-packages/airflow/example_dags/example_kubernetes_executor.py took 0.017 seconds
[2026-05-04T00:53:07.608+0300] {processor.py:186} INFO - Started process (PID=6432) to work on /home/nikita/airflow-setup/ENV/lib/python3.12/site-packages/airflow/example_dags/example_kubernetes_executor.py
[2026-05-04T00:53:07.618+0300] {processor.py:914} INFO - Processing file /home/nikita/airflow-setup/ENV/lib/python3.12/site-packages/airflow/example_dags/example_kubernetes_executor.py for tasks to queue
[2026-05-04T00:53:07.620+0300] {logging_mixin.py:190} INFO - [2026-05-04T00:53:07.619+0300] {dagbag.py:588} INFO - Filling up the DagBag from /home/nikita/airflow-setup/ENV/lib/python3.12/site-packages/airflow/example_dags/example_kubernetes_executor.py
[2026-05-04T00:53:07.622+0300] {logging_mixin.py:190} INFO - [2026-05-04T00:53:07.622+0300] {example_kubernetes_executor.py:39} WARNING - The example_kubernetes_executor example DAG requires the kubernetes provider. Please install it with: pip install apache-airflow[cncf.kubernetes]
[2026-05-04T00:53:07.622+0300] {processor.py:927} WARNING - No viable dags retrieved from /home/nikita/airflow-setup/ENV/lib/python3.12/site-packages/airflow/example_dags/example_kubernetes_executor.py
[2026-05-04T00:53:07.631+0300] {processor.py:208} INFO - Processing /home/nikita/airflow-setup/ENV/lib/python3.12/site-packages/airflow/example_dags/example_kubernetes_executor.py took 0.027 seconds
[2026-05-04T00:54:08.110+0300] {processor.py:186} INFO - Started process (PID=6489) to work on /home/nikita/airflow-setup/ENV/lib/python3.12/site-packages/airflow/example_dags/example_kubernetes_executor.py
[2026-05-04T00:54:08.112+0300] {processor.py:914} INFO - Processing file /home/nikita/airflow-setup/ENV/lib/python3.12/site-packages/airflow/example_dags/example_kubernetes_executor.py for tasks to queue
[2026-05-04T00:54:08.114+0300] {logging_mixin.py:190} INFO - [2026-05-04T00:54:08.113+0300] {dagbag.py:588} INFO - Filling up the DagBag from /home/nikita/airflow-setup/ENV/lib/python3.12/site-packages/airflow/example_dags/example_kubernetes_executor.py
[2026-05-04T00:54:08.116+0300] {logging_mixin.py:190} INFO - [2026-05-04T00:54:08.116+0300] {example_kubernetes_executor.py:39} WARNING - The example_kubernetes_executor example DAG requires the kubernetes provider. Please install it with: pip install apache-airflow[cncf.kubernetes]
[2026-05-04T00:54:08.116+0300] {processor.py:927} WARNING - No viable dags retrieved from /home/nikita/airflow-setup/ENV/lib/python3.12/site-packages/airflow/example_dags/example_kubernetes_executor.py
[2026-05-04T00:54:08.124+0300] {processor.py:208} INFO - Processing /home/nikita/airflow-setup/ENV/lib/python3.12/site-packages/airflow/example_dags/example_kubernetes_executor.py took 0.018 seconds
[2026-05-04T00:55:12.294+0300] {processor.py:186} INFO - Started process (PID=6558) to work on /home/nikita/airflow-setup/ENV/lib/python3.12/site-packages/airflow/example_dags/example_kubernetes_executor.py
[2026-05-04T00:55:12.295+0300] {processor.py:914} INFO - Processing file /home/nikita/airflow-setup/ENV/lib/python3.12/site-packages/airflow/example_dags/example_kubernetes_executor.py for tasks to queue
[2026-05-04T00:55:12.297+0300] {logging_mixin.py:190} INFO - [2026-05-04T00:55:12.297+0300] {dagbag.py:588} INFO - Filling up the DagBag from /home/nikita/airflow-setup/ENV/lib/python3.12/site-packages/airflow/example_dags/example_kubernetes_executor.py
[2026-05-04T00:55:12.299+0300] {logging_mixin.py:190} INFO - [2026-05-04T00:55:12.299+0300] {example_kubernetes_executor.py:39} WARNING - The example_kubernetes_executor example DAG requires the kubernetes provider. Please install it with: pip install apache-airflow[cncf.kubernetes]
[2026-05-04T00:55:12.300+0300] {processor.py:927} WARNING - No viable dags retrieved from /home/nikita/airflow-setup/ENV/lib/python3.12/site-packages/airflow/example_dags/example_kubernetes_executor.py
[2026-05-04T00:55:12.307+0300] {processor.py:208} INFO - Processing /home/nikita/airflow-setup/ENV/lib/python3.12/site-packages/airflow/example_dags/example_kubernetes_executor.py took 0.017 seconds
[2026-05-04T00:56:13.666+0300] {processor.py:186} INFO - Started process (PID=6617) to work on /home/nikita/airflow-setup/ENV/lib/python3.12/site-packages/airflow/example_dags/example_kubernetes_executor.py
[2026-05-04T00:56:13.667+0300] {processor.py:914} INFO - Processing file /home/nikita/airflow-setup/ENV/lib/python3.12/site-packages/airflow/example_dags/example_kubernetes_executor.py for tasks to queue
[2026-05-04T00:56:13.669+0300] {logging_mixin.py:190} INFO - [2026-05-04T00:56:13.669+0300] {dagbag.py:588} INFO - Filling up the DagBag from /home/nikita/airflow-setup/ENV/lib/python3.12/site-packages/airflow/example_dags/example_kubernetes_executor.py
[2026-05-04T00:56:13.671+0300] {logging_mixin.py:190} INFO - [2026-05-04T00:56:13.671+0300] {example_kubernetes_executor.py:39} WARNING - The example_kubernetes_executor example DAG requires the kubernetes provider. Please install it with: pip install apache-airflow[cncf.kubernetes]
[2026-05-04T00:56:13.672+0300] {processor.py:927} WARNING - No viable dags retrieved from /home/nikita/airflow-setup/ENV/lib/python3.12/site-packages/airflow/example_dags/example_kubernetes_executor.py
[2026-05-04T00:56:13.679+0300] {processor.py:208} INFO - Processing /home/nikita/airflow-setup/ENV/lib/python3.12/site-packages/airflow/example_dags/example_kubernetes_executor.py took 0.018 seconds
[2026-05-04T00:57:10.395+0300] {processor.py:186} INFO - Started process (PID=6997) to work on /home/nikita/airflow-setup/ENV/lib/python3.12/site-packages/airflow/example_dags/example_kubernetes_executor.py
[2026-05-04T00:57:10.404+0300] {processor.py:914} INFO - Processing file /home/nikita/airflow-setup/ENV/lib/python3.12/site-packages/airflow/example_dags/example_kubernetes_executor.py for tasks to queue
[2026-05-04T00:57:10.406+0300] {logging_mixin.py:190} INFO - [2026-05-04T00:57:10.406+0300] {dagbag.py:588} INFO - Filling up the DagBag from /home/nikita/airflow-setup/ENV/lib/python3.12/site-packages/airflow/example_dags/example_kubernetes_executor.py
[2026-05-04T00:57:10.410+0300] {logging_mixin.py:190} INFO - [2026-05-04T00:57:10.410+0300] {example_kubernetes_executor.py:39} WARNING - The example_kubernetes_executor example DAG requires the kubernetes provider. Please install it with: pip install apache-airflow[cncf.kubernetes]
[2026-05-04T00:57:10.410+0300] {processor.py:927} WARNING - No viable dags retrieved from /home/nikita/airflow-setup/ENV/lib/python3.12/site-packages/airflow/example_dags/example_kubernetes_executor.py
[2026-05-04T00:57:10.421+0300] {processor.py:208} INFO - Processing /home/nikita/airflow-setup/ENV/lib/python3.12/site-packages/airflow/example_dags/example_kubernetes_executor.py took 0.032 seconds
[2026-05-04T00:58:11.278+0300] {processor.py:186} INFO - Started process (PID=7229) to work on /home/nikita/airflow-setup/ENV/lib/python3.12/site-packages/airflow/example_dags/example_kubernetes_executor.py
[2026-05-04T00:58:11.279+0300] {processor.py:914} INFO - Processing file /home/nikita/airflow-setup/ENV/lib/python3.12/site-packages/airflow/example_dags/example_kubernetes_executor.py for tasks to queue
[2026-05-04T00:58:11.281+0300] {logging_mixin.py:190} INFO - [2026-05-04T00:58:11.281+0300] {dagbag.py:588} INFO - Filling up the DagBag from /home/nikita/airflow-setup/ENV/lib/python3.12/site-packages/airflow/example_dags/example_kubernetes_executor.py
[2026-05-04T00:58:11.284+0300] {logging_mixin.py:190} INFO - [2026-05-04T00:58:11.283+0300] {example_kubernetes_executor.py:39} WARNING - The example_kubernetes_executor example DAG requires the kubernetes provider. Please install it with: pip install apache-airflow[cncf.kubernetes]
[2026-05-04T00:58:11.284+0300] {processor.py:927} WARNING - No viable dags retrieved from /home/nikita/airflow-setup/ENV/lib/python3.12/site-packages/airflow/example_dags/example_kubernetes_executor.py
[2026-05-04T00:58:11.292+0300] {processor.py:208} INFO - Processing /home/nikita/airflow-setup/ENV/lib/python3.12/site-packages/airflow/example_dags/example_kubernetes_executor.py took 0.019 seconds
[2026-05-04T00:59:07.724+0300] {processor.py:186} INFO - Started process (PID=7442) to work on /home/nikita/airflow-setup/ENV/lib/python3.12/site-packages/airflow/example_dags/example_kubernetes_executor.py
[2026-05-04T00:59:07.732+0300] {processor.py:914} INFO - Processing file /home/nikita/airflow-setup/ENV/lib/python3.12/site-packages/airflow/example_dags/example_kubernetes_executor.py for tasks to queue
[2026-05-04T00:59:07.734+0300] {logging_mixin.py:190} INFO - [2026-05-04T00:59:07.734+0300] {dagbag.py:588} INFO - Filling up the DagBag from /home/nikita/airflow-setup/ENV/lib/python3.12/site-packages/airflow/example_dags/example_kubernetes_executor.py
[2026-05-04T00:59:07.737+0300] {logging_mixin.py:190} INFO - [2026-05-04T00:59:07.737+0300] {example_kubernetes_executor.py:39} WARNING - The example_kubernetes_executor example DAG requires the kubernetes provider. Please install it with: pip install apache-airflow[cncf.kubernetes]
[2026-05-04T00:59:07.737+0300] {processor.py:927} WARNING - No viable dags retrieved from /home/nikita/airflow-setup/ENV/lib/python3.12/site-packages/airflow/example_dags/example_kubernetes_executor.py
[2026-05-04T00:59:07.747+0300] {processor.py:208} INFO - Processing /home/nikita/airflow-setup/ENV/lib/python3.12/site-packages/airflow/example_dags/example_kubernetes_executor.py took 0.029 seconds
[2026-05-04T01:00:07.342+0300] {processor.py:186} INFO - Started process (PID=8279) to work on /home/nikita/airflow-setup/ENV/lib/python3.12/site-packages/airflow/example_dags/example_kubernetes_executor.py
[2026-05-04T01:00:07.344+0300] {processor.py:914} INFO - Processing file /home/nikita/airflow-setup/ENV/lib/python3.12/site-packages/airflow/example_dags/example_kubernetes_executor.py for tasks to queue
[2026-05-04T01:00:07.346+0300] {logging_mixin.py:190} INFO - [2026-05-04T01:00:07.346+0300] {dagbag.py:588} INFO - Filling up the DagBag from /home/nikita/airflow-setup/ENV/lib/python3.12/site-packages/airflow/example_dags/example_kubernetes_executor.py
[2026-05-04T01:00:07.350+0300] {logging_mixin.py:190} INFO - [2026-05-04T01:00:07.350+0300] {example_kubernetes_executor.py:39} WARNING - The example_kubernetes_executor example DAG requires the kubernetes provider. Please install it with: pip install apache-airflow[cncf.kubernetes]
[2026-05-04T01:00:07.350+0300] {processor.py:927} WARNING - No viable dags retrieved from /home/nikita/airflow-setup/ENV/lib/python3.12/site-packages/airflow/example_dags/example_kubernetes_executor.py
[2026-05-04T01:00:07.361+0300] {processor.py:208} INFO - Processing /home/nikita/airflow-setup/ENV/lib/python3.12/site-packages/airflow/example_dags/example_kubernetes_executor.py took 0.027 seconds
[2026-05-04T01:01:14.561+0300] {processor.py:186} INFO - Started process (PID=8648) to work on /home/nikita/airflow-setup/ENV/lib/python3.12/site-packages/airflow/example_dags/example_kubernetes_executor.py
[2026-05-04T01:01:14.569+0300] {processor.py:914} INFO - Processing file /home/nikita/airflow-setup/ENV/lib/python3.12/site-packages/airflow/example_dags/example_kubernetes_executor.py for tasks to queue
[2026-05-04T01:01:14.571+0300] {logging_mixin.py:190} INFO - [2026-05-04T01:01:14.570+0300] {dagbag.py:588} INFO - Filling up the DagBag from /home/nikita/airflow-setup/ENV/lib/python3.12/site-packages/airflow/example_dags/example_kubernetes_executor.py
[2026-05-04T01:01:14.574+0300] {logging_mixin.py:190} INFO - [2026-05-04T01:01:14.573+0300] {example_kubernetes_executor.py:39} WARNING - The example_kubernetes_executor example DAG requires the kubernetes provider. Please install it with: pip install apache-airflow[cncf.kubernetes]
[2026-05-04T01:01:14.574+0300] {processor.py:927} WARNING - No viable dags retrieved from /home/nikita/airflow-setup/ENV/lib/python3.12/site-packages/airflow/example_dags/example_kubernetes_executor.py
[2026-05-04T01:01:14.583+0300] {processor.py:208} INFO - Processing /home/nikita/airflow-setup/ENV/lib/python3.12/site-packages/airflow/example_dags/example_kubernetes_executor.py took 0.026 seconds
[2026-05-04T01:02:22.541+0300] {processor.py:186} INFO - Started process (PID=9285) to work on /home/nikita/airflow-setup/ENV/lib/python3.12/site-packages/airflow/example_dags/example_kubernetes_executor.py
[2026-05-04T01:02:22.543+0300] {processor.py:914} INFO - Processing file /home/nikita/airflow-setup/ENV/lib/python3.12/site-packages/airflow/example_dags/example_kubernetes_executor.py for tasks to queue
[2026-05-04T01:02:22.544+0300] {logging_mixin.py:190} INFO - [2026-05-04T01:02:22.544+0300] {dagbag.py:588} INFO - Filling up the DagBag from /home/nikita/airflow-setup/ENV/lib/python3.12/site-packages/airflow/example_dags/example_kubernetes_executor.py
[2026-05-04T01:02:22.546+0300] {logging_mixin.py:190} INFO - [2026-05-04T01:02:22.546+0300] {example_kubernetes_executor.py:39} WARNING - The example_kubernetes_executor example DAG requires the kubernetes provider. Please install it with: pip install apache-airflow[cncf.kubernetes]
[2026-05-04T01:02:22.546+0300] {processor.py:927} WARNING - No viable dags retrieved from /home/nikita/airflow-setup/ENV/lib/python3.12/site-packages/airflow/example_dags/example_kubernetes_executor.py
[2026-05-04T01:02:22.554+0300] {processor.py:208} INFO - Processing /home/nikita/airflow-setup/ENV/lib/python3.12/site-packages/airflow/example_dags/example_kubernetes_executor.py took 0.017 seconds
[2026-05-04T01:03:26.323+0300] {processor.py:186} INFO - Started process (PID=9699) to work on /home/nikita/airflow-setup/ENV/lib/python3.12/site-packages/airflow/example_dags/example_kubernetes_executor.py
[2026-05-04T01:03:26.331+0300] {processor.py:914} INFO - Processing file /home/nikita/airflow-setup/ENV/lib/python3.12/site-packages/airflow/example_dags/example_kubernetes_executor.py for tasks to queue
[2026-05-04T01:03:26.332+0300] {logging_mixin.py:190} INFO - [2026-05-04T01:03:26.332+0300] {dagbag.py:588} INFO - Filling up the DagBag from /home/nikita/airflow-setup/ENV/lib/python3.12/site-packages/airflow/example_dags/example_kubernetes_executor.py
[2026-05-04T01:03:26.335+0300] {logging_mixin.py:190} INFO - [2026-05-04T01:03:26.334+0300] {example_kubernetes_executor.py:39} WARNING - The example_kubernetes_executor example DAG requires the kubernetes provider. Please install it with: pip install apache-airflow[cncf.kubernetes]
[2026-05-04T01:03:26.335+0300] {processor.py:927} WARNING - No viable dags retrieved from /home/nikita/airflow-setup/ENV/lib/python3.12/site-packages/airflow/example_dags/example_kubernetes_executor.py
[2026-05-04T01:03:26.342+0300] {processor.py:208} INFO - Processing /home/nikita/airflow-setup/ENV/lib/python3.12/site-packages/airflow/example_dags/example_kubernetes_executor.py took 0.023 seconds
[2026-05-04T01:04:28.921+0300] {processor.py:186} INFO - Started process (PID=9970) to work on /home/nikita/airflow-setup/ENV/lib/python3.12/site-packages/airflow/example_dags/example_kubernetes_executor.py
[2026-05-04T01:04:28.922+0300] {processor.py:914} INFO - Processing file /home/nikita/airflow-setup/ENV/lib/python3.12/site-packages/airflow/example_dags/example_kubernetes_executor.py for tasks to queue
[2026-05-04T01:04:28.924+0300] {logging_mixin.py:190} INFO - [2026-05-04T01:04:28.923+0300] {dagbag.py:588} INFO - Filling up the DagBag from /home/nikita/airflow-setup/ENV/lib/python3.12/site-packages/airflow/example_dags/example_kubernetes_executor.py
[2026-05-04T01:04:28.926+0300] {logging_mixin.py:190} INFO - [2026-05-04T01:04:28.926+0300] {example_kubernetes_executor.py:39} WARNING - The example_kubernetes_executor example DAG requires the kubernetes provider. Please install it with: pip install apache-airflow[cncf.kubernetes]
[2026-05-04T01:04:28.927+0300] {processor.py:927} WARNING - No viable dags retrieved from /home/nikita/airflow-setup/ENV/lib/python3.12/site-packages/airflow/example_dags/example_kubernetes_executor.py
[2026-05-04T01:04:28.935+0300] {processor.py:208} INFO - Processing /home/nikita/airflow-setup/ENV/lib/python3.12/site-packages/airflow/example_dags/example_kubernetes_executor.py took 0.019 seconds
[2026-05-04T01:05:35.460+0300] {processor.py:186} INFO - Started process (PID=10223) to work on /home/nikita/airflow-setup/ENV/lib/python3.12/site-packages/airflow/example_dags/example_kubernetes_executor.py
[2026-05-04T01:05:35.462+0300] {processor.py:914} INFO - Processing file /home/nikita/airflow-setup/ENV/lib/python3.12/site-packages/airflow/example_dags/example_kubernetes_executor.py for tasks to queue
[2026-05-04T01:05:35.463+0300] {logging_mixin.py:190} INFO - [2026-05-04T01:05:35.463+0300] {dagbag.py:588} INFO - Filling up the DagBag from /home/nikita/airflow-setup/ENV/lib/python3.12/site-packages/airflow/example_dags/example_kubernetes_executor.py
[2026-05-04T01:05:35.466+0300] {logging_mixin.py:190} INFO - [2026-05-04T01:05:35.466+0300] {example_kubernetes_executor.py:39} WARNING - The example_kubernetes_executor example DAG requires the kubernetes provider. Please install it with: pip install apache-airflow[cncf.kubernetes]
[2026-05-04T01:05:35.466+0300] {processor.py:927} WARNING - No viable dags retrieved from /home/nikita/airflow-setup/ENV/lib/python3.12/site-packages/airflow/example_dags/example_kubernetes_executor.py
[2026-05-04T01:05:35.473+0300] {processor.py:208} INFO - Processing /home/nikita/airflow-setup/ENV/lib/python3.12/site-packages/airflow/example_dags/example_kubernetes_executor.py took 0.018 seconds
[2026-05-04T01:06:39.355+0300] {processor.py:186} INFO - Started process (PID=10493) to work on /home/nikita/airflow-setup/ENV/lib/python3.12/site-packages/airflow/example_dags/example_kubernetes_executor.py
[2026-05-04T01:06:39.357+0300] {processor.py:914} INFO - Processing file /home/nikita/airflow-setup/ENV/lib/python3.12/site-packages/airflow/example_dags/example_kubernetes_executor.py for tasks to queue
[2026-05-04T01:06:39.360+0300] {logging_mixin.py:190} INFO - [2026-05-04T01:06:39.359+0300] {dagbag.py:588} INFO - Filling up the DagBag from /home/nikita/airflow-setup/ENV/lib/python3.12/site-packages/airflow/example_dags/example_kubernetes_executor.py
[2026-05-04T01:06:39.366+0300] {logging_mixin.py:190} INFO - [2026-05-04T01:06:39.366+0300] {example_kubernetes_executor.py:39} WARNING - The example_kubernetes_executor example DAG requires the kubernetes provider. Please install it with: pip install apache-airflow[cncf.kubernetes]
[2026-05-04T01:06:39.367+0300] {processor.py:927} WARNING - No viable dags retrieved from /home/nikita/airflow-setup/ENV/lib/python3.12/site-packages/airflow/example_dags/example_kubernetes_executor.py
[2026-05-04T01:06:39.379+0300] {processor.py:208} INFO - Processing /home/nikita/airflow-setup/ENV/lib/python3.12/site-packages/airflow/example_dags/example_kubernetes_executor.py took 0.032 seconds
[2026-05-04T01:07:50.306+0300] {processor.py:186} INFO - Started process (PID=10757) to work on /home/nikita/airflow-setup/ENV/lib/python3.12/site-packages/airflow/example_dags/example_kubernetes_executor.py
[2026-05-04T01:07:50.308+0300] {processor.py:914} INFO - Processing file /home/nikita/airflow-setup/ENV/lib/python3.12/site-packages/airflow/example_dags/example_kubernetes_executor.py for tasks to queue
[2026-05-04T01:07:50.309+0300] {logging_mixin.py:190} INFO - [2026-05-04T01:07:50.309+0300] {dagbag.py:588} INFO - Filling up the DagBag from /home/nikita/airflow-setup/ENV/lib/python3.12/site-packages/airflow/example_dags/example_kubernetes_executor.py
[2026-05-04T01:07:50.312+0300] {logging_mixin.py:190} INFO - [2026-05-04T01:07:50.311+0300] {example_kubernetes_executor.py:39} WARNING - The example_kubernetes_executor example DAG requires the kubernetes provider. Please install it with: pip install apache-airflow[cncf.kubernetes]
[2026-05-04T01:07:50.312+0300] {processor.py:927} WARNING - No viable dags retrieved from /home/nikita/airflow-setup/ENV/lib/python3.12/site-packages/airflow/example_dags/example_kubernetes_executor.py
[2026-05-04T01:07:50.319+0300] {processor.py:208} INFO - Processing /home/nikita/airflow-setup/ENV/lib/python3.12/site-packages/airflow/example_dags/example_kubernetes_executor.py took 0.018 seconds
[2026-05-04T01:08:55.679+0300] {processor.py:186} INFO - Started process (PID=11306) to work on /home/nikita/airflow-setup/ENV/lib/python3.12/site-packages/airflow/example_dags/example_kubernetes_executor.py
[2026-05-04T01:08:55.687+0300] {processor.py:914} INFO - Processing file /home/nikita/airflow-setup/ENV/lib/python3.12/site-packages/airflow/example_dags/example_kubernetes_executor.py for tasks to queue
[2026-05-04T01:08:55.688+0300] {logging_mixin.py:190} INFO - [2026-05-04T01:08:55.688+0300] {dagbag.py:588} INFO - Filling up the DagBag from /home/nikita/airflow-setup/ENV/lib/python3.12/site-packages/airflow/example_dags/example_kubernetes_executor.py
[2026-05-04T01:08:55.691+0300] {logging_mixin.py:190} INFO - [2026-05-04T01:08:55.691+0300] {example_kubernetes_executor.py:39} WARNING - The example_kubernetes_executor example DAG requires the kubernetes provider. Please install it with: pip install apache-airflow[cncf.kubernetes]
[2026-05-04T01:08:55.692+0300] {processor.py:927} WARNING - No viable dags retrieved from /home/nikita/airflow-setup/ENV/lib/python3.12/site-packages/airflow/example_dags/example_kubernetes_executor.py
[2026-05-04T01:08:55.701+0300] {processor.py:208} INFO - Processing /home/nikita/airflow-setup/ENV/lib/python3.12/site-packages/airflow/example_dags/example_kubernetes_executor.py took 0.027 seconds
[2026-05-04T01:10:05.584+0300] {processor.py:186} INFO - Started process (PID=12218) to work on /home/nikita/airflow-setup/ENV/lib/python3.12/site-packages/airflow/example_dags/example_kubernetes_executor.py
[2026-05-04T01:10:05.593+0300] {processor.py:914} INFO - Processing file /home/nikita/airflow-setup/ENV/lib/python3.12/site-packages/airflow/example_dags/example_kubernetes_executor.py for tasks to queue
[2026-05-04T01:10:05.594+0300] {logging_mixin.py:190} INFO - [2026-05-04T01:10:05.594+0300] {dagbag.py:588} INFO - Filling up the DagBag from /home/nikita/airflow-setup/ENV/lib/python3.12/site-packages/airflow/example_dags/example_kubernetes_executor.py
[2026-05-04T01:10:05.597+0300] {logging_mixin.py:190} INFO - [2026-05-04T01:10:05.597+0300] {example_kubernetes_executor.py:39} WARNING - The example_kubernetes_executor example DAG requires the kubernetes provider. Please install it with: pip install apache-airflow[cncf.kubernetes]
[2026-05-04T01:10:05.597+0300] {processor.py:927} WARNING - No viable dags retrieved from /home/nikita/airflow-setup/ENV/lib/python3.12/site-packages/airflow/example_dags/example_kubernetes_executor.py
[2026-05-04T01:10:05.605+0300] {processor.py:208} INFO - Processing /home/nikita/airflow-setup/ENV/lib/python3.12/site-packages/airflow/example_dags/example_kubernetes_executor.py took 0.025 seconds
[2026-05-04T01:11:14.318+0300] {processor.py:186} INFO - Started process (PID=12477) to work on /home/nikita/airflow-setup/ENV/lib/python3.12/site-packages/airflow/example_dags/example_kubernetes_executor.py
[2026-05-04T01:11:14.319+0300] {processor.py:914} INFO - Processing file /home/nikita/airflow-setup/ENV/lib/python3.12/site-packages/airflow/example_dags/example_kubernetes_executor.py for tasks to queue
[2026-05-04T01:11:14.320+0300] {logging_mixin.py:190} INFO - [2026-05-04T01:11:14.320+0300] {dagbag.py:588} INFO - Filling up the DagBag from /home/nikita/airflow-setup/ENV/lib/python3.12/site-packages/airflow/example_dags/example_kubernetes_executor.py
[2026-05-04T01:11:14.322+0300] {logging_mixin.py:190} INFO - [2026-05-04T01:11:14.322+0300] {example_kubernetes_executor.py:39} WARNING - The example_kubernetes_executor example DAG requires the kubernetes provider. Please install it with: pip install apache-airflow[cncf.kubernetes]
[2026-05-04T01:11:14.322+0300] {processor.py:927} WARNING - No viable dags retrieved from /home/nikita/airflow-setup/ENV/lib/python3.12/site-packages/airflow/example_dags/example_kubernetes_executor.py
[2026-05-04T01:11:14.331+0300] {processor.py:208} INFO - Processing /home/nikita/airflow-setup/ENV/lib/python3.12/site-packages/airflow/example_dags/example_kubernetes_executor.py took 0.017 seconds
[2026-05-04T01:12:16.323+0300] {processor.py:186} INFO - Started process (PID=12714) to work on /home/nikita/airflow-setup/ENV/lib/python3.12/site-packages/airflow/example_dags/example_kubernetes_executor.py
[2026-05-04T01:12:16.332+0300] {processor.py:914} INFO - Processing file /home/nikita/airflow-setup/ENV/lib/python3.12/site-packages/airflow/example_dags/example_kubernetes_executor.py for tasks to queue
[2026-05-04T01:12:16.333+0300] {logging_mixin.py:190} INFO - [2026-05-04T01:12:16.333+0300] {dagbag.py:588} INFO - Filling up the DagBag from /home/nikita/airflow-setup/ENV/lib/python3.12/site-packages/airflow/example_dags/example_kubernetes_executor.py
[2026-05-04T01:12:16.336+0300] {logging_mixin.py:190} INFO - [2026-05-04T01:12:16.336+0300] {example_kubernetes_executor.py:39} WARNING - The example_kubernetes_executor example DAG requires the kubernetes provider. Please install it with: pip install apache-airflow[cncf.kubernetes]
[2026-05-04T01:12:16.336+0300] {processor.py:927} WARNING - No viable dags retrieved from /home/nikita/airflow-setup/ENV/lib/python3.12/site-packages/airflow/example_dags/example_kubernetes_executor.py
[2026-05-04T01:12:16.344+0300] {processor.py:208} INFO - Processing /home/nikita/airflow-setup/ENV/lib/python3.12/site-packages/airflow/example_dags/example_kubernetes_executor.py took 0.026 seconds
[2026-05-04T01:13:16.528+0300] {processor.py:186} INFO - Started process (PID=13036) to work on /home/nikita/airflow-setup/ENV/lib/python3.12/site-packages/airflow/example_dags/example_kubernetes_executor.py
[2026-05-04T01:13:16.529+0300] {processor.py:914} INFO - Processing file /home/nikita/airflow-setup/ENV/lib/python3.12/site-packages/airflow/example_dags/example_kubernetes_executor.py for tasks to queue
[2026-05-04T01:13:16.530+0300] {logging_mixin.py:190} INFO - [2026-05-04T01:13:16.530+0300] {dagbag.py:588} INFO - Filling up the DagBag from /home/nikita/airflow-setup/ENV/lib/python3.12/site-packages/airflow/example_dags/example_kubernetes_executor.py
[2026-05-04T01:13:16.533+0300] {logging_mixin.py:190} INFO - [2026-05-04T01:13:16.533+0300] {example_kubernetes_executor.py:39} WARNING - The example_kubernetes_executor example DAG requires the kubernetes provider. Please install it with: pip install apache-airflow[cncf.kubernetes]
[2026-05-04T01:13:16.533+0300] {processor.py:927} WARNING - No viable dags retrieved from /home/nikita/airflow-setup/ENV/lib/python3.12/site-packages/airflow/example_dags/example_kubernetes_executor.py
[2026-05-04T01:13:16.541+0300] {processor.py:208} INFO - Processing /home/nikita/airflow-setup/ENV/lib/python3.12/site-packages/airflow/example_dags/example_kubernetes_executor.py took 0.018 seconds
[2026-05-04T01:14:21.006+0300] {processor.py:186} INFO - Started process (PID=14255) to work on /home/nikita/airflow-setup/ENV/lib/python3.12/site-packages/airflow/example_dags/example_kubernetes_executor.py
[2026-05-04T01:14:21.016+0300] {processor.py:914} INFO - Processing file /home/nikita/airflow-setup/ENV/lib/python3.12/site-packages/airflow/example_dags/example_kubernetes_executor.py for tasks to queue
[2026-05-04T01:14:21.017+0300] {logging_mixin.py:190} INFO - [2026-05-04T01:14:21.016+0300] {dagbag.py:588} INFO - Filling up the DagBag from /home/nikita/airflow-setup/ENV/lib/python3.12/site-packages/airflow/example_dags/example_kubernetes_executor.py
[2026-05-04T01:14:21.019+0300] {logging_mixin.py:190} INFO - [2026-05-04T01:14:21.019+0300] {example_kubernetes_executor.py:39} WARNING - The example_kubernetes_executor example DAG requires the kubernetes provider. Please install it with: pip install apache-airflow[cncf.kubernetes]
[2026-05-04T01:14:21.019+0300] {processor.py:927} WARNING - No viable dags retrieved from /home/nikita/airflow-setup/ENV/lib/python3.12/site-packages/airflow/example_dags/example_kubernetes_executor.py
[2026-05-04T01:14:21.027+0300] {processor.py:208} INFO - Processing /home/nikita/airflow-setup/ENV/lib/python3.12/site-packages/airflow/example_dags/example_kubernetes_executor.py took 0.025 seconds
[2026-05-04T01:15:29.486+0300] {processor.py:186} INFO - Started process (PID=14514) to work on /home/nikita/airflow-setup/ENV/lib/python3.12/site-packages/airflow/example_dags/example_kubernetes_executor.py
[2026-05-04T01:15:29.495+0300] {processor.py:914} INFO - Processing file /home/nikita/airflow-setup/ENV/lib/python3.12/site-packages/airflow/example_dags/example_kubernetes_executor.py for tasks to queue
[2026-05-04T01:15:29.496+0300] {logging_mixin.py:190} INFO - [2026-05-04T01:15:29.496+0300] {dagbag.py:588} INFO - Filling up the DagBag from /home/nikita/airflow-setup/ENV/lib/python3.12/site-packages/airflow/example_dags/example_kubernetes_executor.py
[2026-05-04T01:15:29.499+0300] {logging_mixin.py:190} INFO - [2026-05-04T01:15:29.499+0300] {example_kubernetes_executor.py:39} WARNING - The example_kubernetes_executor example DAG requires the kubernetes provider. Please install it with: pip install apache-airflow[cncf.kubernetes]
[2026-05-04T01:15:29.499+0300] {processor.py:927} WARNING - No viable dags retrieved from /home/nikita/airflow-setup/ENV/lib/python3.12/site-packages/airflow/example_dags/example_kubernetes_executor.py
[2026-05-04T01:15:29.507+0300] {processor.py:208} INFO - Processing /home/nikita/airflow-setup/ENV/lib/python3.12/site-packages/airflow/example_dags/example_kubernetes_executor.py took 0.025 seconds
[2026-05-04T01:16:40.575+0300] {processor.py:186} INFO - Started process (PID=15742) to work on /home/nikita/airflow-setup/ENV/lib/python3.12/site-packages/airflow/example_dags/example_kubernetes_executor.py
[2026-05-04T01:16:40.584+0300] {processor.py:914} INFO - Processing file /home/nikita/airflow-setup/ENV/lib/python3.12/site-packages/airflow/example_dags/example_kubernetes_executor.py for tasks to queue
[2026-05-04T01:16:40.585+0300] {logging_mixin.py:190} INFO - [2026-05-04T01:16:40.585+0300] {dagbag.py:588} INFO - Filling up the DagBag from /home/nikita/airflow-setup/ENV/lib/python3.12/site-packages/airflow/example_dags/example_kubernetes_executor.py
[2026-05-04T01:16:40.588+0300] {logging_mixin.py:190} INFO - [2026-05-04T01:16:40.588+0300] {example_kubernetes_executor.py:39} WARNING - The example_kubernetes_executor example DAG requires the kubernetes provider. Please install it with: pip install apache-airflow[cncf.kubernetes]
[2026-05-04T01:16:40.588+0300] {processor.py:927} WARNING - No viable dags retrieved from /home/nikita/airflow-setup/ENV/lib/python3.12/site-packages/airflow/example_dags/example_kubernetes_executor.py
[2026-05-04T01:16:40.596+0300] {processor.py:208} INFO - Processing /home/nikita/airflow-setup/ENV/lib/python3.12/site-packages/airflow/example_dags/example_kubernetes_executor.py took 0.025 seconds
[2026-05-04T01:17:47.254+0300] {processor.py:186} INFO - Started process (PID=15996) to work on /home/nikita/airflow-setup/ENV/lib/python3.12/site-packages/airflow/example_dags/example_kubernetes_executor.py
[2026-05-04T01:17:47.264+0300] {processor.py:914} INFO - Processing file /home/nikita/airflow-setup/ENV/lib/python3.12/site-packages/airflow/example_dags/example_kubernetes_executor.py for tasks to queue
[2026-05-04T01:17:47.265+0300] {logging_mixin.py:190} INFO - [2026-05-04T01:17:47.265+0300] {dagbag.py:588} INFO - Filling up the DagBag from /home/nikita/airflow-setup/ENV/lib/python3.12/site-packages/airflow/example_dags/example_kubernetes_executor.py
[2026-05-04T01:17:47.268+0300] {logging_mixin.py:190} INFO - [2026-05-04T01:17:47.267+0300] {example_kubernetes_executor.py:39} WARNING - The example_kubernetes_executor example DAG requires the kubernetes provider. Please install it with: pip install apache-airflow[cncf.kubernetes]
[2026-05-04T01:17:47.268+0300] {processor.py:927} WARNING - No viable dags retrieved from /home/nikita/airflow-setup/ENV/lib/python3.12/site-packages/airflow/example_dags/example_kubernetes_executor.py
[2026-05-04T01:17:47.276+0300] {processor.py:208} INFO - Processing /home/nikita/airflow-setup/ENV/lib/python3.12/site-packages/airflow/example_dags/example_kubernetes_executor.py took 0.026 seconds
[2026-05-04T01:18:55.755+0300] {processor.py:186} INFO - Started process (PID=16254) to work on /home/nikita/airflow-setup/ENV/lib/python3.12/site-packages/airflow/example_dags/example_kubernetes_executor.py
[2026-05-04T01:18:55.765+0300] {processor.py:914} INFO - Processing file /home/nikita/airflow-setup/ENV/lib/python3.12/site-packages/airflow/example_dags/example_kubernetes_executor.py for tasks to queue
[2026-05-04T01:18:55.766+0300] {logging_mixin.py:190} INFO - [2026-05-04T01:18:55.766+0300] {dagbag.py:588} INFO - Filling up the DagBag from /home/nikita/airflow-setup/ENV/lib/python3.12/site-packages/airflow/example_dags/example_kubernetes_executor.py
[2026-05-04T01:18:55.768+0300] {logging_mixin.py:190} INFO - [2026-05-04T01:18:55.768+0300] {example_kubernetes_executor.py:39} WARNING - The example_kubernetes_executor example DAG requires the kubernetes provider. Please install it with: pip install apache-airflow[cncf.kubernetes]
[2026-05-04T01:18:55.768+0300] {processor.py:927} WARNING - No viable dags retrieved from /home/nikita/airflow-setup/ENV/lib/python3.12/site-packages/airflow/example_dags/example_kubernetes_executor.py
[2026-05-04T01:18:55.775+0300] {processor.py:208} INFO - Processing /home/nikita/airflow-setup/ENV/lib/python3.12/site-packages/airflow/example_dags/example_kubernetes_executor.py took 0.024 seconds
[2026-05-04T01:19:57.972+0300] {processor.py:186} INFO - Started process (PID=16502) to work on /home/nikita/airflow-setup/ENV/lib/python3.12/site-packages/airflow/example_dags/example_kubernetes_executor.py
[2026-05-04T01:19:57.981+0300] {processor.py:914} INFO - Processing file /home/nikita/airflow-setup/ENV/lib/python3.12/site-packages/airflow/example_dags/example_kubernetes_executor.py for tasks to queue
[2026-05-04T01:19:57.982+0300] {logging_mixin.py:190} INFO - [2026-05-04T01:19:57.982+0300] {dagbag.py:588} INFO - Filling up the DagBag from /home/nikita/airflow-setup/ENV/lib/python3.12/site-packages/airflow/example_dags/example_kubernetes_executor.py
[2026-05-04T01:19:57.984+0300] {logging_mixin.py:190} INFO - [2026-05-04T01:19:57.984+0300] {example_kubernetes_executor.py:39} WARNING - The example_kubernetes_executor example DAG requires the kubernetes provider. Please install it with: pip install apache-airflow[cncf.kubernetes]
[2026-05-04T01:19:57.984+0300] {processor.py:927} WARNING - No viable dags retrieved from /home/nikita/airflow-setup/ENV/lib/python3.12/site-packages/airflow/example_dags/example_kubernetes_executor.py
[2026-05-04T01:19:57.992+0300] {processor.py:208} INFO - Processing /home/nikita/airflow-setup/ENV/lib/python3.12/site-packages/airflow/example_dags/example_kubernetes_executor.py took 0.024 seconds
[2026-05-04T01:21:06.296+0300] {processor.py:186} INFO - Started process (PID=16764) to work on /home/nikita/airflow-setup/ENV/lib/python3.12/site-packages/airflow/example_dags/example_kubernetes_executor.py
[2026-05-04T01:21:06.305+0300] {processor.py:914} INFO - Processing file /home/nikita/airflow-setup/ENV/lib/python3.12/site-packages/airflow/example_dags/example_kubernetes_executor.py for tasks to queue
[2026-05-04T01:21:06.306+0300] {logging_mixin.py:190} INFO - [2026-05-04T01:21:06.305+0300] {dagbag.py:588} INFO - Filling up the DagBag from /home/nikita/airflow-setup/ENV/lib/python3.12/site-packages/airflow/example_dags/example_kubernetes_executor.py
[2026-05-04T01:21:06.308+0300] {logging_mixin.py:190} INFO - [2026-05-04T01:21:06.308+0300] {example_kubernetes_executor.py:39} WARNING - The example_kubernetes_executor example DAG requires the kubernetes provider. Please install it with: pip install apache-airflow[cncf.kubernetes]
[2026-05-04T01:21:06.308+0300] {processor.py:927} WARNING - No viable dags retrieved from /home/nikita/airflow-setup/ENV/lib/python3.12/site-packages/airflow/example_dags/example_kubernetes_executor.py
[2026-05-04T01:21:06.316+0300] {processor.py:208} INFO - Processing /home/nikita/airflow-setup/ENV/lib/python3.12/site-packages/airflow/example_dags/example_kubernetes_executor.py took 0.024 seconds
[2026-05-04T01:22:16.239+0300] {processor.py:186} INFO - Started process (PID=17030) to work on /home/nikita/airflow-setup/ENV/lib/python3.12/site-packages/airflow/example_dags/example_kubernetes_executor.py
[2026-05-04T01:22:16.249+0300] {processor.py:914} INFO - Processing file /home/nikita/airflow-setup/ENV/lib/python3.12/site-packages/airflow/example_dags/example_kubernetes_executor.py for tasks to queue
[2026-05-04T01:22:16.250+0300] {logging_mixin.py:190} INFO - [2026-05-04T01:22:16.249+0300] {dagbag.py:588} INFO - Filling up the DagBag from /home/nikita/airflow-setup/ENV/lib/python3.12/site-packages/airflow/example_dags/example_kubernetes_executor.py
[2026-05-04T01:22:16.252+0300] {logging_mixin.py:190} INFO - [2026-05-04T01:22:16.252+0300] {example_kubernetes_executor.py:39} WARNING - The example_kubernetes_executor example DAG requires the kubernetes provider. Please install it with: pip install apache-airflow[cncf.kubernetes]
[2026-05-04T01:22:16.252+0300] {processor.py:927} WARNING - No viable dags retrieved from /home/nikita/airflow-setup/ENV/lib/python3.12/site-packages/airflow/example_dags/example_kubernetes_executor.py
[2026-05-04T01:22:16.260+0300] {processor.py:208} INFO - Processing /home/nikita/airflow-setup/ENV/lib/python3.12/site-packages/airflow/example_dags/example_kubernetes_executor.py took 0.025 seconds
[2026-05-04T01:23:25.999+0300] {processor.py:186} INFO - Started process (PID=17294) to work on /home/nikita/airflow-setup/ENV/lib/python3.12/site-packages/airflow/example_dags/example_kubernetes_executor.py
[2026-05-04T01:23:26.008+0300] {processor.py:914} INFO - Processing file /home/nikita/airflow-setup/ENV/lib/python3.12/site-packages/airflow/example_dags/example_kubernetes_executor.py for tasks to queue
[2026-05-04T01:23:26.010+0300] {logging_mixin.py:190} INFO - [2026-05-04T01:23:26.009+0300] {dagbag.py:588} INFO - Filling up the DagBag from /home/nikita/airflow-setup/ENV/lib/python3.12/site-packages/airflow/example_dags/example_kubernetes_executor.py
[2026-05-04T01:23:26.013+0300] {logging_mixin.py:190} INFO - [2026-05-04T01:23:26.013+0300] {example_kubernetes_executor.py:39} WARNING - The example_kubernetes_executor example DAG requires the kubernetes provider. Please install it with: pip install apache-airflow[cncf.kubernetes]
[2026-05-04T01:23:26.013+0300] {processor.py:927} WARNING - No viable dags retrieved from /home/nikita/airflow-setup/ENV/lib/python3.12/site-packages/airflow/example_dags/example_kubernetes_executor.py
[2026-05-04T01:23:26.021+0300] {processor.py:208} INFO - Processing /home/nikita/airflow-setup/ENV/lib/python3.12/site-packages/airflow/example_dags/example_kubernetes_executor.py took 0.026 seconds
[2026-05-04T01:24:31.932+0300] {processor.py:186} INFO - Started process (PID=17859) to work on /home/nikita/airflow-setup/ENV/lib/python3.12/site-packages/airflow/example_dags/example_kubernetes_executor.py
[2026-05-04T01:24:31.933+0300] {processor.py:914} INFO - Processing file /home/nikita/airflow-setup/ENV/lib/python3.12/site-packages/airflow/example_dags/example_kubernetes_executor.py for tasks to queue
[2026-05-04T01:24:31.934+0300] {logging_mixin.py:190} INFO - [2026-05-04T01:24:31.934+0300] {dagbag.py:588} INFO - Filling up the DagBag from /home/nikita/airflow-setup/ENV/lib/python3.12/site-packages/airflow/example_dags/example_kubernetes_executor.py
[2026-05-04T01:24:31.936+0300] {logging_mixin.py:190} INFO - [2026-05-04T01:24:31.936+0300] {example_kubernetes_executor.py:39} WARNING - The example_kubernetes_executor example DAG requires the kubernetes provider. Please install it with: pip install apache-airflow[cncf.kubernetes]
[2026-05-04T01:24:31.937+0300] {processor.py:927} WARNING - No viable dags retrieved from /home/nikita/airflow-setup/ENV/lib/python3.12/site-packages/airflow/example_dags/example_kubernetes_executor.py
[2026-05-04T01:24:31.944+0300] {processor.py:208} INFO - Processing /home/nikita/airflow-setup/ENV/lib/python3.12/site-packages/airflow/example_dags/example_kubernetes_executor.py took 0.016 seconds
[2026-05-04T01:25:43.408+0300] {processor.py:186} INFO - Started process (PID=18475) to work on /home/nikita/airflow-setup/ENV/lib/python3.12/site-packages/airflow/example_dags/example_kubernetes_executor.py
[2026-05-04T01:25:43.418+0300] {processor.py:914} INFO - Processing file /home/nikita/airflow-setup/ENV/lib/python3.12/site-packages/airflow/example_dags/example_kubernetes_executor.py for tasks to queue
[2026-05-04T01:25:43.419+0300] {logging_mixin.py:190} INFO - [2026-05-04T01:25:43.418+0300] {dagbag.py:588} INFO - Filling up the DagBag from /home/nikita/airflow-setup/ENV/lib/python3.12/site-packages/airflow/example_dags/example_kubernetes_executor.py
[2026-05-04T01:25:43.421+0300] {logging_mixin.py:190} INFO - [2026-05-04T01:25:43.421+0300] {example_kubernetes_executor.py:39} WARNING - The example_kubernetes_executor example DAG requires the kubernetes provider. Please install it with: pip install apache-airflow[cncf.kubernetes]
[2026-05-04T01:25:43.421+0300] {processor.py:927} WARNING - No viable dags retrieved from /home/nikita/airflow-setup/ENV/lib/python3.12/site-packages/airflow/example_dags/example_kubernetes_executor.py
[2026-05-04T01:25:43.428+0300] {processor.py:208} INFO - Processing /home/nikita/airflow-setup/ENV/lib/python3.12/site-packages/airflow/example_dags/example_kubernetes_executor.py took 0.024 seconds
[2026-05-04T01:26:54.831+0300] {processor.py:186} INFO - Started process (PID=19423) to work on /home/nikita/airflow-setup/ENV/lib/python3.12/site-packages/airflow/example_dags/example_kubernetes_executor.py
[2026-05-04T01:26:54.833+0300] {processor.py:914} INFO - Processing file /home/nikita/airflow-setup/ENV/lib/python3.12/site-packages/airflow/example_dags/example_kubernetes_executor.py for tasks to queue
[2026-05-04T01:26:54.834+0300] {logging_mixin.py:190} INFO - [2026-05-04T01:26:54.834+0300] {dagbag.py:588} INFO - Filling up the DagBag from /home/nikita/airflow-setup/ENV/lib/python3.12/site-packages/airflow/example_dags/example_kubernetes_executor.py
[2026-05-04T01:26:54.837+0300] {logging_mixin.py:190} INFO - [2026-05-04T01:26:54.837+0300] {example_kubernetes_executor.py:39} WARNING - The example_kubernetes_executor example DAG requires the kubernetes provider. Please install it with: pip install apache-airflow[cncf.kubernetes]
[2026-05-04T01:26:54.837+0300] {processor.py:927} WARNING - No viable dags retrieved from /home/nikita/airflow-setup/ENV/lib/python3.12/site-packages/airflow/example_dags/example_kubernetes_executor.py
[2026-05-04T01:26:54.845+0300] {processor.py:208} INFO - Processing /home/nikita/airflow-setup/ENV/lib/python3.12/site-packages/airflow/example_dags/example_kubernetes_executor.py took 0.019 seconds
[2026-05-04T01:28:07.279+0300] {processor.py:186} INFO - Started process (PID=19689) to work on /home/nikita/airflow-setup/ENV/lib/python3.12/site-packages/airflow/example_dags/example_kubernetes_executor.py
[2026-05-04T01:28:07.280+0300] {processor.py:914} INFO - Processing file /home/nikita/airflow-setup/ENV/lib/python3.12/site-packages/airflow/example_dags/example_kubernetes_executor.py for tasks to queue
[2026-05-04T01:28:07.281+0300] {logging_mixin.py:190} INFO - [2026-05-04T01:28:07.281+0300] {dagbag.py:588} INFO - Filling up the DagBag from /home/nikita/airflow-setup/ENV/lib/python3.12/site-packages/airflow/example_dags/example_kubernetes_executor.py
[2026-05-04T01:28:07.284+0300] {logging_mixin.py:190} INFO - [2026-05-04T01:28:07.284+0300] {example_kubernetes_executor.py:39} WARNING - The example_kubernetes_executor example DAG requires the kubernetes provider. Please install it with: pip install apache-airflow[cncf.kubernetes]
[2026-05-04T01:28:07.284+0300] {processor.py:927} WARNING - No viable dags retrieved from /home/nikita/airflow-setup/ENV/lib/python3.12/site-packages/airflow/example_dags/example_kubernetes_executor.py
[2026-05-04T01:28:07.293+0300] {processor.py:208} INFO - Processing /home/nikita/airflow-setup/ENV/lib/python3.12/site-packages/airflow/example_dags/example_kubernetes_executor.py took 0.019 seconds
[2026-05-04T01:29:15.623+0300] {processor.py:186} INFO - Started process (PID=19957) to work on /home/nikita/airflow-setup/ENV/lib/python3.12/site-packages/airflow/example_dags/example_kubernetes_executor.py
[2026-05-04T01:29:15.631+0300] {processor.py:914} INFO - Processing file /home/nikita/airflow-setup/ENV/lib/python3.12/site-packages/airflow/example_dags/example_kubernetes_executor.py for tasks to queue
[2026-05-04T01:29:15.632+0300] {logging_mixin.py:190} INFO - [2026-05-04T01:29:15.632+0300] {dagbag.py:588} INFO - Filling up the DagBag from /home/nikita/airflow-setup/ENV/lib/python3.12/site-packages/airflow/example_dags/example_kubernetes_executor.py
[2026-05-04T01:29:15.635+0300] {logging_mixin.py:190} INFO - [2026-05-04T01:29:15.635+0300] {example_kubernetes_executor.py:39} WARNING - The example_kubernetes_executor example DAG requires the kubernetes provider. Please install it with: pip install apache-airflow[cncf.kubernetes]
[2026-05-04T01:29:15.635+0300] {processor.py:927} WARNING - No viable dags retrieved from /home/nikita/airflow-setup/ENV/lib/python3.12/site-packages/airflow/example_dags/example_kubernetes_executor.py
[2026-05-04T01:29:15.642+0300] {processor.py:208} INFO - Processing /home/nikita/airflow-setup/ENV/lib/python3.12/site-packages/airflow/example_dags/example_kubernetes_executor.py took 0.023 seconds
[2026-05-04T01:30:27.280+0300] {processor.py:186} INFO - Started process (PID=20222) to work on /home/nikita/airflow-setup/ENV/lib/python3.12/site-packages/airflow/example_dags/example_kubernetes_executor.py
[2026-05-04T01:30:27.288+0300] {processor.py:914} INFO - Processing file /home/nikita/airflow-setup/ENV/lib/python3.12/site-packages/airflow/example_dags/example_kubernetes_executor.py for tasks to queue
[2026-05-04T01:30:27.290+0300] {logging_mixin.py:190} INFO - [2026-05-04T01:30:27.289+0300] {dagbag.py:588} INFO - Filling up the DagBag from /home/nikita/airflow-setup/ENV/lib/python3.12/site-packages/airflow/example_dags/example_kubernetes_executor.py
[2026-05-04T01:30:27.293+0300] {logging_mixin.py:190} INFO - [2026-05-04T01:30:27.292+0300] {example_kubernetes_executor.py:39} WARNING - The example_kubernetes_executor example DAG requires the kubernetes provider. Please install it with: pip install apache-airflow[cncf.kubernetes]
[2026-05-04T01:30:27.293+0300] {processor.py:927} WARNING - No viable dags retrieved from /home/nikita/airflow-setup/ENV/lib/python3.12/site-packages/airflow/example_dags/example_kubernetes_executor.py
[2026-05-04T01:30:27.302+0300] {processor.py:208} INFO - Processing /home/nikita/airflow-setup/ENV/lib/python3.12/site-packages/airflow/example_dags/example_kubernetes_executor.py took 0.027 seconds
[2026-05-04T01:31:46.768+0300] {processor.py:186} INFO - Started process (PID=20514) to work on /home/nikita/airflow-setup/ENV/lib/python3.12/site-packages/airflow/example_dags/example_kubernetes_executor.py
[2026-05-04T01:31:46.770+0300] {processor.py:914} INFO - Processing file /home/nikita/airflow-setup/ENV/lib/python3.12/site-packages/airflow/example_dags/example_kubernetes_executor.py for tasks to queue
[2026-05-04T01:31:46.772+0300] {logging_mixin.py:190} INFO - [2026-05-04T01:31:46.771+0300] {dagbag.py:588} INFO - Filling up the DagBag from /home/nikita/airflow-setup/ENV/lib/python3.12/site-packages/airflow/example_dags/example_kubernetes_executor.py
[2026-05-04T01:31:46.776+0300] {logging_mixin.py:190} INFO - [2026-05-04T01:31:46.776+0300] {example_kubernetes_executor.py:39} WARNING - The example_kubernetes_executor example DAG requires the kubernetes provider. Please install it with: pip install apache-airflow[cncf.kubernetes]
[2026-05-04T01:31:46.777+0300] {processor.py:927} WARNING - No viable dags retrieved from /home/nikita/airflow-setup/ENV/lib/python3.12/site-packages/airflow/example_dags/example_kubernetes_executor.py
[2026-05-04T01:31:46.788+0300] {processor.py:208} INFO - Processing /home/nikita/airflow-setup/ENV/lib/python3.12/site-packages/airflow/example_dags/example_kubernetes_executor.py took 0.025 seconds
[2026-05-04T01:32:59.128+0300] {processor.py:186} INFO - Started process (PID=20938) to work on /home/nikita/airflow-setup/ENV/lib/python3.12/site-packages/airflow/example_dags/example_kubernetes_executor.py
[2026-05-04T01:32:59.130+0300] {processor.py:914} INFO - Processing file /home/nikita/airflow-setup/ENV/lib/python3.12/site-packages/airflow/example_dags/example_kubernetes_executor.py for tasks to queue
[2026-05-04T01:32:59.131+0300] {logging_mixin.py:190} INFO - [2026-05-04T01:32:59.130+0300] {dagbag.py:588} INFO - Filling up the DagBag from /home/nikita/airflow-setup/ENV/lib/python3.12/site-packages/airflow/example_dags/example_kubernetes_executor.py
[2026-05-04T01:32:59.133+0300] {logging_mixin.py:190} INFO - [2026-05-04T01:32:59.133+0300] {example_kubernetes_executor.py:39} WARNING - The example_kubernetes_executor example DAG requires the kubernetes provider. Please install it with: pip install apache-airflow[cncf.kubernetes]
[2026-05-04T01:32:59.133+0300] {processor.py:927} WARNING - No viable dags retrieved from /home/nikita/airflow-setup/ENV/lib/python3.12/site-packages/airflow/example_dags/example_kubernetes_executor.py
[2026-05-04T01:32:59.140+0300] {processor.py:208} INFO - Processing /home/nikita/airflow-setup/ENV/lib/python3.12/site-packages/airflow/example_dags/example_kubernetes_executor.py took 0.016 seconds
[2026-05-04T01:34:02.523+0300] {processor.py:186} INFO - Started process (PID=21303) to work on /home/nikita/airflow-setup/ENV/lib/python3.12/site-packages/airflow/example_dags/example_kubernetes_executor.py
[2026-05-04T01:34:02.532+0300] {processor.py:914} INFO - Processing file /home/nikita/airflow-setup/ENV/lib/python3.12/site-packages/airflow/example_dags/example_kubernetes_executor.py for tasks to queue
[2026-05-04T01:34:02.533+0300] {logging_mixin.py:190} INFO - [2026-05-04T01:34:02.533+0300] {dagbag.py:588} INFO - Filling up the DagBag from /home/nikita/airflow-setup/ENV/lib/python3.12/site-packages/airflow/example_dags/example_kubernetes_executor.py
[2026-05-04T01:34:02.536+0300] {logging_mixin.py:190} INFO - [2026-05-04T01:34:02.536+0300] {example_kubernetes_executor.py:39} WARNING - The example_kubernetes_executor example DAG requires the kubernetes provider. Please install it with: pip install apache-airflow[cncf.kubernetes]
[2026-05-04T01:34:02.536+0300] {processor.py:927} WARNING - No viable dags retrieved from /home/nikita/airflow-setup/ENV/lib/python3.12/site-packages/airflow/example_dags/example_kubernetes_executor.py
[2026-05-04T01:34:02.543+0300] {processor.py:208} INFO - Processing /home/nikita/airflow-setup/ENV/lib/python3.12/site-packages/airflow/example_dags/example_kubernetes_executor.py took 0.024 seconds
[2026-05-04T01:35:07.197+0300] {processor.py:186} INFO - Started process (PID=21556) to work on /home/nikita/airflow-setup/ENV/lib/python3.12/site-packages/airflow/example_dags/example_kubernetes_executor.py
[2026-05-04T01:35:07.207+0300] {processor.py:914} INFO - Processing file /home/nikita/airflow-setup/ENV/lib/python3.12/site-packages/airflow/example_dags/example_kubernetes_executor.py for tasks to queue
[2026-05-04T01:35:07.208+0300] {logging_mixin.py:190} INFO - [2026-05-04T01:35:07.208+0300] {dagbag.py:588} INFO - Filling up the DagBag from /home/nikita/airflow-setup/ENV/lib/python3.12/site-packages/airflow/example_dags/example_kubernetes_executor.py
[2026-05-04T01:35:07.210+0300] {logging_mixin.py:190} INFO - [2026-05-04T01:35:07.210+0300] {example_kubernetes_executor.py:39} WARNING - The example_kubernetes_executor example DAG requires the kubernetes provider. Please install it with: pip install apache-airflow[cncf.kubernetes]
[2026-05-04T01:35:07.211+0300] {processor.py:927} WARNING - No viable dags retrieved from /home/nikita/airflow-setup/ENV/lib/python3.12/site-packages/airflow/example_dags/example_kubernetes_executor.py
[2026-05-04T01:35:07.218+0300] {processor.py:208} INFO - Processing /home/nikita/airflow-setup/ENV/lib/python3.12/site-packages/airflow/example_dags/example_kubernetes_executor.py took 0.026 seconds
[2026-05-04T01:36:08.508+0300] {processor.py:186} INFO - Started process (PID=21792) to work on /home/nikita/airflow-setup/ENV/lib/python3.12/site-packages/airflow/example_dags/example_kubernetes_executor.py
[2026-05-04T01:36:08.517+0300] {processor.py:914} INFO - Processing file /home/nikita/airflow-setup/ENV/lib/python3.12/site-packages/airflow/example_dags/example_kubernetes_executor.py for tasks to queue
[2026-05-04T01:36:08.519+0300] {logging_mixin.py:190} INFO - [2026-05-04T01:36:08.518+0300] {dagbag.py:588} INFO - Filling up the DagBag from /home/nikita/airflow-setup/ENV/lib/python3.12/site-packages/airflow/example_dags/example_kubernetes_executor.py
[2026-05-04T01:36:08.522+0300] {logging_mixin.py:190} INFO - [2026-05-04T01:36:08.521+0300] {example_kubernetes_executor.py:39} WARNING - The example_kubernetes_executor example DAG requires the kubernetes provider. Please install it with: pip install apache-airflow[cncf.kubernetes]
[2026-05-04T01:36:08.522+0300] {processor.py:927} WARNING - No viable dags retrieved from /home/nikita/airflow-setup/ENV/lib/python3.12/site-packages/airflow/example_dags/example_kubernetes_executor.py
[2026-05-04T01:36:08.530+0300] {processor.py:208} INFO - Processing /home/nikita/airflow-setup/ENV/lib/python3.12/site-packages/airflow/example_dags/example_kubernetes_executor.py took 0.027 seconds
