[2026-05-04T00:46:02.142+0300] {processor.py:186} INFO - Started process (PID=5961) to work on /home/nikita/airflow-setup/ENV/lib/python3.12/site-packages/airflow/example_dags/tutorial_taskflow_templates.py
[2026-05-04T00:46:02.142+0300] {processor.py:914} INFO - Processing file /home/nikita/airflow-setup/ENV/lib/python3.12/site-packages/airflow/example_dags/tutorial_taskflow_templates.py for tasks to queue
[2026-05-04T00:46:02.144+0300] {logging_mixin.py:190} INFO - [2026-05-04T00:46:02.144+0300] {dagbag.py:588} INFO - Filling up the DagBag from /home/nikita/airflow-setup/ENV/lib/python3.12/site-packages/airflow/example_dags/tutorial_taskflow_templates.py
[2026-05-04T00:46:02.153+0300] {processor.py:925} INFO - DAG(s) 'tutorial_taskflow_templates' retrieved from /home/nikita/airflow-setup/ENV/lib/python3.12/site-packages/airflow/example_dags/tutorial_taskflow_templates.py
[2026-05-04T00:46:02.226+0300] {logging_mixin.py:190} INFO - [2026-05-04T00:46:02.226+0300] {override.py:1930} INFO - Created Permission View: can read on DAG:tutorial_taskflow_templates
[2026-05-04T00:46:02.236+0300] {logging_mixin.py:190} INFO - [2026-05-04T00:46:02.236+0300] {override.py:1930} INFO - Created Permission View: can delete on DAG:tutorial_taskflow_templates
[2026-05-04T00:46:02.243+0300] {logging_mixin.py:190} INFO - [2026-05-04T00:46:02.242+0300] {override.py:1930} INFO - Created Permission View: can edit on DAG:tutorial_taskflow_templates
[2026-05-04T00:46:02.253+0300] {logging_mixin.py:190} INFO - [2026-05-04T00:46:02.253+0300] {override.py:1930} INFO - Created Permission View: can read on DAG Run:tutorial_taskflow_templates
[2026-05-04T00:46:02.258+0300] {logging_mixin.py:190} INFO - [2026-05-04T00:46:02.258+0300] {override.py:1930} INFO - Created Permission View: can delete on DAG Run:tutorial_taskflow_templates
[2026-05-04T00:46:02.264+0300] {logging_mixin.py:190} INFO - [2026-05-04T00:46:02.263+0300] {override.py:1930} INFO - Created Permission View: menu access on DAG Run:tutorial_taskflow_templates
[2026-05-04T00:46:02.269+0300] {logging_mixin.py:190} INFO - [2026-05-04T00:46:02.269+0300] {override.py:1930} INFO - Created Permission View: can create on DAG Run:tutorial_taskflow_templates
[2026-05-04T00:46:02.269+0300] {logging_mixin.py:190} INFO - [2026-05-04T00:46:02.269+0300] {dag.py:3239} INFO - Sync 1 DAGs
[2026-05-04T00:46:02.278+0300] {logging_mixin.py:190} INFO - [2026-05-04T00:46:02.278+0300] {dag.py:3262} INFO - Creating ORM DAG for tutorial_taskflow_templates
[2026-05-04T00:46:02.285+0300] {logging_mixin.py:190} INFO - [2026-05-04T00:46:02.285+0300] {dag.py:4180} INFO - Setting next_dagrun for tutorial_taskflow_templates to 2026-05-02 00:00:00+00:00, run_after=2026-05-03 00:00:00+00:00
[2026-05-04T00:46:02.300+0300] {processor.py:208} INFO - Processing /home/nikita/airflow-setup/ENV/lib/python3.12/site-packages/airflow/example_dags/tutorial_taskflow_templates.py took 0.162 seconds
[2026-05-04T00:47:05.776+0300] {processor.py:186} INFO - Started process (PID=6018) to work on /home/nikita/airflow-setup/ENV/lib/python3.12/site-packages/airflow/example_dags/tutorial_taskflow_templates.py
[2026-05-04T00:47:05.778+0300] {processor.py:914} INFO - Processing file /home/nikita/airflow-setup/ENV/lib/python3.12/site-packages/airflow/example_dags/tutorial_taskflow_templates.py for tasks to queue
[2026-05-04T00:47:05.779+0300] {logging_mixin.py:190} INFO - [2026-05-04T00:47:05.779+0300] {dagbag.py:588} INFO - Filling up the DagBag from /home/nikita/airflow-setup/ENV/lib/python3.12/site-packages/airflow/example_dags/tutorial_taskflow_templates.py
[2026-05-04T00:47:05.790+0300] {processor.py:925} INFO - DAG(s) 'tutorial_taskflow_templates' retrieved from /home/nikita/airflow-setup/ENV/lib/python3.12/site-packages/airflow/example_dags/tutorial_taskflow_templates.py
[2026-05-04T00:47:05.800+0300] {logging_mixin.py:190} INFO - [2026-05-04T00:47:05.800+0300] {dag.py:3239} INFO - Sync 1 DAGs
[2026-05-04T00:47:05.817+0300] {logging_mixin.py:190} INFO - [2026-05-04T00:47:05.817+0300] {dag.py:4180} INFO - Setting next_dagrun for tutorial_taskflow_templates to 2026-05-02 00:00:00+00:00, run_after=2026-05-03 00:00:00+00:00
[2026-05-04T00:47:05.836+0300] {processor.py:208} INFO - Processing /home/nikita/airflow-setup/ENV/lib/python3.12/site-packages/airflow/example_dags/tutorial_taskflow_templates.py took 0.064 seconds
[2026-05-04T00:48:06.713+0300] {processor.py:186} INFO - Started process (PID=6093) to work on /home/nikita/airflow-setup/ENV/lib/python3.12/site-packages/airflow/example_dags/tutorial_taskflow_templates.py
[2026-05-04T00:48:06.722+0300] {processor.py:914} INFO - Processing file /home/nikita/airflow-setup/ENV/lib/python3.12/site-packages/airflow/example_dags/tutorial_taskflow_templates.py for tasks to queue
[2026-05-04T00:48:06.724+0300] {logging_mixin.py:190} INFO - [2026-05-04T00:48:06.723+0300] {dagbag.py:588} INFO - Filling up the DagBag from /home/nikita/airflow-setup/ENV/lib/python3.12/site-packages/airflow/example_dags/tutorial_taskflow_templates.py
[2026-05-04T00:48:06.733+0300] {processor.py:925} INFO - DAG(s) 'tutorial_taskflow_templates' retrieved from /home/nikita/airflow-setup/ENV/lib/python3.12/site-packages/airflow/example_dags/tutorial_taskflow_templates.py
[2026-05-04T00:48:06.746+0300] {logging_mixin.py:190} INFO - [2026-05-04T00:48:06.745+0300] {dag.py:3239} INFO - Sync 1 DAGs
[2026-05-04T00:48:06.762+0300] {logging_mixin.py:190} INFO - [2026-05-04T00:48:06.761+0300] {dag.py:4180} INFO - Setting next_dagrun for tutorial_taskflow_templates to 2026-05-02 00:00:00+00:00, run_after=2026-05-03 00:00:00+00:00
[2026-05-04T00:48:06.778+0300] {processor.py:208} INFO - Processing /home/nikita/airflow-setup/ENV/lib/python3.12/site-packages/airflow/example_dags/tutorial_taskflow_templates.py took 0.068 seconds
[2026-05-04T00:49:05.820+0300] {processor.py:186} INFO - Started process (PID=6151) to work on /home/nikita/airflow-setup/ENV/lib/python3.12/site-packages/airflow/example_dags/tutorial_taskflow_templates.py
[2026-05-04T00:49:05.827+0300] {processor.py:914} INFO - Processing file /home/nikita/airflow-setup/ENV/lib/python3.12/site-packages/airflow/example_dags/tutorial_taskflow_templates.py for tasks to queue
[2026-05-04T00:49:05.829+0300] {logging_mixin.py:190} INFO - [2026-05-04T00:49:05.829+0300] {dagbag.py:588} INFO - Filling up the DagBag from /home/nikita/airflow-setup/ENV/lib/python3.12/site-packages/airflow/example_dags/tutorial_taskflow_templates.py
[2026-05-04T00:49:05.838+0300] {processor.py:925} INFO - DAG(s) 'tutorial_taskflow_templates' retrieved from /home/nikita/airflow-setup/ENV/lib/python3.12/site-packages/airflow/example_dags/tutorial_taskflow_templates.py
[2026-05-04T00:49:05.849+0300] {logging_mixin.py:190} INFO - [2026-05-04T00:49:05.849+0300] {dag.py:3239} INFO - Sync 1 DAGs
[2026-05-04T00:49:05.863+0300] {logging_mixin.py:190} INFO - [2026-05-04T00:49:05.863+0300] {dag.py:4180} INFO - Setting next_dagrun for tutorial_taskflow_templates to 2026-05-02 00:00:00+00:00, run_after=2026-05-03 00:00:00+00:00
[2026-05-04T00:49:05.880+0300] {processor.py:208} INFO - Processing /home/nikita/airflow-setup/ENV/lib/python3.12/site-packages/airflow/example_dags/tutorial_taskflow_templates.py took 0.064 seconds
[2026-05-04T00:50:02.682+0300] {processor.py:186} INFO - Started process (PID=6212) to work on /home/nikita/airflow-setup/ENV/lib/python3.12/site-packages/airflow/example_dags/tutorial_taskflow_templates.py
[2026-05-04T00:50:02.691+0300] {processor.py:914} INFO - Processing file /home/nikita/airflow-setup/ENV/lib/python3.12/site-packages/airflow/example_dags/tutorial_taskflow_templates.py for tasks to queue
[2026-05-04T00:50:02.693+0300] {logging_mixin.py:190} INFO - [2026-05-04T00:50:02.693+0300] {dagbag.py:588} INFO - Filling up the DagBag from /home/nikita/airflow-setup/ENV/lib/python3.12/site-packages/airflow/example_dags/tutorial_taskflow_templates.py
[2026-05-04T00:50:02.703+0300] {processor.py:925} INFO - DAG(s) 'tutorial_taskflow_templates' retrieved from /home/nikita/airflow-setup/ENV/lib/python3.12/site-packages/airflow/example_dags/tutorial_taskflow_templates.py
[2026-05-04T00:50:02.716+0300] {logging_mixin.py:190} INFO - [2026-05-04T00:50:02.716+0300] {dag.py:3239} INFO - Sync 1 DAGs
[2026-05-04T00:50:02.732+0300] {logging_mixin.py:190} INFO - [2026-05-04T00:50:02.732+0300] {dag.py:4180} INFO - Setting next_dagrun for tutorial_taskflow_templates to 2026-05-02 00:00:00+00:00, run_after=2026-05-03 00:00:00+00:00
[2026-05-04T00:50:02.748+0300] {processor.py:208} INFO - Processing /home/nikita/airflow-setup/ENV/lib/python3.12/site-packages/airflow/example_dags/tutorial_taskflow_templates.py took 0.070 seconds
[2026-05-04T00:51:02.663+0300] {processor.py:186} INFO - Started process (PID=6293) to work on /home/nikita/airflow-setup/ENV/lib/python3.12/site-packages/airflow/example_dags/tutorial_taskflow_templates.py
[2026-05-04T00:51:02.664+0300] {processor.py:914} INFO - Processing file /home/nikita/airflow-setup/ENV/lib/python3.12/site-packages/airflow/example_dags/tutorial_taskflow_templates.py for tasks to queue
[2026-05-04T00:51:02.665+0300] {logging_mixin.py:190} INFO - [2026-05-04T00:51:02.665+0300] {dagbag.py:588} INFO - Filling up the DagBag from /home/nikita/airflow-setup/ENV/lib/python3.12/site-packages/airflow/example_dags/tutorial_taskflow_templates.py
[2026-05-04T00:51:02.676+0300] {processor.py:925} INFO - DAG(s) 'tutorial_taskflow_templates' retrieved from /home/nikita/airflow-setup/ENV/lib/python3.12/site-packages/airflow/example_dags/tutorial_taskflow_templates.py
[2026-05-04T00:51:02.691+0300] {logging_mixin.py:190} INFO - [2026-05-04T00:51:02.690+0300] {dag.py:3239} INFO - Sync 1 DAGs
[2026-05-04T00:51:02.708+0300] {logging_mixin.py:190} INFO - [2026-05-04T00:51:02.708+0300] {dag.py:4180} INFO - Setting next_dagrun for tutorial_taskflow_templates to 2026-05-02 00:00:00+00:00, run_after=2026-05-03 00:00:00+00:00
[2026-05-04T00:51:02.726+0300] {processor.py:208} INFO - Processing /home/nikita/airflow-setup/ENV/lib/python3.12/site-packages/airflow/example_dags/tutorial_taskflow_templates.py took 0.067 seconds
[2026-05-04T00:52:00.012+0300] {processor.py:186} INFO - Started process (PID=6347) to work on /home/nikita/airflow-setup/ENV/lib/python3.12/site-packages/airflow/example_dags/tutorial_taskflow_templates.py
[2026-05-04T00:52:00.021+0300] {processor.py:914} INFO - Processing file /home/nikita/airflow-setup/ENV/lib/python3.12/site-packages/airflow/example_dags/tutorial_taskflow_templates.py for tasks to queue
[2026-05-04T00:52:00.023+0300] {logging_mixin.py:190} INFO - [2026-05-04T00:52:00.023+0300] {dagbag.py:588} INFO - Filling up the DagBag from /home/nikita/airflow-setup/ENV/lib/python3.12/site-packages/airflow/example_dags/tutorial_taskflow_templates.py
[2026-05-04T00:52:00.035+0300] {processor.py:925} INFO - DAG(s) 'tutorial_taskflow_templates' retrieved from /home/nikita/airflow-setup/ENV/lib/python3.12/site-packages/airflow/example_dags/tutorial_taskflow_templates.py
[2026-05-04T00:52:00.047+0300] {logging_mixin.py:190} INFO - [2026-05-04T00:52:00.047+0300] {dag.py:3239} INFO - Sync 1 DAGs
[2026-05-04T00:52:00.066+0300] {logging_mixin.py:190} INFO - [2026-05-04T00:52:00.065+0300] {dag.py:4180} INFO - Setting next_dagrun for tutorial_taskflow_templates to 2026-05-02 00:00:00+00:00, run_after=2026-05-03 00:00:00+00:00
[2026-05-04T00:52:00.087+0300] {processor.py:208} INFO - Processing /home/nikita/airflow-setup/ENV/lib/python3.12/site-packages/airflow/example_dags/tutorial_taskflow_templates.py took 0.080 seconds
[2026-05-04T00:53:01.969+0300] {processor.py:186} INFO - Started process (PID=6424) to work on /home/nikita/airflow-setup/ENV/lib/python3.12/site-packages/airflow/example_dags/tutorial_taskflow_templates.py
[2026-05-04T00:53:01.972+0300] {processor.py:914} INFO - Processing file /home/nikita/airflow-setup/ENV/lib/python3.12/site-packages/airflow/example_dags/tutorial_taskflow_templates.py for tasks to queue
[2026-05-04T00:53:01.973+0300] {logging_mixin.py:190} INFO - [2026-05-04T00:53:01.973+0300] {dagbag.py:588} INFO - Filling up the DagBag from /home/nikita/airflow-setup/ENV/lib/python3.12/site-packages/airflow/example_dags/tutorial_taskflow_templates.py
[2026-05-04T00:53:01.985+0300] {processor.py:925} INFO - DAG(s) 'tutorial_taskflow_templates' retrieved from /home/nikita/airflow-setup/ENV/lib/python3.12/site-packages/airflow/example_dags/tutorial_taskflow_templates.py
[2026-05-04T00:53:02.000+0300] {logging_mixin.py:190} INFO - [2026-05-04T00:53:02.000+0300] {dag.py:3239} INFO - Sync 1 DAGs
[2026-05-04T00:53:02.020+0300] {logging_mixin.py:190} INFO - [2026-05-04T00:53:02.020+0300] {dag.py:4180} INFO - Setting next_dagrun for tutorial_taskflow_templates to 2026-05-02 00:00:00+00:00, run_after=2026-05-03 00:00:00+00:00
[2026-05-04T00:53:02.038+0300] {processor.py:208} INFO - Processing /home/nikita/airflow-setup/ENV/lib/python3.12/site-packages/airflow/example_dags/tutorial_taskflow_templates.py took 0.073 seconds
[2026-05-04T00:54:02.304+0300] {processor.py:186} INFO - Started process (PID=6483) to work on /home/nikita/airflow-setup/ENV/lib/python3.12/site-packages/airflow/example_dags/tutorial_taskflow_templates.py
[2026-05-04T00:54:02.313+0300] {processor.py:914} INFO - Processing file /home/nikita/airflow-setup/ENV/lib/python3.12/site-packages/airflow/example_dags/tutorial_taskflow_templates.py for tasks to queue
[2026-05-04T00:54:02.316+0300] {logging_mixin.py:190} INFO - [2026-05-04T00:54:02.315+0300] {dagbag.py:588} INFO - Filling up the DagBag from /home/nikita/airflow-setup/ENV/lib/python3.12/site-packages/airflow/example_dags/tutorial_taskflow_templates.py
[2026-05-04T00:54:02.329+0300] {processor.py:925} INFO - DAG(s) 'tutorial_taskflow_templates' retrieved from /home/nikita/airflow-setup/ENV/lib/python3.12/site-packages/airflow/example_dags/tutorial_taskflow_templates.py
[2026-05-04T00:54:02.345+0300] {logging_mixin.py:190} INFO - [2026-05-04T00:54:02.345+0300] {dag.py:3239} INFO - Sync 1 DAGs
[2026-05-04T00:54:02.366+0300] {logging_mixin.py:190} INFO - [2026-05-04T00:54:02.366+0300] {dag.py:4180} INFO - Setting next_dagrun for tutorial_taskflow_templates to 2026-05-02 00:00:00+00:00, run_after=2026-05-03 00:00:00+00:00
[2026-05-04T00:54:02.389+0300] {processor.py:208} INFO - Processing /home/nikita/airflow-setup/ENV/lib/python3.12/site-packages/airflow/example_dags/tutorial_taskflow_templates.py took 0.091 seconds
[2026-05-04T00:55:06.322+0300] {processor.py:186} INFO - Started process (PID=6552) to work on /home/nikita/airflow-setup/ENV/lib/python3.12/site-packages/airflow/example_dags/tutorial_taskflow_templates.py
[2026-05-04T00:55:06.324+0300] {processor.py:914} INFO - Processing file /home/nikita/airflow-setup/ENV/lib/python3.12/site-packages/airflow/example_dags/tutorial_taskflow_templates.py for tasks to queue
[2026-05-04T00:55:06.326+0300] {logging_mixin.py:190} INFO - [2026-05-04T00:55:06.326+0300] {dagbag.py:588} INFO - Filling up the DagBag from /home/nikita/airflow-setup/ENV/lib/python3.12/site-packages/airflow/example_dags/tutorial_taskflow_templates.py
[2026-05-04T00:55:06.337+0300] {processor.py:925} INFO - DAG(s) 'tutorial_taskflow_templates' retrieved from /home/nikita/airflow-setup/ENV/lib/python3.12/site-packages/airflow/example_dags/tutorial_taskflow_templates.py
[2026-05-04T00:55:06.352+0300] {logging_mixin.py:190} INFO - [2026-05-04T00:55:06.351+0300] {dag.py:3239} INFO - Sync 1 DAGs
[2026-05-04T00:55:06.369+0300] {logging_mixin.py:190} INFO - [2026-05-04T00:55:06.369+0300] {dag.py:4180} INFO - Setting next_dagrun for tutorial_taskflow_templates to 2026-05-02 00:00:00+00:00, run_after=2026-05-03 00:00:00+00:00
[2026-05-04T00:55:06.385+0300] {processor.py:208} INFO - Processing /home/nikita/airflow-setup/ENV/lib/python3.12/site-packages/airflow/example_dags/tutorial_taskflow_templates.py took 0.068 seconds
[2026-05-04T00:56:07.403+0300] {processor.py:186} INFO - Started process (PID=6611) to work on /home/nikita/airflow-setup/ENV/lib/python3.12/site-packages/airflow/example_dags/tutorial_taskflow_templates.py
[2026-05-04T00:56:07.412+0300] {processor.py:914} INFO - Processing file /home/nikita/airflow-setup/ENV/lib/python3.12/site-packages/airflow/example_dags/tutorial_taskflow_templates.py for tasks to queue
[2026-05-04T00:56:07.414+0300] {logging_mixin.py:190} INFO - [2026-05-04T00:56:07.414+0300] {dagbag.py:588} INFO - Filling up the DagBag from /home/nikita/airflow-setup/ENV/lib/python3.12/site-packages/airflow/example_dags/tutorial_taskflow_templates.py
[2026-05-04T00:56:07.425+0300] {processor.py:925} INFO - DAG(s) 'tutorial_taskflow_templates' retrieved from /home/nikita/airflow-setup/ENV/lib/python3.12/site-packages/airflow/example_dags/tutorial_taskflow_templates.py
[2026-05-04T00:56:07.440+0300] {logging_mixin.py:190} INFO - [2026-05-04T00:56:07.440+0300] {dag.py:3239} INFO - Sync 1 DAGs
[2026-05-04T00:56:07.457+0300] {logging_mixin.py:190} INFO - [2026-05-04T00:56:07.456+0300] {dag.py:4180} INFO - Setting next_dagrun for tutorial_taskflow_templates to 2026-05-02 00:00:00+00:00, run_after=2026-05-03 00:00:00+00:00
[2026-05-04T00:56:07.474+0300] {processor.py:208} INFO - Processing /home/nikita/airflow-setup/ENV/lib/python3.12/site-packages/airflow/example_dags/tutorial_taskflow_templates.py took 0.075 seconds
[2026-05-04T00:57:04.511+0300] {processor.py:186} INFO - Started process (PID=6932) to work on /home/nikita/airflow-setup/ENV/lib/python3.12/site-packages/airflow/example_dags/tutorial_taskflow_templates.py
[2026-05-04T00:57:04.517+0300] {processor.py:914} INFO - Processing file /home/nikita/airflow-setup/ENV/lib/python3.12/site-packages/airflow/example_dags/tutorial_taskflow_templates.py for tasks to queue
[2026-05-04T00:57:04.520+0300] {logging_mixin.py:190} INFO - [2026-05-04T00:57:04.519+0300] {dagbag.py:588} INFO - Filling up the DagBag from /home/nikita/airflow-setup/ENV/lib/python3.12/site-packages/airflow/example_dags/tutorial_taskflow_templates.py
[2026-05-04T00:57:04.539+0300] {processor.py:925} INFO - DAG(s) 'tutorial_taskflow_templates' retrieved from /home/nikita/airflow-setup/ENV/lib/python3.12/site-packages/airflow/example_dags/tutorial_taskflow_templates.py
[2026-05-04T00:57:04.555+0300] {logging_mixin.py:190} INFO - [2026-05-04T00:57:04.555+0300] {dag.py:3239} INFO - Sync 1 DAGs
[2026-05-04T00:57:04.579+0300] {logging_mixin.py:190} INFO - [2026-05-04T00:57:04.579+0300] {dag.py:4180} INFO - Setting next_dagrun for tutorial_taskflow_templates to 2026-05-02 00:00:00+00:00, run_after=2026-05-03 00:00:00+00:00
[2026-05-04T00:57:04.597+0300] {processor.py:208} INFO - Processing /home/nikita/airflow-setup/ENV/lib/python3.12/site-packages/airflow/example_dags/tutorial_taskflow_templates.py took 0.095 seconds
[2026-05-04T00:58:05.728+0300] {processor.py:186} INFO - Started process (PID=7205) to work on /home/nikita/airflow-setup/ENV/lib/python3.12/site-packages/airflow/example_dags/tutorial_taskflow_templates.py
[2026-05-04T00:58:05.737+0300] {processor.py:914} INFO - Processing file /home/nikita/airflow-setup/ENV/lib/python3.12/site-packages/airflow/example_dags/tutorial_taskflow_templates.py for tasks to queue
[2026-05-04T00:58:05.738+0300] {logging_mixin.py:190} INFO - [2026-05-04T00:58:05.738+0300] {dagbag.py:588} INFO - Filling up the DagBag from /home/nikita/airflow-setup/ENV/lib/python3.12/site-packages/airflow/example_dags/tutorial_taskflow_templates.py
[2026-05-04T00:58:05.749+0300] {processor.py:925} INFO - DAG(s) 'tutorial_taskflow_templates' retrieved from /home/nikita/airflow-setup/ENV/lib/python3.12/site-packages/airflow/example_dags/tutorial_taskflow_templates.py
[2026-05-04T00:58:05.761+0300] {logging_mixin.py:190} INFO - [2026-05-04T00:58:05.761+0300] {dag.py:3239} INFO - Sync 1 DAGs
[2026-05-04T00:58:05.777+0300] {logging_mixin.py:190} INFO - [2026-05-04T00:58:05.777+0300] {dag.py:4180} INFO - Setting next_dagrun for tutorial_taskflow_templates to 2026-05-02 00:00:00+00:00, run_after=2026-05-03 00:00:00+00:00
[2026-05-04T00:58:05.795+0300] {processor.py:208} INFO - Processing /home/nikita/airflow-setup/ENV/lib/python3.12/site-packages/airflow/example_dags/tutorial_taskflow_templates.py took 0.072 seconds
[2026-05-04T00:59:02.591+0300] {processor.py:186} INFO - Started process (PID=7424) to work on /home/nikita/airflow-setup/ENV/lib/python3.12/site-packages/airflow/example_dags/tutorial_taskflow_templates.py
[2026-05-04T00:59:02.592+0300] {processor.py:914} INFO - Processing file /home/nikita/airflow-setup/ENV/lib/python3.12/site-packages/airflow/example_dags/tutorial_taskflow_templates.py for tasks to queue
[2026-05-04T00:59:02.594+0300] {logging_mixin.py:190} INFO - [2026-05-04T00:59:02.594+0300] {dagbag.py:588} INFO - Filling up the DagBag from /home/nikita/airflow-setup/ENV/lib/python3.12/site-packages/airflow/example_dags/tutorial_taskflow_templates.py
[2026-05-04T00:59:02.606+0300] {processor.py:925} INFO - DAG(s) 'tutorial_taskflow_templates' retrieved from /home/nikita/airflow-setup/ENV/lib/python3.12/site-packages/airflow/example_dags/tutorial_taskflow_templates.py
[2026-05-04T00:59:02.622+0300] {logging_mixin.py:190} INFO - [2026-05-04T00:59:02.621+0300] {dag.py:3239} INFO - Sync 1 DAGs
[2026-05-04T00:59:02.640+0300] {logging_mixin.py:190} INFO - [2026-05-04T00:59:02.640+0300] {dag.py:4180} INFO - Setting next_dagrun for tutorial_taskflow_templates to 2026-05-02 00:00:00+00:00, run_after=2026-05-03 00:00:00+00:00
[2026-05-04T00:59:02.659+0300] {processor.py:208} INFO - Processing /home/nikita/airflow-setup/ENV/lib/python3.12/site-packages/airflow/example_dags/tutorial_taskflow_templates.py took 0.072 seconds
[2026-05-04T01:00:01.485+0300] {processor.py:186} INFO - Started process (PID=8255) to work on /home/nikita/airflow-setup/ENV/lib/python3.12/site-packages/airflow/example_dags/tutorial_taskflow_templates.py
[2026-05-04T01:00:01.495+0300] {processor.py:914} INFO - Processing file /home/nikita/airflow-setup/ENV/lib/python3.12/site-packages/airflow/example_dags/tutorial_taskflow_templates.py for tasks to queue
[2026-05-04T01:00:01.498+0300] {logging_mixin.py:190} INFO - [2026-05-04T01:00:01.498+0300] {dagbag.py:588} INFO - Filling up the DagBag from /home/nikita/airflow-setup/ENV/lib/python3.12/site-packages/airflow/example_dags/tutorial_taskflow_templates.py
[2026-05-04T01:00:01.513+0300] {processor.py:925} INFO - DAG(s) 'tutorial_taskflow_templates' retrieved from /home/nikita/airflow-setup/ENV/lib/python3.12/site-packages/airflow/example_dags/tutorial_taskflow_templates.py
[2026-05-04T01:00:01.528+0300] {logging_mixin.py:190} INFO - [2026-05-04T01:00:01.528+0300] {dag.py:3239} INFO - Sync 1 DAGs
[2026-05-04T01:00:01.543+0300] {logging_mixin.py:190} INFO - [2026-05-04T01:00:01.543+0300] {dag.py:4180} INFO - Setting next_dagrun for tutorial_taskflow_templates to 2026-05-02 00:00:00+00:00, run_after=2026-05-03 00:00:00+00:00
[2026-05-04T01:00:01.562+0300] {processor.py:208} INFO - Processing /home/nikita/airflow-setup/ENV/lib/python3.12/site-packages/airflow/example_dags/tutorial_taskflow_templates.py took 0.083 seconds
[2026-05-04T01:01:09.264+0300] {processor.py:186} INFO - Started process (PID=8565) to work on /home/nikita/airflow-setup/ENV/lib/python3.12/site-packages/airflow/example_dags/tutorial_taskflow_templates.py
[2026-05-04T01:01:09.272+0300] {processor.py:914} INFO - Processing file /home/nikita/airflow-setup/ENV/lib/python3.12/site-packages/airflow/example_dags/tutorial_taskflow_templates.py for tasks to queue
[2026-05-04T01:01:09.273+0300] {logging_mixin.py:190} INFO - [2026-05-04T01:01:09.273+0300] {dagbag.py:588} INFO - Filling up the DagBag from /home/nikita/airflow-setup/ENV/lib/python3.12/site-packages/airflow/example_dags/tutorial_taskflow_templates.py
[2026-05-04T01:01:09.283+0300] {processor.py:925} INFO - DAG(s) 'tutorial_taskflow_templates' retrieved from /home/nikita/airflow-setup/ENV/lib/python3.12/site-packages/airflow/example_dags/tutorial_taskflow_templates.py
[2026-05-04T01:01:09.295+0300] {logging_mixin.py:190} INFO - [2026-05-04T01:01:09.294+0300] {dag.py:3239} INFO - Sync 1 DAGs
[2026-05-04T01:01:09.311+0300] {logging_mixin.py:190} INFO - [2026-05-04T01:01:09.311+0300] {dag.py:4180} INFO - Setting next_dagrun for tutorial_taskflow_templates to 2026-05-02 00:00:00+00:00, run_after=2026-05-03 00:00:00+00:00
[2026-05-04T01:01:09.327+0300] {processor.py:208} INFO - Processing /home/nikita/airflow-setup/ENV/lib/python3.12/site-packages/airflow/example_dags/tutorial_taskflow_templates.py took 0.067 seconds
[2026-05-04T01:02:16.267+0300] {processor.py:186} INFO - Started process (PID=9220) to work on /home/nikita/airflow-setup/ENV/lib/python3.12/site-packages/airflow/example_dags/tutorial_taskflow_templates.py
[2026-05-04T01:02:16.276+0300] {processor.py:914} INFO - Processing file /home/nikita/airflow-setup/ENV/lib/python3.12/site-packages/airflow/example_dags/tutorial_taskflow_templates.py for tasks to queue
[2026-05-04T01:02:16.277+0300] {logging_mixin.py:190} INFO - [2026-05-04T01:02:16.277+0300] {dagbag.py:588} INFO - Filling up the DagBag from /home/nikita/airflow-setup/ENV/lib/python3.12/site-packages/airflow/example_dags/tutorial_taskflow_templates.py
[2026-05-04T01:02:16.286+0300] {processor.py:925} INFO - DAG(s) 'tutorial_taskflow_templates' retrieved from /home/nikita/airflow-setup/ENV/lib/python3.12/site-packages/airflow/example_dags/tutorial_taskflow_templates.py
[2026-05-04T01:02:16.299+0300] {logging_mixin.py:190} INFO - [2026-05-04T01:02:16.299+0300] {dag.py:3239} INFO - Sync 1 DAGs
[2026-05-04T01:02:16.315+0300] {logging_mixin.py:190} INFO - [2026-05-04T01:02:16.315+0300] {dag.py:4180} INFO - Setting next_dagrun for tutorial_taskflow_templates to 2026-05-02 00:00:00+00:00, run_after=2026-05-03 00:00:00+00:00
[2026-05-04T01:02:16.333+0300] {processor.py:208} INFO - Processing /home/nikita/airflow-setup/ENV/lib/python3.12/site-packages/airflow/example_dags/tutorial_taskflow_templates.py took 0.070 seconds
[2026-05-04T01:03:21.185+0300] {processor.py:186} INFO - Started process (PID=9675) to work on /home/nikita/airflow-setup/ENV/lib/python3.12/site-packages/airflow/example_dags/tutorial_taskflow_templates.py
[2026-05-04T01:03:21.193+0300] {processor.py:914} INFO - Processing file /home/nikita/airflow-setup/ENV/lib/python3.12/site-packages/airflow/example_dags/tutorial_taskflow_templates.py for tasks to queue
[2026-05-04T01:03:21.194+0300] {logging_mixin.py:190} INFO - [2026-05-04T01:03:21.194+0300] {dagbag.py:588} INFO - Filling up the DagBag from /home/nikita/airflow-setup/ENV/lib/python3.12/site-packages/airflow/example_dags/tutorial_taskflow_templates.py
[2026-05-04T01:03:21.204+0300] {processor.py:925} INFO - DAG(s) 'tutorial_taskflow_templates' retrieved from /home/nikita/airflow-setup/ENV/lib/python3.12/site-packages/airflow/example_dags/tutorial_taskflow_templates.py
[2026-05-04T01:03:21.215+0300] {logging_mixin.py:190} INFO - [2026-05-04T01:03:21.214+0300] {dag.py:3239} INFO - Sync 1 DAGs
[2026-05-04T01:03:21.228+0300] {logging_mixin.py:190} INFO - [2026-05-04T01:03:21.228+0300] {dag.py:4180} INFO - Setting next_dagrun for tutorial_taskflow_templates to 2026-05-02 00:00:00+00:00, run_after=2026-05-03 00:00:00+00:00
[2026-05-04T01:03:21.245+0300] {processor.py:208} INFO - Processing /home/nikita/airflow-setup/ENV/lib/python3.12/site-packages/airflow/example_dags/tutorial_taskflow_templates.py took 0.064 seconds
[2026-05-04T01:04:23.203+0300] {processor.py:186} INFO - Started process (PID=9942) to work on /home/nikita/airflow-setup/ENV/lib/python3.12/site-packages/airflow/example_dags/tutorial_taskflow_templates.py
[2026-05-04T01:04:23.205+0300] {processor.py:914} INFO - Processing file /home/nikita/airflow-setup/ENV/lib/python3.12/site-packages/airflow/example_dags/tutorial_taskflow_templates.py for tasks to queue
[2026-05-04T01:04:23.206+0300] {logging_mixin.py:190} INFO - [2026-05-04T01:04:23.206+0300] {dagbag.py:588} INFO - Filling up the DagBag from /home/nikita/airflow-setup/ENV/lib/python3.12/site-packages/airflow/example_dags/tutorial_taskflow_templates.py
[2026-05-04T01:04:23.216+0300] {processor.py:925} INFO - DAG(s) 'tutorial_taskflow_templates' retrieved from /home/nikita/airflow-setup/ENV/lib/python3.12/site-packages/airflow/example_dags/tutorial_taskflow_templates.py
[2026-05-04T01:04:23.228+0300] {logging_mixin.py:190} INFO - [2026-05-04T01:04:23.228+0300] {dag.py:3239} INFO - Sync 1 DAGs
[2026-05-04T01:04:23.245+0300] {logging_mixin.py:190} INFO - [2026-05-04T01:04:23.245+0300] {dag.py:4180} INFO - Setting next_dagrun for tutorial_taskflow_templates to 2026-05-02 00:00:00+00:00, run_after=2026-05-03 00:00:00+00:00
[2026-05-04T01:04:23.263+0300] {processor.py:208} INFO - Processing /home/nikita/airflow-setup/ENV/lib/python3.12/site-packages/airflow/example_dags/tutorial_taskflow_templates.py took 0.064 seconds
[2026-05-04T01:05:29.447+0300] {processor.py:186} INFO - Started process (PID=10199) to work on /home/nikita/airflow-setup/ENV/lib/python3.12/site-packages/airflow/example_dags/tutorial_taskflow_templates.py
[2026-05-04T01:05:29.456+0300] {processor.py:914} INFO - Processing file /home/nikita/airflow-setup/ENV/lib/python3.12/site-packages/airflow/example_dags/tutorial_taskflow_templates.py for tasks to queue
[2026-05-04T01:05:29.458+0300] {logging_mixin.py:190} INFO - [2026-05-04T01:05:29.457+0300] {dagbag.py:588} INFO - Filling up the DagBag from /home/nikita/airflow-setup/ENV/lib/python3.12/site-packages/airflow/example_dags/tutorial_taskflow_templates.py
[2026-05-04T01:05:29.470+0300] {processor.py:925} INFO - DAG(s) 'tutorial_taskflow_templates' retrieved from /home/nikita/airflow-setup/ENV/lib/python3.12/site-packages/airflow/example_dags/tutorial_taskflow_templates.py
[2026-05-04T01:05:29.483+0300] {logging_mixin.py:190} INFO - [2026-05-04T01:05:29.483+0300] {dag.py:3239} INFO - Sync 1 DAGs
[2026-05-04T01:05:29.502+0300] {logging_mixin.py:190} INFO - [2026-05-04T01:05:29.501+0300] {dag.py:4180} INFO - Setting next_dagrun for tutorial_taskflow_templates to 2026-05-02 00:00:00+00:00, run_after=2026-05-03 00:00:00+00:00
[2026-05-04T01:05:29.522+0300] {processor.py:208} INFO - Processing /home/nikita/airflow-setup/ENV/lib/python3.12/site-packages/airflow/example_dags/tutorial_taskflow_templates.py took 0.083 seconds
[2026-05-04T01:06:33.788+0300] {processor.py:186} INFO - Started process (PID=10475) to work on /home/nikita/airflow-setup/ENV/lib/python3.12/site-packages/airflow/example_dags/tutorial_taskflow_templates.py
[2026-05-04T01:06:33.798+0300] {processor.py:914} INFO - Processing file /home/nikita/airflow-setup/ENV/lib/python3.12/site-packages/airflow/example_dags/tutorial_taskflow_templates.py for tasks to queue
[2026-05-04T01:06:33.799+0300] {logging_mixin.py:190} INFO - [2026-05-04T01:06:33.799+0300] {dagbag.py:588} INFO - Filling up the DagBag from /home/nikita/airflow-setup/ENV/lib/python3.12/site-packages/airflow/example_dags/tutorial_taskflow_templates.py
[2026-05-04T01:06:33.809+0300] {processor.py:925} INFO - DAG(s) 'tutorial_taskflow_templates' retrieved from /home/nikita/airflow-setup/ENV/lib/python3.12/site-packages/airflow/example_dags/tutorial_taskflow_templates.py
[2026-05-04T01:06:33.821+0300] {logging_mixin.py:190} INFO - [2026-05-04T01:06:33.821+0300] {dag.py:3239} INFO - Sync 1 DAGs
[2026-05-04T01:06:33.839+0300] {logging_mixin.py:190} INFO - [2026-05-04T01:06:33.838+0300] {dag.py:4180} INFO - Setting next_dagrun for tutorial_taskflow_templates to 2026-05-02 00:00:00+00:00, run_after=2026-05-03 00:00:00+00:00
[2026-05-04T01:06:33.854+0300] {processor.py:208} INFO - Processing /home/nikita/airflow-setup/ENV/lib/python3.12/site-packages/airflow/example_dags/tutorial_taskflow_templates.py took 0.069 seconds
[2026-05-04T01:07:42.829+0300] {processor.py:186} INFO - Started process (PID=10733) to work on /home/nikita/airflow-setup/ENV/lib/python3.12/site-packages/airflow/example_dags/tutorial_taskflow_templates.py
[2026-05-04T01:07:42.837+0300] {processor.py:914} INFO - Processing file /home/nikita/airflow-setup/ENV/lib/python3.12/site-packages/airflow/example_dags/tutorial_taskflow_templates.py for tasks to queue
[2026-05-04T01:07:42.838+0300] {logging_mixin.py:190} INFO - [2026-05-04T01:07:42.838+0300] {dagbag.py:588} INFO - Filling up the DagBag from /home/nikita/airflow-setup/ENV/lib/python3.12/site-packages/airflow/example_dags/tutorial_taskflow_templates.py
[2026-05-04T01:07:42.848+0300] {processor.py:925} INFO - DAG(s) 'tutorial_taskflow_templates' retrieved from /home/nikita/airflow-setup/ENV/lib/python3.12/site-packages/airflow/example_dags/tutorial_taskflow_templates.py
[2026-05-04T01:07:42.861+0300] {logging_mixin.py:190} INFO - [2026-05-04T01:07:42.860+0300] {dag.py:3239} INFO - Sync 1 DAGs
[2026-05-04T01:07:42.878+0300] {logging_mixin.py:190} INFO - [2026-05-04T01:07:42.877+0300] {dag.py:4180} INFO - Setting next_dagrun for tutorial_taskflow_templates to 2026-05-02 00:00:00+00:00, run_after=2026-05-03 00:00:00+00:00
[2026-05-04T01:07:42.897+0300] {processor.py:208} INFO - Processing /home/nikita/airflow-setup/ENV/lib/python3.12/site-packages/airflow/example_dags/tutorial_taskflow_templates.py took 0.073 seconds
[2026-05-04T01:08:48.323+0300] {processor.py:186} INFO - Started process (PID=11289) to work on /home/nikita/airflow-setup/ENV/lib/python3.12/site-packages/airflow/example_dags/tutorial_taskflow_templates.py
[2026-05-04T01:08:48.333+0300] {processor.py:914} INFO - Processing file /home/nikita/airflow-setup/ENV/lib/python3.12/site-packages/airflow/example_dags/tutorial_taskflow_templates.py for tasks to queue
[2026-05-04T01:08:48.335+0300] {logging_mixin.py:190} INFO - [2026-05-04T01:08:48.335+0300] {dagbag.py:588} INFO - Filling up the DagBag from /home/nikita/airflow-setup/ENV/lib/python3.12/site-packages/airflow/example_dags/tutorial_taskflow_templates.py
[2026-05-04T01:08:48.346+0300] {processor.py:925} INFO - DAG(s) 'tutorial_taskflow_templates' retrieved from /home/nikita/airflow-setup/ENV/lib/python3.12/site-packages/airflow/example_dags/tutorial_taskflow_templates.py
[2026-05-04T01:08:48.359+0300] {logging_mixin.py:190} INFO - [2026-05-04T01:08:48.359+0300] {dag.py:3239} INFO - Sync 1 DAGs
[2026-05-04T01:08:48.375+0300] {logging_mixin.py:190} INFO - [2026-05-04T01:08:48.375+0300] {dag.py:4180} INFO - Setting next_dagrun for tutorial_taskflow_templates to 2026-05-02 00:00:00+00:00, run_after=2026-05-03 00:00:00+00:00
[2026-05-04T01:08:48.399+0300] {processor.py:208} INFO - Processing /home/nikita/airflow-setup/ENV/lib/python3.12/site-packages/airflow/example_dags/tutorial_taskflow_templates.py took 0.081 seconds
[2026-05-04T01:09:59.326+0300] {processor.py:186} INFO - Started process (PID=12188) to work on /home/nikita/airflow-setup/ENV/lib/python3.12/site-packages/airflow/example_dags/tutorial_taskflow_templates.py
[2026-05-04T01:09:59.332+0300] {processor.py:914} INFO - Processing file /home/nikita/airflow-setup/ENV/lib/python3.12/site-packages/airflow/example_dags/tutorial_taskflow_templates.py for tasks to queue
[2026-05-04T01:09:59.334+0300] {logging_mixin.py:190} INFO - [2026-05-04T01:09:59.333+0300] {dagbag.py:588} INFO - Filling up the DagBag from /home/nikita/airflow-setup/ENV/lib/python3.12/site-packages/airflow/example_dags/tutorial_taskflow_templates.py
[2026-05-04T01:09:59.346+0300] {processor.py:925} INFO - DAG(s) 'tutorial_taskflow_templates' retrieved from /home/nikita/airflow-setup/ENV/lib/python3.12/site-packages/airflow/example_dags/tutorial_taskflow_templates.py
[2026-05-04T01:09:59.360+0300] {logging_mixin.py:190} INFO - [2026-05-04T01:09:59.360+0300] {dag.py:3239} INFO - Sync 1 DAGs
[2026-05-04T01:09:59.386+0300] {logging_mixin.py:190} INFO - [2026-05-04T01:09:59.385+0300] {dag.py:4180} INFO - Setting next_dagrun for tutorial_taskflow_templates to 2026-05-02 00:00:00+00:00, run_after=2026-05-03 00:00:00+00:00
[2026-05-04T01:09:59.417+0300] {processor.py:208} INFO - Processing /home/nikita/airflow-setup/ENV/lib/python3.12/site-packages/airflow/example_dags/tutorial_taskflow_templates.py took 0.096 seconds
[2026-05-04T01:11:09.570+0300] {processor.py:186} INFO - Started process (PID=12459) to work on /home/nikita/airflow-setup/ENV/lib/python3.12/site-packages/airflow/example_dags/tutorial_taskflow_templates.py
[2026-05-04T01:11:09.572+0300] {processor.py:914} INFO - Processing file /home/nikita/airflow-setup/ENV/lib/python3.12/site-packages/airflow/example_dags/tutorial_taskflow_templates.py for tasks to queue
[2026-05-04T01:11:09.573+0300] {logging_mixin.py:190} INFO - [2026-05-04T01:11:09.572+0300] {dagbag.py:588} INFO - Filling up the DagBag from /home/nikita/airflow-setup/ENV/lib/python3.12/site-packages/airflow/example_dags/tutorial_taskflow_templates.py
[2026-05-04T01:11:09.583+0300] {processor.py:925} INFO - DAG(s) 'tutorial_taskflow_templates' retrieved from /home/nikita/airflow-setup/ENV/lib/python3.12/site-packages/airflow/example_dags/tutorial_taskflow_templates.py
[2026-05-04T01:11:09.596+0300] {logging_mixin.py:190} INFO - [2026-05-04T01:11:09.596+0300] {dag.py:3239} INFO - Sync 1 DAGs
[2026-05-04T01:11:09.614+0300] {logging_mixin.py:190} INFO - [2026-05-04T01:11:09.614+0300] {dag.py:4180} INFO - Setting next_dagrun for tutorial_taskflow_templates to 2026-05-02 00:00:00+00:00, run_after=2026-05-03 00:00:00+00:00
[2026-05-04T01:11:09.633+0300] {processor.py:208} INFO - Processing /home/nikita/airflow-setup/ENV/lib/python3.12/site-packages/airflow/example_dags/tutorial_taskflow_templates.py took 0.067 seconds
[2026-05-04T01:12:10.055+0300] {processor.py:186} INFO - Started process (PID=12690) to work on /home/nikita/airflow-setup/ENV/lib/python3.12/site-packages/airflow/example_dags/tutorial_taskflow_templates.py
[2026-05-04T01:12:10.063+0300] {processor.py:914} INFO - Processing file /home/nikita/airflow-setup/ENV/lib/python3.12/site-packages/airflow/example_dags/tutorial_taskflow_templates.py for tasks to queue
[2026-05-04T01:12:10.064+0300] {logging_mixin.py:190} INFO - [2026-05-04T01:12:10.064+0300] {dagbag.py:588} INFO - Filling up the DagBag from /home/nikita/airflow-setup/ENV/lib/python3.12/site-packages/airflow/example_dags/tutorial_taskflow_templates.py
[2026-05-04T01:12:10.074+0300] {processor.py:925} INFO - DAG(s) 'tutorial_taskflow_templates' retrieved from /home/nikita/airflow-setup/ENV/lib/python3.12/site-packages/airflow/example_dags/tutorial_taskflow_templates.py
[2026-05-04T01:12:10.087+0300] {logging_mixin.py:190} INFO - [2026-05-04T01:12:10.087+0300] {dag.py:3239} INFO - Sync 1 DAGs
[2026-05-04T01:12:10.104+0300] {logging_mixin.py:190} INFO - [2026-05-04T01:12:10.104+0300] {dag.py:4180} INFO - Setting next_dagrun for tutorial_taskflow_templates to 2026-05-02 00:00:00+00:00, run_after=2026-05-03 00:00:00+00:00
[2026-05-04T01:12:10.123+0300] {processor.py:208} INFO - Processing /home/nikita/airflow-setup/ENV/lib/python3.12/site-packages/airflow/example_dags/tutorial_taskflow_templates.py took 0.072 seconds
[2026-05-04T01:13:10.361+0300] {processor.py:186} INFO - Started process (PID=13012) to work on /home/nikita/airflow-setup/ENV/lib/python3.12/site-packages/airflow/example_dags/tutorial_taskflow_templates.py
[2026-05-04T01:13:10.370+0300] {processor.py:914} INFO - Processing file /home/nikita/airflow-setup/ENV/lib/python3.12/site-packages/airflow/example_dags/tutorial_taskflow_templates.py for tasks to queue
[2026-05-04T01:13:10.371+0300] {logging_mixin.py:190} INFO - [2026-05-04T01:13:10.371+0300] {dagbag.py:588} INFO - Filling up the DagBag from /home/nikita/airflow-setup/ENV/lib/python3.12/site-packages/airflow/example_dags/tutorial_taskflow_templates.py
[2026-05-04T01:13:10.381+0300] {processor.py:925} INFO - DAG(s) 'tutorial_taskflow_templates' retrieved from /home/nikita/airflow-setup/ENV/lib/python3.12/site-packages/airflow/example_dags/tutorial_taskflow_templates.py
[2026-05-04T01:13:10.393+0300] {logging_mixin.py:190} INFO - [2026-05-04T01:13:10.393+0300] {dag.py:3239} INFO - Sync 1 DAGs
[2026-05-04T01:13:10.410+0300] {logging_mixin.py:190} INFO - [2026-05-04T01:13:10.410+0300] {dag.py:4180} INFO - Setting next_dagrun for tutorial_taskflow_templates to 2026-05-02 00:00:00+00:00, run_after=2026-05-03 00:00:00+00:00
[2026-05-04T01:13:10.426+0300] {processor.py:208} INFO - Processing /home/nikita/airflow-setup/ENV/lib/python3.12/site-packages/airflow/example_dags/tutorial_taskflow_templates.py took 0.070 seconds
[2026-05-04T01:14:14.109+0300] {processor.py:186} INFO - Started process (PID=14214) to work on /home/nikita/airflow-setup/ENV/lib/python3.12/site-packages/airflow/example_dags/tutorial_taskflow_templates.py
[2026-05-04T01:14:14.118+0300] {processor.py:914} INFO - Processing file /home/nikita/airflow-setup/ENV/lib/python3.12/site-packages/airflow/example_dags/tutorial_taskflow_templates.py for tasks to queue
[2026-05-04T01:14:14.119+0300] {logging_mixin.py:190} INFO - [2026-05-04T01:14:14.119+0300] {dagbag.py:588} INFO - Filling up the DagBag from /home/nikita/airflow-setup/ENV/lib/python3.12/site-packages/airflow/example_dags/tutorial_taskflow_templates.py
[2026-05-04T01:14:14.130+0300] {processor.py:925} INFO - DAG(s) 'tutorial_taskflow_templates' retrieved from /home/nikita/airflow-setup/ENV/lib/python3.12/site-packages/airflow/example_dags/tutorial_taskflow_templates.py
[2026-05-04T01:14:14.141+0300] {logging_mixin.py:190} INFO - [2026-05-04T01:14:14.141+0300] {dag.py:3239} INFO - Sync 1 DAGs
[2026-05-04T01:14:14.157+0300] {logging_mixin.py:190} INFO - [2026-05-04T01:14:14.156+0300] {dag.py:4180} INFO - Setting next_dagrun for tutorial_taskflow_templates to 2026-05-02 00:00:00+00:00, run_after=2026-05-03 00:00:00+00:00
[2026-05-04T01:14:14.172+0300] {processor.py:208} INFO - Processing /home/nikita/airflow-setup/ENV/lib/python3.12/site-packages/airflow/example_dags/tutorial_taskflow_templates.py took 0.067 seconds
[2026-05-04T01:15:17.564+0300] {processor.py:186} INFO - Started process (PID=14471) to work on /home/nikita/airflow-setup/ENV/lib/python3.12/site-packages/airflow/example_dags/tutorial_taskflow_templates.py
[2026-05-04T01:15:17.573+0300] {processor.py:914} INFO - Processing file /home/nikita/airflow-setup/ENV/lib/python3.12/site-packages/airflow/example_dags/tutorial_taskflow_templates.py for tasks to queue
[2026-05-04T01:15:17.575+0300] {logging_mixin.py:190} INFO - [2026-05-04T01:15:17.574+0300] {dagbag.py:588} INFO - Filling up the DagBag from /home/nikita/airflow-setup/ENV/lib/python3.12/site-packages/airflow/example_dags/tutorial_taskflow_templates.py
[2026-05-04T01:15:17.586+0300] {processor.py:925} INFO - DAG(s) 'tutorial_taskflow_templates' retrieved from /home/nikita/airflow-setup/ENV/lib/python3.12/site-packages/airflow/example_dags/tutorial_taskflow_templates.py
[2026-05-04T01:15:17.598+0300] {logging_mixin.py:190} INFO - [2026-05-04T01:15:17.598+0300] {dag.py:3239} INFO - Sync 1 DAGs
[2026-05-04T01:15:17.616+0300] {logging_mixin.py:190} INFO - [2026-05-04T01:15:17.615+0300] {dag.py:4180} INFO - Setting next_dagrun for tutorial_taskflow_templates to 2026-05-02 00:00:00+00:00, run_after=2026-05-03 00:00:00+00:00
[2026-05-04T01:15:17.636+0300] {processor.py:208} INFO - Processing /home/nikita/airflow-setup/ENV/lib/python3.12/site-packages/airflow/example_dags/tutorial_taskflow_templates.py took 0.077 seconds
[2026-05-04T01:16:24.486+0300] {processor.py:186} INFO - Started process (PID=15678) to work on /home/nikita/airflow-setup/ENV/lib/python3.12/site-packages/airflow/example_dags/tutorial_taskflow_templates.py
[2026-05-04T01:16:24.488+0300] {processor.py:914} INFO - Processing file /home/nikita/airflow-setup/ENV/lib/python3.12/site-packages/airflow/example_dags/tutorial_taskflow_templates.py for tasks to queue
[2026-05-04T01:16:24.489+0300] {logging_mixin.py:190} INFO - [2026-05-04T01:16:24.488+0300] {dagbag.py:588} INFO - Filling up the DagBag from /home/nikita/airflow-setup/ENV/lib/python3.12/site-packages/airflow/example_dags/tutorial_taskflow_templates.py
[2026-05-04T01:16:24.498+0300] {processor.py:925} INFO - DAG(s) 'tutorial_taskflow_templates' retrieved from /home/nikita/airflow-setup/ENV/lib/python3.12/site-packages/airflow/example_dags/tutorial_taskflow_templates.py
[2026-05-04T01:16:24.509+0300] {logging_mixin.py:190} INFO - [2026-05-04T01:16:24.509+0300] {dag.py:3239} INFO - Sync 1 DAGs
[2026-05-04T01:16:24.523+0300] {logging_mixin.py:190} INFO - [2026-05-04T01:16:24.523+0300] {dag.py:4180} INFO - Setting next_dagrun for tutorial_taskflow_templates to 2026-05-02 00:00:00+00:00, run_after=2026-05-03 00:00:00+00:00
[2026-05-04T01:16:24.538+0300] {processor.py:208} INFO - Processing /home/nikita/airflow-setup/ENV/lib/python3.12/site-packages/airflow/example_dags/tutorial_taskflow_templates.py took 0.057 seconds
[2026-05-04T01:17:33.446+0300] {processor.py:186} INFO - Started process (PID=15946) to work on /home/nikita/airflow-setup/ENV/lib/python3.12/site-packages/airflow/example_dags/tutorial_taskflow_templates.py
[2026-05-04T01:17:33.447+0300] {processor.py:914} INFO - Processing file /home/nikita/airflow-setup/ENV/lib/python3.12/site-packages/airflow/example_dags/tutorial_taskflow_templates.py for tasks to queue
[2026-05-04T01:17:33.448+0300] {logging_mixin.py:190} INFO - [2026-05-04T01:17:33.448+0300] {dagbag.py:588} INFO - Filling up the DagBag from /home/nikita/airflow-setup/ENV/lib/python3.12/site-packages/airflow/example_dags/tutorial_taskflow_templates.py
[2026-05-04T01:17:33.459+0300] {processor.py:925} INFO - DAG(s) 'tutorial_taskflow_templates' retrieved from /home/nikita/airflow-setup/ENV/lib/python3.12/site-packages/airflow/example_dags/tutorial_taskflow_templates.py
[2026-05-04T01:17:33.471+0300] {logging_mixin.py:190} INFO - [2026-05-04T01:17:33.471+0300] {dag.py:3239} INFO - Sync 1 DAGs
[2026-05-04T01:17:33.487+0300] {logging_mixin.py:190} INFO - [2026-05-04T01:17:33.486+0300] {dag.py:4180} INFO - Setting next_dagrun for tutorial_taskflow_templates to 2026-05-02 00:00:00+00:00, run_after=2026-05-03 00:00:00+00:00
[2026-05-04T01:17:33.506+0300] {processor.py:208} INFO - Processing /home/nikita/airflow-setup/ENV/lib/python3.12/site-packages/airflow/example_dags/tutorial_taskflow_templates.py took 0.065 seconds
[2026-05-04T01:18:41.831+0300] {processor.py:186} INFO - Started process (PID=16203) to work on /home/nikita/airflow-setup/ENV/lib/python3.12/site-packages/airflow/example_dags/tutorial_taskflow_templates.py
[2026-05-04T01:18:41.833+0300] {processor.py:914} INFO - Processing file /home/nikita/airflow-setup/ENV/lib/python3.12/site-packages/airflow/example_dags/tutorial_taskflow_templates.py for tasks to queue
[2026-05-04T01:18:41.834+0300] {logging_mixin.py:190} INFO - [2026-05-04T01:18:41.834+0300] {dagbag.py:588} INFO - Filling up the DagBag from /home/nikita/airflow-setup/ENV/lib/python3.12/site-packages/airflow/example_dags/tutorial_taskflow_templates.py
[2026-05-04T01:18:41.843+0300] {processor.py:925} INFO - DAG(s) 'tutorial_taskflow_templates' retrieved from /home/nikita/airflow-setup/ENV/lib/python3.12/site-packages/airflow/example_dags/tutorial_taskflow_templates.py
[2026-05-04T01:18:41.854+0300] {logging_mixin.py:190} INFO - [2026-05-04T01:18:41.854+0300] {dag.py:3239} INFO - Sync 1 DAGs
[2026-05-04T01:18:41.871+0300] {logging_mixin.py:190} INFO - [2026-05-04T01:18:41.870+0300] {dag.py:4180} INFO - Setting next_dagrun for tutorial_taskflow_templates to 2026-05-02 00:00:00+00:00, run_after=2026-05-03 00:00:00+00:00
[2026-05-04T01:18:41.888+0300] {processor.py:208} INFO - Processing /home/nikita/airflow-setup/ENV/lib/python3.12/site-packages/airflow/example_dags/tutorial_taskflow_templates.py took 0.061 seconds
[2026-05-04T01:19:44.846+0300] {processor.py:186} INFO - Started process (PID=16448) to work on /home/nikita/airflow-setup/ENV/lib/python3.12/site-packages/airflow/example_dags/tutorial_taskflow_templates.py
[2026-05-04T01:19:44.856+0300] {processor.py:914} INFO - Processing file /home/nikita/airflow-setup/ENV/lib/python3.12/site-packages/airflow/example_dags/tutorial_taskflow_templates.py for tasks to queue
[2026-05-04T01:19:44.857+0300] {logging_mixin.py:190} INFO - [2026-05-04T01:19:44.856+0300] {dagbag.py:588} INFO - Filling up the DagBag from /home/nikita/airflow-setup/ENV/lib/python3.12/site-packages/airflow/example_dags/tutorial_taskflow_templates.py
[2026-05-04T01:19:44.867+0300] {processor.py:925} INFO - DAG(s) 'tutorial_taskflow_templates' retrieved from /home/nikita/airflow-setup/ENV/lib/python3.12/site-packages/airflow/example_dags/tutorial_taskflow_templates.py
[2026-05-04T01:19:44.881+0300] {logging_mixin.py:190} INFO - [2026-05-04T01:19:44.881+0300] {dag.py:3239} INFO - Sync 1 DAGs
[2026-05-04T01:19:44.898+0300] {logging_mixin.py:190} INFO - [2026-05-04T01:19:44.898+0300] {dag.py:4180} INFO - Setting next_dagrun for tutorial_taskflow_templates to 2026-05-02 00:00:00+00:00, run_after=2026-05-03 00:00:00+00:00
[2026-05-04T01:19:44.916+0300] {processor.py:208} INFO - Processing /home/nikita/airflow-setup/ENV/lib/python3.12/site-packages/airflow/example_dags/tutorial_taskflow_templates.py took 0.074 seconds
[2026-05-04T01:20:54.288+0300] {processor.py:186} INFO - Started process (PID=16715) to work on /home/nikita/airflow-setup/ENV/lib/python3.12/site-packages/airflow/example_dags/tutorial_taskflow_templates.py
[2026-05-04T01:20:54.297+0300] {processor.py:914} INFO - Processing file /home/nikita/airflow-setup/ENV/lib/python3.12/site-packages/airflow/example_dags/tutorial_taskflow_templates.py for tasks to queue
[2026-05-04T01:20:54.298+0300] {logging_mixin.py:190} INFO - [2026-05-04T01:20:54.298+0300] {dagbag.py:588} INFO - Filling up the DagBag from /home/nikita/airflow-setup/ENV/lib/python3.12/site-packages/airflow/example_dags/tutorial_taskflow_templates.py
[2026-05-04T01:20:54.310+0300] {processor.py:925} INFO - DAG(s) 'tutorial_taskflow_templates' retrieved from /home/nikita/airflow-setup/ENV/lib/python3.12/site-packages/airflow/example_dags/tutorial_taskflow_templates.py
[2026-05-04T01:20:54.323+0300] {logging_mixin.py:190} INFO - [2026-05-04T01:20:54.323+0300] {dag.py:3239} INFO - Sync 1 DAGs
[2026-05-04T01:20:54.338+0300] {logging_mixin.py:190} INFO - [2026-05-04T01:20:54.338+0300] {dag.py:4180} INFO - Setting next_dagrun for tutorial_taskflow_templates to 2026-05-02 00:00:00+00:00, run_after=2026-05-03 00:00:00+00:00
[2026-05-04T01:20:54.355+0300] {processor.py:208} INFO - Processing /home/nikita/airflow-setup/ENV/lib/python3.12/site-packages/airflow/example_dags/tutorial_taskflow_templates.py took 0.071 seconds
[2026-05-04T01:22:00.275+0300] {processor.py:186} INFO - Started process (PID=16967) to work on /home/nikita/airflow-setup/ENV/lib/python3.12/site-packages/airflow/example_dags/tutorial_taskflow_templates.py
[2026-05-04T01:22:00.738+0300] {processor.py:914} INFO - Processing file /home/nikita/airflow-setup/ENV/lib/python3.12/site-packages/airflow/example_dags/tutorial_taskflow_templates.py for tasks to queue
[2026-05-04T01:22:00.740+0300] {logging_mixin.py:190} INFO - [2026-05-04T01:22:00.739+0300] {dagbag.py:588} INFO - Filling up the DagBag from /home/nikita/airflow-setup/ENV/lib/python3.12/site-packages/airflow/example_dags/tutorial_taskflow_templates.py
[2026-05-04T01:22:00.764+0300] {processor.py:925} INFO - DAG(s) 'tutorial_taskflow_templates' retrieved from /home/nikita/airflow-setup/ENV/lib/python3.12/site-packages/airflow/example_dags/tutorial_taskflow_templates.py
[2026-05-04T01:22:00.790+0300] {logging_mixin.py:190} INFO - [2026-05-04T01:22:00.790+0300] {dag.py:3239} INFO - Sync 1 DAGs
[2026-05-04T01:22:00.812+0300] {logging_mixin.py:190} INFO - [2026-05-04T01:22:00.812+0300] {dag.py:4180} INFO - Setting next_dagrun for tutorial_taskflow_templates to 2026-05-02 00:00:00+00:00, run_after=2026-05-03 00:00:00+00:00
[2026-05-04T01:22:00.839+0300] {processor.py:208} INFO - Processing /home/nikita/airflow-setup/ENV/lib/python3.12/site-packages/airflow/example_dags/tutorial_taskflow_templates.py took 0.577 seconds
[2026-05-04T01:23:13.700+0300] {processor.py:186} INFO - Started process (PID=17246) to work on /home/nikita/airflow-setup/ENV/lib/python3.12/site-packages/airflow/example_dags/tutorial_taskflow_templates.py
[2026-05-04T01:23:13.710+0300] {processor.py:914} INFO - Processing file /home/nikita/airflow-setup/ENV/lib/python3.12/site-packages/airflow/example_dags/tutorial_taskflow_templates.py for tasks to queue
[2026-05-04T01:23:13.711+0300] {logging_mixin.py:190} INFO - [2026-05-04T01:23:13.711+0300] {dagbag.py:588} INFO - Filling up the DagBag from /home/nikita/airflow-setup/ENV/lib/python3.12/site-packages/airflow/example_dags/tutorial_taskflow_templates.py
[2026-05-04T01:23:13.721+0300] {processor.py:925} INFO - DAG(s) 'tutorial_taskflow_templates' retrieved from /home/nikita/airflow-setup/ENV/lib/python3.12/site-packages/airflow/example_dags/tutorial_taskflow_templates.py
[2026-05-04T01:23:13.731+0300] {logging_mixin.py:190} INFO - [2026-05-04T01:23:13.731+0300] {dag.py:3239} INFO - Sync 1 DAGs
[2026-05-04T01:23:13.745+0300] {logging_mixin.py:190} INFO - [2026-05-04T01:23:13.745+0300] {dag.py:4180} INFO - Setting next_dagrun for tutorial_taskflow_templates to 2026-05-02 00:00:00+00:00, run_after=2026-05-03 00:00:00+00:00
[2026-05-04T01:23:13.761+0300] {processor.py:208} INFO - Processing /home/nikita/airflow-setup/ENV/lib/python3.12/site-packages/airflow/example_dags/tutorial_taskflow_templates.py took 0.065 seconds
[2026-05-04T01:24:18.740+0300] {processor.py:186} INFO - Started process (PID=17811) to work on /home/nikita/airflow-setup/ENV/lib/python3.12/site-packages/airflow/example_dags/tutorial_taskflow_templates.py
[2026-05-04T01:24:18.742+0300] {processor.py:914} INFO - Processing file /home/nikita/airflow-setup/ENV/lib/python3.12/site-packages/airflow/example_dags/tutorial_taskflow_templates.py for tasks to queue
[2026-05-04T01:24:18.743+0300] {logging_mixin.py:190} INFO - [2026-05-04T01:24:18.743+0300] {dagbag.py:588} INFO - Filling up the DagBag from /home/nikita/airflow-setup/ENV/lib/python3.12/site-packages/airflow/example_dags/tutorial_taskflow_templates.py
[2026-05-04T01:24:18.756+0300] {processor.py:925} INFO - DAG(s) 'tutorial_taskflow_templates' retrieved from /home/nikita/airflow-setup/ENV/lib/python3.12/site-packages/airflow/example_dags/tutorial_taskflow_templates.py
[2026-05-04T01:24:18.771+0300] {logging_mixin.py:190} INFO - [2026-05-04T01:24:18.771+0300] {dag.py:3239} INFO - Sync 1 DAGs
[2026-05-04T01:24:18.788+0300] {logging_mixin.py:190} INFO - [2026-05-04T01:24:18.788+0300] {dag.py:4180} INFO - Setting next_dagrun for tutorial_taskflow_templates to 2026-05-02 00:00:00+00:00, run_after=2026-05-03 00:00:00+00:00
[2026-05-04T01:24:18.804+0300] {processor.py:208} INFO - Processing /home/nikita/airflow-setup/ENV/lib/python3.12/site-packages/airflow/example_dags/tutorial_taskflow_templates.py took 0.068 seconds
[2026-05-04T01:25:28.777+0300] {processor.py:186} INFO - Started process (PID=18426) to work on /home/nikita/airflow-setup/ENV/lib/python3.12/site-packages/airflow/example_dags/tutorial_taskflow_templates.py
[2026-05-04T01:25:28.786+0300] {processor.py:914} INFO - Processing file /home/nikita/airflow-setup/ENV/lib/python3.12/site-packages/airflow/example_dags/tutorial_taskflow_templates.py for tasks to queue
[2026-05-04T01:25:28.787+0300] {logging_mixin.py:190} INFO - [2026-05-04T01:25:28.787+0300] {dagbag.py:588} INFO - Filling up the DagBag from /home/nikita/airflow-setup/ENV/lib/python3.12/site-packages/airflow/example_dags/tutorial_taskflow_templates.py
[2026-05-04T01:25:28.797+0300] {processor.py:925} INFO - DAG(s) 'tutorial_taskflow_templates' retrieved from /home/nikita/airflow-setup/ENV/lib/python3.12/site-packages/airflow/example_dags/tutorial_taskflow_templates.py
[2026-05-04T01:25:28.809+0300] {logging_mixin.py:190} INFO - [2026-05-04T01:25:28.809+0300] {dag.py:3239} INFO - Sync 1 DAGs
[2026-05-04T01:25:28.824+0300] {logging_mixin.py:190} INFO - [2026-05-04T01:25:28.824+0300] {dag.py:4180} INFO - Setting next_dagrun for tutorial_taskflow_templates to 2026-05-02 00:00:00+00:00, run_after=2026-05-03 00:00:00+00:00
[2026-05-04T01:25:28.841+0300] {processor.py:208} INFO - Processing /home/nikita/airflow-setup/ENV/lib/python3.12/site-packages/airflow/example_dags/tutorial_taskflow_templates.py took 0.068 seconds
[2026-05-04T01:26:39.809+0300] {processor.py:186} INFO - Started process (PID=19363) to work on /home/nikita/airflow-setup/ENV/lib/python3.12/site-packages/airflow/example_dags/tutorial_taskflow_templates.py
[2026-05-04T01:26:39.810+0300] {processor.py:914} INFO - Processing file /home/nikita/airflow-setup/ENV/lib/python3.12/site-packages/airflow/example_dags/tutorial_taskflow_templates.py for tasks to queue
[2026-05-04T01:26:39.811+0300] {logging_mixin.py:190} INFO - [2026-05-04T01:26:39.811+0300] {dagbag.py:588} INFO - Filling up the DagBag from /home/nikita/airflow-setup/ENV/lib/python3.12/site-packages/airflow/example_dags/tutorial_taskflow_templates.py
[2026-05-04T01:26:39.823+0300] {processor.py:925} INFO - DAG(s) 'tutorial_taskflow_templates' retrieved from /home/nikita/airflow-setup/ENV/lib/python3.12/site-packages/airflow/example_dags/tutorial_taskflow_templates.py
[2026-05-04T01:26:39.836+0300] {logging_mixin.py:190} INFO - [2026-05-04T01:26:39.836+0300] {dag.py:3239} INFO - Sync 1 DAGs
[2026-05-04T01:26:39.852+0300] {logging_mixin.py:190} INFO - [2026-05-04T01:26:39.852+0300] {dag.py:4180} INFO - Setting next_dagrun for tutorial_taskflow_templates to 2026-05-02 00:00:00+00:00, run_after=2026-05-03 00:00:00+00:00
[2026-05-04T01:26:39.869+0300] {processor.py:208} INFO - Processing /home/nikita/airflow-setup/ENV/lib/python3.12/site-packages/airflow/example_dags/tutorial_taskflow_templates.py took 0.066 seconds
[2026-05-04T01:27:49.586+0300] {processor.py:186} INFO - Started process (PID=19626) to work on /home/nikita/airflow-setup/ENV/lib/python3.12/site-packages/airflow/example_dags/tutorial_taskflow_templates.py
[2026-05-04T01:27:49.596+0300] {processor.py:914} INFO - Processing file /home/nikita/airflow-setup/ENV/lib/python3.12/site-packages/airflow/example_dags/tutorial_taskflow_templates.py for tasks to queue
[2026-05-04T01:27:49.598+0300] {logging_mixin.py:190} INFO - [2026-05-04T01:27:49.597+0300] {dagbag.py:588} INFO - Filling up the DagBag from /home/nikita/airflow-setup/ENV/lib/python3.12/site-packages/airflow/example_dags/tutorial_taskflow_templates.py
[2026-05-04T01:27:49.608+0300] {processor.py:925} INFO - DAG(s) 'tutorial_taskflow_templates' retrieved from /home/nikita/airflow-setup/ENV/lib/python3.12/site-packages/airflow/example_dags/tutorial_taskflow_templates.py
[2026-05-04T01:27:49.619+0300] {logging_mixin.py:190} INFO - [2026-05-04T01:27:49.619+0300] {dag.py:3239} INFO - Sync 1 DAGs
[2026-05-04T01:27:49.759+0300] {logging_mixin.py:190} INFO - [2026-05-04T01:27:49.759+0300] {dag.py:4180} INFO - Setting next_dagrun for tutorial_taskflow_templates to 2026-05-02 00:00:00+00:00, run_after=2026-05-03 00:00:00+00:00
[2026-05-04T01:27:49.775+0300] {processor.py:208} INFO - Processing /home/nikita/airflow-setup/ENV/lib/python3.12/site-packages/airflow/example_dags/tutorial_taskflow_templates.py took 0.193 seconds
[2026-05-04T01:29:00.728+0300] {processor.py:186} INFO - Started process (PID=19902) to work on /home/nikita/airflow-setup/ENV/lib/python3.12/site-packages/airflow/example_dags/tutorial_taskflow_templates.py
[2026-05-04T01:29:00.737+0300] {processor.py:914} INFO - Processing file /home/nikita/airflow-setup/ENV/lib/python3.12/site-packages/airflow/example_dags/tutorial_taskflow_templates.py for tasks to queue
[2026-05-04T01:29:00.738+0300] {logging_mixin.py:190} INFO - [2026-05-04T01:29:00.738+0300] {dagbag.py:588} INFO - Filling up the DagBag from /home/nikita/airflow-setup/ENV/lib/python3.12/site-packages/airflow/example_dags/tutorial_taskflow_templates.py
[2026-05-04T01:29:00.748+0300] {processor.py:925} INFO - DAG(s) 'tutorial_taskflow_templates' retrieved from /home/nikita/airflow-setup/ENV/lib/python3.12/site-packages/airflow/example_dags/tutorial_taskflow_templates.py
[2026-05-04T01:29:00.760+0300] {logging_mixin.py:190} INFO - [2026-05-04T01:29:00.760+0300] {dag.py:3239} INFO - Sync 1 DAGs
[2026-05-04T01:29:00.776+0300] {logging_mixin.py:190} INFO - [2026-05-04T01:29:00.776+0300] {dag.py:4180} INFO - Setting next_dagrun for tutorial_taskflow_templates to 2026-05-02 00:00:00+00:00, run_after=2026-05-03 00:00:00+00:00
[2026-05-04T01:29:00.793+0300] {processor.py:208} INFO - Processing /home/nikita/airflow-setup/ENV/lib/python3.12/site-packages/airflow/example_dags/tutorial_taskflow_templates.py took 0.070 seconds
[2026-05-04T01:30:12.511+0300] {processor.py:186} INFO - Started process (PID=20168) to work on /home/nikita/airflow-setup/ENV/lib/python3.12/site-packages/airflow/example_dags/tutorial_taskflow_templates.py
[2026-05-04T01:30:12.519+0300] {processor.py:914} INFO - Processing file /home/nikita/airflow-setup/ENV/lib/python3.12/site-packages/airflow/example_dags/tutorial_taskflow_templates.py for tasks to queue
[2026-05-04T01:30:12.521+0300] {logging_mixin.py:190} INFO - [2026-05-04T01:30:12.521+0300] {dagbag.py:588} INFO - Filling up the DagBag from /home/nikita/airflow-setup/ENV/lib/python3.12/site-packages/airflow/example_dags/tutorial_taskflow_templates.py
[2026-05-04T01:30:12.536+0300] {processor.py:925} INFO - DAG(s) 'tutorial_taskflow_templates' retrieved from /home/nikita/airflow-setup/ENV/lib/python3.12/site-packages/airflow/example_dags/tutorial_taskflow_templates.py
[2026-05-04T01:30:12.554+0300] {logging_mixin.py:190} INFO - [2026-05-04T01:30:12.553+0300] {dag.py:3239} INFO - Sync 1 DAGs
[2026-05-04T01:30:12.576+0300] {logging_mixin.py:190} INFO - [2026-05-04T01:30:12.575+0300] {dag.py:4180} INFO - Setting next_dagrun for tutorial_taskflow_templates to 2026-05-02 00:00:00+00:00, run_after=2026-05-03 00:00:00+00:00
[2026-05-04T01:30:12.597+0300] {processor.py:208} INFO - Processing /home/nikita/airflow-setup/ENV/lib/python3.12/site-packages/airflow/example_dags/tutorial_taskflow_templates.py took 0.091 seconds
[2026-05-04T01:31:26.172+0300] {processor.py:186} INFO - Started process (PID=20442) to work on /home/nikita/airflow-setup/ENV/lib/python3.12/site-packages/airflow/example_dags/tutorial_taskflow_templates.py
[2026-05-04T01:31:26.181+0300] {processor.py:914} INFO - Processing file /home/nikita/airflow-setup/ENV/lib/python3.12/site-packages/airflow/example_dags/tutorial_taskflow_templates.py for tasks to queue
[2026-05-04T01:31:26.182+0300] {logging_mixin.py:190} INFO - [2026-05-04T01:31:26.182+0300] {dagbag.py:588} INFO - Filling up the DagBag from /home/nikita/airflow-setup/ENV/lib/python3.12/site-packages/airflow/example_dags/tutorial_taskflow_templates.py
[2026-05-04T01:31:26.195+0300] {processor.py:925} INFO - DAG(s) 'tutorial_taskflow_templates' retrieved from /home/nikita/airflow-setup/ENV/lib/python3.12/site-packages/airflow/example_dags/tutorial_taskflow_templates.py
[2026-05-04T01:31:26.209+0300] {logging_mixin.py:190} INFO - [2026-05-04T01:31:26.209+0300] {dag.py:3239} INFO - Sync 1 DAGs
[2026-05-04T01:31:26.344+0300] {logging_mixin.py:190} INFO - [2026-05-04T01:31:26.344+0300] {dag.py:4180} INFO - Setting next_dagrun for tutorial_taskflow_templates to 2026-05-02 00:00:00+00:00, run_after=2026-05-03 00:00:00+00:00
[2026-05-04T01:31:26.360+0300] {processor.py:208} INFO - Processing /home/nikita/airflow-setup/ENV/lib/python3.12/site-packages/airflow/example_dags/tutorial_taskflow_templates.py took 0.193 seconds
[2026-05-04T01:32:44.431+0300] {processor.py:186} INFO - Started process (PID=20854) to work on /home/nikita/airflow-setup/ENV/lib/python3.12/site-packages/airflow/example_dags/tutorial_taskflow_templates.py
[2026-05-04T01:32:44.433+0300] {processor.py:914} INFO - Processing file /home/nikita/airflow-setup/ENV/lib/python3.12/site-packages/airflow/example_dags/tutorial_taskflow_templates.py for tasks to queue
[2026-05-04T01:32:44.434+0300] {logging_mixin.py:190} INFO - [2026-05-04T01:32:44.434+0300] {dagbag.py:588} INFO - Filling up the DagBag from /home/nikita/airflow-setup/ENV/lib/python3.12/site-packages/airflow/example_dags/tutorial_taskflow_templates.py
[2026-05-04T01:32:44.451+0300] {processor.py:925} INFO - DAG(s) 'tutorial_taskflow_templates' retrieved from /home/nikita/airflow-setup/ENV/lib/python3.12/site-packages/airflow/example_dags/tutorial_taskflow_templates.py
[2026-05-04T01:32:44.470+0300] {logging_mixin.py:190} INFO - [2026-05-04T01:32:44.469+0300] {dag.py:3239} INFO - Sync 1 DAGs
[2026-05-04T01:32:44.492+0300] {logging_mixin.py:190} INFO - [2026-05-04T01:32:44.492+0300] {dag.py:4180} INFO - Setting next_dagrun for tutorial_taskflow_templates to 2026-05-02 00:00:00+00:00, run_after=2026-05-03 00:00:00+00:00
[2026-05-04T01:32:44.514+0300] {processor.py:208} INFO - Processing /home/nikita/airflow-setup/ENV/lib/python3.12/site-packages/airflow/example_dags/tutorial_taskflow_templates.py took 0.090 seconds
[2026-05-04T01:33:50.238+0300] {processor.py:186} INFO - Started process (PID=21260) to work on /home/nikita/airflow-setup/ENV/lib/python3.12/site-packages/airflow/example_dags/tutorial_taskflow_templates.py
[2026-05-04T01:33:50.240+0300] {processor.py:914} INFO - Processing file /home/nikita/airflow-setup/ENV/lib/python3.12/site-packages/airflow/example_dags/tutorial_taskflow_templates.py for tasks to queue
[2026-05-04T01:33:50.241+0300] {logging_mixin.py:190} INFO - [2026-05-04T01:33:50.241+0300] {dagbag.py:588} INFO - Filling up the DagBag from /home/nikita/airflow-setup/ENV/lib/python3.12/site-packages/airflow/example_dags/tutorial_taskflow_templates.py
[2026-05-04T01:33:50.252+0300] {processor.py:925} INFO - DAG(s) 'tutorial_taskflow_templates' retrieved from /home/nikita/airflow-setup/ENV/lib/python3.12/site-packages/airflow/example_dags/tutorial_taskflow_templates.py
[2026-05-04T01:33:50.265+0300] {logging_mixin.py:190} INFO - [2026-05-04T01:33:50.265+0300] {dag.py:3239} INFO - Sync 1 DAGs
[2026-05-04T01:33:50.283+0300] {logging_mixin.py:190} INFO - [2026-05-04T01:33:50.282+0300] {dag.py:4180} INFO - Setting next_dagrun for tutorial_taskflow_templates to 2026-05-02 00:00:00+00:00, run_after=2026-05-03 00:00:00+00:00
[2026-05-04T01:33:50.300+0300] {processor.py:208} INFO - Processing /home/nikita/airflow-setup/ENV/lib/python3.12/site-packages/airflow/example_dags/tutorial_taskflow_templates.py took 0.067 seconds
[2026-05-04T01:34:54.282+0300] {processor.py:186} INFO - Started process (PID=21498) to work on /home/nikita/airflow-setup/ENV/lib/python3.12/site-packages/airflow/example_dags/tutorial_taskflow_templates.py
[2026-05-04T01:34:54.291+0300] {processor.py:914} INFO - Processing file /home/nikita/airflow-setup/ENV/lib/python3.12/site-packages/airflow/example_dags/tutorial_taskflow_templates.py for tasks to queue
[2026-05-04T01:34:54.292+0300] {logging_mixin.py:190} INFO - [2026-05-04T01:34:54.292+0300] {dagbag.py:588} INFO - Filling up the DagBag from /home/nikita/airflow-setup/ENV/lib/python3.12/site-packages/airflow/example_dags/tutorial_taskflow_templates.py
[2026-05-04T01:34:54.301+0300] {processor.py:925} INFO - DAG(s) 'tutorial_taskflow_templates' retrieved from /home/nikita/airflow-setup/ENV/lib/python3.12/site-packages/airflow/example_dags/tutorial_taskflow_templates.py
[2026-05-04T01:34:54.314+0300] {logging_mixin.py:190} INFO - [2026-05-04T01:34:54.314+0300] {dag.py:3239} INFO - Sync 1 DAGs
[2026-05-04T01:34:54.329+0300] {logging_mixin.py:190} INFO - [2026-05-04T01:34:54.329+0300] {dag.py:4180} INFO - Setting next_dagrun for tutorial_taskflow_templates to 2026-05-02 00:00:00+00:00, run_after=2026-05-03 00:00:00+00:00
[2026-05-04T01:34:54.345+0300] {processor.py:208} INFO - Processing /home/nikita/airflow-setup/ENV/lib/python3.12/site-packages/airflow/example_dags/tutorial_taskflow_templates.py took 0.067 seconds
[2026-05-04T01:35:54.686+0300] {processor.py:186} INFO - Started process (PID=21741) to work on /home/nikita/airflow-setup/ENV/lib/python3.12/site-packages/airflow/example_dags/tutorial_taskflow_templates.py
[2026-05-04T01:35:54.696+0300] {processor.py:914} INFO - Processing file /home/nikita/airflow-setup/ENV/lib/python3.12/site-packages/airflow/example_dags/tutorial_taskflow_templates.py for tasks to queue
[2026-05-04T01:35:54.697+0300] {logging_mixin.py:190} INFO - [2026-05-04T01:35:54.697+0300] {dagbag.py:588} INFO - Filling up the DagBag from /home/nikita/airflow-setup/ENV/lib/python3.12/site-packages/airflow/example_dags/tutorial_taskflow_templates.py
[2026-05-04T01:35:54.707+0300] {processor.py:925} INFO - DAG(s) 'tutorial_taskflow_templates' retrieved from /home/nikita/airflow-setup/ENV/lib/python3.12/site-packages/airflow/example_dags/tutorial_taskflow_templates.py
[2026-05-04T01:35:54.719+0300] {logging_mixin.py:190} INFO - [2026-05-04T01:35:54.719+0300] {dag.py:3239} INFO - Sync 1 DAGs
[2026-05-04T01:35:55.288+0300] {logging_mixin.py:190} INFO - [2026-05-04T01:35:55.287+0300] {dag.py:4180} INFO - Setting next_dagrun for tutorial_taskflow_templates to 2026-05-02 00:00:00+00:00, run_after=2026-05-03 00:00:00+00:00
[2026-05-04T01:35:55.303+0300] {processor.py:208} INFO - Processing /home/nikita/airflow-setup/ENV/lib/python3.12/site-packages/airflow/example_dags/tutorial_taskflow_templates.py took 0.068 seconds
