[2026-05-04T00:46:01.641+0300] {processor.py:186} INFO - Started process (PID=5960) to work on /home/nikita/airflow-setup/ENV/lib/python3.12/site-packages/airflow/example_dags/tutorial_taskflow_api_virtualenv.py
[2026-05-04T00:46:01.642+0300] {processor.py:914} INFO - Processing file /home/nikita/airflow-setup/ENV/lib/python3.12/site-packages/airflow/example_dags/tutorial_taskflow_api_virtualenv.py for tasks to queue
[2026-05-04T00:46:01.645+0300] {logging_mixin.py:190} INFO - [2026-05-04T00:46:01.644+0300] {dagbag.py:588} INFO - Filling up the DagBag from /home/nikita/airflow-setup/ENV/lib/python3.12/site-packages/airflow/example_dags/tutorial_taskflow_api_virtualenv.py
[2026-05-04T00:46:01.663+0300] {logging_mixin.py:190} INFO - [2026-05-04T00:46:01.663+0300] {tutorial_taskflow_api_virtualenv.py:29} WARNING - The tutorial_taskflow_api_virtualenv example DAG requires virtualenv, please install it.
[2026-05-04T00:46:01.664+0300] {processor.py:927} WARNING - No viable dags retrieved from /home/nikita/airflow-setup/ENV/lib/python3.12/site-packages/airflow/example_dags/tutorial_taskflow_api_virtualenv.py
[2026-05-04T00:46:01.676+0300] {processor.py:208} INFO - Processing /home/nikita/airflow-setup/ENV/lib/python3.12/site-packages/airflow/example_dags/tutorial_taskflow_api_virtualenv.py took 0.045 seconds
[2026-05-04T00:47:05.604+0300] {processor.py:186} INFO - Started process (PID=6017) to work on /home/nikita/airflow-setup/ENV/lib/python3.12/site-packages/airflow/example_dags/tutorial_taskflow_api_virtualenv.py
[2026-05-04T00:47:05.612+0300] {processor.py:914} INFO - Processing file /home/nikita/airflow-setup/ENV/lib/python3.12/site-packages/airflow/example_dags/tutorial_taskflow_api_virtualenv.py for tasks to queue
[2026-05-04T00:47:05.614+0300] {logging_mixin.py:190} INFO - [2026-05-04T00:47:05.614+0300] {dagbag.py:588} INFO - Filling up the DagBag from /home/nikita/airflow-setup/ENV/lib/python3.12/site-packages/airflow/example_dags/tutorial_taskflow_api_virtualenv.py
[2026-05-04T00:47:05.624+0300] {logging_mixin.py:190} INFO - [2026-05-04T00:47:05.624+0300] {tutorial_taskflow_api_virtualenv.py:29} WARNING - The tutorial_taskflow_api_virtualenv example DAG requires virtualenv, please install it.
[2026-05-04T00:47:05.624+0300] {processor.py:927} WARNING - No viable dags retrieved from /home/nikita/airflow-setup/ENV/lib/python3.12/site-packages/airflow/example_dags/tutorial_taskflow_api_virtualenv.py
[2026-05-04T00:47:05.631+0300] {processor.py:208} INFO - Processing /home/nikita/airflow-setup/ENV/lib/python3.12/site-packages/airflow/example_dags/tutorial_taskflow_api_virtualenv.py took 0.032 seconds
[2026-05-04T00:48:05.577+0300] {processor.py:186} INFO - Started process (PID=6092) to work on /home/nikita/airflow-setup/ENV/lib/python3.12/site-packages/airflow/example_dags/tutorial_taskflow_api_virtualenv.py
[2026-05-04T00:48:05.586+0300] {processor.py:914} INFO - Processing file /home/nikita/airflow-setup/ENV/lib/python3.12/site-packages/airflow/example_dags/tutorial_taskflow_api_virtualenv.py for tasks to queue
[2026-05-04T00:48:05.588+0300] {logging_mixin.py:190} INFO - [2026-05-04T00:48:05.588+0300] {dagbag.py:588} INFO - Filling up the DagBag from /home/nikita/airflow-setup/ENV/lib/python3.12/site-packages/airflow/example_dags/tutorial_taskflow_api_virtualenv.py
[2026-05-04T00:48:05.604+0300] {logging_mixin.py:190} INFO - [2026-05-04T00:48:05.603+0300] {tutorial_taskflow_api_virtualenv.py:29} WARNING - The tutorial_taskflow_api_virtualenv example DAG requires virtualenv, please install it.
[2026-05-04T00:48:05.604+0300] {processor.py:927} WARNING - No viable dags retrieved from /home/nikita/airflow-setup/ENV/lib/python3.12/site-packages/airflow/example_dags/tutorial_taskflow_api_virtualenv.py
[2026-05-04T00:48:05.613+0300] {processor.py:208} INFO - Processing /home/nikita/airflow-setup/ENV/lib/python3.12/site-packages/airflow/example_dags/tutorial_taskflow_api_virtualenv.py took 0.040 seconds
[2026-05-04T00:49:05.157+0300] {processor.py:186} INFO - Started process (PID=6150) to work on /home/nikita/airflow-setup/ENV/lib/python3.12/site-packages/airflow/example_dags/tutorial_taskflow_api_virtualenv.py
[2026-05-04T00:49:05.159+0300] {processor.py:914} INFO - Processing file /home/nikita/airflow-setup/ENV/lib/python3.12/site-packages/airflow/example_dags/tutorial_taskflow_api_virtualenv.py for tasks to queue
[2026-05-04T00:49:05.160+0300] {logging_mixin.py:190} INFO - [2026-05-04T00:49:05.160+0300] {dagbag.py:588} INFO - Filling up the DagBag from /home/nikita/airflow-setup/ENV/lib/python3.12/site-packages/airflow/example_dags/tutorial_taskflow_api_virtualenv.py
[2026-05-04T00:49:05.176+0300] {logging_mixin.py:190} INFO - [2026-05-04T00:49:05.176+0300] {tutorial_taskflow_api_virtualenv.py:29} WARNING - The tutorial_taskflow_api_virtualenv example DAG requires virtualenv, please install it.
[2026-05-04T00:49:05.176+0300] {processor.py:927} WARNING - No viable dags retrieved from /home/nikita/airflow-setup/ENV/lib/python3.12/site-packages/airflow/example_dags/tutorial_taskflow_api_virtualenv.py
[2026-05-04T00:49:05.183+0300] {processor.py:208} INFO - Processing /home/nikita/airflow-setup/ENV/lib/python3.12/site-packages/airflow/example_dags/tutorial_taskflow_api_virtualenv.py took 0.030 seconds
[2026-05-04T00:50:01.547+0300] {processor.py:186} INFO - Started process (PID=6211) to work on /home/nikita/airflow-setup/ENV/lib/python3.12/site-packages/airflow/example_dags/tutorial_taskflow_api_virtualenv.py
[2026-05-04T00:50:01.549+0300] {processor.py:914} INFO - Processing file /home/nikita/airflow-setup/ENV/lib/python3.12/site-packages/airflow/example_dags/tutorial_taskflow_api_virtualenv.py for tasks to queue
[2026-05-04T00:50:01.551+0300] {logging_mixin.py:190} INFO - [2026-05-04T00:50:01.550+0300] {dagbag.py:588} INFO - Filling up the DagBag from /home/nikita/airflow-setup/ENV/lib/python3.12/site-packages/airflow/example_dags/tutorial_taskflow_api_virtualenv.py
[2026-05-04T00:50:01.563+0300] {logging_mixin.py:190} INFO - [2026-05-04T00:50:01.563+0300] {tutorial_taskflow_api_virtualenv.py:29} WARNING - The tutorial_taskflow_api_virtualenv example DAG requires virtualenv, please install it.
[2026-05-04T00:50:01.563+0300] {processor.py:927} WARNING - No viable dags retrieved from /home/nikita/airflow-setup/ENV/lib/python3.12/site-packages/airflow/example_dags/tutorial_taskflow_api_virtualenv.py
[2026-05-04T00:50:01.570+0300] {processor.py:208} INFO - Processing /home/nikita/airflow-setup/ENV/lib/python3.12/site-packages/airflow/example_dags/tutorial_taskflow_api_virtualenv.py took 0.027 seconds
[2026-05-04T00:50:56.761+0300] {processor.py:186} INFO - Started process (PID=6286) to work on /home/nikita/airflow-setup/ENV/lib/python3.12/site-packages/airflow/example_dags/tutorial_taskflow_api_virtualenv.py
[2026-05-04T00:50:56.770+0300] {processor.py:914} INFO - Processing file /home/nikita/airflow-setup/ENV/lib/python3.12/site-packages/airflow/example_dags/tutorial_taskflow_api_virtualenv.py for tasks to queue
[2026-05-04T00:50:56.772+0300] {logging_mixin.py:190} INFO - [2026-05-04T00:50:56.771+0300] {dagbag.py:588} INFO - Filling up the DagBag from /home/nikita/airflow-setup/ENV/lib/python3.12/site-packages/airflow/example_dags/tutorial_taskflow_api_virtualenv.py
[2026-05-04T00:50:56.784+0300] {logging_mixin.py:190} INFO - [2026-05-04T00:50:56.784+0300] {tutorial_taskflow_api_virtualenv.py:29} WARNING - The tutorial_taskflow_api_virtualenv example DAG requires virtualenv, please install it.
[2026-05-04T00:50:56.784+0300] {processor.py:927} WARNING - No viable dags retrieved from /home/nikita/airflow-setup/ENV/lib/python3.12/site-packages/airflow/example_dags/tutorial_taskflow_api_virtualenv.py
[2026-05-04T00:50:56.792+0300] {processor.py:208} INFO - Processing /home/nikita/airflow-setup/ENV/lib/python3.12/site-packages/airflow/example_dags/tutorial_taskflow_api_virtualenv.py took 0.035 seconds
[2026-05-04T00:51:51.480+0300] {processor.py:186} INFO - Started process (PID=6339) to work on /home/nikita/airflow-setup/ENV/lib/python3.12/site-packages/airflow/example_dags/tutorial_taskflow_api_virtualenv.py
[2026-05-04T00:51:51.482+0300] {processor.py:914} INFO - Processing file /home/nikita/airflow-setup/ENV/lib/python3.12/site-packages/airflow/example_dags/tutorial_taskflow_api_virtualenv.py for tasks to queue
[2026-05-04T00:51:51.484+0300] {logging_mixin.py:190} INFO - [2026-05-04T00:51:51.484+0300] {dagbag.py:588} INFO - Filling up the DagBag from /home/nikita/airflow-setup/ENV/lib/python3.12/site-packages/airflow/example_dags/tutorial_taskflow_api_virtualenv.py
[2026-05-04T00:51:51.497+0300] {logging_mixin.py:190} INFO - [2026-05-04T00:51:51.497+0300] {tutorial_taskflow_api_virtualenv.py:29} WARNING - The tutorial_taskflow_api_virtualenv example DAG requires virtualenv, please install it.
[2026-05-04T00:51:51.497+0300] {processor.py:927} WARNING - No viable dags retrieved from /home/nikita/airflow-setup/ENV/lib/python3.12/site-packages/airflow/example_dags/tutorial_taskflow_api_virtualenv.py
[2026-05-04T00:51:51.505+0300] {processor.py:208} INFO - Processing /home/nikita/airflow-setup/ENV/lib/python3.12/site-packages/airflow/example_dags/tutorial_taskflow_api_virtualenv.py took 0.030 seconds
[2026-05-04T00:52:52.470+0300] {processor.py:186} INFO - Started process (PID=6396) to work on /home/nikita/airflow-setup/ENV/lib/python3.12/site-packages/airflow/example_dags/tutorial_taskflow_api_virtualenv.py
[2026-05-04T00:52:52.472+0300] {processor.py:914} INFO - Processing file /home/nikita/airflow-setup/ENV/lib/python3.12/site-packages/airflow/example_dags/tutorial_taskflow_api_virtualenv.py for tasks to queue
[2026-05-04T00:52:52.474+0300] {logging_mixin.py:190} INFO - [2026-05-04T00:52:52.473+0300] {dagbag.py:588} INFO - Filling up the DagBag from /home/nikita/airflow-setup/ENV/lib/python3.12/site-packages/airflow/example_dags/tutorial_taskflow_api_virtualenv.py
[2026-05-04T00:52:52.490+0300] {logging_mixin.py:190} INFO - [2026-05-04T00:52:52.490+0300] {tutorial_taskflow_api_virtualenv.py:29} WARNING - The tutorial_taskflow_api_virtualenv example DAG requires virtualenv, please install it.
[2026-05-04T00:52:52.491+0300] {processor.py:927} WARNING - No viable dags retrieved from /home/nikita/airflow-setup/ENV/lib/python3.12/site-packages/airflow/example_dags/tutorial_taskflow_api_virtualenv.py
[2026-05-04T00:52:52.500+0300] {processor.py:208} INFO - Processing /home/nikita/airflow-setup/ENV/lib/python3.12/site-packages/airflow/example_dags/tutorial_taskflow_api_virtualenv.py took 0.035 seconds
[2026-05-04T00:53:55.302+0300] {processor.py:186} INFO - Started process (PID=6476) to work on /home/nikita/airflow-setup/ENV/lib/python3.12/site-packages/airflow/example_dags/tutorial_taskflow_api_virtualenv.py
[2026-05-04T00:53:55.306+0300] {processor.py:914} INFO - Processing file /home/nikita/airflow-setup/ENV/lib/python3.12/site-packages/airflow/example_dags/tutorial_taskflow_api_virtualenv.py for tasks to queue
[2026-05-04T00:53:55.310+0300] {logging_mixin.py:190} INFO - [2026-05-04T00:53:55.310+0300] {dagbag.py:588} INFO - Filling up the DagBag from /home/nikita/airflow-setup/ENV/lib/python3.12/site-packages/airflow/example_dags/tutorial_taskflow_api_virtualenv.py
[2026-05-04T00:53:55.344+0300] {logging_mixin.py:190} INFO - [2026-05-04T00:53:55.343+0300] {tutorial_taskflow_api_virtualenv.py:29} WARNING - The tutorial_taskflow_api_virtualenv example DAG requires virtualenv, please install it.
[2026-05-04T00:53:55.344+0300] {processor.py:927} WARNING - No viable dags retrieved from /home/nikita/airflow-setup/ENV/lib/python3.12/site-packages/airflow/example_dags/tutorial_taskflow_api_virtualenv.py
[2026-05-04T00:53:55.362+0300] {processor.py:208} INFO - Processing /home/nikita/airflow-setup/ENV/lib/python3.12/site-packages/airflow/example_dags/tutorial_taskflow_api_virtualenv.py took 0.072 seconds
[2026-05-04T00:54:57.168+0300] {processor.py:186} INFO - Started process (PID=6543) to work on /home/nikita/airflow-setup/ENV/lib/python3.12/site-packages/airflow/example_dags/tutorial_taskflow_api_virtualenv.py
[2026-05-04T00:54:57.177+0300] {processor.py:914} INFO - Processing file /home/nikita/airflow-setup/ENV/lib/python3.12/site-packages/airflow/example_dags/tutorial_taskflow_api_virtualenv.py for tasks to queue
[2026-05-04T00:54:57.179+0300] {logging_mixin.py:190} INFO - [2026-05-04T00:54:57.179+0300] {dagbag.py:588} INFO - Filling up the DagBag from /home/nikita/airflow-setup/ENV/lib/python3.12/site-packages/airflow/example_dags/tutorial_taskflow_api_virtualenv.py
[2026-05-04T00:54:57.193+0300] {logging_mixin.py:190} INFO - [2026-05-04T00:54:57.193+0300] {tutorial_taskflow_api_virtualenv.py:29} WARNING - The tutorial_taskflow_api_virtualenv example DAG requires virtualenv, please install it.
[2026-05-04T00:54:57.193+0300] {processor.py:927} WARNING - No viable dags retrieved from /home/nikita/airflow-setup/ENV/lib/python3.12/site-packages/airflow/example_dags/tutorial_taskflow_api_virtualenv.py
[2026-05-04T00:54:57.205+0300] {processor.py:208} INFO - Processing /home/nikita/airflow-setup/ENV/lib/python3.12/site-packages/airflow/example_dags/tutorial_taskflow_api_virtualenv.py took 0.041 seconds
[2026-05-04T00:55:58.845+0300] {processor.py:186} INFO - Started process (PID=6603) to work on /home/nikita/airflow-setup/ENV/lib/python3.12/site-packages/airflow/example_dags/tutorial_taskflow_api_virtualenv.py
[2026-05-04T00:55:58.854+0300] {processor.py:914} INFO - Processing file /home/nikita/airflow-setup/ENV/lib/python3.12/site-packages/airflow/example_dags/tutorial_taskflow_api_virtualenv.py for tasks to queue
[2026-05-04T00:55:58.856+0300] {logging_mixin.py:190} INFO - [2026-05-04T00:55:58.856+0300] {dagbag.py:588} INFO - Filling up the DagBag from /home/nikita/airflow-setup/ENV/lib/python3.12/site-packages/airflow/example_dags/tutorial_taskflow_api_virtualenv.py
[2026-05-04T00:55:58.869+0300] {logging_mixin.py:190} INFO - [2026-05-04T00:55:58.869+0300] {tutorial_taskflow_api_virtualenv.py:29} WARNING - The tutorial_taskflow_api_virtualenv example DAG requires virtualenv, please install it.
[2026-05-04T00:55:58.870+0300] {processor.py:927} WARNING - No viable dags retrieved from /home/nikita/airflow-setup/ENV/lib/python3.12/site-packages/airflow/example_dags/tutorial_taskflow_api_virtualenv.py
[2026-05-04T00:55:58.878+0300] {processor.py:208} INFO - Processing /home/nikita/airflow-setup/ENV/lib/python3.12/site-packages/airflow/example_dags/tutorial_taskflow_api_virtualenv.py took 0.038 seconds
[2026-05-04T00:56:58.118+0300] {processor.py:186} INFO - Started process (PID=6878) to work on /home/nikita/airflow-setup/ENV/lib/python3.12/site-packages/airflow/example_dags/tutorial_taskflow_api_virtualenv.py
[2026-05-04T00:56:58.120+0300] {processor.py:914} INFO - Processing file /home/nikita/airflow-setup/ENV/lib/python3.12/site-packages/airflow/example_dags/tutorial_taskflow_api_virtualenv.py for tasks to queue
[2026-05-04T00:56:58.122+0300] {logging_mixin.py:190} INFO - [2026-05-04T00:56:58.122+0300] {dagbag.py:588} INFO - Filling up the DagBag from /home/nikita/airflow-setup/ENV/lib/python3.12/site-packages/airflow/example_dags/tutorial_taskflow_api_virtualenv.py
[2026-05-04T00:56:58.138+0300] {logging_mixin.py:190} INFO - [2026-05-04T00:56:58.137+0300] {tutorial_taskflow_api_virtualenv.py:29} WARNING - The tutorial_taskflow_api_virtualenv example DAG requires virtualenv, please install it.
[2026-05-04T00:56:58.138+0300] {processor.py:927} WARNING - No viable dags retrieved from /home/nikita/airflow-setup/ENV/lib/python3.12/site-packages/airflow/example_dags/tutorial_taskflow_api_virtualenv.py
[2026-05-04T00:56:58.151+0300] {processor.py:208} INFO - Processing /home/nikita/airflow-setup/ENV/lib/python3.12/site-packages/airflow/example_dags/tutorial_taskflow_api_virtualenv.py took 0.040 seconds
[2026-05-04T00:57:59.718+0300] {processor.py:186} INFO - Started process (PID=7181) to work on /home/nikita/airflow-setup/ENV/lib/python3.12/site-packages/airflow/example_dags/tutorial_taskflow_api_virtualenv.py
[2026-05-04T00:57:59.720+0300] {processor.py:914} INFO - Processing file /home/nikita/airflow-setup/ENV/lib/python3.12/site-packages/airflow/example_dags/tutorial_taskflow_api_virtualenv.py for tasks to queue
[2026-05-04T00:57:59.722+0300] {logging_mixin.py:190} INFO - [2026-05-04T00:57:59.721+0300] {dagbag.py:588} INFO - Filling up the DagBag from /home/nikita/airflow-setup/ENV/lib/python3.12/site-packages/airflow/example_dags/tutorial_taskflow_api_virtualenv.py
[2026-05-04T00:57:59.733+0300] {logging_mixin.py:190} INFO - [2026-05-04T00:57:59.733+0300] {tutorial_taskflow_api_virtualenv.py:29} WARNING - The tutorial_taskflow_api_virtualenv example DAG requires virtualenv, please install it.
[2026-05-04T00:57:59.733+0300] {processor.py:927} WARNING - No viable dags retrieved from /home/nikita/airflow-setup/ENV/lib/python3.12/site-packages/airflow/example_dags/tutorial_taskflow_api_virtualenv.py
[2026-05-04T00:57:59.741+0300] {processor.py:208} INFO - Processing /home/nikita/airflow-setup/ENV/lib/python3.12/site-packages/airflow/example_dags/tutorial_taskflow_api_virtualenv.py took 0.028 seconds
[2026-05-04T00:58:56.298+0300] {processor.py:186} INFO - Started process (PID=7401) to work on /home/nikita/airflow-setup/ENV/lib/python3.12/site-packages/airflow/example_dags/tutorial_taskflow_api_virtualenv.py
[2026-05-04T00:58:56.307+0300] {processor.py:914} INFO - Processing file /home/nikita/airflow-setup/ENV/lib/python3.12/site-packages/airflow/example_dags/tutorial_taskflow_api_virtualenv.py for tasks to queue
[2026-05-04T00:58:56.309+0300] {logging_mixin.py:190} INFO - [2026-05-04T00:58:56.308+0300] {dagbag.py:588} INFO - Filling up the DagBag from /home/nikita/airflow-setup/ENV/lib/python3.12/site-packages/airflow/example_dags/tutorial_taskflow_api_virtualenv.py
[2026-05-04T00:58:56.321+0300] {logging_mixin.py:190} INFO - [2026-05-04T00:58:56.321+0300] {tutorial_taskflow_api_virtualenv.py:29} WARNING - The tutorial_taskflow_api_virtualenv example DAG requires virtualenv, please install it.
[2026-05-04T00:58:56.321+0300] {processor.py:927} WARNING - No viable dags retrieved from /home/nikita/airflow-setup/ENV/lib/python3.12/site-packages/airflow/example_dags/tutorial_taskflow_api_virtualenv.py
[2026-05-04T00:58:56.330+0300] {processor.py:208} INFO - Processing /home/nikita/airflow-setup/ENV/lib/python3.12/site-packages/airflow/example_dags/tutorial_taskflow_api_virtualenv.py took 0.036 seconds
[2026-05-04T00:59:57.156+0300] {processor.py:186} INFO - Started process (PID=8239) to work on /home/nikita/airflow-setup/ENV/lib/python3.12/site-packages/airflow/example_dags/tutorial_taskflow_api_virtualenv.py
[2026-05-04T00:59:57.158+0300] {processor.py:914} INFO - Processing file /home/nikita/airflow-setup/ENV/lib/python3.12/site-packages/airflow/example_dags/tutorial_taskflow_api_virtualenv.py for tasks to queue
[2026-05-04T00:59:57.160+0300] {logging_mixin.py:190} INFO - [2026-05-04T00:59:57.159+0300] {dagbag.py:588} INFO - Filling up the DagBag from /home/nikita/airflow-setup/ENV/lib/python3.12/site-packages/airflow/example_dags/tutorial_taskflow_api_virtualenv.py
[2026-05-04T00:59:57.171+0300] {logging_mixin.py:190} INFO - [2026-05-04T00:59:57.171+0300] {tutorial_taskflow_api_virtualenv.py:29} WARNING - The tutorial_taskflow_api_virtualenv example DAG requires virtualenv, please install it.
[2026-05-04T00:59:57.171+0300] {processor.py:927} WARNING - No viable dags retrieved from /home/nikita/airflow-setup/ENV/lib/python3.12/site-packages/airflow/example_dags/tutorial_taskflow_api_virtualenv.py
[2026-05-04T00:59:57.179+0300] {processor.py:208} INFO - Processing /home/nikita/airflow-setup/ENV/lib/python3.12/site-packages/airflow/example_dags/tutorial_taskflow_api_virtualenv.py took 0.027 seconds
[2026-05-04T01:01:00.176+0300] {processor.py:186} INFO - Started process (PID=8528) to work on /home/nikita/airflow-setup/ENV/lib/python3.12/site-packages/airflow/example_dags/tutorial_taskflow_api_virtualenv.py
[2026-05-04T01:01:00.184+0300] {processor.py:914} INFO - Processing file /home/nikita/airflow-setup/ENV/lib/python3.12/site-packages/airflow/example_dags/tutorial_taskflow_api_virtualenv.py for tasks to queue
[2026-05-04T01:01:00.186+0300] {logging_mixin.py:190} INFO - [2026-05-04T01:01:00.185+0300] {dagbag.py:588} INFO - Filling up the DagBag from /home/nikita/airflow-setup/ENV/lib/python3.12/site-packages/airflow/example_dags/tutorial_taskflow_api_virtualenv.py
[2026-05-04T01:01:00.201+0300] {logging_mixin.py:190} INFO - [2026-05-04T01:01:00.201+0300] {tutorial_taskflow_api_virtualenv.py:29} WARNING - The tutorial_taskflow_api_virtualenv example DAG requires virtualenv, please install it.
[2026-05-04T01:01:00.201+0300] {processor.py:927} WARNING - No viable dags retrieved from /home/nikita/airflow-setup/ENV/lib/python3.12/site-packages/airflow/example_dags/tutorial_taskflow_api_virtualenv.py
[2026-05-04T01:01:00.210+0300] {processor.py:208} INFO - Processing /home/nikita/airflow-setup/ENV/lib/python3.12/site-packages/airflow/example_dags/tutorial_taskflow_api_virtualenv.py took 0.038 seconds
[2026-05-04T01:02:08.311+0300] {processor.py:186} INFO - Started process (PID=9150) to work on /home/nikita/airflow-setup/ENV/lib/python3.12/site-packages/airflow/example_dags/tutorial_taskflow_api_virtualenv.py
[2026-05-04T01:02:08.312+0300] {processor.py:914} INFO - Processing file /home/nikita/airflow-setup/ENV/lib/python3.12/site-packages/airflow/example_dags/tutorial_taskflow_api_virtualenv.py for tasks to queue
[2026-05-04T01:02:08.313+0300] {logging_mixin.py:190} INFO - [2026-05-04T01:02:08.313+0300] {dagbag.py:588} INFO - Filling up the DagBag from /home/nikita/airflow-setup/ENV/lib/python3.12/site-packages/airflow/example_dags/tutorial_taskflow_api_virtualenv.py
[2026-05-04T01:02:08.324+0300] {logging_mixin.py:190} INFO - [2026-05-04T01:02:08.324+0300] {tutorial_taskflow_api_virtualenv.py:29} WARNING - The tutorial_taskflow_api_virtualenv example DAG requires virtualenv, please install it.
[2026-05-04T01:02:08.324+0300] {processor.py:927} WARNING - No viable dags retrieved from /home/nikita/airflow-setup/ENV/lib/python3.12/site-packages/airflow/example_dags/tutorial_taskflow_api_virtualenv.py
[2026-05-04T01:02:08.333+0300] {processor.py:208} INFO - Processing /home/nikita/airflow-setup/ENV/lib/python3.12/site-packages/airflow/example_dags/tutorial_taskflow_api_virtualenv.py took 0.025 seconds
[2026-05-04T01:03:16.053+0300] {processor.py:186} INFO - Started process (PID=9657) to work on /home/nikita/airflow-setup/ENV/lib/python3.12/site-packages/airflow/example_dags/tutorial_taskflow_api_virtualenv.py
[2026-05-04T01:03:16.063+0300] {processor.py:914} INFO - Processing file /home/nikita/airflow-setup/ENV/lib/python3.12/site-packages/airflow/example_dags/tutorial_taskflow_api_virtualenv.py for tasks to queue
[2026-05-04T01:03:16.064+0300] {logging_mixin.py:190} INFO - [2026-05-04T01:03:16.064+0300] {dagbag.py:588} INFO - Filling up the DagBag from /home/nikita/airflow-setup/ENV/lib/python3.12/site-packages/airflow/example_dags/tutorial_taskflow_api_virtualenv.py
[2026-05-04T01:03:16.080+0300] {logging_mixin.py:190} INFO - [2026-05-04T01:03:16.079+0300] {tutorial_taskflow_api_virtualenv.py:29} WARNING - The tutorial_taskflow_api_virtualenv example DAG requires virtualenv, please install it.
[2026-05-04T01:03:16.080+0300] {processor.py:927} WARNING - No viable dags retrieved from /home/nikita/airflow-setup/ENV/lib/python3.12/site-packages/airflow/example_dags/tutorial_taskflow_api_virtualenv.py
[2026-05-04T01:03:16.088+0300] {processor.py:208} INFO - Processing /home/nikita/airflow-setup/ENV/lib/python3.12/site-packages/airflow/example_dags/tutorial_taskflow_api_virtualenv.py took 0.038 seconds
[2026-05-04T01:04:16.796+0300] {processor.py:186} INFO - Started process (PID=9917) to work on /home/nikita/airflow-setup/ENV/lib/python3.12/site-packages/airflow/example_dags/tutorial_taskflow_api_virtualenv.py
[2026-05-04T01:04:16.805+0300] {processor.py:914} INFO - Processing file /home/nikita/airflow-setup/ENV/lib/python3.12/site-packages/airflow/example_dags/tutorial_taskflow_api_virtualenv.py for tasks to queue
[2026-05-04T01:04:16.807+0300] {logging_mixin.py:190} INFO - [2026-05-04T01:04:16.806+0300] {dagbag.py:588} INFO - Filling up the DagBag from /home/nikita/airflow-setup/ENV/lib/python3.12/site-packages/airflow/example_dags/tutorial_taskflow_api_virtualenv.py
[2026-05-04T01:04:16.818+0300] {logging_mixin.py:190} INFO - [2026-05-04T01:04:16.817+0300] {tutorial_taskflow_api_virtualenv.py:29} WARNING - The tutorial_taskflow_api_virtualenv example DAG requires virtualenv, please install it.
[2026-05-04T01:04:16.818+0300] {processor.py:927} WARNING - No viable dags retrieved from /home/nikita/airflow-setup/ENV/lib/python3.12/site-packages/airflow/example_dags/tutorial_taskflow_api_virtualenv.py
[2026-05-04T01:04:16.825+0300] {processor.py:208} INFO - Processing /home/nikita/airflow-setup/ENV/lib/python3.12/site-packages/airflow/example_dags/tutorial_taskflow_api_virtualenv.py took 0.033 seconds
[2026-05-04T01:05:22.706+0300] {processor.py:186} INFO - Started process (PID=10174) to work on /home/nikita/airflow-setup/ENV/lib/python3.12/site-packages/airflow/example_dags/tutorial_taskflow_api_virtualenv.py
[2026-05-04T01:05:22.716+0300] {processor.py:914} INFO - Processing file /home/nikita/airflow-setup/ENV/lib/python3.12/site-packages/airflow/example_dags/tutorial_taskflow_api_virtualenv.py for tasks to queue
[2026-05-04T01:05:22.717+0300] {logging_mixin.py:190} INFO - [2026-05-04T01:05:22.717+0300] {dagbag.py:588} INFO - Filling up the DagBag from /home/nikita/airflow-setup/ENV/lib/python3.12/site-packages/airflow/example_dags/tutorial_taskflow_api_virtualenv.py
[2026-05-04T01:05:22.730+0300] {logging_mixin.py:190} INFO - [2026-05-04T01:05:22.729+0300] {tutorial_taskflow_api_virtualenv.py:29} WARNING - The tutorial_taskflow_api_virtualenv example DAG requires virtualenv, please install it.
[2026-05-04T01:05:22.730+0300] {processor.py:927} WARNING - No viable dags retrieved from /home/nikita/airflow-setup/ENV/lib/python3.12/site-packages/airflow/example_dags/tutorial_taskflow_api_virtualenv.py
[2026-05-04T01:05:22.739+0300] {processor.py:208} INFO - Processing /home/nikita/airflow-setup/ENV/lib/python3.12/site-packages/airflow/example_dags/tutorial_taskflow_api_virtualenv.py took 0.037 seconds
[2026-05-04T01:06:28.073+0300] {processor.py:186} INFO - Started process (PID=10451) to work on /home/nikita/airflow-setup/ENV/lib/python3.12/site-packages/airflow/example_dags/tutorial_taskflow_api_virtualenv.py
[2026-05-04T01:06:28.081+0300] {processor.py:914} INFO - Processing file /home/nikita/airflow-setup/ENV/lib/python3.12/site-packages/airflow/example_dags/tutorial_taskflow_api_virtualenv.py for tasks to queue
[2026-05-04T01:06:28.082+0300] {logging_mixin.py:190} INFO - [2026-05-04T01:06:28.082+0300] {dagbag.py:588} INFO - Filling up the DagBag from /home/nikita/airflow-setup/ENV/lib/python3.12/site-packages/airflow/example_dags/tutorial_taskflow_api_virtualenv.py
[2026-05-04T01:06:28.094+0300] {logging_mixin.py:190} INFO - [2026-05-04T01:06:28.094+0300] {tutorial_taskflow_api_virtualenv.py:29} WARNING - The tutorial_taskflow_api_virtualenv example DAG requires virtualenv, please install it.
[2026-05-04T01:06:28.095+0300] {processor.py:927} WARNING - No viable dags retrieved from /home/nikita/airflow-setup/ENV/lib/python3.12/site-packages/airflow/example_dags/tutorial_taskflow_api_virtualenv.py
[2026-05-04T01:06:28.102+0300] {processor.py:208} INFO - Processing /home/nikita/airflow-setup/ENV/lib/python3.12/site-packages/airflow/example_dags/tutorial_taskflow_api_virtualenv.py took 0.034 seconds
[2026-05-04T01:07:34.137+0300] {processor.py:186} INFO - Started process (PID=10700) to work on /home/nikita/airflow-setup/ENV/lib/python3.12/site-packages/airflow/example_dags/tutorial_taskflow_api_virtualenv.py
[2026-05-04T01:07:34.139+0300] {processor.py:914} INFO - Processing file /home/nikita/airflow-setup/ENV/lib/python3.12/site-packages/airflow/example_dags/tutorial_taskflow_api_virtualenv.py for tasks to queue
[2026-05-04T01:07:34.140+0300] {logging_mixin.py:190} INFO - [2026-05-04T01:07:34.140+0300] {dagbag.py:588} INFO - Filling up the DagBag from /home/nikita/airflow-setup/ENV/lib/python3.12/site-packages/airflow/example_dags/tutorial_taskflow_api_virtualenv.py
[2026-05-04T01:07:34.152+0300] {logging_mixin.py:190} INFO - [2026-05-04T01:07:34.152+0300] {tutorial_taskflow_api_virtualenv.py:29} WARNING - The tutorial_taskflow_api_virtualenv example DAG requires virtualenv, please install it.
[2026-05-04T01:07:34.153+0300] {processor.py:927} WARNING - No viable dags retrieved from /home/nikita/airflow-setup/ENV/lib/python3.12/site-packages/airflow/example_dags/tutorial_taskflow_api_virtualenv.py
[2026-05-04T01:07:34.160+0300] {processor.py:208} INFO - Processing /home/nikita/airflow-setup/ENV/lib/python3.12/site-packages/airflow/example_dags/tutorial_taskflow_api_virtualenv.py took 0.028 seconds
[2026-05-04T01:08:42.046+0300] {processor.py:186} INFO - Started process (PID=11264) to work on /home/nikita/airflow-setup/ENV/lib/python3.12/site-packages/airflow/example_dags/tutorial_taskflow_api_virtualenv.py
[2026-05-04T01:08:42.055+0300] {processor.py:914} INFO - Processing file /home/nikita/airflow-setup/ENV/lib/python3.12/site-packages/airflow/example_dags/tutorial_taskflow_api_virtualenv.py for tasks to queue
[2026-05-04T01:08:42.056+0300] {logging_mixin.py:190} INFO - [2026-05-04T01:08:42.056+0300] {dagbag.py:588} INFO - Filling up the DagBag from /home/nikita/airflow-setup/ENV/lib/python3.12/site-packages/airflow/example_dags/tutorial_taskflow_api_virtualenv.py
[2026-05-04T01:08:42.068+0300] {logging_mixin.py:190} INFO - [2026-05-04T01:08:42.068+0300] {tutorial_taskflow_api_virtualenv.py:29} WARNING - The tutorial_taskflow_api_virtualenv example DAG requires virtualenv, please install it.
[2026-05-04T01:08:42.069+0300] {processor.py:927} WARNING - No viable dags retrieved from /home/nikita/airflow-setup/ENV/lib/python3.12/site-packages/airflow/example_dags/tutorial_taskflow_api_virtualenv.py
[2026-05-04T01:08:42.077+0300] {processor.py:208} INFO - Processing /home/nikita/airflow-setup/ENV/lib/python3.12/site-packages/airflow/example_dags/tutorial_taskflow_api_virtualenv.py took 0.036 seconds
[2026-05-04T01:09:50.114+0300] {processor.py:186} INFO - Started process (PID=12162) to work on /home/nikita/airflow-setup/ENV/lib/python3.12/site-packages/airflow/example_dags/tutorial_taskflow_api_virtualenv.py
[2026-05-04T01:09:50.116+0300] {processor.py:914} INFO - Processing file /home/nikita/airflow-setup/ENV/lib/python3.12/site-packages/airflow/example_dags/tutorial_taskflow_api_virtualenv.py for tasks to queue
[2026-05-04T01:09:50.117+0300] {logging_mixin.py:190} INFO - [2026-05-04T01:09:50.116+0300] {dagbag.py:588} INFO - Filling up the DagBag from /home/nikita/airflow-setup/ENV/lib/python3.12/site-packages/airflow/example_dags/tutorial_taskflow_api_virtualenv.py
[2026-05-04T01:09:50.127+0300] {logging_mixin.py:190} INFO - [2026-05-04T01:09:50.127+0300] {tutorial_taskflow_api_virtualenv.py:29} WARNING - The tutorial_taskflow_api_virtualenv example DAG requires virtualenv, please install it.
[2026-05-04T01:09:50.127+0300] {processor.py:927} WARNING - No viable dags retrieved from /home/nikita/airflow-setup/ENV/lib/python3.12/site-packages/airflow/example_dags/tutorial_taskflow_api_virtualenv.py
[2026-05-04T01:09:50.135+0300] {processor.py:208} INFO - Processing /home/nikita/airflow-setup/ENV/lib/python3.12/site-packages/airflow/example_dags/tutorial_taskflow_api_virtualenv.py took 0.025 seconds
[2026-05-04T01:11:00.321+0300] {processor.py:186} INFO - Started process (PID=12420) to work on /home/nikita/airflow-setup/ENV/lib/python3.12/site-packages/airflow/example_dags/tutorial_taskflow_api_virtualenv.py
[2026-05-04T01:11:00.330+0300] {processor.py:914} INFO - Processing file /home/nikita/airflow-setup/ENV/lib/python3.12/site-packages/airflow/example_dags/tutorial_taskflow_api_virtualenv.py for tasks to queue
[2026-05-04T01:11:00.331+0300] {logging_mixin.py:190} INFO - [2026-05-04T01:11:00.331+0300] {dagbag.py:588} INFO - Filling up the DagBag from /home/nikita/airflow-setup/ENV/lib/python3.12/site-packages/airflow/example_dags/tutorial_taskflow_api_virtualenv.py
[2026-05-04T01:11:00.347+0300] {logging_mixin.py:190} INFO - [2026-05-04T01:11:00.346+0300] {tutorial_taskflow_api_virtualenv.py:29} WARNING - The tutorial_taskflow_api_virtualenv example DAG requires virtualenv, please install it.
[2026-05-04T01:11:00.347+0300] {processor.py:927} WARNING - No viable dags retrieved from /home/nikita/airflow-setup/ENV/lib/python3.12/site-packages/airflow/example_dags/tutorial_taskflow_api_virtualenv.py
[2026-05-04T01:11:00.354+0300] {processor.py:208} INFO - Processing /home/nikita/airflow-setup/ENV/lib/python3.12/site-packages/airflow/example_dags/tutorial_taskflow_api_virtualenv.py took 0.038 seconds
[2026-05-04T01:12:04.923+0300] {processor.py:186} INFO - Started process (PID=12666) to work on /home/nikita/airflow-setup/ENV/lib/python3.12/site-packages/airflow/example_dags/tutorial_taskflow_api_virtualenv.py
[2026-05-04T01:12:04.925+0300] {processor.py:914} INFO - Processing file /home/nikita/airflow-setup/ENV/lib/python3.12/site-packages/airflow/example_dags/tutorial_taskflow_api_virtualenv.py for tasks to queue
[2026-05-04T01:12:04.926+0300] {logging_mixin.py:190} INFO - [2026-05-04T01:12:04.926+0300] {dagbag.py:588} INFO - Filling up the DagBag from /home/nikita/airflow-setup/ENV/lib/python3.12/site-packages/airflow/example_dags/tutorial_taskflow_api_virtualenv.py
[2026-05-04T01:12:04.937+0300] {logging_mixin.py:190} INFO - [2026-05-04T01:12:04.937+0300] {tutorial_taskflow_api_virtualenv.py:29} WARNING - The tutorial_taskflow_api_virtualenv example DAG requires virtualenv, please install it.
[2026-05-04T01:12:04.938+0300] {processor.py:927} WARNING - No viable dags retrieved from /home/nikita/airflow-setup/ENV/lib/python3.12/site-packages/airflow/example_dags/tutorial_taskflow_api_virtualenv.py
[2026-05-04T01:12:04.946+0300] {processor.py:208} INFO - Processing /home/nikita/airflow-setup/ENV/lib/python3.12/site-packages/airflow/example_dags/tutorial_taskflow_api_virtualenv.py took 0.026 seconds
[2026-05-04T01:13:05.219+0300] {processor.py:186} INFO - Started process (PID=12969) to work on /home/nikita/airflow-setup/ENV/lib/python3.12/site-packages/airflow/example_dags/tutorial_taskflow_api_virtualenv.py
[2026-05-04T01:13:05.220+0300] {processor.py:914} INFO - Processing file /home/nikita/airflow-setup/ENV/lib/python3.12/site-packages/airflow/example_dags/tutorial_taskflow_api_virtualenv.py for tasks to queue
[2026-05-04T01:13:05.221+0300] {logging_mixin.py:190} INFO - [2026-05-04T01:13:05.221+0300] {dagbag.py:588} INFO - Filling up the DagBag from /home/nikita/airflow-setup/ENV/lib/python3.12/site-packages/airflow/example_dags/tutorial_taskflow_api_virtualenv.py
[2026-05-04T01:13:05.232+0300] {logging_mixin.py:190} INFO - [2026-05-04T01:13:05.232+0300] {tutorial_taskflow_api_virtualenv.py:29} WARNING - The tutorial_taskflow_api_virtualenv example DAG requires virtualenv, please install it.
[2026-05-04T01:13:05.233+0300] {processor.py:927} WARNING - No viable dags retrieved from /home/nikita/airflow-setup/ENV/lib/python3.12/site-packages/airflow/example_dags/tutorial_taskflow_api_virtualenv.py
[2026-05-04T01:13:05.240+0300] {processor.py:208} INFO - Processing /home/nikita/airflow-setup/ENV/lib/python3.12/site-packages/airflow/example_dags/tutorial_taskflow_api_virtualenv.py took 0.026 seconds
[2026-05-04T01:14:08.537+0300] {processor.py:186} INFO - Started process (PID=13896) to work on /home/nikita/airflow-setup/ENV/lib/python3.12/site-packages/airflow/example_dags/tutorial_taskflow_api_virtualenv.py
[2026-05-04T01:14:08.539+0300] {processor.py:914} INFO - Processing file /home/nikita/airflow-setup/ENV/lib/python3.12/site-packages/airflow/example_dags/tutorial_taskflow_api_virtualenv.py for tasks to queue
[2026-05-04T01:14:08.541+0300] {logging_mixin.py:190} INFO - [2026-05-04T01:14:08.541+0300] {dagbag.py:588} INFO - Filling up the DagBag from /home/nikita/airflow-setup/ENV/lib/python3.12/site-packages/airflow/example_dags/tutorial_taskflow_api_virtualenv.py
[2026-05-04T01:14:08.558+0300] {logging_mixin.py:190} INFO - [2026-05-04T01:14:08.558+0300] {tutorial_taskflow_api_virtualenv.py:29} WARNING - The tutorial_taskflow_api_virtualenv example DAG requires virtualenv, please install it.
[2026-05-04T01:14:08.559+0300] {processor.py:927} WARNING - No viable dags retrieved from /home/nikita/airflow-setup/ENV/lib/python3.12/site-packages/airflow/example_dags/tutorial_taskflow_api_virtualenv.py
[2026-05-04T01:14:08.574+0300] {processor.py:208} INFO - Processing /home/nikita/airflow-setup/ENV/lib/python3.12/site-packages/airflow/example_dags/tutorial_taskflow_api_virtualenv.py took 0.048 seconds
[2026-05-04T01:15:16.435+0300] {processor.py:186} INFO - Started process (PID=14464) to work on /home/nikita/airflow-setup/ENV/lib/python3.12/site-packages/airflow/example_dags/tutorial_taskflow_api_virtualenv.py
[2026-05-04T01:15:16.444+0300] {processor.py:914} INFO - Processing file /home/nikita/airflow-setup/ENV/lib/python3.12/site-packages/airflow/example_dags/tutorial_taskflow_api_virtualenv.py for tasks to queue
[2026-05-04T01:15:16.445+0300] {logging_mixin.py:190} INFO - [2026-05-04T01:15:16.445+0300] {dagbag.py:588} INFO - Filling up the DagBag from /home/nikita/airflow-setup/ENV/lib/python3.12/site-packages/airflow/example_dags/tutorial_taskflow_api_virtualenv.py
[2026-05-04T01:15:16.459+0300] {logging_mixin.py:190} INFO - [2026-05-04T01:15:16.458+0300] {tutorial_taskflow_api_virtualenv.py:29} WARNING - The tutorial_taskflow_api_virtualenv example DAG requires virtualenv, please install it.
[2026-05-04T01:15:16.459+0300] {processor.py:927} WARNING - No viable dags retrieved from /home/nikita/airflow-setup/ENV/lib/python3.12/site-packages/airflow/example_dags/tutorial_taskflow_api_virtualenv.py
[2026-05-04T01:15:16.469+0300] {processor.py:208} INFO - Processing /home/nikita/airflow-setup/ENV/lib/python3.12/site-packages/airflow/example_dags/tutorial_taskflow_api_virtualenv.py took 0.039 seconds
[2026-05-04T01:16:23.882+0300] {processor.py:186} INFO - Started process (PID=15677) to work on /home/nikita/airflow-setup/ENV/lib/python3.12/site-packages/airflow/example_dags/tutorial_taskflow_api_virtualenv.py
[2026-05-04T01:16:23.891+0300] {processor.py:914} INFO - Processing file /home/nikita/airflow-setup/ENV/lib/python3.12/site-packages/airflow/example_dags/tutorial_taskflow_api_virtualenv.py for tasks to queue
[2026-05-04T01:16:23.892+0300] {logging_mixin.py:190} INFO - [2026-05-04T01:16:23.892+0300] {dagbag.py:588} INFO - Filling up the DagBag from /home/nikita/airflow-setup/ENV/lib/python3.12/site-packages/airflow/example_dags/tutorial_taskflow_api_virtualenv.py
[2026-05-04T01:16:23.905+0300] {logging_mixin.py:190} INFO - [2026-05-04T01:16:23.905+0300] {tutorial_taskflow_api_virtualenv.py:29} WARNING - The tutorial_taskflow_api_virtualenv example DAG requires virtualenv, please install it.
[2026-05-04T01:16:23.906+0300] {processor.py:927} WARNING - No viable dags retrieved from /home/nikita/airflow-setup/ENV/lib/python3.12/site-packages/airflow/example_dags/tutorial_taskflow_api_virtualenv.py
[2026-05-04T01:16:23.914+0300] {processor.py:208} INFO - Processing /home/nikita/airflow-setup/ENV/lib/python3.12/site-packages/airflow/example_dags/tutorial_taskflow_api_virtualenv.py took 0.036 seconds
[2026-05-04T01:17:32.911+0300] {processor.py:186} INFO - Started process (PID=15939) to work on /home/nikita/airflow-setup/ENV/lib/python3.12/site-packages/airflow/example_dags/tutorial_taskflow_api_virtualenv.py
[2026-05-04T01:17:32.922+0300] {processor.py:914} INFO - Processing file /home/nikita/airflow-setup/ENV/lib/python3.12/site-packages/airflow/example_dags/tutorial_taskflow_api_virtualenv.py for tasks to queue
[2026-05-04T01:17:32.923+0300] {logging_mixin.py:190} INFO - [2026-05-04T01:17:32.923+0300] {dagbag.py:588} INFO - Filling up the DagBag from /home/nikita/airflow-setup/ENV/lib/python3.12/site-packages/airflow/example_dags/tutorial_taskflow_api_virtualenv.py
[2026-05-04T01:17:32.935+0300] {logging_mixin.py:190} INFO - [2026-05-04T01:17:32.935+0300] {tutorial_taskflow_api_virtualenv.py:29} WARNING - The tutorial_taskflow_api_virtualenv example DAG requires virtualenv, please install it.
[2026-05-04T01:17:32.935+0300] {processor.py:927} WARNING - No viable dags retrieved from /home/nikita/airflow-setup/ENV/lib/python3.12/site-packages/airflow/example_dags/tutorial_taskflow_api_virtualenv.py
[2026-05-04T01:17:32.943+0300] {processor.py:208} INFO - Processing /home/nikita/airflow-setup/ENV/lib/python3.12/site-packages/airflow/example_dags/tutorial_taskflow_api_virtualenv.py took 0.037 seconds
[2026-05-04T01:18:40.693+0300] {processor.py:186} INFO - Started process (PID=16196) to work on /home/nikita/airflow-setup/ENV/lib/python3.12/site-packages/airflow/example_dags/tutorial_taskflow_api_virtualenv.py
[2026-05-04T01:18:40.702+0300] {processor.py:914} INFO - Processing file /home/nikita/airflow-setup/ENV/lib/python3.12/site-packages/airflow/example_dags/tutorial_taskflow_api_virtualenv.py for tasks to queue
[2026-05-04T01:18:40.703+0300] {logging_mixin.py:190} INFO - [2026-05-04T01:18:40.703+0300] {dagbag.py:588} INFO - Filling up the DagBag from /home/nikita/airflow-setup/ENV/lib/python3.12/site-packages/airflow/example_dags/tutorial_taskflow_api_virtualenv.py
[2026-05-04T01:18:40.716+0300] {logging_mixin.py:190} INFO - [2026-05-04T01:18:40.716+0300] {tutorial_taskflow_api_virtualenv.py:29} WARNING - The tutorial_taskflow_api_virtualenv example DAG requires virtualenv, please install it.
[2026-05-04T01:18:40.717+0300] {processor.py:927} WARNING - No viable dags retrieved from /home/nikita/airflow-setup/ENV/lib/python3.12/site-packages/airflow/example_dags/tutorial_taskflow_api_virtualenv.py
[2026-05-04T01:18:40.725+0300] {processor.py:208} INFO - Processing /home/nikita/airflow-setup/ENV/lib/python3.12/site-packages/airflow/example_dags/tutorial_taskflow_api_virtualenv.py took 0.036 seconds
[2026-05-04T01:19:44.404+0300] {processor.py:186} INFO - Started process (PID=16447) to work on /home/nikita/airflow-setup/ENV/lib/python3.12/site-packages/airflow/example_dags/tutorial_taskflow_api_virtualenv.py
[2026-05-04T01:19:44.413+0300] {processor.py:914} INFO - Processing file /home/nikita/airflow-setup/ENV/lib/python3.12/site-packages/airflow/example_dags/tutorial_taskflow_api_virtualenv.py for tasks to queue
[2026-05-04T01:19:44.414+0300] {logging_mixin.py:190} INFO - [2026-05-04T01:19:44.413+0300] {dagbag.py:588} INFO - Filling up the DagBag from /home/nikita/airflow-setup/ENV/lib/python3.12/site-packages/airflow/example_dags/tutorial_taskflow_api_virtualenv.py
[2026-05-04T01:19:44.428+0300] {logging_mixin.py:190} INFO - [2026-05-04T01:19:44.427+0300] {tutorial_taskflow_api_virtualenv.py:29} WARNING - The tutorial_taskflow_api_virtualenv example DAG requires virtualenv, please install it.
[2026-05-04T01:19:44.428+0300] {processor.py:927} WARNING - No viable dags retrieved from /home/nikita/airflow-setup/ENV/lib/python3.12/site-packages/airflow/example_dags/tutorial_taskflow_api_virtualenv.py
[2026-05-04T01:19:44.438+0300] {processor.py:208} INFO - Processing /home/nikita/airflow-setup/ENV/lib/python3.12/site-packages/airflow/example_dags/tutorial_taskflow_api_virtualenv.py took 0.038 seconds
[2026-05-04T01:20:53.156+0300] {processor.py:186} INFO - Started process (PID=16714) to work on /home/nikita/airflow-setup/ENV/lib/python3.12/site-packages/airflow/example_dags/tutorial_taskflow_api_virtualenv.py
[2026-05-04T01:20:53.165+0300] {processor.py:914} INFO - Processing file /home/nikita/airflow-setup/ENV/lib/python3.12/site-packages/airflow/example_dags/tutorial_taskflow_api_virtualenv.py for tasks to queue
[2026-05-04T01:20:53.166+0300] {logging_mixin.py:190} INFO - [2026-05-04T01:20:53.166+0300] {dagbag.py:588} INFO - Filling up the DagBag from /home/nikita/airflow-setup/ENV/lib/python3.12/site-packages/airflow/example_dags/tutorial_taskflow_api_virtualenv.py
[2026-05-04T01:20:53.181+0300] {logging_mixin.py:190} INFO - [2026-05-04T01:20:53.181+0300] {tutorial_taskflow_api_virtualenv.py:29} WARNING - The tutorial_taskflow_api_virtualenv example DAG requires virtualenv, please install it.
[2026-05-04T01:20:53.181+0300] {processor.py:927} WARNING - No viable dags retrieved from /home/nikita/airflow-setup/ENV/lib/python3.12/site-packages/airflow/example_dags/tutorial_taskflow_api_virtualenv.py
[2026-05-04T01:20:53.188+0300] {processor.py:208} INFO - Processing /home/nikita/airflow-setup/ENV/lib/python3.12/site-packages/airflow/example_dags/tutorial_taskflow_api_virtualenv.py took 0.036 seconds
[2026-05-04T01:21:59.505+0300] {processor.py:186} INFO - Started process (PID=16966) to work on /home/nikita/airflow-setup/ENV/lib/python3.12/site-packages/airflow/example_dags/tutorial_taskflow_api_virtualenv.py
[2026-05-04T01:21:59.509+0300] {processor.py:914} INFO - Processing file /home/nikita/airflow-setup/ENV/lib/python3.12/site-packages/airflow/example_dags/tutorial_taskflow_api_virtualenv.py for tasks to queue
[2026-05-04T01:21:59.513+0300] {logging_mixin.py:190} INFO - [2026-05-04T01:21:59.512+0300] {dagbag.py:588} INFO - Filling up the DagBag from /home/nikita/airflow-setup/ENV/lib/python3.12/site-packages/airflow/example_dags/tutorial_taskflow_api_virtualenv.py
[2026-05-04T01:21:59.543+0300] {logging_mixin.py:190} INFO - [2026-05-04T01:21:59.543+0300] {tutorial_taskflow_api_virtualenv.py:29} WARNING - The tutorial_taskflow_api_virtualenv example DAG requires virtualenv, please install it.
[2026-05-04T01:21:59.544+0300] {processor.py:927} WARNING - No viable dags retrieved from /home/nikita/airflow-setup/ENV/lib/python3.12/site-packages/airflow/example_dags/tutorial_taskflow_api_virtualenv.py
[2026-05-04T01:21:59.566+0300] {processor.py:208} INFO - Processing /home/nikita/airflow-setup/ENV/lib/python3.12/site-packages/airflow/example_dags/tutorial_taskflow_api_virtualenv.py took 0.068 seconds
[2026-05-04T01:23:12.567+0300] {processor.py:186} INFO - Started process (PID=17245) to work on /home/nikita/airflow-setup/ENV/lib/python3.12/site-packages/airflow/example_dags/tutorial_taskflow_api_virtualenv.py
[2026-05-04T01:23:12.576+0300] {processor.py:914} INFO - Processing file /home/nikita/airflow-setup/ENV/lib/python3.12/site-packages/airflow/example_dags/tutorial_taskflow_api_virtualenv.py for tasks to queue
[2026-05-04T01:23:12.577+0300] {logging_mixin.py:190} INFO - [2026-05-04T01:23:12.576+0300] {dagbag.py:588} INFO - Filling up the DagBag from /home/nikita/airflow-setup/ENV/lib/python3.12/site-packages/airflow/example_dags/tutorial_taskflow_api_virtualenv.py
[2026-05-04T01:23:12.591+0300] {logging_mixin.py:190} INFO - [2026-05-04T01:23:12.591+0300] {tutorial_taskflow_api_virtualenv.py:29} WARNING - The tutorial_taskflow_api_virtualenv example DAG requires virtualenv, please install it.
[2026-05-04T01:23:12.591+0300] {processor.py:927} WARNING - No viable dags retrieved from /home/nikita/airflow-setup/ENV/lib/python3.12/site-packages/airflow/example_dags/tutorial_taskflow_api_virtualenv.py
[2026-05-04T01:23:12.599+0300] {processor.py:208} INFO - Processing /home/nikita/airflow-setup/ENV/lib/python3.12/site-packages/airflow/example_dags/tutorial_taskflow_api_virtualenv.py took 0.036 seconds
[2026-05-04T01:24:17.609+0300] {processor.py:186} INFO - Started process (PID=17804) to work on /home/nikita/airflow-setup/ENV/lib/python3.12/site-packages/airflow/example_dags/tutorial_taskflow_api_virtualenv.py
[2026-05-04T01:24:17.618+0300] {processor.py:914} INFO - Processing file /home/nikita/airflow-setup/ENV/lib/python3.12/site-packages/airflow/example_dags/tutorial_taskflow_api_virtualenv.py for tasks to queue
[2026-05-04T01:24:17.619+0300] {logging_mixin.py:190} INFO - [2026-05-04T01:24:17.619+0300] {dagbag.py:588} INFO - Filling up the DagBag from /home/nikita/airflow-setup/ENV/lib/python3.12/site-packages/airflow/example_dags/tutorial_taskflow_api_virtualenv.py
[2026-05-04T01:24:17.631+0300] {logging_mixin.py:190} INFO - [2026-05-04T01:24:17.631+0300] {tutorial_taskflow_api_virtualenv.py:29} WARNING - The tutorial_taskflow_api_virtualenv example DAG requires virtualenv, please install it.
[2026-05-04T01:24:17.631+0300] {processor.py:927} WARNING - No viable dags retrieved from /home/nikita/airflow-setup/ENV/lib/python3.12/site-packages/airflow/example_dags/tutorial_taskflow_api_virtualenv.py
[2026-05-04T01:24:17.638+0300] {processor.py:208} INFO - Processing /home/nikita/airflow-setup/ENV/lib/python3.12/site-packages/airflow/example_dags/tutorial_taskflow_api_virtualenv.py took 0.034 seconds
[2026-05-04T01:25:27.641+0300] {processor.py:186} INFO - Started process (PID=18104) to work on /home/nikita/airflow-setup/ENV/lib/python3.12/site-packages/airflow/example_dags/tutorial_taskflow_api_virtualenv.py
[2026-05-04T01:25:27.650+0300] {processor.py:914} INFO - Processing file /home/nikita/airflow-setup/ENV/lib/python3.12/site-packages/airflow/example_dags/tutorial_taskflow_api_virtualenv.py for tasks to queue
[2026-05-04T01:25:27.651+0300] {logging_mixin.py:190} INFO - [2026-05-04T01:25:27.651+0300] {dagbag.py:588} INFO - Filling up the DagBag from /home/nikita/airflow-setup/ENV/lib/python3.12/site-packages/airflow/example_dags/tutorial_taskflow_api_virtualenv.py
[2026-05-04T01:25:27.662+0300] {logging_mixin.py:190} INFO - [2026-05-04T01:25:27.662+0300] {tutorial_taskflow_api_virtualenv.py:29} WARNING - The tutorial_taskflow_api_virtualenv example DAG requires virtualenv, please install it.
[2026-05-04T01:25:27.663+0300] {processor.py:927} WARNING - No viable dags retrieved from /home/nikita/airflow-setup/ENV/lib/python3.12/site-packages/airflow/example_dags/tutorial_taskflow_api_virtualenv.py
[2026-05-04T01:25:27.670+0300] {processor.py:208} INFO - Processing /home/nikita/airflow-setup/ENV/lib/python3.12/site-packages/airflow/example_dags/tutorial_taskflow_api_virtualenv.py took 0.033 seconds
[2026-05-04T01:26:38.679+0300] {processor.py:186} INFO - Started process (PID=19359) to work on /home/nikita/airflow-setup/ENV/lib/python3.12/site-packages/airflow/example_dags/tutorial_taskflow_api_virtualenv.py
[2026-05-04T01:26:38.688+0300] {processor.py:914} INFO - Processing file /home/nikita/airflow-setup/ENV/lib/python3.12/site-packages/airflow/example_dags/tutorial_taskflow_api_virtualenv.py for tasks to queue
[2026-05-04T01:26:38.689+0300] {logging_mixin.py:190} INFO - [2026-05-04T01:26:38.689+0300] {dagbag.py:588} INFO - Filling up the DagBag from /home/nikita/airflow-setup/ENV/lib/python3.12/site-packages/airflow/example_dags/tutorial_taskflow_api_virtualenv.py
[2026-05-04T01:26:38.700+0300] {logging_mixin.py:190} INFO - [2026-05-04T01:26:38.700+0300] {tutorial_taskflow_api_virtualenv.py:29} WARNING - The tutorial_taskflow_api_virtualenv example DAG requires virtualenv, please install it.
[2026-05-04T01:26:38.700+0300] {processor.py:927} WARNING - No viable dags retrieved from /home/nikita/airflow-setup/ENV/lib/python3.12/site-packages/airflow/example_dags/tutorial_taskflow_api_virtualenv.py
[2026-05-04T01:26:38.708+0300] {processor.py:208} INFO - Processing /home/nikita/airflow-setup/ENV/lib/python3.12/site-packages/airflow/example_dags/tutorial_taskflow_api_virtualenv.py took 0.033 seconds
[2026-05-04T01:27:48.459+0300] {processor.py:186} INFO - Started process (PID=19625) to work on /home/nikita/airflow-setup/ENV/lib/python3.12/site-packages/airflow/example_dags/tutorial_taskflow_api_virtualenv.py
[2026-05-04T01:27:48.468+0300] {processor.py:914} INFO - Processing file /home/nikita/airflow-setup/ENV/lib/python3.12/site-packages/airflow/example_dags/tutorial_taskflow_api_virtualenv.py for tasks to queue
[2026-05-04T01:27:48.469+0300] {logging_mixin.py:190} INFO - [2026-05-04T01:27:48.469+0300] {dagbag.py:588} INFO - Filling up the DagBag from /home/nikita/airflow-setup/ENV/lib/python3.12/site-packages/airflow/example_dags/tutorial_taskflow_api_virtualenv.py
[2026-05-04T01:27:48.482+0300] {logging_mixin.py:190} INFO - [2026-05-04T01:27:48.482+0300] {tutorial_taskflow_api_virtualenv.py:29} WARNING - The tutorial_taskflow_api_virtualenv example DAG requires virtualenv, please install it.
[2026-05-04T01:27:48.482+0300] {processor.py:927} WARNING - No viable dags retrieved from /home/nikita/airflow-setup/ENV/lib/python3.12/site-packages/airflow/example_dags/tutorial_taskflow_api_virtualenv.py
[2026-05-04T01:27:48.490+0300] {processor.py:208} INFO - Processing /home/nikita/airflow-setup/ENV/lib/python3.12/site-packages/airflow/example_dags/tutorial_taskflow_api_virtualenv.py took 0.036 seconds
[2026-05-04T01:29:00.121+0300] {processor.py:186} INFO - Started process (PID=19901) to work on /home/nikita/airflow-setup/ENV/lib/python3.12/site-packages/airflow/example_dags/tutorial_taskflow_api_virtualenv.py
[2026-05-04T01:29:00.130+0300] {processor.py:914} INFO - Processing file /home/nikita/airflow-setup/ENV/lib/python3.12/site-packages/airflow/example_dags/tutorial_taskflow_api_virtualenv.py for tasks to queue
[2026-05-04T01:29:00.131+0300] {logging_mixin.py:190} INFO - [2026-05-04T01:29:00.130+0300] {dagbag.py:588} INFO - Filling up the DagBag from /home/nikita/airflow-setup/ENV/lib/python3.12/site-packages/airflow/example_dags/tutorial_taskflow_api_virtualenv.py
[2026-05-04T01:29:00.142+0300] {logging_mixin.py:190} INFO - [2026-05-04T01:29:00.142+0300] {tutorial_taskflow_api_virtualenv.py:29} WARNING - The tutorial_taskflow_api_virtualenv example DAG requires virtualenv, please install it.
[2026-05-04T01:29:00.142+0300] {processor.py:927} WARNING - No viable dags retrieved from /home/nikita/airflow-setup/ENV/lib/python3.12/site-packages/airflow/example_dags/tutorial_taskflow_api_virtualenv.py
[2026-05-04T01:29:00.149+0300] {processor.py:208} INFO - Processing /home/nikita/airflow-setup/ENV/lib/python3.12/site-packages/airflow/example_dags/tutorial_taskflow_api_virtualenv.py took 0.032 seconds
[2026-05-04T01:30:10.810+0300] {processor.py:186} INFO - Started process (PID=20164) to work on /home/nikita/airflow-setup/ENV/lib/python3.12/site-packages/airflow/example_dags/tutorial_taskflow_api_virtualenv.py
[2026-05-04T01:30:10.812+0300] {processor.py:914} INFO - Processing file /home/nikita/airflow-setup/ENV/lib/python3.12/site-packages/airflow/example_dags/tutorial_taskflow_api_virtualenv.py for tasks to queue
[2026-05-04T01:30:10.814+0300] {logging_mixin.py:190} INFO - [2026-05-04T01:30:10.813+0300] {dagbag.py:588} INFO - Filling up the DagBag from /home/nikita/airflow-setup/ENV/lib/python3.12/site-packages/airflow/example_dags/tutorial_taskflow_api_virtualenv.py
[2026-05-04T01:30:10.834+0300] {logging_mixin.py:190} INFO - [2026-05-04T01:30:10.834+0300] {tutorial_taskflow_api_virtualenv.py:29} WARNING - The tutorial_taskflow_api_virtualenv example DAG requires virtualenv, please install it.
[2026-05-04T01:30:10.834+0300] {processor.py:927} WARNING - No viable dags retrieved from /home/nikita/airflow-setup/ENV/lib/python3.12/site-packages/airflow/example_dags/tutorial_taskflow_api_virtualenv.py
[2026-05-04T01:30:10.847+0300] {processor.py:208} INFO - Processing /home/nikita/airflow-setup/ENV/lib/python3.12/site-packages/airflow/example_dags/tutorial_taskflow_api_virtualenv.py took 0.043 seconds
[2026-05-04T01:31:25.041+0300] {processor.py:186} INFO - Started process (PID=20435) to work on /home/nikita/airflow-setup/ENV/lib/python3.12/site-packages/airflow/example_dags/tutorial_taskflow_api_virtualenv.py
[2026-05-04T01:31:25.051+0300] {processor.py:914} INFO - Processing file /home/nikita/airflow-setup/ENV/lib/python3.12/site-packages/airflow/example_dags/tutorial_taskflow_api_virtualenv.py for tasks to queue
[2026-05-04T01:31:25.052+0300] {logging_mixin.py:190} INFO - [2026-05-04T01:31:25.052+0300] {dagbag.py:588} INFO - Filling up the DagBag from /home/nikita/airflow-setup/ENV/lib/python3.12/site-packages/airflow/example_dags/tutorial_taskflow_api_virtualenv.py
[2026-05-04T01:31:25.064+0300] {logging_mixin.py:190} INFO - [2026-05-04T01:31:25.063+0300] {tutorial_taskflow_api_virtualenv.py:29} WARNING - The tutorial_taskflow_api_virtualenv example DAG requires virtualenv, please install it.
[2026-05-04T01:31:25.064+0300] {processor.py:927} WARNING - No viable dags retrieved from /home/nikita/airflow-setup/ENV/lib/python3.12/site-packages/airflow/example_dags/tutorial_taskflow_api_virtualenv.py
[2026-05-04T01:31:25.073+0300] {processor.py:208} INFO - Processing /home/nikita/airflow-setup/ENV/lib/python3.12/site-packages/airflow/example_dags/tutorial_taskflow_api_virtualenv.py took 0.036 seconds
[2026-05-04T01:32:43.294+0300] {processor.py:186} INFO - Started process (PID=20748) to work on /home/nikita/airflow-setup/ENV/lib/python3.12/site-packages/airflow/example_dags/tutorial_taskflow_api_virtualenv.py
[2026-05-04T01:32:43.303+0300] {processor.py:914} INFO - Processing file /home/nikita/airflow-setup/ENV/lib/python3.12/site-packages/airflow/example_dags/tutorial_taskflow_api_virtualenv.py for tasks to queue
[2026-05-04T01:32:43.305+0300] {logging_mixin.py:190} INFO - [2026-05-04T01:32:43.304+0300] {dagbag.py:588} INFO - Filling up the DagBag from /home/nikita/airflow-setup/ENV/lib/python3.12/site-packages/airflow/example_dags/tutorial_taskflow_api_virtualenv.py
[2026-05-04T01:32:43.318+0300] {logging_mixin.py:190} INFO - [2026-05-04T01:32:43.318+0300] {tutorial_taskflow_api_virtualenv.py:29} WARNING - The tutorial_taskflow_api_virtualenv example DAG requires virtualenv, please install it.
[2026-05-04T01:32:43.318+0300] {processor.py:927} WARNING - No viable dags retrieved from /home/nikita/airflow-setup/ENV/lib/python3.12/site-packages/airflow/example_dags/tutorial_taskflow_api_virtualenv.py
[2026-05-04T01:32:43.326+0300] {processor.py:208} INFO - Processing /home/nikita/airflow-setup/ENV/lib/python3.12/site-packages/airflow/example_dags/tutorial_taskflow_api_virtualenv.py took 0.036 seconds
[2026-05-04T01:33:48.608+0300] {processor.py:186} INFO - Started process (PID=21253) to work on /home/nikita/airflow-setup/ENV/lib/python3.12/site-packages/airflow/example_dags/tutorial_taskflow_api_virtualenv.py
[2026-05-04T01:33:48.610+0300] {processor.py:914} INFO - Processing file /home/nikita/airflow-setup/ENV/lib/python3.12/site-packages/airflow/example_dags/tutorial_taskflow_api_virtualenv.py for tasks to queue
[2026-05-04T01:33:48.611+0300] {logging_mixin.py:190} INFO - [2026-05-04T01:33:48.611+0300] {dagbag.py:588} INFO - Filling up the DagBag from /home/nikita/airflow-setup/ENV/lib/python3.12/site-packages/airflow/example_dags/tutorial_taskflow_api_virtualenv.py
[2026-05-04T01:33:48.626+0300] {logging_mixin.py:190} INFO - [2026-05-04T01:33:48.626+0300] {tutorial_taskflow_api_virtualenv.py:29} WARNING - The tutorial_taskflow_api_virtualenv example DAG requires virtualenv, please install it.
[2026-05-04T01:33:48.626+0300] {processor.py:927} WARNING - No viable dags retrieved from /home/nikita/airflow-setup/ENV/lib/python3.12/site-packages/airflow/example_dags/tutorial_taskflow_api_virtualenv.py
[2026-05-04T01:33:48.634+0300] {processor.py:208} INFO - Processing /home/nikita/airflow-setup/ENV/lib/python3.12/site-packages/airflow/example_dags/tutorial_taskflow_api_virtualenv.py took 0.030 seconds
[2026-05-04T01:34:51.898+0300] {processor.py:186} INFO - Started process (PID=21497) to work on /home/nikita/airflow-setup/ENV/lib/python3.12/site-packages/airflow/example_dags/tutorial_taskflow_api_virtualenv.py
[2026-05-04T01:34:51.900+0300] {processor.py:914} INFO - Processing file /home/nikita/airflow-setup/ENV/lib/python3.12/site-packages/airflow/example_dags/tutorial_taskflow_api_virtualenv.py for tasks to queue
[2026-05-04T01:34:51.901+0300] {logging_mixin.py:190} INFO - [2026-05-04T01:34:51.901+0300] {dagbag.py:588} INFO - Filling up the DagBag from /home/nikita/airflow-setup/ENV/lib/python3.12/site-packages/airflow/example_dags/tutorial_taskflow_api_virtualenv.py
[2026-05-04T01:34:51.921+0300] {logging_mixin.py:190} INFO - [2026-05-04T01:34:51.921+0300] {tutorial_taskflow_api_virtualenv.py:29} WARNING - The tutorial_taskflow_api_virtualenv example DAG requires virtualenv, please install it.
[2026-05-04T01:34:51.922+0300] {processor.py:927} WARNING - No viable dags retrieved from /home/nikita/airflow-setup/ENV/lib/python3.12/site-packages/airflow/example_dags/tutorial_taskflow_api_virtualenv.py
[2026-05-04T01:34:51.932+0300] {processor.py:208} INFO - Processing /home/nikita/airflow-setup/ENV/lib/python3.12/site-packages/airflow/example_dags/tutorial_taskflow_api_virtualenv.py took 0.039 seconds
[2026-05-04T01:35:54.076+0300] {processor.py:186} INFO - Started process (PID=21740) to work on /home/nikita/airflow-setup/ENV/lib/python3.12/site-packages/airflow/example_dags/tutorial_taskflow_api_virtualenv.py
[2026-05-04T01:35:54.085+0300] {processor.py:914} INFO - Processing file /home/nikita/airflow-setup/ENV/lib/python3.12/site-packages/airflow/example_dags/tutorial_taskflow_api_virtualenv.py for tasks to queue
[2026-05-04T01:35:54.087+0300] {logging_mixin.py:190} INFO - [2026-05-04T01:35:54.086+0300] {dagbag.py:588} INFO - Filling up the DagBag from /home/nikita/airflow-setup/ENV/lib/python3.12/site-packages/airflow/example_dags/tutorial_taskflow_api_virtualenv.py
[2026-05-04T01:35:54.101+0300] {logging_mixin.py:190} INFO - [2026-05-04T01:35:54.100+0300] {tutorial_taskflow_api_virtualenv.py:29} WARNING - The tutorial_taskflow_api_virtualenv example DAG requires virtualenv, please install it.
[2026-05-04T01:35:54.101+0300] {processor.py:927} WARNING - No viable dags retrieved from /home/nikita/airflow-setup/ENV/lib/python3.12/site-packages/airflow/example_dags/tutorial_taskflow_api_virtualenv.py
[2026-05-04T01:35:54.110+0300] {processor.py:208} INFO - Processing /home/nikita/airflow-setup/ENV/lib/python3.12/site-packages/airflow/example_dags/tutorial_taskflow_api_virtualenv.py took 0.038 seconds
