[2026-05-04T00:46:04.396+0300] {processor.py:186} INFO - Started process (PID=5964) to work on /home/nikita/airflow-setup/ENV/lib/python3.12/site-packages/airflow/example_dags/tutorial.py
[2026-05-04T00:46:04.396+0300] {processor.py:914} INFO - Processing file /home/nikita/airflow-setup/ENV/lib/python3.12/site-packages/airflow/example_dags/tutorial.py for tasks to queue
[2026-05-04T00:46:04.398+0300] {logging_mixin.py:190} INFO - [2026-05-04T00:46:04.397+0300] {dagbag.py:588} INFO - Filling up the DagBag from /home/nikita/airflow-setup/ENV/lib/python3.12/site-packages/airflow/example_dags/tutorial.py
[2026-05-04T00:46:04.403+0300] {processor.py:925} INFO - DAG(s) 'tutorial' retrieved from /home/nikita/airflow-setup/ENV/lib/python3.12/site-packages/airflow/example_dags/tutorial.py
[2026-05-04T00:46:04.478+0300] {logging_mixin.py:190} INFO - [2026-05-04T00:46:04.477+0300] {override.py:1930} INFO - Created Permission View: can read on DAG:tutorial
[2026-05-04T00:46:04.485+0300] {logging_mixin.py:190} INFO - [2026-05-04T00:46:04.485+0300] {override.py:1930} INFO - Created Permission View: can delete on DAG:tutorial
[2026-05-04T00:46:04.490+0300] {logging_mixin.py:190} INFO - [2026-05-04T00:46:04.490+0300] {override.py:1930} INFO - Created Permission View: can edit on DAG:tutorial
[2026-05-04T00:46:04.498+0300] {logging_mixin.py:190} INFO - [2026-05-04T00:46:04.498+0300] {override.py:1930} INFO - Created Permission View: can read on DAG Run:tutorial
[2026-05-04T00:46:04.504+0300] {logging_mixin.py:190} INFO - [2026-05-04T00:46:04.504+0300] {override.py:1930} INFO - Created Permission View: can delete on DAG Run:tutorial
[2026-05-04T00:46:04.511+0300] {logging_mixin.py:190} INFO - [2026-05-04T00:46:04.511+0300] {override.py:1930} INFO - Created Permission View: menu access on DAG Run:tutorial
[2026-05-04T00:46:04.517+0300] {logging_mixin.py:190} INFO - [2026-05-04T00:46:04.517+0300] {override.py:1930} INFO - Created Permission View: can create on DAG Run:tutorial
[2026-05-04T00:46:04.517+0300] {logging_mixin.py:190} INFO - [2026-05-04T00:46:04.517+0300] {dag.py:3239} INFO - Sync 1 DAGs
[2026-05-04T00:46:04.525+0300] {logging_mixin.py:190} INFO - [2026-05-04T00:46:04.525+0300] {dag.py:3262} INFO - Creating ORM DAG for tutorial
[2026-05-04T00:46:04.531+0300] {logging_mixin.py:190} INFO - [2026-05-04T00:46:04.531+0300] {dag.py:4180} INFO - Setting next_dagrun for tutorial to 2026-05-02 00:00:00+00:00, run_after=2026-05-03 00:00:00+00:00
[2026-05-04T00:46:04.545+0300] {processor.py:208} INFO - Processing /home/nikita/airflow-setup/ENV/lib/python3.12/site-packages/airflow/example_dags/tutorial.py took 0.154 seconds
[2026-05-04T00:47:08.477+0300] {processor.py:186} INFO - Started process (PID=6021) to work on /home/nikita/airflow-setup/ENV/lib/python3.12/site-packages/airflow/example_dags/tutorial.py
[2026-05-04T00:47:08.487+0300] {processor.py:914} INFO - Processing file /home/nikita/airflow-setup/ENV/lib/python3.12/site-packages/airflow/example_dags/tutorial.py for tasks to queue
[2026-05-04T00:47:08.489+0300] {logging_mixin.py:190} INFO - [2026-05-04T00:47:08.489+0300] {dagbag.py:588} INFO - Filling up the DagBag from /home/nikita/airflow-setup/ENV/lib/python3.12/site-packages/airflow/example_dags/tutorial.py
[2026-05-04T00:47:08.495+0300] {processor.py:925} INFO - DAG(s) 'tutorial' retrieved from /home/nikita/airflow-setup/ENV/lib/python3.12/site-packages/airflow/example_dags/tutorial.py
[2026-05-04T00:47:08.505+0300] {logging_mixin.py:190} INFO - [2026-05-04T00:47:08.504+0300] {dag.py:3239} INFO - Sync 1 DAGs
[2026-05-04T00:47:08.517+0300] {logging_mixin.py:190} INFO - [2026-05-04T00:47:08.517+0300] {dag.py:4180} INFO - Setting next_dagrun for tutorial to 2026-05-02 00:00:00+00:00, run_after=2026-05-03 00:00:00+00:00
[2026-05-04T00:47:08.533+0300] {processor.py:208} INFO - Processing /home/nikita/airflow-setup/ENV/lib/python3.12/site-packages/airflow/example_dags/tutorial.py took 0.059 seconds
[2026-05-04T00:48:08.927+0300] {processor.py:186} INFO - Started process (PID=6096) to work on /home/nikita/airflow-setup/ENV/lib/python3.12/site-packages/airflow/example_dags/tutorial.py
[2026-05-04T00:48:08.935+0300] {processor.py:914} INFO - Processing file /home/nikita/airflow-setup/ENV/lib/python3.12/site-packages/airflow/example_dags/tutorial.py for tasks to queue
[2026-05-04T00:48:08.937+0300] {logging_mixin.py:190} INFO - [2026-05-04T00:48:08.937+0300] {dagbag.py:588} INFO - Filling up the DagBag from /home/nikita/airflow-setup/ENV/lib/python3.12/site-packages/airflow/example_dags/tutorial.py
[2026-05-04T00:48:08.943+0300] {processor.py:925} INFO - DAG(s) 'tutorial' retrieved from /home/nikita/airflow-setup/ENV/lib/python3.12/site-packages/airflow/example_dags/tutorial.py
[2026-05-04T00:48:08.953+0300] {logging_mixin.py:190} INFO - [2026-05-04T00:48:08.953+0300] {dag.py:3239} INFO - Sync 1 DAGs
[2026-05-04T00:48:08.967+0300] {logging_mixin.py:190} INFO - [2026-05-04T00:48:08.967+0300] {dag.py:4180} INFO - Setting next_dagrun for tutorial to 2026-05-02 00:00:00+00:00, run_after=2026-05-03 00:00:00+00:00
[2026-05-04T00:48:08.984+0300] {processor.py:208} INFO - Processing /home/nikita/airflow-setup/ENV/lib/python3.12/site-packages/airflow/example_dags/tutorial.py took 0.061 seconds
[2026-05-04T00:49:10.051+0300] {processor.py:186} INFO - Started process (PID=6154) to work on /home/nikita/airflow-setup/ENV/lib/python3.12/site-packages/airflow/example_dags/tutorial.py
[2026-05-04T00:49:10.061+0300] {processor.py:914} INFO - Processing file /home/nikita/airflow-setup/ENV/lib/python3.12/site-packages/airflow/example_dags/tutorial.py for tasks to queue
[2026-05-04T00:49:10.063+0300] {logging_mixin.py:190} INFO - [2026-05-04T00:49:10.063+0300] {dagbag.py:588} INFO - Filling up the DagBag from /home/nikita/airflow-setup/ENV/lib/python3.12/site-packages/airflow/example_dags/tutorial.py
[2026-05-04T00:49:10.069+0300] {processor.py:925} INFO - DAG(s) 'tutorial' retrieved from /home/nikita/airflow-setup/ENV/lib/python3.12/site-packages/airflow/example_dags/tutorial.py
[2026-05-04T00:49:10.082+0300] {logging_mixin.py:190} INFO - [2026-05-04T00:49:10.081+0300] {dag.py:3239} INFO - Sync 1 DAGs
[2026-05-04T00:49:10.096+0300] {logging_mixin.py:190} INFO - [2026-05-04T00:49:10.096+0300] {dag.py:4180} INFO - Setting next_dagrun for tutorial to 2026-05-02 00:00:00+00:00, run_after=2026-05-03 00:00:00+00:00
[2026-05-04T00:49:10.112+0300] {processor.py:208} INFO - Processing /home/nikita/airflow-setup/ENV/lib/python3.12/site-packages/airflow/example_dags/tutorial.py took 0.065 seconds
[2026-05-04T00:50:09.394+0300] {processor.py:186} INFO - Started process (PID=6218) to work on /home/nikita/airflow-setup/ENV/lib/python3.12/site-packages/airflow/example_dags/tutorial.py
[2026-05-04T00:50:09.396+0300] {processor.py:914} INFO - Processing file /home/nikita/airflow-setup/ENV/lib/python3.12/site-packages/airflow/example_dags/tutorial.py for tasks to queue
[2026-05-04T00:50:09.398+0300] {logging_mixin.py:190} INFO - [2026-05-04T00:50:09.398+0300] {dagbag.py:588} INFO - Filling up the DagBag from /home/nikita/airflow-setup/ENV/lib/python3.12/site-packages/airflow/example_dags/tutorial.py
[2026-05-04T00:50:09.404+0300] {processor.py:925} INFO - DAG(s) 'tutorial' retrieved from /home/nikita/airflow-setup/ENV/lib/python3.12/site-packages/airflow/example_dags/tutorial.py
[2026-05-04T00:50:09.416+0300] {logging_mixin.py:190} INFO - [2026-05-04T00:50:09.416+0300] {dag.py:3239} INFO - Sync 1 DAGs
[2026-05-04T00:50:09.430+0300] {logging_mixin.py:190} INFO - [2026-05-04T00:50:09.430+0300] {dag.py:4180} INFO - Setting next_dagrun for tutorial to 2026-05-02 00:00:00+00:00, run_after=2026-05-03 00:00:00+00:00
[2026-05-04T00:50:09.448+0300] {processor.py:208} INFO - Processing /home/nikita/airflow-setup/ENV/lib/python3.12/site-packages/airflow/example_dags/tutorial.py took 0.058 seconds
[2026-05-04T00:51:06.055+0300] {processor.py:186} INFO - Started process (PID=6296) to work on /home/nikita/airflow-setup/ENV/lib/python3.12/site-packages/airflow/example_dags/tutorial.py
[2026-05-04T00:51:06.065+0300] {processor.py:914} INFO - Processing file /home/nikita/airflow-setup/ENV/lib/python3.12/site-packages/airflow/example_dags/tutorial.py for tasks to queue
[2026-05-04T00:51:06.069+0300] {logging_mixin.py:190} INFO - [2026-05-04T00:51:06.068+0300] {dagbag.py:588} INFO - Filling up the DagBag from /home/nikita/airflow-setup/ENV/lib/python3.12/site-packages/airflow/example_dags/tutorial.py
[2026-05-04T00:51:06.080+0300] {processor.py:925} INFO - DAG(s) 'tutorial' retrieved from /home/nikita/airflow-setup/ENV/lib/python3.12/site-packages/airflow/example_dags/tutorial.py
[2026-05-04T00:51:06.101+0300] {logging_mixin.py:190} INFO - [2026-05-04T00:51:06.101+0300] {dag.py:3239} INFO - Sync 1 DAGs
[2026-05-04T00:51:06.129+0300] {logging_mixin.py:190} INFO - [2026-05-04T00:51:06.129+0300] {dag.py:4180} INFO - Setting next_dagrun for tutorial to 2026-05-02 00:00:00+00:00, run_after=2026-05-03 00:00:00+00:00
[2026-05-04T00:51:06.152+0300] {processor.py:208} INFO - Processing /home/nikita/airflow-setup/ENV/lib/python3.12/site-packages/airflow/example_dags/tutorial.py took 0.106 seconds
[2026-05-04T00:52:02.754+0300] {processor.py:186} INFO - Started process (PID=6350) to work on /home/nikita/airflow-setup/ENV/lib/python3.12/site-packages/airflow/example_dags/tutorial.py
[2026-05-04T00:52:02.755+0300] {processor.py:914} INFO - Processing file /home/nikita/airflow-setup/ENV/lib/python3.12/site-packages/airflow/example_dags/tutorial.py for tasks to queue
[2026-05-04T00:52:02.757+0300] {logging_mixin.py:190} INFO - [2026-05-04T00:52:02.757+0300] {dagbag.py:588} INFO - Filling up the DagBag from /home/nikita/airflow-setup/ENV/lib/python3.12/site-packages/airflow/example_dags/tutorial.py
[2026-05-04T00:52:02.764+0300] {processor.py:925} INFO - DAG(s) 'tutorial' retrieved from /home/nikita/airflow-setup/ENV/lib/python3.12/site-packages/airflow/example_dags/tutorial.py
[2026-05-04T00:52:02.778+0300] {logging_mixin.py:190} INFO - [2026-05-04T00:52:02.777+0300] {dag.py:3239} INFO - Sync 1 DAGs
[2026-05-04T00:52:02.801+0300] {logging_mixin.py:190} INFO - [2026-05-04T00:52:02.801+0300] {dag.py:4180} INFO - Setting next_dagrun for tutorial to 2026-05-02 00:00:00+00:00, run_after=2026-05-03 00:00:00+00:00
[2026-05-04T00:52:02.827+0300] {processor.py:208} INFO - Processing /home/nikita/airflow-setup/ENV/lib/python3.12/site-packages/airflow/example_dags/tutorial.py took 0.080 seconds
[2026-05-04T00:53:04.755+0300] {processor.py:186} INFO - Started process (PID=6429) to work on /home/nikita/airflow-setup/ENV/lib/python3.12/site-packages/airflow/example_dags/tutorial.py
[2026-05-04T00:53:04.756+0300] {processor.py:914} INFO - Processing file /home/nikita/airflow-setup/ENV/lib/python3.12/site-packages/airflow/example_dags/tutorial.py for tasks to queue
[2026-05-04T00:53:04.758+0300] {logging_mixin.py:190} INFO - [2026-05-04T00:53:04.758+0300] {dagbag.py:588} INFO - Filling up the DagBag from /home/nikita/airflow-setup/ENV/lib/python3.12/site-packages/airflow/example_dags/tutorial.py
[2026-05-04T00:53:04.765+0300] {processor.py:925} INFO - DAG(s) 'tutorial' retrieved from /home/nikita/airflow-setup/ENV/lib/python3.12/site-packages/airflow/example_dags/tutorial.py
[2026-05-04T00:53:04.778+0300] {logging_mixin.py:190} INFO - [2026-05-04T00:53:04.777+0300] {dag.py:3239} INFO - Sync 1 DAGs
[2026-05-04T00:53:04.794+0300] {logging_mixin.py:190} INFO - [2026-05-04T00:53:04.794+0300] {dag.py:4180} INFO - Setting next_dagrun for tutorial to 2026-05-02 00:00:00+00:00, run_after=2026-05-03 00:00:00+00:00
[2026-05-04T00:53:04.814+0300] {processor.py:208} INFO - Processing /home/nikita/airflow-setup/ENV/lib/python3.12/site-packages/airflow/example_dags/tutorial.py took 0.065 seconds
[2026-05-04T00:54:05.793+0300] {processor.py:186} INFO - Started process (PID=6486) to work on /home/nikita/airflow-setup/ENV/lib/python3.12/site-packages/airflow/example_dags/tutorial.py
[2026-05-04T00:54:05.796+0300] {processor.py:914} INFO - Processing file /home/nikita/airflow-setup/ENV/lib/python3.12/site-packages/airflow/example_dags/tutorial.py for tasks to queue
[2026-05-04T00:54:05.797+0300] {logging_mixin.py:190} INFO - [2026-05-04T00:54:05.797+0300] {dagbag.py:588} INFO - Filling up the DagBag from /home/nikita/airflow-setup/ENV/lib/python3.12/site-packages/airflow/example_dags/tutorial.py
[2026-05-04T00:54:05.803+0300] {processor.py:925} INFO - DAG(s) 'tutorial' retrieved from /home/nikita/airflow-setup/ENV/lib/python3.12/site-packages/airflow/example_dags/tutorial.py
[2026-05-04T00:54:05.813+0300] {logging_mixin.py:190} INFO - [2026-05-04T00:54:05.813+0300] {dag.py:3239} INFO - Sync 1 DAGs
[2026-05-04T00:54:05.826+0300] {logging_mixin.py:190} INFO - [2026-05-04T00:54:05.826+0300] {dag.py:4180} INFO - Setting next_dagrun for tutorial to 2026-05-02 00:00:00+00:00, run_after=2026-05-03 00:00:00+00:00
[2026-05-04T00:54:05.841+0300] {processor.py:208} INFO - Processing /home/nikita/airflow-setup/ENV/lib/python3.12/site-packages/airflow/example_dags/tutorial.py took 0.051 seconds
[2026-05-04T00:55:09.816+0300] {processor.py:186} INFO - Started process (PID=6555) to work on /home/nikita/airflow-setup/ENV/lib/python3.12/site-packages/airflow/example_dags/tutorial.py
[2026-05-04T00:55:09.818+0300] {processor.py:914} INFO - Processing file /home/nikita/airflow-setup/ENV/lib/python3.12/site-packages/airflow/example_dags/tutorial.py for tasks to queue
[2026-05-04T00:55:09.820+0300] {logging_mixin.py:190} INFO - [2026-05-04T00:55:09.820+0300] {dagbag.py:588} INFO - Filling up the DagBag from /home/nikita/airflow-setup/ENV/lib/python3.12/site-packages/airflow/example_dags/tutorial.py
[2026-05-04T00:55:09.829+0300] {processor.py:925} INFO - DAG(s) 'tutorial' retrieved from /home/nikita/airflow-setup/ENV/lib/python3.12/site-packages/airflow/example_dags/tutorial.py
[2026-05-04T00:55:09.843+0300] {logging_mixin.py:190} INFO - [2026-05-04T00:55:09.843+0300] {dag.py:3239} INFO - Sync 1 DAGs
[2026-05-04T00:55:09.860+0300] {logging_mixin.py:190} INFO - [2026-05-04T00:55:09.860+0300] {dag.py:4180} INFO - Setting next_dagrun for tutorial to 2026-05-02 00:00:00+00:00, run_after=2026-05-03 00:00:00+00:00
[2026-05-04T00:55:09.882+0300] {processor.py:208} INFO - Processing /home/nikita/airflow-setup/ENV/lib/python3.12/site-packages/airflow/example_dags/tutorial.py took 0.072 seconds
[2026-05-04T00:56:10.261+0300] {processor.py:186} INFO - Started process (PID=6614) to work on /home/nikita/airflow-setup/ENV/lib/python3.12/site-packages/airflow/example_dags/tutorial.py
[2026-05-04T00:56:10.271+0300] {processor.py:914} INFO - Processing file /home/nikita/airflow-setup/ENV/lib/python3.12/site-packages/airflow/example_dags/tutorial.py for tasks to queue
[2026-05-04T00:56:10.272+0300] {logging_mixin.py:190} INFO - [2026-05-04T00:56:10.272+0300] {dagbag.py:588} INFO - Filling up the DagBag from /home/nikita/airflow-setup/ENV/lib/python3.12/site-packages/airflow/example_dags/tutorial.py
[2026-05-04T00:56:10.279+0300] {processor.py:925} INFO - DAG(s) 'tutorial' retrieved from /home/nikita/airflow-setup/ENV/lib/python3.12/site-packages/airflow/example_dags/tutorial.py
[2026-05-04T00:56:10.294+0300] {logging_mixin.py:190} INFO - [2026-05-04T00:56:10.294+0300] {dag.py:3239} INFO - Sync 1 DAGs
[2026-05-04T00:56:10.311+0300] {logging_mixin.py:190} INFO - [2026-05-04T00:56:10.311+0300] {dag.py:4180} INFO - Setting next_dagrun for tutorial to 2026-05-02 00:00:00+00:00, run_after=2026-05-03 00:00:00+00:00
[2026-05-04T00:56:10.329+0300] {processor.py:208} INFO - Processing /home/nikita/airflow-setup/ENV/lib/python3.12/site-packages/airflow/example_dags/tutorial.py took 0.072 seconds
[2026-05-04T00:57:07.823+0300] {processor.py:186} INFO - Started process (PID=6981) to work on /home/nikita/airflow-setup/ENV/lib/python3.12/site-packages/airflow/example_dags/tutorial.py
[2026-05-04T00:57:07.825+0300] {processor.py:914} INFO - Processing file /home/nikita/airflow-setup/ENV/lib/python3.12/site-packages/airflow/example_dags/tutorial.py for tasks to queue
[2026-05-04T00:57:07.827+0300] {logging_mixin.py:190} INFO - [2026-05-04T00:57:07.826+0300] {dagbag.py:588} INFO - Filling up the DagBag from /home/nikita/airflow-setup/ENV/lib/python3.12/site-packages/airflow/example_dags/tutorial.py
[2026-05-04T00:57:07.834+0300] {processor.py:925} INFO - DAG(s) 'tutorial' retrieved from /home/nikita/airflow-setup/ENV/lib/python3.12/site-packages/airflow/example_dags/tutorial.py
[2026-05-04T00:57:07.846+0300] {logging_mixin.py:190} INFO - [2026-05-04T00:57:07.846+0300] {dag.py:3239} INFO - Sync 1 DAGs
[2026-05-04T00:57:07.864+0300] {logging_mixin.py:190} INFO - [2026-05-04T00:57:07.863+0300] {dag.py:4180} INFO - Setting next_dagrun for tutorial to 2026-05-02 00:00:00+00:00, run_after=2026-05-03 00:00:00+00:00
[2026-05-04T00:57:07.882+0300] {processor.py:208} INFO - Processing /home/nikita/airflow-setup/ENV/lib/python3.12/site-packages/airflow/example_dags/tutorial.py took 0.063 seconds
[2026-05-04T00:58:07.884+0300] {processor.py:186} INFO - Started process (PID=7214) to work on /home/nikita/airflow-setup/ENV/lib/python3.12/site-packages/airflow/example_dags/tutorial.py
[2026-05-04T00:58:07.886+0300] {processor.py:914} INFO - Processing file /home/nikita/airflow-setup/ENV/lib/python3.12/site-packages/airflow/example_dags/tutorial.py for tasks to queue
[2026-05-04T00:58:07.889+0300] {logging_mixin.py:190} INFO - [2026-05-04T00:58:07.888+0300] {dagbag.py:588} INFO - Filling up the DagBag from /home/nikita/airflow-setup/ENV/lib/python3.12/site-packages/airflow/example_dags/tutorial.py
[2026-05-04T00:58:07.898+0300] {processor.py:925} INFO - DAG(s) 'tutorial' retrieved from /home/nikita/airflow-setup/ENV/lib/python3.12/site-packages/airflow/example_dags/tutorial.py
[2026-05-04T00:58:07.912+0300] {logging_mixin.py:190} INFO - [2026-05-04T00:58:07.912+0300] {dag.py:3239} INFO - Sync 1 DAGs
[2026-05-04T00:58:07.929+0300] {logging_mixin.py:190} INFO - [2026-05-04T00:58:07.928+0300] {dag.py:4180} INFO - Setting next_dagrun for tutorial to 2026-05-02 00:00:00+00:00, run_after=2026-05-03 00:00:00+00:00
[2026-05-04T00:58:07.951+0300] {processor.py:208} INFO - Processing /home/nikita/airflow-setup/ENV/lib/python3.12/site-packages/airflow/example_dags/tutorial.py took 0.071 seconds
[2026-05-04T00:59:05.288+0300] {processor.py:186} INFO - Started process (PID=7433) to work on /home/nikita/airflow-setup/ENV/lib/python3.12/site-packages/airflow/example_dags/tutorial.py
[2026-05-04T00:59:05.297+0300] {processor.py:914} INFO - Processing file /home/nikita/airflow-setup/ENV/lib/python3.12/site-packages/airflow/example_dags/tutorial.py for tasks to queue
[2026-05-04T00:59:05.299+0300] {logging_mixin.py:190} INFO - [2026-05-04T00:59:05.298+0300] {dagbag.py:588} INFO - Filling up the DagBag from /home/nikita/airflow-setup/ENV/lib/python3.12/site-packages/airflow/example_dags/tutorial.py
[2026-05-04T00:59:05.307+0300] {processor.py:925} INFO - DAG(s) 'tutorial' retrieved from /home/nikita/airflow-setup/ENV/lib/python3.12/site-packages/airflow/example_dags/tutorial.py
[2026-05-04T00:59:05.322+0300] {logging_mixin.py:190} INFO - [2026-05-04T00:59:05.322+0300] {dag.py:3239} INFO - Sync 1 DAGs
[2026-05-04T00:59:05.339+0300] {logging_mixin.py:190} INFO - [2026-05-04T00:59:05.339+0300] {dag.py:4180} INFO - Setting next_dagrun for tutorial to 2026-05-02 00:00:00+00:00, run_after=2026-05-03 00:00:00+00:00
[2026-05-04T00:59:05.358+0300] {processor.py:208} INFO - Processing /home/nikita/airflow-setup/ENV/lib/python3.12/site-packages/airflow/example_dags/tutorial.py took 0.074 seconds
[2026-05-04T01:00:04.553+0300] {processor.py:186} INFO - Started process (PID=8264) to work on /home/nikita/airflow-setup/ENV/lib/python3.12/site-packages/airflow/example_dags/tutorial.py
[2026-05-04T01:00:04.562+0300] {processor.py:914} INFO - Processing file /home/nikita/airflow-setup/ENV/lib/python3.12/site-packages/airflow/example_dags/tutorial.py for tasks to queue
[2026-05-04T01:00:04.564+0300] {logging_mixin.py:190} INFO - [2026-05-04T01:00:04.564+0300] {dagbag.py:588} INFO - Filling up the DagBag from /home/nikita/airflow-setup/ENV/lib/python3.12/site-packages/airflow/example_dags/tutorial.py
[2026-05-04T01:00:04.571+0300] {processor.py:925} INFO - DAG(s) 'tutorial' retrieved from /home/nikita/airflow-setup/ENV/lib/python3.12/site-packages/airflow/example_dags/tutorial.py
[2026-05-04T01:00:04.583+0300] {logging_mixin.py:190} INFO - [2026-05-04T01:00:04.583+0300] {dag.py:3239} INFO - Sync 1 DAGs
[2026-05-04T01:00:04.597+0300] {logging_mixin.py:190} INFO - [2026-05-04T01:00:04.597+0300] {dag.py:4180} INFO - Setting next_dagrun for tutorial to 2026-05-02 00:00:00+00:00, run_after=2026-05-03 00:00:00+00:00
[2026-05-04T01:00:04.613+0300] {processor.py:208} INFO - Processing /home/nikita/airflow-setup/ENV/lib/python3.12/site-packages/airflow/example_dags/tutorial.py took 0.065 seconds
[2026-05-04T01:01:11.168+0300] {processor.py:186} INFO - Started process (PID=8627) to work on /home/nikita/airflow-setup/ENV/lib/python3.12/site-packages/airflow/example_dags/tutorial.py
[2026-05-04T01:01:11.170+0300] {processor.py:914} INFO - Processing file /home/nikita/airflow-setup/ENV/lib/python3.12/site-packages/airflow/example_dags/tutorial.py for tasks to queue
[2026-05-04T01:01:11.171+0300] {logging_mixin.py:190} INFO - [2026-05-04T01:01:11.170+0300] {dagbag.py:588} INFO - Filling up the DagBag from /home/nikita/airflow-setup/ENV/lib/python3.12/site-packages/airflow/example_dags/tutorial.py
[2026-05-04T01:01:11.177+0300] {processor.py:925} INFO - DAG(s) 'tutorial' retrieved from /home/nikita/airflow-setup/ENV/lib/python3.12/site-packages/airflow/example_dags/tutorial.py
[2026-05-04T01:01:11.188+0300] {logging_mixin.py:190} INFO - [2026-05-04T01:01:11.187+0300] {dag.py:3239} INFO - Sync 1 DAGs
[2026-05-04T01:01:11.200+0300] {logging_mixin.py:190} INFO - [2026-05-04T01:01:11.200+0300] {dag.py:4180} INFO - Setting next_dagrun for tutorial to 2026-05-02 00:00:00+00:00, run_after=2026-05-03 00:00:00+00:00
[2026-05-04T01:01:11.215+0300] {processor.py:208} INFO - Processing /home/nikita/airflow-setup/ENV/lib/python3.12/site-packages/airflow/example_dags/tutorial.py took 0.052 seconds
[2026-05-04T01:02:19.765+0300] {processor.py:186} INFO - Started process (PID=9256) to work on /home/nikita/airflow-setup/ENV/lib/python3.12/site-packages/airflow/example_dags/tutorial.py
[2026-05-04T01:02:19.774+0300] {processor.py:914} INFO - Processing file /home/nikita/airflow-setup/ENV/lib/python3.12/site-packages/airflow/example_dags/tutorial.py for tasks to queue
[2026-05-04T01:02:19.775+0300] {logging_mixin.py:190} INFO - [2026-05-04T01:02:19.775+0300] {dagbag.py:588} INFO - Filling up the DagBag from /home/nikita/airflow-setup/ENV/lib/python3.12/site-packages/airflow/example_dags/tutorial.py
[2026-05-04T01:02:19.783+0300] {processor.py:925} INFO - DAG(s) 'tutorial' retrieved from /home/nikita/airflow-setup/ENV/lib/python3.12/site-packages/airflow/example_dags/tutorial.py
[2026-05-04T01:02:19.796+0300] {logging_mixin.py:190} INFO - [2026-05-04T01:02:19.795+0300] {dag.py:3239} INFO - Sync 1 DAGs
[2026-05-04T01:02:19.814+0300] {logging_mixin.py:190} INFO - [2026-05-04T01:02:19.814+0300] {dag.py:4180} INFO - Setting next_dagrun for tutorial to 2026-05-02 00:00:00+00:00, run_after=2026-05-03 00:00:00+00:00
[2026-05-04T01:02:19.830+0300] {processor.py:208} INFO - Processing /home/nikita/airflow-setup/ENV/lib/python3.12/site-packages/airflow/example_dags/tutorial.py took 0.069 seconds
[2026-05-04T01:03:23.793+0300] {processor.py:186} INFO - Started process (PID=9684) to work on /home/nikita/airflow-setup/ENV/lib/python3.12/site-packages/airflow/example_dags/tutorial.py
[2026-05-04T01:03:23.802+0300] {processor.py:914} INFO - Processing file /home/nikita/airflow-setup/ENV/lib/python3.12/site-packages/airflow/example_dags/tutorial.py for tasks to queue
[2026-05-04T01:03:23.803+0300] {logging_mixin.py:190} INFO - [2026-05-04T01:03:23.802+0300] {dagbag.py:588} INFO - Filling up the DagBag from /home/nikita/airflow-setup/ENV/lib/python3.12/site-packages/airflow/example_dags/tutorial.py
[2026-05-04T01:03:23.810+0300] {processor.py:925} INFO - DAG(s) 'tutorial' retrieved from /home/nikita/airflow-setup/ENV/lib/python3.12/site-packages/airflow/example_dags/tutorial.py
[2026-05-04T01:03:23.820+0300] {logging_mixin.py:190} INFO - [2026-05-04T01:03:23.820+0300] {dag.py:3239} INFO - Sync 1 DAGs
[2026-05-04T01:03:23.833+0300] {logging_mixin.py:190} INFO - [2026-05-04T01:03:23.833+0300] {dag.py:4180} INFO - Setting next_dagrun for tutorial to 2026-05-02 00:00:00+00:00, run_after=2026-05-03 00:00:00+00:00
[2026-05-04T01:03:23.848+0300] {processor.py:208} INFO - Processing /home/nikita/airflow-setup/ENV/lib/python3.12/site-packages/airflow/example_dags/tutorial.py took 0.059 seconds
[2026-05-04T01:04:25.515+0300] {processor.py:186} INFO - Started process (PID=9952) to work on /home/nikita/airflow-setup/ENV/lib/python3.12/site-packages/airflow/example_dags/tutorial.py
[2026-05-04T01:04:25.517+0300] {processor.py:914} INFO - Processing file /home/nikita/airflow-setup/ENV/lib/python3.12/site-packages/airflow/example_dags/tutorial.py for tasks to queue
[2026-05-04T01:04:25.518+0300] {logging_mixin.py:190} INFO - [2026-05-04T01:04:25.518+0300] {dagbag.py:588} INFO - Filling up the DagBag from /home/nikita/airflow-setup/ENV/lib/python3.12/site-packages/airflow/example_dags/tutorial.py
[2026-05-04T01:04:25.525+0300] {processor.py:925} INFO - DAG(s) 'tutorial' retrieved from /home/nikita/airflow-setup/ENV/lib/python3.12/site-packages/airflow/example_dags/tutorial.py
[2026-05-04T01:04:25.537+0300] {logging_mixin.py:190} INFO - [2026-05-04T01:04:25.537+0300] {dag.py:3239} INFO - Sync 1 DAGs
[2026-05-04T01:04:25.553+0300] {logging_mixin.py:190} INFO - [2026-05-04T01:04:25.553+0300] {dag.py:4180} INFO - Setting next_dagrun for tutorial to 2026-05-02 00:00:00+00:00, run_after=2026-05-03 00:00:00+00:00
[2026-05-04T01:04:25.569+0300] {processor.py:208} INFO - Processing /home/nikita/airflow-setup/ENV/lib/python3.12/site-packages/airflow/example_dags/tutorial.py took 0.058 seconds
[2026-05-04T01:05:32.942+0300] {processor.py:186} INFO - Started process (PID=10214) to work on /home/nikita/airflow-setup/ENV/lib/python3.12/site-packages/airflow/example_dags/tutorial.py
[2026-05-04T01:05:32.952+0300] {processor.py:914} INFO - Processing file /home/nikita/airflow-setup/ENV/lib/python3.12/site-packages/airflow/example_dags/tutorial.py for tasks to queue
[2026-05-04T01:05:32.953+0300] {logging_mixin.py:190} INFO - [2026-05-04T01:05:32.952+0300] {dagbag.py:588} INFO - Filling up the DagBag from /home/nikita/airflow-setup/ENV/lib/python3.12/site-packages/airflow/example_dags/tutorial.py
[2026-05-04T01:05:32.960+0300] {processor.py:925} INFO - DAG(s) 'tutorial' retrieved from /home/nikita/airflow-setup/ENV/lib/python3.12/site-packages/airflow/example_dags/tutorial.py
[2026-05-04T01:05:32.971+0300] {logging_mixin.py:190} INFO - [2026-05-04T01:05:32.971+0300] {dag.py:3239} INFO - Sync 1 DAGs
[2026-05-04T01:05:32.986+0300] {logging_mixin.py:190} INFO - [2026-05-04T01:05:32.986+0300] {dag.py:4180} INFO - Setting next_dagrun for tutorial to 2026-05-02 00:00:00+00:00, run_after=2026-05-03 00:00:00+00:00
[2026-05-04T01:05:33.002+0300] {processor.py:208} INFO - Processing /home/nikita/airflow-setup/ENV/lib/python3.12/site-packages/airflow/example_dags/tutorial.py took 0.064 seconds
[2026-05-04T01:06:37.393+0300] {processor.py:186} INFO - Started process (PID=10490) to work on /home/nikita/airflow-setup/ENV/lib/python3.12/site-packages/airflow/example_dags/tutorial.py
[2026-05-04T01:06:37.402+0300] {processor.py:914} INFO - Processing file /home/nikita/airflow-setup/ENV/lib/python3.12/site-packages/airflow/example_dags/tutorial.py for tasks to queue
[2026-05-04T01:06:37.403+0300] {logging_mixin.py:190} INFO - [2026-05-04T01:06:37.402+0300] {dagbag.py:588} INFO - Filling up the DagBag from /home/nikita/airflow-setup/ENV/lib/python3.12/site-packages/airflow/example_dags/tutorial.py
[2026-05-04T01:06:37.410+0300] {processor.py:925} INFO - DAG(s) 'tutorial' retrieved from /home/nikita/airflow-setup/ENV/lib/python3.12/site-packages/airflow/example_dags/tutorial.py
[2026-05-04T01:06:37.421+0300] {logging_mixin.py:190} INFO - [2026-05-04T01:06:37.421+0300] {dag.py:3239} INFO - Sync 1 DAGs
[2026-05-04T01:06:37.435+0300] {logging_mixin.py:190} INFO - [2026-05-04T01:06:37.434+0300] {dag.py:4180} INFO - Setting next_dagrun for tutorial to 2026-05-02 00:00:00+00:00, run_after=2026-05-03 00:00:00+00:00
[2026-05-04T01:06:37.450+0300] {processor.py:208} INFO - Processing /home/nikita/airflow-setup/ENV/lib/python3.12/site-packages/airflow/example_dags/tutorial.py took 0.061 seconds
[2026-05-04T01:07:46.324+0300] {processor.py:186} INFO - Started process (PID=10748) to work on /home/nikita/airflow-setup/ENV/lib/python3.12/site-packages/airflow/example_dags/tutorial.py
[2026-05-04T01:07:46.333+0300] {processor.py:914} INFO - Processing file /home/nikita/airflow-setup/ENV/lib/python3.12/site-packages/airflow/example_dags/tutorial.py for tasks to queue
[2026-05-04T01:07:46.334+0300] {logging_mixin.py:190} INFO - [2026-05-04T01:07:46.334+0300] {dagbag.py:588} INFO - Filling up the DagBag from /home/nikita/airflow-setup/ENV/lib/python3.12/site-packages/airflow/example_dags/tutorial.py
[2026-05-04T01:07:46.341+0300] {processor.py:925} INFO - DAG(s) 'tutorial' retrieved from /home/nikita/airflow-setup/ENV/lib/python3.12/site-packages/airflow/example_dags/tutorial.py
[2026-05-04T01:07:46.355+0300] {logging_mixin.py:190} INFO - [2026-05-04T01:07:46.355+0300] {dag.py:3239} INFO - Sync 1 DAGs
[2026-05-04T01:07:46.370+0300] {logging_mixin.py:190} INFO - [2026-05-04T01:07:46.370+0300] {dag.py:4180} INFO - Setting next_dagrun for tutorial to 2026-05-02 00:00:00+00:00, run_after=2026-05-03 00:00:00+00:00
[2026-05-04T01:07:46.389+0300] {processor.py:208} INFO - Processing /home/nikita/airflow-setup/ENV/lib/python3.12/site-packages/airflow/example_dags/tutorial.py took 0.069 seconds
[2026-05-04T01:08:53.225+0300] {processor.py:186} INFO - Started process (PID=11296) to work on /home/nikita/airflow-setup/ENV/lib/python3.12/site-packages/airflow/example_dags/tutorial.py
[2026-05-04T01:08:53.230+0300] {processor.py:914} INFO - Processing file /home/nikita/airflow-setup/ENV/lib/python3.12/site-packages/airflow/example_dags/tutorial.py for tasks to queue
[2026-05-04T01:08:53.232+0300] {logging_mixin.py:190} INFO - [2026-05-04T01:08:53.231+0300] {dagbag.py:588} INFO - Filling up the DagBag from /home/nikita/airflow-setup/ENV/lib/python3.12/site-packages/airflow/example_dags/tutorial.py
[2026-05-04T01:08:53.240+0300] {processor.py:925} INFO - DAG(s) 'tutorial' retrieved from /home/nikita/airflow-setup/ENV/lib/python3.12/site-packages/airflow/example_dags/tutorial.py
[2026-05-04T01:08:53.253+0300] {logging_mixin.py:190} INFO - [2026-05-04T01:08:53.252+0300] {dag.py:3239} INFO - Sync 1 DAGs
[2026-05-04T01:08:53.269+0300] {logging_mixin.py:190} INFO - [2026-05-04T01:08:53.269+0300] {dag.py:4180} INFO - Setting next_dagrun for tutorial to 2026-05-02 00:00:00+00:00, run_after=2026-05-03 00:00:00+00:00
[2026-05-04T01:08:53.286+0300] {processor.py:208} INFO - Processing /home/nikita/airflow-setup/ENV/lib/python3.12/site-packages/airflow/example_dags/tutorial.py took 0.065 seconds
[2026-05-04T01:10:02.889+0300] {processor.py:186} INFO - Started process (PID=12203) to work on /home/nikita/airflow-setup/ENV/lib/python3.12/site-packages/airflow/example_dags/tutorial.py
[2026-05-04T01:10:02.898+0300] {processor.py:914} INFO - Processing file /home/nikita/airflow-setup/ENV/lib/python3.12/site-packages/airflow/example_dags/tutorial.py for tasks to queue
[2026-05-04T01:10:02.900+0300] {logging_mixin.py:190} INFO - [2026-05-04T01:10:02.899+0300] {dagbag.py:588} INFO - Filling up the DagBag from /home/nikita/airflow-setup/ENV/lib/python3.12/site-packages/airflow/example_dags/tutorial.py
[2026-05-04T01:10:02.909+0300] {processor.py:925} INFO - DAG(s) 'tutorial' retrieved from /home/nikita/airflow-setup/ENV/lib/python3.12/site-packages/airflow/example_dags/tutorial.py
[2026-05-04T01:10:02.922+0300] {logging_mixin.py:190} INFO - [2026-05-04T01:10:02.922+0300] {dag.py:3239} INFO - Sync 1 DAGs
[2026-05-04T01:10:02.937+0300] {logging_mixin.py:190} INFO - [2026-05-04T01:10:02.937+0300] {dag.py:4180} INFO - Setting next_dagrun for tutorial to 2026-05-02 00:00:00+00:00, run_after=2026-05-03 00:00:00+00:00
[2026-05-04T01:10:02.957+0300] {processor.py:208} INFO - Processing /home/nikita/airflow-setup/ENV/lib/python3.12/site-packages/airflow/example_dags/tutorial.py took 0.072 seconds
[2026-05-04T01:11:13.159+0300] {processor.py:186} INFO - Started process (PID=12468) to work on /home/nikita/airflow-setup/ENV/lib/python3.12/site-packages/airflow/example_dags/tutorial.py
[2026-05-04T01:11:13.168+0300] {processor.py:914} INFO - Processing file /home/nikita/airflow-setup/ENV/lib/python3.12/site-packages/airflow/example_dags/tutorial.py for tasks to queue
[2026-05-04T01:11:13.169+0300] {logging_mixin.py:190} INFO - [2026-05-04T01:11:13.169+0300] {dagbag.py:588} INFO - Filling up the DagBag from /home/nikita/airflow-setup/ENV/lib/python3.12/site-packages/airflow/example_dags/tutorial.py
[2026-05-04T01:11:13.177+0300] {processor.py:925} INFO - DAG(s) 'tutorial' retrieved from /home/nikita/airflow-setup/ENV/lib/python3.12/site-packages/airflow/example_dags/tutorial.py
[2026-05-04T01:11:13.188+0300] {logging_mixin.py:190} INFO - [2026-05-04T01:11:13.188+0300] {dag.py:3239} INFO - Sync 1 DAGs
[2026-05-04T01:11:13.202+0300] {logging_mixin.py:190} INFO - [2026-05-04T01:11:13.202+0300] {dag.py:4180} INFO - Setting next_dagrun for tutorial to 2026-05-02 00:00:00+00:00, run_after=2026-05-03 00:00:00+00:00
[2026-05-04T01:11:13.222+0300] {processor.py:208} INFO - Processing /home/nikita/airflow-setup/ENV/lib/python3.12/site-packages/airflow/example_dags/tutorial.py took 0.067 seconds
[2026-05-04T01:12:12.930+0300] {processor.py:186} INFO - Started process (PID=12699) to work on /home/nikita/airflow-setup/ENV/lib/python3.12/site-packages/airflow/example_dags/tutorial.py
[2026-05-04T01:12:12.937+0300] {processor.py:914} INFO - Processing file /home/nikita/airflow-setup/ENV/lib/python3.12/site-packages/airflow/example_dags/tutorial.py for tasks to queue
[2026-05-04T01:12:12.938+0300] {logging_mixin.py:190} INFO - [2026-05-04T01:12:12.938+0300] {dagbag.py:588} INFO - Filling up the DagBag from /home/nikita/airflow-setup/ENV/lib/python3.12/site-packages/airflow/example_dags/tutorial.py
[2026-05-04T01:12:12.945+0300] {processor.py:925} INFO - DAG(s) 'tutorial' retrieved from /home/nikita/airflow-setup/ENV/lib/python3.12/site-packages/airflow/example_dags/tutorial.py
[2026-05-04T01:12:12.956+0300] {logging_mixin.py:190} INFO - [2026-05-04T01:12:12.956+0300] {dag.py:3239} INFO - Sync 1 DAGs
[2026-05-04T01:12:12.969+0300] {logging_mixin.py:190} INFO - [2026-05-04T01:12:12.969+0300] {dag.py:4180} INFO - Setting next_dagrun for tutorial to 2026-05-02 00:00:00+00:00, run_after=2026-05-03 00:00:00+00:00
[2026-05-04T01:12:12.985+0300] {processor.py:208} INFO - Processing /home/nikita/airflow-setup/ENV/lib/python3.12/site-packages/airflow/example_dags/tutorial.py took 0.060 seconds
[2026-05-04T01:13:13.137+0300] {processor.py:186} INFO - Started process (PID=13027) to work on /home/nikita/airflow-setup/ENV/lib/python3.12/site-packages/airflow/example_dags/tutorial.py
[2026-05-04T01:13:13.147+0300] {processor.py:914} INFO - Processing file /home/nikita/airflow-setup/ENV/lib/python3.12/site-packages/airflow/example_dags/tutorial.py for tasks to queue
[2026-05-04T01:13:13.148+0300] {logging_mixin.py:190} INFO - [2026-05-04T01:13:13.147+0300] {dagbag.py:588} INFO - Filling up the DagBag from /home/nikita/airflow-setup/ENV/lib/python3.12/site-packages/airflow/example_dags/tutorial.py
[2026-05-04T01:13:13.155+0300] {processor.py:925} INFO - DAG(s) 'tutorial' retrieved from /home/nikita/airflow-setup/ENV/lib/python3.12/site-packages/airflow/example_dags/tutorial.py
[2026-05-04T01:13:13.167+0300] {logging_mixin.py:190} INFO - [2026-05-04T01:13:13.167+0300] {dag.py:3239} INFO - Sync 1 DAGs
[2026-05-04T01:13:13.183+0300] {logging_mixin.py:190} INFO - [2026-05-04T01:13:13.183+0300] {dag.py:4180} INFO - Setting next_dagrun for tutorial to 2026-05-02 00:00:00+00:00, run_after=2026-05-03 00:00:00+00:00
[2026-05-04T01:13:13.200+0300] {processor.py:208} INFO - Processing /home/nikita/airflow-setup/ENV/lib/python3.12/site-packages/airflow/example_dags/tutorial.py took 0.067 seconds
[2026-05-04T01:14:17.614+0300] {processor.py:186} INFO - Started process (PID=14244) to work on /home/nikita/airflow-setup/ENV/lib/python3.12/site-packages/airflow/example_dags/tutorial.py
[2026-05-04T01:14:17.623+0300] {processor.py:914} INFO - Processing file /home/nikita/airflow-setup/ENV/lib/python3.12/site-packages/airflow/example_dags/tutorial.py for tasks to queue
[2026-05-04T01:14:17.624+0300] {logging_mixin.py:190} INFO - [2026-05-04T01:14:17.624+0300] {dagbag.py:588} INFO - Filling up the DagBag from /home/nikita/airflow-setup/ENV/lib/python3.12/site-packages/airflow/example_dags/tutorial.py
[2026-05-04T01:14:17.631+0300] {processor.py:925} INFO - DAG(s) 'tutorial' retrieved from /home/nikita/airflow-setup/ENV/lib/python3.12/site-packages/airflow/example_dags/tutorial.py
[2026-05-04T01:14:17.642+0300] {logging_mixin.py:190} INFO - [2026-05-04T01:14:17.642+0300] {dag.py:3239} INFO - Sync 1 DAGs
[2026-05-04T01:14:17.655+0300] {logging_mixin.py:190} INFO - [2026-05-04T01:14:17.655+0300] {dag.py:4180} INFO - Setting next_dagrun for tutorial to 2026-05-02 00:00:00+00:00, run_after=2026-05-03 00:00:00+00:00
[2026-05-04T01:14:17.672+0300] {processor.py:208} INFO - Processing /home/nikita/airflow-setup/ENV/lib/python3.12/site-packages/airflow/example_dags/tutorial.py took 0.062 seconds
[2026-05-04T01:15:27.032+0300] {processor.py:186} INFO - Started process (PID=14505) to work on /home/nikita/airflow-setup/ENV/lib/python3.12/site-packages/airflow/example_dags/tutorial.py
[2026-05-04T01:15:27.033+0300] {processor.py:914} INFO - Processing file /home/nikita/airflow-setup/ENV/lib/python3.12/site-packages/airflow/example_dags/tutorial.py for tasks to queue
[2026-05-04T01:15:27.034+0300] {logging_mixin.py:190} INFO - [2026-05-04T01:15:27.034+0300] {dagbag.py:588} INFO - Filling up the DagBag from /home/nikita/airflow-setup/ENV/lib/python3.12/site-packages/airflow/example_dags/tutorial.py
[2026-05-04T01:15:27.042+0300] {processor.py:925} INFO - DAG(s) 'tutorial' retrieved from /home/nikita/airflow-setup/ENV/lib/python3.12/site-packages/airflow/example_dags/tutorial.py
[2026-05-04T01:15:27.053+0300] {logging_mixin.py:190} INFO - [2026-05-04T01:15:27.053+0300] {dag.py:3239} INFO - Sync 1 DAGs
[2026-05-04T01:15:27.066+0300] {logging_mixin.py:190} INFO - [2026-05-04T01:15:27.066+0300] {dag.py:4180} INFO - Setting next_dagrun for tutorial to 2026-05-02 00:00:00+00:00, run_after=2026-05-03 00:00:00+00:00
[2026-05-04T01:15:27.083+0300] {processor.py:208} INFO - Processing /home/nikita/airflow-setup/ENV/lib/python3.12/site-packages/airflow/example_dags/tutorial.py took 0.055 seconds
[2026-05-04T01:16:35.920+0300] {processor.py:186} INFO - Started process (PID=15726) to work on /home/nikita/airflow-setup/ENV/lib/python3.12/site-packages/airflow/example_dags/tutorial.py
[2026-05-04T01:16:35.930+0300] {processor.py:914} INFO - Processing file /home/nikita/airflow-setup/ENV/lib/python3.12/site-packages/airflow/example_dags/tutorial.py for tasks to queue
[2026-05-04T01:16:35.931+0300] {logging_mixin.py:190} INFO - [2026-05-04T01:16:35.931+0300] {dagbag.py:588} INFO - Filling up the DagBag from /home/nikita/airflow-setup/ENV/lib/python3.12/site-packages/airflow/example_dags/tutorial.py
[2026-05-04T01:16:35.938+0300] {processor.py:925} INFO - DAG(s) 'tutorial' retrieved from /home/nikita/airflow-setup/ENV/lib/python3.12/site-packages/airflow/example_dags/tutorial.py
[2026-05-04T01:16:35.949+0300] {logging_mixin.py:190} INFO - [2026-05-04T01:16:35.949+0300] {dag.py:3239} INFO - Sync 1 DAGs
[2026-05-04T01:16:35.961+0300] {logging_mixin.py:190} INFO - [2026-05-04T01:16:35.961+0300] {dag.py:4180} INFO - Setting next_dagrun for tutorial to 2026-05-02 00:00:00+00:00, run_after=2026-05-03 00:00:00+00:00
[2026-05-04T01:16:35.977+0300] {processor.py:208} INFO - Processing /home/nikita/airflow-setup/ENV/lib/python3.12/site-packages/airflow/example_dags/tutorial.py took 0.061 seconds
[2026-05-04T01:17:45.519+0300] {processor.py:186} INFO - Started process (PID=15987) to work on /home/nikita/airflow-setup/ENV/lib/python3.12/site-packages/airflow/example_dags/tutorial.py
[2026-05-04T01:17:45.528+0300] {processor.py:914} INFO - Processing file /home/nikita/airflow-setup/ENV/lib/python3.12/site-packages/airflow/example_dags/tutorial.py for tasks to queue
[2026-05-04T01:17:45.529+0300] {logging_mixin.py:190} INFO - [2026-05-04T01:17:45.529+0300] {dagbag.py:588} INFO - Filling up the DagBag from /home/nikita/airflow-setup/ENV/lib/python3.12/site-packages/airflow/example_dags/tutorial.py
[2026-05-04T01:17:45.536+0300] {processor.py:925} INFO - DAG(s) 'tutorial' retrieved from /home/nikita/airflow-setup/ENV/lib/python3.12/site-packages/airflow/example_dags/tutorial.py
[2026-05-04T01:17:45.549+0300] {logging_mixin.py:190} INFO - [2026-05-04T01:17:45.549+0300] {dag.py:3239} INFO - Sync 1 DAGs
[2026-05-04T01:17:45.565+0300] {logging_mixin.py:190} INFO - [2026-05-04T01:17:45.565+0300] {dag.py:4180} INFO - Setting next_dagrun for tutorial to 2026-05-02 00:00:00+00:00, run_after=2026-05-03 00:00:00+00:00
[2026-05-04T01:17:45.583+0300] {processor.py:208} INFO - Processing /home/nikita/airflow-setup/ENV/lib/python3.12/site-packages/airflow/example_dags/tutorial.py took 0.068 seconds
[2026-05-04T01:18:53.342+0300] {processor.py:186} INFO - Started process (PID=16245) to work on /home/nikita/airflow-setup/ENV/lib/python3.12/site-packages/airflow/example_dags/tutorial.py
[2026-05-04T01:18:53.352+0300] {processor.py:914} INFO - Processing file /home/nikita/airflow-setup/ENV/lib/python3.12/site-packages/airflow/example_dags/tutorial.py for tasks to queue
[2026-05-04T01:18:53.353+0300] {logging_mixin.py:190} INFO - [2026-05-04T01:18:53.353+0300] {dagbag.py:588} INFO - Filling up the DagBag from /home/nikita/airflow-setup/ENV/lib/python3.12/site-packages/airflow/example_dags/tutorial.py
[2026-05-04T01:18:53.360+0300] {processor.py:925} INFO - DAG(s) 'tutorial' retrieved from /home/nikita/airflow-setup/ENV/lib/python3.12/site-packages/airflow/example_dags/tutorial.py
[2026-05-04T01:18:53.370+0300] {logging_mixin.py:190} INFO - [2026-05-04T01:18:53.370+0300] {dag.py:3239} INFO - Sync 1 DAGs
[2026-05-04T01:18:53.383+0300] {logging_mixin.py:190} INFO - [2026-05-04T01:18:53.383+0300] {dag.py:4180} INFO - Setting next_dagrun for tutorial to 2026-05-02 00:00:00+00:00, run_after=2026-05-03 00:00:00+00:00
[2026-05-04T01:18:53.399+0300] {processor.py:208} INFO - Processing /home/nikita/airflow-setup/ENV/lib/python3.12/site-packages/airflow/example_dags/tutorial.py took 0.061 seconds
[2026-05-04T01:19:55.749+0300] {processor.py:186} INFO - Started process (PID=16493) to work on /home/nikita/airflow-setup/ENV/lib/python3.12/site-packages/airflow/example_dags/tutorial.py
[2026-05-04T01:19:55.757+0300] {processor.py:914} INFO - Processing file /home/nikita/airflow-setup/ENV/lib/python3.12/site-packages/airflow/example_dags/tutorial.py for tasks to queue
[2026-05-04T01:19:55.758+0300] {logging_mixin.py:190} INFO - [2026-05-04T01:19:55.758+0300] {dagbag.py:588} INFO - Filling up the DagBag from /home/nikita/airflow-setup/ENV/lib/python3.12/site-packages/airflow/example_dags/tutorial.py
[2026-05-04T01:19:55.766+0300] {processor.py:925} INFO - DAG(s) 'tutorial' retrieved from /home/nikita/airflow-setup/ENV/lib/python3.12/site-packages/airflow/example_dags/tutorial.py
[2026-05-04T01:19:55.779+0300] {logging_mixin.py:190} INFO - [2026-05-04T01:19:55.779+0300] {dag.py:3239} INFO - Sync 1 DAGs
[2026-05-04T01:19:55.796+0300] {logging_mixin.py:190} INFO - [2026-05-04T01:19:55.796+0300] {dag.py:4180} INFO - Setting next_dagrun for tutorial to 2026-05-02 00:00:00+00:00, run_after=2026-05-03 00:00:00+00:00
[2026-05-04T01:19:55.816+0300] {processor.py:208} INFO - Processing /home/nikita/airflow-setup/ENV/lib/python3.12/site-packages/airflow/example_dags/tutorial.py took 0.071 seconds
[2026-05-04T01:21:03.426+0300] {processor.py:186} INFO - Started process (PID=16755) to work on /home/nikita/airflow-setup/ENV/lib/python3.12/site-packages/airflow/example_dags/tutorial.py
[2026-05-04T01:21:03.436+0300] {processor.py:914} INFO - Processing file /home/nikita/airflow-setup/ENV/lib/python3.12/site-packages/airflow/example_dags/tutorial.py for tasks to queue
[2026-05-04T01:21:03.437+0300] {logging_mixin.py:190} INFO - [2026-05-04T01:21:03.436+0300] {dagbag.py:588} INFO - Filling up the DagBag from /home/nikita/airflow-setup/ENV/lib/python3.12/site-packages/airflow/example_dags/tutorial.py
[2026-05-04T01:21:03.446+0300] {processor.py:925} INFO - DAG(s) 'tutorial' retrieved from /home/nikita/airflow-setup/ENV/lib/python3.12/site-packages/airflow/example_dags/tutorial.py
[2026-05-04T01:21:03.460+0300] {logging_mixin.py:190} INFO - [2026-05-04T01:21:03.460+0300] {dag.py:3239} INFO - Sync 1 DAGs
[2026-05-04T01:21:03.476+0300] {logging_mixin.py:190} INFO - [2026-05-04T01:21:03.475+0300] {dag.py:4180} INFO - Setting next_dagrun for tutorial to 2026-05-02 00:00:00+00:00, run_after=2026-05-03 00:00:00+00:00
[2026-05-04T01:21:03.495+0300] {processor.py:208} INFO - Processing /home/nikita/airflow-setup/ENV/lib/python3.12/site-packages/airflow/example_dags/tutorial.py took 0.073 seconds
[2026-05-04T01:22:13.133+0300] {processor.py:186} INFO - Started process (PID=17021) to work on /home/nikita/airflow-setup/ENV/lib/python3.12/site-packages/airflow/example_dags/tutorial.py
[2026-05-04T01:22:13.144+0300] {processor.py:914} INFO - Processing file /home/nikita/airflow-setup/ENV/lib/python3.12/site-packages/airflow/example_dags/tutorial.py for tasks to queue
[2026-05-04T01:22:13.145+0300] {logging_mixin.py:190} INFO - [2026-05-04T01:22:13.145+0300] {dagbag.py:588} INFO - Filling up the DagBag from /home/nikita/airflow-setup/ENV/lib/python3.12/site-packages/airflow/example_dags/tutorial.py
[2026-05-04T01:22:13.156+0300] {processor.py:925} INFO - DAG(s) 'tutorial' retrieved from /home/nikita/airflow-setup/ENV/lib/python3.12/site-packages/airflow/example_dags/tutorial.py
[2026-05-04T01:22:13.169+0300] {logging_mixin.py:190} INFO - [2026-05-04T01:22:13.169+0300] {dag.py:3239} INFO - Sync 1 DAGs
[2026-05-04T01:22:13.186+0300] {logging_mixin.py:190} INFO - [2026-05-04T01:22:13.186+0300] {dag.py:4180} INFO - Setting next_dagrun for tutorial to 2026-05-02 00:00:00+00:00, run_after=2026-05-03 00:00:00+00:00
[2026-05-04T01:22:13.207+0300] {processor.py:208} INFO - Processing /home/nikita/airflow-setup/ENV/lib/python3.12/site-packages/airflow/example_dags/tutorial.py took 0.080 seconds
[2026-05-04T01:23:21.335+0300] {processor.py:186} INFO - Started process (PID=17279) to work on /home/nikita/airflow-setup/ENV/lib/python3.12/site-packages/airflow/example_dags/tutorial.py
[2026-05-04T01:23:21.344+0300] {processor.py:914} INFO - Processing file /home/nikita/airflow-setup/ENV/lib/python3.12/site-packages/airflow/example_dags/tutorial.py for tasks to queue
[2026-05-04T01:23:21.346+0300] {logging_mixin.py:190} INFO - [2026-05-04T01:23:21.345+0300] {dagbag.py:588} INFO - Filling up the DagBag from /home/nikita/airflow-setup/ENV/lib/python3.12/site-packages/airflow/example_dags/tutorial.py
[2026-05-04T01:23:21.354+0300] {processor.py:925} INFO - DAG(s) 'tutorial' retrieved from /home/nikita/airflow-setup/ENV/lib/python3.12/site-packages/airflow/example_dags/tutorial.py
[2026-05-04T01:23:21.367+0300] {logging_mixin.py:190} INFO - [2026-05-04T01:23:21.367+0300] {dag.py:3239} INFO - Sync 1 DAGs
[2026-05-04T01:23:21.384+0300] {logging_mixin.py:190} INFO - [2026-05-04T01:23:21.384+0300] {dag.py:4180} INFO - Setting next_dagrun for tutorial to 2026-05-02 00:00:00+00:00, run_after=2026-05-03 00:00:00+00:00
[2026-05-04T01:23:21.403+0300] {processor.py:208} INFO - Processing /home/nikita/airflow-setup/ENV/lib/python3.12/site-packages/airflow/example_dags/tutorial.py took 0.073 seconds
[2026-05-04T01:24:29.110+0300] {processor.py:186} INFO - Started process (PID=17844) to work on /home/nikita/airflow-setup/ENV/lib/python3.12/site-packages/airflow/example_dags/tutorial.py
[2026-05-04T01:24:29.113+0300] {processor.py:914} INFO - Processing file /home/nikita/airflow-setup/ENV/lib/python3.12/site-packages/airflow/example_dags/tutorial.py for tasks to queue
[2026-05-04T01:24:29.114+0300] {logging_mixin.py:190} INFO - [2026-05-04T01:24:29.114+0300] {dagbag.py:588} INFO - Filling up the DagBag from /home/nikita/airflow-setup/ENV/lib/python3.12/site-packages/airflow/example_dags/tutorial.py
[2026-05-04T01:24:29.120+0300] {processor.py:925} INFO - DAG(s) 'tutorial' retrieved from /home/nikita/airflow-setup/ENV/lib/python3.12/site-packages/airflow/example_dags/tutorial.py
[2026-05-04T01:24:29.131+0300] {logging_mixin.py:190} INFO - [2026-05-04T01:24:29.131+0300] {dag.py:3239} INFO - Sync 1 DAGs
[2026-05-04T01:24:29.144+0300] {logging_mixin.py:190} INFO - [2026-05-04T01:24:29.144+0300] {dag.py:4180} INFO - Setting next_dagrun for tutorial to 2026-05-02 00:00:00+00:00, run_after=2026-05-03 00:00:00+00:00
[2026-05-04T01:24:29.162+0300] {processor.py:208} INFO - Processing /home/nikita/airflow-setup/ENV/lib/python3.12/site-packages/airflow/example_dags/tutorial.py took 0.055 seconds
[2026-05-04T01:25:40.530+0300] {processor.py:186} INFO - Started process (PID=18466) to work on /home/nikita/airflow-setup/ENV/lib/python3.12/site-packages/airflow/example_dags/tutorial.py
[2026-05-04T01:25:40.539+0300] {processor.py:914} INFO - Processing file /home/nikita/airflow-setup/ENV/lib/python3.12/site-packages/airflow/example_dags/tutorial.py for tasks to queue
[2026-05-04T01:25:40.541+0300] {logging_mixin.py:190} INFO - [2026-05-04T01:25:40.540+0300] {dagbag.py:588} INFO - Filling up the DagBag from /home/nikita/airflow-setup/ENV/lib/python3.12/site-packages/airflow/example_dags/tutorial.py
[2026-05-04T01:25:40.548+0300] {processor.py:925} INFO - DAG(s) 'tutorial' retrieved from /home/nikita/airflow-setup/ENV/lib/python3.12/site-packages/airflow/example_dags/tutorial.py
[2026-05-04T01:25:40.560+0300] {logging_mixin.py:190} INFO - [2026-05-04T01:25:40.559+0300] {dag.py:3239} INFO - Sync 1 DAGs
[2026-05-04T01:25:40.573+0300] {logging_mixin.py:190} INFO - [2026-05-04T01:25:40.573+0300] {dag.py:4180} INFO - Setting next_dagrun for tutorial to 2026-05-02 00:00:00+00:00, run_after=2026-05-03 00:00:00+00:00
[2026-05-04T01:25:40.590+0300] {processor.py:208} INFO - Processing /home/nikita/airflow-setup/ENV/lib/python3.12/site-packages/airflow/example_dags/tutorial.py took 0.064 seconds
[2026-05-04T01:26:51.428+0300] {processor.py:186} INFO - Started process (PID=19408) to work on /home/nikita/airflow-setup/ENV/lib/python3.12/site-packages/airflow/example_dags/tutorial.py
[2026-05-04T01:26:51.430+0300] {processor.py:914} INFO - Processing file /home/nikita/airflow-setup/ENV/lib/python3.12/site-packages/airflow/example_dags/tutorial.py for tasks to queue
[2026-05-04T01:26:51.431+0300] {logging_mixin.py:190} INFO - [2026-05-04T01:26:51.430+0300] {dagbag.py:588} INFO - Filling up the DagBag from /home/nikita/airflow-setup/ENV/lib/python3.12/site-packages/airflow/example_dags/tutorial.py
[2026-05-04T01:26:51.438+0300] {processor.py:925} INFO - DAG(s) 'tutorial' retrieved from /home/nikita/airflow-setup/ENV/lib/python3.12/site-packages/airflow/example_dags/tutorial.py
[2026-05-04T01:26:51.450+0300] {logging_mixin.py:190} INFO - [2026-05-04T01:26:51.450+0300] {dag.py:3239} INFO - Sync 1 DAGs
[2026-05-04T01:26:51.464+0300] {logging_mixin.py:190} INFO - [2026-05-04T01:26:51.463+0300] {dag.py:4180} INFO - Setting next_dagrun for tutorial to 2026-05-02 00:00:00+00:00, run_after=2026-05-03 00:00:00+00:00
[2026-05-04T01:26:51.481+0300] {processor.py:208} INFO - Processing /home/nikita/airflow-setup/ENV/lib/python3.12/site-packages/airflow/example_dags/tutorial.py took 0.058 seconds
[2026-05-04T01:28:02.559+0300] {processor.py:186} INFO - Started process (PID=19680) to work on /home/nikita/airflow-setup/ENV/lib/python3.12/site-packages/airflow/example_dags/tutorial.py
[2026-05-04T01:28:02.564+0300] {processor.py:914} INFO - Processing file /home/nikita/airflow-setup/ENV/lib/python3.12/site-packages/airflow/example_dags/tutorial.py for tasks to queue
[2026-05-04T01:28:02.565+0300] {logging_mixin.py:190} INFO - [2026-05-04T01:28:02.565+0300] {dagbag.py:588} INFO - Filling up the DagBag from /home/nikita/airflow-setup/ENV/lib/python3.12/site-packages/airflow/example_dags/tutorial.py
[2026-05-04T01:28:02.572+0300] {processor.py:925} INFO - DAG(s) 'tutorial' retrieved from /home/nikita/airflow-setup/ENV/lib/python3.12/site-packages/airflow/example_dags/tutorial.py
[2026-05-04T01:28:02.584+0300] {logging_mixin.py:190} INFO - [2026-05-04T01:28:02.584+0300] {dag.py:3239} INFO - Sync 1 DAGs
[2026-05-04T01:28:02.714+0300] {logging_mixin.py:190} INFO - [2026-05-04T01:28:02.714+0300] {dag.py:4180} INFO - Setting next_dagrun for tutorial to 2026-05-02 00:00:00+00:00, run_after=2026-05-03 00:00:00+00:00
[2026-05-04T01:28:02.735+0300] {processor.py:208} INFO - Processing /home/nikita/airflow-setup/ENV/lib/python3.12/site-packages/airflow/example_dags/tutorial.py took 0.181 seconds
[2026-05-04T01:29:12.250+0300] {processor.py:186} INFO - Started process (PID=19942) to work on /home/nikita/airflow-setup/ENV/lib/python3.12/site-packages/airflow/example_dags/tutorial.py
[2026-05-04T01:29:12.258+0300] {processor.py:914} INFO - Processing file /home/nikita/airflow-setup/ENV/lib/python3.12/site-packages/airflow/example_dags/tutorial.py for tasks to queue
[2026-05-04T01:29:12.259+0300] {logging_mixin.py:190} INFO - [2026-05-04T01:29:12.259+0300] {dagbag.py:588} INFO - Filling up the DagBag from /home/nikita/airflow-setup/ENV/lib/python3.12/site-packages/airflow/example_dags/tutorial.py
[2026-05-04T01:29:12.266+0300] {processor.py:925} INFO - DAG(s) 'tutorial' retrieved from /home/nikita/airflow-setup/ENV/lib/python3.12/site-packages/airflow/example_dags/tutorial.py
[2026-05-04T01:29:12.277+0300] {logging_mixin.py:190} INFO - [2026-05-04T01:29:12.277+0300] {dag.py:3239} INFO - Sync 1 DAGs
[2026-05-04T01:29:12.291+0300] {logging_mixin.py:190} INFO - [2026-05-04T01:29:12.291+0300] {dag.py:4180} INFO - Setting next_dagrun for tutorial to 2026-05-02 00:00:00+00:00, run_after=2026-05-03 00:00:00+00:00
[2026-05-04T01:29:12.307+0300] {processor.py:208} INFO - Processing /home/nikita/airflow-setup/ENV/lib/python3.12/site-packages/airflow/example_dags/tutorial.py took 0.061 seconds
[2026-05-04T01:30:24.416+0300] {processor.py:186} INFO - Started process (PID=20213) to work on /home/nikita/airflow-setup/ENV/lib/python3.12/site-packages/airflow/example_dags/tutorial.py
[2026-05-04T01:30:24.425+0300] {processor.py:914} INFO - Processing file /home/nikita/airflow-setup/ENV/lib/python3.12/site-packages/airflow/example_dags/tutorial.py for tasks to queue
[2026-05-04T01:30:24.426+0300] {logging_mixin.py:190} INFO - [2026-05-04T01:30:24.426+0300] {dagbag.py:588} INFO - Filling up the DagBag from /home/nikita/airflow-setup/ENV/lib/python3.12/site-packages/airflow/example_dags/tutorial.py
[2026-05-04T01:30:24.434+0300] {processor.py:925} INFO - DAG(s) 'tutorial' retrieved from /home/nikita/airflow-setup/ENV/lib/python3.12/site-packages/airflow/example_dags/tutorial.py
[2026-05-04T01:30:24.445+0300] {logging_mixin.py:190} INFO - [2026-05-04T01:30:24.445+0300] {dag.py:3239} INFO - Sync 1 DAGs
[2026-05-04T01:30:24.461+0300] {logging_mixin.py:190} INFO - [2026-05-04T01:30:24.461+0300] {dag.py:4180} INFO - Setting next_dagrun for tutorial to 2026-05-02 00:00:00+00:00, run_after=2026-05-03 00:00:00+00:00
[2026-05-04T01:30:24.483+0300] {processor.py:208} INFO - Processing /home/nikita/airflow-setup/ENV/lib/python3.12/site-packages/airflow/example_dags/tutorial.py took 0.072 seconds
[2026-05-04T01:31:41.711+0300] {processor.py:186} INFO - Started process (PID=20503) to work on /home/nikita/airflow-setup/ENV/lib/python3.12/site-packages/airflow/example_dags/tutorial.py
[2026-05-04T01:31:41.720+0300] {processor.py:914} INFO - Processing file /home/nikita/airflow-setup/ENV/lib/python3.12/site-packages/airflow/example_dags/tutorial.py for tasks to queue
[2026-05-04T01:31:41.721+0300] {logging_mixin.py:190} INFO - [2026-05-04T01:31:41.720+0300] {dagbag.py:588} INFO - Filling up the DagBag from /home/nikita/airflow-setup/ENV/lib/python3.12/site-packages/airflow/example_dags/tutorial.py
[2026-05-04T01:31:41.728+0300] {processor.py:925} INFO - DAG(s) 'tutorial' retrieved from /home/nikita/airflow-setup/ENV/lib/python3.12/site-packages/airflow/example_dags/tutorial.py
[2026-05-04T01:31:41.865+0300] {logging_mixin.py:190} INFO - [2026-05-04T01:31:41.864+0300] {dag.py:3239} INFO - Sync 1 DAGs
[2026-05-04T01:31:41.877+0300] {logging_mixin.py:190} INFO - [2026-05-04T01:31:41.877+0300] {dag.py:4180} INFO - Setting next_dagrun for tutorial to 2026-05-02 00:00:00+00:00, run_after=2026-05-03 00:00:00+00:00
[2026-05-04T01:31:41.894+0300] {processor.py:208} INFO - Processing /home/nikita/airflow-setup/ENV/lib/python3.12/site-packages/airflow/example_dags/tutorial.py took 0.187 seconds
[2026-05-04T01:32:48.522+0300] {processor.py:186} INFO - Started process (PID=20888) to work on /home/nikita/airflow-setup/ENV/lib/python3.12/site-packages/airflow/example_dags/tutorial.py
[2026-05-04T01:32:48.524+0300] {processor.py:914} INFO - Processing file /home/nikita/airflow-setup/ENV/lib/python3.12/site-packages/airflow/example_dags/tutorial.py for tasks to queue
[2026-05-04T01:32:48.525+0300] {logging_mixin.py:190} INFO - [2026-05-04T01:32:48.525+0300] {dagbag.py:588} INFO - Filling up the DagBag from /home/nikita/airflow-setup/ENV/lib/python3.12/site-packages/airflow/example_dags/tutorial.py
[2026-05-04T01:32:48.535+0300] {processor.py:925} INFO - DAG(s) 'tutorial' retrieved from /home/nikita/airflow-setup/ENV/lib/python3.12/site-packages/airflow/example_dags/tutorial.py
[2026-05-04T01:32:48.547+0300] {logging_mixin.py:190} INFO - [2026-05-04T01:32:48.547+0300] {dag.py:3239} INFO - Sync 1 DAGs
[2026-05-04T01:32:48.564+0300] {logging_mixin.py:190} INFO - [2026-05-04T01:32:48.563+0300] {dag.py:4180} INFO - Setting next_dagrun for tutorial to 2026-05-02 00:00:00+00:00, run_after=2026-05-03 00:00:00+00:00
[2026-05-04T01:32:48.582+0300] {processor.py:208} INFO - Processing /home/nikita/airflow-setup/ENV/lib/python3.12/site-packages/airflow/example_dags/tutorial.py took 0.065 seconds
[2026-05-04T01:33:52.672+0300] {processor.py:186} INFO - Started process (PID=21269) to work on /home/nikita/airflow-setup/ENV/lib/python3.12/site-packages/airflow/example_dags/tutorial.py
[2026-05-04T01:33:52.680+0300] {processor.py:914} INFO - Processing file /home/nikita/airflow-setup/ENV/lib/python3.12/site-packages/airflow/example_dags/tutorial.py for tasks to queue
[2026-05-04T01:33:52.681+0300] {logging_mixin.py:190} INFO - [2026-05-04T01:33:52.681+0300] {dagbag.py:588} INFO - Filling up the DagBag from /home/nikita/airflow-setup/ENV/lib/python3.12/site-packages/airflow/example_dags/tutorial.py
[2026-05-04T01:33:52.688+0300] {processor.py:925} INFO - DAG(s) 'tutorial' retrieved from /home/nikita/airflow-setup/ENV/lib/python3.12/site-packages/airflow/example_dags/tutorial.py
[2026-05-04T01:33:52.699+0300] {logging_mixin.py:190} INFO - [2026-05-04T01:33:52.698+0300] {dag.py:3239} INFO - Sync 1 DAGs
[2026-05-04T01:33:52.711+0300] {logging_mixin.py:190} INFO - [2026-05-04T01:33:52.711+0300] {dag.py:4180} INFO - Setting next_dagrun for tutorial to 2026-05-02 00:00:00+00:00, run_after=2026-05-03 00:00:00+00:00
[2026-05-04T01:33:52.730+0300] {processor.py:208} INFO - Processing /home/nikita/airflow-setup/ENV/lib/python3.12/site-packages/airflow/example_dags/tutorial.py took 0.062 seconds
[2026-05-04T01:34:57.064+0300] {processor.py:186} INFO - Started process (PID=21513) to work on /home/nikita/airflow-setup/ENV/lib/python3.12/site-packages/airflow/example_dags/tutorial.py
[2026-05-04T01:34:57.073+0300] {processor.py:914} INFO - Processing file /home/nikita/airflow-setup/ENV/lib/python3.12/site-packages/airflow/example_dags/tutorial.py for tasks to queue
[2026-05-04T01:34:57.074+0300] {logging_mixin.py:190} INFO - [2026-05-04T01:34:57.074+0300] {dagbag.py:588} INFO - Filling up the DagBag from /home/nikita/airflow-setup/ENV/lib/python3.12/site-packages/airflow/example_dags/tutorial.py
[2026-05-04T01:34:57.081+0300] {processor.py:925} INFO - DAG(s) 'tutorial' retrieved from /home/nikita/airflow-setup/ENV/lib/python3.12/site-packages/airflow/example_dags/tutorial.py
[2026-05-04T01:34:57.091+0300] {logging_mixin.py:190} INFO - [2026-05-04T01:34:57.091+0300] {dag.py:3239} INFO - Sync 1 DAGs
[2026-05-04T01:34:57.104+0300] {logging_mixin.py:190} INFO - [2026-05-04T01:34:57.104+0300] {dag.py:4180} INFO - Setting next_dagrun for tutorial to 2026-05-02 00:00:00+00:00, run_after=2026-05-03 00:00:00+00:00
[2026-05-04T01:34:57.120+0300] {processor.py:208} INFO - Processing /home/nikita/airflow-setup/ENV/lib/python3.12/site-packages/airflow/example_dags/tutorial.py took 0.061 seconds
[2026-05-04T01:35:59.238+0300] {processor.py:186} INFO - Started process (PID=21756) to work on /home/nikita/airflow-setup/ENV/lib/python3.12/site-packages/airflow/example_dags/tutorial.py
[2026-05-04T01:35:59.247+0300] {processor.py:914} INFO - Processing file /home/nikita/airflow-setup/ENV/lib/python3.12/site-packages/airflow/example_dags/tutorial.py for tasks to queue
[2026-05-04T01:35:59.248+0300] {logging_mixin.py:190} INFO - [2026-05-04T01:35:59.248+0300] {dagbag.py:588} INFO - Filling up the DagBag from /home/nikita/airflow-setup/ENV/lib/python3.12/site-packages/airflow/example_dags/tutorial.py
[2026-05-04T01:35:59.255+0300] {processor.py:925} INFO - DAG(s) 'tutorial' retrieved from /home/nikita/airflow-setup/ENV/lib/python3.12/site-packages/airflow/example_dags/tutorial.py
[2026-05-04T01:35:59.268+0300] {logging_mixin.py:190} INFO - [2026-05-04T01:35:59.267+0300] {dag.py:3239} INFO - Sync 1 DAGs
[2026-05-04T01:35:59.282+0300] {logging_mixin.py:190} INFO - [2026-05-04T01:35:59.282+0300] {dag.py:4180} INFO - Setting next_dagrun for tutorial to 2026-05-02 00:00:00+00:00, run_after=2026-05-03 00:00:00+00:00
[2026-05-04T01:35:59.297+0300] {processor.py:208} INFO - Processing /home/nikita/airflow-setup/ENV/lib/python3.12/site-packages/airflow/example_dags/tutorial.py took 0.063 seconds
