[2026-05-04T01:57:53.754+0300] {local_task_job_runner.py:123} INFO - ::group::Pre task execution logs
[2026-05-04T01:57:53.760+0300] {taskinstance.py:2631} INFO - Dependencies all met for dep_context=non-requeueable deps ti=<TaskInstance: finance_postgres_dag.create_client_table scheduled__2024-01-01T00:00:00+00:00 [queued]>
[2026-05-04T01:57:53.763+0300] {taskinstance.py:2631} INFO - Dependencies all met for dep_context=requeueable deps ti=<TaskInstance: finance_postgres_dag.create_client_table scheduled__2024-01-01T00:00:00+00:00 [queued]>
[2026-05-04T01:57:53.764+0300] {taskinstance.py:2884} INFO - Starting attempt 1 of 2
[2026-05-04T01:57:53.774+0300] {taskinstance.py:2907} INFO - Executing <Task(SQLExecuteQueryOperator): create_client_table> on 2024-01-01 00:00:00+00:00
[2026-05-04T01:57:53.776+0300] {standard_task_runner.py:72} INFO - Started process 25578 to run task
[2026-05-04T01:57:53.780+0300] {standard_task_runner.py:104} INFO - Running: ['airflow', 'tasks', 'run', 'finance_postgres_dag', 'create_client_table', 'scheduled__2024-01-01T00:00:00+00:00', '--job-id', '15', '--raw', '--subdir', '/home/nikita/airflow/dags/finance_postgress_dag.py', '--cfg-path', '/tmp/tmp4r9zgsza']
[2026-05-04T01:57:53.782+0300] {standard_task_runner.py:105} INFO - Job 15: Subtask create_client_table
[2026-05-04T01:57:53.818+0300] {task_command.py:467} INFO - Running <TaskInstance: finance_postgres_dag.create_client_table scheduled__2024-01-01T00:00:00+00:00 [running]> on host DESKTOP-6NU1733.localdomain
[2026-05-04T01:57:53.866+0300] {taskinstance.py:3157} INFO - Exporting env vars: AIRFLOW_CTX_DAG_OWNER='finance_team' AIRFLOW_CTX_DAG_ID='finance_postgres_dag' AIRFLOW_CTX_TASK_ID='create_client_table' AIRFLOW_CTX_EXECUTION_DATE='2024-01-01T00:00:00+00:00' AIRFLOW_CTX_TRY_NUMBER='1' AIRFLOW_CTX_DAG_RUN_ID='scheduled__2024-01-01T00:00:00+00:00'
[2026-05-04T01:57:53.866+0300] {taskinstance.py:740} INFO - ::endgroup::
[2026-05-04T01:57:53.878+0300] {sql.py:306} INFO - Executing: -- Создание таблицы клиентов
CREATE TABLE IF NOT EXISTS clients (
    client_id SERIAL PRIMARY KEY,
    name VARCHAR(255) NOT NULL,
    email VARCHAR(255) UNIQUE,
    phone VARCHAR(20),
    address TEXT,
    registration_date DATE NOT NULL DEFAULT CURRENT_DATE
);
[2026-05-04T01:57:53.885+0300] {base.py:84} INFO - Retrieving connection 'postgres_default'
[2026-05-04T01:57:53.904+0300] {base.py:84} INFO - Retrieving connection 'postgres_default'
[2026-05-04T01:57:53.914+0300] {sql.py:814} INFO - Running statement: -- Создание таблицы клиентов
CREATE TABLE IF NOT EXISTS clients (
    client_id SERIAL PRIMARY KEY,
    name VARCHAR(255) NOT NULL,
    email VARCHAR(255) UNIQUE,
    phone VARCHAR(20),
    address TEXT,
    registration_date DATE NOT NULL DEFAULT CURRENT_DATE
);, parameters: None
[2026-05-04T01:57:53.929+0300] {taskinstance.py:349} INFO - ::group::Post task execution logs
[2026-05-04T01:57:53.929+0300] {taskinstance.py:361} INFO - Marking task as SUCCESS. dag_id=finance_postgres_dag, task_id=create_client_table, run_id=scheduled__2024-01-01T00:00:00+00:00, execution_date=20240101T000000, start_date=20260503T225753, end_date=20260503T225753
[2026-05-04T01:57:53.952+0300] {local_task_job_runner.py:266} INFO - Task exited with return code 0
[2026-05-04T01:57:53.968+0300] {taskinstance.py:3924} INFO - 1 downstream tasks scheduled from follow-on schedule check
[2026-05-04T01:57:53.972+0300] {local_task_job_runner.py:245} INFO - ::endgroup::
