[2026-05-04T00:45:30.720+0300] {processor.py:186} INFO - Started process (PID=5930) to work on /home/nikita/airflow-setup/ENV/lib/python3.12/site-packages/airflow/example_dags/subdags/subdag.py
[2026-05-04T00:45:30.721+0300] {processor.py:914} INFO - Processing file /home/nikita/airflow-setup/ENV/lib/python3.12/site-packages/airflow/example_dags/subdags/subdag.py for tasks to queue
[2026-05-04T00:45:30.722+0300] {logging_mixin.py:190} INFO - [2026-05-04T00:45:30.722+0300] {dagbag.py:588} INFO - Filling up the DagBag from /home/nikita/airflow-setup/ENV/lib/python3.12/site-packages/airflow/example_dags/subdags/subdag.py
[2026-05-04T00:45:30.728+0300] {processor.py:927} WARNING - No viable dags retrieved from /home/nikita/airflow-setup/ENV/lib/python3.12/site-packages/airflow/example_dags/subdags/subdag.py
[2026-05-04T00:45:30.735+0300] {processor.py:208} INFO - Processing /home/nikita/airflow-setup/ENV/lib/python3.12/site-packages/airflow/example_dags/subdags/subdag.py took 0.020 seconds
[2026-05-04T00:46:34.773+0300] {processor.py:186} INFO - Started process (PID=5991) to work on /home/nikita/airflow-setup/ENV/lib/python3.12/site-packages/airflow/example_dags/subdags/subdag.py
[2026-05-04T00:46:34.783+0300] {processor.py:914} INFO - Processing file /home/nikita/airflow-setup/ENV/lib/python3.12/site-packages/airflow/example_dags/subdags/subdag.py for tasks to queue
[2026-05-04T00:46:34.786+0300] {logging_mixin.py:190} INFO - [2026-05-04T00:46:34.785+0300] {dagbag.py:588} INFO - Filling up the DagBag from /home/nikita/airflow-setup/ENV/lib/python3.12/site-packages/airflow/example_dags/subdags/subdag.py
[2026-05-04T00:46:34.791+0300] {processor.py:927} WARNING - No viable dags retrieved from /home/nikita/airflow-setup/ENV/lib/python3.12/site-packages/airflow/example_dags/subdags/subdag.py
[2026-05-04T00:46:34.807+0300] {processor.py:208} INFO - Processing /home/nikita/airflow-setup/ENV/lib/python3.12/site-packages/airflow/example_dags/subdags/subdag.py took 0.041 seconds
[2026-05-04T00:47:09.614+0300] {processor.py:186} INFO - Started process (PID=6022) to work on /home/nikita/airflow-setup/ENV/lib/python3.12/site-packages/airflow/example_dags/subdags/subdag.py
[2026-05-04T00:47:09.624+0300] {processor.py:914} INFO - Processing file /home/nikita/airflow-setup/ENV/lib/python3.12/site-packages/airflow/example_dags/subdags/subdag.py for tasks to queue
[2026-05-04T00:47:09.626+0300] {logging_mixin.py:190} INFO - [2026-05-04T00:47:09.626+0300] {dagbag.py:588} INFO - Filling up the DagBag from /home/nikita/airflow-setup/ENV/lib/python3.12/site-packages/airflow/example_dags/subdags/subdag.py
[2026-05-04T00:47:09.628+0300] {processor.py:927} WARNING - No viable dags retrieved from /home/nikita/airflow-setup/ENV/lib/python3.12/site-packages/airflow/example_dags/subdags/subdag.py
[2026-05-04T00:47:09.635+0300] {processor.py:208} INFO - Processing /home/nikita/airflow-setup/ENV/lib/python3.12/site-packages/airflow/example_dags/subdags/subdag.py took 0.025 seconds
[2026-05-04T00:47:40.434+0300] {processor.py:186} INFO - Started process (PID=6069) to work on /home/nikita/airflow-setup/ENV/lib/python3.12/site-packages/airflow/example_dags/subdags/subdag.py
[2026-05-04T00:47:40.435+0300] {processor.py:914} INFO - Processing file /home/nikita/airflow-setup/ENV/lib/python3.12/site-packages/airflow/example_dags/subdags/subdag.py for tasks to queue
[2026-05-04T00:47:40.437+0300] {logging_mixin.py:190} INFO - [2026-05-04T00:47:40.437+0300] {dagbag.py:588} INFO - Filling up the DagBag from /home/nikita/airflow-setup/ENV/lib/python3.12/site-packages/airflow/example_dags/subdags/subdag.py
[2026-05-04T00:47:40.439+0300] {processor.py:927} WARNING - No viable dags retrieved from /home/nikita/airflow-setup/ENV/lib/python3.12/site-packages/airflow/example_dags/subdags/subdag.py
[2026-05-04T00:47:40.446+0300] {processor.py:208} INFO - Processing /home/nikita/airflow-setup/ENV/lib/python3.12/site-packages/airflow/example_dags/subdags/subdag.py took 0.016 seconds
[2026-05-04T00:48:40.305+0300] {processor.py:186} INFO - Started process (PID=6126) to work on /home/nikita/airflow-setup/ENV/lib/python3.12/site-packages/airflow/example_dags/subdags/subdag.py
[2026-05-04T00:48:40.307+0300] {processor.py:914} INFO - Processing file /home/nikita/airflow-setup/ENV/lib/python3.12/site-packages/airflow/example_dags/subdags/subdag.py for tasks to queue
[2026-05-04T00:48:40.312+0300] {logging_mixin.py:190} INFO - [2026-05-04T00:48:40.311+0300] {dagbag.py:588} INFO - Filling up the DagBag from /home/nikita/airflow-setup/ENV/lib/python3.12/site-packages/airflow/example_dags/subdags/subdag.py
[2026-05-04T00:48:40.316+0300] {processor.py:927} WARNING - No viable dags retrieved from /home/nikita/airflow-setup/ENV/lib/python3.12/site-packages/airflow/example_dags/subdags/subdag.py
[2026-05-04T00:48:40.327+0300] {processor.py:208} INFO - Processing /home/nikita/airflow-setup/ENV/lib/python3.12/site-packages/airflow/example_dags/subdags/subdag.py took 0.032 seconds
[2026-05-04T00:49:11.184+0300] {processor.py:186} INFO - Started process (PID=6155) to work on /home/nikita/airflow-setup/ENV/lib/python3.12/site-packages/airflow/example_dags/subdags/subdag.py
[2026-05-04T00:49:11.186+0300] {processor.py:914} INFO - Processing file /home/nikita/airflow-setup/ENV/lib/python3.12/site-packages/airflow/example_dags/subdags/subdag.py for tasks to queue
[2026-05-04T00:49:11.189+0300] {logging_mixin.py:190} INFO - [2026-05-04T00:49:11.188+0300] {dagbag.py:588} INFO - Filling up the DagBag from /home/nikita/airflow-setup/ENV/lib/python3.12/site-packages/airflow/example_dags/subdags/subdag.py
[2026-05-04T00:49:11.191+0300] {processor.py:927} WARNING - No viable dags retrieved from /home/nikita/airflow-setup/ENV/lib/python3.12/site-packages/airflow/example_dags/subdags/subdag.py
[2026-05-04T00:49:11.199+0300] {processor.py:208} INFO - Processing /home/nikita/airflow-setup/ENV/lib/python3.12/site-packages/airflow/example_dags/subdags/subdag.py took 0.020 seconds
[2026-05-04T00:50:04.738+0300] {processor.py:186} INFO - Started process (PID=6215) to work on /home/nikita/airflow-setup/ENV/lib/python3.12/site-packages/airflow/example_dags/subdags/subdag.py
[2026-05-04T00:50:04.740+0300] {processor.py:914} INFO - Processing file /home/nikita/airflow-setup/ENV/lib/python3.12/site-packages/airflow/example_dags/subdags/subdag.py for tasks to queue
[2026-05-04T00:50:04.742+0300] {logging_mixin.py:190} INFO - [2026-05-04T00:50:04.742+0300] {dagbag.py:588} INFO - Filling up the DagBag from /home/nikita/airflow-setup/ENV/lib/python3.12/site-packages/airflow/example_dags/subdags/subdag.py
[2026-05-04T00:50:04.744+0300] {processor.py:927} WARNING - No viable dags retrieved from /home/nikita/airflow-setup/ENV/lib/python3.12/site-packages/airflow/example_dags/subdags/subdag.py
[2026-05-04T00:50:04.751+0300] {processor.py:208} INFO - Processing /home/nikita/airflow-setup/ENV/lib/python3.12/site-packages/airflow/example_dags/subdags/subdag.py took 0.017 seconds
[2026-05-04T00:50:59.624+0300] {processor.py:186} INFO - Started process (PID=6290) to work on /home/nikita/airflow-setup/ENV/lib/python3.12/site-packages/airflow/example_dags/subdags/subdag.py
[2026-05-04T00:50:59.633+0300] {processor.py:914} INFO - Processing file /home/nikita/airflow-setup/ENV/lib/python3.12/site-packages/airflow/example_dags/subdags/subdag.py for tasks to queue
[2026-05-04T00:50:59.635+0300] {logging_mixin.py:190} INFO - [2026-05-04T00:50:59.635+0300] {dagbag.py:588} INFO - Filling up the DagBag from /home/nikita/airflow-setup/ENV/lib/python3.12/site-packages/airflow/example_dags/subdags/subdag.py
[2026-05-04T00:50:59.637+0300] {processor.py:927} WARNING - No viable dags retrieved from /home/nikita/airflow-setup/ENV/lib/python3.12/site-packages/airflow/example_dags/subdags/subdag.py
[2026-05-04T00:50:59.644+0300] {processor.py:208} INFO - Processing /home/nikita/airflow-setup/ENV/lib/python3.12/site-packages/airflow/example_dags/subdags/subdag.py took 0.024 seconds
[2026-05-04T00:51:57.240+0300] {processor.py:186} INFO - Started process (PID=6344) to work on /home/nikita/airflow-setup/ENV/lib/python3.12/site-packages/airflow/example_dags/subdags/subdag.py
[2026-05-04T00:51:57.242+0300] {processor.py:914} INFO - Processing file /home/nikita/airflow-setup/ENV/lib/python3.12/site-packages/airflow/example_dags/subdags/subdag.py for tasks to queue
[2026-05-04T00:51:57.246+0300] {logging_mixin.py:190} INFO - [2026-05-04T00:51:57.245+0300] {dagbag.py:588} INFO - Filling up the DagBag from /home/nikita/airflow-setup/ENV/lib/python3.12/site-packages/airflow/example_dags/subdags/subdag.py
[2026-05-04T00:51:57.249+0300] {processor.py:927} WARNING - No viable dags retrieved from /home/nikita/airflow-setup/ENV/lib/python3.12/site-packages/airflow/example_dags/subdags/subdag.py
[2026-05-04T00:51:57.263+0300] {processor.py:208} INFO - Processing /home/nikita/airflow-setup/ENV/lib/python3.12/site-packages/airflow/example_dags/subdags/subdag.py took 0.031 seconds
[2026-05-04T00:52:57.970+0300] {processor.py:186} INFO - Started process (PID=6420) to work on /home/nikita/airflow-setup/ENV/lib/python3.12/site-packages/airflow/example_dags/subdags/subdag.py
[2026-05-04T00:52:57.972+0300] {processor.py:914} INFO - Processing file /home/nikita/airflow-setup/ENV/lib/python3.12/site-packages/airflow/example_dags/subdags/subdag.py for tasks to queue
[2026-05-04T00:52:57.974+0300] {logging_mixin.py:190} INFO - [2026-05-04T00:52:57.974+0300] {dagbag.py:588} INFO - Filling up the DagBag from /home/nikita/airflow-setup/ENV/lib/python3.12/site-packages/airflow/example_dags/subdags/subdag.py
[2026-05-04T00:52:57.976+0300] {processor.py:927} WARNING - No viable dags retrieved from /home/nikita/airflow-setup/ENV/lib/python3.12/site-packages/airflow/example_dags/subdags/subdag.py
[2026-05-04T00:52:57.984+0300] {processor.py:208} INFO - Processing /home/nikita/airflow-setup/ENV/lib/python3.12/site-packages/airflow/example_dags/subdags/subdag.py took 0.019 seconds
[2026-05-04T00:53:30.192+0300] {processor.py:186} INFO - Started process (PID=6452) to work on /home/nikita/airflow-setup/ENV/lib/python3.12/site-packages/airflow/example_dags/subdags/subdag.py
[2026-05-04T00:53:30.194+0300] {processor.py:914} INFO - Processing file /home/nikita/airflow-setup/ENV/lib/python3.12/site-packages/airflow/example_dags/subdags/subdag.py for tasks to queue
[2026-05-04T00:53:30.196+0300] {logging_mixin.py:190} INFO - [2026-05-04T00:53:30.195+0300] {dagbag.py:588} INFO - Filling up the DagBag from /home/nikita/airflow-setup/ENV/lib/python3.12/site-packages/airflow/example_dags/subdags/subdag.py
[2026-05-04T00:53:30.198+0300] {processor.py:927} WARNING - No viable dags retrieved from /home/nikita/airflow-setup/ENV/lib/python3.12/site-packages/airflow/example_dags/subdags/subdag.py
[2026-05-04T00:53:30.207+0300] {processor.py:208} INFO - Processing /home/nikita/airflow-setup/ENV/lib/python3.12/site-packages/airflow/example_dags/subdags/subdag.py took 0.019 seconds
[2026-05-04T00:54:29.549+0300] {processor.py:186} INFO - Started process (PID=6509) to work on /home/nikita/airflow-setup/ENV/lib/python3.12/site-packages/airflow/example_dags/subdags/subdag.py
[2026-05-04T00:54:29.558+0300] {processor.py:914} INFO - Processing file /home/nikita/airflow-setup/ENV/lib/python3.12/site-packages/airflow/example_dags/subdags/subdag.py for tasks to queue
[2026-05-04T00:54:29.560+0300] {logging_mixin.py:190} INFO - [2026-05-04T00:54:29.560+0300] {dagbag.py:588} INFO - Filling up the DagBag from /home/nikita/airflow-setup/ENV/lib/python3.12/site-packages/airflow/example_dags/subdags/subdag.py
[2026-05-04T00:54:29.562+0300] {processor.py:927} WARNING - No viable dags retrieved from /home/nikita/airflow-setup/ENV/lib/python3.12/site-packages/airflow/example_dags/subdags/subdag.py
[2026-05-04T00:54:29.568+0300] {processor.py:208} INFO - Processing /home/nikita/airflow-setup/ENV/lib/python3.12/site-packages/airflow/example_dags/subdags/subdag.py took 0.024 seconds
[2026-05-04T00:55:02.158+0300] {processor.py:186} INFO - Started process (PID=6548) to work on /home/nikita/airflow-setup/ENV/lib/python3.12/site-packages/airflow/example_dags/subdags/subdag.py
[2026-05-04T00:55:02.166+0300] {processor.py:914} INFO - Processing file /home/nikita/airflow-setup/ENV/lib/python3.12/site-packages/airflow/example_dags/subdags/subdag.py for tasks to queue
[2026-05-04T00:55:02.169+0300] {logging_mixin.py:190} INFO - [2026-05-04T00:55:02.168+0300] {dagbag.py:588} INFO - Filling up the DagBag from /home/nikita/airflow-setup/ENV/lib/python3.12/site-packages/airflow/example_dags/subdags/subdag.py
[2026-05-04T00:55:02.171+0300] {processor.py:927} WARNING - No viable dags retrieved from /home/nikita/airflow-setup/ENV/lib/python3.12/site-packages/airflow/example_dags/subdags/subdag.py
[2026-05-04T00:55:02.180+0300] {processor.py:208} INFO - Processing /home/nikita/airflow-setup/ENV/lib/python3.12/site-packages/airflow/example_dags/subdags/subdag.py took 0.026 seconds
[2026-05-04T00:55:33.703+0300] {processor.py:186} INFO - Started process (PID=6578) to work on /home/nikita/airflow-setup/ENV/lib/python3.12/site-packages/airflow/example_dags/subdags/subdag.py
[2026-05-04T00:55:33.712+0300] {processor.py:914} INFO - Processing file /home/nikita/airflow-setup/ENV/lib/python3.12/site-packages/airflow/example_dags/subdags/subdag.py for tasks to queue
[2026-05-04T00:55:33.714+0300] {logging_mixin.py:190} INFO - [2026-05-04T00:55:33.714+0300] {dagbag.py:588} INFO - Filling up the DagBag from /home/nikita/airflow-setup/ENV/lib/python3.12/site-packages/airflow/example_dags/subdags/subdag.py
[2026-05-04T00:55:33.716+0300] {processor.py:927} WARNING - No viable dags retrieved from /home/nikita/airflow-setup/ENV/lib/python3.12/site-packages/airflow/example_dags/subdags/subdag.py
[2026-05-04T00:55:33.726+0300] {processor.py:208} INFO - Processing /home/nikita/airflow-setup/ENV/lib/python3.12/site-packages/airflow/example_dags/subdags/subdag.py took 0.027 seconds
[2026-05-04T00:56:03.984+0300] {processor.py:186} INFO - Started process (PID=6608) to work on /home/nikita/airflow-setup/ENV/lib/python3.12/site-packages/airflow/example_dags/subdags/subdag.py
[2026-05-04T00:56:03.985+0300] {processor.py:914} INFO - Processing file /home/nikita/airflow-setup/ENV/lib/python3.12/site-packages/airflow/example_dags/subdags/subdag.py for tasks to queue
[2026-05-04T00:56:03.987+0300] {logging_mixin.py:190} INFO - [2026-05-04T00:56:03.987+0300] {dagbag.py:588} INFO - Filling up the DagBag from /home/nikita/airflow-setup/ENV/lib/python3.12/site-packages/airflow/example_dags/subdags/subdag.py
[2026-05-04T00:56:03.989+0300] {processor.py:927} WARNING - No viable dags retrieved from /home/nikita/airflow-setup/ENV/lib/python3.12/site-packages/airflow/example_dags/subdags/subdag.py
[2026-05-04T00:56:03.997+0300] {processor.py:208} INFO - Processing /home/nikita/airflow-setup/ENV/lib/python3.12/site-packages/airflow/example_dags/subdags/subdag.py took 0.018 seconds
[2026-05-04T00:57:02.689+0300] {processor.py:186} INFO - Started process (PID=6898) to work on /home/nikita/airflow-setup/ENV/lib/python3.12/site-packages/airflow/example_dags/subdags/subdag.py
[2026-05-04T00:57:02.691+0300] {processor.py:914} INFO - Processing file /home/nikita/airflow-setup/ENV/lib/python3.12/site-packages/airflow/example_dags/subdags/subdag.py for tasks to queue
[2026-05-04T00:57:02.696+0300] {logging_mixin.py:190} INFO - [2026-05-04T00:57:02.695+0300] {dagbag.py:588} INFO - Filling up the DagBag from /home/nikita/airflow-setup/ENV/lib/python3.12/site-packages/airflow/example_dags/subdags/subdag.py
[2026-05-04T00:57:02.708+0300] {processor.py:927} WARNING - No viable dags retrieved from /home/nikita/airflow-setup/ENV/lib/python3.12/site-packages/airflow/example_dags/subdags/subdag.py
[2026-05-04T00:57:02.752+0300] {processor.py:208} INFO - Processing /home/nikita/airflow-setup/ENV/lib/python3.12/site-packages/airflow/example_dags/subdags/subdag.py took 0.079 seconds
[2026-05-04T00:57:33.341+0300] {processor.py:186} INFO - Started process (PID=7084) to work on /home/nikita/airflow-setup/ENV/lib/python3.12/site-packages/airflow/example_dags/subdags/subdag.py
[2026-05-04T00:57:33.342+0300] {processor.py:914} INFO - Processing file /home/nikita/airflow-setup/ENV/lib/python3.12/site-packages/airflow/example_dags/subdags/subdag.py for tasks to queue
[2026-05-04T00:57:33.344+0300] {logging_mixin.py:190} INFO - [2026-05-04T00:57:33.343+0300] {dagbag.py:588} INFO - Filling up the DagBag from /home/nikita/airflow-setup/ENV/lib/python3.12/site-packages/airflow/example_dags/subdags/subdag.py
[2026-05-04T00:57:33.345+0300] {processor.py:927} WARNING - No viable dags retrieved from /home/nikita/airflow-setup/ENV/lib/python3.12/site-packages/airflow/example_dags/subdags/subdag.py
[2026-05-04T00:57:33.353+0300] {processor.py:208} INFO - Processing /home/nikita/airflow-setup/ENV/lib/python3.12/site-packages/airflow/example_dags/subdags/subdag.py took 0.017 seconds
[2026-05-04T00:58:03.449+0300] {processor.py:186} INFO - Started process (PID=7197) to work on /home/nikita/airflow-setup/ENV/lib/python3.12/site-packages/airflow/example_dags/subdags/subdag.py
[2026-05-04T00:58:03.451+0300] {processor.py:914} INFO - Processing file /home/nikita/airflow-setup/ENV/lib/python3.12/site-packages/airflow/example_dags/subdags/subdag.py for tasks to queue
[2026-05-04T00:58:03.453+0300] {logging_mixin.py:190} INFO - [2026-05-04T00:58:03.452+0300] {dagbag.py:588} INFO - Filling up the DagBag from /home/nikita/airflow-setup/ENV/lib/python3.12/site-packages/airflow/example_dags/subdags/subdag.py
[2026-05-04T00:58:03.454+0300] {processor.py:927} WARNING - No viable dags retrieved from /home/nikita/airflow-setup/ENV/lib/python3.12/site-packages/airflow/example_dags/subdags/subdag.py
[2026-05-04T00:58:03.462+0300] {processor.py:208} INFO - Processing /home/nikita/airflow-setup/ENV/lib/python3.12/site-packages/airflow/example_dags/subdags/subdag.py took 0.017 seconds
[2026-05-04T00:59:00.848+0300] {processor.py:186} INFO - Started process (PID=7416) to work on /home/nikita/airflow-setup/ENV/lib/python3.12/site-packages/airflow/example_dags/subdags/subdag.py
[2026-05-04T00:59:00.850+0300] {processor.py:914} INFO - Processing file /home/nikita/airflow-setup/ENV/lib/python3.12/site-packages/airflow/example_dags/subdags/subdag.py for tasks to queue
[2026-05-04T00:59:00.852+0300] {logging_mixin.py:190} INFO - [2026-05-04T00:59:00.852+0300] {dagbag.py:588} INFO - Filling up the DagBag from /home/nikita/airflow-setup/ENV/lib/python3.12/site-packages/airflow/example_dags/subdags/subdag.py
[2026-05-04T00:59:00.854+0300] {processor.py:927} WARNING - No viable dags retrieved from /home/nikita/airflow-setup/ENV/lib/python3.12/site-packages/airflow/example_dags/subdags/subdag.py
[2026-05-04T00:59:00.863+0300] {processor.py:208} INFO - Processing /home/nikita/airflow-setup/ENV/lib/python3.12/site-packages/airflow/example_dags/subdags/subdag.py took 0.019 seconds
[2026-05-04T00:59:31.017+0300] {processor.py:186} INFO - Started process (PID=7587) to work on /home/nikita/airflow-setup/ENV/lib/python3.12/site-packages/airflow/example_dags/subdags/subdag.py
[2026-05-04T00:59:31.018+0300] {processor.py:914} INFO - Processing file /home/nikita/airflow-setup/ENV/lib/python3.12/site-packages/airflow/example_dags/subdags/subdag.py for tasks to queue
[2026-05-04T00:59:31.020+0300] {logging_mixin.py:190} INFO - [2026-05-04T00:59:31.019+0300] {dagbag.py:588} INFO - Filling up the DagBag from /home/nikita/airflow-setup/ENV/lib/python3.12/site-packages/airflow/example_dags/subdags/subdag.py
[2026-05-04T00:59:31.021+0300] {processor.py:927} WARNING - No viable dags retrieved from /home/nikita/airflow-setup/ENV/lib/python3.12/site-packages/airflow/example_dags/subdags/subdag.py
[2026-05-04T00:59:31.031+0300] {processor.py:208} INFO - Processing /home/nikita/airflow-setup/ENV/lib/python3.12/site-packages/airflow/example_dags/subdags/subdag.py took 0.018 seconds
[2026-05-04T01:00:28.737+0300] {processor.py:186} INFO - Started process (PID=8361) to work on /home/nikita/airflow-setup/ENV/lib/python3.12/site-packages/airflow/example_dags/subdags/subdag.py
[2026-05-04T01:00:28.746+0300] {processor.py:914} INFO - Processing file /home/nikita/airflow-setup/ENV/lib/python3.12/site-packages/airflow/example_dags/subdags/subdag.py for tasks to queue
[2026-05-04T01:00:28.748+0300] {logging_mixin.py:190} INFO - [2026-05-04T01:00:28.748+0300] {dagbag.py:588} INFO - Filling up the DagBag from /home/nikita/airflow-setup/ENV/lib/python3.12/site-packages/airflow/example_dags/subdags/subdag.py
[2026-05-04T01:00:28.751+0300] {processor.py:927} WARNING - No viable dags retrieved from /home/nikita/airflow-setup/ENV/lib/python3.12/site-packages/airflow/example_dags/subdags/subdag.py
[2026-05-04T01:00:28.760+0300] {processor.py:208} INFO - Processing /home/nikita/airflow-setup/ENV/lib/python3.12/site-packages/airflow/example_dags/subdags/subdag.py took 0.027 seconds
[2026-05-04T01:01:05.881+0300] {processor.py:186} INFO - Started process (PID=8549) to work on /home/nikita/airflow-setup/ENV/lib/python3.12/site-packages/airflow/example_dags/subdags/subdag.py
[2026-05-04T01:01:05.882+0300] {processor.py:914} INFO - Processing file /home/nikita/airflow-setup/ENV/lib/python3.12/site-packages/airflow/example_dags/subdags/subdag.py for tasks to queue
[2026-05-04T01:01:05.883+0300] {logging_mixin.py:190} INFO - [2026-05-04T01:01:05.882+0300] {dagbag.py:588} INFO - Filling up the DagBag from /home/nikita/airflow-setup/ENV/lib/python3.12/site-packages/airflow/example_dags/subdags/subdag.py
[2026-05-04T01:01:05.884+0300] {processor.py:927} WARNING - No viable dags retrieved from /home/nikita/airflow-setup/ENV/lib/python3.12/site-packages/airflow/example_dags/subdags/subdag.py
[2026-05-04T01:01:05.891+0300] {processor.py:208} INFO - Processing /home/nikita/airflow-setup/ENV/lib/python3.12/site-packages/airflow/example_dags/subdags/subdag.py took 0.014 seconds
[2026-05-04T01:01:41.364+0300] {processor.py:186} INFO - Started process (PID=8926) to work on /home/nikita/airflow-setup/ENV/lib/python3.12/site-packages/airflow/example_dags/subdags/subdag.py
[2026-05-04T01:01:41.373+0300] {processor.py:914} INFO - Processing file /home/nikita/airflow-setup/ENV/lib/python3.12/site-packages/airflow/example_dags/subdags/subdag.py for tasks to queue
[2026-05-04T01:01:41.374+0300] {logging_mixin.py:190} INFO - [2026-05-04T01:01:41.373+0300] {dagbag.py:588} INFO - Filling up the DagBag from /home/nikita/airflow-setup/ENV/lib/python3.12/site-packages/airflow/example_dags/subdags/subdag.py
[2026-05-04T01:01:41.376+0300] {processor.py:927} WARNING - No viable dags retrieved from /home/nikita/airflow-setup/ENV/lib/python3.12/site-packages/airflow/example_dags/subdags/subdag.py
[2026-05-04T01:01:41.383+0300] {processor.py:208} INFO - Processing /home/nikita/airflow-setup/ENV/lib/python3.12/site-packages/airflow/example_dags/subdags/subdag.py took 0.023 seconds
[2026-05-04T01:02:49.700+0300] {processor.py:186} INFO - Started process (PID=9531) to work on /home/nikita/airflow-setup/ENV/lib/python3.12/site-packages/airflow/example_dags/subdags/subdag.py
[2026-05-04T01:02:49.709+0300] {processor.py:914} INFO - Processing file /home/nikita/airflow-setup/ENV/lib/python3.12/site-packages/airflow/example_dags/subdags/subdag.py for tasks to queue
[2026-05-04T01:02:49.710+0300] {logging_mixin.py:190} INFO - [2026-05-04T01:02:49.710+0300] {dagbag.py:588} INFO - Filling up the DagBag from /home/nikita/airflow-setup/ENV/lib/python3.12/site-packages/airflow/example_dags/subdags/subdag.py
[2026-05-04T01:02:49.712+0300] {processor.py:927} WARNING - No viable dags retrieved from /home/nikita/airflow-setup/ENV/lib/python3.12/site-packages/airflow/example_dags/subdags/subdag.py
[2026-05-04T01:02:49.719+0300] {processor.py:208} INFO - Processing /home/nikita/airflow-setup/ENV/lib/python3.12/site-packages/airflow/example_dags/subdags/subdag.py took 0.023 seconds
[2026-05-04T01:03:51.332+0300] {processor.py:186} INFO - Started process (PID=9815) to work on /home/nikita/airflow-setup/ENV/lib/python3.12/site-packages/airflow/example_dags/subdags/subdag.py
[2026-05-04T01:03:51.341+0300] {processor.py:914} INFO - Processing file /home/nikita/airflow-setup/ENV/lib/python3.12/site-packages/airflow/example_dags/subdags/subdag.py for tasks to queue
[2026-05-04T01:03:51.342+0300] {logging_mixin.py:190} INFO - [2026-05-04T01:03:51.342+0300] {dagbag.py:588} INFO - Filling up the DagBag from /home/nikita/airflow-setup/ENV/lib/python3.12/site-packages/airflow/example_dags/subdags/subdag.py
[2026-05-04T01:03:51.344+0300] {processor.py:927} WARNING - No viable dags retrieved from /home/nikita/airflow-setup/ENV/lib/python3.12/site-packages/airflow/example_dags/subdags/subdag.py
[2026-05-04T01:03:51.352+0300] {processor.py:208} INFO - Processing /home/nikita/airflow-setup/ENV/lib/python3.12/site-packages/airflow/example_dags/subdags/subdag.py took 0.024 seconds
[2026-05-04T01:04:55.933+0300] {processor.py:186} INFO - Started process (PID=10076) to work on /home/nikita/airflow-setup/ENV/lib/python3.12/site-packages/airflow/example_dags/subdags/subdag.py
[2026-05-04T01:04:55.936+0300] {processor.py:914} INFO - Processing file /home/nikita/airflow-setup/ENV/lib/python3.12/site-packages/airflow/example_dags/subdags/subdag.py for tasks to queue
[2026-05-04T01:04:55.937+0300] {logging_mixin.py:190} INFO - [2026-05-04T01:04:55.936+0300] {dagbag.py:588} INFO - Filling up the DagBag from /home/nikita/airflow-setup/ENV/lib/python3.12/site-packages/airflow/example_dags/subdags/subdag.py
[2026-05-04T01:04:55.939+0300] {processor.py:927} WARNING - No viable dags retrieved from /home/nikita/airflow-setup/ENV/lib/python3.12/site-packages/airflow/example_dags/subdags/subdag.py
[2026-05-04T01:04:55.946+0300] {processor.py:208} INFO - Processing /home/nikita/airflow-setup/ENV/lib/python3.12/site-packages/airflow/example_dags/subdags/subdag.py took 0.017 seconds
[2026-05-04T01:06:02.743+0300] {processor.py:186} INFO - Started process (PID=10351) to work on /home/nikita/airflow-setup/ENV/lib/python3.12/site-packages/airflow/example_dags/subdags/subdag.py
[2026-05-04T01:06:02.744+0300] {processor.py:914} INFO - Processing file /home/nikita/airflow-setup/ENV/lib/python3.12/site-packages/airflow/example_dags/subdags/subdag.py for tasks to queue
[2026-05-04T01:06:02.746+0300] {logging_mixin.py:190} INFO - [2026-05-04T01:06:02.745+0300] {dagbag.py:588} INFO - Filling up the DagBag from /home/nikita/airflow-setup/ENV/lib/python3.12/site-packages/airflow/example_dags/subdags/subdag.py
[2026-05-04T01:06:02.747+0300] {processor.py:927} WARNING - No viable dags retrieved from /home/nikita/airflow-setup/ENV/lib/python3.12/site-packages/airflow/example_dags/subdags/subdag.py
[2026-05-04T01:06:02.755+0300] {processor.py:208} INFO - Processing /home/nikita/airflow-setup/ENV/lib/python3.12/site-packages/airflow/example_dags/subdags/subdag.py took 0.017 seconds
[2026-05-04T01:07:05.774+0300] {processor.py:186} INFO - Started process (PID=10596) to work on /home/nikita/airflow-setup/ENV/lib/python3.12/site-packages/airflow/example_dags/subdags/subdag.py
[2026-05-04T01:07:05.782+0300] {processor.py:914} INFO - Processing file /home/nikita/airflow-setup/ENV/lib/python3.12/site-packages/airflow/example_dags/subdags/subdag.py for tasks to queue
[2026-05-04T01:07:05.783+0300] {logging_mixin.py:190} INFO - [2026-05-04T01:07:05.783+0300] {dagbag.py:588} INFO - Filling up the DagBag from /home/nikita/airflow-setup/ENV/lib/python3.12/site-packages/airflow/example_dags/subdags/subdag.py
[2026-05-04T01:07:05.786+0300] {processor.py:927} WARNING - No viable dags retrieved from /home/nikita/airflow-setup/ENV/lib/python3.12/site-packages/airflow/example_dags/subdags/subdag.py
[2026-05-04T01:07:05.793+0300] {processor.py:208} INFO - Processing /home/nikita/airflow-setup/ENV/lib/python3.12/site-packages/airflow/example_dags/subdags/subdag.py took 0.023 seconds
[2026-05-04T01:07:41.095+0300] {processor.py:186} INFO - Started process (PID=10725) to work on /home/nikita/airflow-setup/ENV/lib/python3.12/site-packages/airflow/example_dags/subdags/subdag.py
[2026-05-04T01:07:41.103+0300] {processor.py:914} INFO - Processing file /home/nikita/airflow-setup/ENV/lib/python3.12/site-packages/airflow/example_dags/subdags/subdag.py for tasks to queue
[2026-05-04T01:07:41.105+0300] {logging_mixin.py:190} INFO - [2026-05-04T01:07:41.104+0300] {dagbag.py:588} INFO - Filling up the DagBag from /home/nikita/airflow-setup/ENV/lib/python3.12/site-packages/airflow/example_dags/subdags/subdag.py
[2026-05-04T01:07:41.106+0300] {processor.py:927} WARNING - No viable dags retrieved from /home/nikita/airflow-setup/ENV/lib/python3.12/site-packages/airflow/example_dags/subdags/subdag.py
[2026-05-04T01:07:41.114+0300] {processor.py:208} INFO - Processing /home/nikita/airflow-setup/ENV/lib/python3.12/site-packages/airflow/example_dags/subdags/subdag.py took 0.024 seconds
[2026-05-04T01:08:15.996+0300] {processor.py:186} INFO - Started process (PID=11166) to work on /home/nikita/airflow-setup/ENV/lib/python3.12/site-packages/airflow/example_dags/subdags/subdag.py
[2026-05-04T01:08:15.997+0300] {processor.py:914} INFO - Processing file /home/nikita/airflow-setup/ENV/lib/python3.12/site-packages/airflow/example_dags/subdags/subdag.py for tasks to queue
[2026-05-04T01:08:15.998+0300] {logging_mixin.py:190} INFO - [2026-05-04T01:08:15.998+0300] {dagbag.py:588} INFO - Filling up the DagBag from /home/nikita/airflow-setup/ENV/lib/python3.12/site-packages/airflow/example_dags/subdags/subdag.py
[2026-05-04T01:08:16.000+0300] {processor.py:927} WARNING - No viable dags retrieved from /home/nikita/airflow-setup/ENV/lib/python3.12/site-packages/airflow/example_dags/subdags/subdag.py
[2026-05-04T01:08:16.008+0300] {processor.py:208} INFO - Processing /home/nikita/airflow-setup/ENV/lib/python3.12/site-packages/airflow/example_dags/subdags/subdag.py took 0.016 seconds
[2026-05-04T01:09:23.100+0300] {processor.py:186} INFO - Started process (PID=12010) to work on /home/nikita/airflow-setup/ENV/lib/python3.12/site-packages/airflow/example_dags/subdags/subdag.py
[2026-05-04T01:09:23.109+0300] {processor.py:914} INFO - Processing file /home/nikita/airflow-setup/ENV/lib/python3.12/site-packages/airflow/example_dags/subdags/subdag.py for tasks to queue
[2026-05-04T01:09:23.110+0300] {logging_mixin.py:190} INFO - [2026-05-04T01:09:23.110+0300] {dagbag.py:588} INFO - Filling up the DagBag from /home/nikita/airflow-setup/ENV/lib/python3.12/site-packages/airflow/example_dags/subdags/subdag.py
[2026-05-04T01:09:23.112+0300] {processor.py:927} WARNING - No viable dags retrieved from /home/nikita/airflow-setup/ENV/lib/python3.12/site-packages/airflow/example_dags/subdags/subdag.py
[2026-05-04T01:09:23.120+0300] {processor.py:208} INFO - Processing /home/nikita/airflow-setup/ENV/lib/python3.12/site-packages/airflow/example_dags/subdags/subdag.py took 0.024 seconds
[2026-05-04T01:09:58.194+0300] {processor.py:186} INFO - Started process (PID=12187) to work on /home/nikita/airflow-setup/ENV/lib/python3.12/site-packages/airflow/example_dags/subdags/subdag.py
[2026-05-04T01:09:58.197+0300] {processor.py:914} INFO - Processing file /home/nikita/airflow-setup/ENV/lib/python3.12/site-packages/airflow/example_dags/subdags/subdag.py for tasks to queue
[2026-05-04T01:09:58.198+0300] {logging_mixin.py:190} INFO - [2026-05-04T01:09:58.198+0300] {dagbag.py:588} INFO - Filling up the DagBag from /home/nikita/airflow-setup/ENV/lib/python3.12/site-packages/airflow/example_dags/subdags/subdag.py
[2026-05-04T01:09:58.200+0300] {processor.py:927} WARNING - No viable dags retrieved from /home/nikita/airflow-setup/ENV/lib/python3.12/site-packages/airflow/example_dags/subdags/subdag.py
[2026-05-04T01:09:58.207+0300] {processor.py:208} INFO - Processing /home/nikita/airflow-setup/ENV/lib/python3.12/site-packages/airflow/example_dags/subdags/subdag.py took 0.017 seconds
[2026-05-04T01:10:32.088+0300] {processor.py:186} INFO - Started process (PID=12316) to work on /home/nikita/airflow-setup/ENV/lib/python3.12/site-packages/airflow/example_dags/subdags/subdag.py
[2026-05-04T01:10:32.089+0300] {processor.py:914} INFO - Processing file /home/nikita/airflow-setup/ENV/lib/python3.12/site-packages/airflow/example_dags/subdags/subdag.py for tasks to queue
[2026-05-04T01:10:32.090+0300] {logging_mixin.py:190} INFO - [2026-05-04T01:10:32.090+0300] {dagbag.py:588} INFO - Filling up the DagBag from /home/nikita/airflow-setup/ENV/lib/python3.12/site-packages/airflow/example_dags/subdags/subdag.py
[2026-05-04T01:10:32.092+0300] {processor.py:927} WARNING - No viable dags retrieved from /home/nikita/airflow-setup/ENV/lib/python3.12/site-packages/airflow/example_dags/subdags/subdag.py
[2026-05-04T01:10:32.101+0300] {processor.py:208} INFO - Processing /home/nikita/airflow-setup/ENV/lib/python3.12/site-packages/airflow/example_dags/subdags/subdag.py took 0.018 seconds
[2026-05-04T01:11:07.327+0300] {processor.py:186} INFO - Started process (PID=12445) to work on /home/nikita/airflow-setup/ENV/lib/python3.12/site-packages/airflow/example_dags/subdags/subdag.py
[2026-05-04T01:11:07.336+0300] {processor.py:914} INFO - Processing file /home/nikita/airflow-setup/ENV/lib/python3.12/site-packages/airflow/example_dags/subdags/subdag.py for tasks to queue
[2026-05-04T01:11:07.337+0300] {logging_mixin.py:190} INFO - [2026-05-04T01:11:07.337+0300] {dagbag.py:588} INFO - Filling up the DagBag from /home/nikita/airflow-setup/ENV/lib/python3.12/site-packages/airflow/example_dags/subdags/subdag.py
[2026-05-04T01:11:07.339+0300] {processor.py:927} WARNING - No viable dags retrieved from /home/nikita/airflow-setup/ENV/lib/python3.12/site-packages/airflow/example_dags/subdags/subdag.py
[2026-05-04T01:11:07.346+0300] {processor.py:208} INFO - Processing /home/nikita/airflow-setup/ENV/lib/python3.12/site-packages/airflow/example_dags/subdags/subdag.py took 0.023 seconds
[2026-05-04T01:12:07.796+0300] {processor.py:186} INFO - Started process (PID=12682) to work on /home/nikita/airflow-setup/ENV/lib/python3.12/site-packages/airflow/example_dags/subdags/subdag.py
[2026-05-04T01:12:07.804+0300] {processor.py:914} INFO - Processing file /home/nikita/airflow-setup/ENV/lib/python3.12/site-packages/airflow/example_dags/subdags/subdag.py for tasks to queue
[2026-05-04T01:12:07.806+0300] {logging_mixin.py:190} INFO - [2026-05-04T01:12:07.805+0300] {dagbag.py:588} INFO - Filling up the DagBag from /home/nikita/airflow-setup/ENV/lib/python3.12/site-packages/airflow/example_dags/subdags/subdag.py
[2026-05-04T01:12:07.807+0300] {processor.py:927} WARNING - No viable dags retrieved from /home/nikita/airflow-setup/ENV/lib/python3.12/site-packages/airflow/example_dags/subdags/subdag.py
[2026-05-04T01:12:07.815+0300] {processor.py:208} INFO - Processing /home/nikita/airflow-setup/ENV/lib/python3.12/site-packages/airflow/example_dags/subdags/subdag.py took 0.024 seconds
[2026-05-04T01:13:08.102+0300] {processor.py:186} INFO - Started process (PID=13001) to work on /home/nikita/airflow-setup/ENV/lib/python3.12/site-packages/airflow/example_dags/subdags/subdag.py
[2026-05-04T01:13:08.110+0300] {processor.py:914} INFO - Processing file /home/nikita/airflow-setup/ENV/lib/python3.12/site-packages/airflow/example_dags/subdags/subdag.py for tasks to queue
[2026-05-04T01:13:08.111+0300] {logging_mixin.py:190} INFO - [2026-05-04T01:13:08.111+0300] {dagbag.py:588} INFO - Filling up the DagBag from /home/nikita/airflow-setup/ENV/lib/python3.12/site-packages/airflow/example_dags/subdags/subdag.py
[2026-05-04T01:13:08.113+0300] {processor.py:927} WARNING - No viable dags retrieved from /home/nikita/airflow-setup/ENV/lib/python3.12/site-packages/airflow/example_dags/subdags/subdag.py
[2026-05-04T01:13:08.121+0300] {processor.py:208} INFO - Processing /home/nikita/airflow-setup/ENV/lib/python3.12/site-packages/airflow/example_dags/subdags/subdag.py took 0.023 seconds
[2026-05-04T01:13:42.289+0300] {processor.py:186} INFO - Started process (PID=13354) to work on /home/nikita/airflow-setup/ENV/lib/python3.12/site-packages/airflow/example_dags/subdags/subdag.py
[2026-05-04T01:13:42.289+0300] {processor.py:914} INFO - Processing file /home/nikita/airflow-setup/ENV/lib/python3.12/site-packages/airflow/example_dags/subdags/subdag.py for tasks to queue
[2026-05-04T01:13:42.290+0300] {logging_mixin.py:190} INFO - [2026-05-04T01:13:42.290+0300] {dagbag.py:588} INFO - Filling up the DagBag from /home/nikita/airflow-setup/ENV/lib/python3.12/site-packages/airflow/example_dags/subdags/subdag.py
[2026-05-04T01:13:42.292+0300] {processor.py:927} WARNING - No viable dags retrieved from /home/nikita/airflow-setup/ENV/lib/python3.12/site-packages/airflow/example_dags/subdags/subdag.py
[2026-05-04T01:13:42.299+0300] {processor.py:208} INFO - Processing /home/nikita/airflow-setup/ENV/lib/python3.12/site-packages/airflow/example_dags/subdags/subdag.py took 0.015 seconds
[2026-05-04T01:14:48.488+0300] {processor.py:186} INFO - Started process (PID=14360) to work on /home/nikita/airflow-setup/ENV/lib/python3.12/site-packages/airflow/example_dags/subdags/subdag.py
[2026-05-04T01:14:48.490+0300] {processor.py:914} INFO - Processing file /home/nikita/airflow-setup/ENV/lib/python3.12/site-packages/airflow/example_dags/subdags/subdag.py for tasks to queue
[2026-05-04T01:14:48.491+0300] {logging_mixin.py:190} INFO - [2026-05-04T01:14:48.490+0300] {dagbag.py:588} INFO - Filling up the DagBag from /home/nikita/airflow-setup/ENV/lib/python3.12/site-packages/airflow/example_dags/subdags/subdag.py
[2026-05-04T01:14:48.492+0300] {processor.py:927} WARNING - No viable dags retrieved from /home/nikita/airflow-setup/ENV/lib/python3.12/site-packages/airflow/example_dags/subdags/subdag.py
[2026-05-04T01:14:48.499+0300] {processor.py:208} INFO - Processing /home/nikita/airflow-setup/ENV/lib/python3.12/site-packages/airflow/example_dags/subdags/subdag.py took 0.015 seconds
[2026-05-04T01:15:24.949+0300] {processor.py:186} INFO - Started process (PID=14496) to work on /home/nikita/airflow-setup/ENV/lib/python3.12/site-packages/airflow/example_dags/subdags/subdag.py
[2026-05-04T01:15:24.951+0300] {processor.py:914} INFO - Processing file /home/nikita/airflow-setup/ENV/lib/python3.12/site-packages/airflow/example_dags/subdags/subdag.py for tasks to queue
[2026-05-04T01:15:24.951+0300] {logging_mixin.py:190} INFO - [2026-05-04T01:15:24.951+0300] {dagbag.py:588} INFO - Filling up the DagBag from /home/nikita/airflow-setup/ENV/lib/python3.12/site-packages/airflow/example_dags/subdags/subdag.py
[2026-05-04T01:15:24.953+0300] {processor.py:927} WARNING - No viable dags retrieved from /home/nikita/airflow-setup/ENV/lib/python3.12/site-packages/airflow/example_dags/subdags/subdag.py
[2026-05-04T01:15:24.961+0300] {processor.py:208} INFO - Processing /home/nikita/airflow-setup/ENV/lib/python3.12/site-packages/airflow/example_dags/subdags/subdag.py took 0.017 seconds
[2026-05-04T01:16:31.413+0300] {processor.py:186} INFO - Started process (PID=15709) to work on /home/nikita/airflow-setup/ENV/lib/python3.12/site-packages/airflow/example_dags/subdags/subdag.py
[2026-05-04T01:16:31.422+0300] {processor.py:914} INFO - Processing file /home/nikita/airflow-setup/ENV/lib/python3.12/site-packages/airflow/example_dags/subdags/subdag.py for tasks to queue
[2026-05-04T01:16:31.423+0300] {logging_mixin.py:190} INFO - [2026-05-04T01:16:31.423+0300] {dagbag.py:588} INFO - Filling up the DagBag from /home/nikita/airflow-setup/ENV/lib/python3.12/site-packages/airflow/example_dags/subdags/subdag.py
[2026-05-04T01:16:31.425+0300] {processor.py:927} WARNING - No viable dags retrieved from /home/nikita/airflow-setup/ENV/lib/python3.12/site-packages/airflow/example_dags/subdags/subdag.py
[2026-05-04T01:16:31.433+0300] {processor.py:208} INFO - Processing /home/nikita/airflow-setup/ENV/lib/python3.12/site-packages/airflow/example_dags/subdags/subdag.py took 0.024 seconds
[2026-05-04T01:17:06.237+0300] {processor.py:186} INFO - Started process (PID=15844) to work on /home/nikita/airflow-setup/ENV/lib/python3.12/site-packages/airflow/example_dags/subdags/subdag.py
[2026-05-04T01:17:06.238+0300] {processor.py:914} INFO - Processing file /home/nikita/airflow-setup/ENV/lib/python3.12/site-packages/airflow/example_dags/subdags/subdag.py for tasks to queue
[2026-05-04T01:17:06.240+0300] {logging_mixin.py:190} INFO - [2026-05-04T01:17:06.239+0300] {dagbag.py:588} INFO - Filling up the DagBag from /home/nikita/airflow-setup/ENV/lib/python3.12/site-packages/airflow/example_dags/subdags/subdag.py
[2026-05-04T01:17:06.243+0300] {processor.py:927} WARNING - No viable dags retrieved from /home/nikita/airflow-setup/ENV/lib/python3.12/site-packages/airflow/example_dags/subdags/subdag.py
[2026-05-04T01:17:06.260+0300] {processor.py:208} INFO - Processing /home/nikita/airflow-setup/ENV/lib/python3.12/site-packages/airflow/example_dags/subdags/subdag.py took 0.031 seconds
[2026-05-04T01:18:15.474+0300] {processor.py:186} INFO - Started process (PID=16101) to work on /home/nikita/airflow-setup/ENV/lib/python3.12/site-packages/airflow/example_dags/subdags/subdag.py
[2026-05-04T01:18:15.475+0300] {processor.py:914} INFO - Processing file /home/nikita/airflow-setup/ENV/lib/python3.12/site-packages/airflow/example_dags/subdags/subdag.py for tasks to queue
[2026-05-04T01:18:15.476+0300] {logging_mixin.py:190} INFO - [2026-05-04T01:18:15.476+0300] {dagbag.py:588} INFO - Filling up the DagBag from /home/nikita/airflow-setup/ENV/lib/python3.12/site-packages/airflow/example_dags/subdags/subdag.py
[2026-05-04T01:18:15.478+0300] {processor.py:927} WARNING - No viable dags retrieved from /home/nikita/airflow-setup/ENV/lib/python3.12/site-packages/airflow/example_dags/subdags/subdag.py
[2026-05-04T01:18:15.487+0300] {processor.py:208} INFO - Processing /home/nikita/airflow-setup/ENV/lib/python3.12/site-packages/airflow/example_dags/subdags/subdag.py took 0.018 seconds
[2026-05-04T01:18:49.458+0300] {processor.py:186} INFO - Started process (PID=16228) to work on /home/nikita/airflow-setup/ENV/lib/python3.12/site-packages/airflow/example_dags/subdags/subdag.py
[2026-05-04T01:18:49.460+0300] {processor.py:914} INFO - Processing file /home/nikita/airflow-setup/ENV/lib/python3.12/site-packages/airflow/example_dags/subdags/subdag.py for tasks to queue
[2026-05-04T01:18:49.461+0300] {logging_mixin.py:190} INFO - [2026-05-04T01:18:49.461+0300] {dagbag.py:588} INFO - Filling up the DagBag from /home/nikita/airflow-setup/ENV/lib/python3.12/site-packages/airflow/example_dags/subdags/subdag.py
[2026-05-04T01:18:49.463+0300] {processor.py:927} WARNING - No viable dags retrieved from /home/nikita/airflow-setup/ENV/lib/python3.12/site-packages/airflow/example_dags/subdags/subdag.py
[2026-05-04T01:18:49.471+0300] {processor.py:208} INFO - Processing /home/nikita/airflow-setup/ENV/lib/python3.12/site-packages/airflow/example_dags/subdags/subdag.py took 0.018 seconds
[2026-05-04T01:19:51.197+0300] {processor.py:186} INFO - Started process (PID=16471) to work on /home/nikita/airflow-setup/ENV/lib/python3.12/site-packages/airflow/example_dags/subdags/subdag.py
[2026-05-04T01:19:51.198+0300] {processor.py:914} INFO - Processing file /home/nikita/airflow-setup/ENV/lib/python3.12/site-packages/airflow/example_dags/subdags/subdag.py for tasks to queue
[2026-05-04T01:19:51.199+0300] {logging_mixin.py:190} INFO - [2026-05-04T01:19:51.199+0300] {dagbag.py:588} INFO - Filling up the DagBag from /home/nikita/airflow-setup/ENV/lib/python3.12/site-packages/airflow/example_dags/subdags/subdag.py
[2026-05-04T01:19:51.201+0300] {processor.py:927} WARNING - No viable dags retrieved from /home/nikita/airflow-setup/ENV/lib/python3.12/site-packages/airflow/example_dags/subdags/subdag.py
[2026-05-04T01:19:51.209+0300] {processor.py:208} INFO - Processing /home/nikita/airflow-setup/ENV/lib/python3.12/site-packages/airflow/example_dags/subdags/subdag.py took 0.017 seconds
[2026-05-04T01:20:26.233+0300] {processor.py:186} INFO - Started process (PID=16611) to work on /home/nikita/airflow-setup/ENV/lib/python3.12/site-packages/airflow/example_dags/subdags/subdag.py
[2026-05-04T01:20:26.234+0300] {processor.py:914} INFO - Processing file /home/nikita/airflow-setup/ENV/lib/python3.12/site-packages/airflow/example_dags/subdags/subdag.py for tasks to queue
[2026-05-04T01:20:26.235+0300] {logging_mixin.py:190} INFO - [2026-05-04T01:20:26.235+0300] {dagbag.py:588} INFO - Filling up the DagBag from /home/nikita/airflow-setup/ENV/lib/python3.12/site-packages/airflow/example_dags/subdags/subdag.py
[2026-05-04T01:20:26.237+0300] {processor.py:927} WARNING - No viable dags retrieved from /home/nikita/airflow-setup/ENV/lib/python3.12/site-packages/airflow/example_dags/subdags/subdag.py
[2026-05-04T01:20:26.244+0300] {processor.py:208} INFO - Processing /home/nikita/airflow-setup/ENV/lib/python3.12/site-packages/airflow/example_dags/subdags/subdag.py took 0.015 seconds
[2026-05-04T01:21:32.790+0300] {processor.py:186} INFO - Started process (PID=16869) to work on /home/nikita/airflow-setup/ENV/lib/python3.12/site-packages/airflow/example_dags/subdags/subdag.py
[2026-05-04T01:21:32.791+0300] {processor.py:914} INFO - Processing file /home/nikita/airflow-setup/ENV/lib/python3.12/site-packages/airflow/example_dags/subdags/subdag.py for tasks to queue
[2026-05-04T01:21:32.793+0300] {logging_mixin.py:190} INFO - [2026-05-04T01:21:32.792+0300] {dagbag.py:588} INFO - Filling up the DagBag from /home/nikita/airflow-setup/ENV/lib/python3.12/site-packages/airflow/example_dags/subdags/subdag.py
[2026-05-04T01:21:32.795+0300] {processor.py:927} WARNING - No viable dags retrieved from /home/nikita/airflow-setup/ENV/lib/python3.12/site-packages/airflow/example_dags/subdags/subdag.py
[2026-05-04T01:21:32.803+0300] {processor.py:208} INFO - Processing /home/nikita/airflow-setup/ENV/lib/python3.12/site-packages/airflow/example_dags/subdags/subdag.py took 0.018 seconds
[2026-05-04T01:22:08.226+0300] {processor.py:186} INFO - Started process (PID=16998) to work on /home/nikita/airflow-setup/ENV/lib/python3.12/site-packages/airflow/example_dags/subdags/subdag.py
[2026-05-04T01:22:08.228+0300] {processor.py:914} INFO - Processing file /home/nikita/airflow-setup/ENV/lib/python3.12/site-packages/airflow/example_dags/subdags/subdag.py for tasks to queue
[2026-05-04T01:22:08.229+0300] {logging_mixin.py:190} INFO - [2026-05-04T01:22:08.229+0300] {dagbag.py:588} INFO - Filling up the DagBag from /home/nikita/airflow-setup/ENV/lib/python3.12/site-packages/airflow/example_dags/subdags/subdag.py
[2026-05-04T01:22:08.231+0300] {processor.py:927} WARNING - No viable dags retrieved from /home/nikita/airflow-setup/ENV/lib/python3.12/site-packages/airflow/example_dags/subdags/subdag.py
[2026-05-04T01:22:08.238+0300] {processor.py:208} INFO - Processing /home/nikita/airflow-setup/ENV/lib/python3.12/site-packages/airflow/example_dags/subdags/subdag.py took 0.016 seconds
[2026-05-04T01:22:44.856+0300] {processor.py:186} INFO - Started process (PID=17141) to work on /home/nikita/airflow-setup/ENV/lib/python3.12/site-packages/airflow/example_dags/subdags/subdag.py
[2026-05-04T01:22:44.865+0300] {processor.py:914} INFO - Processing file /home/nikita/airflow-setup/ENV/lib/python3.12/site-packages/airflow/example_dags/subdags/subdag.py for tasks to queue
[2026-05-04T01:22:44.866+0300] {logging_mixin.py:190} INFO - [2026-05-04T01:22:44.866+0300] {dagbag.py:588} INFO - Filling up the DagBag from /home/nikita/airflow-setup/ENV/lib/python3.12/site-packages/airflow/example_dags/subdags/subdag.py
[2026-05-04T01:22:44.868+0300] {processor.py:927} WARNING - No viable dags retrieved from /home/nikita/airflow-setup/ENV/lib/python3.12/site-packages/airflow/example_dags/subdags/subdag.py
[2026-05-04T01:22:44.875+0300] {processor.py:208} INFO - Processing /home/nikita/airflow-setup/ENV/lib/python3.12/site-packages/airflow/example_dags/subdags/subdag.py took 0.022 seconds
[2026-05-04T01:23:20.175+0300] {processor.py:186} INFO - Started process (PID=17271) to work on /home/nikita/airflow-setup/ENV/lib/python3.12/site-packages/airflow/example_dags/subdags/subdag.py
[2026-05-04T01:23:20.177+0300] {processor.py:914} INFO - Processing file /home/nikita/airflow-setup/ENV/lib/python3.12/site-packages/airflow/example_dags/subdags/subdag.py for tasks to queue
[2026-05-04T01:23:20.178+0300] {logging_mixin.py:190} INFO - [2026-05-04T01:23:20.178+0300] {dagbag.py:588} INFO - Filling up the DagBag from /home/nikita/airflow-setup/ENV/lib/python3.12/site-packages/airflow/example_dags/subdags/subdag.py
[2026-05-04T01:23:20.180+0300] {processor.py:927} WARNING - No viable dags retrieved from /home/nikita/airflow-setup/ENV/lib/python3.12/site-packages/airflow/example_dags/subdags/subdag.py
[2026-05-04T01:23:20.189+0300] {processor.py:208} INFO - Processing /home/nikita/airflow-setup/ENV/lib/python3.12/site-packages/airflow/example_dags/subdags/subdag.py took 0.018 seconds
[2026-05-04T01:24:25.612+0300] {processor.py:186} INFO - Started process (PID=17836) to work on /home/nikita/airflow-setup/ENV/lib/python3.12/site-packages/airflow/example_dags/subdags/subdag.py
[2026-05-04T01:24:25.621+0300] {processor.py:914} INFO - Processing file /home/nikita/airflow-setup/ENV/lib/python3.12/site-packages/airflow/example_dags/subdags/subdag.py for tasks to queue
[2026-05-04T01:24:25.623+0300] {logging_mixin.py:190} INFO - [2026-05-04T01:24:25.623+0300] {dagbag.py:588} INFO - Filling up the DagBag from /home/nikita/airflow-setup/ENV/lib/python3.12/site-packages/airflow/example_dags/subdags/subdag.py
[2026-05-04T01:24:25.625+0300] {processor.py:927} WARNING - No viable dags retrieved from /home/nikita/airflow-setup/ENV/lib/python3.12/site-packages/airflow/example_dags/subdags/subdag.py
[2026-05-04T01:24:25.633+0300] {processor.py:208} INFO - Processing /home/nikita/airflow-setup/ENV/lib/python3.12/site-packages/airflow/example_dags/subdags/subdag.py took 0.025 seconds
[2026-05-04T01:25:01.561+0300] {processor.py:186} INFO - Started process (PID=17964) to work on /home/nikita/airflow-setup/ENV/lib/python3.12/site-packages/airflow/example_dags/subdags/subdag.py
[2026-05-04T01:25:01.563+0300] {processor.py:914} INFO - Processing file /home/nikita/airflow-setup/ENV/lib/python3.12/site-packages/airflow/example_dags/subdags/subdag.py for tasks to queue
[2026-05-04T01:25:01.564+0300] {logging_mixin.py:190} INFO - [2026-05-04T01:25:01.563+0300] {dagbag.py:588} INFO - Filling up the DagBag from /home/nikita/airflow-setup/ENV/lib/python3.12/site-packages/airflow/example_dags/subdags/subdag.py
[2026-05-04T01:25:01.566+0300] {processor.py:927} WARNING - No viable dags retrieved from /home/nikita/airflow-setup/ENV/lib/python3.12/site-packages/airflow/example_dags/subdags/subdag.py
[2026-05-04T01:25:01.574+0300] {processor.py:208} INFO - Processing /home/nikita/airflow-setup/ENV/lib/python3.12/site-packages/airflow/example_dags/subdags/subdag.py took 0.020 seconds
[2026-05-04T01:25:37.140+0300] {processor.py:186} INFO - Started process (PID=18451) to work on /home/nikita/airflow-setup/ENV/lib/python3.12/site-packages/airflow/example_dags/subdags/subdag.py
[2026-05-04T01:25:37.141+0300] {processor.py:914} INFO - Processing file /home/nikita/airflow-setup/ENV/lib/python3.12/site-packages/airflow/example_dags/subdags/subdag.py for tasks to queue
[2026-05-04T01:25:37.142+0300] {logging_mixin.py:190} INFO - [2026-05-04T01:25:37.142+0300] {dagbag.py:588} INFO - Filling up the DagBag from /home/nikita/airflow-setup/ENV/lib/python3.12/site-packages/airflow/example_dags/subdags/subdag.py
[2026-05-04T01:25:37.145+0300] {processor.py:927} WARNING - No viable dags retrieved from /home/nikita/airflow-setup/ENV/lib/python3.12/site-packages/airflow/example_dags/subdags/subdag.py
[2026-05-04T01:25:37.153+0300] {processor.py:208} INFO - Processing /home/nikita/airflow-setup/ENV/lib/python3.12/site-packages/airflow/example_dags/subdags/subdag.py took 0.018 seconds
[2026-05-04T01:26:47.426+0300] {processor.py:186} INFO - Started process (PID=19391) to work on /home/nikita/airflow-setup/ENV/lib/python3.12/site-packages/airflow/example_dags/subdags/subdag.py
[2026-05-04T01:26:47.435+0300] {processor.py:914} INFO - Processing file /home/nikita/airflow-setup/ENV/lib/python3.12/site-packages/airflow/example_dags/subdags/subdag.py for tasks to queue
[2026-05-04T01:26:47.436+0300] {logging_mixin.py:190} INFO - [2026-05-04T01:26:47.436+0300] {dagbag.py:588} INFO - Filling up the DagBag from /home/nikita/airflow-setup/ENV/lib/python3.12/site-packages/airflow/example_dags/subdags/subdag.py
[2026-05-04T01:26:47.439+0300] {processor.py:927} WARNING - No viable dags retrieved from /home/nikita/airflow-setup/ENV/lib/python3.12/site-packages/airflow/example_dags/subdags/subdag.py
[2026-05-04T01:26:47.448+0300] {processor.py:208} INFO - Processing /home/nikita/airflow-setup/ENV/lib/python3.12/site-packages/airflow/example_dags/subdags/subdag.py took 0.028 seconds
[2026-05-04T01:27:20.350+0300] {processor.py:186} INFO - Started process (PID=19523) to work on /home/nikita/airflow-setup/ENV/lib/python3.12/site-packages/airflow/example_dags/subdags/subdag.py
[2026-05-04T01:27:20.351+0300] {processor.py:914} INFO - Processing file /home/nikita/airflow-setup/ENV/lib/python3.12/site-packages/airflow/example_dags/subdags/subdag.py for tasks to queue
[2026-05-04T01:27:20.352+0300] {logging_mixin.py:190} INFO - [2026-05-04T01:27:20.352+0300] {dagbag.py:588} INFO - Filling up the DagBag from /home/nikita/airflow-setup/ENV/lib/python3.12/site-packages/airflow/example_dags/subdags/subdag.py
[2026-05-04T01:27:20.355+0300] {processor.py:927} WARNING - No viable dags retrieved from /home/nikita/airflow-setup/ENV/lib/python3.12/site-packages/airflow/example_dags/subdags/subdag.py
[2026-05-04T01:27:20.368+0300] {processor.py:208} INFO - Processing /home/nikita/airflow-setup/ENV/lib/python3.12/site-packages/airflow/example_dags/subdags/subdag.py took 0.024 seconds
[2026-05-04T01:27:57.350+0300] {processor.py:186} INFO - Started process (PID=19657) to work on /home/nikita/airflow-setup/ENV/lib/python3.12/site-packages/airflow/example_dags/subdags/subdag.py
[2026-05-04T01:27:57.359+0300] {processor.py:914} INFO - Processing file /home/nikita/airflow-setup/ENV/lib/python3.12/site-packages/airflow/example_dags/subdags/subdag.py for tasks to queue
[2026-05-04T01:27:57.360+0300] {logging_mixin.py:190} INFO - [2026-05-04T01:27:57.360+0300] {dagbag.py:588} INFO - Filling up the DagBag from /home/nikita/airflow-setup/ENV/lib/python3.12/site-packages/airflow/example_dags/subdags/subdag.py
[2026-05-04T01:27:57.363+0300] {processor.py:927} WARNING - No viable dags retrieved from /home/nikita/airflow-setup/ENV/lib/python3.12/site-packages/airflow/example_dags/subdags/subdag.py
[2026-05-04T01:27:57.375+0300] {processor.py:208} INFO - Processing /home/nikita/airflow-setup/ENV/lib/python3.12/site-packages/airflow/example_dags/subdags/subdag.py took 0.031 seconds
[2026-05-04T01:28:33.803+0300] {processor.py:186} INFO - Started process (PID=19796) to work on /home/nikita/airflow-setup/ENV/lib/python3.12/site-packages/airflow/example_dags/subdags/subdag.py
[2026-05-04T01:28:33.804+0300] {processor.py:914} INFO - Processing file /home/nikita/airflow-setup/ENV/lib/python3.12/site-packages/airflow/example_dags/subdags/subdag.py for tasks to queue
[2026-05-04T01:28:33.805+0300] {logging_mixin.py:190} INFO - [2026-05-04T01:28:33.804+0300] {dagbag.py:588} INFO - Filling up the DagBag from /home/nikita/airflow-setup/ENV/lib/python3.12/site-packages/airflow/example_dags/subdags/subdag.py
[2026-05-04T01:28:33.807+0300] {processor.py:927} WARNING - No viable dags retrieved from /home/nikita/airflow-setup/ENV/lib/python3.12/site-packages/airflow/example_dags/subdags/subdag.py
[2026-05-04T01:28:33.815+0300] {processor.py:208} INFO - Processing /home/nikita/airflow-setup/ENV/lib/python3.12/site-packages/airflow/example_dags/subdags/subdag.py took 0.017 seconds
[2026-05-04T01:29:08.131+0300] {processor.py:186} INFO - Started process (PID=19933) to work on /home/nikita/airflow-setup/ENV/lib/python3.12/site-packages/airflow/example_dags/subdags/subdag.py
[2026-05-04T01:29:08.139+0300] {processor.py:914} INFO - Processing file /home/nikita/airflow-setup/ENV/lib/python3.12/site-packages/airflow/example_dags/subdags/subdag.py for tasks to queue
[2026-05-04T01:29:08.140+0300] {logging_mixin.py:190} INFO - [2026-05-04T01:29:08.140+0300] {dagbag.py:588} INFO - Filling up the DagBag from /home/nikita/airflow-setup/ENV/lib/python3.12/site-packages/airflow/example_dags/subdags/subdag.py
[2026-05-04T01:29:08.142+0300] {processor.py:927} WARNING - No viable dags retrieved from /home/nikita/airflow-setup/ENV/lib/python3.12/site-packages/airflow/example_dags/subdags/subdag.py
[2026-05-04T01:29:08.150+0300] {processor.py:208} INFO - Processing /home/nikita/airflow-setup/ENV/lib/python3.12/site-packages/airflow/example_dags/subdags/subdag.py took 0.023 seconds
[2026-05-04T01:30:19.710+0300] {processor.py:186} INFO - Started process (PID=20196) to work on /home/nikita/airflow-setup/ENV/lib/python3.12/site-packages/airflow/example_dags/subdags/subdag.py
[2026-05-04T01:30:19.718+0300] {processor.py:914} INFO - Processing file /home/nikita/airflow-setup/ENV/lib/python3.12/site-packages/airflow/example_dags/subdags/subdag.py for tasks to queue
[2026-05-04T01:30:19.719+0300] {logging_mixin.py:190} INFO - [2026-05-04T01:30:19.719+0300] {dagbag.py:588} INFO - Filling up the DagBag from /home/nikita/airflow-setup/ENV/lib/python3.12/site-packages/airflow/example_dags/subdags/subdag.py
[2026-05-04T01:30:19.721+0300] {processor.py:927} WARNING - No viable dags retrieved from /home/nikita/airflow-setup/ENV/lib/python3.12/site-packages/airflow/example_dags/subdags/subdag.py
[2026-05-04T01:30:19.729+0300] {processor.py:208} INFO - Processing /home/nikita/airflow-setup/ENV/lib/python3.12/site-packages/airflow/example_dags/subdags/subdag.py took 0.024 seconds
[2026-05-04T01:30:55.868+0300] {processor.py:186} INFO - Started process (PID=20333) to work on /home/nikita/airflow-setup/ENV/lib/python3.12/site-packages/airflow/example_dags/subdags/subdag.py
[2026-05-04T01:30:55.871+0300] {processor.py:914} INFO - Processing file /home/nikita/airflow-setup/ENV/lib/python3.12/site-packages/airflow/example_dags/subdags/subdag.py for tasks to queue
[2026-05-04T01:30:55.872+0300] {logging_mixin.py:190} INFO - [2026-05-04T01:30:55.872+0300] {dagbag.py:588} INFO - Filling up the DagBag from /home/nikita/airflow-setup/ENV/lib/python3.12/site-packages/airflow/example_dags/subdags/subdag.py
[2026-05-04T01:30:55.874+0300] {processor.py:927} WARNING - No viable dags retrieved from /home/nikita/airflow-setup/ENV/lib/python3.12/site-packages/airflow/example_dags/subdags/subdag.py
[2026-05-04T01:30:55.882+0300] {processor.py:208} INFO - Processing /home/nikita/airflow-setup/ENV/lib/python3.12/site-packages/airflow/example_dags/subdags/subdag.py took 0.020 seconds
[2026-05-04T01:31:35.144+0300] {processor.py:186} INFO - Started process (PID=20473) to work on /home/nikita/airflow-setup/ENV/lib/python3.12/site-packages/airflow/example_dags/subdags/subdag.py
[2026-05-04T01:31:35.146+0300] {processor.py:914} INFO - Processing file /home/nikita/airflow-setup/ENV/lib/python3.12/site-packages/airflow/example_dags/subdags/subdag.py for tasks to queue
[2026-05-04T01:31:35.147+0300] {logging_mixin.py:190} INFO - [2026-05-04T01:31:35.147+0300] {dagbag.py:588} INFO - Filling up the DagBag from /home/nikita/airflow-setup/ENV/lib/python3.12/site-packages/airflow/example_dags/subdags/subdag.py
[2026-05-04T01:31:35.149+0300] {processor.py:927} WARNING - No viable dags retrieved from /home/nikita/airflow-setup/ENV/lib/python3.12/site-packages/airflow/example_dags/subdags/subdag.py
[2026-05-04T01:31:35.157+0300] {processor.py:208} INFO - Processing /home/nikita/airflow-setup/ENV/lib/python3.12/site-packages/airflow/example_dags/subdags/subdag.py took 0.016 seconds
[2026-05-04T01:32:17.361+0300] {processor.py:186} INFO - Started process (PID=20632) to work on /home/nikita/airflow-setup/ENV/lib/python3.12/site-packages/airflow/example_dags/subdags/subdag.py
[2026-05-04T01:32:17.363+0300] {processor.py:914} INFO - Processing file /home/nikita/airflow-setup/ENV/lib/python3.12/site-packages/airflow/example_dags/subdags/subdag.py for tasks to queue
[2026-05-04T01:32:17.364+0300] {logging_mixin.py:190} INFO - [2026-05-04T01:32:17.364+0300] {dagbag.py:588} INFO - Filling up the DagBag from /home/nikita/airflow-setup/ENV/lib/python3.12/site-packages/airflow/example_dags/subdags/subdag.py
[2026-05-04T01:32:17.366+0300] {processor.py:927} WARNING - No viable dags retrieved from /home/nikita/airflow-setup/ENV/lib/python3.12/site-packages/airflow/example_dags/subdags/subdag.py
[2026-05-04T01:32:17.374+0300] {processor.py:208} INFO - Processing /home/nikita/airflow-setup/ENV/lib/python3.12/site-packages/airflow/example_dags/subdags/subdag.py took 0.017 seconds
[2026-05-04T01:32:54.667+0300] {processor.py:186} INFO - Started process (PID=20912) to work on /home/nikita/airflow-setup/ENV/lib/python3.12/site-packages/airflow/example_dags/subdags/subdag.py
[2026-05-04T01:32:54.669+0300] {processor.py:914} INFO - Processing file /home/nikita/airflow-setup/ENV/lib/python3.12/site-packages/airflow/example_dags/subdags/subdag.py for tasks to queue
[2026-05-04T01:32:54.670+0300] {logging_mixin.py:190} INFO - [2026-05-04T01:32:54.669+0300] {dagbag.py:588} INFO - Filling up the DagBag from /home/nikita/airflow-setup/ENV/lib/python3.12/site-packages/airflow/example_dags/subdags/subdag.py
[2026-05-04T01:32:54.671+0300] {processor.py:927} WARNING - No viable dags retrieved from /home/nikita/airflow-setup/ENV/lib/python3.12/site-packages/airflow/example_dags/subdags/subdag.py
[2026-05-04T01:32:54.679+0300] {processor.py:208} INFO - Processing /home/nikita/airflow-setup/ENV/lib/python3.12/site-packages/airflow/example_dags/subdags/subdag.py took 0.017 seconds
[2026-05-04T01:33:57.710+0300] {processor.py:186} INFO - Started process (PID=21286) to work on /home/nikita/airflow-setup/ENV/lib/python3.12/site-packages/airflow/example_dags/subdags/subdag.py
[2026-05-04T01:33:57.718+0300] {processor.py:914} INFO - Processing file /home/nikita/airflow-setup/ENV/lib/python3.12/site-packages/airflow/example_dags/subdags/subdag.py for tasks to queue
[2026-05-04T01:33:57.720+0300] {logging_mixin.py:190} INFO - [2026-05-04T01:33:57.720+0300] {dagbag.py:588} INFO - Filling up the DagBag from /home/nikita/airflow-setup/ENV/lib/python3.12/site-packages/airflow/example_dags/subdags/subdag.py
[2026-05-04T01:33:57.722+0300] {processor.py:927} WARNING - No viable dags retrieved from /home/nikita/airflow-setup/ENV/lib/python3.12/site-packages/airflow/example_dags/subdags/subdag.py
[2026-05-04T01:33:57.730+0300] {processor.py:208} INFO - Processing /home/nikita/airflow-setup/ENV/lib/python3.12/site-packages/airflow/example_dags/subdags/subdag.py took 0.024 seconds
[2026-05-04T01:35:02.198+0300] {processor.py:186} INFO - Started process (PID=21531) to work on /home/nikita/airflow-setup/ENV/lib/python3.12/site-packages/airflow/example_dags/subdags/subdag.py
[2026-05-04T01:35:02.208+0300] {processor.py:914} INFO - Processing file /home/nikita/airflow-setup/ENV/lib/python3.12/site-packages/airflow/example_dags/subdags/subdag.py for tasks to queue
[2026-05-04T01:35:02.209+0300] {logging_mixin.py:190} INFO - [2026-05-04T01:35:02.208+0300] {dagbag.py:588} INFO - Filling up the DagBag from /home/nikita/airflow-setup/ENV/lib/python3.12/site-packages/airflow/example_dags/subdags/subdag.py
[2026-05-04T01:35:02.210+0300] {processor.py:927} WARNING - No viable dags retrieved from /home/nikita/airflow-setup/ENV/lib/python3.12/site-packages/airflow/example_dags/subdags/subdag.py
[2026-05-04T01:35:02.217+0300] {processor.py:208} INFO - Processing /home/nikita/airflow-setup/ENV/lib/python3.12/site-packages/airflow/example_dags/subdags/subdag.py took 0.024 seconds
[2026-05-04T01:36:03.672+0300] {processor.py:186} INFO - Started process (PID=21775) to work on /home/nikita/airflow-setup/ENV/lib/python3.12/site-packages/airflow/example_dags/subdags/subdag.py
[2026-05-04T01:36:03.681+0300] {processor.py:914} INFO - Processing file /home/nikita/airflow-setup/ENV/lib/python3.12/site-packages/airflow/example_dags/subdags/subdag.py for tasks to queue
[2026-05-04T01:36:03.682+0300] {logging_mixin.py:190} INFO - [2026-05-04T01:36:03.682+0300] {dagbag.py:588} INFO - Filling up the DagBag from /home/nikita/airflow-setup/ENV/lib/python3.12/site-packages/airflow/example_dags/subdags/subdag.py
[2026-05-04T01:36:03.684+0300] {processor.py:927} WARNING - No viable dags retrieved from /home/nikita/airflow-setup/ENV/lib/python3.12/site-packages/airflow/example_dags/subdags/subdag.py
[2026-05-04T01:36:03.692+0300] {processor.py:208} INFO - Processing /home/nikita/airflow-setup/ENV/lib/python3.12/site-packages/airflow/example_dags/subdags/subdag.py took 0.024 seconds
